-- Found ament_cmake: 1.3.7 (/opt/ros/humble/share/ament_cmake/cmake)
-- Override CMake install command with custom implementation using symlinks instead of copying resources
-- Configuring done
-- Generating done
-- Build files have been written to: /home/jlukas/Desktop/My_Project/ROS2/techdiffbot/build/visualization_tutorials
-- Install configuration: ""
-- Execute custom install script
-- Up-to-date symlink: /home/jlukas/Desktop/My_Project/ROS2/techdiffbot/install/visualization_tutorials/share/ament_index/resource_index/package_run_dependencies/visualization_tutorials
-- Up-to-date symlink: /home/jlukas/Desktop/My_Project/ROS2/techdiffbot/install/visualization_tutorials/share/ament_index/resource_index/parent_prefix_path/visualization_tutorials
-- Up-to-date symlink: /home/jlukas/Desktop/My_Project/ROS2/techdiffbot/install/visualization_tutorials/share/visualization_tutorials/environment/ament_prefix_path.sh
-- Up-to-date symlink: /home/jlukas/Desktop/My_Project/ROS2/techdiffbot/install/visualization_tutorials/share/visualization_tutorials/environment/ament_prefix_path.dsv
-- Up-to-date symlink: /home/jlukas/Desktop/My_Project/ROS2/techdiffbot/install/visualization_tutorials/share/visualization_tutorials/environment/path.sh
-- Up-to-date symlink: /home/jlukas/Desktop/My_Project/ROS2/techdiffbot/install/visualization_tutorials/share/visualization_tutorials/environment/path.dsv
-- Up-to-date symlink: /home/jlukas/Desktop/My_Project/ROS2/techdiffbot/install/visualization_tutorials/share/visualization_tutorials/local_setup.bash
-- Up-to-date symlink: /home/jlukas/Desktop/My_Project/ROS2/techdiffbot/install/visualization_tutorials/share/visualization_tutorials/local_setup.sh
-- Up-to-date symlink: /home/jlukas/Desktop/My_Project/ROS2/techdiffbot/install/visualization_tutorials/share/visualization_tutorials/local_setup.zsh
-- Up-to-date symlink: /home/jlukas/Desktop/My_Project/ROS2/techdiffbot/install/visualization_tutorials/share/visualization_tutorials/local_setup.dsv
-- Symlinking: /home/jlukas/Desktop/My_Project/ROS2/techdiffbot/install/visualization_tutorials/share/visualization_tutorials/package.dsv
-- Up-to-date symlink: /home/jlukas/Desktop/My_Project/ROS2/techdiffbot/install/visualization_tutorials/share/ament_index/resource_index/packages/visualization_tutorials
-- Up-to-date symlink: /home/jlukas/Desktop/My_Project/ROS2/techdiffbot/install/visualization_tutorials/share/visualization_tutorials/cmake/visualization_tutorialsConfig.cmake
-- Up-to-date symlink: /home/jlukas/Desktop/My_Project/ROS2/techdiffbot/install/visualization_tutorials/share/visualization_tutorials/cmake/visualization_tutorialsConfig-version.cmake
-- Up-to-date symlink: /home/jlukas/Desktop/My_Project/ROS2/techdiffbot/install/visualization_tutorials/share/visualization_tutorials/package.xml
