[0.567s] Invoking command in '/home/jlukas/My_Project/ROS2/ros2_differential_drive_robot/build/ros2_differential_drive_robot': PYTHONPATH=/home/jlukas/My_Project/ROS2/ros2_differential_drive_robot/build/ros2_differential_drive_robot/prefix_override:/home/jlukas/My_Project/ROS2/ros2_differential_drive_robot/install/ros2_differential_drive_robot/lib/python3.10/site-packages:${PYTHONPATH} /usr/bin/python3 setup.py develop --editable --build-directory /home/jlukas/My_Project/ROS2/ros2_differential_drive_robot/build/ros2_differential_drive_robot/build --no-deps install_data
[0.773s] running develop
[0.773s] /usr/lib/python3/dist-packages/setuptools/command/easy_install.py:158: EasyInstallDeprecationWarning: easy_install command is deprecated. Use build and pip and other standards-based tools.
[0.773s]   warnings.warn(
[0.775s] /usr/lib/python3/dist-packages/setuptools/command/install.py:34: SetuptoolsDeprecationWarning: setup.py install is deprecated. Use build and pip and other standards-based tools.
[0.775s]   warnings.warn(
[0.879s] running egg_info
[0.879s] writing ros2_differential_drive_robot.egg-info/PKG-INFO
[0.880s] writing dependency_links to ros2_differential_drive_robot.egg-info/dependency_links.txt
[0.880s] writing entry points to ros2_differential_drive_robot.egg-info/entry_points.txt
[0.880s] writing requirements to ros2_differential_drive_robot.egg-info/requires.txt
[0.880s] writing top-level names to ros2_differential_drive_robot.egg-info/top_level.txt
[0.881s] reading manifest file 'ros2_differential_drive_robot.egg-info/SOURCES.txt'
[0.882s] writing manifest file 'ros2_differential_drive_robot.egg-info/SOURCES.txt'
[0.884s] running build_ext
[0.884s] Creating /home/jlukas/My_Project/ROS2/ros2_differential_drive_robot/install/ros2_differential_drive_robot/lib/python3.10/site-packages/ros2-differential-drive-robot.egg-link (link to .)
[0.885s] Installing lidar_dynamic_obstacle script to /home/jlukas/My_Project/ROS2/ros2_differential_drive_robot/install/ros2_differential_drive_robot/lib/ros2_differential_drive_robot
[0.885s] Installing lidar_obstacle script to /home/jlukas/My_Project/ROS2/ros2_differential_drive_robot/install/ros2_differential_drive_robot/lib/ros2_differential_drive_robot
[0.886s] Installing lidar_obstacle_steer script to /home/jlukas/My_Project/ROS2/ros2_differential_drive_robot/install/ros2_differential_drive_robot/lib/ros2_differential_drive_robot
[0.886s] 
[0.886s] Installed /home/jlukas/My_Project/ROS2/ros2_differential_drive_robot/build/ros2_differential_drive_robot
[0.886s] running install_data
[0.886s] copying description/camera.xacro -> /home/jlukas/My_Project/ROS2/ros2_differential_drive_robot/install/ros2_differential_drive_robot/share/ros2_differential_drive_robot/description
[0.915s] Invoked command in '/home/jlukas/My_Project/ROS2/ros2_differential_drive_robot/build/ros2_differential_drive_robot' returned '0': PYTHONPATH=/home/jlukas/My_Project/ROS2/ros2_differential_drive_robot/build/ros2_differential_drive_robot/prefix_override:/home/jlukas/My_Project/ROS2/ros2_differential_drive_robot/install/ros2_differential_drive_robot/lib/python3.10/site-packages:${PYTHONPATH} /usr/bin/python3 setup.py develop --editable --build-directory /home/jlukas/My_Project/ROS2/ros2_differential_drive_robot/build/ros2_differential_drive_robot/build --no-deps install_data
