[3.950s] DEBUG:colcon:Command line arguments: ['/usr/bin/colcon', 'list', '-p', '--base-paths', '/home/jlukas/My_Project/ROS2/ros2_rpi_lidar']
[3.950s] DEBUG:colcon:Parsed command line arguments: Namespace(log_base=None, log_level=None, verb_name='list', build_base='build', ignore_user_meta=False, metas=['./colcon.meta'], base_paths=['/home/jlukas/My_Project/ROS2/ros2_rpi_lidar'], packages_ignore=None, packages_ignore_regex=None, paths=None, packages_up_to=None, packages_up_to_regex=None, packages_above=None, packages_above_and_dependencies=None, packages_above_depth=None, packages_select_by_dep=None, packages_skip_by_dep=None, packages_skip_up_to=None, packages_select_build_failed=False, packages_skip_build_finished=False, packages_select_test_failures=False, packages_skip_test_passed=False, packages_select=None, packages_skip=None, packages_select_regex=None, packages_skip_regex=None, packages_start=None, packages_end=None, allow_overriding=[], topological_order=False, names_only=False, paths_only=True, topological_graph=False, topological_graph_dot=False, topological_graph_density=False, topological_graph_legend=False, topological_graph_dot_cluster=False, topological_graph_dot_include_skipped=False, verb_parser=<colcon_defaults.argument_parser.defaults.DefaultArgumentsDecorator object at 0x7f63ba8a97b0>, verb_extension=<colcon_package_information.verb.list.ListVerb object at 0x7f63ba8a8fd0>, main=<bound method ListVerb.main of <colcon_package_information.verb.list.ListVerb object at 0x7f63ba8a8fd0>>)
[4.086s] Level 1:colcon.colcon_core.package_discovery:discover_packages(colcon_meta) check parameters
[4.087s] Level 1:colcon.colcon_core.package_discovery:discover_packages(recursive) check parameters
[4.087s] Level 1:colcon.colcon_core.package_discovery:discover_packages(ignore) check parameters
[4.087s] Level 1:colcon.colcon_core.package_discovery:discover_packages(path) check parameters
[4.087s] Level 1:colcon.colcon_core.package_discovery:discover_packages(recursive) discover
[4.088s] INFO:colcon.colcon_core.package_discovery:Crawling recursively for packages in '/home/jlukas/My_Project/ROS2/ros2_rpi_lidar'
[4.089s] Level 1:colcon.colcon_core.package_identification:_identify(/home/jlukas/My_Project/ROS2/ros2_rpi_lidar) by extensions ['ignore', 'ignore_ament_install']
[4.090s] Level 1:colcon.colcon_core.package_identification:_identify(/home/jlukas/My_Project/ROS2/ros2_rpi_lidar) by extension 'ignore'
[4.090s] Level 1:colcon.colcon_core.package_identification:_identify(/home/jlukas/My_Project/ROS2/ros2_rpi_lidar) by extension 'ignore_ament_install'
[4.090s] Level 1:colcon.colcon_core.package_identification:_identify(/home/jlukas/My_Project/ROS2/ros2_rpi_lidar) by extensions ['colcon_pkg']
[4.090s] Level 1:colcon.colcon_core.package_identification:_identify(/home/jlukas/My_Project/ROS2/ros2_rpi_lidar) by extension 'colcon_pkg'
[4.090s] Level 1:colcon.colcon_core.package_identification:_identify(/home/jlukas/My_Project/ROS2/ros2_rpi_lidar) by extensions ['colcon_meta']
[4.090s] Level 1:colcon.colcon_core.package_identification:_identify(/home/jlukas/My_Project/ROS2/ros2_rpi_lidar) by extension 'colcon_meta'
[4.090s] Level 1:colcon.colcon_core.package_identification:_identify(/home/jlukas/My_Project/ROS2/ros2_rpi_lidar) by extensions ['ros']
[4.091s] Level 1:colcon.colcon_core.package_identification:_identify(/home/jlukas/My_Project/ROS2/ros2_rpi_lidar) by extension 'ros'
[4.123s] Level 1:colcon.colcon_core.package_identification:_identify(/home/jlukas/My_Project/ROS2/ros2_rpi_lidar) by extensions ['cmake', 'python']
[4.123s] Level 1:colcon.colcon_core.package_identification:_identify(/home/jlukas/My_Project/ROS2/ros2_rpi_lidar) by extension 'cmake'
[4.123s] Level 1:colcon.colcon_core.package_identification:_identify(/home/jlukas/My_Project/ROS2/ros2_rpi_lidar) by extension 'python'
[4.123s] Level 1:colcon.colcon_core.package_identification:_identify(/home/jlukas/My_Project/ROS2/ros2_rpi_lidar) by extensions ['python_setup_py']
[4.123s] Level 1:colcon.colcon_core.package_identification:_identify(/home/jlukas/My_Project/ROS2/ros2_rpi_lidar) by extension 'python_setup_py'
[4.123s] Level 1:colcon.colcon_core.package_identification:_identify(/home/jlukas/My_Project/ROS2/ros2_rpi_lidar/build) by extensions ['ignore', 'ignore_ament_install']
[4.124s] Level 1:colcon.colcon_core.package_identification:_identify(/home/jlukas/My_Project/ROS2/ros2_rpi_lidar/build) by extension 'ignore'
[4.124s] Level 1:colcon.colcon_core.package_identification:_identify(/home/jlukas/My_Project/ROS2/ros2_rpi_lidar/build) ignored
[4.125s] Level 1:colcon.colcon_core.package_identification:_identify(/home/jlukas/My_Project/ROS2/ros2_rpi_lidar/install) by extensions ['ignore', 'ignore_ament_install']
[4.125s] Level 1:colcon.colcon_core.package_identification:_identify(/home/jlukas/My_Project/ROS2/ros2_rpi_lidar/install) by extension 'ignore'
[4.126s] Level 1:colcon.colcon_core.package_identification:_identify(/home/jlukas/My_Project/ROS2/ros2_rpi_lidar/install) ignored
[4.126s] Level 1:colcon.colcon_core.package_identification:_identify(/home/jlukas/My_Project/ROS2/ros2_rpi_lidar/log) by extensions ['ignore', 'ignore_ament_install']
[4.127s] Level 1:colcon.colcon_core.package_identification:_identify(/home/jlukas/My_Project/ROS2/ros2_rpi_lidar/log) by extension 'ignore'
[4.127s] Level 1:colcon.colcon_core.package_identification:_identify(/home/jlukas/My_Project/ROS2/ros2_rpi_lidar/log) ignored
[4.127s] Level 1:colcon.colcon_core.package_identification:_identify(/home/jlukas/My_Project/ROS2/ros2_rpi_lidar/src) by extensions ['ignore', 'ignore_ament_install']
[4.128s] Level 1:colcon.colcon_core.package_identification:_identify(/home/jlukas/My_Project/ROS2/ros2_rpi_lidar/src) by extension 'ignore'
[4.128s] Level 1:colcon.colcon_core.package_identification:_identify(/home/jlukas/My_Project/ROS2/ros2_rpi_lidar/src) by extension 'ignore_ament_install'
[4.128s] Level 1:colcon.colcon_core.package_identification:_identify(/home/jlukas/My_Project/ROS2/ros2_rpi_lidar/src) by extensions ['colcon_pkg']
[4.128s] Level 1:colcon.colcon_core.package_identification:_identify(/home/jlukas/My_Project/ROS2/ros2_rpi_lidar/src) by extension 'colcon_pkg'
[4.128s] Level 1:colcon.colcon_core.package_identification:_identify(/home/jlukas/My_Project/ROS2/ros2_rpi_lidar/src) by extensions ['colcon_meta']
[4.128s] Level 1:colcon.colcon_core.package_identification:_identify(/home/jlukas/My_Project/ROS2/ros2_rpi_lidar/src) by extension 'colcon_meta'
[4.128s] Level 1:colcon.colcon_core.package_identification:_identify(/home/jlukas/My_Project/ROS2/ros2_rpi_lidar/src) by extensions ['ros']
[4.128s] Level 1:colcon.colcon_core.package_identification:_identify(/home/jlukas/My_Project/ROS2/ros2_rpi_lidar/src) by extension 'ros'
[4.128s] Level 1:colcon.colcon_core.package_identification:_identify(/home/jlukas/My_Project/ROS2/ros2_rpi_lidar/src) by extensions ['cmake', 'python']
[4.129s] Level 1:colcon.colcon_core.package_identification:_identify(/home/jlukas/My_Project/ROS2/ros2_rpi_lidar/src) by extension 'cmake'
[4.129s] Level 1:colcon.colcon_core.package_identification:_identify(/home/jlukas/My_Project/ROS2/ros2_rpi_lidar/src) by extension 'python'
[4.129s] Level 1:colcon.colcon_core.package_identification:_identify(/home/jlukas/My_Project/ROS2/ros2_rpi_lidar/src) by extensions ['python_setup_py']
[4.129s] Level 1:colcon.colcon_core.package_identification:_identify(/home/jlukas/My_Project/ROS2/ros2_rpi_lidar/src) by extension 'python_setup_py'
[4.130s] Level 1:colcon.colcon_core.package_identification:_identify(/home/jlukas/My_Project/ROS2/ros2_rpi_lidar/src/ros2_rpi_lidar) by extensions ['ignore', 'ignore_ament_install']
[4.130s] Level 1:colcon.colcon_core.package_identification:_identify(/home/jlukas/My_Project/ROS2/ros2_rpi_lidar/src/ros2_rpi_lidar) by extension 'ignore'
[4.130s] Level 1:colcon.colcon_core.package_identification:_identify(/home/jlukas/My_Project/ROS2/ros2_rpi_lidar/src/ros2_rpi_lidar) by extension 'ignore_ament_install'
[4.131s] Level 1:colcon.colcon_core.package_identification:_identify(/home/jlukas/My_Project/ROS2/ros2_rpi_lidar/src/ros2_rpi_lidar) by extensions ['colcon_pkg']
[4.131s] Level 1:colcon.colcon_core.package_identification:_identify(/home/jlukas/My_Project/ROS2/ros2_rpi_lidar/src/ros2_rpi_lidar) by extension 'colcon_pkg'
[4.131s] Level 1:colcon.colcon_core.package_identification:_identify(/home/jlukas/My_Project/ROS2/ros2_rpi_lidar/src/ros2_rpi_lidar) by extensions ['colcon_meta']
[4.131s] Level 1:colcon.colcon_core.package_identification:_identify(/home/jlukas/My_Project/ROS2/ros2_rpi_lidar/src/ros2_rpi_lidar) by extension 'colcon_meta'
[4.131s] Level 1:colcon.colcon_core.package_identification:_identify(/home/jlukas/My_Project/ROS2/ros2_rpi_lidar/src/ros2_rpi_lidar) by extensions ['ros']
[4.131s] Level 1:colcon.colcon_core.package_identification:_identify(/home/jlukas/My_Project/ROS2/ros2_rpi_lidar/src/ros2_rpi_lidar) by extension 'ros'
[4.135s] DEBUG:colcon.colcon_core.package_identification:Package '/home/jlukas/My_Project/ROS2/ros2_rpi_lidar/src/ros2_rpi_lidar' with type 'ros.ament_python' and name 'ros2_rpi_lidar'
[4.135s] Level 1:colcon.colcon_core.package_discovery:discover_packages(recursive) using defaults
