[11.127s] DEBUG:colcon:Command line arguments: ['/usr/bin/colcon', 'build']
[11.128s] DEBUG:colcon:Parsed command line arguments: Namespace(log_base=None, log_level=None, verb_name='build', build_base='build', install_base='install', merge_install=False, symlink_install=False, test_result_base=None, continue_on_error=False, executor='parallel', parallel_workers=4, event_handlers=None, ignore_user_meta=False, metas=['./colcon.meta'], base_paths=['.'], packages_ignore=None, packages_ignore_regex=None, paths=None, packages_up_to=None, packages_up_to_regex=None, packages_above=None, packages_above_and_dependencies=None, packages_above_depth=None, packages_select_by_dep=None, packages_skip_by_dep=None, packages_skip_up_to=None, packages_select_build_failed=False, packages_skip_build_finished=False, packages_select_test_failures=False, packages_skip_test_passed=False, packages_select=None, packages_skip=None, packages_select_regex=None, packages_skip_regex=None, packages_start=None, packages_end=None, allow_overriding=[], cmake_args=None, cmake_target=None, cmake_target_skip_unavailable=False, cmake_clean_cache=False, cmake_clean_first=False, cmake_force_configure=False, ament_cmake_args=None, catkin_cmake_args=None, catkin_skip_building_tests=False, verb_parser=<colcon_defaults.argument_parser.defaults.DefaultArgumentsDecorator object at 0xffffa8251360>, verb_extension=<colcon_core.verb.build.BuildVerb object at 0xffffa84375e0>, main=<bound method BuildVerb.main of <colcon_core.verb.build.BuildVerb object at 0xffffa84375e0>>)
[11.650s] Level 1:colcon.colcon_core.package_discovery:discover_packages(colcon_meta) check parameters
[11.651s] Level 1:colcon.colcon_core.package_discovery:discover_packages(recursive) check parameters
[11.651s] Level 1:colcon.colcon_core.package_discovery:discover_packages(ignore) check parameters
[11.651s] Level 1:colcon.colcon_core.package_discovery:discover_packages(path) check parameters
[11.652s] Level 1:colcon.colcon_core.package_discovery:discover_packages(colcon_meta) discover
[11.652s] Level 1:colcon.colcon_core.package_discovery:discover_packages(recursive) discover
[11.653s] INFO:colcon.colcon_core.package_discovery:Crawling recursively for packages in '/home/jlukas/My_Project/ROS2/ros2_rpi_lidar'
[11.654s] Level 1:colcon.colcon_core.package_identification:_identify(.) by extensions ['ignore', 'ignore_ament_install']
[11.655s] Level 1:colcon.colcon_core.package_identification:_identify(.) by extension 'ignore'
[11.655s] Level 1:colcon.colcon_core.package_identification:_identify(.) by extension 'ignore_ament_install'
[11.656s] Level 1:colcon.colcon_core.package_identification:_identify(.) by extensions ['colcon_pkg']
[11.656s] Level 1:colcon.colcon_core.package_identification:_identify(.) by extension 'colcon_pkg'
[11.657s] Level 1:colcon.colcon_core.package_identification:_identify(.) by extensions ['colcon_meta']
[11.657s] Level 1:colcon.colcon_core.package_identification:_identify(.) by extension 'colcon_meta'
[11.658s] Level 1:colcon.colcon_core.package_identification:_identify(.) by extensions ['ros']
[11.658s] Level 1:colcon.colcon_core.package_identification:_identify(.) by extension 'ros'
[11.788s] Level 1:colcon.colcon_core.package_identification:_identify(.) by extensions ['cmake', 'python']
[11.789s] Level 1:colcon.colcon_core.package_identification:_identify(.) by extension 'cmake'
[11.790s] Level 1:colcon.colcon_core.package_identification:_identify(.) by extension 'python'
[11.791s] Level 1:colcon.colcon_core.package_identification:_identify(.) by extensions ['python_setup_py']
[11.791s] Level 1:colcon.colcon_core.package_identification:_identify(.) by extension 'python_setup_py'
[11.792s] Level 1:colcon.colcon_core.package_identification:_identify(build) by extensions ['ignore', 'ignore_ament_install']
[11.793s] Level 1:colcon.colcon_core.package_identification:_identify(build) by extension 'ignore'
[11.794s] Level 1:colcon.colcon_core.package_identification:_identify(build) ignored
[11.795s] Level 1:colcon.colcon_core.package_identification:_identify(install) by extensions ['ignore', 'ignore_ament_install']
[11.796s] Level 1:colcon.colcon_core.package_identification:_identify(install) by extension 'ignore'
[11.797s] Level 1:colcon.colcon_core.package_identification:_identify(install) ignored
[11.799s] Level 1:colcon.colcon_core.package_identification:_identify(log) by extensions ['ignore', 'ignore_ament_install']
[11.800s] Level 1:colcon.colcon_core.package_identification:_identify(log) by extension 'ignore'
[11.800s] Level 1:colcon.colcon_core.package_identification:_identify(log) ignored
[11.801s] Level 1:colcon.colcon_core.package_identification:_identify(src) by extensions ['ignore', 'ignore_ament_install']
[11.802s] Level 1:colcon.colcon_core.package_identification:_identify(src) by extension 'ignore'
[11.803s] Level 1:colcon.colcon_core.package_identification:_identify(src) by extension 'ignore_ament_install'
[11.803s] Level 1:colcon.colcon_core.package_identification:_identify(src) by extensions ['colcon_pkg']
[11.804s] Level 1:colcon.colcon_core.package_identification:_identify(src) by extension 'colcon_pkg'
[11.804s] Level 1:colcon.colcon_core.package_identification:_identify(src) by extensions ['colcon_meta']
[11.805s] Level 1:colcon.colcon_core.package_identification:_identify(src) by extension 'colcon_meta'
[11.805s] Level 1:colcon.colcon_core.package_identification:_identify(src) by extensions ['ros']
[11.805s] Level 1:colcon.colcon_core.package_identification:_identify(src) by extension 'ros'
[11.806s] Level 1:colcon.colcon_core.package_identification:_identify(src) by extensions ['cmake', 'python']
[11.807s] Level 1:colcon.colcon_core.package_identification:_identify(src) by extension 'cmake'
[11.807s] Level 1:colcon.colcon_core.package_identification:_identify(src) by extension 'python'
[11.808s] Level 1:colcon.colcon_core.package_identification:_identify(src) by extensions ['python_setup_py']
[11.808s] Level 1:colcon.colcon_core.package_identification:_identify(src) by extension 'python_setup_py'
[11.810s] Level 1:colcon.colcon_core.package_identification:_identify(src/ros2_rpi_lidar) by extensions ['ignore', 'ignore_ament_install']
[11.810s] Level 1:colcon.colcon_core.package_identification:_identify(src/ros2_rpi_lidar) by extension 'ignore'
[11.811s] Level 1:colcon.colcon_core.package_identification:_identify(src/ros2_rpi_lidar) by extension 'ignore_ament_install'
[11.812s] Level 1:colcon.colcon_core.package_identification:_identify(src/ros2_rpi_lidar) by extensions ['colcon_pkg']
[11.812s] Level 1:colcon.colcon_core.package_identification:_identify(src/ros2_rpi_lidar) by extension 'colcon_pkg'
[11.813s] Level 1:colcon.colcon_core.package_identification:_identify(src/ros2_rpi_lidar) by extensions ['colcon_meta']
[11.813s] Level 1:colcon.colcon_core.package_identification:_identify(src/ros2_rpi_lidar) by extension 'colcon_meta'
[11.814s] Level 1:colcon.colcon_core.package_identification:_identify(src/ros2_rpi_lidar) by extensions ['ros']
[11.814s] Level 1:colcon.colcon_core.package_identification:_identify(src/ros2_rpi_lidar) by extension 'ros'
[11.845s] DEBUG:colcon.colcon_core.package_identification:Package 'src/ros2_rpi_lidar' with type 'ros.ament_python' and name 'ros2_rpi_lidar'
[11.846s] Level 1:colcon.colcon_core.package_discovery:discover_packages(recursive) using defaults
[11.847s] Level 1:colcon.colcon_core.package_discovery:discover_packages(ignore) discover
[11.847s] Level 1:colcon.colcon_core.package_discovery:discover_packages(ignore) using defaults
[11.847s] Level 1:colcon.colcon_core.package_discovery:discover_packages(path) discover
[11.847s] Level 1:colcon.colcon_core.package_discovery:discover_packages(path) using defaults
[12.836s] Level 1:colcon.colcon_core.package_discovery:discover_packages(prefix_path) check parameters
[12.837s] Level 1:colcon.colcon_core.package_discovery:discover_packages(prefix_path) discover
[13.170s] DEBUG:colcon.colcon_installed_package_information.package_discovery:Found 1 installed packages in /home/jlukas/My_Project/ROS2/ros2_rpi_lidar/install
[13.341s] DEBUG:colcon.colcon_installed_package_information.package_discovery:Found 184 installed packages in /opt/ros/humble
[13.353s] Level 1:colcon.colcon_core.package_discovery:discover_packages(prefix_path) using defaults
[14.190s] Level 5:colcon.colcon_core.verb:set package 'ros2_rpi_lidar' build argument 'cmake_args' from command line to 'None'
[14.190s] Level 5:colcon.colcon_core.verb:set package 'ros2_rpi_lidar' build argument 'cmake_target' from command line to 'None'
[14.191s] Level 5:colcon.colcon_core.verb:set package 'ros2_rpi_lidar' build argument 'cmake_target_skip_unavailable' from command line to 'False'
[14.191s] Level 5:colcon.colcon_core.verb:set package 'ros2_rpi_lidar' build argument 'cmake_clean_cache' from command line to 'False'
[14.191s] Level 5:colcon.colcon_core.verb:set package 'ros2_rpi_lidar' build argument 'cmake_clean_first' from command line to 'False'
[14.192s] Level 5:colcon.colcon_core.verb:set package 'ros2_rpi_lidar' build argument 'cmake_force_configure' from command line to 'False'
[14.192s] Level 5:colcon.colcon_core.verb:set package 'ros2_rpi_lidar' build argument 'ament_cmake_args' from command line to 'None'
[14.192s] Level 5:colcon.colcon_core.verb:set package 'ros2_rpi_lidar' build argument 'catkin_cmake_args' from command line to 'None'
[14.193s] Level 5:colcon.colcon_core.verb:set package 'ros2_rpi_lidar' build argument 'catkin_skip_building_tests' from command line to 'False'
[14.193s] DEBUG:colcon.colcon_core.verb:Building package 'ros2_rpi_lidar' with the following arguments: {'ament_cmake_args': None, 'build_base': '/home/jlukas/My_Project/ROS2/ros2_rpi_lidar/build/ros2_rpi_lidar', 'catkin_cmake_args': None, 'catkin_skip_building_tests': False, 'cmake_args': None, 'cmake_clean_cache': False, 'cmake_clean_first': False, 'cmake_force_configure': False, 'cmake_target': None, 'cmake_target_skip_unavailable': False, 'install_base': '/home/jlukas/My_Project/ROS2/ros2_rpi_lidar/install/ros2_rpi_lidar', 'merge_install': False, 'path': '/home/jlukas/My_Project/ROS2/ros2_rpi_lidar/src/ros2_rpi_lidar', 'symlink_install': False, 'test_result_base': None}
[14.350s] INFO:colcon.colcon_core.executor:Executing jobs using 'parallel' executor
[14.513s] DEBUG:colcon.colcon_parallel_executor.executor.parallel:run_until_complete
[14.515s] INFO:colcon.colcon_ros.task.ament_python.build:Building ROS package in '/home/jlukas/My_Project/ROS2/ros2_rpi_lidar/src/ros2_rpi_lidar' with build type 'ament_python'
[14.517s] Level 1:colcon.colcon_core.shell:create_environment_hook('ros2_rpi_lidar', 'ament_prefix_path')
[14.700s] INFO:colcon.colcon_core.plugin_system:Skipping extension 'colcon_core.shell.bat': Not used on non-Windows systems
[14.702s] INFO:colcon.colcon_core.shell:Creating environment hook '/home/jlukas/My_Project/ROS2/ros2_rpi_lidar/install/ros2_rpi_lidar/share/ros2_rpi_lidar/hook/ament_prefix_path.ps1'
[14.708s] INFO:colcon.colcon_core.shell:Creating environment descriptor '/home/jlukas/My_Project/ROS2/ros2_rpi_lidar/install/ros2_rpi_lidar/share/ros2_rpi_lidar/hook/ament_prefix_path.dsv'
[14.713s] INFO:colcon.colcon_core.shell:Creating environment hook '/home/jlukas/My_Project/ROS2/ros2_rpi_lidar/install/ros2_rpi_lidar/share/ros2_rpi_lidar/hook/ament_prefix_path.sh'
[14.883s] INFO:colcon.colcon_core.shell:Skip shell extension 'powershell' for command environment: Not usable outside of PowerShell
[14.884s] DEBUG:colcon.colcon_core.shell:Skip shell extension 'dsv' for command environment
[18.327s] INFO:colcon.colcon_core.task.python.build:Building Python package in '/home/jlukas/My_Project/ROS2/ros2_rpi_lidar/src/ros2_rpi_lidar'
[18.529s] INFO:colcon.colcon_core.shell:Skip shell extension 'powershell' for command environment: Not usable outside of PowerShell
[18.530s] DEBUG:colcon.colcon_core.shell:Skip shell extension 'dsv' for command environment
[23.024s] DEBUG:colcon.colcon_core.event_handler.log_command:Invoking command in '/home/jlukas/My_Project/ROS2/ros2_rpi_lidar/src/ros2_rpi_lidar': PYTHONPATH=/home/jlukas/My_Project/ROS2/ros2_rpi_lidar/build/ros2_rpi_lidar/prefix_override:/home/jlukas/My_Project/ROS2/ros2_rpi_lidar/install/ros2_rpi_lidar/lib/python3.10/site-packages:${PYTHONPATH} /usr/bin/python3 setup.py egg_info --egg-base ../../build/ros2_rpi_lidar build --build-base /home/jlukas/My_Project/ROS2/ros2_rpi_lidar/build/ros2_rpi_lidar/build install --record /home/jlukas/My_Project/ROS2/ros2_rpi_lidar/build/ros2_rpi_lidar/install.log --single-version-externally-managed
[26.306s] DEBUG:colcon.colcon_core.event_handler.log_command:Invoked command in '/home/jlukas/My_Project/ROS2/ros2_rpi_lidar/src/ros2_rpi_lidar' returned '0': PYTHONPATH=/home/jlukas/My_Project/ROS2/ros2_rpi_lidar/build/ros2_rpi_lidar/prefix_override:/home/jlukas/My_Project/ROS2/ros2_rpi_lidar/install/ros2_rpi_lidar/lib/python3.10/site-packages:${PYTHONPATH} /usr/bin/python3 setup.py egg_info --egg-base ../../build/ros2_rpi_lidar build --build-base /home/jlukas/My_Project/ROS2/ros2_rpi_lidar/build/ros2_rpi_lidar/build install --record /home/jlukas/My_Project/ROS2/ros2_rpi_lidar/build/ros2_rpi_lidar/install.log --single-version-externally-managed
[26.499s] Level 1:colcon.colcon_core.environment:checking '/home/jlukas/My_Project/ROS2/ros2_rpi_lidar/install/ros2_rpi_lidar' for CMake module files
[26.506s] Level 1:colcon.colcon_core.environment:checking '/home/jlukas/My_Project/ROS2/ros2_rpi_lidar/install/ros2_rpi_lidar' for CMake config files
[26.516s] Level 1:colcon.colcon_core.environment:checking '/home/jlukas/My_Project/ROS2/ros2_rpi_lidar/install/ros2_rpi_lidar/lib'
[26.518s] Level 1:colcon.colcon_core.environment:checking '/home/jlukas/My_Project/ROS2/ros2_rpi_lidar/install/ros2_rpi_lidar/bin'
[26.519s] Level 1:colcon.colcon_core.environment:checking '/home/jlukas/My_Project/ROS2/ros2_rpi_lidar/install/ros2_rpi_lidar/lib/pkgconfig/ros2_rpi_lidar.pc'
[26.521s] Level 1:colcon.colcon_core.environment:checking '/home/jlukas/My_Project/ROS2/ros2_rpi_lidar/install/ros2_rpi_lidar/lib/python3.10/site-packages'
[26.522s] Level 1:colcon.colcon_core.shell:create_environment_hook('ros2_rpi_lidar', 'pythonpath')
[26.685s] INFO:colcon.colcon_core.shell:Creating environment hook '/home/jlukas/My_Project/ROS2/ros2_rpi_lidar/install/ros2_rpi_lidar/share/ros2_rpi_lidar/hook/pythonpath.ps1'
[26.689s] INFO:colcon.colcon_core.shell:Creating environment descriptor '/home/jlukas/My_Project/ROS2/ros2_rpi_lidar/install/ros2_rpi_lidar/share/ros2_rpi_lidar/hook/pythonpath.dsv'
[26.694s] INFO:colcon.colcon_core.shell:Creating environment hook '/home/jlukas/My_Project/ROS2/ros2_rpi_lidar/install/ros2_rpi_lidar/share/ros2_rpi_lidar/hook/pythonpath.sh'
[26.700s] Level 1:colcon.colcon_core.environment:checking '/home/jlukas/My_Project/ROS2/ros2_rpi_lidar/install/ros2_rpi_lidar/bin'
[26.701s] Level 1:colcon.colcon_core.environment:create_environment_scripts_only(ros2_rpi_lidar)
[26.865s] INFO:colcon.colcon_core.shell:Creating package script '/home/jlukas/My_Project/ROS2/ros2_rpi_lidar/install/ros2_rpi_lidar/share/ros2_rpi_lidar/package.ps1'
[26.873s] INFO:colcon.colcon_core.shell:Creating package descriptor '/home/jlukas/My_Project/ROS2/ros2_rpi_lidar/install/ros2_rpi_lidar/share/ros2_rpi_lidar/package.dsv'
[26.880s] INFO:colcon.colcon_core.shell:Creating package script '/home/jlukas/My_Project/ROS2/ros2_rpi_lidar/install/ros2_rpi_lidar/share/ros2_rpi_lidar/package.sh'
[26.888s] INFO:colcon.colcon_core.shell:Creating package script '/home/jlukas/My_Project/ROS2/ros2_rpi_lidar/install/ros2_rpi_lidar/share/ros2_rpi_lidar/package.bash'
[26.898s] INFO:colcon.colcon_core.shell:Creating package script '/home/jlukas/My_Project/ROS2/ros2_rpi_lidar/install/ros2_rpi_lidar/share/ros2_rpi_lidar/package.zsh'
[26.906s] Level 1:colcon.colcon_core.environment:create_file_with_runtime_dependencies(/home/jlukas/My_Project/ROS2/ros2_rpi_lidar/install/ros2_rpi_lidar/share/colcon-core/packages/ros2_rpi_lidar)
[26.909s] DEBUG:colcon.colcon_parallel_executor.executor.parallel:closing loop
[26.912s] DEBUG:colcon.colcon_parallel_executor.executor.parallel:loop closed
[26.912s] DEBUG:colcon.colcon_parallel_executor.executor.parallel:run_until_complete finished with '0'
[26.914s] DEBUG:colcon.colcon_core.event_reactor:joining thread
[27.125s] INFO:colcon.colcon_core.plugin_system:Skipping extension 'colcon_notification.desktop_notification.notify_send': Could not find 'notify-send'
[27.126s] INFO:colcon.colcon_core.plugin_system:Skipping extension 'colcon_notification.desktop_notification.terminal_notifier': Not used on non-Darwin systems
[27.126s] INFO:colcon.colcon_core.plugin_system:Skipping extension 'colcon_notification.desktop_notification.win32': Not used on non-Windows systems
[27.127s] INFO:colcon.colcon_notification.desktop_notification:Sending desktop notification using 'notify2'
[27.134s] DEBUG:colcon.colcon_notification.desktop_notification.notify2:Failed to initialize notify2: org.freedesktop.DBus.Error.ServiceUnknown: The name org.freedesktop.Notifications was not provided by any .service files
[27.135s] DEBUG:colcon.colcon_core.event_reactor:joined thread
[27.299s] INFO:colcon.colcon_core.shell:Creating prefix script '/home/jlukas/My_Project/ROS2/ros2_rpi_lidar/install/local_setup.ps1'
[27.308s] INFO:colcon.colcon_core.shell:Creating prefix util module '/home/jlukas/My_Project/ROS2/ros2_rpi_lidar/install/_local_setup_util_ps1.py'
[27.323s] INFO:colcon.colcon_core.shell:Creating prefix chain script '/home/jlukas/My_Project/ROS2/ros2_rpi_lidar/install/setup.ps1'
[27.491s] INFO:colcon.colcon_core.shell:Creating prefix script '/home/jlukas/My_Project/ROS2/ros2_rpi_lidar/install/local_setup.sh'
[27.497s] INFO:colcon.colcon_core.shell:Creating prefix util module '/home/jlukas/My_Project/ROS2/ros2_rpi_lidar/install/_local_setup_util_sh.py'
[27.502s] INFO:colcon.colcon_core.shell:Creating prefix chain script '/home/jlukas/My_Project/ROS2/ros2_rpi_lidar/install/setup.sh'
[27.670s] INFO:colcon.colcon_core.shell:Creating prefix script '/home/jlukas/My_Project/ROS2/ros2_rpi_lidar/install/local_setup.bash'
[27.675s] INFO:colcon.colcon_core.shell:Creating prefix chain script '/home/jlukas/My_Project/ROS2/ros2_rpi_lidar/install/setup.bash'
[27.845s] INFO:colcon.colcon_core.shell:Creating prefix script '/home/jlukas/My_Project/ROS2/ros2_rpi_lidar/install/local_setup.zsh'
[27.850s] INFO:colcon.colcon_core.shell:Creating prefix chain script '/home/jlukas/My_Project/ROS2/ros2_rpi_lidar/install/setup.zsh'
