[16.603s] DEBUG:colcon:Command line arguments: ['/usr/bin/colcon', 'build', '--symlink-install']
[16.605s] DEBUG:colcon:Parsed command line arguments: Namespace(log_base=None, log_level=None, verb_name='build', build_base='build', install_base='install', merge_install=False, symlink_install=True, test_result_base=None, continue_on_error=False, executor='parallel', parallel_workers=4, event_handlers=None, ignore_user_meta=False, metas=['./colcon.meta'], base_paths=['.'], packages_ignore=None, packages_ignore_regex=None, paths=None, packages_up_to=None, packages_up_to_regex=None, packages_above=None, packages_above_and_dependencies=None, packages_above_depth=None, packages_select_by_dep=None, packages_skip_by_dep=None, packages_skip_up_to=None, packages_select_build_failed=False, packages_skip_build_finished=False, packages_select_test_failures=False, packages_skip_test_passed=False, packages_select=None, packages_skip=None, packages_select_regex=None, packages_skip_regex=None, packages_start=None, packages_end=None, allow_overriding=[], cmake_args=None, cmake_target=None, cmake_target_skip_unavailable=False, cmake_clean_cache=False, cmake_clean_first=False, cmake_force_configure=False, ament_cmake_args=None, catkin_cmake_args=None, catkin_skip_building_tests=False, verb_parser=<colcon_defaults.argument_parser.defaults.DefaultArgumentsDecorator object at 0xffffa8e68dc0>, verb_extension=<colcon_core.verb.build.BuildVerb object at 0xffffa8e6ba30>, main=<bound method BuildVerb.main of <colcon_core.verb.build.BuildVerb object at 0xffffa8e6ba30>>)
[17.455s] Level 1:colcon.colcon_core.package_discovery:discover_packages(colcon_meta) check parameters
[17.456s] Level 1:colcon.colcon_core.package_discovery:discover_packages(recursive) check parameters
[17.456s] Level 1:colcon.colcon_core.package_discovery:discover_packages(ignore) check parameters
[17.457s] Level 1:colcon.colcon_core.package_discovery:discover_packages(path) check parameters
[17.457s] Level 1:colcon.colcon_core.package_discovery:discover_packages(colcon_meta) discover
[17.458s] Level 1:colcon.colcon_core.package_discovery:discover_packages(recursive) discover
[17.459s] INFO:colcon.colcon_core.package_discovery:Crawling recursively for packages in '/home/jlukas/ROS2/techdiffbot'
[17.460s] Level 1:colcon.colcon_core.package_identification:_identify(.) by extensions ['ignore', 'ignore_ament_install']
[17.461s] Level 1:colcon.colcon_core.package_identification:_identify(.) by extension 'ignore'
[17.462s] Level 1:colcon.colcon_core.package_identification:_identify(.) by extension 'ignore_ament_install'
[17.463s] Level 1:colcon.colcon_core.package_identification:_identify(.) by extensions ['colcon_pkg']
[17.463s] Level 1:colcon.colcon_core.package_identification:_identify(.) by extension 'colcon_pkg'
[17.464s] Level 1:colcon.colcon_core.package_identification:_identify(.) by extensions ['colcon_meta']
[17.464s] Level 1:colcon.colcon_core.package_identification:_identify(.) by extension 'colcon_meta'
[17.465s] Level 1:colcon.colcon_core.package_identification:_identify(.) by extensions ['ros']
[17.465s] Level 1:colcon.colcon_core.package_identification:_identify(.) by extension 'ros'
[17.745s] Level 1:colcon.colcon_core.package_identification:_identify(.) by extensions ['cmake', 'python']
[17.745s] Level 1:colcon.colcon_core.package_identification:_identify(.) by extension 'cmake'
[17.746s] Level 1:colcon.colcon_core.package_identification:_identify(.) by extension 'python'
[17.747s] Level 1:colcon.colcon_core.package_identification:_identify(.) by extensions ['python_setup_py']
[17.747s] Level 1:colcon.colcon_core.package_identification:_identify(.) by extension 'python_setup_py'
[17.749s] Level 1:colcon.colcon_core.package_identification:_identify(build) by extensions ['ignore', 'ignore_ament_install']
[17.750s] Level 1:colcon.colcon_core.package_identification:_identify(build) by extension 'ignore'
[17.751s] Level 1:colcon.colcon_core.package_identification:_identify(build) ignored
[17.752s] Level 1:colcon.colcon_core.package_identification:_identify(install) by extensions ['ignore', 'ignore_ament_install']
[17.754s] Level 1:colcon.colcon_core.package_identification:_identify(install) by extension 'ignore'
[17.754s] Level 1:colcon.colcon_core.package_identification:_identify(install) ignored
[17.756s] Level 1:colcon.colcon_core.package_identification:_identify(log) by extensions ['ignore', 'ignore_ament_install']
[17.757s] Level 1:colcon.colcon_core.package_identification:_identify(log) by extension 'ignore'
[17.758s] Level 1:colcon.colcon_core.package_identification:_identify(log) ignored
[17.759s] Level 1:colcon.colcon_core.package_identification:_identify(src) by extensions ['ignore', 'ignore_ament_install']
[17.760s] Level 1:colcon.colcon_core.package_identification:_identify(src) by extension 'ignore'
[17.761s] Level 1:colcon.colcon_core.package_identification:_identify(src) by extension 'ignore_ament_install'
[17.762s] Level 1:colcon.colcon_core.package_identification:_identify(src) by extensions ['colcon_pkg']
[17.763s] Level 1:colcon.colcon_core.package_identification:_identify(src) by extension 'colcon_pkg'
[17.763s] Level 1:colcon.colcon_core.package_identification:_identify(src) by extensions ['colcon_meta']
[17.764s] Level 1:colcon.colcon_core.package_identification:_identify(src) by extension 'colcon_meta'
[17.764s] Level 1:colcon.colcon_core.package_identification:_identify(src) by extensions ['ros']
[17.765s] Level 1:colcon.colcon_core.package_identification:_identify(src) by extension 'ros'
[17.766s] Level 1:colcon.colcon_core.package_identification:_identify(src) by extensions ['cmake', 'python']
[17.766s] Level 1:colcon.colcon_core.package_identification:_identify(src) by extension 'cmake'
[17.767s] Level 1:colcon.colcon_core.package_identification:_identify(src) by extension 'python'
[17.768s] Level 1:colcon.colcon_core.package_identification:_identify(src) by extensions ['python_setup_py']
[17.768s] Level 1:colcon.colcon_core.package_identification:_identify(src) by extension 'python_setup_py'
[17.770s] Level 1:colcon.colcon_core.package_identification:_identify(src/diffdrive_arduino) by extensions ['ignore', 'ignore_ament_install']
[17.771s] Level 1:colcon.colcon_core.package_identification:_identify(src/diffdrive_arduino) by extension 'ignore'
[17.772s] Level 1:colcon.colcon_core.package_identification:_identify(src/diffdrive_arduino) by extension 'ignore_ament_install'
[17.773s] Level 1:colcon.colcon_core.package_identification:_identify(src/diffdrive_arduino) by extensions ['colcon_pkg']
[17.773s] Level 1:colcon.colcon_core.package_identification:_identify(src/diffdrive_arduino) by extension 'colcon_pkg'
[17.774s] Level 1:colcon.colcon_core.package_identification:_identify(src/diffdrive_arduino) by extensions ['colcon_meta']
[17.775s] Level 1:colcon.colcon_core.package_identification:_identify(src/diffdrive_arduino) by extension 'colcon_meta'
[17.775s] Level 1:colcon.colcon_core.package_identification:_identify(src/diffdrive_arduino) by extensions ['ros']
[17.776s] Level 1:colcon.colcon_core.package_identification:_identify(src/diffdrive_arduino) by extension 'ros'
[17.813s] DEBUG:colcon.colcon_core.package_identification:Package 'src/diffdrive_arduino' with type 'ros.ament_cmake' and name 'diffdrive_arduino'
[17.815s] Level 1:colcon.colcon_core.package_identification:_identify(src/serial) by extensions ['ignore', 'ignore_ament_install']
[17.816s] Level 1:colcon.colcon_core.package_identification:_identify(src/serial) by extension 'ignore'
[17.817s] Level 1:colcon.colcon_core.package_identification:_identify(src/serial) by extension 'ignore_ament_install'
[17.818s] Level 1:colcon.colcon_core.package_identification:_identify(src/serial) by extensions ['colcon_pkg']
[17.819s] Level 1:colcon.colcon_core.package_identification:_identify(src/serial) by extension 'colcon_pkg'
[17.819s] Level 1:colcon.colcon_core.package_identification:_identify(src/serial) by extensions ['colcon_meta']
[17.820s] Level 1:colcon.colcon_core.package_identification:_identify(src/serial) by extension 'colcon_meta'
[17.821s] Level 1:colcon.colcon_core.package_identification:_identify(src/serial) by extensions ['ros']
[17.821s] Level 1:colcon.colcon_core.package_identification:_identify(src/serial) by extension 'ros'
[17.828s] DEBUG:colcon.colcon_core.package_identification:Package 'src/serial' with type 'ros.ament_cmake' and name 'serial'
[17.830s] Level 1:colcon.colcon_core.package_identification:_identify(src/techdiffbot) by extensions ['ignore', 'ignore_ament_install']
[17.831s] Level 1:colcon.colcon_core.package_identification:_identify(src/techdiffbot) by extension 'ignore'
[17.832s] Level 1:colcon.colcon_core.package_identification:_identify(src/techdiffbot) by extension 'ignore_ament_install'
[17.833s] Level 1:colcon.colcon_core.package_identification:_identify(src/techdiffbot) by extensions ['colcon_pkg']
[17.833s] Level 1:colcon.colcon_core.package_identification:_identify(src/techdiffbot) by extension 'colcon_pkg'
[17.834s] Level 1:colcon.colcon_core.package_identification:_identify(src/techdiffbot) by extensions ['colcon_meta']
[17.834s] Level 1:colcon.colcon_core.package_identification:_identify(src/techdiffbot) by extension 'colcon_meta'
[17.835s] Level 1:colcon.colcon_core.package_identification:_identify(src/techdiffbot) by extensions ['ros']
[17.836s] Level 1:colcon.colcon_core.package_identification:_identify(src/techdiffbot) by extension 'ros'
[17.841s] DEBUG:colcon.colcon_core.package_identification:Package 'src/techdiffbot' with type 'ros.ament_python' and name 'techdiffbot'
[17.842s] Level 1:colcon.colcon_core.package_discovery:discover_packages(recursive) using defaults
[17.843s] Level 1:colcon.colcon_core.package_discovery:discover_packages(ignore) discover
[17.843s] Level 1:colcon.colcon_core.package_discovery:discover_packages(ignore) using defaults
[17.844s] Level 1:colcon.colcon_core.package_discovery:discover_packages(path) discover
[17.844s] Level 1:colcon.colcon_core.package_discovery:discover_packages(path) using defaults
[19.282s] Level 1:colcon.colcon_core.package_discovery:discover_packages(prefix_path) check parameters
[19.283s] Level 1:colcon.colcon_core.package_discovery:discover_packages(prefix_path) discover
[19.825s] DEBUG:colcon.colcon_installed_package_information.package_discovery:Found 3 installed packages in /home/jlukas/ROS2/techdiffbot/install
[20.107s] DEBUG:colcon.colcon_installed_package_information.package_discovery:Found 1 installed packages in /home/jlukas/ldlidar_ros2_ws/install
[20.389s] DEBUG:colcon.colcon_installed_package_information.package_discovery:Found 1 installed packages in /home/jlukas/Desktop/My_Project/ROS2/ros2_rpi_cv2/install
[20.665s] DEBUG:colcon.colcon_installed_package_information.package_discovery:Found 1 installed packages in /home/jlukas/Desktop/My_Project/ROS2/rover/install
[20.878s] DEBUG:colcon.colcon_installed_package_information.package_discovery:Found 3 installed packages in /home/jlukas/Desktop/My_Project/ROS2/techdiffbot/install
[21.110s] DEBUG:colcon.colcon_installed_package_information.package_discovery:Found 323 installed packages in /opt/ros/humble
[21.131s] Level 1:colcon.colcon_core.package_discovery:discover_packages(prefix_path) using defaults
[22.900s] Level 5:colcon.colcon_core.verb:set package 'diffdrive_arduino' build argument 'cmake_args' from command line to 'None'
[22.901s] Level 5:colcon.colcon_core.verb:set package 'diffdrive_arduino' build argument 'cmake_target' from command line to 'None'
[22.901s] Level 5:colcon.colcon_core.verb:set package 'diffdrive_arduino' build argument 'cmake_target_skip_unavailable' from command line to 'False'
[22.901s] Level 5:colcon.colcon_core.verb:set package 'diffdrive_arduino' build argument 'cmake_clean_cache' from command line to 'False'
[22.902s] Level 5:colcon.colcon_core.verb:set package 'diffdrive_arduino' build argument 'cmake_clean_first' from command line to 'False'
[22.902s] Level 5:colcon.colcon_core.verb:set package 'diffdrive_arduino' build argument 'cmake_force_configure' from command line to 'False'
[22.902s] Level 5:colcon.colcon_core.verb:set package 'diffdrive_arduino' build argument 'ament_cmake_args' from command line to 'None'
[22.903s] Level 5:colcon.colcon_core.verb:set package 'diffdrive_arduino' build argument 'catkin_cmake_args' from command line to 'None'
[22.903s] Level 5:colcon.colcon_core.verb:set package 'diffdrive_arduino' build argument 'catkin_skip_building_tests' from command line to 'False'
[22.904s] DEBUG:colcon.colcon_core.verb:Building package 'diffdrive_arduino' with the following arguments: {'ament_cmake_args': None, 'build_base': '/home/jlukas/ROS2/techdiffbot/build/diffdrive_arduino', 'catkin_cmake_args': None, 'catkin_skip_building_tests': False, 'cmake_args': None, 'cmake_clean_cache': False, 'cmake_clean_first': False, 'cmake_force_configure': False, 'cmake_target': None, 'cmake_target_skip_unavailable': False, 'install_base': '/home/jlukas/ROS2/techdiffbot/install/diffdrive_arduino', 'merge_install': False, 'path': '/home/jlukas/ROS2/techdiffbot/src/diffdrive_arduino', 'symlink_install': True, 'test_result_base': None}
[23.095s] Level 5:colcon.colcon_core.verb:set package 'serial' build argument 'cmake_args' from command line to 'None'
[23.095s] Level 5:colcon.colcon_core.verb:set package 'serial' build argument 'cmake_target' from command line to 'None'
[23.096s] Level 5:colcon.colcon_core.verb:set package 'serial' build argument 'cmake_target_skip_unavailable' from command line to 'False'
[23.096s] Level 5:colcon.colcon_core.verb:set package 'serial' build argument 'cmake_clean_cache' from command line to 'False'
[23.096s] Level 5:colcon.colcon_core.verb:set package 'serial' build argument 'cmake_clean_first' from command line to 'False'
[23.097s] Level 5:colcon.colcon_core.verb:set package 'serial' build argument 'cmake_force_configure' from command line to 'False'
[23.097s] Level 5:colcon.colcon_core.verb:set package 'serial' build argument 'ament_cmake_args' from command line to 'None'
[23.097s] Level 5:colcon.colcon_core.verb:set package 'serial' build argument 'catkin_cmake_args' from command line to 'None'
[23.098s] Level 5:colcon.colcon_core.verb:set package 'serial' build argument 'catkin_skip_building_tests' from command line to 'False'
[23.098s] DEBUG:colcon.colcon_core.verb:Building package 'serial' with the following arguments: {'ament_cmake_args': None, 'build_base': '/home/jlukas/ROS2/techdiffbot/build/serial', 'catkin_cmake_args': None, 'catkin_skip_building_tests': False, 'cmake_args': None, 'cmake_clean_cache': False, 'cmake_clean_first': False, 'cmake_force_configure': False, 'cmake_target': None, 'cmake_target_skip_unavailable': False, 'install_base': '/home/jlukas/ROS2/techdiffbot/install/serial', 'merge_install': False, 'path': '/home/jlukas/ROS2/techdiffbot/src/serial', 'symlink_install': True, 'test_result_base': None}
[23.290s] Level 5:colcon.colcon_core.verb:set package 'techdiffbot' build argument 'cmake_args' from command line to 'None'
[23.291s] Level 5:colcon.colcon_core.verb:set package 'techdiffbot' build argument 'cmake_target' from command line to 'None'
[23.291s] Level 5:colcon.colcon_core.verb:set package 'techdiffbot' build argument 'cmake_target_skip_unavailable' from command line to 'False'
[23.291s] Level 5:colcon.colcon_core.verb:set package 'techdiffbot' build argument 'cmake_clean_cache' from command line to 'False'
[23.292s] Level 5:colcon.colcon_core.verb:set package 'techdiffbot' build argument 'cmake_clean_first' from command line to 'False'
[23.292s] Level 5:colcon.colcon_core.verb:set package 'techdiffbot' build argument 'cmake_force_configure' from command line to 'False'
[23.292s] Level 5:colcon.colcon_core.verb:set package 'techdiffbot' build argument 'ament_cmake_args' from command line to 'None'
[23.293s] Level 5:colcon.colcon_core.verb:set package 'techdiffbot' build argument 'catkin_cmake_args' from command line to 'None'
[23.293s] Level 5:colcon.colcon_core.verb:set package 'techdiffbot' build argument 'catkin_skip_building_tests' from command line to 'False'
[23.293s] DEBUG:colcon.colcon_core.verb:Building package 'techdiffbot' with the following arguments: {'ament_cmake_args': None, 'build_base': '/home/jlukas/ROS2/techdiffbot/build/techdiffbot', 'catkin_cmake_args': None, 'catkin_skip_building_tests': False, 'cmake_args': None, 'cmake_clean_cache': False, 'cmake_clean_first': False, 'cmake_force_configure': False, 'cmake_target': None, 'cmake_target_skip_unavailable': False, 'install_base': '/home/jlukas/ROS2/techdiffbot/install/techdiffbot', 'merge_install': False, 'path': '/home/jlukas/ROS2/techdiffbot/src/techdiffbot', 'symlink_install': True, 'test_result_base': None}
[23.486s] INFO:colcon.colcon_core.executor:Executing jobs using 'parallel' executor
[23.686s] DEBUG:colcon.colcon_parallel_executor.executor.parallel:run_until_complete
[23.688s] INFO:colcon.colcon_ros.task.ament_cmake.build:Building ROS package in '/home/jlukas/ROS2/techdiffbot/src/diffdrive_arduino' with build type 'ament_cmake'
[23.689s] INFO:colcon.colcon_cmake.task.cmake.build:Building CMake package in '/home/jlukas/ROS2/techdiffbot/src/diffdrive_arduino'
[23.940s] INFO:colcon.colcon_core.plugin_system:Skipping extension 'colcon_core.shell.bat': Not used on non-Windows systems
[23.942s] INFO:colcon.colcon_core.shell:Skip shell extension 'powershell' for command environment: Not usable outside of PowerShell
[23.943s] DEBUG:colcon.colcon_core.shell:Skip shell extension 'dsv' for command environment
[25.558s] INFO:colcon.colcon_ros.task.ament_cmake.build:Building ROS package in '/home/jlukas/ROS2/techdiffbot/src/serial' with build type 'ament_cmake'
[25.561s] INFO:colcon.colcon_cmake.task.cmake.build:Building CMake package in '/home/jlukas/ROS2/techdiffbot/src/serial'
[25.902s] INFO:colcon.colcon_core.shell:Skip shell extension 'powershell' for command environment: Not usable outside of PowerShell
[25.903s] DEBUG:colcon.colcon_core.shell:Skip shell extension 'dsv' for command environment
[27.718s] INFO:colcon.colcon_ros.task.ament_python.build:Building ROS package in '/home/jlukas/ROS2/techdiffbot/src/techdiffbot' with build type 'ament_python'
[27.719s] Level 1:colcon.colcon_core.shell:create_environment_hook('techdiffbot', 'ament_prefix_path')
[27.932s] INFO:colcon.colcon_core.shell:Creating environment hook '/home/jlukas/ROS2/techdiffbot/install/techdiffbot/share/techdiffbot/hook/ament_prefix_path.ps1'
[27.941s] INFO:colcon.colcon_core.shell:Creating environment descriptor '/home/jlukas/ROS2/techdiffbot/install/techdiffbot/share/techdiffbot/hook/ament_prefix_path.dsv'
[27.950s] INFO:colcon.colcon_core.shell:Creating environment hook '/home/jlukas/ROS2/techdiffbot/install/techdiffbot/share/techdiffbot/hook/ament_prefix_path.sh'
[28.156s] INFO:colcon.colcon_core.shell:Skip shell extension 'powershell' for command environment: Not usable outside of PowerShell
[28.157s] DEBUG:colcon.colcon_core.shell:Skip shell extension 'dsv' for command environment
[29.686s] DEBUG:colcon.colcon_core.event_handler.log_command:Invoking command in '/home/jlukas/ROS2/techdiffbot/build/diffdrive_arduino': CMAKE_PREFIX_PATH=${CMAKE_PREFIX_PATH}:/home/jlukas/ROS2/techdiffbot/install/techdiffbot:/home/jlukas/Desktop/My_Project/ROS2/ros2_rpi_cv2/install/ros2_rpi_cv2:/home/jlukas/Desktop/My_Project/ROS2/rover/install/rover:/home/jlukas/Desktop/My_Project/ROS2/techdiffbot/install/techdiffbot:/opt/ros/humble /usr/bin/cmake --build /home/jlukas/ROS2/techdiffbot/build/diffdrive_arduino -- -j4 -l4
[29.799s] DEBUG:colcon.colcon_core.event_handler.log_command:Invoking command in '/home/jlukas/ROS2/techdiffbot/build/serial': CMAKE_PREFIX_PATH=${CMAKE_PREFIX_PATH}:/home/jlukas/ROS2/techdiffbot/install/techdiffbot:/home/jlukas/Desktop/My_Project/ROS2/ros2_rpi_cv2/install/ros2_rpi_cv2:/home/jlukas/Desktop/My_Project/ROS2/rover/install/rover:/home/jlukas/Desktop/My_Project/ROS2/techdiffbot/install/techdiffbot:/opt/ros/humble /usr/bin/cmake --build /home/jlukas/ROS2/techdiffbot/build/serial -- -j4 -l4
[37.777s] INFO:colcon.colcon_core.task.python.build:Building Python package in '/home/jlukas/ROS2/techdiffbot/src/techdiffbot'
[37.988s] INFO:colcon.colcon_core.shell:Skip shell extension 'powershell' for command environment: Not usable outside of PowerShell
[37.989s] DEBUG:colcon.colcon_core.shell:Skip shell extension 'dsv' for command environment
[39.461s] DEBUG:colcon.colcon_core.event_handler.log_command:Invoked command in '/home/jlukas/ROS2/techdiffbot/build/serial' returned '0': CMAKE_PREFIX_PATH=${CMAKE_PREFIX_PATH}:/home/jlukas/ROS2/techdiffbot/install/techdiffbot:/home/jlukas/Desktop/My_Project/ROS2/ros2_rpi_cv2/install/ros2_rpi_cv2:/home/jlukas/Desktop/My_Project/ROS2/rover/install/rover:/home/jlukas/Desktop/My_Project/ROS2/techdiffbot/install/techdiffbot:/opt/ros/humble /usr/bin/cmake --build /home/jlukas/ROS2/techdiffbot/build/serial -- -j4 -l4
[39.475s] DEBUG:colcon.colcon_core.event_handler.log_command:Invoked command in '/home/jlukas/ROS2/techdiffbot/build/diffdrive_arduino' returned '0': CMAKE_PREFIX_PATH=${CMAKE_PREFIX_PATH}:/home/jlukas/ROS2/techdiffbot/install/techdiffbot:/home/jlukas/Desktop/My_Project/ROS2/ros2_rpi_cv2/install/ros2_rpi_cv2:/home/jlukas/Desktop/My_Project/ROS2/rover/install/rover:/home/jlukas/Desktop/My_Project/ROS2/techdiffbot/install/techdiffbot:/opt/ros/humble /usr/bin/cmake --build /home/jlukas/ROS2/techdiffbot/build/diffdrive_arduino -- -j4 -l4
[39.951s] DEBUG:colcon.colcon_core.event_handler.log_command:Invoking command in '/home/jlukas/ROS2/techdiffbot/build/diffdrive_arduino': CMAKE_PREFIX_PATH=${CMAKE_PREFIX_PATH}:/home/jlukas/ROS2/techdiffbot/install/techdiffbot:/home/jlukas/Desktop/My_Project/ROS2/ros2_rpi_cv2/install/ros2_rpi_cv2:/home/jlukas/Desktop/My_Project/ROS2/rover/install/rover:/home/jlukas/Desktop/My_Project/ROS2/techdiffbot/install/techdiffbot:/opt/ros/humble /usr/bin/cmake --install /home/jlukas/ROS2/techdiffbot/build/diffdrive_arduino
[40.028s] DEBUG:colcon.colcon_core.event_handler.log_command:Invoking command in '/home/jlukas/ROS2/techdiffbot/build/serial': CMAKE_PREFIX_PATH=${CMAKE_PREFIX_PATH}:/home/jlukas/ROS2/techdiffbot/install/techdiffbot:/home/jlukas/Desktop/My_Project/ROS2/ros2_rpi_cv2/install/ros2_rpi_cv2:/home/jlukas/Desktop/My_Project/ROS2/rover/install/rover:/home/jlukas/Desktop/My_Project/ROS2/techdiffbot/install/techdiffbot:/opt/ros/humble /usr/bin/cmake --install /home/jlukas/ROS2/techdiffbot/build/serial
[40.407s] Level 1:colcon.colcon_core.environment:create_environment_scripts_only(serial)
[40.413s] DEBUG:colcon.colcon_core.event_handler.log_command:Invoked command in '/home/jlukas/ROS2/techdiffbot/build/serial' returned '0': CMAKE_PREFIX_PATH=${CMAKE_PREFIX_PATH}:/home/jlukas/ROS2/techdiffbot/install/techdiffbot:/home/jlukas/Desktop/My_Project/ROS2/ros2_rpi_cv2/install/ros2_rpi_cv2:/home/jlukas/Desktop/My_Project/ROS2/rover/install/rover:/home/jlukas/Desktop/My_Project/ROS2/techdiffbot/install/techdiffbot:/opt/ros/humble /usr/bin/cmake --install /home/jlukas/ROS2/techdiffbot/build/serial
[40.814s] Level 1:colcon.colcon_core.environment:checking '/home/jlukas/ROS2/techdiffbot/install/serial' for CMake module files
[40.823s] Level 1:colcon.colcon_core.environment:checking '/home/jlukas/ROS2/techdiffbot/install/serial' for CMake config files
[40.831s] Level 1:colcon.colcon_core.shell:create_environment_hook('serial', 'cmake_prefix_path')
[41.080s] INFO:colcon.colcon_core.shell:Creating environment hook '/home/jlukas/ROS2/techdiffbot/install/serial/share/serial/hook/cmake_prefix_path.ps1'
[41.088s] INFO:colcon.colcon_core.shell:Creating environment descriptor '/home/jlukas/ROS2/techdiffbot/install/serial/share/serial/hook/cmake_prefix_path.dsv'
[41.096s] INFO:colcon.colcon_core.shell:Creating environment hook '/home/jlukas/ROS2/techdiffbot/install/serial/share/serial/hook/cmake_prefix_path.sh'
[41.107s] Level 1:colcon.colcon_core.environment:checking '/home/jlukas/ROS2/techdiffbot/install/serial/lib'
[41.109s] Level 1:colcon.colcon_core.environment:checking '/home/jlukas/ROS2/techdiffbot/install/serial/bin'
[41.110s] Level 1:colcon.colcon_core.environment:checking '/home/jlukas/ROS2/techdiffbot/install/serial/lib/pkgconfig/serial.pc'
[41.114s] Level 1:colcon.colcon_core.environment:checking '/home/jlukas/ROS2/techdiffbot/install/serial/lib/python3.10/site-packages'
[41.117s] Level 1:colcon.colcon_core.environment:checking '/home/jlukas/ROS2/techdiffbot/install/serial/bin'
[41.367s] INFO:colcon.colcon_core.shell:Creating package script '/home/jlukas/ROS2/techdiffbot/install/serial/share/serial/package.ps1'
[41.377s] INFO:colcon.colcon_core.shell:Creating package descriptor '/home/jlukas/ROS2/techdiffbot/install/serial/share/serial/package.dsv'
[41.387s] INFO:colcon.colcon_core.shell:Creating package script '/home/jlukas/ROS2/techdiffbot/install/serial/share/serial/package.sh'
[41.398s] INFO:colcon.colcon_core.shell:Creating package script '/home/jlukas/ROS2/techdiffbot/install/serial/share/serial/package.bash'
[41.412s] INFO:colcon.colcon_core.shell:Creating package script '/home/jlukas/ROS2/techdiffbot/install/serial/share/serial/package.zsh'
[41.425s] Level 1:colcon.colcon_core.environment:create_file_with_runtime_dependencies(/home/jlukas/ROS2/techdiffbot/install/serial/share/colcon-core/packages/serial)
[41.448s] Level 1:colcon.colcon_core.environment:create_environment_scripts_only(diffdrive_arduino)
[41.452s] DEBUG:colcon.colcon_core.event_handler.log_command:Invoked command in '/home/jlukas/ROS2/techdiffbot/build/diffdrive_arduino' returned '0': CMAKE_PREFIX_PATH=${CMAKE_PREFIX_PATH}:/home/jlukas/ROS2/techdiffbot/install/techdiffbot:/home/jlukas/Desktop/My_Project/ROS2/ros2_rpi_cv2/install/ros2_rpi_cv2:/home/jlukas/Desktop/My_Project/ROS2/rover/install/rover:/home/jlukas/Desktop/My_Project/ROS2/techdiffbot/install/techdiffbot:/opt/ros/humble /usr/bin/cmake --install /home/jlukas/ROS2/techdiffbot/build/diffdrive_arduino
[41.737s] Level 1:colcon.colcon_core.environment:checking '/home/jlukas/ROS2/techdiffbot/install/diffdrive_arduino' for CMake module files
[41.749s] Level 1:colcon.colcon_core.environment:checking '/home/jlukas/ROS2/techdiffbot/install/diffdrive_arduino' for CMake config files
[41.760s] Level 1:colcon.colcon_core.shell:create_environment_hook('diffdrive_arduino', 'cmake_prefix_path')
[42.033s] INFO:colcon.colcon_core.shell:Creating environment hook '/home/jlukas/ROS2/techdiffbot/install/diffdrive_arduino/share/diffdrive_arduino/hook/cmake_prefix_path.ps1'
[42.038s] INFO:colcon.colcon_core.shell:Creating environment descriptor '/home/jlukas/ROS2/techdiffbot/install/diffdrive_arduino/share/diffdrive_arduino/hook/cmake_prefix_path.dsv'
[42.043s] INFO:colcon.colcon_core.shell:Creating environment hook '/home/jlukas/ROS2/techdiffbot/install/diffdrive_arduino/share/diffdrive_arduino/hook/cmake_prefix_path.sh'
[42.049s] Level 1:colcon.colcon_core.environment:checking '/home/jlukas/ROS2/techdiffbot/install/diffdrive_arduino/lib'
[42.051s] Level 1:colcon.colcon_core.shell:create_environment_hook('diffdrive_arduino', 'ld_library_path_lib')
[42.300s] INFO:colcon.colcon_core.shell:Creating environment hook '/home/jlukas/ROS2/techdiffbot/install/diffdrive_arduino/share/diffdrive_arduino/hook/ld_library_path_lib.ps1'
[42.305s] INFO:colcon.colcon_core.shell:Creating environment descriptor '/home/jlukas/ROS2/techdiffbot/install/diffdrive_arduino/share/diffdrive_arduino/hook/ld_library_path_lib.dsv'
[42.310s] INFO:colcon.colcon_core.shell:Creating environment hook '/home/jlukas/ROS2/techdiffbot/install/diffdrive_arduino/share/diffdrive_arduino/hook/ld_library_path_lib.sh'
[42.315s] Level 1:colcon.colcon_core.environment:checking '/home/jlukas/ROS2/techdiffbot/install/diffdrive_arduino/bin'
[42.316s] Level 1:colcon.colcon_core.environment:checking '/home/jlukas/ROS2/techdiffbot/install/diffdrive_arduino/lib/pkgconfig/diffdrive_arduino.pc'
[42.320s] Level 1:colcon.colcon_core.environment:checking '/home/jlukas/ROS2/techdiffbot/install/diffdrive_arduino/lib/python3.10/site-packages'
[42.324s] Level 1:colcon.colcon_core.environment:checking '/home/jlukas/ROS2/techdiffbot/install/diffdrive_arduino/bin'
[42.561s] INFO:colcon.colcon_core.shell:Creating package script '/home/jlukas/ROS2/techdiffbot/install/diffdrive_arduino/share/diffdrive_arduino/package.ps1'
[42.567s] INFO:colcon.colcon_core.shell:Creating package descriptor '/home/jlukas/ROS2/techdiffbot/install/diffdrive_arduino/share/diffdrive_arduino/package.dsv'
[42.573s] INFO:colcon.colcon_core.shell:Creating package script '/home/jlukas/ROS2/techdiffbot/install/diffdrive_arduino/share/diffdrive_arduino/package.sh'
[42.581s] INFO:colcon.colcon_core.shell:Creating package script '/home/jlukas/ROS2/techdiffbot/install/diffdrive_arduino/share/diffdrive_arduino/package.bash'
[42.586s] INFO:colcon.colcon_core.shell:Creating package script '/home/jlukas/ROS2/techdiffbot/install/diffdrive_arduino/share/diffdrive_arduino/package.zsh'
[42.591s] Level 1:colcon.colcon_core.environment:create_file_with_runtime_dependencies(/home/jlukas/ROS2/techdiffbot/install/diffdrive_arduino/share/colcon-core/packages/diffdrive_arduino)
[42.899s] Level 1:colcon.colcon_core.environment:create_environment_scripts_only(serial)
[43.175s] Level 1:colcon.colcon_core.environment:checking '/home/jlukas/ROS2/techdiffbot/install/serial' for CMake module files
[43.182s] Level 1:colcon.colcon_core.environment:checking '/home/jlukas/ROS2/techdiffbot/install/serial' for CMake config files
[43.189s] Level 1:colcon.colcon_core.shell:create_environment_hook('serial', 'cmake_prefix_path')
[43.441s] INFO:colcon.colcon_core.shell:Creating environment hook '/home/jlukas/ROS2/techdiffbot/install/serial/share/serial/hook/cmake_prefix_path.ps1'
[43.446s] INFO:colcon.colcon_core.shell:Creating environment descriptor '/home/jlukas/ROS2/techdiffbot/install/serial/share/serial/hook/cmake_prefix_path.dsv'
[43.451s] INFO:colcon.colcon_core.shell:Creating environment hook '/home/jlukas/ROS2/techdiffbot/install/serial/share/serial/hook/cmake_prefix_path.sh'
[43.458s] Level 1:colcon.colcon_core.environment:checking '/home/jlukas/ROS2/techdiffbot/install/serial/lib'
[43.460s] Level 1:colcon.colcon_core.environment:checking '/home/jlukas/ROS2/techdiffbot/install/serial/bin'
[43.461s] Level 1:colcon.colcon_core.environment:checking '/home/jlukas/ROS2/techdiffbot/install/serial/lib/pkgconfig/serial.pc'
[43.465s] Level 1:colcon.colcon_core.environment:checking '/home/jlukas/ROS2/techdiffbot/install/serial/lib/python3.10/site-packages'
[43.468s] Level 1:colcon.colcon_core.environment:checking '/home/jlukas/ROS2/techdiffbot/install/serial/bin'
[43.718s] INFO:colcon.colcon_core.shell:Creating package script '/home/jlukas/ROS2/techdiffbot/install/serial/share/serial/package.ps1'
[43.724s] INFO:colcon.colcon_core.shell:Creating package descriptor '/home/jlukas/ROS2/techdiffbot/install/serial/share/serial/package.dsv'
[43.730s] INFO:colcon.colcon_core.shell:Creating package script '/home/jlukas/ROS2/techdiffbot/install/serial/share/serial/package.sh'
[43.738s] INFO:colcon.colcon_core.shell:Creating package script '/home/jlukas/ROS2/techdiffbot/install/serial/share/serial/package.bash'
[43.743s] INFO:colcon.colcon_core.shell:Creating package script '/home/jlukas/ROS2/techdiffbot/install/serial/share/serial/package.zsh'
[43.749s] Level 1:colcon.colcon_core.environment:create_file_with_runtime_dependencies(/home/jlukas/ROS2/techdiffbot/install/serial/share/colcon-core/packages/serial)
[44.011s] Level 1:colcon.colcon_core.environment:create_environment_scripts_only(diffdrive_arduino)
[44.271s] Level 1:colcon.colcon_core.environment:checking '/home/jlukas/ROS2/techdiffbot/install/diffdrive_arduino' for CMake module files
[44.281s] Level 1:colcon.colcon_core.environment:checking '/home/jlukas/ROS2/techdiffbot/install/diffdrive_arduino' for CMake config files
[44.291s] Level 1:colcon.colcon_core.shell:create_environment_hook('diffdrive_arduino', 'cmake_prefix_path')
[44.531s] INFO:colcon.colcon_core.shell:Creating environment hook '/home/jlukas/ROS2/techdiffbot/install/diffdrive_arduino/share/diffdrive_arduino/hook/cmake_prefix_path.ps1'
[44.536s] INFO:colcon.colcon_core.shell:Creating environment descriptor '/home/jlukas/ROS2/techdiffbot/install/diffdrive_arduino/share/diffdrive_arduino/hook/cmake_prefix_path.dsv'
[44.540s] INFO:colcon.colcon_core.shell:Creating environment hook '/home/jlukas/ROS2/techdiffbot/install/diffdrive_arduino/share/diffdrive_arduino/hook/cmake_prefix_path.sh'
[44.546s] Level 1:colcon.colcon_core.environment:checking '/home/jlukas/ROS2/techdiffbot/install/diffdrive_arduino/lib'
[44.547s] Level 1:colcon.colcon_core.shell:create_environment_hook('diffdrive_arduino', 'ld_library_path_lib')
[44.796s] INFO:colcon.colcon_core.shell:Creating environment hook '/home/jlukas/ROS2/techdiffbot/install/diffdrive_arduino/share/diffdrive_arduino/hook/ld_library_path_lib.ps1'
[44.801s] INFO:colcon.colcon_core.shell:Creating environment descriptor '/home/jlukas/ROS2/techdiffbot/install/diffdrive_arduino/share/diffdrive_arduino/hook/ld_library_path_lib.dsv'
[44.805s] INFO:colcon.colcon_core.shell:Creating environment hook '/home/jlukas/ROS2/techdiffbot/install/diffdrive_arduino/share/diffdrive_arduino/hook/ld_library_path_lib.sh'
[44.811s] Level 1:colcon.colcon_core.environment:checking '/home/jlukas/ROS2/techdiffbot/install/diffdrive_arduino/bin'
[44.812s] Level 1:colcon.colcon_core.environment:checking '/home/jlukas/ROS2/techdiffbot/install/diffdrive_arduino/lib/pkgconfig/diffdrive_arduino.pc'
[44.816s] Level 1:colcon.colcon_core.environment:checking '/home/jlukas/ROS2/techdiffbot/install/diffdrive_arduino/lib/python3.10/site-packages'
[44.819s] Level 1:colcon.colcon_core.environment:checking '/home/jlukas/ROS2/techdiffbot/install/diffdrive_arduino/bin'
[45.077s] INFO:colcon.colcon_core.shell:Creating package script '/home/jlukas/ROS2/techdiffbot/install/diffdrive_arduino/share/diffdrive_arduino/package.ps1'
[45.085s] INFO:colcon.colcon_core.shell:Creating package descriptor '/home/jlukas/ROS2/techdiffbot/install/diffdrive_arduino/share/diffdrive_arduino/package.dsv'
[45.092s] INFO:colcon.colcon_core.shell:Creating package script '/home/jlukas/ROS2/techdiffbot/install/diffdrive_arduino/share/diffdrive_arduino/package.sh'
[45.098s] INFO:colcon.colcon_core.shell:Creating package script '/home/jlukas/ROS2/techdiffbot/install/diffdrive_arduino/share/diffdrive_arduino/package.bash'
[45.103s] INFO:colcon.colcon_core.shell:Creating package script '/home/jlukas/ROS2/techdiffbot/install/diffdrive_arduino/share/diffdrive_arduino/package.zsh'
[45.108s] Level 1:colcon.colcon_core.environment:create_file_with_runtime_dependencies(/home/jlukas/ROS2/techdiffbot/install/diffdrive_arduino/share/colcon-core/packages/diffdrive_arduino)
[46.973s] DEBUG:colcon.colcon_core.event_handler.log_command:Invoking command in '/home/jlukas/ROS2/techdiffbot/build/techdiffbot': PYTHONPATH=/home/jlukas/ROS2/techdiffbot/build/techdiffbot/prefix_override:/home/jlukas/ROS2/techdiffbot/install/techdiffbot/lib/python3.10/site-packages:${PYTHONPATH} /usr/bin/python3 setup.py develop --editable --build-directory /home/jlukas/ROS2/techdiffbot/build/techdiffbot/build --no-deps install_data
[53.947s] Level 1:colcon.colcon_core.shell:create_environment_hook('techdiffbot', 'pythonpath_develop')
[53.954s] DEBUG:colcon.colcon_core.event_handler.log_command:Invoked command in '/home/jlukas/ROS2/techdiffbot/build/techdiffbot' returned '0': PYTHONPATH=/home/jlukas/ROS2/techdiffbot/build/techdiffbot/prefix_override:/home/jlukas/ROS2/techdiffbot/install/techdiffbot/lib/python3.10/site-packages:${PYTHONPATH} /usr/bin/python3 setup.py develop --editable --build-directory /home/jlukas/ROS2/techdiffbot/build/techdiffbot/build --no-deps install_data
[54.161s] INFO:colcon.colcon_core.shell:Creating environment hook '/home/jlukas/ROS2/techdiffbot/build/techdiffbot/share/techdiffbot/hook/pythonpath_develop.ps1'
[54.169s] INFO:colcon.colcon_core.shell:Creating environment descriptor '/home/jlukas/ROS2/techdiffbot/build/techdiffbot/share/techdiffbot/hook/pythonpath_develop.dsv'
[54.173s] INFO:colcon.colcon_core.shell:Creating environment hook '/home/jlukas/ROS2/techdiffbot/build/techdiffbot/share/techdiffbot/hook/pythonpath_develop.sh'
[54.378s] Level 1:colcon.colcon_core.environment:checking '/home/jlukas/ROS2/techdiffbot/install/techdiffbot' for CMake module files
[54.385s] Level 1:colcon.colcon_core.environment:checking '/home/jlukas/ROS2/techdiffbot/install/techdiffbot' for CMake config files
[54.395s] Level 1:colcon.colcon_core.environment:checking '/home/jlukas/ROS2/techdiffbot/install/techdiffbot/lib'
[54.396s] Level 1:colcon.colcon_core.environment:checking '/home/jlukas/ROS2/techdiffbot/install/techdiffbot/bin'
[54.398s] Level 1:colcon.colcon_core.environment:checking '/home/jlukas/ROS2/techdiffbot/install/techdiffbot/lib/pkgconfig/techdiffbot.pc'
[54.401s] Level 1:colcon.colcon_core.environment:checking '/home/jlukas/ROS2/techdiffbot/install/techdiffbot/lib/python3.10/site-packages'
[54.402s] Level 1:colcon.colcon_core.shell:create_environment_hook('techdiffbot', 'pythonpath')
[54.615s] INFO:colcon.colcon_core.shell:Creating environment hook '/home/jlukas/ROS2/techdiffbot/install/techdiffbot/share/techdiffbot/hook/pythonpath.ps1'
[54.619s] INFO:colcon.colcon_core.shell:Creating environment descriptor '/home/jlukas/ROS2/techdiffbot/install/techdiffbot/share/techdiffbot/hook/pythonpath.dsv'
[54.624s] INFO:colcon.colcon_core.shell:Creating environment hook '/home/jlukas/ROS2/techdiffbot/install/techdiffbot/share/techdiffbot/hook/pythonpath.sh'
[54.631s] Level 1:colcon.colcon_core.environment:checking '/home/jlukas/ROS2/techdiffbot/install/techdiffbot/bin'
[54.632s] Level 1:colcon.colcon_core.environment:create_environment_scripts_only(techdiffbot)
[54.838s] INFO:colcon.colcon_core.shell:Creating package script '/home/jlukas/ROS2/techdiffbot/install/techdiffbot/share/techdiffbot/package.ps1'
[54.845s] INFO:colcon.colcon_core.shell:Creating package descriptor '/home/jlukas/ROS2/techdiffbot/install/techdiffbot/share/techdiffbot/package.dsv'
[54.851s] INFO:colcon.colcon_core.shell:Creating package script '/home/jlukas/ROS2/techdiffbot/install/techdiffbot/share/techdiffbot/package.sh'
[54.856s] INFO:colcon.colcon_core.shell:Creating package script '/home/jlukas/ROS2/techdiffbot/install/techdiffbot/share/techdiffbot/package.bash'
[54.861s] INFO:colcon.colcon_core.shell:Creating package script '/home/jlukas/ROS2/techdiffbot/install/techdiffbot/share/techdiffbot/package.zsh'
[54.865s] Level 1:colcon.colcon_core.environment:create_file_with_runtime_dependencies(/home/jlukas/ROS2/techdiffbot/install/techdiffbot/share/colcon-core/packages/techdiffbot)
[54.869s] DEBUG:colcon.colcon_parallel_executor.executor.parallel:closing loop
[54.882s] DEBUG:colcon.colcon_parallel_executor.executor.parallel:loop closed
[54.884s] DEBUG:colcon.colcon_parallel_executor.executor.parallel:run_until_complete finished with '0'
[54.887s] DEBUG:colcon.colcon_core.event_reactor:joining thread
[55.296s] INFO:colcon.colcon_core.plugin_system:Skipping extension 'colcon_notification.desktop_notification.notify_send': Could not find 'notify-send'
[55.298s] INFO:colcon.colcon_core.plugin_system:Skipping extension 'colcon_notification.desktop_notification.terminal_notifier': Not used on non-Darwin systems
[55.299s] INFO:colcon.colcon_core.plugin_system:Skipping extension 'colcon_notification.desktop_notification.win32': Not used on non-Windows systems
[55.300s] INFO:colcon.colcon_notification.desktop_notification:Sending desktop notification using 'notify2'
[55.323s] DEBUG:colcon.colcon_notification.desktop_notification.notify2:Failed to initialize notify2: org.freedesktop.DBus.Error.ServiceUnknown: The name org.freedesktop.Notifications was not provided by any .service files
[55.325s] DEBUG:colcon.colcon_core.event_reactor:joined thread
[55.528s] INFO:colcon.colcon_core.shell:Creating prefix script '/home/jlukas/ROS2/techdiffbot/install/local_setup.ps1'
[55.539s] INFO:colcon.colcon_core.shell:Creating prefix util module '/home/jlukas/ROS2/techdiffbot/install/_local_setup_util_ps1.py'
[55.562s] INFO:colcon.colcon_core.shell:Creating prefix chain script '/home/jlukas/ROS2/techdiffbot/install/setup.ps1'
[55.774s] INFO:colcon.colcon_core.shell:Creating prefix script '/home/jlukas/ROS2/techdiffbot/install/local_setup.sh'
[55.783s] INFO:colcon.colcon_core.shell:Creating prefix util module '/home/jlukas/ROS2/techdiffbot/install/_local_setup_util_sh.py'
[55.789s] INFO:colcon.colcon_core.shell:Creating prefix chain script '/home/jlukas/ROS2/techdiffbot/install/setup.sh'
[56.000s] INFO:colcon.colcon_core.shell:Creating prefix script '/home/jlukas/ROS2/techdiffbot/install/local_setup.bash'
[56.010s] INFO:colcon.colcon_core.shell:Creating prefix chain script '/home/jlukas/ROS2/techdiffbot/install/setup.bash'
[56.221s] INFO:colcon.colcon_core.shell:Creating prefix script '/home/jlukas/ROS2/techdiffbot/install/local_setup.zsh'
[56.229s] INFO:colcon.colcon_core.shell:Creating prefix chain script '/home/jlukas/ROS2/techdiffbot/install/setup.zsh'
