[6.686s] Invoking command in '/home/jlukas/Desktop/My_Project/ROS2/techdiffbot/src/techdiffbot': PYTHONPATH=/home/jlukas/Desktop/My_Project/ROS2/techdiffbot/build/techdiffbot/prefix_override:/home/jlukas/Desktop/My_Project/ROS2/techdiffbot/install/techdiffbot/lib/python3.10/site-packages:${PYTHONPATH} /usr/bin/python3 setup.py egg_info --egg-base ../../build/techdiffbot build --build-base /home/jlukas/Desktop/My_Project/ROS2/techdiffbot/build/techdiffbot/build install --record /home/jlukas/Desktop/My_Project/ROS2/techdiffbot/build/techdiffbot/install.log --single-version-externally-managed
[7.942s] running egg_info
[7.944s] writing ../../build/techdiffbot/techdiffbot.egg-info/PKG-INFO
[7.945s] writing dependency_links to ../../build/techdiffbot/techdiffbot.egg-info/dependency_links.txt
[7.946s] writing entry points to ../../build/techdiffbot/techdiffbot.egg-info/entry_points.txt
[7.946s] writing requirements to ../../build/techdiffbot/techdiffbot.egg-info/requires.txt
[7.947s] writing top-level names to ../../build/techdiffbot/techdiffbot.egg-info/top_level.txt
[7.957s] reading manifest file '../../build/techdiffbot/techdiffbot.egg-info/SOURCES.txt'
[7.963s] writing manifest file '../../build/techdiffbot/techdiffbot.egg-info/SOURCES.txt'
[7.964s] running build
[7.964s] running build_py
[7.967s] running install
[7.968s] running install_lib
[7.974s] running install_data
[7.978s] copying launch/ldlidar_slam.launch.py -> /home/jlukas/Desktop/My_Project/ROS2/techdiffbot/install/techdiffbot/share/techdiffbot/launch
[7.980s] copying config/lifecycle_mgr_slam.yaml -> /home/jlukas/Desktop/My_Project/ROS2/techdiffbot/install/techdiffbot/share/techdiffbot/config
[7.984s] running install_egg_info
[7.991s] removing '/home/jlukas/Desktop/My_Project/ROS2/techdiffbot/install/techdiffbot/lib/python3.10/site-packages/techdiffbot-0.0.0-py3.10.egg-info' (and everything under it)
[7.993s] Copying ../../build/techdiffbot/techdiffbot.egg-info to /home/jlukas/Desktop/My_Project/ROS2/techdiffbot/install/techdiffbot/lib/python3.10/site-packages/techdiffbot-0.0.0-py3.10.egg-info
[7.999s] running install_scripts
[8.081s] writing list of installed files to '/home/jlukas/Desktop/My_Project/ROS2/techdiffbot/build/techdiffbot/install.log'
[8.204s] Invoked command in '/home/jlukas/Desktop/My_Project/ROS2/techdiffbot/src/techdiffbot' returned '0': PYTHONPATH=/home/jlukas/Desktop/My_Project/ROS2/techdiffbot/build/techdiffbot/prefix_override:/home/jlukas/Desktop/My_Project/ROS2/techdiffbot/install/techdiffbot/lib/python3.10/site-packages:${PYTHONPATH} /usr/bin/python3 setup.py egg_info --egg-base ../../build/techdiffbot build --build-base /home/jlukas/Desktop/My_Project/ROS2/techdiffbot/build/techdiffbot/build install --record /home/jlukas/Desktop/My_Project/ROS2/techdiffbot/build/techdiffbot/install.log --single-version-externally-managed
