[0.341s] Invoking command in '/home/jlukas/Desktop/My_Project/ROS2/techdiffbot/build/rviz_plugin_tutorials': CMAKE_PREFIX_PATH=${CMAKE_PREFIX_PATH}:/home/jlukas/Desktop/My_Project/ROS2/techdiffbot/install/techdiffbot:/home/jlukas/Desktop/My_Project/ROS2/ros2_rpi_cv2/install/ros2_rpi_cv2:/home/jlukas/Desktop/My_Project/ROS2/rover/install/rover:/opt/ros/humble /usr/bin/cmake --build /home/jlukas/Desktop/My_Project/ROS2/techdiffbot/build/rviz_plugin_tutorials -- -j4 -l4
[0.446s] [ 12%] [34m[1mAutomatic MOC for target rviz_plugin_tutorials[0m
[0.519s] [ 12%] Built target rviz_plugin_tutorials_autogen
[0.588s] [100%] Built target rviz_plugin_tutorials
[0.594s] Invoked command in '/home/jlukas/Desktop/My_Project/ROS2/techdiffbot/build/rviz_plugin_tutorials' returned '0': CMAKE_PREFIX_PATH=${CMAKE_PREFIX_PATH}:/home/jlukas/Desktop/My_Project/ROS2/techdiffbot/install/techdiffbot:/home/jlukas/Desktop/My_Project/ROS2/ros2_rpi_cv2/install/ros2_rpi_cv2:/home/jlukas/Desktop/My_Project/ROS2/rover/install/rover:/opt/ros/humble /usr/bin/cmake --build /home/jlukas/Desktop/My_Project/ROS2/techdiffbot/build/rviz_plugin_tutorials -- -j4 -l4
[0.724s] Invoking command in '/home/jlukas/Desktop/My_Project/ROS2/techdiffbot/build/rviz_plugin_tutorials': CMAKE_PREFIX_PATH=${CMAKE_PREFIX_PATH}:/home/jlukas/Desktop/My_Project/ROS2/techdiffbot/install/techdiffbot:/home/jlukas/Desktop/My_Project/ROS2/ros2_rpi_cv2/install/ros2_rpi_cv2:/home/jlukas/Desktop/My_Project/ROS2/rover/install/rover:/opt/ros/humble /usr/bin/cmake --install /home/jlukas/Desktop/My_Project/ROS2/techdiffbot/build/rviz_plugin_tutorials
[0.742s] -- Install configuration: ""
[0.742s] -- Execute custom install script
[0.742s] -- Up-to-date symlink: /home/jlukas/Desktop/My_Project/ROS2/techdiffbot/install/rviz_plugin_tutorials/share/rviz_plugin_tutorials//plugin_description.xml
[0.742s] -- Up-to-date symlink: /home/jlukas/Desktop/My_Project/ROS2/techdiffbot/install/rviz_plugin_tutorials/lib/rviz_plugin_tutorials/librviz_plugin_tutorials.so
[0.742s] -- Up-to-date symlink: /home/jlukas/Desktop/My_Project/ROS2/techdiffbot/install/rviz_plugin_tutorials/share/rviz_plugin_tutorials/media/flag.dae
[0.742s] -- Up-to-date symlink: /home/jlukas/Desktop/My_Project/ROS2/techdiffbot/install/rviz_plugin_tutorials/share/rviz_plugin_tutorials/icons/classes/Imu.png
[0.743s] -- Up-to-date symlink: /home/jlukas/Desktop/My_Project/ROS2/techdiffbot/install/rviz_plugin_tutorials/share/rviz_plugin_tutorials/icons/classes/PlantFlag.png
[0.743s] -- Up-to-date symlink: /home/jlukas/Desktop/My_Project/ROS2/techdiffbot/install/rviz_plugin_tutorials/share/rviz_plugin_tutorials/icons/classes/Teleop.png
[0.743s] -- Up-to-date symlink: /home/jlukas/Desktop/My_Project/ROS2/techdiffbot/install/rviz_plugin_tutorials/lib/rviz_plugin_tutorials/send_test_msgs.py
[0.743s] -- Up-to-date symlink: /home/jlukas/Desktop/My_Project/ROS2/techdiffbot/install/rviz_plugin_tutorials/share/ament_index/resource_index/package_run_dependencies/rviz_plugin_tutorials
[0.743s] -- Up-to-date symlink: /home/jlukas/Desktop/My_Project/ROS2/techdiffbot/install/rviz_plugin_tutorials/share/ament_index/resource_index/parent_prefix_path/rviz_plugin_tutorials
[0.743s] -- Up-to-date symlink: /home/jlukas/Desktop/My_Project/ROS2/techdiffbot/install/rviz_plugin_tutorials/share/rviz_plugin_tutorials/environment/ament_prefix_path.sh
[0.743s] -- Up-to-date symlink: /home/jlukas/Desktop/My_Project/ROS2/techdiffbot/install/rviz_plugin_tutorials/share/rviz_plugin_tutorials/environment/ament_prefix_path.dsv
[0.743s] -- Up-to-date symlink: /home/jlukas/Desktop/My_Project/ROS2/techdiffbot/install/rviz_plugin_tutorials/share/rviz_plugin_tutorials/environment/path.sh
[0.743s] -- Up-to-date symlink: /home/jlukas/Desktop/My_Project/ROS2/techdiffbot/install/rviz_plugin_tutorials/share/rviz_plugin_tutorials/environment/path.dsv
[0.743s] -- Up-to-date symlink: /home/jlukas/Desktop/My_Project/ROS2/techdiffbot/install/rviz_plugin_tutorials/share/rviz_plugin_tutorials/local_setup.bash
[0.743s] -- Up-to-date symlink: /home/jlukas/Desktop/My_Project/ROS2/techdiffbot/install/rviz_plugin_tutorials/share/rviz_plugin_tutorials/local_setup.sh
[0.743s] -- Up-to-date symlink: /home/jlukas/Desktop/My_Project/ROS2/techdiffbot/install/rviz_plugin_tutorials/share/rviz_plugin_tutorials/local_setup.zsh
[0.743s] -- Up-to-date symlink: /home/jlukas/Desktop/My_Project/ROS2/techdiffbot/install/rviz_plugin_tutorials/share/rviz_plugin_tutorials/local_setup.dsv
[0.743s] -- Symlinking: /home/jlukas/Desktop/My_Project/ROS2/techdiffbot/install/rviz_plugin_tutorials/share/rviz_plugin_tutorials/package.dsv
[0.776s] -- Up-to-date symlink: /home/jlukas/Desktop/My_Project/ROS2/techdiffbot/install/rviz_plugin_tutorials/share/ament_index/resource_index/packages/rviz_plugin_tutorials
[0.781s] -- Up-to-date symlink: /home/jlukas/Desktop/My_Project/ROS2/techdiffbot/install/rviz_plugin_tutorials/share/ament_index/resource_index/rviz_common__pluginlib__plugin/rviz_plugin_tutorials
[0.786s] -- Up-to-date symlink: /home/jlukas/Desktop/My_Project/ROS2/techdiffbot/install/rviz_plugin_tutorials/share/ament_index/resource_index/rviz_ogre_media_exports/rviz_plugin_tutorials
[0.788s] -- Up-to-date symlink: /home/jlukas/Desktop/My_Project/ROS2/techdiffbot/install/rviz_plugin_tutorials/share/rviz_plugin_tutorials/cmake/ament_cmake_export_dependencies-extras.cmake
[0.791s] -- Up-to-date symlink: /home/jlukas/Desktop/My_Project/ROS2/techdiffbot/install/rviz_plugin_tutorials/share/rviz_plugin_tutorials/cmake/rviz_plugin_tutorialsConfig.cmake
[0.796s] -- Up-to-date symlink: /home/jlukas/Desktop/My_Project/ROS2/techdiffbot/install/rviz_plugin_tutorials/share/rviz_plugin_tutorials/cmake/rviz_plugin_tutorialsConfig-version.cmake
[0.796s] -- Up-to-date symlink: /home/jlukas/Desktop/My_Project/ROS2/techdiffbot/install/rviz_plugin_tutorials/share/rviz_plugin_tutorials/package.xml
[0.797s] -- Up-to-date: /home/jlukas/Desktop/My_Project/ROS2/techdiffbot/install/rviz_plugin_tutorials/share/rviz_plugin_tutorials/media
[0.988s] Invoked command in '/home/jlukas/Desktop/My_Project/ROS2/techdiffbot/build/rviz_plugin_tutorials' returned '0': CMAKE_PREFIX_PATH=${CMAKE_PREFIX_PATH}:/home/jlukas/Desktop/My_Project/ROS2/techdiffbot/install/techdiffbot:/home/jlukas/Desktop/My_Project/ROS2/ros2_rpi_cv2/install/ros2_rpi_cv2:/home/jlukas/Desktop/My_Project/ROS2/rover/install/rover:/opt/ros/humble /usr/bin/cmake --install /home/jlukas/Desktop/My_Project/ROS2/techdiffbot/build/rviz_plugin_tutorials
