[1.519s] Invoking command in '/home/jlukas/Desktop/My_Project/rpi_pc_talk/build/rpi_pc_talk': PYTHONPATH=/home/jlukas/Desktop/My_Project/rpi_pc_talk/build/rpi_pc_talk/prefix_override:/home/jlukas/Desktop/My_Project/rpi_pc_talk/install/rpi_pc_talk/lib/python3.10/site-packages:${PYTHONPATH} /usr/bin/python3 setup.py develop --uninstall --editable --build-directory /home/jlukas/Desktop/My_Project/rpi_pc_talk/build/rpi_pc_talk/build
[1.816s] running develop
[1.839s] /usr/lib/python3/dist-packages/setuptools/command/easy_install.py:158: EasyInstallDeprecationWarning: easy_install command is deprecated. Use build and pip and other standards-based tools.
[1.839s]   warnings.warn(
[1.850s] /usr/lib/python3/dist-packages/setuptools/command/install.py:34: SetuptoolsDeprecationWarning: setup.py install is deprecated. Use build and pip and other standards-based tools.
[1.850s]   warnings.warn(
[2.063s] Invoked command in '/home/jlukas/Desktop/My_Project/rpi_pc_talk/build/rpi_pc_talk' returned '0': PYTHONPATH=/home/jlukas/Desktop/My_Project/rpi_pc_talk/build/rpi_pc_talk/prefix_override:/home/jlukas/Desktop/My_Project/rpi_pc_talk/install/rpi_pc_talk/lib/python3.10/site-packages:${PYTHONPATH} /usr/bin/python3 setup.py develop --uninstall --editable --build-directory /home/jlukas/Desktop/My_Project/rpi_pc_talk/build/rpi_pc_talk/build
[2.065s] Invoking command in '/home/jlukas/Desktop/My_Project/rpi_pc_talk/src/rpi_pc_talk': PYTHONPATH=/home/jlukas/Desktop/My_Project/rpi_pc_talk/build/rpi_pc_talk/prefix_override:/home/jlukas/Desktop/My_Project/rpi_pc_talk/install/rpi_pc_talk/lib/python3.10/site-packages:${PYTHONPATH} /usr/bin/python3 setup.py egg_info --egg-base ../../build/rpi_pc_talk build --build-base /home/jlukas/Desktop/My_Project/rpi_pc_talk/build/rpi_pc_talk/build install --record /home/jlukas/Desktop/My_Project/rpi_pc_talk/build/rpi_pc_talk/install.log --single-version-externally-managed
[2.321s] running egg_info
[2.322s] writing ../../build/rpi_pc_talk/rpi_pc_talk.egg-info/PKG-INFO
[2.323s] writing dependency_links to ../../build/rpi_pc_talk/rpi_pc_talk.egg-info/dependency_links.txt
[2.323s] writing entry points to ../../build/rpi_pc_talk/rpi_pc_talk.egg-info/entry_points.txt
[2.324s] writing requirements to ../../build/rpi_pc_talk/rpi_pc_talk.egg-info/requires.txt
[2.324s] writing top-level names to ../../build/rpi_pc_talk/rpi_pc_talk.egg-info/top_level.txt
[2.327s] reading manifest file '../../build/rpi_pc_talk/rpi_pc_talk.egg-info/SOURCES.txt'
[2.338s] writing manifest file '../../build/rpi_pc_talk/rpi_pc_talk.egg-info/SOURCES.txt'
[2.338s] running build
[2.338s] running build_py
[2.339s] copying rpi_pc_talk/publisher.py -> /home/jlukas/Desktop/My_Project/rpi_pc_talk/build/rpi_pc_talk/build/lib/rpi_pc_talk
[2.339s] running install
[2.340s] /usr/lib/python3/dist-packages/setuptools/command/install.py:34: SetuptoolsDeprecationWarning: setup.py install is deprecated. Use build and pip and other standards-based tools.
[2.340s]   warnings.warn(
[2.340s] running install_lib
[2.341s] copying /home/jlukas/Desktop/My_Project/rpi_pc_talk/build/rpi_pc_talk/build/lib/rpi_pc_talk/publisher.py -> /home/jlukas/Desktop/My_Project/rpi_pc_talk/install/rpi_pc_talk/lib/python3.10/site-packages/rpi_pc_talk
[2.342s] byte-compiling /home/jlukas/Desktop/My_Project/rpi_pc_talk/install/rpi_pc_talk/lib/python3.10/site-packages/rpi_pc_talk/publisher.py to publisher.cpython-310.pyc
[2.343s] running install_data
[2.344s] copying package.xml -> /home/jlukas/Desktop/My_Project/rpi_pc_talk/install/rpi_pc_talk/share/rpi_pc_talk
[2.344s] running install_egg_info
[2.347s] removing '/home/jlukas/Desktop/My_Project/rpi_pc_talk/install/rpi_pc_talk/lib/python3.10/site-packages/rpi_pc_talk-0.0.0-py3.10.egg-info' (and everything under it)
[2.347s] Copying ../../build/rpi_pc_talk/rpi_pc_talk.egg-info to /home/jlukas/Desktop/My_Project/rpi_pc_talk/install/rpi_pc_talk/lib/python3.10/site-packages/rpi_pc_talk-0.0.0-py3.10.egg-info
[2.348s] running install_scripts
[2.372s] Installing publisher script to /home/jlukas/Desktop/My_Project/rpi_pc_talk/install/rpi_pc_talk/lib/rpi_pc_talk
[2.373s] writing list of installed files to '/home/jlukas/Desktop/My_Project/rpi_pc_talk/build/rpi_pc_talk/install.log'
[2.402s] Invoked command in '/home/jlukas/Desktop/My_Project/rpi_pc_talk/src/rpi_pc_talk' returned '0': PYTHONPATH=/home/jlukas/Desktop/My_Project/rpi_pc_talk/build/rpi_pc_talk/prefix_override:/home/jlukas/Desktop/My_Project/rpi_pc_talk/install/rpi_pc_talk/lib/python3.10/site-packages:${PYTHONPATH} /usr/bin/python3 setup.py egg_info --egg-base ../../build/rpi_pc_talk build --build-base /home/jlukas/Desktop/My_Project/rpi_pc_talk/build/rpi_pc_talk/build install --record /home/jlukas/Desktop/My_Project/rpi_pc_talk/build/rpi_pc_talk/install.log --single-version-externally-managed
