[0.466s] Invoking command in '/home/jlukas/Desktop/My_Project/ROS2/techdiffbot/build/serial': CMAKE_PREFIX_PATH=${CMAKE_PREFIX_PATH}:/home/jlukas/Desktop/My_Project/ROS2/techdiffbot/install/techdiffbot:/home/jlukas/Desktop/My_Project/ROS2/ros2_rpi_cv2/install/ros2_rpi_cv2:/home/jlukas/Desktop/My_Project/ROS2/rover/install/rover:/opt/ros/humble /usr/bin/cmake --build /home/jlukas/Desktop/My_Project/ROS2/techdiffbot/build/serial -- -j4 -l4
[0.990s] [ 14%] Built target gtest_main
[0.991s] [ 42%] Built target serial
[0.991s] [ 57%] Built target gtest
[0.991s] [ 71%] Built target serial_example
[0.991s] [ 85%] Built target serial-test
[0.991s] [100%] Built target serial-test-timer
[1.006s] Invoked command in '/home/jlukas/Desktop/My_Project/ROS2/techdiffbot/build/serial' returned '0': CMAKE_PREFIX_PATH=${CMAKE_PREFIX_PATH}:/home/jlukas/Desktop/My_Project/ROS2/techdiffbot/install/techdiffbot:/home/jlukas/Desktop/My_Project/ROS2/ros2_rpi_cv2/install/ros2_rpi_cv2:/home/jlukas/Desktop/My_Project/ROS2/rover/install/rover:/opt/ros/humble /usr/bin/cmake --build /home/jlukas/Desktop/My_Project/ROS2/techdiffbot/build/serial -- -j4 -l4
[1.260s] Invoking command in '/home/jlukas/Desktop/My_Project/ROS2/techdiffbot/build/serial': CMAKE_PREFIX_PATH=${CMAKE_PREFIX_PATH}:/home/jlukas/Desktop/My_Project/ROS2/techdiffbot/install/techdiffbot:/home/jlukas/Desktop/My_Project/ROS2/ros2_rpi_cv2/install/ros2_rpi_cv2:/home/jlukas/Desktop/My_Project/ROS2/rover/install/rover:/opt/ros/humble /usr/bin/cmake --install /home/jlukas/Desktop/My_Project/ROS2/techdiffbot/build/serial
[1.287s] -- Install configuration: ""
[1.288s] -- Execute custom install script
[1.289s] -- Up-to-date symlink: /home/jlukas/Desktop/My_Project/ROS2/techdiffbot/install/serial/lib/libserial.a
[1.291s] -- Up-to-date symlink: /home/jlukas/Desktop/My_Project/ROS2/techdiffbot/install/serial/include/serial/serial.h
[1.294s] -- Up-to-date symlink: /home/jlukas/Desktop/My_Project/ROS2/techdiffbot/install/serial/include/serial/v8stdint.h
[1.295s] -- Up-to-date symlink: /home/jlukas/Desktop/My_Project/ROS2/techdiffbot/install/serial/share/serial/environment/library_path.sh
[1.296s] -- Up-to-date symlink: /home/jlukas/Desktop/My_Project/ROS2/techdiffbot/install/serial/share/serial/environment/library_path.dsv
[1.297s] -- Up-to-date symlink: /home/jlukas/Desktop/My_Project/ROS2/techdiffbot/install/serial/share/ament_index/resource_index/package_run_dependencies/serial
[1.298s] -- Up-to-date symlink: /home/jlukas/Desktop/My_Project/ROS2/techdiffbot/install/serial/share/ament_index/resource_index/parent_prefix_path/serial
[1.299s] -- Up-to-date symlink: /home/jlukas/Desktop/My_Project/ROS2/techdiffbot/install/serial/share/serial/environment/ament_prefix_path.sh
[1.299s] -- Up-to-date symlink: /home/jlukas/Desktop/My_Project/ROS2/techdiffbot/install/serial/share/serial/environment/ament_prefix_path.dsv
[1.299s] -- Up-to-date symlink: /home/jlukas/Desktop/My_Project/ROS2/techdiffbot/install/serial/share/serial/environment/path.sh
[1.299s] -- Up-to-date symlink: /home/jlukas/Desktop/My_Project/ROS2/techdiffbot/install/serial/share/serial/environment/path.dsv
[1.299s] -- Up-to-date symlink: /home/jlukas/Desktop/My_Project/ROS2/techdiffbot/install/serial/share/serial/local_setup.bash
[1.299s] -- Up-to-date symlink: /home/jlukas/Desktop/My_Project/ROS2/techdiffbot/install/serial/share/serial/local_setup.sh
[1.299s] -- Up-to-date symlink: /home/jlukas/Desktop/My_Project/ROS2/techdiffbot/install/serial/share/serial/local_setup.zsh
[1.299s] -- Up-to-date symlink: /home/jlukas/Desktop/My_Project/ROS2/techdiffbot/install/serial/share/serial/local_setup.dsv
[1.299s] -- Symlinking: /home/jlukas/Desktop/My_Project/ROS2/techdiffbot/install/serial/share/serial/package.dsv
[1.307s] -- Up-to-date symlink: /home/jlukas/Desktop/My_Project/ROS2/techdiffbot/install/serial/share/ament_index/resource_index/packages/serial
[1.307s] -- Up-to-date symlink: /home/jlukas/Desktop/My_Project/ROS2/techdiffbot/install/serial/share/serial/cmake/ament_cmake_export_include_directories-extras.cmake
[1.307s] -- Up-to-date symlink: /home/jlukas/Desktop/My_Project/ROS2/techdiffbot/install/serial/share/serial/cmake/ament_cmake_export_libraries-extras.cmake
[1.307s] -- Up-to-date symlink: /home/jlukas/Desktop/My_Project/ROS2/techdiffbot/install/serial/share/serial/cmake/serialConfig.cmake
[1.307s] -- Up-to-date symlink: /home/jlukas/Desktop/My_Project/ROS2/techdiffbot/install/serial/share/serial/cmake/serialConfig-version.cmake
[1.307s] -- Up-to-date symlink: /home/jlukas/Desktop/My_Project/ROS2/techdiffbot/install/serial/share/serial/package.xml
[1.311s] Invoked command in '/home/jlukas/Desktop/My_Project/ROS2/techdiffbot/build/serial' returned '0': CMAKE_PREFIX_PATH=${CMAKE_PREFIX_PATH}:/home/jlukas/Desktop/My_Project/ROS2/techdiffbot/install/techdiffbot:/home/jlukas/Desktop/My_Project/ROS2/ros2_rpi_cv2/install/ros2_rpi_cv2:/home/jlukas/Desktop/My_Project/ROS2/rover/install/rover:/opt/ros/humble /usr/bin/cmake --install /home/jlukas/Desktop/My_Project/ROS2/techdiffbot/build/serial
