[0.854s] Invoking command in '/home/jlukas/My_Project/ROS2/ros2_rpi_vision/src/ros2_rpi_vision': PYTHONPATH=/home/jlukas/My_Project/ROS2/ros2_rpi_vision/build/ros2_rpi_vision/prefix_override:/home/jlukas/My_Project/ROS2/ros2_rpi_vision/install/ros2_rpi_vision/lib/python3.10/site-packages:${PYTHONPATH} /usr/bin/python3 setup.py egg_info --egg-base ../../build/ros2_rpi_vision build --build-base /home/jlukas/My_Project/ROS2/ros2_rpi_vision/build/ros2_rpi_vision/build install --record /home/jlukas/My_Project/ROS2/ros2_rpi_vision/build/ros2_rpi_vision/install.log --single-version-externally-managed
[1.084s] running egg_info
[1.085s] writing ../../build/ros2_rpi_vision/ros2_rpi_vision.egg-info/PKG-INFO
[1.085s] writing dependency_links to ../../build/ros2_rpi_vision/ros2_rpi_vision.egg-info/dependency_links.txt
[1.085s] writing entry points to ../../build/ros2_rpi_vision/ros2_rpi_vision.egg-info/entry_points.txt
[1.086s] writing requirements to ../../build/ros2_rpi_vision/ros2_rpi_vision.egg-info/requires.txt
[1.086s] writing top-level names to ../../build/ros2_rpi_vision/ros2_rpi_vision.egg-info/top_level.txt
[1.088s] reading manifest file '../../build/ros2_rpi_vision/ros2_rpi_vision.egg-info/SOURCES.txt'
[1.089s] writing manifest file '../../build/ros2_rpi_vision/ros2_rpi_vision.egg-info/SOURCES.txt'
[1.089s] running build
[1.090s] running build_py
[1.090s] running install
[1.090s] /usr/lib/python3/dist-packages/setuptools/command/install.py:34: SetuptoolsDeprecationWarning: setup.py install is deprecated. Use build and pip and other standards-based tools.
[1.090s]   warnings.warn(
[1.090s] running install_lib
[1.091s] running install_data
[1.092s] running install_egg_info
[1.094s] removing '/home/jlukas/My_Project/ROS2/ros2_rpi_vision/install/ros2_rpi_vision/lib/python3.10/site-packages/ros2_rpi_vision-0.0.0-py3.10.egg-info' (and everything under it)
[1.094s] Copying ../../build/ros2_rpi_vision/ros2_rpi_vision.egg-info to /home/jlukas/My_Project/ROS2/ros2_rpi_vision/install/ros2_rpi_vision/lib/python3.10/site-packages/ros2_rpi_vision-0.0.0-py3.10.egg-info
[1.095s] running install_scripts
[1.117s] writing list of installed files to '/home/jlukas/My_Project/ROS2/ros2_rpi_vision/build/ros2_rpi_vision/install.log'
[1.149s] Invoked command in '/home/jlukas/My_Project/ROS2/ros2_rpi_vision/src/ros2_rpi_vision' returned '0': PYTHONPATH=/home/jlukas/My_Project/ROS2/ros2_rpi_vision/build/ros2_rpi_vision/prefix_override:/home/jlukas/My_Project/ROS2/ros2_rpi_vision/install/ros2_rpi_vision/lib/python3.10/site-packages:${PYTHONPATH} /usr/bin/python3 setup.py egg_info --egg-base ../../build/ros2_rpi_vision build --build-base /home/jlukas/My_Project/ROS2/ros2_rpi_vision/build/ros2_rpi_vision/build install --record /home/jlukas/My_Project/ROS2/ros2_rpi_vision/build/ros2_rpi_vision/install.log --single-version-externally-managed
