[1.044s] Invoking command in '/home/jlukas/Desktop/My_Project/ROS2/techdiffbot/build/serial': CMAKE_PREFIX_PATH=${CMAKE_PREFIX_PATH}:/home/jlukas/Desktop/My_Project/ROS2/techdiffbot/install/techdiffbot:/home/jlukas/Desktop/My_Project/ROS2/ros2_rpi_cv2/install/ros2_rpi_cv2:/home/jlukas/Desktop/My_Project/ROS2/rover/install/rover:/opt/ros/humble /usr/bin/cmake --build /home/jlukas/Desktop/My_Project/ROS2/techdiffbot/build/serial -- -j4 -l4
[1.384s] [ 28%] Built target serial
[1.524s] [ 42%] Built target gtest
[1.719s] [ 57%] Built target serial_example
[1.895s] [ 71%] Built target gtest_main
[2.047s] [ 85%] Built target serial-test
[2.212s] [100%] Built target serial-test-timer
[2.831s] Invoked command in '/home/jlukas/Desktop/My_Project/ROS2/techdiffbot/build/serial' returned '0': CMAKE_PREFIX_PATH=${CMAKE_PREFIX_PATH}:/home/jlukas/Desktop/My_Project/ROS2/techdiffbot/install/techdiffbot:/home/jlukas/Desktop/My_Project/ROS2/ros2_rpi_cv2/install/ros2_rpi_cv2:/home/jlukas/Desktop/My_Project/ROS2/rover/install/rover:/opt/ros/humble /usr/bin/cmake --build /home/jlukas/Desktop/My_Project/ROS2/techdiffbot/build/serial -- -j4 -l4
[3.279s] Invoking command in '/home/jlukas/Desktop/My_Project/ROS2/techdiffbot/build/serial': CMAKE_PREFIX_PATH=${CMAKE_PREFIX_PATH}:/home/jlukas/Desktop/My_Project/ROS2/techdiffbot/install/techdiffbot:/home/jlukas/Desktop/My_Project/ROS2/ros2_rpi_cv2/install/ros2_rpi_cv2:/home/jlukas/Desktop/My_Project/ROS2/rover/install/rover:/opt/ros/humble /usr/bin/cmake --install /home/jlukas/Desktop/My_Project/ROS2/techdiffbot/build/serial
[3.332s] -- Install configuration: ""
[3.360s] -- Execute custom install script
[3.360s] -- Up-to-date symlink: /home/jlukas/Desktop/My_Project/ROS2/techdiffbot/install/serial/lib/libserial.a
[3.360s] -- Up-to-date symlink: /home/jlukas/Desktop/My_Project/ROS2/techdiffbot/install/serial/include/serial/serial.h
[3.360s] -- Up-to-date symlink: /home/jlukas/Desktop/My_Project/ROS2/techdiffbot/install/serial/include/serial/v8stdint.h
[3.360s] -- Up-to-date symlink: /home/jlukas/Desktop/My_Project/ROS2/techdiffbot/install/serial/share/serial/environment/library_path.sh
[3.368s] -- Up-to-date symlink: /home/jlukas/Desktop/My_Project/ROS2/techdiffbot/install/serial/share/serial/environment/library_path.dsv
[3.371s] -- Up-to-date symlink: /home/jlukas/Desktop/My_Project/ROS2/techdiffbot/install/serial/share/ament_index/resource_index/package_run_dependencies/serial
[3.371s] -- Up-to-date symlink: /home/jlukas/Desktop/My_Project/ROS2/techdiffbot/install/serial/share/ament_index/resource_index/parent_prefix_path/serial
[3.376s] -- Up-to-date symlink: /home/jlukas/Desktop/My_Project/ROS2/techdiffbot/install/serial/share/serial/environment/ament_prefix_path.sh
[3.383s] -- Up-to-date symlink: /home/jlukas/Desktop/My_Project/ROS2/techdiffbot/install/serial/share/serial/environment/ament_prefix_path.dsv
[3.383s] -- Up-to-date symlink: /home/jlukas/Desktop/My_Project/ROS2/techdiffbot/install/serial/share/serial/environment/path.sh
[3.384s] -- Up-to-date symlink: /home/jlukas/Desktop/My_Project/ROS2/techdiffbot/install/serial/share/serial/environment/path.dsv
[3.384s] -- Up-to-date symlink: /home/jlukas/Desktop/My_Project/ROS2/techdiffbot/install/serial/share/serial/local_setup.bash
[3.387s] -- Up-to-date symlink: /home/jlukas/Desktop/My_Project/ROS2/techdiffbot/install/serial/share/serial/local_setup.sh
[3.387s] -- Up-to-date symlink: /home/jlukas/Desktop/My_Project/ROS2/techdiffbot/install/serial/share/serial/local_setup.zsh
[3.387s] -- Up-to-date symlink: /home/jlukas/Desktop/My_Project/ROS2/techdiffbot/install/serial/share/serial/local_setup.dsv
[3.387s] -- Symlinking: /home/jlukas/Desktop/My_Project/ROS2/techdiffbot/install/serial/share/serial/package.dsv
[3.396s] -- Up-to-date symlink: /home/jlukas/Desktop/My_Project/ROS2/techdiffbot/install/serial/share/ament_index/resource_index/packages/serial
[3.397s] -- Up-to-date symlink: /home/jlukas/Desktop/My_Project/ROS2/techdiffbot/install/serial/share/serial/cmake/ament_cmake_export_include_directories-extras.cmake
[3.399s] -- Up-to-date symlink: /home/jlukas/Desktop/My_Project/ROS2/techdiffbot/install/serial/share/serial/cmake/ament_cmake_export_libraries-extras.cmake
[3.399s] -- Up-to-date symlink: /home/jlukas/Desktop/My_Project/ROS2/techdiffbot/install/serial/share/serial/cmake/serialConfig.cmake
[3.407s] -- Up-to-date symlink: /home/jlukas/Desktop/My_Project/ROS2/techdiffbot/install/serial/share/serial/cmake/serialConfig-version.cmake
[3.408s] -- Up-to-date symlink: /home/jlukas/Desktop/My_Project/ROS2/techdiffbot/install/serial/share/serial/package.xml
[3.435s] Invoked command in '/home/jlukas/Desktop/My_Project/ROS2/techdiffbot/build/serial' returned '0': CMAKE_PREFIX_PATH=${CMAKE_PREFIX_PATH}:/home/jlukas/Desktop/My_Project/ROS2/techdiffbot/install/techdiffbot:/home/jlukas/Desktop/My_Project/ROS2/ros2_rpi_cv2/install/ros2_rpi_cv2:/home/jlukas/Desktop/My_Project/ROS2/rover/install/rover:/opt/ros/humble /usr/bin/cmake --install /home/jlukas/Desktop/My_Project/ROS2/techdiffbot/build/serial
