[1.085s] Invoking command in '/home/jlukas/My_Project/ROS2/ros2_nav2_cartographer/src/ros2_nav2_cartographer': PYTHONPATH=/home/jlukas/My_Project/ROS2/ros2_nav2_cartographer/build/ros2_nav2_cartographer/prefix_override:/home/jlukas/My_Project/ROS2/ros2_nav2_cartographer/install/ros2_nav2_cartographer/lib/python3.10/site-packages:${PYTHONPATH} WSLENV=ELECTRON_RUN_AS_NODE/w: /usr/bin/python3 setup.py egg_info --egg-base ../../build/ros2_nav2_cartographer build --build-base /home/jlukas/My_Project/ROS2/ros2_nav2_cartographer/build/ros2_nav2_cartographer/build install --record /home/jlukas/My_Project/ROS2/ros2_nav2_cartographer/build/ros2_nav2_cartographer/install.log --single-version-externally-managed
[1.299s] running egg_info
[1.300s] writing ../../build/ros2_nav2_cartographer/ros2_nav2_cartographer.egg-info/PKG-INFO
[1.301s] writing dependency_links to ../../build/ros2_nav2_cartographer/ros2_nav2_cartographer.egg-info/dependency_links.txt
[1.301s] writing entry points to ../../build/ros2_nav2_cartographer/ros2_nav2_cartographer.egg-info/entry_points.txt
[1.301s] writing requirements to ../../build/ros2_nav2_cartographer/ros2_nav2_cartographer.egg-info/requires.txt
[1.301s] writing top-level names to ../../build/ros2_nav2_cartographer/ros2_nav2_cartographer.egg-info/top_level.txt
[1.303s] reading manifest file '../../build/ros2_nav2_cartographer/ros2_nav2_cartographer.egg-info/SOURCES.txt'
[1.305s] writing manifest file '../../build/ros2_nav2_cartographer/ros2_nav2_cartographer.egg-info/SOURCES.txt'
[1.305s] running build
[1.305s] running build_py
[1.305s] running install
[1.306s] /usr/lib/python3/dist-packages/setuptools/command/install.py:34: SetuptoolsDeprecationWarning: setup.py install is deprecated. Use build and pip and other standards-based tools.
[1.306s]   warnings.warn(
[1.306s] running install_lib
[1.307s] running install_data
[1.308s] running install_egg_info
[1.310s] removing '/home/jlukas/My_Project/ROS2/ros2_nav2_cartographer/install/ros2_nav2_cartographer/lib/python3.10/site-packages/ros2_nav2_cartographer-0.0.0-py3.10.egg-info' (and everything under it)
[1.310s] Copying ../../build/ros2_nav2_cartographer/ros2_nav2_cartographer.egg-info to /home/jlukas/My_Project/ROS2/ros2_nav2_cartographer/install/ros2_nav2_cartographer/lib/python3.10/site-packages/ros2_nav2_cartographer-0.0.0-py3.10.egg-info
[1.312s] running install_scripts
[1.334s] Installing sdf_spawner script to /home/jlukas/My_Project/ROS2/ros2_nav2_cartographer/install/ros2_nav2_cartographer/lib/ros2_nav2_cartographer
[1.335s] writing list of installed files to '/home/jlukas/My_Project/ROS2/ros2_nav2_cartographer/build/ros2_nav2_cartographer/install.log'
[1.360s] Invoked command in '/home/jlukas/My_Project/ROS2/ros2_nav2_cartographer/src/ros2_nav2_cartographer' returned '0': PYTHONPATH=/home/jlukas/My_Project/ROS2/ros2_nav2_cartographer/build/ros2_nav2_cartographer/prefix_override:/home/jlukas/My_Project/ROS2/ros2_nav2_cartographer/install/ros2_nav2_cartographer/lib/python3.10/site-packages:${PYTHONPATH} WSLENV=ELECTRON_RUN_AS_NODE/w: /usr/bin/python3 setup.py egg_info --egg-base ../../build/ros2_nav2_cartographer build --build-base /home/jlukas/My_Project/ROS2/ros2_nav2_cartographer/build/ros2_nav2_cartographer/build install --record /home/jlukas/My_Project/ROS2/ros2_nav2_cartographer/build/ros2_nav2_cartographer/install.log --single-version-externally-managed
