[1.420s] Invoking command in '/home/jlukas/Desktop/My_Project/ROS2/techdiffbot/build/rviz_plugin_tutorials': CMAKE_PREFIX_PATH=${CMAKE_PREFIX_PATH}:/home/jlukas/Desktop/My_Project/ROS2/ros2_rpi_cv2/install/ros2_rpi_cv2:/home/jlukas/Desktop/My_Project/ROS2/rover/install/rover:/opt/ros/humble /usr/bin/cmake /home/jlukas/Desktop/My_Project/ROS2/techdiffbot/src/visualization_tutorials/rviz_plugin_tutorials -DCMAKE_INSTALL_PREFIX=/home/jlukas/Desktop/My_Project/ROS2/techdiffbot/install/rviz_plugin_tutorials
[2.712s] -- The C compiler identification is GNU 11.4.0
[3.619s] -- The CXX compiler identification is GNU 11.4.0
[3.687s] -- Detecting C compiler ABI info
[4.187s] -- Detecting C compiler ABI info - done
[4.218s] -- Check for working C compiler: /usr/bin/cc - skipped
[4.222s] -- Detecting C compile features
[4.230s] -- Detecting C compile features - done
[4.250s] -- Detecting CXX compiler ABI info
[4.774s] -- Detecting CXX compiler ABI info - done
[4.817s] -- Check for working CXX compiler: /usr/bin/c++ - skipped
[4.819s] -- Detecting CXX compile features
[4.822s] -- Detecting CXX compile features - done
[4.875s] -- Found ament_cmake: 1.3.8 (/opt/ros/humble/share/ament_cmake/cmake)
[6.006s] -- Found Python3: /usr/bin/python3 (found version "3.10.12") found components: Interpreter 
[7.192s] -- Found geometry_msgs: 4.2.3 (/opt/ros/humble/share/geometry_msgs/cmake)
[7.844s] -- Found rosidl_generator_c: 3.1.5 (/opt/ros/humble/share/rosidl_generator_c/cmake)
[7.946s] -- Found rosidl_adapter: 3.1.5 (/opt/ros/humble/share/rosidl_adapter/cmake)
[8.070s] -- Found rosidl_generator_cpp: 3.1.5 (/opt/ros/humble/share/rosidl_generator_cpp/cmake)
[8.234s] -- Using all available rosidl_typesupport_c: rosidl_typesupport_fastrtps_c;rosidl_typesupport_introspection_c
[8.464s] -- Using all available rosidl_typesupport_cpp: rosidl_typesupport_fastrtps_cpp;rosidl_typesupport_introspection_cpp
[9.192s] -- Found pluginlib: 5.1.0 (/opt/ros/humble/share/pluginlib/cmake)
[9.876s] -- Found rclcpp: 16.0.8 (/opt/ros/humble/share/rclcpp/cmake)
[10.456s] -- Found rmw_implementation_cmake: 6.1.1 (/opt/ros/humble/share/rmw_implementation_cmake/cmake)
[10.504s] -- Found rmw_fastrtps_cpp: 6.2.6 (/opt/ros/humble/share/rmw_fastrtps_cpp/cmake)
[10.850s] -- Found TinyXML2 via Config file: TinyXML2_DIR-NOTFOUND
[11.144s] -- Found OpenSSL: /usr/lib/aarch64-linux-gnu/libcrypto.so (found version "3.0.2")  
[11.159s] -- Found TinyXML2 via Config file: TinyXML2_DIR-NOTFOUND
[11.277s] -- Found FastRTPS: /opt/ros/humble/include  
[11.314s] -- Found TinyXML2 via Config file: TinyXML2_DIR-NOTFOUND
[11.350s] -- Found TinyXML2 via Config file: TinyXML2_DIR-NOTFOUND
[11.397s] -- Using RMW implementation 'rmw_fastrtps_cpp' as default
[11.562s] -- Looking for pthread.h
[12.042s] -- Looking for pthread.h - found
[12.045s] -- Performing Test CMAKE_HAVE_LIBC_PTHREAD
[12.502s] -- Performing Test CMAKE_HAVE_LIBC_PTHREAD - Success
[12.508s] -- Found Threads: TRUE  
[13.308s] -- Found rviz_common: 11.2.11 (/opt/ros/humble/share/rviz_common/cmake)
[13.564s] -- Setting OGRE_DIR to: '/opt/ros/humble/share/rviz_ogre_vendor/cmake/../../../opt/rviz_ogre_vendor/lib/OGRE/cmake'
[13.578s] -- Found OGRE
[13.590s] --   static     : OFF
[13.590s] --   components : HLMS;MeshLodGenerator;Overlay;Paging;Property;RTShaderSystem;Terrain;Volume
[13.591s] --   plugins    : Plugin_BSPSceneManager;Plugin_OctreeSceneManager;Plugin_PCZSceneManager;Plugin_ParticleFX;RenderSystem_GL;RenderSystem_GL3Plus;Codec_STBI
[13.591s] --   media      : /opt/ros/humble/opt/rviz_ogre_vendor/share/OGRE/Media
[13.591s] -- OGRE_LIBRARIES: OgreHLMS;OgreMeshLodGenerator;OgreOverlay;OgrePaging;OgreProperty;OgreRTShaderSystem;OgreTerrain;OgreVolume;OgreMain
[13.592s] -- OGRE_LIBRARY_DIRS: /opt/ros/humble/opt/rviz_ogre_vendor/lib
[13.592s] -- OGRE_PLUGINS: Plugin_BSPSceneManager;Plugin_OctreeSceneManager;Plugin_PCZSceneManager;Plugin_ParticleFX;RenderSystem_GL;RenderSystem_GL3Plus;Codec_STBI
[13.592s] -- OGRE_PLUGIN_DIR: /opt/ros/humble/opt/rviz_ogre_vendor/lib/OGRE
[13.594s] -- rviz_ogre_vendor::OgreOverlay for IMPORTED_LOCATION_RELEASE: /opt/ros/humble/opt/rviz_ogre_vendor/lib/libOgreOverlay.so
[13.595s] -- rviz_ogre_vendor::OgreOverlay for IMPORTED_LOCATION_DEBUG: /opt/ros/humble/opt/rviz_ogre_vendor/lib/libOgreOverlay.so
[13.597s] -- rviz_ogre_vendor::OgreMain for IMPORTED_LOCATION_RELEASE: /opt/ros/humble/opt/rviz_ogre_vendor/lib/libOgreMain.so
[13.597s] -- rviz_ogre_vendor::OgreMain for IMPORTED_LOCATION_DEBUG: /opt/ros/humble/opt/rviz_ogre_vendor/lib/libOgreMain.so
[13.598s] -- Could not find freeimage library
[13.706s] -- Found ZLIB: /usr/lib/aarch64-linux-gnu/libz.so (found version "1.2.11") 
[13.754s] -- Found OpenGL: /usr/lib/aarch64-linux-gnu/libOpenGL.so   
[14.378s] -- Found X11: /usr/include   
[14.383s] -- Looking for XOpenDisplay in /usr/lib/aarch64-linux-gnu/libX11.so;/usr/lib/aarch64-linux-gnu/libXext.so
[14.829s] -- Looking for XOpenDisplay in /usr/lib/aarch64-linux-gnu/libX11.so;/usr/lib/aarch64-linux-gnu/libXext.so - found
[14.837s] -- Looking for gethostbyname
[15.271s] -- Looking for gethostbyname - found
[15.272s] -- Looking for connect
[15.688s] -- Looking for connect - found
[15.688s] -- Looking for remove
[16.122s] -- Looking for remove - found
[16.123s] -- Looking for shmat
[16.544s] -- Looking for shmat - found
[16.546s] -- Looking for IceConnectionNumber in ICE
[17.023s] -- Looking for IceConnectionNumber in ICE - found
[17.032s] -- rviz_ogre_vendor::RenderSystem_GL for IMPORTED_LOCATION_RELEASE: _render_system_gl_static_library_abs-NOTFOUND
[17.034s] -- rviz_ogre_vendor::RenderSystem_GL for IMPORTED_LOCATION_DEBUG: _render_system_gl_static_library_abs-NOTFOUND
[17.973s] -- library: /usr/lib/aarch64-linux-gnu/libcurl.so
[18.866s] -- Found Eigen3: TRUE (found version "3.4.0") 
[18.867s] -- Ensuring Eigen3 include directory is part of orocos-kdl CMake target
[22.746s] -- Found ament_lint_auto: 0.12.10 (/opt/ros/humble/share/ament_lint_auto/cmake)
[24.770s] -- Deploy OGRE media
[24.787s] -- Added test 'copyright' to check source files copyright and LICENSE
[24.852s] -- Added test 'cppcheck' to perform static code analysis on C / C++ code
[24.860s] -- Configured cppcheck include dirs: 
[24.862s] -- Configured cppcheck exclude dirs and/or files: 
[24.983s] -- Added test 'cpplint' to check C / C++ code against the Google style
[24.985s] -- Configured cpplint exclude dirs and/or files: 
[25.011s] -- Added test 'flake8' to check Python code syntax and style conventions
[25.042s] -- Added test 'lint_cmake' to check CMake code style
[25.079s] -- Added test 'pep257' to check Python code against some of the docstring style conventions in PEP 257
[25.116s] -- Added test 'uncrustify' to check C / C++ code style
[25.118s] -- Configured uncrustify additional arguments: 
[25.128s] -- Added test 'xmllint' to check XML markup files
[25.149s] -- Configuring done
[25.615s] -- Generating done
[25.632s] -- Build files have been written to: /home/jlukas/Desktop/My_Project/ROS2/techdiffbot/build/rviz_plugin_tutorials
[25.829s] Invoked command in '/home/jlukas/Desktop/My_Project/ROS2/techdiffbot/build/rviz_plugin_tutorials' returned '0': CMAKE_PREFIX_PATH=${CMAKE_PREFIX_PATH}:/home/jlukas/Desktop/My_Project/ROS2/ros2_rpi_cv2/install/ros2_rpi_cv2:/home/jlukas/Desktop/My_Project/ROS2/rover/install/rover:/opt/ros/humble /usr/bin/cmake /home/jlukas/Desktop/My_Project/ROS2/techdiffbot/src/visualization_tutorials/rviz_plugin_tutorials -DCMAKE_INSTALL_PREFIX=/home/jlukas/Desktop/My_Project/ROS2/techdiffbot/install/rviz_plugin_tutorials
[25.832s] Invoking command in '/home/jlukas/Desktop/My_Project/ROS2/techdiffbot/build/rviz_plugin_tutorials': CMAKE_PREFIX_PATH=${CMAKE_PREFIX_PATH}:/home/jlukas/Desktop/My_Project/ROS2/ros2_rpi_cv2/install/ros2_rpi_cv2:/home/jlukas/Desktop/My_Project/ROS2/rover/install/rover:/opt/ros/humble /usr/bin/cmake --build /home/jlukas/Desktop/My_Project/ROS2/techdiffbot/build/rviz_plugin_tutorials -- -j4 -l4
[26.617s] [ 12%] [34m[1mAutomatic MOC for target rviz_plugin_tutorials[0m
[33.015s] [ 12%] Built target rviz_plugin_tutorials_autogen
[33.327s] [ 25%] [32mBuilding CXX object CMakeFiles/rviz_plugin_tutorials.dir/src/drive_widget.cpp.o[0m
[33.361s] [ 37%] [32mBuilding CXX object CMakeFiles/rviz_plugin_tutorials.dir/rviz_plugin_tutorials_autogen/mocs_compilation.cpp.o[0m
[33.385s] [ 50%] [32mBuilding CXX object CMakeFiles/rviz_plugin_tutorials.dir/src/imu_display.cpp.o[0m
[33.480s] [ 62%] [32mBuilding CXX object CMakeFiles/rviz_plugin_tutorials.dir/src/imu_visual.cpp.o[0m
[161.834s] [ 75%] [32mBuilding CXX object CMakeFiles/rviz_plugin_tutorials.dir/src/teleop_panel.cpp.o[0m
[195.340s] [ 87%] [32mBuilding CXX object CMakeFiles/rviz_plugin_tutorials.dir/src/plant_flag_tool.cpp.o[0m
[227.238s] [100%] [32m[1mLinking CXX shared library librviz_plugin_tutorials.so[0m
[238.228s] [100%] Built target rviz_plugin_tutorials
