[6.006s] Invoking command in '/home/jlukas/ROS2/techdiffbot/build/diffdrive_arduino': CMAKE_PREFIX_PATH=${CMAKE_PREFIX_PATH}:/home/jlukas/ROS2/techdiffbot/install/techdiffbot:/home/jlukas/Desktop/My_Project/ROS2/ros2_rpi_cv2/install/ros2_rpi_cv2:/home/jlukas/Desktop/My_Project/ROS2/rover/install/rover:/home/jlukas/Desktop/My_Project/ROS2/techdiffbot/install/techdiffbot:/opt/ros/humble /usr/bin/cmake --build /home/jlukas/ROS2/techdiffbot/build/diffdrive_arduino -- -j4 -l4
[10.124s] [100%] Built target diffdrive_arduino
[13.475s] Invoked command in '/home/jlukas/ROS2/techdiffbot/build/diffdrive_arduino' returned '0': CMAKE_PREFIX_PATH=${CMAKE_PREFIX_PATH}:/home/jlukas/ROS2/techdiffbot/install/techdiffbot:/home/jlukas/Desktop/My_Project/ROS2/ros2_rpi_cv2/install/ros2_rpi_cv2:/home/jlukas/Desktop/My_Project/ROS2/rover/install/rover:/home/jlukas/Desktop/My_Project/ROS2/techdiffbot/install/techdiffbot:/opt/ros/humble /usr/bin/cmake --build /home/jlukas/ROS2/techdiffbot/build/diffdrive_arduino -- -j4 -l4
[13.952s] Invoking command in '/home/jlukas/ROS2/techdiffbot/build/diffdrive_arduino': CMAKE_PREFIX_PATH=${CMAKE_PREFIX_PATH}:/home/jlukas/ROS2/techdiffbot/install/techdiffbot:/home/jlukas/Desktop/My_Project/ROS2/ros2_rpi_cv2/install/ros2_rpi_cv2:/home/jlukas/Desktop/My_Project/ROS2/rover/install/rover:/home/jlukas/Desktop/My_Project/ROS2/techdiffbot/install/techdiffbot:/opt/ros/humble /usr/bin/cmake --install /home/jlukas/ROS2/techdiffbot/build/diffdrive_arduino
[14.067s] -- Install configuration: ""
[14.090s] -- Execute custom install script
[14.101s] -- Up-to-date symlink: /home/jlukas/ROS2/techdiffbot/install/diffdrive_arduino/share/diffdrive_arduino//diffdrive_arduino.xml
[14.122s] -- Up-to-date symlink: /home/jlukas/ROS2/techdiffbot/install/diffdrive_arduino/include/diffdrive_arduino/diffdrive_arduino/arduino_comms.hpp
[14.126s] -- Up-to-date symlink: /home/jlukas/ROS2/techdiffbot/install/diffdrive_arduino/include/diffdrive_arduino/diffdrive_arduino/diffbot_system.hpp
[14.130s] -- Up-to-date symlink: /home/jlukas/ROS2/techdiffbot/install/diffdrive_arduino/include/diffdrive_arduino/diffdrive_arduino/visibility_control.h
[14.135s] -- Up-to-date symlink: /home/jlukas/ROS2/techdiffbot/install/diffdrive_arduino/include/diffdrive_arduino/diffdrive_arduino/wheel.hpp
[14.149s] -- Up-to-date symlink: /home/jlukas/ROS2/techdiffbot/install/diffdrive_arduino/share/diffdrive_arduino/launch/view_robot.launch.py
[14.156s] -- Up-to-date symlink: /home/jlukas/ROS2/techdiffbot/install/diffdrive_arduino/share/diffdrive_arduino/ros2_control/diffbot.ros2_control.xacro
[14.166s] -- Up-to-date symlink: /home/jlukas/ROS2/techdiffbot/install/diffdrive_arduino/share/diffdrive_arduino/urdf/diffbot.materials.xacro
[14.178s] -- Up-to-date symlink: /home/jlukas/ROS2/techdiffbot/install/diffdrive_arduino/share/diffdrive_arduino/urdf/diffbot.urdf.xacro
[14.182s] -- Up-to-date symlink: /home/jlukas/ROS2/techdiffbot/install/diffdrive_arduino/share/diffdrive_arduino/urdf/diffbot_description.urdf.xacro
[14.186s] -- Up-to-date symlink: /home/jlukas/ROS2/techdiffbot/install/diffdrive_arduino/share/diffdrive_arduino/rviz/diffbot.rviz
[14.189s] -- Up-to-date symlink: /home/jlukas/ROS2/techdiffbot/install/diffdrive_arduino/share/diffdrive_arduino/rviz/diffbot_view.rviz
[14.200s] -- Up-to-date symlink: /home/jlukas/ROS2/techdiffbot/install/diffdrive_arduino/share/diffdrive_arduino/launch/diffbot.launch.py
[14.210s] -- Up-to-date symlink: /home/jlukas/ROS2/techdiffbot/install/diffdrive_arduino/share/diffdrive_arduino/config/diffbot_controllers.yaml
[14.220s] -- Up-to-date symlink: /home/jlukas/ROS2/techdiffbot/install/diffdrive_arduino/share/diffdrive_arduino/environment/library_path.sh
[14.223s] -- Up-to-date symlink: /home/jlukas/ROS2/techdiffbot/install/diffdrive_arduino/share/diffdrive_arduino/environment/library_path.dsv
[14.229s] -- Up-to-date symlink: /home/jlukas/ROS2/techdiffbot/install/diffdrive_arduino/share/ament_index/resource_index/package_run_dependencies/diffdrive_arduino
[14.234s] -- Up-to-date symlink: /home/jlukas/ROS2/techdiffbot/install/diffdrive_arduino/share/ament_index/resource_index/parent_prefix_path/diffdrive_arduino
[14.248s] -- Up-to-date symlink: /home/jlukas/ROS2/techdiffbot/install/diffdrive_arduino/share/diffdrive_arduino/environment/ament_prefix_path.sh
[14.253s] -- Up-to-date symlink: /home/jlukas/ROS2/techdiffbot/install/diffdrive_arduino/share/diffdrive_arduino/environment/ament_prefix_path.dsv
[14.258s] -- Up-to-date symlink: /home/jlukas/ROS2/techdiffbot/install/diffdrive_arduino/share/diffdrive_arduino/environment/path.sh
[14.263s] -- Up-to-date symlink: /home/jlukas/ROS2/techdiffbot/install/diffdrive_arduino/share/diffdrive_arduino/environment/path.dsv
[14.268s] -- Up-to-date symlink: /home/jlukas/ROS2/techdiffbot/install/diffdrive_arduino/share/diffdrive_arduino/local_setup.bash
[14.275s] -- Up-to-date symlink: /home/jlukas/ROS2/techdiffbot/install/diffdrive_arduino/share/diffdrive_arduino/local_setup.sh
[14.279s] -- Up-to-date symlink: /home/jlukas/ROS2/techdiffbot/install/diffdrive_arduino/share/diffdrive_arduino/local_setup.zsh
[14.285s] -- Up-to-date symlink: /home/jlukas/ROS2/techdiffbot/install/diffdrive_arduino/share/diffdrive_arduino/local_setup.dsv
[14.290s] -- Symlinking: /home/jlukas/ROS2/techdiffbot/install/diffdrive_arduino/share/diffdrive_arduino/package.dsv
[14.419s] -- Up-to-date symlink: /home/jlukas/ROS2/techdiffbot/install/diffdrive_arduino/share/ament_index/resource_index/packages/diffdrive_arduino
[14.438s] -- Up-to-date symlink: /home/jlukas/ROS2/techdiffbot/install/diffdrive_arduino/share/ament_index/resource_index/hardware_interface__pluginlib__plugin/diffdrive_arduino
[14.441s] -- Up-to-date symlink: /home/jlukas/ROS2/techdiffbot/install/diffdrive_arduino/share/diffdrive_arduino/cmake/ament_cmake_export_targets-extras.cmake
[14.445s] -- Up-to-date symlink: /home/jlukas/ROS2/techdiffbot/install/diffdrive_arduino/share/diffdrive_arduino/cmake/ament_cmake_export_dependencies-extras.cmake
[14.446s] -- Up-to-date symlink: /home/jlukas/ROS2/techdiffbot/install/diffdrive_arduino/share/diffdrive_arduino/cmake/diffdrive_arduinoConfig.cmake
[14.450s] -- Up-to-date symlink: /home/jlukas/ROS2/techdiffbot/install/diffdrive_arduino/share/diffdrive_arduino/cmake/diffdrive_arduinoConfig-version.cmake
[14.457s] -- Up-to-date symlink: /home/jlukas/ROS2/techdiffbot/install/diffdrive_arduino/share/diffdrive_arduino/package.xml
[14.466s] -- Up-to-date: /home/jlukas/ROS2/techdiffbot/install/diffdrive_arduino/lib/libdiffdrive_arduino.so
[14.484s] -- Up-to-date: /home/jlukas/ROS2/techdiffbot/install/diffdrive_arduino/share/diffdrive_arduino/cmake/export_diffdrive_arduinoExport.cmake
[14.485s] -- Up-to-date: /home/jlukas/ROS2/techdiffbot/install/diffdrive_arduino/share/diffdrive_arduino/cmake/export_diffdrive_arduinoExport-noconfig.cmake
[15.405s] Invoked command in '/home/jlukas/ROS2/techdiffbot/build/diffdrive_arduino' returned '0': CMAKE_PREFIX_PATH=${CMAKE_PREFIX_PATH}:/home/jlukas/ROS2/techdiffbot/install/techdiffbot:/home/jlukas/Desktop/My_Project/ROS2/ros2_rpi_cv2/install/ros2_rpi_cv2:/home/jlukas/Desktop/My_Project/ROS2/rover/install/rover:/home/jlukas/Desktop/My_Project/ROS2/techdiffbot/install/techdiffbot:/opt/ros/humble /usr/bin/cmake --install /home/jlukas/ROS2/techdiffbot/build/diffdrive_arduino
