[0.855s] Invoking command in '/home/jlukas/Desktop/My_Project/ROS2/techdiffbot/build/visualization_marker_tutorials': CMAKE_PREFIX_PATH=${CMAKE_PREFIX_PATH}:/home/jlukas/Desktop/My_Project/ROS2/techdiffbot/install/techdiffbot:/home/jlukas/Desktop/My_Project/ROS2/ros2_rpi_cv2/install/ros2_rpi_cv2:/home/jlukas/Desktop/My_Project/ROS2/rover/install/rover:/opt/ros/humble /usr/bin/cmake --build /home/jlukas/Desktop/My_Project/ROS2/techdiffbot/build/visualization_marker_tutorials -- -j4 -l4
[1.381s] [ 50%] Built target basic_shapes
[1.439s] [100%] Built target points_and_lines
[1.530s] Invoked command in '/home/jlukas/Desktop/My_Project/ROS2/techdiffbot/build/visualization_marker_tutorials' returned '0': CMAKE_PREFIX_PATH=${CMAKE_PREFIX_PATH}:/home/jlukas/Desktop/My_Project/ROS2/techdiffbot/install/techdiffbot:/home/jlukas/Desktop/My_Project/ROS2/ros2_rpi_cv2/install/ros2_rpi_cv2:/home/jlukas/Desktop/My_Project/ROS2/rover/install/rover:/opt/ros/humble /usr/bin/cmake --build /home/jlukas/Desktop/My_Project/ROS2/techdiffbot/build/visualization_marker_tutorials -- -j4 -l4
[1.844s] Invoking command in '/home/jlukas/Desktop/My_Project/ROS2/techdiffbot/build/visualization_marker_tutorials': CMAKE_PREFIX_PATH=${CMAKE_PREFIX_PATH}:/home/jlukas/Desktop/My_Project/ROS2/techdiffbot/install/techdiffbot:/home/jlukas/Desktop/My_Project/ROS2/ros2_rpi_cv2/install/ros2_rpi_cv2:/home/jlukas/Desktop/My_Project/ROS2/rover/install/rover:/opt/ros/humble /usr/bin/cmake --install /home/jlukas/Desktop/My_Project/ROS2/techdiffbot/build/visualization_marker_tutorials
[1.885s] -- Install configuration: ""
[1.887s] -- Up-to-date: /home/jlukas/Desktop/My_Project/ROS2/techdiffbot/install/visualization_marker_tutorials/lib/visualization_marker_tutorials/basic_shapes
[1.890s] -- Up-to-date: /home/jlukas/Desktop/My_Project/ROS2/techdiffbot/install/visualization_marker_tutorials/lib/visualization_marker_tutorials/points_and_lines
[1.893s] -- Up-to-date: /home/jlukas/Desktop/My_Project/ROS2/techdiffbot/install/visualization_marker_tutorials/share/ament_index/resource_index/package_run_dependencies/visualization_marker_tutorials
[1.895s] -- Up-to-date: /home/jlukas/Desktop/My_Project/ROS2/techdiffbot/install/visualization_marker_tutorials/share/ament_index/resource_index/parent_prefix_path/visualization_marker_tutorials
[1.895s] -- Up-to-date: /home/jlukas/Desktop/My_Project/ROS2/techdiffbot/install/visualization_marker_tutorials/share/visualization_marker_tutorials/environment/ament_prefix_path.sh
[1.896s] -- Up-to-date: /home/jlukas/Desktop/My_Project/ROS2/techdiffbot/install/visualization_marker_tutorials/share/visualization_marker_tutorials/environment/ament_prefix_path.dsv
[1.896s] -- Up-to-date: /home/jlukas/Desktop/My_Project/ROS2/techdiffbot/install/visualization_marker_tutorials/share/visualization_marker_tutorials/environment/path.sh
[1.897s] -- Up-to-date: /home/jlukas/Desktop/My_Project/ROS2/techdiffbot/install/visualization_marker_tutorials/share/visualization_marker_tutorials/environment/path.dsv
[1.898s] -- Up-to-date: /home/jlukas/Desktop/My_Project/ROS2/techdiffbot/install/visualization_marker_tutorials/share/visualization_marker_tutorials/local_setup.bash
[1.899s] -- Up-to-date: /home/jlukas/Desktop/My_Project/ROS2/techdiffbot/install/visualization_marker_tutorials/share/visualization_marker_tutorials/local_setup.sh
[1.900s] -- Up-to-date: /home/jlukas/Desktop/My_Project/ROS2/techdiffbot/install/visualization_marker_tutorials/share/visualization_marker_tutorials/local_setup.zsh
[1.901s] -- Up-to-date: /home/jlukas/Desktop/My_Project/ROS2/techdiffbot/install/visualization_marker_tutorials/share/visualization_marker_tutorials/local_setup.dsv
[1.902s] -- Installing: /home/jlukas/Desktop/My_Project/ROS2/techdiffbot/install/visualization_marker_tutorials/share/visualization_marker_tutorials/package.dsv
[1.904s] -- Up-to-date: /home/jlukas/Desktop/My_Project/ROS2/techdiffbot/install/visualization_marker_tutorials/share/ament_index/resource_index/packages/visualization_marker_tutorials
[1.905s] -- Up-to-date: /home/jlukas/Desktop/My_Project/ROS2/techdiffbot/install/visualization_marker_tutorials/share/visualization_marker_tutorials/cmake/ament_cmake_export_dependencies-extras.cmake
[1.905s] -- Up-to-date: /home/jlukas/Desktop/My_Project/ROS2/techdiffbot/install/visualization_marker_tutorials/share/visualization_marker_tutorials/cmake/visualization_marker_tutorialsConfig.cmake
[1.907s] -- Up-to-date: /home/jlukas/Desktop/My_Project/ROS2/techdiffbot/install/visualization_marker_tutorials/share/visualization_marker_tutorials/cmake/visualization_marker_tutorialsConfig-version.cmake
[1.909s] -- Up-to-date: /home/jlukas/Desktop/My_Project/ROS2/techdiffbot/install/visualization_marker_tutorials/share/visualization_marker_tutorials/package.xml
[1.926s] Invoked command in '/home/jlukas/Desktop/My_Project/ROS2/techdiffbot/build/visualization_marker_tutorials' returned '0': CMAKE_PREFIX_PATH=${CMAKE_PREFIX_PATH}:/home/jlukas/Desktop/My_Project/ROS2/techdiffbot/install/techdiffbot:/home/jlukas/Desktop/My_Project/ROS2/ros2_rpi_cv2/install/ros2_rpi_cv2:/home/jlukas/Desktop/My_Project/ROS2/rover/install/rover:/opt/ros/humble /usr/bin/cmake --install /home/jlukas/Desktop/My_Project/ROS2/techdiffbot/build/visualization_marker_tutorials
