[1.865s] Invoking command in '/home/jlukas/My_Project/ROS2/techdiffbot/build/serial': CMAKE_PREFIX_PATH=${CMAKE_PREFIX_PATH}:/opt/ros/humble /usr/bin/cmake /home/jlukas/My_Project/ROS2/techdiffbot/src/serial -DAMENT_CMAKE_SYMLINK_INSTALL=1 -DCMAKE_INSTALL_PREFIX=/home/jlukas/My_Project/ROS2/techdiffbot/install/serial
[5.573s] -- The C compiler identification is GNU 11.4.0
[6.313s] -- The CXX compiler identification is GNU 11.4.0
[6.402s] -- Detecting C compiler ABI info
[7.361s] -- Detecting C compiler ABI info - done
[7.452s] -- Check for working C compiler: /usr/bin/cc - skipped
[7.455s] -- Detecting C compile features
[7.459s] -- Detecting C compile features - done
[7.497s] -- Detecting CXX compiler ABI info
[8.478s] -- Detecting CXX compiler ABI info - done
[8.573s] -- Check for working CXX compiler: /usr/bin/c++ - skipped
[8.577s] -- Detecting CXX compile features
[8.582s] -- Detecting CXX compile features - done
[8.662s] -- Found ament_cmake: 1.3.6 (/opt/ros/humble/share/ament_cmake/cmake)
[11.016s] -- Found Python3: /usr/bin/python3.10 (found version "3.10.12") found components: Interpreter 
[11.841s] -- Override CMake install command with custom implementation using symlinks instead of copying resources
[12.713s] -- Found ament_cmake_gtest: 1.3.6 (/opt/ros/humble/share/ament_cmake_gtest/cmake)
[12.957s] -- Found Boost: /usr/lib/aarch64-linux-gnu/cmake/Boost-1.74.0/BoostConfig.cmake (found version "1.74.0")  
[13.034s] -- Found gtest sources under '/opt/ros/humble/src/gtest_vendor': C++ tests using 'Google Test' will be built
[13.068s] -- Looking for pthread.h
[14.475s] -- Looking for pthread.h - found
[14.480s] -- Performing Test CMAKE_HAVE_LIBC_PTHREAD
[15.404s] -- Performing Test CMAKE_HAVE_LIBC_PTHREAD - Success
[15.413s] -- Found Threads: TRUE  
[16.451s] -- Configuring done
[16.648s] -- Generating done
[16.673s] -- Build files have been written to: /home/jlukas/My_Project/ROS2/techdiffbot/build/serial
[16.729s] Invoked command in '/home/jlukas/My_Project/ROS2/techdiffbot/build/serial' returned '0': CMAKE_PREFIX_PATH=${CMAKE_PREFIX_PATH}:/opt/ros/humble /usr/bin/cmake /home/jlukas/My_Project/ROS2/techdiffbot/src/serial -DAMENT_CMAKE_SYMLINK_INSTALL=1 -DCMAKE_INSTALL_PREFIX=/home/jlukas/My_Project/ROS2/techdiffbot/install/serial
[16.748s] Invoking command in '/home/jlukas/My_Project/ROS2/techdiffbot/build/serial': CMAKE_PREFIX_PATH=${CMAKE_PREFIX_PATH}:/opt/ros/humble /usr/bin/cmake --build /home/jlukas/My_Project/ROS2/techdiffbot/build/serial -- -j4 -l4
[17.264s] [  7%] [32mBuilding CXX object CMakeFiles/serial.dir/src/impl/unix.cc.o[0m
[17.311s] [ 14%] [32mBuilding CXX object CMakeFiles/serial.dir/src/serial.cc.o[0m
[17.361s] [ 21%] [32mBuilding CXX object gtest/CMakeFiles/gtest.dir/src/gtest-all.cc.o[0m
[17.375s] [ 28%] [32mBuilding CXX object gtest/CMakeFiles/gtest_main.dir/src/gtest_main.cc.o[0m
[42.216s] [ 35%] [32mBuilding CXX object CMakeFiles/serial.dir/src/impl/list_ports/list_ports_linux.cc.o[0m
[57.036s] [ 42%] [32m[1mLinking CXX static library libserial.a[0m
[57.158s] [ 42%] Built target serial
[142.926s] [ 50%] [32m[1mLinking CXX static library libgtest_main.a[0m
[143.270s] [ 50%] Built target gtest_main
[143.506s] [ 57%] [32mBuilding CXX object CMakeFiles/serial_example.dir/examples/serial_example.cc.o[0m
[149.352s] [ 64%] [32m[1mLinking CXX executable serial_example[0m
[150.556s] [ 64%] Built target serial_example
[162.244s] [ 71%] [32m[1mLinking CXX static library libgtest.a[0m
[163.053s] [ 71%] Built target gtest
[163.260s] [ 78%] [32mBuilding CXX object tests/CMakeFiles/serial-test.dir/unix_serial_tests.cc.o[0m
[163.264s] [ 85%] [32mBuilding CXX object tests/CMakeFiles/serial-test-timer.dir/unit/unix_timer_tests.cc.o[0m
[183.409s] In file included from [01m[K/usr/include/boost/bind.hpp:30[m[K,
[183.615s]                  from [01m[K/home/jlukas/My_Project/ROS2/techdiffbot/src/serial/tests/unix_serial_tests.cc:23[m[K:
[183.619s] [01m[K/usr/include/boost/bind.hpp:36:1:[m[K [01;36m[Knote: [m[K‘[01m[K#pragma message: The practice of declaring the Bind placeholders (_1, _2, ...) in the global namespace is deprecated. Please use <boost/bind/bind.hpp> + using namespace boost::placeholders, or define BOOST_BIND_GLOBAL_PLACEHOLDERS to retain the current behavior.[m[K’
[183.620s]    36 | [01;36m[KBOOST_PRAGMA_MESSAGE[m[K(
[183.622s]       | [01;36m[K^~~~~~~~~~~~~~~~~~~~[m[K
[189.583s] [ 92%] [32m[1mLinking CXX executable serial-test-timer[0m
[190.347s] [100%] [32m[1mLinking CXX executable serial-test[0m
[191.694s] [100%] Built target serial-test-timer
[191.975s] [100%] Built target serial-test
