[0.713s] Invoking command in '/home/jlukas/Desktop/My_Project/ROS2/arduinobot_ws/src/arduinobot_py_examples': PYTHONPATH=/home/jlukas/Desktop/My_Project/ROS2/arduinobot_ws/build/arduinobot_py_examples/prefix_override:/home/jlukas/Desktop/My_Project/ROS2/arduinobot_ws/install/arduinobot_py_examples/lib/python3.10/site-packages:${PYTHONPATH} /usr/bin/python3 setup.py egg_info --egg-base ../../build/arduinobot_py_examples build --build-base /home/jlukas/Desktop/My_Project/ROS2/arduinobot_ws/build/arduinobot_py_examples/build install --record /home/jlukas/Desktop/My_Project/ROS2/arduinobot_ws/build/arduinobot_py_examples/install.log --single-version-externally-managed
[0.922s] running egg_info
[0.923s] creating ../../build/arduinobot_py_examples/arduinobot_py_examples.egg-info
[0.923s] writing ../../build/arduinobot_py_examples/arduinobot_py_examples.egg-info/PKG-INFO
[0.924s] writing dependency_links to ../../build/arduinobot_py_examples/arduinobot_py_examples.egg-info/dependency_links.txt
[0.924s] writing entry points to ../../build/arduinobot_py_examples/arduinobot_py_examples.egg-info/entry_points.txt
[0.924s] writing requirements to ../../build/arduinobot_py_examples/arduinobot_py_examples.egg-info/requires.txt
[0.924s] writing top-level names to ../../build/arduinobot_py_examples/arduinobot_py_examples.egg-info/top_level.txt
[0.924s] writing manifest file '../../build/arduinobot_py_examples/arduinobot_py_examples.egg-info/SOURCES.txt'
[0.926s] reading manifest file '../../build/arduinobot_py_examples/arduinobot_py_examples.egg-info/SOURCES.txt'
[0.926s] writing manifest file '../../build/arduinobot_py_examples/arduinobot_py_examples.egg-info/SOURCES.txt'
[0.926s] running build
[0.926s] running build_py
[0.927s] creating /home/jlukas/Desktop/My_Project/ROS2/arduinobot_ws/build/arduinobot_py_examples/build
[0.927s] creating /home/jlukas/Desktop/My_Project/ROS2/arduinobot_ws/build/arduinobot_py_examples/build/lib
[0.927s] creating /home/jlukas/Desktop/My_Project/ROS2/arduinobot_ws/build/arduinobot_py_examples/build/lib/arduinobot_py_examples
[0.927s] copying arduinobot_py_examples/__init__.py -> /home/jlukas/Desktop/My_Project/ROS2/arduinobot_ws/build/arduinobot_py_examples/build/lib/arduinobot_py_examples
[0.927s] copying arduinobot_py_examples/simple_subscriber.py -> /home/jlukas/Desktop/My_Project/ROS2/arduinobot_ws/build/arduinobot_py_examples/build/lib/arduinobot_py_examples
[0.927s] copying arduinobot_py_examples/simple_publisher.py -> /home/jlukas/Desktop/My_Project/ROS2/arduinobot_ws/build/arduinobot_py_examples/build/lib/arduinobot_py_examples
[0.927s] copying arduinobot_py_examples/first_node.py -> /home/jlukas/Desktop/My_Project/ROS2/arduinobot_ws/build/arduinobot_py_examples/build/lib/arduinobot_py_examples
[0.927s] /usr/lib/python3/dist-packages/setuptools/command/install.py:34: SetuptoolsDeprecationWarning: setup.py install is deprecated. Use build and pip and other standards-based tools.
[0.927s]   warnings.warn(
[0.928s] running install
[0.928s] running install_lib
[0.928s] creating /home/jlukas/Desktop/My_Project/ROS2/arduinobot_ws/install/arduinobot_py_examples/lib/python3.10/site-packages/arduinobot_py_examples
[0.928s] copying /home/jlukas/Desktop/My_Project/ROS2/arduinobot_ws/build/arduinobot_py_examples/build/lib/arduinobot_py_examples/__init__.py -> /home/jlukas/Desktop/My_Project/ROS2/arduinobot_ws/install/arduinobot_py_examples/lib/python3.10/site-packages/arduinobot_py_examples
[0.929s] copying /home/jlukas/Desktop/My_Project/ROS2/arduinobot_ws/build/arduinobot_py_examples/build/lib/arduinobot_py_examples/simple_subscriber.py -> /home/jlukas/Desktop/My_Project/ROS2/arduinobot_ws/install/arduinobot_py_examples/lib/python3.10/site-packages/arduinobot_py_examples
[0.929s] copying /home/jlukas/Desktop/My_Project/ROS2/arduinobot_ws/build/arduinobot_py_examples/build/lib/arduinobot_py_examples/simple_publisher.py -> /home/jlukas/Desktop/My_Project/ROS2/arduinobot_ws/install/arduinobot_py_examples/lib/python3.10/site-packages/arduinobot_py_examples
[0.929s] copying /home/jlukas/Desktop/My_Project/ROS2/arduinobot_ws/build/arduinobot_py_examples/build/lib/arduinobot_py_examples/first_node.py -> /home/jlukas/Desktop/My_Project/ROS2/arduinobot_ws/install/arduinobot_py_examples/lib/python3.10/site-packages/arduinobot_py_examples
[0.944s] byte-compiling /home/jlukas/Desktop/My_Project/ROS2/arduinobot_ws/install/arduinobot_py_examples/lib/python3.10/site-packages/arduinobot_py_examples/__init__.py to __init__.cpython-310.pyc
[0.944s] byte-compiling /home/jlukas/Desktop/My_Project/ROS2/arduinobot_ws/install/arduinobot_py_examples/lib/python3.10/site-packages/arduinobot_py_examples/simple_subscriber.py to simple_subscriber.cpython-310.pyc
[0.944s] byte-compiling /home/jlukas/Desktop/My_Project/ROS2/arduinobot_ws/install/arduinobot_py_examples/lib/python3.10/site-packages/arduinobot_py_examples/simple_publisher.py to simple_publisher.cpython-310.pyc
[0.945s] byte-compiling /home/jlukas/Desktop/My_Project/ROS2/arduinobot_ws/install/arduinobot_py_examples/lib/python3.10/site-packages/arduinobot_py_examples/first_node.py to first_node.cpython-310.pyc
[0.946s] running install_data
[0.946s] creating /home/jlukas/Desktop/My_Project/ROS2/arduinobot_ws/install/arduinobot_py_examples/share/ament_index
[0.946s] creating /home/jlukas/Desktop/My_Project/ROS2/arduinobot_ws/install/arduinobot_py_examples/share/ament_index/resource_index
[0.946s] creating /home/jlukas/Desktop/My_Project/ROS2/arduinobot_ws/install/arduinobot_py_examples/share/ament_index/resource_index/packages
[0.947s] copying resource/arduinobot_py_examples -> /home/jlukas/Desktop/My_Project/ROS2/arduinobot_ws/install/arduinobot_py_examples/share/ament_index/resource_index/packages
[0.947s] copying package.xml -> /home/jlukas/Desktop/My_Project/ROS2/arduinobot_ws/install/arduinobot_py_examples/share/arduinobot_py_examples
[0.947s] running install_egg_info
[0.947s] Copying ../../build/arduinobot_py_examples/arduinobot_py_examples.egg-info to /home/jlukas/Desktop/My_Project/ROS2/arduinobot_ws/install/arduinobot_py_examples/lib/python3.10/site-packages/arduinobot_py_examples-0.0.0-py3.10.egg-info
[0.948s] running install_scripts
[0.972s] Installing first_node script to /home/jlukas/Desktop/My_Project/ROS2/arduinobot_ws/install/arduinobot_py_examples/lib/arduinobot_py_examples
[0.973s] Installing simple_publisher script to /home/jlukas/Desktop/My_Project/ROS2/arduinobot_ws/install/arduinobot_py_examples/lib/arduinobot_py_examples
[0.973s] Installing simple_subscriber script to /home/jlukas/Desktop/My_Project/ROS2/arduinobot_ws/install/arduinobot_py_examples/lib/arduinobot_py_examples
[0.973s] writing list of installed files to '/home/jlukas/Desktop/My_Project/ROS2/arduinobot_ws/build/arduinobot_py_examples/install.log'
[0.994s] Invoked command in '/home/jlukas/Desktop/My_Project/ROS2/arduinobot_ws/src/arduinobot_py_examples' returned '0': PYTHONPATH=/home/jlukas/Desktop/My_Project/ROS2/arduinobot_ws/build/arduinobot_py_examples/prefix_override:/home/jlukas/Desktop/My_Project/ROS2/arduinobot_ws/install/arduinobot_py_examples/lib/python3.10/site-packages:${PYTHONPATH} /usr/bin/python3 setup.py egg_info --egg-base ../../build/arduinobot_py_examples build --build-base /home/jlukas/Desktop/My_Project/ROS2/arduinobot_ws/build/arduinobot_py_examples/build install --record /home/jlukas/Desktop/My_Project/ROS2/arduinobot_ws/build/arduinobot_py_examples/install.log --single-version-externally-managed
