[0.839s] Invoking command in '/home/jlukas/My_Project/ROS2/ros2_diff_nav2_slam/src/ros2_diff_nav2_slam': PYTHONPATH=/home/jlukas/My_Project/ROS2/ros2_diff_nav2_slam/build/ros2_diff_nav2_slam/prefix_override:/home/jlukas/My_Project/ROS2/ros2_diff_nav2_slam/install/ros2_diff_nav2_slam/lib/python3.10/site-packages:${PYTHONPATH} WSLENV=ELECTRON_RUN_AS_NODE/w: /usr/bin/python3 setup.py egg_info --egg-base ../../build/ros2_diff_nav2_slam build --build-base /home/jlukas/My_Project/ROS2/ros2_diff_nav2_slam/build/ros2_diff_nav2_slam/build install --record /home/jlukas/My_Project/ROS2/ros2_diff_nav2_slam/build/ros2_diff_nav2_slam/install.log --single-version-externally-managed
[1.051s] running egg_info
[1.052s] writing ../../build/ros2_diff_nav2_slam/ros2_diff_nav2_slam.egg-info/PKG-INFO
[1.052s] writing dependency_links to ../../build/ros2_diff_nav2_slam/ros2_diff_nav2_slam.egg-info/dependency_links.txt
[1.053s] writing entry points to ../../build/ros2_diff_nav2_slam/ros2_diff_nav2_slam.egg-info/entry_points.txt
[1.053s] writing requirements to ../../build/ros2_diff_nav2_slam/ros2_diff_nav2_slam.egg-info/requires.txt
[1.053s] writing top-level names to ../../build/ros2_diff_nav2_slam/ros2_diff_nav2_slam.egg-info/top_level.txt
[1.055s] reading manifest file '../../build/ros2_diff_nav2_slam/ros2_diff_nav2_slam.egg-info/SOURCES.txt'
[1.056s] writing manifest file '../../build/ros2_diff_nav2_slam/ros2_diff_nav2_slam.egg-info/SOURCES.txt'
[1.056s] running build
[1.057s] running build_py
[1.057s] running install
[1.057s] /usr/lib/python3/dist-packages/setuptools/command/install.py:34: SetuptoolsDeprecationWarning: setup.py install is deprecated. Use build and pip and other standards-based tools.
[1.057s]   warnings.warn(
[1.057s] running install_lib
[1.058s] running install_data
[1.059s] copying urdf/diff.robot.xacro -> /home/jlukas/My_Project/ROS2/ros2_diff_nav2_slam/install/ros2_diff_nav2_slam/share/ros2_diff_nav2_slam/urdf
[1.060s] running install_egg_info
[1.061s] removing '/home/jlukas/My_Project/ROS2/ros2_diff_nav2_slam/install/ros2_diff_nav2_slam/lib/python3.10/site-packages/ros2_diff_nav2_slam-0.0.0-py3.10.egg-info' (and everything under it)
[1.061s] Copying ../../build/ros2_diff_nav2_slam/ros2_diff_nav2_slam.egg-info to /home/jlukas/My_Project/ROS2/ros2_diff_nav2_slam/install/ros2_diff_nav2_slam/lib/python3.10/site-packages/ros2_diff_nav2_slam-0.0.0-py3.10.egg-info
[1.062s] running install_scripts
[1.081s] writing list of installed files to '/home/jlukas/My_Project/ROS2/ros2_diff_nav2_slam/build/ros2_diff_nav2_slam/install.log'
[1.105s] Invoked command in '/home/jlukas/My_Project/ROS2/ros2_diff_nav2_slam/src/ros2_diff_nav2_slam' returned '0': PYTHONPATH=/home/jlukas/My_Project/ROS2/ros2_diff_nav2_slam/build/ros2_diff_nav2_slam/prefix_override:/home/jlukas/My_Project/ROS2/ros2_diff_nav2_slam/install/ros2_diff_nav2_slam/lib/python3.10/site-packages:${PYTHONPATH} WSLENV=ELECTRON_RUN_AS_NODE/w: /usr/bin/python3 setup.py egg_info --egg-base ../../build/ros2_diff_nav2_slam build --build-base /home/jlukas/My_Project/ROS2/ros2_diff_nav2_slam/build/ros2_diff_nav2_slam/build install --record /home/jlukas/My_Project/ROS2/ros2_diff_nav2_slam/build/ros2_diff_nav2_slam/install.log --single-version-externally-managed
