[2.766s] Invoking command in '/home/jlukas/Desktop/My_Project/ROS2/techdiffbot/build/interactive_marker_tutorials': CMAKE_PREFIX_PATH=${CMAKE_PREFIX_PATH}:/home/jlukas/Desktop/My_Project/ROS2/ros2_rpi_cv2/install/ros2_rpi_cv2:/home/jlukas/Desktop/My_Project/ROS2/rover/install/rover:/opt/ros/humble /usr/bin/cmake /home/jlukas/Desktop/My_Project/ROS2/techdiffbot/src/visualization_tutorials/interactive_marker_tutorials -DCMAKE_INSTALL_PREFIX=/home/jlukas/Desktop/My_Project/ROS2/techdiffbot/install/interactive_marker_tutorials
[4.098s] -- The C compiler identification is GNU 11.4.0
[5.013s] -- The CXX compiler identification is GNU 11.4.0
[5.068s] -- Detecting C compiler ABI info
[5.603s] -- Detecting C compiler ABI info - done
[5.634s] -- Check for working C compiler: /usr/bin/cc - skipped
[5.636s] -- Detecting C compile features
[5.639s] -- Detecting C compile features - done
[5.656s] -- Detecting CXX compiler ABI info
[6.172s] -- Detecting CXX compiler ABI info - done
[6.204s] -- Check for working CXX compiler: /usr/bin/c++ - skipped
[6.205s] -- Detecting CXX compile features
[6.208s] -- Detecting CXX compile features - done
[6.261s] -- Found ament_cmake: 1.3.8 (/opt/ros/humble/share/ament_cmake/cmake)
[7.399s] -- Found Python3: /usr/bin/python3 (found version "3.10.12") found components: Interpreter 
[8.583s] -- Found interactive_markers: 2.3.2 (/opt/ros/humble/share/interactive_markers/cmake)
[9.272s] -- Found rosidl_generator_c: 3.1.5 (/opt/ros/humble/share/rosidl_generator_c/cmake)
[9.364s] -- Found rosidl_adapter: 3.1.5 (/opt/ros/humble/share/rosidl_adapter/cmake)
[9.475s] -- Found rosidl_generator_cpp: 3.1.5 (/opt/ros/humble/share/rosidl_generator_cpp/cmake)
[9.627s] -- Using all available rosidl_typesupport_c: rosidl_typesupport_fastrtps_c;rosidl_typesupport_introspection_c
[9.855s] -- Using all available rosidl_typesupport_cpp: rosidl_typesupport_fastrtps_cpp;rosidl_typesupport_introspection_cpp
[10.601s] -- Found rmw_implementation_cmake: 6.1.1 (/opt/ros/humble/share/rmw_implementation_cmake/cmake)
[10.655s] -- Found rmw_fastrtps_cpp: 6.2.6 (/opt/ros/humble/share/rmw_fastrtps_cpp/cmake)
[11.628s] -- Found OpenSSL: /usr/lib/aarch64-linux-gnu/libcrypto.so (found version "3.0.2")  
[11.999s] -- Found FastRTPS: /opt/ros/humble/include  
[12.598s] -- Using RMW implementation 'rmw_fastrtps_cpp' as default
[12.768s] -- Looking for pthread.h
[13.259s] -- Looking for pthread.h - found
[13.267s] -- Performing Test CMAKE_HAVE_LIBC_PTHREAD
[13.726s] -- Performing Test CMAKE_HAVE_LIBC_PTHREAD - Success
[13.733s] -- Found Threads: TRUE  
[16.484s] -- Found rclcpp_components: 16.0.8 (/opt/ros/humble/share/rclcpp_components/cmake)
[16.959s] -- Found tf2_geometry_msgs: 0.25.6 (/opt/ros/humble/share/tf2_geometry_msgs/cmake)
[17.298s] -- Found eigen3_cmake_module: 0.1.1 (/opt/ros/humble/share/eigen3_cmake_module/cmake)
[17.309s] -- Found Eigen3: TRUE (found version "3.4.0") 
[17.311s] -- Ensuring Eigen3 include directory is part of orocos-kdl CMake target
[19.568s] -- Found ament_lint_auto: 0.12.10 (/opt/ros/humble/share/ament_lint_auto/cmake)
[20.474s] -- Added test 'copyright' to check source files copyright and LICENSE
[20.519s] -- Added test 'cppcheck' to perform static code analysis on C / C++ code
[20.521s] -- Configured cppcheck include dirs: 
[20.521s] -- Configured cppcheck exclude dirs and/or files: 
[20.549s] -- Added test 'cpplint' to check C / C++ code against the Google style
[20.549s] -- Configured cpplint exclude dirs and/or files: 
[20.569s] -- Added test 'flake8' to check Python code syntax and style conventions
[20.586s] -- Added test 'lint_cmake' to check CMake code style
[20.592s] -- Added test 'pep257' to check Python code against some of the docstring style conventions in PEP 257
[20.610s] -- Added test 'uncrustify' to check C / C++ code style
[20.611s] -- Configured uncrustify additional arguments: 
[20.617s] -- Added test 'xmllint' to check XML markup files
[20.634s] -- Configuring done
[20.880s] -- Generating done
[20.894s] -- Build files have been written to: /home/jlukas/Desktop/My_Project/ROS2/techdiffbot/build/interactive_marker_tutorials
[20.958s] Invoked command in '/home/jlukas/Desktop/My_Project/ROS2/techdiffbot/build/interactive_marker_tutorials' returned '0': CMAKE_PREFIX_PATH=${CMAKE_PREFIX_PATH}:/home/jlukas/Desktop/My_Project/ROS2/ros2_rpi_cv2/install/ros2_rpi_cv2:/home/jlukas/Desktop/My_Project/ROS2/rover/install/rover:/opt/ros/humble /usr/bin/cmake /home/jlukas/Desktop/My_Project/ROS2/techdiffbot/src/visualization_tutorials/interactive_marker_tutorials -DCMAKE_INSTALL_PREFIX=/home/jlukas/Desktop/My_Project/ROS2/techdiffbot/install/interactive_marker_tutorials
[20.960s] Invoking command in '/home/jlukas/Desktop/My_Project/ROS2/techdiffbot/build/interactive_marker_tutorials': CMAKE_PREFIX_PATH=${CMAKE_PREFIX_PATH}:/home/jlukas/Desktop/My_Project/ROS2/ros2_rpi_cv2/install/ros2_rpi_cv2:/home/jlukas/Desktop/My_Project/ROS2/rover/install/rover:/opt/ros/humble /usr/bin/cmake --build /home/jlukas/Desktop/My_Project/ROS2/techdiffbot/build/interactive_marker_tutorials -- -j4 -l4
[21.453s] [  7%] [32mBuilding CXX object CMakeFiles/basic_controls.dir/src/basic_controls.cpp.o[0m
[21.465s] [ 14%] [32mBuilding CXX object CMakeFiles/selection.dir/src/selection.cpp.o[0m
[21.484s] [ 21%] [32mBuilding CXX object CMakeFiles/simple_marker.dir/src/simple_marker.cpp.o[0m
[21.530s] [ 28%] [32mBuilding CXX object CMakeFiles/cube.dir/src/cube.cpp.o[0m
[89.151s] [ 35%] [32m[1mLinking CXX executable cube[0m
[89.173s] [ 42%] [32m[1mLinking CXX executable simple_marker[0m
[91.903s] [ 42%] Built target cube
[92.293s] [ 42%] Built target simple_marker
[93.950s] [ 50%] [32m[1mLinking CXX executable selection[0m
[96.133s] [ 50%] Built target selection
[105.288s] [ 57%] [32m[1mLinking CXX executable basic_controls[0m
[107.133s] [ 57%] Built target basic_controls
[107.293s] [ 64%] [32mBuilding CXX object CMakeFiles/pong.dir/rclcpp_components/node_main_pong.cpp.o[0m
[129.598s] [ 71%] [32m[1mLinking CXX executable pong[0m
[130.573s] [ 71%] Built target pong
[130.757s] [ 78%] [32mBuilding CXX object CMakeFiles/pong_library.dir/src/pong.cpp.o[0m
[161.677s] [ 85%] [32m[1mLinking CXX shared library libpong_library.so[0m
[163.342s] [ 85%] Built target pong_library
[163.483s] [ 92%] [32mBuilding CXX object CMakeFiles/menu.dir/src/menu.cpp.o[0m
[188.297s] [100%] [32m[1mLinking CXX executable menu[0m
[189.225s] [100%] Built target menu
