[2.847s] Invoking command in '/home/jlukas/ROS2/techdiffbot/build/serial': CMAKE_PREFIX_PATH=${CMAKE_PREFIX_PATH}:/opt/ros/humble /usr/bin/cmake --build /home/jlukas/ROS2/techdiffbot/build/serial -- -j4 -l4
[8.055s] -- Found ament_cmake: 1.3.6 (/opt/ros/humble/share/ament_cmake/cmake)
[12.467s] -- Override CMake install command with custom implementation using symlinks instead of copying resources
[13.161s] -- Found ament_cmake_gtest: 1.3.6 (/opt/ros/humble/share/ament_cmake_gtest/cmake)
[13.391s] -- Found gtest sources under '/opt/ros/humble/src/gtest_vendor': C++ tests using 'Google Test' will be built
[15.398s] -- Configuring done
[16.252s] -- Generating done
[16.280s] -- Build files have been written to: /home/jlukas/ROS2/techdiffbot/build/serial
[19.795s] [35m[1mConsolidate compiler generated dependencies of target serial[0m
[20.540s] [ 28%] Built target serial
[20.966s] [35m[1mConsolidate compiler generated dependencies of target gtest_main[0m
[21.250s] [ 42%] Built target gtest_main
[21.449s] [35m[1mConsolidate compiler generated dependencies of target serial_example[0m
[21.664s] [ 50%] [32mBuilding CXX object CMakeFiles/serial_example.dir/examples/serial_example.cc.o[0m
[43.439s] [ 57%] [32m[1mLinking CXX executable serial_example[0m
[43.471s] [ 57%] Built target serial_example
[43.472s] [35m[1mConsolidate compiler generated dependencies of target gtest[0m
[43.504s] [ 71%] Built target gtest
[43.505s] [35m[1mConsolidate compiler generated dependencies of target serial-test[0m
[43.506s] [ 85%] Built target serial-test
[43.507s] [35m[1mConsolidate compiler generated dependencies of target serial-test-timer[0m
[43.509s] [100%] Built target serial-test-timer
[49.219s] Invoked command in '/home/jlukas/ROS2/techdiffbot/build/serial' returned '0': CMAKE_PREFIX_PATH=${CMAKE_PREFIX_PATH}:/opt/ros/humble /usr/bin/cmake --build /home/jlukas/ROS2/techdiffbot/build/serial -- -j4 -l4
[52.160s] Invoking command in '/home/jlukas/ROS2/techdiffbot/build/serial': CMAKE_PREFIX_PATH=${CMAKE_PREFIX_PATH}:/opt/ros/humble /usr/bin/cmake --install /home/jlukas/ROS2/techdiffbot/build/serial
[52.282s] -- Install configuration: ""
[52.288s] -- Execute custom install script
[52.323s] -- Up-to-date symlink: /home/jlukas/ROS2/techdiffbot/install/serial/lib/libserial.a
[52.347s] -- Up-to-date symlink: /home/jlukas/ROS2/techdiffbot/install/serial/include/serial/serial.h
[52.356s] -- Up-to-date symlink: /home/jlukas/ROS2/techdiffbot/install/serial/include/serial/v8stdint.h
[52.385s] -- Up-to-date symlink: /home/jlukas/ROS2/techdiffbot/install/serial/share/serial/environment/library_path.sh
[52.392s] -- Up-to-date symlink: /home/jlukas/ROS2/techdiffbot/install/serial/share/serial/environment/library_path.dsv
[52.416s] -- Up-to-date symlink: /home/jlukas/ROS2/techdiffbot/install/serial/share/ament_index/resource_index/package_run_dependencies/serial
[52.426s] -- Up-to-date symlink: /home/jlukas/ROS2/techdiffbot/install/serial/share/ament_index/resource_index/parent_prefix_path/serial
[52.432s] -- Up-to-date symlink: /home/jlukas/ROS2/techdiffbot/install/serial/share/serial/environment/ament_prefix_path.sh
[52.442s] -- Up-to-date symlink: /home/jlukas/ROS2/techdiffbot/install/serial/share/serial/environment/ament_prefix_path.dsv
[52.450s] -- Up-to-date symlink: /home/jlukas/ROS2/techdiffbot/install/serial/share/serial/environment/path.sh
[52.465s] -- Up-to-date symlink: /home/jlukas/ROS2/techdiffbot/install/serial/share/serial/environment/path.dsv
[52.472s] -- Up-to-date symlink: /home/jlukas/ROS2/techdiffbot/install/serial/share/serial/local_setup.bash
[52.488s] -- Up-to-date symlink: /home/jlukas/ROS2/techdiffbot/install/serial/share/serial/local_setup.sh
[52.514s] -- Up-to-date symlink: /home/jlukas/ROS2/techdiffbot/install/serial/share/serial/local_setup.zsh
[52.521s] -- Up-to-date symlink: /home/jlukas/ROS2/techdiffbot/install/serial/share/serial/local_setup.dsv
[52.522s] -- Symlinking: /home/jlukas/ROS2/techdiffbot/install/serial/share/serial/package.dsv
[52.659s] -- Up-to-date symlink: /home/jlukas/ROS2/techdiffbot/install/serial/share/ament_index/resource_index/packages/serial
[52.670s] -- Up-to-date symlink: /home/jlukas/ROS2/techdiffbot/install/serial/share/serial/cmake/ament_cmake_export_include_directories-extras.cmake
[52.677s] -- Up-to-date symlink: /home/jlukas/ROS2/techdiffbot/install/serial/share/serial/cmake/ament_cmake_export_libraries-extras.cmake
[52.687s] -- Up-to-date symlink: /home/jlukas/ROS2/techdiffbot/install/serial/share/serial/cmake/serialConfig.cmake
[52.689s] -- Up-to-date symlink: /home/jlukas/ROS2/techdiffbot/install/serial/share/serial/cmake/serialConfig-version.cmake
[52.699s] -- Up-to-date symlink: /home/jlukas/ROS2/techdiffbot/install/serial/share/serial/package.xml
[52.772s] Invoked command in '/home/jlukas/ROS2/techdiffbot/build/serial' returned '0': CMAKE_PREFIX_PATH=${CMAKE_PREFIX_PATH}:/opt/ros/humble /usr/bin/cmake --install /home/jlukas/ROS2/techdiffbot/build/serial
