[0.512s] Invoking command in '/home/jlukas/My_Project/ROS2/ros2_nav2_cartographer/src/ros2_nav2_cartographer': PYTHONPATH=/home/jlukas/My_Project/ROS2/ros2_nav2_cartographer/build/ros2_nav2_cartographer/prefix_override:/home/jlukas/My_Project/ROS2/ros2_nav2_cartographer/install/ros2_nav2_cartographer/lib/python3.10/site-packages:${PYTHONPATH} /usr/bin/python3 setup.py egg_info --egg-base ../../build/ros2_nav2_cartographer build --build-base /home/jlukas/My_Project/ROS2/ros2_nav2_cartographer/build/ros2_nav2_cartographer/build install --record /home/jlukas/My_Project/ROS2/ros2_nav2_cartographer/build/ros2_nav2_cartographer/install.log --single-version-externally-managed
[0.662s] running egg_info
[0.662s] writing ../../build/ros2_nav2_cartographer/ros2_nav2_cartographer.egg-info/PKG-INFO
[0.663s] writing dependency_links to ../../build/ros2_nav2_cartographer/ros2_nav2_cartographer.egg-info/dependency_links.txt
[0.663s] writing entry points to ../../build/ros2_nav2_cartographer/ros2_nav2_cartographer.egg-info/entry_points.txt
[0.663s] writing requirements to ../../build/ros2_nav2_cartographer/ros2_nav2_cartographer.egg-info/requires.txt
[0.663s] writing top-level names to ../../build/ros2_nav2_cartographer/ros2_nav2_cartographer.egg-info/top_level.txt
[0.664s] reading manifest file '../../build/ros2_nav2_cartographer/ros2_nav2_cartographer.egg-info/SOURCES.txt'
[0.664s] writing manifest file '../../build/ros2_nav2_cartographer/ros2_nav2_cartographer.egg-info/SOURCES.txt'
[0.664s] running build
[0.665s] running build_py
[0.665s] running install
[0.665s] running install_lib
[0.666s] running install_data
[0.666s] copying launch/mapping.launch.py -> /home/jlukas/My_Project/ROS2/ros2_nav2_cartographer/install/ros2_nav2_cartographer/share/ros2_nav2_cartographer/launch
[0.666s] copying launch/navigation.launch.py -> /home/jlukas/My_Project/ROS2/ros2_nav2_cartographer/install/ros2_nav2_cartographer/share/ros2_nav2_cartographer/launch
[0.667s] copying config/tb3_world.pgm -> /home/jlukas/My_Project/ROS2/ros2_nav2_cartographer/install/ros2_nav2_cartographer/share/ros2_nav2_cartographer/config
[0.667s] copying config/tb3_world.yaml -> /home/jlukas/My_Project/ROS2/ros2_nav2_cartographer/install/ros2_nav2_cartographer/share/ros2_nav2_cartographer/config
[0.667s] copying rviz/tb3_navigation2.rviz -> /home/jlukas/My_Project/ROS2/ros2_nav2_cartographer/install/ros2_nav2_cartographer/share/ros2_nav2_cartographer/rviz
[0.668s] copying param/tb3_nav_params.yaml -> /home/jlukas/My_Project/ROS2/ros2_nav2_cartographer/install/ros2_nav2_cartographer/share/ros2_nav2_cartographer/param
[0.668s] running install_egg_info
[0.670s] removing '/home/jlukas/My_Project/ROS2/ros2_nav2_cartographer/install/ros2_nav2_cartographer/lib/python3.10/site-packages/ros2_nav2_cartographer-0.0.0-py3.10.egg-info' (and everything under it)
[0.671s] Copying ../../build/ros2_nav2_cartographer/ros2_nav2_cartographer.egg-info to /home/jlukas/My_Project/ROS2/ros2_nav2_cartographer/install/ros2_nav2_cartographer/lib/python3.10/site-packages/ros2_nav2_cartographer-0.0.0-py3.10.egg-info
[0.671s] running install_scripts
[0.685s] writing list of installed files to '/home/jlukas/My_Project/ROS2/ros2_nav2_cartographer/build/ros2_nav2_cartographer/install.log'
[0.705s] Invoked command in '/home/jlukas/My_Project/ROS2/ros2_nav2_cartographer/src/ros2_nav2_cartographer' returned '0': PYTHONPATH=/home/jlukas/My_Project/ROS2/ros2_nav2_cartographer/build/ros2_nav2_cartographer/prefix_override:/home/jlukas/My_Project/ROS2/ros2_nav2_cartographer/install/ros2_nav2_cartographer/lib/python3.10/site-packages:${PYTHONPATH} /usr/bin/python3 setup.py egg_info --egg-base ../../build/ros2_nav2_cartographer build --build-base /home/jlukas/My_Project/ROS2/ros2_nav2_cartographer/build/ros2_nav2_cartographer/build install --record /home/jlukas/My_Project/ROS2/ros2_nav2_cartographer/build/ros2_nav2_cartographer/install.log --single-version-externally-managed
