/home/jlukas/Desktop/My_Project/ROS2/ros2_differential_drive_robot/install/ros2_differential_drive_robot/lib/python3.10/site-packages/ros2_differential_drive_robot/__init__.py
/home/jlukas/Desktop/My_Project/ROS2/ros2_differential_drive_robot/install/ros2_differential_drive_robot/lib/python3.10/site-packages/ros2_differential_drive_robot/lidar_obstacle.py
/home/jlukas/Desktop/My_Project/ROS2/ros2_differential_drive_robot/install/ros2_differential_drive_robot/lib/python3.10/site-packages/ros2_differential_drive_robot/lidar_obstacle_steer_leftright.py
/home/jlukas/Desktop/My_Project/ROS2/ros2_differential_drive_robot/install/ros2_differential_drive_robot/lib/python3.10/site-packages/ros2_differential_drive_robot/__pycache__/__init__.cpython-310.pyc
/home/jlukas/Desktop/My_Project/ROS2/ros2_differential_drive_robot/install/ros2_differential_drive_robot/lib/python3.10/site-packages/ros2_differential_drive_robot/__pycache__/lidar_obstacle.cpython-310.pyc
/home/jlukas/Desktop/My_Project/ROS2/ros2_differential_drive_robot/install/ros2_differential_drive_robot/lib/python3.10/site-packages/ros2_differential_drive_robot/__pycache__/lidar_obstacle_steer_leftright.cpython-310.pyc
/home/jlukas/Desktop/My_Project/ROS2/ros2_differential_drive_robot/install/ros2_differential_drive_robot/share/ament_index/resource_index/packages/ros2_differential_drive_robot
/home/jlukas/Desktop/My_Project/ROS2/ros2_differential_drive_robot/install/ros2_differential_drive_robot/share/ros2_differential_drive_robot/package.xml
/home/jlukas/Desktop/My_Project/ROS2/ros2_differential_drive_robot/install/ros2_differential_drive_robot/share/ros2_differential_drive_robot/launch/gazebo.sim.launch.py
/home/jlukas/Desktop/My_Project/ROS2/ros2_differential_drive_robot/install/ros2_differential_drive_robot/share/ros2_differential_drive_robot/launch/rviz2.launch.py
/home/jlukas/Desktop/My_Project/ROS2/ros2_differential_drive_robot/install/ros2_differential_drive_robot/share/ros2_differential_drive_robot/launch/rsp.launch.py
/home/jlukas/Desktop/My_Project/ROS2/ros2_differential_drive_robot/install/ros2_differential_drive_robot/share/ros2_differential_drive_robot/description/robot.urdf.xacro
/home/jlukas/Desktop/My_Project/ROS2/ros2_differential_drive_robot/install/ros2_differential_drive_robot/share/ros2_differential_drive_robot/description/inertial_macros.xacro
/home/jlukas/Desktop/My_Project/ROS2/ros2_differential_drive_robot/install/ros2_differential_drive_robot/share/ros2_differential_drive_robot/description/robot_core.xacro
/home/jlukas/Desktop/My_Project/ROS2/ros2_differential_drive_robot/install/ros2_differential_drive_robot/share/ros2_differential_drive_robot/description/gazebo_control.xacro
/home/jlukas/Desktop/My_Project/ROS2/ros2_differential_drive_robot/install/ros2_differential_drive_robot/share/ros2_differential_drive_robot/description/lidar.xacro
/home/jlukas/Desktop/My_Project/ROS2/ros2_differential_drive_robot/install/ros2_differential_drive_robot/lib/python3.10/site-packages/ros2_differential_drive_robot-0.0.0-py3.10.egg-info/dependency_links.txt
/home/jlukas/Desktop/My_Project/ROS2/ros2_differential_drive_robot/install/ros2_differential_drive_robot/lib/python3.10/site-packages/ros2_differential_drive_robot-0.0.0-py3.10.egg-info/PKG-INFO
/home/jlukas/Desktop/My_Project/ROS2/ros2_differential_drive_robot/install/ros2_differential_drive_robot/lib/python3.10/site-packages/ros2_differential_drive_robot-0.0.0-py3.10.egg-info/zip-safe
/home/jlukas/Desktop/My_Project/ROS2/ros2_differential_drive_robot/install/ros2_differential_drive_robot/lib/python3.10/site-packages/ros2_differential_drive_robot-0.0.0-py3.10.egg-info/top_level.txt
/home/jlukas/Desktop/My_Project/ROS2/ros2_differential_drive_robot/install/ros2_differential_drive_robot/lib/python3.10/site-packages/ros2_differential_drive_robot-0.0.0-py3.10.egg-info/requires.txt
/home/jlukas/Desktop/My_Project/ROS2/ros2_differential_drive_robot/install/ros2_differential_drive_robot/lib/python3.10/site-packages/ros2_differential_drive_robot-0.0.0-py3.10.egg-info/SOURCES.txt
/home/jlukas/Desktop/My_Project/ROS2/ros2_differential_drive_robot/install/ros2_differential_drive_robot/lib/python3.10/site-packages/ros2_differential_drive_robot-0.0.0-py3.10.egg-info/entry_points.txt
/home/jlukas/Desktop/My_Project/ROS2/ros2_differential_drive_robot/install/ros2_differential_drive_robot/lib/ros2_differential_drive_robot/lidar_obstacle
/home/jlukas/Desktop/My_Project/ROS2/ros2_differential_drive_robot/install/ros2_differential_drive_robot/lib/ros2_differential_drive_robot/lidar_obstacle_steer
