[5.652s] DEBUG:colcon:Command line arguments: ['/usr/bin/colcon', 'build', '--symlink-install']
[5.652s] DEBUG:colcon:Parsed command line arguments: Namespace(log_base=None, log_level=None, verb_name='build', build_base='build', install_base='install', merge_install=False, symlink_install=True, test_result_base=None, continue_on_error=False, executor='parallel', parallel_workers=4, event_handlers=None, ignore_user_meta=False, metas=['./colcon.meta'], base_paths=['.'], packages_ignore=None, packages_ignore_regex=None, paths=None, packages_up_to=None, packages_up_to_regex=None, packages_above=None, packages_above_and_dependencies=None, packages_above_depth=None, packages_select_by_dep=None, packages_skip_by_dep=None, packages_skip_up_to=None, packages_select_build_failed=False, packages_skip_build_finished=False, packages_select_test_failures=False, packages_skip_test_passed=False, packages_select=None, packages_skip=None, packages_select_regex=None, packages_skip_regex=None, packages_start=None, packages_end=None, allow_overriding=[], cmake_args=None, cmake_target=None, cmake_target_skip_unavailable=False, cmake_clean_cache=False, cmake_clean_first=False, cmake_force_configure=False, ament_cmake_args=None, catkin_cmake_args=None, catkin_skip_building_tests=False, verb_parser=<colcon_defaults.argument_parser.defaults.DefaultArgumentsDecorator object at 0x7ff1d8d8c820>, verb_extension=<colcon_core.verb.build.BuildVerb object at 0x7ff1d93b7dc0>, main=<bound method BuildVerb.main of <colcon_core.verb.build.BuildVerb object at 0x7ff1d93b7dc0>>)
[5.891s] Level 1:colcon.colcon_core.package_discovery:discover_packages(colcon_meta) check parameters
[5.892s] Level 1:colcon.colcon_core.package_discovery:discover_packages(recursive) check parameters
[5.892s] Level 1:colcon.colcon_core.package_discovery:discover_packages(ignore) check parameters
[5.892s] Level 1:colcon.colcon_core.package_discovery:discover_packages(path) check parameters
[5.892s] Level 1:colcon.colcon_core.package_discovery:discover_packages(colcon_meta) discover
[5.892s] Level 1:colcon.colcon_core.package_discovery:discover_packages(recursive) discover
[5.892s] INFO:colcon.colcon_core.package_discovery:Crawling recursively for packages in '/home/jlukas/Desktop/My_Project/ROS2/techdiffbot'
[5.892s] Level 1:colcon.colcon_core.package_identification:_identify(.) by extensions ['ignore', 'ignore_ament_install']
[5.892s] Level 1:colcon.colcon_core.package_identification:_identify(.) by extension 'ignore'
[5.892s] Level 1:colcon.colcon_core.package_identification:_identify(.) by extension 'ignore_ament_install'
[5.892s] Level 1:colcon.colcon_core.package_identification:_identify(.) by extensions ['colcon_pkg']
[5.892s] Level 1:colcon.colcon_core.package_identification:_identify(.) by extension 'colcon_pkg'
[5.892s] Level 1:colcon.colcon_core.package_identification:_identify(.) by extensions ['colcon_meta']
[5.892s] Level 1:colcon.colcon_core.package_identification:_identify(.) by extension 'colcon_meta'
[5.892s] Level 1:colcon.colcon_core.package_identification:_identify(.) by extensions ['ros']
[5.892s] Level 1:colcon.colcon_core.package_identification:_identify(.) by extension 'ros'
[5.948s] Level 1:colcon.colcon_core.package_identification:_identify(.) by extensions ['cmake', 'python']
[5.951s] Level 1:colcon.colcon_core.package_identification:_identify(.) by extension 'cmake'
[5.951s] Level 1:colcon.colcon_core.package_identification:_identify(.) by extension 'python'
[5.951s] Level 1:colcon.colcon_core.package_identification:_identify(.) by extensions ['python_setup_py']
[5.951s] Level 1:colcon.colcon_core.package_identification:_identify(.) by extension 'python_setup_py'
[5.952s] Level 1:colcon.colcon_core.package_identification:_identify(build) by extensions ['ignore', 'ignore_ament_install']
[5.952s] Level 1:colcon.colcon_core.package_identification:_identify(build) by extension 'ignore'
[5.952s] Level 1:colcon.colcon_core.package_identification:_identify(build) ignored
[5.952s] Level 1:colcon.colcon_core.package_identification:_identify(install) by extensions ['ignore', 'ignore_ament_install']
[5.952s] Level 1:colcon.colcon_core.package_identification:_identify(install) by extension 'ignore'
[5.952s] Level 1:colcon.colcon_core.package_identification:_identify(install) ignored
[5.955s] Level 1:colcon.colcon_core.package_identification:_identify(log) by extensions ['ignore', 'ignore_ament_install']
[5.956s] Level 1:colcon.colcon_core.package_identification:_identify(log) by extension 'ignore'
[5.956s] Level 1:colcon.colcon_core.package_identification:_identify(log) ignored
[5.956s] Level 1:colcon.colcon_core.package_identification:_identify(src) by extensions ['ignore', 'ignore_ament_install']
[5.956s] Level 1:colcon.colcon_core.package_identification:_identify(src) by extension 'ignore'
[5.956s] Level 1:colcon.colcon_core.package_identification:_identify(src) by extension 'ignore_ament_install'
[5.956s] Level 1:colcon.colcon_core.package_identification:_identify(src) by extensions ['colcon_pkg']
[5.956s] Level 1:colcon.colcon_core.package_identification:_identify(src) by extension 'colcon_pkg'
[5.956s] Level 1:colcon.colcon_core.package_identification:_identify(src) by extensions ['colcon_meta']
[5.956s] Level 1:colcon.colcon_core.package_identification:_identify(src) by extension 'colcon_meta'
[5.956s] Level 1:colcon.colcon_core.package_identification:_identify(src) by extensions ['ros']
[5.956s] Level 1:colcon.colcon_core.package_identification:_identify(src) by extension 'ros'
[5.956s] Level 1:colcon.colcon_core.package_identification:_identify(src) by extensions ['cmake', 'python']
[5.956s] Level 1:colcon.colcon_core.package_identification:_identify(src) by extension 'cmake'
[5.956s] Level 1:colcon.colcon_core.package_identification:_identify(src) by extension 'python'
[5.956s] Level 1:colcon.colcon_core.package_identification:_identify(src) by extensions ['python_setup_py']
[5.959s] Level 1:colcon.colcon_core.package_identification:_identify(src) by extension 'python_setup_py'
[5.959s] Level 1:colcon.colcon_core.package_identification:_identify(src/diffdrive_arduino) by extensions ['ignore', 'ignore_ament_install']
[5.960s] Level 1:colcon.colcon_core.package_identification:_identify(src/diffdrive_arduino) by extension 'ignore'
[5.960s] Level 1:colcon.colcon_core.package_identification:_identify(src/diffdrive_arduino) by extension 'ignore_ament_install'
[5.960s] Level 1:colcon.colcon_core.package_identification:_identify(src/diffdrive_arduino) by extensions ['colcon_pkg']
[5.960s] Level 1:colcon.colcon_core.package_identification:_identify(src/diffdrive_arduino) by extension 'colcon_pkg'
[5.960s] Level 1:colcon.colcon_core.package_identification:_identify(src/diffdrive_arduino) by extensions ['colcon_meta']
[5.960s] Level 1:colcon.colcon_core.package_identification:_identify(src/diffdrive_arduino) by extension 'colcon_meta'
[5.960s] Level 1:colcon.colcon_core.package_identification:_identify(src/diffdrive_arduino) by extensions ['ros']
[5.963s] Level 1:colcon.colcon_core.package_identification:_identify(src/diffdrive_arduino) by extension 'ros'
[5.975s] DEBUG:colcon.colcon_core.package_identification:Package 'src/diffdrive_arduino' with type 'ros.ament_cmake' and name 'diffdrive_arduino'
[5.976s] Level 1:colcon.colcon_core.package_identification:_identify(src/serial) by extensions ['ignore', 'ignore_ament_install']
[5.976s] Level 1:colcon.colcon_core.package_identification:_identify(src/serial) by extension 'ignore'
[5.976s] Level 1:colcon.colcon_core.package_identification:_identify(src/serial) by extension 'ignore_ament_install'
[5.976s] Level 1:colcon.colcon_core.package_identification:_identify(src/serial) by extensions ['colcon_pkg']
[5.976s] Level 1:colcon.colcon_core.package_identification:_identify(src/serial) by extension 'colcon_pkg'
[5.976s] Level 1:colcon.colcon_core.package_identification:_identify(src/serial) by extensions ['colcon_meta']
[5.976s] Level 1:colcon.colcon_core.package_identification:_identify(src/serial) by extension 'colcon_meta'
[5.979s] Level 1:colcon.colcon_core.package_identification:_identify(src/serial) by extensions ['ros']
[5.979s] Level 1:colcon.colcon_core.package_identification:_identify(src/serial) by extension 'ros'
[5.984s] DEBUG:colcon.colcon_core.package_identification:Package 'src/serial' with type 'ros.ament_cmake' and name 'serial'
[5.988s] Level 1:colcon.colcon_core.package_identification:_identify(src/techdiffbot) by extensions ['ignore', 'ignore_ament_install']
[5.988s] Level 1:colcon.colcon_core.package_identification:_identify(src/techdiffbot) by extension 'ignore'
[5.988s] Level 1:colcon.colcon_core.package_identification:_identify(src/techdiffbot) by extension 'ignore_ament_install'
[5.988s] Level 1:colcon.colcon_core.package_identification:_identify(src/techdiffbot) by extensions ['colcon_pkg']
[5.988s] Level 1:colcon.colcon_core.package_identification:_identify(src/techdiffbot) by extension 'colcon_pkg'
[5.991s] Level 1:colcon.colcon_core.package_identification:_identify(src/techdiffbot) by extensions ['colcon_meta']
[5.991s] Level 1:colcon.colcon_core.package_identification:_identify(src/techdiffbot) by extension 'colcon_meta'
[5.992s] Level 1:colcon.colcon_core.package_identification:_identify(src/techdiffbot) by extensions ['ros']
[5.992s] Level 1:colcon.colcon_core.package_identification:_identify(src/techdiffbot) by extension 'ros'
[5.992s] DEBUG:colcon.colcon_core.package_identification:Package 'src/techdiffbot' with type 'ros.ament_python' and name 'techdiffbot'
[5.992s] Level 1:colcon.colcon_core.package_discovery:discover_packages(recursive) using defaults
[5.992s] Level 1:colcon.colcon_core.package_discovery:discover_packages(ignore) discover
[5.992s] Level 1:colcon.colcon_core.package_discovery:discover_packages(ignore) using defaults
[5.992s] Level 1:colcon.colcon_core.package_discovery:discover_packages(path) discover
[5.992s] Level 1:colcon.colcon_core.package_discovery:discover_packages(path) using defaults
[6.473s] Level 1:colcon.colcon_core.package_discovery:discover_packages(prefix_path) check parameters
[6.473s] Level 1:colcon.colcon_core.package_discovery:discover_packages(prefix_path) discover
[6.644s] DEBUG:colcon.colcon_installed_package_information.package_discovery:Found 3 installed packages in /home/jlukas/Desktop/My_Project/ROS2/techdiffbot/install
[6.716s] DEBUG:colcon.colcon_installed_package_information.package_discovery:Found 1 installed packages in /home/jlukas/ldlidar_ros2_ws/install
[6.871s] DEBUG:colcon.colcon_installed_package_information.package_discovery:Found 1 installed packages in /home/jlukas/Desktop/My_Project/ROS2/ros2_rpi_cv2/install
[6.976s] DEBUG:colcon.colcon_installed_package_information.package_discovery:Found 1 installed packages in /home/jlukas/Desktop/My_Project/ROS2/rover/install
[7.071s] DEBUG:colcon.colcon_installed_package_information.package_discovery:Found 430 installed packages in /opt/ros/humble
[7.076s] Level 1:colcon.colcon_core.package_discovery:discover_packages(prefix_path) using defaults
[7.660s] Level 5:colcon.colcon_core.verb:set package 'diffdrive_arduino' build argument 'cmake_args' from command line to 'None'
[7.663s] Level 5:colcon.colcon_core.verb:set package 'diffdrive_arduino' build argument 'cmake_target' from command line to 'None'
[7.663s] Level 5:colcon.colcon_core.verb:set package 'diffdrive_arduino' build argument 'cmake_target_skip_unavailable' from command line to 'False'
[7.664s] Level 5:colcon.colcon_core.verb:set package 'diffdrive_arduino' build argument 'cmake_clean_cache' from command line to 'False'
[7.664s] Level 5:colcon.colcon_core.verb:set package 'diffdrive_arduino' build argument 'cmake_clean_first' from command line to 'False'
[7.664s] Level 5:colcon.colcon_core.verb:set package 'diffdrive_arduino' build argument 'cmake_force_configure' from command line to 'False'
[7.664s] Level 5:colcon.colcon_core.verb:set package 'diffdrive_arduino' build argument 'ament_cmake_args' from command line to 'None'
[7.664s] Level 5:colcon.colcon_core.verb:set package 'diffdrive_arduino' build argument 'catkin_cmake_args' from command line to 'None'
[7.664s] Level 5:colcon.colcon_core.verb:set package 'diffdrive_arduino' build argument 'catkin_skip_building_tests' from command line to 'False'
[7.664s] DEBUG:colcon.colcon_core.verb:Building package 'diffdrive_arduino' with the following arguments: {'ament_cmake_args': None, 'build_base': '/home/jlukas/Desktop/My_Project/ROS2/techdiffbot/build/diffdrive_arduino', 'catkin_cmake_args': None, 'catkin_skip_building_tests': False, 'cmake_args': None, 'cmake_clean_cache': False, 'cmake_clean_first': False, 'cmake_force_configure': False, 'cmake_target': None, 'cmake_target_skip_unavailable': False, 'install_base': '/home/jlukas/Desktop/My_Project/ROS2/techdiffbot/install/diffdrive_arduino', 'merge_install': False, 'path': '/home/jlukas/Desktop/My_Project/ROS2/techdiffbot/src/diffdrive_arduino', 'symlink_install': True, 'test_result_base': None}
[7.737s] Level 5:colcon.colcon_core.verb:set package 'serial' build argument 'cmake_args' from command line to 'None'
[7.737s] Level 5:colcon.colcon_core.verb:set package 'serial' build argument 'cmake_target' from command line to 'None'
[7.737s] Level 5:colcon.colcon_core.verb:set package 'serial' build argument 'cmake_target_skip_unavailable' from command line to 'False'
[7.739s] Level 5:colcon.colcon_core.verb:set package 'serial' build argument 'cmake_clean_cache' from command line to 'False'
[7.739s] Level 5:colcon.colcon_core.verb:set package 'serial' build argument 'cmake_clean_first' from command line to 'False'
[7.739s] Level 5:colcon.colcon_core.verb:set package 'serial' build argument 'cmake_force_configure' from command line to 'False'
[7.739s] Level 5:colcon.colcon_core.verb:set package 'serial' build argument 'ament_cmake_args' from command line to 'None'
[7.739s] Level 5:colcon.colcon_core.verb:set package 'serial' build argument 'catkin_cmake_args' from command line to 'None'
[7.739s] Level 5:colcon.colcon_core.verb:set package 'serial' build argument 'catkin_skip_building_tests' from command line to 'False'
[7.739s] DEBUG:colcon.colcon_core.verb:Building package 'serial' with the following arguments: {'ament_cmake_args': None, 'build_base': '/home/jlukas/Desktop/My_Project/ROS2/techdiffbot/build/serial', 'catkin_cmake_args': None, 'catkin_skip_building_tests': False, 'cmake_args': None, 'cmake_clean_cache': False, 'cmake_clean_first': False, 'cmake_force_configure': False, 'cmake_target': None, 'cmake_target_skip_unavailable': False, 'install_base': '/home/jlukas/Desktop/My_Project/ROS2/techdiffbot/install/serial', 'merge_install': False, 'path': '/home/jlukas/Desktop/My_Project/ROS2/techdiffbot/src/serial', 'symlink_install': True, 'test_result_base': None}
[7.816s] Level 5:colcon.colcon_core.verb:set package 'techdiffbot' build argument 'cmake_args' from command line to 'None'
[7.820s] Level 5:colcon.colcon_core.verb:set package 'techdiffbot' build argument 'cmake_target' from command line to 'None'
[7.820s] Level 5:colcon.colcon_core.verb:set package 'techdiffbot' build argument 'cmake_target_skip_unavailable' from command line to 'False'
[7.820s] Level 5:colcon.colcon_core.verb:set package 'techdiffbot' build argument 'cmake_clean_cache' from command line to 'False'
[7.820s] Level 5:colcon.colcon_core.verb:set package 'techdiffbot' build argument 'cmake_clean_first' from command line to 'False'
[7.821s] Level 5:colcon.colcon_core.verb:set package 'techdiffbot' build argument 'cmake_force_configure' from command line to 'False'
[7.823s] Level 5:colcon.colcon_core.verb:set package 'techdiffbot' build argument 'ament_cmake_args' from command line to 'None'
[7.824s] Level 5:colcon.colcon_core.verb:set package 'techdiffbot' build argument 'catkin_cmake_args' from command line to 'None'
[7.824s] Level 5:colcon.colcon_core.verb:set package 'techdiffbot' build argument 'catkin_skip_building_tests' from command line to 'False'
[7.824s] DEBUG:colcon.colcon_core.verb:Building package 'techdiffbot' with the following arguments: {'ament_cmake_args': None, 'build_base': '/home/jlukas/Desktop/My_Project/ROS2/techdiffbot/build/techdiffbot', 'catkin_cmake_args': None, 'catkin_skip_building_tests': False, 'cmake_args': None, 'cmake_clean_cache': False, 'cmake_clean_first': False, 'cmake_force_configure': False, 'cmake_target': None, 'cmake_target_skip_unavailable': False, 'install_base': '/home/jlukas/Desktop/My_Project/ROS2/techdiffbot/install/techdiffbot', 'merge_install': False, 'path': '/home/jlukas/Desktop/My_Project/ROS2/techdiffbot/src/techdiffbot', 'symlink_install': True, 'test_result_base': None}
[7.896s] INFO:colcon.colcon_core.executor:Executing jobs using 'parallel' executor
[7.967s] DEBUG:colcon.colcon_parallel_executor.executor.parallel:run_until_complete
[7.968s] INFO:colcon.colcon_ros.task.ament_cmake.build:Building ROS package in '/home/jlukas/Desktop/My_Project/ROS2/techdiffbot/src/diffdrive_arduino' with build type 'ament_cmake'
[7.968s] INFO:colcon.colcon_cmake.task.cmake.build:Building CMake package in '/home/jlukas/Desktop/My_Project/ROS2/techdiffbot/src/diffdrive_arduino'
[8.064s] INFO:colcon.colcon_core.plugin_system:Skipping extension 'colcon_core.shell.bat': Not used on non-Windows systems
[8.064s] INFO:colcon.colcon_core.shell:Skip shell extension 'powershell' for command environment: Not usable outside of PowerShell
[8.064s] DEBUG:colcon.colcon_core.shell:Skip shell extension 'dsv' for command environment
[8.628s] INFO:colcon.colcon_ros.task.ament_cmake.build:Building ROS package in '/home/jlukas/Desktop/My_Project/ROS2/techdiffbot/src/serial' with build type 'ament_cmake'
[8.628s] INFO:colcon.colcon_cmake.task.cmake.build:Building CMake package in '/home/jlukas/Desktop/My_Project/ROS2/techdiffbot/src/serial'
[8.720s] INFO:colcon.colcon_core.shell:Skip shell extension 'powershell' for command environment: Not usable outside of PowerShell
[8.720s] DEBUG:colcon.colcon_core.shell:Skip shell extension 'dsv' for command environment
[9.356s] INFO:colcon.colcon_ros.task.ament_python.build:Building ROS package in '/home/jlukas/Desktop/My_Project/ROS2/techdiffbot/src/techdiffbot' with build type 'ament_python'
[9.360s] Level 1:colcon.colcon_core.shell:create_environment_hook('techdiffbot', 'ament_prefix_path')
[9.460s] INFO:colcon.colcon_core.shell:Creating environment hook '/home/jlukas/Desktop/My_Project/ROS2/techdiffbot/install/techdiffbot/share/techdiffbot/hook/ament_prefix_path.ps1'
[9.468s] INFO:colcon.colcon_core.shell:Creating environment descriptor '/home/jlukas/Desktop/My_Project/ROS2/techdiffbot/install/techdiffbot/share/techdiffbot/hook/ament_prefix_path.dsv'
[9.472s] INFO:colcon.colcon_core.shell:Creating environment hook '/home/jlukas/Desktop/My_Project/ROS2/techdiffbot/install/techdiffbot/share/techdiffbot/hook/ament_prefix_path.sh'
[9.556s] INFO:colcon.colcon_core.shell:Skip shell extension 'powershell' for command environment: Not usable outside of PowerShell
[9.556s] DEBUG:colcon.colcon_core.shell:Skip shell extension 'dsv' for command environment
[10.168s] DEBUG:colcon.colcon_core.event_handler.log_command:Invoking command in '/home/jlukas/Desktop/My_Project/ROS2/techdiffbot/build/diffdrive_arduino': CMAKE_PREFIX_PATH=${CMAKE_PREFIX_PATH}:/home/jlukas/Desktop/My_Project/ROS2/techdiffbot/install/techdiffbot:/home/jlukas/Desktop/My_Project/ROS2/ros2_rpi_cv2/install/ros2_rpi_cv2:/home/jlukas/Desktop/My_Project/ROS2/rover/install/rover:/opt/ros/humble /usr/bin/cmake --build /home/jlukas/Desktop/My_Project/ROS2/techdiffbot/build/diffdrive_arduino -- -j4 -l4
[10.195s] DEBUG:colcon.colcon_core.event_handler.log_command:Invoking command in '/home/jlukas/Desktop/My_Project/ROS2/techdiffbot/build/serial': CMAKE_PREFIX_PATH=${CMAKE_PREFIX_PATH}:/home/jlukas/Desktop/My_Project/ROS2/techdiffbot/install/techdiffbot:/home/jlukas/Desktop/My_Project/ROS2/ros2_rpi_cv2/install/ros2_rpi_cv2:/home/jlukas/Desktop/My_Project/ROS2/rover/install/rover:/opt/ros/humble /usr/bin/cmake --build /home/jlukas/Desktop/My_Project/ROS2/techdiffbot/build/serial -- -j4 -l4
[12.212s] INFO:colcon.colcon_core.task.python.build:Building Python package in '/home/jlukas/Desktop/My_Project/ROS2/techdiffbot/src/techdiffbot'
[12.332s] INFO:colcon.colcon_core.shell:Skip shell extension 'powershell' for command environment: Not usable outside of PowerShell
[12.332s] DEBUG:colcon.colcon_core.shell:Skip shell extension 'dsv' for command environment
[12.956s] DEBUG:colcon.colcon_core.event_handler.log_command:Invoked command in '/home/jlukas/Desktop/My_Project/ROS2/techdiffbot/build/diffdrive_arduino' returned '0': CMAKE_PREFIX_PATH=${CMAKE_PREFIX_PATH}:/home/jlukas/Desktop/My_Project/ROS2/techdiffbot/install/techdiffbot:/home/jlukas/Desktop/My_Project/ROS2/ros2_rpi_cv2/install/ros2_rpi_cv2:/home/jlukas/Desktop/My_Project/ROS2/rover/install/rover:/opt/ros/humble /usr/bin/cmake --build /home/jlukas/Desktop/My_Project/ROS2/techdiffbot/build/diffdrive_arduino -- -j4 -l4
[13.015s] DEBUG:colcon.colcon_core.event_handler.log_command:Invoked command in '/home/jlukas/Desktop/My_Project/ROS2/techdiffbot/build/serial' returned '0': CMAKE_PREFIX_PATH=${CMAKE_PREFIX_PATH}:/home/jlukas/Desktop/My_Project/ROS2/techdiffbot/install/techdiffbot:/home/jlukas/Desktop/My_Project/ROS2/ros2_rpi_cv2/install/ros2_rpi_cv2:/home/jlukas/Desktop/My_Project/ROS2/rover/install/rover:/opt/ros/humble /usr/bin/cmake --build /home/jlukas/Desktop/My_Project/ROS2/techdiffbot/build/serial -- -j4 -l4
[13.608s] DEBUG:colcon.colcon_core.event_handler.log_command:Invoking command in '/home/jlukas/Desktop/My_Project/ROS2/techdiffbot/build/diffdrive_arduino': CMAKE_PREFIX_PATH=${CMAKE_PREFIX_PATH}:/home/jlukas/Desktop/My_Project/ROS2/techdiffbot/install/techdiffbot:/home/jlukas/Desktop/My_Project/ROS2/ros2_rpi_cv2/install/ros2_rpi_cv2:/home/jlukas/Desktop/My_Project/ROS2/rover/install/rover:/opt/ros/humble /usr/bin/cmake --install /home/jlukas/Desktop/My_Project/ROS2/techdiffbot/build/diffdrive_arduino
[13.612s] DEBUG:colcon.colcon_core.event_handler.log_command:Invoking command in '/home/jlukas/Desktop/My_Project/ROS2/techdiffbot/build/serial': CMAKE_PREFIX_PATH=${CMAKE_PREFIX_PATH}:/home/jlukas/Desktop/My_Project/ROS2/techdiffbot/install/techdiffbot:/home/jlukas/Desktop/My_Project/ROS2/ros2_rpi_cv2/install/ros2_rpi_cv2:/home/jlukas/Desktop/My_Project/ROS2/rover/install/rover:/opt/ros/humble /usr/bin/cmake --install /home/jlukas/Desktop/My_Project/ROS2/techdiffbot/build/serial
[13.920s] Level 1:colcon.colcon_core.environment:create_environment_scripts_only(serial)
[13.928s] DEBUG:colcon.colcon_core.event_handler.log_command:Invoked command in '/home/jlukas/Desktop/My_Project/ROS2/techdiffbot/build/serial' returned '0': CMAKE_PREFIX_PATH=${CMAKE_PREFIX_PATH}:/home/jlukas/Desktop/My_Project/ROS2/techdiffbot/install/techdiffbot:/home/jlukas/Desktop/My_Project/ROS2/ros2_rpi_cv2/install/ros2_rpi_cv2:/home/jlukas/Desktop/My_Project/ROS2/rover/install/rover:/opt/ros/humble /usr/bin/cmake --install /home/jlukas/Desktop/My_Project/ROS2/techdiffbot/build/serial
[14.140s] Level 1:colcon.colcon_core.environment:checking '/home/jlukas/Desktop/My_Project/ROS2/techdiffbot/install/serial' for CMake module files
[14.144s] Level 1:colcon.colcon_core.environment:checking '/home/jlukas/Desktop/My_Project/ROS2/techdiffbot/install/serial' for CMake config files
[14.144s] Level 1:colcon.colcon_core.shell:create_environment_hook('serial', 'cmake_prefix_path')
[14.244s] INFO:colcon.colcon_core.shell:Creating environment hook '/home/jlukas/Desktop/My_Project/ROS2/techdiffbot/install/serial/share/serial/hook/cmake_prefix_path.ps1'
[14.247s] INFO:colcon.colcon_core.shell:Creating environment descriptor '/home/jlukas/Desktop/My_Project/ROS2/techdiffbot/install/serial/share/serial/hook/cmake_prefix_path.dsv'
[14.251s] INFO:colcon.colcon_core.shell:Creating environment hook '/home/jlukas/Desktop/My_Project/ROS2/techdiffbot/install/serial/share/serial/hook/cmake_prefix_path.sh'
[14.256s] Level 1:colcon.colcon_core.environment:checking '/home/jlukas/Desktop/My_Project/ROS2/techdiffbot/install/serial/lib'
[14.256s] Level 1:colcon.colcon_core.environment:checking '/home/jlukas/Desktop/My_Project/ROS2/techdiffbot/install/serial/bin'
[14.256s] Level 1:colcon.colcon_core.environment:checking '/home/jlukas/Desktop/My_Project/ROS2/techdiffbot/install/serial/lib/pkgconfig/serial.pc'
[14.256s] Level 1:colcon.colcon_core.environment:checking '/home/jlukas/Desktop/My_Project/ROS2/techdiffbot/install/serial/lib/python3.10/site-packages'
[14.260s] Level 1:colcon.colcon_core.environment:checking '/home/jlukas/Desktop/My_Project/ROS2/techdiffbot/install/serial/bin'
[14.360s] INFO:colcon.colcon_core.shell:Creating package script '/home/jlukas/Desktop/My_Project/ROS2/techdiffbot/install/serial/share/serial/package.ps1'
[14.364s] INFO:colcon.colcon_core.shell:Creating package descriptor '/home/jlukas/Desktop/My_Project/ROS2/techdiffbot/install/serial/share/serial/package.dsv'
[14.367s] INFO:colcon.colcon_core.shell:Creating package script '/home/jlukas/Desktop/My_Project/ROS2/techdiffbot/install/serial/share/serial/package.sh'
[14.371s] INFO:colcon.colcon_core.shell:Creating package script '/home/jlukas/Desktop/My_Project/ROS2/techdiffbot/install/serial/share/serial/package.bash'
[14.380s] INFO:colcon.colcon_core.shell:Creating package script '/home/jlukas/Desktop/My_Project/ROS2/techdiffbot/install/serial/share/serial/package.zsh'
[14.384s] Level 1:colcon.colcon_core.environment:create_file_with_runtime_dependencies(/home/jlukas/Desktop/My_Project/ROS2/techdiffbot/install/serial/share/colcon-core/packages/serial)
[14.408s] Level 1:colcon.colcon_core.environment:create_environment_scripts_only(diffdrive_arduino)
[14.408s] DEBUG:colcon.colcon_core.event_handler.log_command:Invoked command in '/home/jlukas/Desktop/My_Project/ROS2/techdiffbot/build/diffdrive_arduino' returned '0': CMAKE_PREFIX_PATH=${CMAKE_PREFIX_PATH}:/home/jlukas/Desktop/My_Project/ROS2/techdiffbot/install/techdiffbot:/home/jlukas/Desktop/My_Project/ROS2/ros2_rpi_cv2/install/ros2_rpi_cv2:/home/jlukas/Desktop/My_Project/ROS2/rover/install/rover:/opt/ros/humble /usr/bin/cmake --install /home/jlukas/Desktop/My_Project/ROS2/techdiffbot/build/diffdrive_arduino
[14.536s] Level 1:colcon.colcon_core.environment:checking '/home/jlukas/Desktop/My_Project/ROS2/techdiffbot/install/diffdrive_arduino' for CMake module files
[14.537s] Level 1:colcon.colcon_core.environment:checking '/home/jlukas/Desktop/My_Project/ROS2/techdiffbot/install/diffdrive_arduino' for CMake config files
[14.540s] Level 1:colcon.colcon_core.shell:create_environment_hook('diffdrive_arduino', 'cmake_prefix_path')
[14.620s] INFO:colcon.colcon_core.shell:Creating environment hook '/home/jlukas/Desktop/My_Project/ROS2/techdiffbot/install/diffdrive_arduino/share/diffdrive_arduino/hook/cmake_prefix_path.ps1'
[14.623s] INFO:colcon.colcon_core.shell:Creating environment descriptor '/home/jlukas/Desktop/My_Project/ROS2/techdiffbot/install/diffdrive_arduino/share/diffdrive_arduino/hook/cmake_prefix_path.dsv'
[14.624s] INFO:colcon.colcon_core.shell:Creating environment hook '/home/jlukas/Desktop/My_Project/ROS2/techdiffbot/install/diffdrive_arduino/share/diffdrive_arduino/hook/cmake_prefix_path.sh'
[14.628s] Level 1:colcon.colcon_core.environment:checking '/home/jlukas/Desktop/My_Project/ROS2/techdiffbot/install/diffdrive_arduino/lib'
[14.628s] Level 1:colcon.colcon_core.shell:create_environment_hook('diffdrive_arduino', 'ld_library_path_lib')
[14.712s] INFO:colcon.colcon_core.shell:Creating environment hook '/home/jlukas/Desktop/My_Project/ROS2/techdiffbot/install/diffdrive_arduino/share/diffdrive_arduino/hook/ld_library_path_lib.ps1'
[14.716s] INFO:colcon.colcon_core.shell:Creating environment descriptor '/home/jlukas/Desktop/My_Project/ROS2/techdiffbot/install/diffdrive_arduino/share/diffdrive_arduino/hook/ld_library_path_lib.dsv'
[14.720s] INFO:colcon.colcon_core.shell:Creating environment hook '/home/jlukas/Desktop/My_Project/ROS2/techdiffbot/install/diffdrive_arduino/share/diffdrive_arduino/hook/ld_library_path_lib.sh'
[14.723s] Level 1:colcon.colcon_core.environment:checking '/home/jlukas/Desktop/My_Project/ROS2/techdiffbot/install/diffdrive_arduino/bin'
[14.724s] Level 1:colcon.colcon_core.environment:checking '/home/jlukas/Desktop/My_Project/ROS2/techdiffbot/install/diffdrive_arduino/lib/pkgconfig/diffdrive_arduino.pc'
[14.724s] Level 1:colcon.colcon_core.environment:checking '/home/jlukas/Desktop/My_Project/ROS2/techdiffbot/install/diffdrive_arduino/lib/python3.10/site-packages'
[14.728s] Level 1:colcon.colcon_core.environment:checking '/home/jlukas/Desktop/My_Project/ROS2/techdiffbot/install/diffdrive_arduino/bin'
[14.848s] INFO:colcon.colcon_core.shell:Creating package script '/home/jlukas/Desktop/My_Project/ROS2/techdiffbot/install/diffdrive_arduino/share/diffdrive_arduino/package.ps1'
[14.860s] INFO:colcon.colcon_core.shell:Creating package descriptor '/home/jlukas/Desktop/My_Project/ROS2/techdiffbot/install/diffdrive_arduino/share/diffdrive_arduino/package.dsv'
[14.864s] INFO:colcon.colcon_core.shell:Creating package script '/home/jlukas/Desktop/My_Project/ROS2/techdiffbot/install/diffdrive_arduino/share/diffdrive_arduino/package.sh'
[14.868s] INFO:colcon.colcon_core.shell:Creating package script '/home/jlukas/Desktop/My_Project/ROS2/techdiffbot/install/diffdrive_arduino/share/diffdrive_arduino/package.bash'
[14.871s] INFO:colcon.colcon_core.shell:Creating package script '/home/jlukas/Desktop/My_Project/ROS2/techdiffbot/install/diffdrive_arduino/share/diffdrive_arduino/package.zsh'
[14.872s] Level 1:colcon.colcon_core.environment:create_file_with_runtime_dependencies(/home/jlukas/Desktop/My_Project/ROS2/techdiffbot/install/diffdrive_arduino/share/colcon-core/packages/diffdrive_arduino)
[15.324s] Level 1:colcon.colcon_core.environment:create_environment_scripts_only(serial)
[15.432s] Level 1:colcon.colcon_core.environment:checking '/home/jlukas/Desktop/My_Project/ROS2/techdiffbot/install/serial' for CMake module files
[15.436s] Level 1:colcon.colcon_core.environment:checking '/home/jlukas/Desktop/My_Project/ROS2/techdiffbot/install/serial' for CMake config files
[15.439s] Level 1:colcon.colcon_core.shell:create_environment_hook('serial', 'cmake_prefix_path')
[15.556s] INFO:colcon.colcon_core.shell:Creating environment hook '/home/jlukas/Desktop/My_Project/ROS2/techdiffbot/install/serial/share/serial/hook/cmake_prefix_path.ps1'
[15.567s] INFO:colcon.colcon_core.shell:Creating environment descriptor '/home/jlukas/Desktop/My_Project/ROS2/techdiffbot/install/serial/share/serial/hook/cmake_prefix_path.dsv'
[15.572s] INFO:colcon.colcon_core.shell:Creating environment hook '/home/jlukas/Desktop/My_Project/ROS2/techdiffbot/install/serial/share/serial/hook/cmake_prefix_path.sh'
[15.576s] Level 1:colcon.colcon_core.environment:checking '/home/jlukas/Desktop/My_Project/ROS2/techdiffbot/install/serial/lib'
[15.576s] Level 1:colcon.colcon_core.environment:checking '/home/jlukas/Desktop/My_Project/ROS2/techdiffbot/install/serial/bin'
[15.576s] Level 1:colcon.colcon_core.environment:checking '/home/jlukas/Desktop/My_Project/ROS2/techdiffbot/install/serial/lib/pkgconfig/serial.pc'
[15.579s] Level 1:colcon.colcon_core.environment:checking '/home/jlukas/Desktop/My_Project/ROS2/techdiffbot/install/serial/lib/python3.10/site-packages'
[15.580s] Level 1:colcon.colcon_core.environment:checking '/home/jlukas/Desktop/My_Project/ROS2/techdiffbot/install/serial/bin'
[15.792s] INFO:colcon.colcon_core.shell:Creating package script '/home/jlukas/Desktop/My_Project/ROS2/techdiffbot/install/serial/share/serial/package.ps1'
[15.796s] INFO:colcon.colcon_core.shell:Creating package descriptor '/home/jlukas/Desktop/My_Project/ROS2/techdiffbot/install/serial/share/serial/package.dsv'
[15.800s] INFO:colcon.colcon_core.shell:Creating package script '/home/jlukas/Desktop/My_Project/ROS2/techdiffbot/install/serial/share/serial/package.sh'
[15.808s] INFO:colcon.colcon_core.shell:Creating package script '/home/jlukas/Desktop/My_Project/ROS2/techdiffbot/install/serial/share/serial/package.bash'
[15.812s] INFO:colcon.colcon_core.shell:Creating package script '/home/jlukas/Desktop/My_Project/ROS2/techdiffbot/install/serial/share/serial/package.zsh'
[15.815s] Level 1:colcon.colcon_core.environment:create_file_with_runtime_dependencies(/home/jlukas/Desktop/My_Project/ROS2/techdiffbot/install/serial/share/colcon-core/packages/serial)
[15.936s] Level 1:colcon.colcon_core.environment:create_environment_scripts_only(diffdrive_arduino)
[16.020s] Level 1:colcon.colcon_core.environment:checking '/home/jlukas/Desktop/My_Project/ROS2/techdiffbot/install/diffdrive_arduino' for CMake module files
[16.024s] Level 1:colcon.colcon_core.environment:checking '/home/jlukas/Desktop/My_Project/ROS2/techdiffbot/install/diffdrive_arduino' for CMake config files
[16.024s] Level 1:colcon.colcon_core.shell:create_environment_hook('diffdrive_arduino', 'cmake_prefix_path')
[16.104s] INFO:colcon.colcon_core.shell:Creating environment hook '/home/jlukas/Desktop/My_Project/ROS2/techdiffbot/install/diffdrive_arduino/share/diffdrive_arduino/hook/cmake_prefix_path.ps1'
[16.111s] INFO:colcon.colcon_core.shell:Creating environment descriptor '/home/jlukas/Desktop/My_Project/ROS2/techdiffbot/install/diffdrive_arduino/share/diffdrive_arduino/hook/cmake_prefix_path.dsv'
[16.124s] INFO:colcon.colcon_core.shell:Creating environment hook '/home/jlukas/Desktop/My_Project/ROS2/techdiffbot/install/diffdrive_arduino/share/diffdrive_arduino/hook/cmake_prefix_path.sh'
[16.128s] Level 1:colcon.colcon_core.environment:checking '/home/jlukas/Desktop/My_Project/ROS2/techdiffbot/install/diffdrive_arduino/lib'
[16.128s] Level 1:colcon.colcon_core.shell:create_environment_hook('diffdrive_arduino', 'ld_library_path_lib')
[16.260s] INFO:colcon.colcon_core.shell:Creating environment hook '/home/jlukas/Desktop/My_Project/ROS2/techdiffbot/install/diffdrive_arduino/share/diffdrive_arduino/hook/ld_library_path_lib.ps1'
[16.264s] INFO:colcon.colcon_core.shell:Creating environment descriptor '/home/jlukas/Desktop/My_Project/ROS2/techdiffbot/install/diffdrive_arduino/share/diffdrive_arduino/hook/ld_library_path_lib.dsv'
[16.267s] INFO:colcon.colcon_core.shell:Creating environment hook '/home/jlukas/Desktop/My_Project/ROS2/techdiffbot/install/diffdrive_arduino/share/diffdrive_arduino/hook/ld_library_path_lib.sh'
[16.268s] Level 1:colcon.colcon_core.environment:checking '/home/jlukas/Desktop/My_Project/ROS2/techdiffbot/install/diffdrive_arduino/bin'
[16.268s] Level 1:colcon.colcon_core.environment:checking '/home/jlukas/Desktop/My_Project/ROS2/techdiffbot/install/diffdrive_arduino/lib/pkgconfig/diffdrive_arduino.pc'
[16.268s] Level 1:colcon.colcon_core.environment:checking '/home/jlukas/Desktop/My_Project/ROS2/techdiffbot/install/diffdrive_arduino/lib/python3.10/site-packages'
[16.271s] Level 1:colcon.colcon_core.environment:checking '/home/jlukas/Desktop/My_Project/ROS2/techdiffbot/install/diffdrive_arduino/bin'
[16.376s] INFO:colcon.colcon_core.shell:Creating package script '/home/jlukas/Desktop/My_Project/ROS2/techdiffbot/install/diffdrive_arduino/share/diffdrive_arduino/package.ps1'
[16.383s] INFO:colcon.colcon_core.shell:Creating package descriptor '/home/jlukas/Desktop/My_Project/ROS2/techdiffbot/install/diffdrive_arduino/share/diffdrive_arduino/package.dsv'
[16.388s] INFO:colcon.colcon_core.shell:Creating package script '/home/jlukas/Desktop/My_Project/ROS2/techdiffbot/install/diffdrive_arduino/share/diffdrive_arduino/package.sh'
[16.391s] INFO:colcon.colcon_core.shell:Creating package script '/home/jlukas/Desktop/My_Project/ROS2/techdiffbot/install/diffdrive_arduino/share/diffdrive_arduino/package.bash'
[16.395s] INFO:colcon.colcon_core.shell:Creating package script '/home/jlukas/Desktop/My_Project/ROS2/techdiffbot/install/diffdrive_arduino/share/diffdrive_arduino/package.zsh'
[16.396s] Level 1:colcon.colcon_core.environment:create_file_with_runtime_dependencies(/home/jlukas/Desktop/My_Project/ROS2/techdiffbot/install/diffdrive_arduino/share/colcon-core/packages/diffdrive_arduino)
[16.408s] DEBUG:colcon.colcon_core.event_handler.log_command:Invoking command in '/home/jlukas/Desktop/My_Project/ROS2/techdiffbot/build/techdiffbot': PYTHONPATH=/home/jlukas/Desktop/My_Project/ROS2/techdiffbot/build/techdiffbot/prefix_override:/home/jlukas/Desktop/My_Project/ROS2/techdiffbot/install/techdiffbot/lib/python3.10/site-packages:${PYTHONPATH} /usr/bin/python3 setup.py develop --editable --build-directory /home/jlukas/Desktop/My_Project/ROS2/techdiffbot/build/techdiffbot/build --no-deps install_data
[19.284s] Level 1:colcon.colcon_core.shell:create_environment_hook('techdiffbot', 'pythonpath_develop')
[19.288s] DEBUG:colcon.colcon_core.event_handler.log_command:Invoked command in '/home/jlukas/Desktop/My_Project/ROS2/techdiffbot/build/techdiffbot' returned '0': PYTHONPATH=/home/jlukas/Desktop/My_Project/ROS2/techdiffbot/build/techdiffbot/prefix_override:/home/jlukas/Desktop/My_Project/ROS2/techdiffbot/install/techdiffbot/lib/python3.10/site-packages:${PYTHONPATH} /usr/bin/python3 setup.py develop --editable --build-directory /home/jlukas/Desktop/My_Project/ROS2/techdiffbot/build/techdiffbot/build --no-deps install_data
[19.404s] INFO:colcon.colcon_core.shell:Creating environment hook '/home/jlukas/Desktop/My_Project/ROS2/techdiffbot/build/techdiffbot/share/techdiffbot/hook/pythonpath_develop.ps1'
[19.407s] INFO:colcon.colcon_core.shell:Creating environment descriptor '/home/jlukas/Desktop/My_Project/ROS2/techdiffbot/build/techdiffbot/share/techdiffbot/hook/pythonpath_develop.dsv'
[19.408s] INFO:colcon.colcon_core.shell:Creating environment hook '/home/jlukas/Desktop/My_Project/ROS2/techdiffbot/build/techdiffbot/share/techdiffbot/hook/pythonpath_develop.sh'
[19.536s] Level 1:colcon.colcon_core.environment:checking '/home/jlukas/Desktop/My_Project/ROS2/techdiffbot/install/techdiffbot' for CMake module files
[19.540s] Level 1:colcon.colcon_core.environment:checking '/home/jlukas/Desktop/My_Project/ROS2/techdiffbot/install/techdiffbot' for CMake config files
[19.544s] Level 1:colcon.colcon_core.environment:checking '/home/jlukas/Desktop/My_Project/ROS2/techdiffbot/install/techdiffbot/lib'
[19.547s] Level 1:colcon.colcon_core.environment:checking '/home/jlukas/Desktop/My_Project/ROS2/techdiffbot/install/techdiffbot/bin'
[19.548s] Level 1:colcon.colcon_core.environment:checking '/home/jlukas/Desktop/My_Project/ROS2/techdiffbot/install/techdiffbot/lib/pkgconfig/techdiffbot.pc'
[19.548s] Level 1:colcon.colcon_core.environment:checking '/home/jlukas/Desktop/My_Project/ROS2/techdiffbot/install/techdiffbot/lib/python3.10/site-packages'
[19.548s] Level 1:colcon.colcon_core.shell:create_environment_hook('techdiffbot', 'pythonpath')
[19.647s] INFO:colcon.colcon_core.shell:Creating environment hook '/home/jlukas/Desktop/My_Project/ROS2/techdiffbot/install/techdiffbot/share/techdiffbot/hook/pythonpath.ps1'
[19.652s] INFO:colcon.colcon_core.shell:Creating environment descriptor '/home/jlukas/Desktop/My_Project/ROS2/techdiffbot/install/techdiffbot/share/techdiffbot/hook/pythonpath.dsv'
[19.655s] INFO:colcon.colcon_core.shell:Creating environment hook '/home/jlukas/Desktop/My_Project/ROS2/techdiffbot/install/techdiffbot/share/techdiffbot/hook/pythonpath.sh'
[19.659s] Level 1:colcon.colcon_core.environment:checking '/home/jlukas/Desktop/My_Project/ROS2/techdiffbot/install/techdiffbot/bin'
[19.660s] Level 1:colcon.colcon_core.environment:create_environment_scripts_only(techdiffbot)
[19.756s] INFO:colcon.colcon_core.shell:Creating package script '/home/jlukas/Desktop/My_Project/ROS2/techdiffbot/install/techdiffbot/share/techdiffbot/package.ps1'
[19.764s] INFO:colcon.colcon_core.shell:Creating package descriptor '/home/jlukas/Desktop/My_Project/ROS2/techdiffbot/install/techdiffbot/share/techdiffbot/package.dsv'
[19.767s] INFO:colcon.colcon_core.shell:Creating package script '/home/jlukas/Desktop/My_Project/ROS2/techdiffbot/install/techdiffbot/share/techdiffbot/package.sh'
[19.771s] INFO:colcon.colcon_core.shell:Creating package script '/home/jlukas/Desktop/My_Project/ROS2/techdiffbot/install/techdiffbot/share/techdiffbot/package.bash'
[19.772s] INFO:colcon.colcon_core.shell:Creating package script '/home/jlukas/Desktop/My_Project/ROS2/techdiffbot/install/techdiffbot/share/techdiffbot/package.zsh'
[19.775s] Level 1:colcon.colcon_core.environment:create_file_with_runtime_dependencies(/home/jlukas/Desktop/My_Project/ROS2/techdiffbot/install/techdiffbot/share/colcon-core/packages/techdiffbot)
[19.776s] DEBUG:colcon.colcon_parallel_executor.executor.parallel:closing loop
[19.776s] DEBUG:colcon.colcon_parallel_executor.executor.parallel:loop closed
[19.783s] DEBUG:colcon.colcon_parallel_executor.executor.parallel:run_until_complete finished with '0'
[19.784s] DEBUG:colcon.colcon_core.event_reactor:joining thread
[19.904s] INFO:colcon.colcon_core.plugin_system:Skipping extension 'colcon_notification.desktop_notification.terminal_notifier': Not used on non-Darwin systems
[19.904s] INFO:colcon.colcon_core.plugin_system:Skipping extension 'colcon_notification.desktop_notification.win32': Not used on non-Windows systems
[19.904s] INFO:colcon.colcon_notification.desktop_notification:Sending desktop notification using 'notify2'
[19.996s] DEBUG:colcon.colcon_core.event_reactor:joined thread
[20.083s] INFO:colcon.colcon_core.shell:Creating prefix script '/home/jlukas/Desktop/My_Project/ROS2/techdiffbot/install/local_setup.ps1'
[20.088s] INFO:colcon.colcon_core.shell:Creating prefix util module '/home/jlukas/Desktop/My_Project/ROS2/techdiffbot/install/_local_setup_util_ps1.py'
[20.095s] INFO:colcon.colcon_core.shell:Creating prefix chain script '/home/jlukas/Desktop/My_Project/ROS2/techdiffbot/install/setup.ps1'
[20.204s] INFO:colcon.colcon_core.shell:Creating prefix script '/home/jlukas/Desktop/My_Project/ROS2/techdiffbot/install/local_setup.sh'
[20.207s] INFO:colcon.colcon_core.shell:Creating prefix util module '/home/jlukas/Desktop/My_Project/ROS2/techdiffbot/install/_local_setup_util_sh.py'
[20.211s] INFO:colcon.colcon_core.shell:Creating prefix chain script '/home/jlukas/Desktop/My_Project/ROS2/techdiffbot/install/setup.sh'
[20.316s] INFO:colcon.colcon_core.shell:Creating prefix script '/home/jlukas/Desktop/My_Project/ROS2/techdiffbot/install/local_setup.bash'
[20.320s] INFO:colcon.colcon_core.shell:Creating prefix chain script '/home/jlukas/Desktop/My_Project/ROS2/techdiffbot/install/setup.bash'
[20.411s] INFO:colcon.colcon_core.shell:Creating prefix script '/home/jlukas/Desktop/My_Project/ROS2/techdiffbot/install/local_setup.zsh'
[20.416s] INFO:colcon.colcon_core.shell:Creating prefix chain script '/home/jlukas/Desktop/My_Project/ROS2/techdiffbot/install/setup.zsh'
