[3.808s] DEBUG:colcon:Command line arguments: ['/usr/bin/colcon', 'build', '--symlink-install']
[3.808s] DEBUG:colcon:Parsed command line arguments: Namespace(log_base=None, log_level=None, verb_name='build', build_base='build', install_base='install', merge_install=False, symlink_install=True, test_result_base=None, continue_on_error=False, executor='parallel', parallel_workers=4, event_handlers=None, ignore_user_meta=False, metas=['./colcon.meta'], base_paths=['.'], packages_ignore=None, packages_ignore_regex=None, paths=None, packages_up_to=None, packages_up_to_regex=None, packages_above=None, packages_above_and_dependencies=None, packages_above_depth=None, packages_select_by_dep=None, packages_skip_by_dep=None, packages_skip_up_to=None, packages_select_build_failed=False, packages_skip_build_finished=False, packages_select_test_failures=False, packages_skip_test_passed=False, packages_select=None, packages_skip=None, packages_select_regex=None, packages_skip_regex=None, packages_start=None, packages_end=None, allow_overriding=[], cmake_args=None, cmake_target=None, cmake_target_skip_unavailable=False, cmake_clean_cache=False, cmake_clean_first=False, cmake_force_configure=False, ament_cmake_args=None, catkin_cmake_args=None, catkin_skip_building_tests=False, verb_parser=<colcon_defaults.argument_parser.defaults.DefaultArgumentsDecorator object at 0x7f964ac1a1a0>, verb_extension=<colcon_core.verb.build.BuildVerb object at 0x7f964b1cbdc0>, main=<bound method BuildVerb.main of <colcon_core.verb.build.BuildVerb object at 0x7f964b1cbdc0>>)
[3.991s] Level 1:colcon.colcon_core.package_discovery:discover_packages(colcon_meta) check parameters
[3.992s] Level 1:colcon.colcon_core.package_discovery:discover_packages(recursive) check parameters
[3.992s] Level 1:colcon.colcon_core.package_discovery:discover_packages(ignore) check parameters
[3.992s] Level 1:colcon.colcon_core.package_discovery:discover_packages(path) check parameters
[3.992s] Level 1:colcon.colcon_core.package_discovery:discover_packages(colcon_meta) discover
[3.992s] Level 1:colcon.colcon_core.package_discovery:discover_packages(recursive) discover
[3.992s] INFO:colcon.colcon_core.package_discovery:Crawling recursively for packages in '/home/jlukas/Desktop/My_Project/ROS2/techdiffbot'
[3.996s] Level 1:colcon.colcon_core.package_identification:_identify(.) by extensions ['ignore', 'ignore_ament_install']
[3.996s] Level 1:colcon.colcon_core.package_identification:_identify(.) by extension 'ignore'
[3.996s] Level 1:colcon.colcon_core.package_identification:_identify(.) by extension 'ignore_ament_install'
[3.999s] Level 1:colcon.colcon_core.package_identification:_identify(.) by extensions ['colcon_pkg']
[3.999s] Level 1:colcon.colcon_core.package_identification:_identify(.) by extension 'colcon_pkg'
[3.999s] Level 1:colcon.colcon_core.package_identification:_identify(.) by extensions ['colcon_meta']
[3.999s] Level 1:colcon.colcon_core.package_identification:_identify(.) by extension 'colcon_meta'
[3.999s] Level 1:colcon.colcon_core.package_identification:_identify(.) by extensions ['ros']
[4.000s] Level 1:colcon.colcon_core.package_identification:_identify(.) by extension 'ros'
[4.032s] Level 1:colcon.colcon_core.package_identification:_identify(.) by extensions ['cmake', 'python']
[4.032s] Level 1:colcon.colcon_core.package_identification:_identify(.) by extension 'cmake'
[4.032s] Level 1:colcon.colcon_core.package_identification:_identify(.) by extension 'python'
[4.032s] Level 1:colcon.colcon_core.package_identification:_identify(.) by extensions ['python_setup_py']
[4.032s] Level 1:colcon.colcon_core.package_identification:_identify(.) by extension 'python_setup_py'
[4.035s] Level 1:colcon.colcon_core.package_identification:_identify(build) by extensions ['ignore', 'ignore_ament_install']
[4.035s] Level 1:colcon.colcon_core.package_identification:_identify(build) by extension 'ignore'
[4.036s] Level 1:colcon.colcon_core.package_identification:_identify(build) ignored
[4.036s] Level 1:colcon.colcon_core.package_identification:_identify(install) by extensions ['ignore', 'ignore_ament_install']
[4.036s] Level 1:colcon.colcon_core.package_identification:_identify(install) by extension 'ignore'
[4.036s] Level 1:colcon.colcon_core.package_identification:_identify(install) ignored
[4.039s] Level 1:colcon.colcon_core.package_identification:_identify(log) by extensions ['ignore', 'ignore_ament_install']
[4.039s] Level 1:colcon.colcon_core.package_identification:_identify(log) by extension 'ignore'
[4.039s] Level 1:colcon.colcon_core.package_identification:_identify(log) ignored
[4.040s] Level 1:colcon.colcon_core.package_identification:_identify(src) by extensions ['ignore', 'ignore_ament_install']
[4.040s] Level 1:colcon.colcon_core.package_identification:_identify(src) by extension 'ignore'
[4.040s] Level 1:colcon.colcon_core.package_identification:_identify(src) by extension 'ignore_ament_install'
[4.040s] Level 1:colcon.colcon_core.package_identification:_identify(src) by extensions ['colcon_pkg']
[4.040s] Level 1:colcon.colcon_core.package_identification:_identify(src) by extension 'colcon_pkg'
[4.040s] Level 1:colcon.colcon_core.package_identification:_identify(src) by extensions ['colcon_meta']
[4.040s] Level 1:colcon.colcon_core.package_identification:_identify(src) by extension 'colcon_meta'
[4.043s] Level 1:colcon.colcon_core.package_identification:_identify(src) by extensions ['ros']
[4.043s] Level 1:colcon.colcon_core.package_identification:_identify(src) by extension 'ros'
[4.043s] Level 1:colcon.colcon_core.package_identification:_identify(src) by extensions ['cmake', 'python']
[4.043s] Level 1:colcon.colcon_core.package_identification:_identify(src) by extension 'cmake'
[4.044s] Level 1:colcon.colcon_core.package_identification:_identify(src) by extension 'python'
[4.044s] Level 1:colcon.colcon_core.package_identification:_identify(src) by extensions ['python_setup_py']
[4.044s] Level 1:colcon.colcon_core.package_identification:_identify(src) by extension 'python_setup_py'
[4.044s] Level 1:colcon.colcon_core.package_identification:_identify(src/diffdrive_arduino) by extensions ['ignore', 'ignore_ament_install']
[4.044s] Level 1:colcon.colcon_core.package_identification:_identify(src/diffdrive_arduino) by extension 'ignore'
[4.044s] Level 1:colcon.colcon_core.package_identification:_identify(src/diffdrive_arduino) by extension 'ignore_ament_install'
[4.047s] Level 1:colcon.colcon_core.package_identification:_identify(src/diffdrive_arduino) by extensions ['colcon_pkg']
[4.047s] Level 1:colcon.colcon_core.package_identification:_identify(src/diffdrive_arduino) by extension 'colcon_pkg'
[4.047s] Level 1:colcon.colcon_core.package_identification:_identify(src/diffdrive_arduino) by extensions ['colcon_meta']
[4.047s] Level 1:colcon.colcon_core.package_identification:_identify(src/diffdrive_arduino) by extension 'colcon_meta'
[4.048s] Level 1:colcon.colcon_core.package_identification:_identify(src/diffdrive_arduino) by extensions ['ros']
[4.048s] Level 1:colcon.colcon_core.package_identification:_identify(src/diffdrive_arduino) by extension 'ros'
[4.056s] DEBUG:colcon.colcon_core.package_identification:Package 'src/diffdrive_arduino' with type 'ros.ament_cmake' and name 'diffdrive_arduino'
[4.056s] Level 1:colcon.colcon_core.package_identification:_identify(src/serial) by extensions ['ignore', 'ignore_ament_install']
[4.056s] Level 1:colcon.colcon_core.package_identification:_identify(src/serial) by extension 'ignore'
[4.056s] Level 1:colcon.colcon_core.package_identification:_identify(src/serial) by extension 'ignore_ament_install'
[4.059s] Level 1:colcon.colcon_core.package_identification:_identify(src/serial) by extensions ['colcon_pkg']
[4.059s] Level 1:colcon.colcon_core.package_identification:_identify(src/serial) by extension 'colcon_pkg'
[4.059s] Level 1:colcon.colcon_core.package_identification:_identify(src/serial) by extensions ['colcon_meta']
[4.059s] Level 1:colcon.colcon_core.package_identification:_identify(src/serial) by extension 'colcon_meta'
[4.060s] Level 1:colcon.colcon_core.package_identification:_identify(src/serial) by extensions ['ros']
[4.060s] Level 1:colcon.colcon_core.package_identification:_identify(src/serial) by extension 'ros'
[4.064s] DEBUG:colcon.colcon_core.package_identification:Package 'src/serial' with type 'ros.ament_cmake' and name 'serial'
[4.067s] Level 1:colcon.colcon_core.package_identification:_identify(src/techdiffbot) by extensions ['ignore', 'ignore_ament_install']
[4.068s] Level 1:colcon.colcon_core.package_identification:_identify(src/techdiffbot) by extension 'ignore'
[4.068s] Level 1:colcon.colcon_core.package_identification:_identify(src/techdiffbot) by extension 'ignore_ament_install'
[4.068s] Level 1:colcon.colcon_core.package_identification:_identify(src/techdiffbot) by extensions ['colcon_pkg']
[4.071s] Level 1:colcon.colcon_core.package_identification:_identify(src/techdiffbot) by extension 'colcon_pkg'
[4.072s] Level 1:colcon.colcon_core.package_identification:_identify(src/techdiffbot) by extensions ['colcon_meta']
[4.072s] Level 1:colcon.colcon_core.package_identification:_identify(src/techdiffbot) by extension 'colcon_meta'
[4.075s] Level 1:colcon.colcon_core.package_identification:_identify(src/techdiffbot) by extensions ['ros']
[4.075s] Level 1:colcon.colcon_core.package_identification:_identify(src/techdiffbot) by extension 'ros'
[4.076s] DEBUG:colcon.colcon_core.package_identification:Package 'src/techdiffbot' with type 'ros.ament_python' and name 'techdiffbot'
[4.079s] Level 1:colcon.colcon_core.package_discovery:discover_packages(recursive) using defaults
[4.079s] Level 1:colcon.colcon_core.package_discovery:discover_packages(ignore) discover
[4.079s] Level 1:colcon.colcon_core.package_discovery:discover_packages(ignore) using defaults
[4.079s] Level 1:colcon.colcon_core.package_discovery:discover_packages(path) discover
[4.080s] Level 1:colcon.colcon_core.package_discovery:discover_packages(path) using defaults
[4.419s] Level 1:colcon.colcon_core.package_discovery:discover_packages(prefix_path) check parameters
[4.420s] Level 1:colcon.colcon_core.package_discovery:discover_packages(prefix_path) discover
[4.535s] DEBUG:colcon.colcon_installed_package_information.package_discovery:Found 3 installed packages in /home/jlukas/Desktop/My_Project/ROS2/techdiffbot/install
[4.608s] DEBUG:colcon.colcon_installed_package_information.package_discovery:Found 1 installed packages in /home/jlukas/ldlidar_ros2_ws/install
[4.696s] DEBUG:colcon.colcon_installed_package_information.package_discovery:Found 1 installed packages in /home/jlukas/Desktop/My_Project/ROS2/ros2_rpi_cv2/install
[4.752s] DEBUG:colcon.colcon_installed_package_information.package_discovery:Found 1 installed packages in /home/jlukas/Desktop/My_Project/ROS2/rover/install
[4.816s] DEBUG:colcon.colcon_installed_package_information.package_discovery:Found 430 installed packages in /opt/ros/humble
[4.827s] Level 1:colcon.colcon_core.package_discovery:discover_packages(prefix_path) using defaults
[5.207s] Level 5:colcon.colcon_core.verb:set package 'diffdrive_arduino' build argument 'cmake_args' from command line to 'None'
[5.207s] Level 5:colcon.colcon_core.verb:set package 'diffdrive_arduino' build argument 'cmake_target' from command line to 'None'
[5.207s] Level 5:colcon.colcon_core.verb:set package 'diffdrive_arduino' build argument 'cmake_target_skip_unavailable' from command line to 'False'
[5.208s] Level 5:colcon.colcon_core.verb:set package 'diffdrive_arduino' build argument 'cmake_clean_cache' from command line to 'False'
[5.208s] Level 5:colcon.colcon_core.verb:set package 'diffdrive_arduino' build argument 'cmake_clean_first' from command line to 'False'
[5.208s] Level 5:colcon.colcon_core.verb:set package 'diffdrive_arduino' build argument 'cmake_force_configure' from command line to 'False'
[5.208s] Level 5:colcon.colcon_core.verb:set package 'diffdrive_arduino' build argument 'ament_cmake_args' from command line to 'None'
[5.208s] Level 5:colcon.colcon_core.verb:set package 'diffdrive_arduino' build argument 'catkin_cmake_args' from command line to 'None'
[5.211s] Level 5:colcon.colcon_core.verb:set package 'diffdrive_arduino' build argument 'catkin_skip_building_tests' from command line to 'False'
[5.212s] DEBUG:colcon.colcon_core.verb:Building package 'diffdrive_arduino' with the following arguments: {'ament_cmake_args': None, 'build_base': '/home/jlukas/Desktop/My_Project/ROS2/techdiffbot/build/diffdrive_arduino', 'catkin_cmake_args': None, 'catkin_skip_building_tests': False, 'cmake_args': None, 'cmake_clean_cache': False, 'cmake_clean_first': False, 'cmake_force_configure': False, 'cmake_target': None, 'cmake_target_skip_unavailable': False, 'install_base': '/home/jlukas/Desktop/My_Project/ROS2/techdiffbot/install/diffdrive_arduino', 'merge_install': False, 'path': '/home/jlukas/Desktop/My_Project/ROS2/techdiffbot/src/diffdrive_arduino', 'symlink_install': True, 'test_result_base': None}
[5.291s] Level 5:colcon.colcon_core.verb:set package 'serial' build argument 'cmake_args' from command line to 'None'
[5.291s] Level 5:colcon.colcon_core.verb:set package 'serial' build argument 'cmake_target' from command line to 'None'
[5.292s] Level 5:colcon.colcon_core.verb:set package 'serial' build argument 'cmake_target_skip_unavailable' from command line to 'False'
[5.292s] Level 5:colcon.colcon_core.verb:set package 'serial' build argument 'cmake_clean_cache' from command line to 'False'
[5.295s] Level 5:colcon.colcon_core.verb:set package 'serial' build argument 'cmake_clean_first' from command line to 'False'
[5.295s] Level 5:colcon.colcon_core.verb:set package 'serial' build argument 'cmake_force_configure' from command line to 'False'
[5.296s] Level 5:colcon.colcon_core.verb:set package 'serial' build argument 'ament_cmake_args' from command line to 'None'
[5.296s] Level 5:colcon.colcon_core.verb:set package 'serial' build argument 'catkin_cmake_args' from command line to 'None'
[5.299s] Level 5:colcon.colcon_core.verb:set package 'serial' build argument 'catkin_skip_building_tests' from command line to 'False'
[5.299s] DEBUG:colcon.colcon_core.verb:Building package 'serial' with the following arguments: {'ament_cmake_args': None, 'build_base': '/home/jlukas/Desktop/My_Project/ROS2/techdiffbot/build/serial', 'catkin_cmake_args': None, 'catkin_skip_building_tests': False, 'cmake_args': None, 'cmake_clean_cache': False, 'cmake_clean_first': False, 'cmake_force_configure': False, 'cmake_target': None, 'cmake_target_skip_unavailable': False, 'install_base': '/home/jlukas/Desktop/My_Project/ROS2/techdiffbot/install/serial', 'merge_install': False, 'path': '/home/jlukas/Desktop/My_Project/ROS2/techdiffbot/src/serial', 'symlink_install': True, 'test_result_base': None}
[5.359s] Level 5:colcon.colcon_core.verb:set package 'techdiffbot' build argument 'cmake_args' from command line to 'None'
[5.359s] Level 5:colcon.colcon_core.verb:set package 'techdiffbot' build argument 'cmake_target' from command line to 'None'
[5.360s] Level 5:colcon.colcon_core.verb:set package 'techdiffbot' build argument 'cmake_target_skip_unavailable' from command line to 'False'
[5.360s] Level 5:colcon.colcon_core.verb:set package 'techdiffbot' build argument 'cmake_clean_cache' from command line to 'False'
[5.360s] Level 5:colcon.colcon_core.verb:set package 'techdiffbot' build argument 'cmake_clean_first' from command line to 'False'
[5.360s] Level 5:colcon.colcon_core.verb:set package 'techdiffbot' build argument 'cmake_force_configure' from command line to 'False'
[5.360s] Level 5:colcon.colcon_core.verb:set package 'techdiffbot' build argument 'ament_cmake_args' from command line to 'None'
[5.360s] Level 5:colcon.colcon_core.verb:set package 'techdiffbot' build argument 'catkin_cmake_args' from command line to 'None'
[5.363s] Level 5:colcon.colcon_core.verb:set package 'techdiffbot' build argument 'catkin_skip_building_tests' from command line to 'False'
[5.363s] DEBUG:colcon.colcon_core.verb:Building package 'techdiffbot' with the following arguments: {'ament_cmake_args': None, 'build_base': '/home/jlukas/Desktop/My_Project/ROS2/techdiffbot/build/techdiffbot', 'catkin_cmake_args': None, 'catkin_skip_building_tests': False, 'cmake_args': None, 'cmake_clean_cache': False, 'cmake_clean_first': False, 'cmake_force_configure': False, 'cmake_target': None, 'cmake_target_skip_unavailable': False, 'install_base': '/home/jlukas/Desktop/My_Project/ROS2/techdiffbot/install/techdiffbot', 'merge_install': False, 'path': '/home/jlukas/Desktop/My_Project/ROS2/techdiffbot/src/techdiffbot', 'symlink_install': True, 'test_result_base': None}
[5.411s] INFO:colcon.colcon_core.executor:Executing jobs using 'parallel' executor
[5.456s] DEBUG:colcon.colcon_parallel_executor.executor.parallel:run_until_complete
[5.457s] INFO:colcon.colcon_ros.task.ament_cmake.build:Building ROS package in '/home/jlukas/Desktop/My_Project/ROS2/techdiffbot/src/diffdrive_arduino' with build type 'ament_cmake'
[5.457s] INFO:colcon.colcon_cmake.task.cmake.build:Building CMake package in '/home/jlukas/Desktop/My_Project/ROS2/techdiffbot/src/diffdrive_arduino'
[5.535s] INFO:colcon.colcon_core.plugin_system:Skipping extension 'colcon_core.shell.bat': Not used on non-Windows systems
[5.536s] INFO:colcon.colcon_core.shell:Skip shell extension 'powershell' for command environment: Not usable outside of PowerShell
[5.536s] DEBUG:colcon.colcon_core.shell:Skip shell extension 'dsv' for command environment
[5.932s] INFO:colcon.colcon_ros.task.ament_cmake.build:Building ROS package in '/home/jlukas/Desktop/My_Project/ROS2/techdiffbot/src/serial' with build type 'ament_cmake'
[5.936s] INFO:colcon.colcon_cmake.task.cmake.build:Building CMake package in '/home/jlukas/Desktop/My_Project/ROS2/techdiffbot/src/serial'
[6.031s] INFO:colcon.colcon_core.shell:Skip shell extension 'powershell' for command environment: Not usable outside of PowerShell
[6.031s] DEBUG:colcon.colcon_core.shell:Skip shell extension 'dsv' for command environment
[6.491s] INFO:colcon.colcon_ros.task.ament_python.build:Building ROS package in '/home/jlukas/Desktop/My_Project/ROS2/techdiffbot/src/techdiffbot' with build type 'ament_python'
[6.491s] Level 1:colcon.colcon_core.shell:create_environment_hook('techdiffbot', 'ament_prefix_path')
[6.564s] INFO:colcon.colcon_core.shell:Creating environment hook '/home/jlukas/Desktop/My_Project/ROS2/techdiffbot/install/techdiffbot/share/techdiffbot/hook/ament_prefix_path.ps1'
[6.567s] INFO:colcon.colcon_core.shell:Creating environment descriptor '/home/jlukas/Desktop/My_Project/ROS2/techdiffbot/install/techdiffbot/share/techdiffbot/hook/ament_prefix_path.dsv'
[6.568s] INFO:colcon.colcon_core.shell:Creating environment hook '/home/jlukas/Desktop/My_Project/ROS2/techdiffbot/install/techdiffbot/share/techdiffbot/hook/ament_prefix_path.sh'
[6.631s] INFO:colcon.colcon_core.shell:Skip shell extension 'powershell' for command environment: Not usable outside of PowerShell
[6.631s] DEBUG:colcon.colcon_core.shell:Skip shell extension 'dsv' for command environment
[7.096s] DEBUG:colcon.colcon_core.event_handler.log_command:Invoking command in '/home/jlukas/Desktop/My_Project/ROS2/techdiffbot/build/diffdrive_arduino': CMAKE_PREFIX_PATH=${CMAKE_PREFIX_PATH}:/home/jlukas/Desktop/My_Project/ROS2/techdiffbot/install/techdiffbot:/home/jlukas/Desktop/My_Project/ROS2/ros2_rpi_cv2/install/ros2_rpi_cv2:/home/jlukas/Desktop/My_Project/ROS2/rover/install/rover:/opt/ros/humble /usr/bin/cmake --build /home/jlukas/Desktop/My_Project/ROS2/techdiffbot/build/diffdrive_arduino -- -j4 -l4
[7.127s] DEBUG:colcon.colcon_core.event_handler.log_command:Invoking command in '/home/jlukas/Desktop/My_Project/ROS2/techdiffbot/build/serial': CMAKE_PREFIX_PATH=${CMAKE_PREFIX_PATH}:/home/jlukas/Desktop/My_Project/ROS2/techdiffbot/install/techdiffbot:/home/jlukas/Desktop/My_Project/ROS2/ros2_rpi_cv2/install/ros2_rpi_cv2:/home/jlukas/Desktop/My_Project/ROS2/rover/install/rover:/opt/ros/humble /usr/bin/cmake --build /home/jlukas/Desktop/My_Project/ROS2/techdiffbot/build/serial -- -j4 -l4
[8.464s] INFO:colcon.colcon_core.task.python.build:Building Python package in '/home/jlukas/Desktop/My_Project/ROS2/techdiffbot/src/techdiffbot'
[8.524s] INFO:colcon.colcon_core.shell:Skip shell extension 'powershell' for command environment: Not usable outside of PowerShell
[8.524s] DEBUG:colcon.colcon_core.shell:Skip shell extension 'dsv' for command environment
[8.931s] DEBUG:colcon.colcon_core.event_handler.log_command:Invoked command in '/home/jlukas/Desktop/My_Project/ROS2/techdiffbot/build/serial' returned '0': CMAKE_PREFIX_PATH=${CMAKE_PREFIX_PATH}:/home/jlukas/Desktop/My_Project/ROS2/techdiffbot/install/techdiffbot:/home/jlukas/Desktop/My_Project/ROS2/ros2_rpi_cv2/install/ros2_rpi_cv2:/home/jlukas/Desktop/My_Project/ROS2/rover/install/rover:/opt/ros/humble /usr/bin/cmake --build /home/jlukas/Desktop/My_Project/ROS2/techdiffbot/build/serial -- -j4 -l4
[8.944s] DEBUG:colcon.colcon_core.event_handler.log_command:Invoked command in '/home/jlukas/Desktop/My_Project/ROS2/techdiffbot/build/diffdrive_arduino' returned '0': CMAKE_PREFIX_PATH=${CMAKE_PREFIX_PATH}:/home/jlukas/Desktop/My_Project/ROS2/techdiffbot/install/techdiffbot:/home/jlukas/Desktop/My_Project/ROS2/ros2_rpi_cv2/install/ros2_rpi_cv2:/home/jlukas/Desktop/My_Project/ROS2/rover/install/rover:/opt/ros/humble /usr/bin/cmake --build /home/jlukas/Desktop/My_Project/ROS2/techdiffbot/build/diffdrive_arduino -- -j4 -l4
[9.324s] DEBUG:colcon.colcon_core.event_handler.log_command:Invoking command in '/home/jlukas/Desktop/My_Project/ROS2/techdiffbot/build/diffdrive_arduino': CMAKE_PREFIX_PATH=${CMAKE_PREFIX_PATH}:/home/jlukas/Desktop/My_Project/ROS2/techdiffbot/install/techdiffbot:/home/jlukas/Desktop/My_Project/ROS2/ros2_rpi_cv2/install/ros2_rpi_cv2:/home/jlukas/Desktop/My_Project/ROS2/rover/install/rover:/opt/ros/humble /usr/bin/cmake --install /home/jlukas/Desktop/My_Project/ROS2/techdiffbot/build/diffdrive_arduino
[9.540s] DEBUG:colcon.colcon_core.event_handler.log_command:Invoking command in '/home/jlukas/Desktop/My_Project/ROS2/techdiffbot/build/serial': CMAKE_PREFIX_PATH=${CMAKE_PREFIX_PATH}:/home/jlukas/Desktop/My_Project/ROS2/techdiffbot/install/techdiffbot:/home/jlukas/Desktop/My_Project/ROS2/ros2_rpi_cv2/install/ros2_rpi_cv2:/home/jlukas/Desktop/My_Project/ROS2/rover/install/rover:/opt/ros/humble /usr/bin/cmake --install /home/jlukas/Desktop/My_Project/ROS2/techdiffbot/build/serial
[9.548s] Level 1:colcon.colcon_core.environment:create_environment_scripts_only(diffdrive_arduino)
[9.584s] DEBUG:colcon.colcon_core.event_handler.log_command:Invoked command in '/home/jlukas/Desktop/My_Project/ROS2/techdiffbot/build/diffdrive_arduino' returned '0': CMAKE_PREFIX_PATH=${CMAKE_PREFIX_PATH}:/home/jlukas/Desktop/My_Project/ROS2/techdiffbot/install/techdiffbot:/home/jlukas/Desktop/My_Project/ROS2/ros2_rpi_cv2/install/ros2_rpi_cv2:/home/jlukas/Desktop/My_Project/ROS2/rover/install/rover:/opt/ros/humble /usr/bin/cmake --install /home/jlukas/Desktop/My_Project/ROS2/techdiffbot/build/diffdrive_arduino
[9.683s] Level 1:colcon.colcon_core.environment:checking '/home/jlukas/Desktop/My_Project/ROS2/techdiffbot/install/diffdrive_arduino' for CMake module files
[9.684s] Level 1:colcon.colcon_core.environment:checking '/home/jlukas/Desktop/My_Project/ROS2/techdiffbot/install/diffdrive_arduino' for CMake config files
[9.691s] Level 1:colcon.colcon_core.shell:create_environment_hook('diffdrive_arduino', 'cmake_prefix_path')
[9.852s] INFO:colcon.colcon_core.shell:Creating environment hook '/home/jlukas/Desktop/My_Project/ROS2/techdiffbot/install/diffdrive_arduino/share/diffdrive_arduino/hook/cmake_prefix_path.ps1'
[9.855s] INFO:colcon.colcon_core.shell:Creating environment descriptor '/home/jlukas/Desktop/My_Project/ROS2/techdiffbot/install/diffdrive_arduino/share/diffdrive_arduino/hook/cmake_prefix_path.dsv'
[9.859s] INFO:colcon.colcon_core.shell:Creating environment hook '/home/jlukas/Desktop/My_Project/ROS2/techdiffbot/install/diffdrive_arduino/share/diffdrive_arduino/hook/cmake_prefix_path.sh'
[9.860s] Level 1:colcon.colcon_core.environment:checking '/home/jlukas/Desktop/My_Project/ROS2/techdiffbot/install/diffdrive_arduino/lib'
[9.867s] Level 1:colcon.colcon_core.shell:create_environment_hook('diffdrive_arduino', 'ld_library_path_lib')
[9.932s] INFO:colcon.colcon_core.shell:Creating environment hook '/home/jlukas/Desktop/My_Project/ROS2/techdiffbot/install/diffdrive_arduino/share/diffdrive_arduino/hook/ld_library_path_lib.ps1'
[9.936s] INFO:colcon.colcon_core.shell:Creating environment descriptor '/home/jlukas/Desktop/My_Project/ROS2/techdiffbot/install/diffdrive_arduino/share/diffdrive_arduino/hook/ld_library_path_lib.dsv'
[9.944s] INFO:colcon.colcon_core.shell:Creating environment hook '/home/jlukas/Desktop/My_Project/ROS2/techdiffbot/install/diffdrive_arduino/share/diffdrive_arduino/hook/ld_library_path_lib.sh'
[9.947s] Level 1:colcon.colcon_core.environment:checking '/home/jlukas/Desktop/My_Project/ROS2/techdiffbot/install/diffdrive_arduino/bin'
[9.947s] Level 1:colcon.colcon_core.environment:checking '/home/jlukas/Desktop/My_Project/ROS2/techdiffbot/install/diffdrive_arduino/lib/pkgconfig/diffdrive_arduino.pc'
[9.947s] Level 1:colcon.colcon_core.environment:checking '/home/jlukas/Desktop/My_Project/ROS2/techdiffbot/install/diffdrive_arduino/lib/python3.10/site-packages'
[9.948s] Level 1:colcon.colcon_core.environment:checking '/home/jlukas/Desktop/My_Project/ROS2/techdiffbot/install/diffdrive_arduino/bin'
[10.051s] INFO:colcon.colcon_core.shell:Creating package script '/home/jlukas/Desktop/My_Project/ROS2/techdiffbot/install/diffdrive_arduino/share/diffdrive_arduino/package.ps1'
[10.055s] INFO:colcon.colcon_core.shell:Creating package descriptor '/home/jlukas/Desktop/My_Project/ROS2/techdiffbot/install/diffdrive_arduino/share/diffdrive_arduino/package.dsv'
[10.056s] INFO:colcon.colcon_core.shell:Creating package script '/home/jlukas/Desktop/My_Project/ROS2/techdiffbot/install/diffdrive_arduino/share/diffdrive_arduino/package.sh'
[10.059s] INFO:colcon.colcon_core.shell:Creating package script '/home/jlukas/Desktop/My_Project/ROS2/techdiffbot/install/diffdrive_arduino/share/diffdrive_arduino/package.bash'
[10.063s] INFO:colcon.colcon_core.shell:Creating package script '/home/jlukas/Desktop/My_Project/ROS2/techdiffbot/install/diffdrive_arduino/share/diffdrive_arduino/package.zsh'
[10.064s] Level 1:colcon.colcon_core.environment:create_file_with_runtime_dependencies(/home/jlukas/Desktop/My_Project/ROS2/techdiffbot/install/diffdrive_arduino/share/colcon-core/packages/diffdrive_arduino)
[10.071s] Level 1:colcon.colcon_core.environment:create_environment_scripts_only(serial)
[10.091s] DEBUG:colcon.colcon_core.event_handler.log_command:Invoked command in '/home/jlukas/Desktop/My_Project/ROS2/techdiffbot/build/serial' returned '0': CMAKE_PREFIX_PATH=${CMAKE_PREFIX_PATH}:/home/jlukas/Desktop/My_Project/ROS2/techdiffbot/install/techdiffbot:/home/jlukas/Desktop/My_Project/ROS2/ros2_rpi_cv2/install/ros2_rpi_cv2:/home/jlukas/Desktop/My_Project/ROS2/rover/install/rover:/opt/ros/humble /usr/bin/cmake --install /home/jlukas/Desktop/My_Project/ROS2/techdiffbot/build/serial
[10.140s] Level 1:colcon.colcon_core.environment:checking '/home/jlukas/Desktop/My_Project/ROS2/techdiffbot/install/serial' for CMake module files
[10.143s] Level 1:colcon.colcon_core.environment:checking '/home/jlukas/Desktop/My_Project/ROS2/techdiffbot/install/serial' for CMake config files
[10.144s] Level 1:colcon.colcon_core.shell:create_environment_hook('serial', 'cmake_prefix_path')
[10.271s] INFO:colcon.colcon_core.shell:Creating environment hook '/home/jlukas/Desktop/My_Project/ROS2/techdiffbot/install/serial/share/serial/hook/cmake_prefix_path.ps1'
[10.275s] INFO:colcon.colcon_core.shell:Creating environment descriptor '/home/jlukas/Desktop/My_Project/ROS2/techdiffbot/install/serial/share/serial/hook/cmake_prefix_path.dsv'
[10.280s] INFO:colcon.colcon_core.shell:Creating environment hook '/home/jlukas/Desktop/My_Project/ROS2/techdiffbot/install/serial/share/serial/hook/cmake_prefix_path.sh'
[10.296s] Level 1:colcon.colcon_core.environment:checking '/home/jlukas/Desktop/My_Project/ROS2/techdiffbot/install/serial/lib'
[10.299s] Level 1:colcon.colcon_core.environment:checking '/home/jlukas/Desktop/My_Project/ROS2/techdiffbot/install/serial/bin'
[10.299s] Level 1:colcon.colcon_core.environment:checking '/home/jlukas/Desktop/My_Project/ROS2/techdiffbot/install/serial/lib/pkgconfig/serial.pc'
[10.299s] Level 1:colcon.colcon_core.environment:checking '/home/jlukas/Desktop/My_Project/ROS2/techdiffbot/install/serial/lib/python3.10/site-packages'
[10.300s] Level 1:colcon.colcon_core.environment:checking '/home/jlukas/Desktop/My_Project/ROS2/techdiffbot/install/serial/bin'
[10.392s] INFO:colcon.colcon_core.shell:Creating package script '/home/jlukas/Desktop/My_Project/ROS2/techdiffbot/install/serial/share/serial/package.ps1'
[10.396s] INFO:colcon.colcon_core.shell:Creating package descriptor '/home/jlukas/Desktop/My_Project/ROS2/techdiffbot/install/serial/share/serial/package.dsv'
[10.399s] INFO:colcon.colcon_core.shell:Creating package script '/home/jlukas/Desktop/My_Project/ROS2/techdiffbot/install/serial/share/serial/package.sh'
[10.403s] INFO:colcon.colcon_core.shell:Creating package script '/home/jlukas/Desktop/My_Project/ROS2/techdiffbot/install/serial/share/serial/package.bash'
[10.404s] INFO:colcon.colcon_core.shell:Creating package script '/home/jlukas/Desktop/My_Project/ROS2/techdiffbot/install/serial/share/serial/package.zsh'
[10.408s] Level 1:colcon.colcon_core.environment:create_file_with_runtime_dependencies(/home/jlukas/Desktop/My_Project/ROS2/techdiffbot/install/serial/share/colcon-core/packages/serial)
[10.523s] Level 1:colcon.colcon_core.environment:create_environment_scripts_only(diffdrive_arduino)
[10.603s] Level 1:colcon.colcon_core.environment:checking '/home/jlukas/Desktop/My_Project/ROS2/techdiffbot/install/diffdrive_arduino' for CMake module files
[10.608s] Level 1:colcon.colcon_core.environment:checking '/home/jlukas/Desktop/My_Project/ROS2/techdiffbot/install/diffdrive_arduino' for CMake config files
[10.608s] Level 1:colcon.colcon_core.shell:create_environment_hook('diffdrive_arduino', 'cmake_prefix_path')
[10.692s] INFO:colcon.colcon_core.shell:Creating environment hook '/home/jlukas/Desktop/My_Project/ROS2/techdiffbot/install/diffdrive_arduino/share/diffdrive_arduino/hook/cmake_prefix_path.ps1'
[10.700s] INFO:colcon.colcon_core.shell:Creating environment descriptor '/home/jlukas/Desktop/My_Project/ROS2/techdiffbot/install/diffdrive_arduino/share/diffdrive_arduino/hook/cmake_prefix_path.dsv'
[10.703s] INFO:colcon.colcon_core.shell:Creating environment hook '/home/jlukas/Desktop/My_Project/ROS2/techdiffbot/install/diffdrive_arduino/share/diffdrive_arduino/hook/cmake_prefix_path.sh'
[10.707s] Level 1:colcon.colcon_core.environment:checking '/home/jlukas/Desktop/My_Project/ROS2/techdiffbot/install/diffdrive_arduino/lib'
[10.707s] Level 1:colcon.colcon_core.shell:create_environment_hook('diffdrive_arduino', 'ld_library_path_lib')
[10.852s] INFO:colcon.colcon_core.shell:Creating environment hook '/home/jlukas/Desktop/My_Project/ROS2/techdiffbot/install/diffdrive_arduino/share/diffdrive_arduino/hook/ld_library_path_lib.ps1'
[10.859s] INFO:colcon.colcon_core.shell:Creating environment descriptor '/home/jlukas/Desktop/My_Project/ROS2/techdiffbot/install/diffdrive_arduino/share/diffdrive_arduino/hook/ld_library_path_lib.dsv'
[10.860s] INFO:colcon.colcon_core.shell:Creating environment hook '/home/jlukas/Desktop/My_Project/ROS2/techdiffbot/install/diffdrive_arduino/share/diffdrive_arduino/hook/ld_library_path_lib.sh'
[10.863s] Level 1:colcon.colcon_core.environment:checking '/home/jlukas/Desktop/My_Project/ROS2/techdiffbot/install/diffdrive_arduino/bin'
[10.864s] Level 1:colcon.colcon_core.environment:checking '/home/jlukas/Desktop/My_Project/ROS2/techdiffbot/install/diffdrive_arduino/lib/pkgconfig/diffdrive_arduino.pc'
[10.864s] Level 1:colcon.colcon_core.environment:checking '/home/jlukas/Desktop/My_Project/ROS2/techdiffbot/install/diffdrive_arduino/lib/python3.10/site-packages'
[10.867s] Level 1:colcon.colcon_core.environment:checking '/home/jlukas/Desktop/My_Project/ROS2/techdiffbot/install/diffdrive_arduino/bin'
[10.928s] INFO:colcon.colcon_core.shell:Creating package script '/home/jlukas/Desktop/My_Project/ROS2/techdiffbot/install/diffdrive_arduino/share/diffdrive_arduino/package.ps1'
[10.931s] INFO:colcon.colcon_core.shell:Creating package descriptor '/home/jlukas/Desktop/My_Project/ROS2/techdiffbot/install/diffdrive_arduino/share/diffdrive_arduino/package.dsv'
[10.936s] INFO:colcon.colcon_core.shell:Creating package script '/home/jlukas/Desktop/My_Project/ROS2/techdiffbot/install/diffdrive_arduino/share/diffdrive_arduino/package.sh'
[10.940s] INFO:colcon.colcon_core.shell:Creating package script '/home/jlukas/Desktop/My_Project/ROS2/techdiffbot/install/diffdrive_arduino/share/diffdrive_arduino/package.bash'
[10.943s] INFO:colcon.colcon_core.shell:Creating package script '/home/jlukas/Desktop/My_Project/ROS2/techdiffbot/install/diffdrive_arduino/share/diffdrive_arduino/package.zsh'
[10.947s] Level 1:colcon.colcon_core.environment:create_file_with_runtime_dependencies(/home/jlukas/Desktop/My_Project/ROS2/techdiffbot/install/diffdrive_arduino/share/colcon-core/packages/diffdrive_arduino)
[11.027s] Level 1:colcon.colcon_core.environment:create_environment_scripts_only(serial)
[11.079s] Level 1:colcon.colcon_core.environment:checking '/home/jlukas/Desktop/My_Project/ROS2/techdiffbot/install/serial' for CMake module files
[11.080s] Level 1:colcon.colcon_core.environment:checking '/home/jlukas/Desktop/My_Project/ROS2/techdiffbot/install/serial' for CMake config files
[11.083s] Level 1:colcon.colcon_core.shell:create_environment_hook('serial', 'cmake_prefix_path')
[11.139s] INFO:colcon.colcon_core.shell:Creating environment hook '/home/jlukas/Desktop/My_Project/ROS2/techdiffbot/install/serial/share/serial/hook/cmake_prefix_path.ps1'
[11.143s] INFO:colcon.colcon_core.shell:Creating environment descriptor '/home/jlukas/Desktop/My_Project/ROS2/techdiffbot/install/serial/share/serial/hook/cmake_prefix_path.dsv'
[11.152s] INFO:colcon.colcon_core.shell:Creating environment hook '/home/jlukas/Desktop/My_Project/ROS2/techdiffbot/install/serial/share/serial/hook/cmake_prefix_path.sh'
[11.156s] Level 1:colcon.colcon_core.environment:checking '/home/jlukas/Desktop/My_Project/ROS2/techdiffbot/install/serial/lib'
[11.156s] Level 1:colcon.colcon_core.environment:checking '/home/jlukas/Desktop/My_Project/ROS2/techdiffbot/install/serial/bin'
[11.156s] Level 1:colcon.colcon_core.environment:checking '/home/jlukas/Desktop/My_Project/ROS2/techdiffbot/install/serial/lib/pkgconfig/serial.pc'
[11.159s] Level 1:colcon.colcon_core.environment:checking '/home/jlukas/Desktop/My_Project/ROS2/techdiffbot/install/serial/lib/python3.10/site-packages'
[11.160s] Level 1:colcon.colcon_core.environment:checking '/home/jlukas/Desktop/My_Project/ROS2/techdiffbot/install/serial/bin'
[11.244s] INFO:colcon.colcon_core.shell:Creating package script '/home/jlukas/Desktop/My_Project/ROS2/techdiffbot/install/serial/share/serial/package.ps1'
[11.247s] INFO:colcon.colcon_core.shell:Creating package descriptor '/home/jlukas/Desktop/My_Project/ROS2/techdiffbot/install/serial/share/serial/package.dsv'
[11.255s] INFO:colcon.colcon_core.shell:Creating package script '/home/jlukas/Desktop/My_Project/ROS2/techdiffbot/install/serial/share/serial/package.sh'
[11.263s] INFO:colcon.colcon_core.shell:Creating package script '/home/jlukas/Desktop/My_Project/ROS2/techdiffbot/install/serial/share/serial/package.bash'
[11.264s] INFO:colcon.colcon_core.shell:Creating package script '/home/jlukas/Desktop/My_Project/ROS2/techdiffbot/install/serial/share/serial/package.zsh'
[11.268s] Level 1:colcon.colcon_core.environment:create_file_with_runtime_dependencies(/home/jlukas/Desktop/My_Project/ROS2/techdiffbot/install/serial/share/colcon-core/packages/serial)
[11.276s] DEBUG:colcon.colcon_core.event_handler.log_command:Invoking command in '/home/jlukas/Desktop/My_Project/ROS2/techdiffbot/build/techdiffbot': PYTHONPATH=/home/jlukas/Desktop/My_Project/ROS2/techdiffbot/build/techdiffbot/prefix_override:/home/jlukas/Desktop/My_Project/ROS2/techdiffbot/install/techdiffbot/lib/python3.10/site-packages:${PYTHONPATH} /usr/bin/python3 setup.py develop --editable --build-directory /home/jlukas/Desktop/My_Project/ROS2/techdiffbot/build/techdiffbot/build --no-deps install_data
[13.111s] Level 1:colcon.colcon_core.shell:create_environment_hook('techdiffbot', 'pythonpath_develop')
[13.111s] DEBUG:colcon.colcon_core.event_handler.log_command:Invoked command in '/home/jlukas/Desktop/My_Project/ROS2/techdiffbot/build/techdiffbot' returned '0': PYTHONPATH=/home/jlukas/Desktop/My_Project/ROS2/techdiffbot/build/techdiffbot/prefix_override:/home/jlukas/Desktop/My_Project/ROS2/techdiffbot/install/techdiffbot/lib/python3.10/site-packages:${PYTHONPATH} /usr/bin/python3 setup.py develop --editable --build-directory /home/jlukas/Desktop/My_Project/ROS2/techdiffbot/build/techdiffbot/build --no-deps install_data
[13.171s] INFO:colcon.colcon_core.shell:Creating environment hook '/home/jlukas/Desktop/My_Project/ROS2/techdiffbot/build/techdiffbot/share/techdiffbot/hook/pythonpath_develop.ps1'
[13.175s] INFO:colcon.colcon_core.shell:Creating environment descriptor '/home/jlukas/Desktop/My_Project/ROS2/techdiffbot/build/techdiffbot/share/techdiffbot/hook/pythonpath_develop.dsv'
[13.179s] INFO:colcon.colcon_core.shell:Creating environment hook '/home/jlukas/Desktop/My_Project/ROS2/techdiffbot/build/techdiffbot/share/techdiffbot/hook/pythonpath_develop.sh'
[13.228s] Level 1:colcon.colcon_core.environment:checking '/home/jlukas/Desktop/My_Project/ROS2/techdiffbot/install/techdiffbot' for CMake module files
[13.228s] Level 1:colcon.colcon_core.environment:checking '/home/jlukas/Desktop/My_Project/ROS2/techdiffbot/install/techdiffbot' for CMake config files
[13.232s] Level 1:colcon.colcon_core.environment:checking '/home/jlukas/Desktop/My_Project/ROS2/techdiffbot/install/techdiffbot/lib'
[13.232s] Level 1:colcon.colcon_core.environment:checking '/home/jlukas/Desktop/My_Project/ROS2/techdiffbot/install/techdiffbot/bin'
[13.232s] Level 1:colcon.colcon_core.environment:checking '/home/jlukas/Desktop/My_Project/ROS2/techdiffbot/install/techdiffbot/lib/pkgconfig/techdiffbot.pc'
[13.232s] Level 1:colcon.colcon_core.environment:checking '/home/jlukas/Desktop/My_Project/ROS2/techdiffbot/install/techdiffbot/lib/python3.10/site-packages'
[13.232s] Level 1:colcon.colcon_core.shell:create_environment_hook('techdiffbot', 'pythonpath')
[13.296s] INFO:colcon.colcon_core.shell:Creating environment hook '/home/jlukas/Desktop/My_Project/ROS2/techdiffbot/install/techdiffbot/share/techdiffbot/hook/pythonpath.ps1'
[13.300s] INFO:colcon.colcon_core.shell:Creating environment descriptor '/home/jlukas/Desktop/My_Project/ROS2/techdiffbot/install/techdiffbot/share/techdiffbot/hook/pythonpath.dsv'
[13.307s] INFO:colcon.colcon_core.shell:Creating environment hook '/home/jlukas/Desktop/My_Project/ROS2/techdiffbot/install/techdiffbot/share/techdiffbot/hook/pythonpath.sh'
[13.308s] Level 1:colcon.colcon_core.environment:checking '/home/jlukas/Desktop/My_Project/ROS2/techdiffbot/install/techdiffbot/bin'
[13.308s] Level 1:colcon.colcon_core.environment:create_environment_scripts_only(techdiffbot)
[13.376s] INFO:colcon.colcon_core.shell:Creating package script '/home/jlukas/Desktop/My_Project/ROS2/techdiffbot/install/techdiffbot/share/techdiffbot/package.ps1'
[13.379s] INFO:colcon.colcon_core.shell:Creating package descriptor '/home/jlukas/Desktop/My_Project/ROS2/techdiffbot/install/techdiffbot/share/techdiffbot/package.dsv'
[13.380s] INFO:colcon.colcon_core.shell:Creating package script '/home/jlukas/Desktop/My_Project/ROS2/techdiffbot/install/techdiffbot/share/techdiffbot/package.sh'
[13.383s] INFO:colcon.colcon_core.shell:Creating package script '/home/jlukas/Desktop/My_Project/ROS2/techdiffbot/install/techdiffbot/share/techdiffbot/package.bash'
[13.384s] INFO:colcon.colcon_core.shell:Creating package script '/home/jlukas/Desktop/My_Project/ROS2/techdiffbot/install/techdiffbot/share/techdiffbot/package.zsh'
[13.387s] Level 1:colcon.colcon_core.environment:create_file_with_runtime_dependencies(/home/jlukas/Desktop/My_Project/ROS2/techdiffbot/install/techdiffbot/share/colcon-core/packages/techdiffbot)
[13.387s] DEBUG:colcon.colcon_parallel_executor.executor.parallel:closing loop
[13.395s] DEBUG:colcon.colcon_parallel_executor.executor.parallel:loop closed
[13.395s] DEBUG:colcon.colcon_parallel_executor.executor.parallel:run_until_complete finished with '0'
[13.395s] DEBUG:colcon.colcon_core.event_reactor:joining thread
[13.479s] INFO:colcon.colcon_core.plugin_system:Skipping extension 'colcon_notification.desktop_notification.terminal_notifier': Not used on non-Darwin systems
[13.479s] INFO:colcon.colcon_core.plugin_system:Skipping extension 'colcon_notification.desktop_notification.win32': Not used on non-Windows systems
[13.480s] INFO:colcon.colcon_notification.desktop_notification:Sending desktop notification using 'notify2'
[13.563s] DEBUG:colcon.colcon_core.event_reactor:joined thread
[13.627s] INFO:colcon.colcon_core.shell:Creating prefix script '/home/jlukas/Desktop/My_Project/ROS2/techdiffbot/install/local_setup.ps1'
[13.631s] INFO:colcon.colcon_core.shell:Creating prefix util module '/home/jlukas/Desktop/My_Project/ROS2/techdiffbot/install/_local_setup_util_ps1.py'
[13.636s] INFO:colcon.colcon_core.shell:Creating prefix chain script '/home/jlukas/Desktop/My_Project/ROS2/techdiffbot/install/setup.ps1'
[13.699s] INFO:colcon.colcon_core.shell:Creating prefix script '/home/jlukas/Desktop/My_Project/ROS2/techdiffbot/install/local_setup.sh'
[13.703s] INFO:colcon.colcon_core.shell:Creating prefix util module '/home/jlukas/Desktop/My_Project/ROS2/techdiffbot/install/_local_setup_util_sh.py'
[13.711s] INFO:colcon.colcon_core.shell:Creating prefix chain script '/home/jlukas/Desktop/My_Project/ROS2/techdiffbot/install/setup.sh'
[13.775s] INFO:colcon.colcon_core.shell:Creating prefix script '/home/jlukas/Desktop/My_Project/ROS2/techdiffbot/install/local_setup.bash'
[13.776s] INFO:colcon.colcon_core.shell:Creating prefix chain script '/home/jlukas/Desktop/My_Project/ROS2/techdiffbot/install/setup.bash'
[13.832s] INFO:colcon.colcon_core.shell:Creating prefix script '/home/jlukas/Desktop/My_Project/ROS2/techdiffbot/install/local_setup.zsh'
[13.835s] INFO:colcon.colcon_core.shell:Creating prefix chain script '/home/jlukas/Desktop/My_Project/ROS2/techdiffbot/install/setup.zsh'
