[0.960s] DEBUG:colcon:Command line arguments: ['/usr/bin/colcon', 'build']
[0.960s] DEBUG:colcon:Parsed command line arguments: Namespace(log_base=None, log_level=None, verb_name='build', build_base='build', install_base='install', merge_install=False, symlink_install=False, test_result_base=None, continue_on_error=False, executor='parallel', parallel_workers=6, event_handlers=None, ignore_user_meta=False, metas=['./colcon.meta'], base_paths=['.'], packages_ignore=None, packages_ignore_regex=None, paths=None, packages_up_to=None, packages_up_to_regex=None, packages_above=None, packages_above_and_dependencies=None, packages_above_depth=None, packages_select_by_dep=None, packages_skip_by_dep=None, packages_skip_up_to=None, packages_select_build_failed=False, packages_skip_build_finished=False, packages_select_test_failures=False, packages_skip_test_passed=False, packages_select=None, packages_skip=None, packages_select_regex=None, packages_skip_regex=None, packages_start=None, packages_end=None, allow_overriding=[], cmake_args=None, cmake_target=None, cmake_target_skip_unavailable=False, cmake_clean_cache=False, cmake_clean_first=False, cmake_force_configure=False, ament_cmake_args=None, catkin_cmake_args=None, catkin_skip_building_tests=False, verb_parser=<colcon_defaults.argument_parser.defaults.DefaultArgumentsDecorator object at 0x7f1493e3bd60>, verb_extension=<colcon_core.verb.build.BuildVerb object at 0x7f1494666f80>, main=<bound method BuildVerb.main of <colcon_core.verb.build.BuildVerb object at 0x7f1494666f80>>)
[1.083s] Level 1:colcon.colcon_core.package_discovery:discover_packages(colcon_meta) check parameters
[1.084s] Level 1:colcon.colcon_core.package_discovery:discover_packages(recursive) check parameters
[1.084s] Level 1:colcon.colcon_core.package_discovery:discover_packages(ignore) check parameters
[1.084s] Level 1:colcon.colcon_core.package_discovery:discover_packages(path) check parameters
[1.084s] Level 1:colcon.colcon_core.package_discovery:discover_packages(colcon_meta) discover
[1.084s] Level 1:colcon.colcon_core.package_discovery:discover_packages(recursive) discover
[1.085s] INFO:colcon.colcon_core.package_discovery:Crawling recursively for packages in '/home/jlukas/Desktop/My_Project/ROS2/ros2_rpi_cv2'
[1.085s] Level 1:colcon.colcon_core.package_identification:_identify(.) by extensions ['ignore', 'ignore_ament_install']
[1.085s] Level 1:colcon.colcon_core.package_identification:_identify(.) by extension 'ignore'
[1.086s] Level 1:colcon.colcon_core.package_identification:_identify(.) by extension 'ignore_ament_install'
[1.086s] Level 1:colcon.colcon_core.package_identification:_identify(.) by extensions ['colcon_pkg']
[1.087s] Level 1:colcon.colcon_core.package_identification:_identify(.) by extension 'colcon_pkg'
[1.088s] Level 1:colcon.colcon_core.package_identification:_identify(.) by extensions ['colcon_meta']
[1.088s] Level 1:colcon.colcon_core.package_identification:_identify(.) by extension 'colcon_meta'
[1.089s] Level 1:colcon.colcon_core.package_identification:_identify(.) by extensions ['ros']
[1.089s] Level 1:colcon.colcon_core.package_identification:_identify(.) by extension 'ros'
[1.126s] Level 1:colcon.colcon_core.package_identification:_identify(.) by extensions ['cmake', 'python']
[1.127s] Level 1:colcon.colcon_core.package_identification:_identify(.) by extension 'cmake'
[1.127s] Level 1:colcon.colcon_core.package_identification:_identify(.) by extension 'python'
[1.128s] Level 1:colcon.colcon_core.package_identification:_identify(.) by extensions ['python_setup_py']
[1.128s] Level 1:colcon.colcon_core.package_identification:_identify(.) by extension 'python_setup_py'
[1.128s] Level 1:colcon.colcon_core.package_identification:_identify(build) by extensions ['ignore', 'ignore_ament_install']
[1.129s] Level 1:colcon.colcon_core.package_identification:_identify(build) by extension 'ignore'
[1.129s] Level 1:colcon.colcon_core.package_identification:_identify(build) ignored
[1.130s] Level 1:colcon.colcon_core.package_identification:_identify(install) by extensions ['ignore', 'ignore_ament_install']
[1.130s] Level 1:colcon.colcon_core.package_identification:_identify(install) by extension 'ignore'
[1.131s] Level 1:colcon.colcon_core.package_identification:_identify(install) ignored
[1.131s] Level 1:colcon.colcon_core.package_identification:_identify(log) by extensions ['ignore', 'ignore_ament_install']
[1.132s] Level 1:colcon.colcon_core.package_identification:_identify(log) by extension 'ignore'
[1.132s] Level 1:colcon.colcon_core.package_identification:_identify(log) ignored
[1.133s] Level 1:colcon.colcon_core.package_identification:_identify(src) by extensions ['ignore', 'ignore_ament_install']
[1.133s] Level 1:colcon.colcon_core.package_identification:_identify(src) by extension 'ignore'
[1.134s] Level 1:colcon.colcon_core.package_identification:_identify(src) by extension 'ignore_ament_install'
[1.134s] Level 1:colcon.colcon_core.package_identification:_identify(src) by extensions ['colcon_pkg']
[1.135s] Level 1:colcon.colcon_core.package_identification:_identify(src) by extension 'colcon_pkg'
[1.135s] Level 1:colcon.colcon_core.package_identification:_identify(src) by extensions ['colcon_meta']
[1.135s] Level 1:colcon.colcon_core.package_identification:_identify(src) by extension 'colcon_meta'
[1.136s] Level 1:colcon.colcon_core.package_identification:_identify(src) by extensions ['ros']
[1.136s] Level 1:colcon.colcon_core.package_identification:_identify(src) by extension 'ros'
[1.137s] Level 1:colcon.colcon_core.package_identification:_identify(src) by extensions ['cmake', 'python']
[1.137s] Level 1:colcon.colcon_core.package_identification:_identify(src) by extension 'cmake'
[1.137s] Level 1:colcon.colcon_core.package_identification:_identify(src) by extension 'python'
[1.137s] Level 1:colcon.colcon_core.package_identification:_identify(src) by extensions ['python_setup_py']
[1.138s] Level 1:colcon.colcon_core.package_identification:_identify(src) by extension 'python_setup_py'
[1.138s] Level 1:colcon.colcon_core.package_identification:_identify(src/ros2_rpi_cv2) by extensions ['ignore', 'ignore_ament_install']
[1.139s] Level 1:colcon.colcon_core.package_identification:_identify(src/ros2_rpi_cv2) by extension 'ignore'
[1.139s] Level 1:colcon.colcon_core.package_identification:_identify(src/ros2_rpi_cv2) by extension 'ignore_ament_install'
[1.140s] Level 1:colcon.colcon_core.package_identification:_identify(src/ros2_rpi_cv2) by extensions ['colcon_pkg']
[1.140s] Level 1:colcon.colcon_core.package_identification:_identify(src/ros2_rpi_cv2) by extension 'colcon_pkg'
[1.141s] Level 1:colcon.colcon_core.package_identification:_identify(src/ros2_rpi_cv2) by extensions ['colcon_meta']
[1.141s] Level 1:colcon.colcon_core.package_identification:_identify(src/ros2_rpi_cv2) by extension 'colcon_meta'
[1.141s] Level 1:colcon.colcon_core.package_identification:_identify(src/ros2_rpi_cv2) by extensions ['ros']
[1.142s] Level 1:colcon.colcon_core.package_identification:_identify(src/ros2_rpi_cv2) by extension 'ros'
[1.151s] DEBUG:colcon.colcon_core.package_identification:Package 'src/ros2_rpi_cv2' with type 'ros.ament_python' and name 'ros2_rpi_cv2'
[1.151s] Level 1:colcon.colcon_core.package_discovery:discover_packages(recursive) using defaults
[1.152s] Level 1:colcon.colcon_core.package_discovery:discover_packages(ignore) discover
[1.152s] Level 1:colcon.colcon_core.package_discovery:discover_packages(ignore) using defaults
[1.152s] Level 1:colcon.colcon_core.package_discovery:discover_packages(path) discover
[1.152s] Level 1:colcon.colcon_core.package_discovery:discover_packages(path) using defaults
[1.220s] Level 1:colcon.colcon_core.package_discovery:discover_packages(prefix_path) check parameters
[1.221s] Level 1:colcon.colcon_core.package_discovery:discover_packages(prefix_path) discover
[1.227s] DEBUG:colcon.colcon_installed_package_information.package_discovery:Found 1 installed packages in /home/jlukas/Desktop/My_Project/ROS2/ros2_rpi_cv2/install
[1.232s] DEBUG:colcon.colcon_installed_package_information.package_discovery:Found 281 installed packages in /opt/ros/humble
[1.236s] Level 1:colcon.colcon_core.package_discovery:discover_packages(prefix_path) using defaults
[1.400s] Level 5:colcon.colcon_core.verb:set package 'ros2_rpi_cv2' build argument 'cmake_args' from command line to 'None'
[1.400s] Level 5:colcon.colcon_core.verb:set package 'ros2_rpi_cv2' build argument 'cmake_target' from command line to 'None'
[1.400s] Level 5:colcon.colcon_core.verb:set package 'ros2_rpi_cv2' build argument 'cmake_target_skip_unavailable' from command line to 'False'
[1.401s] Level 5:colcon.colcon_core.verb:set package 'ros2_rpi_cv2' build argument 'cmake_clean_cache' from command line to 'False'
[1.401s] Level 5:colcon.colcon_core.verb:set package 'ros2_rpi_cv2' build argument 'cmake_clean_first' from command line to 'False'
[1.401s] Level 5:colcon.colcon_core.verb:set package 'ros2_rpi_cv2' build argument 'cmake_force_configure' from command line to 'False'
[1.401s] Level 5:colcon.colcon_core.verb:set package 'ros2_rpi_cv2' build argument 'ament_cmake_args' from command line to 'None'
[1.402s] Level 5:colcon.colcon_core.verb:set package 'ros2_rpi_cv2' build argument 'catkin_cmake_args' from command line to 'None'
[1.402s] Level 5:colcon.colcon_core.verb:set package 'ros2_rpi_cv2' build argument 'catkin_skip_building_tests' from command line to 'False'
[1.402s] DEBUG:colcon.colcon_core.verb:Building package 'ros2_rpi_cv2' with the following arguments: {'ament_cmake_args': None, 'build_base': '/home/jlukas/Desktop/My_Project/ROS2/ros2_rpi_cv2/build/ros2_rpi_cv2', 'catkin_cmake_args': None, 'catkin_skip_building_tests': False, 'cmake_args': None, 'cmake_clean_cache': False, 'cmake_clean_first': False, 'cmake_force_configure': False, 'cmake_target': None, 'cmake_target_skip_unavailable': False, 'install_base': '/home/jlukas/Desktop/My_Project/ROS2/ros2_rpi_cv2/install/ros2_rpi_cv2', 'merge_install': False, 'path': '/home/jlukas/Desktop/My_Project/ROS2/ros2_rpi_cv2/src/ros2_rpi_cv2', 'symlink_install': False, 'test_result_base': None}
[1.403s] INFO:colcon.colcon_core.executor:Executing jobs using 'parallel' executor
[1.412s] DEBUG:colcon.colcon_parallel_executor.executor.parallel:run_until_complete
[1.413s] INFO:colcon.colcon_ros.task.ament_python.build:Building ROS package in '/home/jlukas/Desktop/My_Project/ROS2/ros2_rpi_cv2/src/ros2_rpi_cv2' with build type 'ament_python'
[1.413s] Level 1:colcon.colcon_core.shell:create_environment_hook('ros2_rpi_cv2', 'ament_prefix_path')
[1.427s] INFO:colcon.colcon_core.plugin_system:Skipping extension 'colcon_core.shell.bat': Not used on non-Windows systems
[1.428s] INFO:colcon.colcon_core.shell:Creating environment hook '/home/jlukas/Desktop/My_Project/ROS2/ros2_rpi_cv2/install/ros2_rpi_cv2/share/ros2_rpi_cv2/hook/ament_prefix_path.ps1'
[1.430s] INFO:colcon.colcon_core.shell:Creating environment descriptor '/home/jlukas/Desktop/My_Project/ROS2/ros2_rpi_cv2/install/ros2_rpi_cv2/share/ros2_rpi_cv2/hook/ament_prefix_path.dsv'
[1.431s] INFO:colcon.colcon_core.shell:Creating environment hook '/home/jlukas/Desktop/My_Project/ROS2/ros2_rpi_cv2/install/ros2_rpi_cv2/share/ros2_rpi_cv2/hook/ament_prefix_path.sh'
[1.436s] INFO:colcon.colcon_core.shell:Skip shell extension 'powershell' for command environment: Not usable outside of PowerShell
[1.436s] DEBUG:colcon.colcon_core.shell:Skip shell extension 'dsv' for command environment
[2.061s] INFO:colcon.colcon_core.task.python.build:Building Python package in '/home/jlukas/Desktop/My_Project/ROS2/ros2_rpi_cv2/src/ros2_rpi_cv2'
[2.063s] INFO:colcon.colcon_core.shell:Skip shell extension 'powershell' for command environment: Not usable outside of PowerShell
[2.063s] DEBUG:colcon.colcon_core.shell:Skip shell extension 'dsv' for command environment
[3.555s] DEBUG:colcon.colcon_core.event_handler.log_command:Invoking command in '/home/jlukas/Desktop/My_Project/ROS2/ros2_rpi_cv2/src/ros2_rpi_cv2': PYTHONPATH=/home/jlukas/Desktop/My_Project/ROS2/ros2_rpi_cv2/build/ros2_rpi_cv2/prefix_override:/home/jlukas/Desktop/My_Project/ROS2/ros2_rpi_cv2/install/ros2_rpi_cv2/lib/python3.10/site-packages:${PYTHONPATH} /usr/bin/python3 setup.py egg_info --egg-base ../../build/ros2_rpi_cv2 build --build-base /home/jlukas/Desktop/My_Project/ROS2/ros2_rpi_cv2/build/ros2_rpi_cv2/build install --record /home/jlukas/Desktop/My_Project/ROS2/ros2_rpi_cv2/build/ros2_rpi_cv2/install.log --single-version-externally-managed
[4.449s] DEBUG:colcon.colcon_core.event_handler.log_command:Invoked command in '/home/jlukas/Desktop/My_Project/ROS2/ros2_rpi_cv2/src/ros2_rpi_cv2' returned '0': PYTHONPATH=/home/jlukas/Desktop/My_Project/ROS2/ros2_rpi_cv2/build/ros2_rpi_cv2/prefix_override:/home/jlukas/Desktop/My_Project/ROS2/ros2_rpi_cv2/install/ros2_rpi_cv2/lib/python3.10/site-packages:${PYTHONPATH} /usr/bin/python3 setup.py egg_info --egg-base ../../build/ros2_rpi_cv2 build --build-base /home/jlukas/Desktop/My_Project/ROS2/ros2_rpi_cv2/build/ros2_rpi_cv2/build install --record /home/jlukas/Desktop/My_Project/ROS2/ros2_rpi_cv2/build/ros2_rpi_cv2/install.log --single-version-externally-managed
[4.459s] Level 1:colcon.colcon_core.environment:checking '/home/jlukas/Desktop/My_Project/ROS2/ros2_rpi_cv2/install/ros2_rpi_cv2' for CMake module files
[4.460s] Level 1:colcon.colcon_core.environment:checking '/home/jlukas/Desktop/My_Project/ROS2/ros2_rpi_cv2/install/ros2_rpi_cv2' for CMake config files
[4.462s] Level 1:colcon.colcon_core.environment:checking '/home/jlukas/Desktop/My_Project/ROS2/ros2_rpi_cv2/install/ros2_rpi_cv2/lib'
[4.462s] Level 1:colcon.colcon_core.environment:checking '/home/jlukas/Desktop/My_Project/ROS2/ros2_rpi_cv2/install/ros2_rpi_cv2/bin'
[4.462s] Level 1:colcon.colcon_core.environment:checking '/home/jlukas/Desktop/My_Project/ROS2/ros2_rpi_cv2/install/ros2_rpi_cv2/lib/pkgconfig/ros2_rpi_cv2.pc'
[4.463s] Level 1:colcon.colcon_core.environment:checking '/home/jlukas/Desktop/My_Project/ROS2/ros2_rpi_cv2/install/ros2_rpi_cv2/lib/python3.10/site-packages'
[4.463s] Level 1:colcon.colcon_core.shell:create_environment_hook('ros2_rpi_cv2', 'pythonpath')
[4.465s] INFO:colcon.colcon_core.shell:Creating environment hook '/home/jlukas/Desktop/My_Project/ROS2/ros2_rpi_cv2/install/ros2_rpi_cv2/share/ros2_rpi_cv2/hook/pythonpath.ps1'
[4.467s] INFO:colcon.colcon_core.shell:Creating environment descriptor '/home/jlukas/Desktop/My_Project/ROS2/ros2_rpi_cv2/install/ros2_rpi_cv2/share/ros2_rpi_cv2/hook/pythonpath.dsv'
[4.469s] INFO:colcon.colcon_core.shell:Creating environment hook '/home/jlukas/Desktop/My_Project/ROS2/ros2_rpi_cv2/install/ros2_rpi_cv2/share/ros2_rpi_cv2/hook/pythonpath.sh'
[4.471s] Level 1:colcon.colcon_core.environment:checking '/home/jlukas/Desktop/My_Project/ROS2/ros2_rpi_cv2/install/ros2_rpi_cv2/bin'
[4.472s] Level 1:colcon.colcon_core.environment:create_environment_scripts_only(ros2_rpi_cv2)
[4.476s] INFO:colcon.colcon_core.shell:Creating package script '/home/jlukas/Desktop/My_Project/ROS2/ros2_rpi_cv2/install/ros2_rpi_cv2/share/ros2_rpi_cv2/package.ps1'
[4.479s] INFO:colcon.colcon_core.shell:Creating package descriptor '/home/jlukas/Desktop/My_Project/ROS2/ros2_rpi_cv2/install/ros2_rpi_cv2/share/ros2_rpi_cv2/package.dsv'
[4.481s] INFO:colcon.colcon_core.shell:Creating package script '/home/jlukas/Desktop/My_Project/ROS2/ros2_rpi_cv2/install/ros2_rpi_cv2/share/ros2_rpi_cv2/package.sh'
[4.485s] INFO:colcon.colcon_core.shell:Creating package script '/home/jlukas/Desktop/My_Project/ROS2/ros2_rpi_cv2/install/ros2_rpi_cv2/share/ros2_rpi_cv2/package.bash'
[4.488s] INFO:colcon.colcon_core.shell:Creating package script '/home/jlukas/Desktop/My_Project/ROS2/ros2_rpi_cv2/install/ros2_rpi_cv2/share/ros2_rpi_cv2/package.zsh'
[4.490s] Level 1:colcon.colcon_core.environment:create_file_with_runtime_dependencies(/home/jlukas/Desktop/My_Project/ROS2/ros2_rpi_cv2/install/ros2_rpi_cv2/share/colcon-core/packages/ros2_rpi_cv2)
[4.491s] DEBUG:colcon.colcon_parallel_executor.executor.parallel:closing loop
[4.493s] DEBUG:colcon.colcon_parallel_executor.executor.parallel:loop closed
[4.494s] DEBUG:colcon.colcon_parallel_executor.executor.parallel:run_until_complete finished with '0'
[4.495s] DEBUG:colcon.colcon_core.event_reactor:joining thread
[4.521s] INFO:colcon.colcon_core.plugin_system:Skipping extension 'colcon_notification.desktop_notification.terminal_notifier': Not used on non-Darwin systems
[4.522s] INFO:colcon.colcon_core.plugin_system:Skipping extension 'colcon_notification.desktop_notification.win32': Not used on non-Windows systems
[4.522s] INFO:colcon.colcon_notification.desktop_notification:Sending desktop notification using 'notify2'
[4.559s] DEBUG:colcon.colcon_core.event_reactor:joined thread
[4.563s] INFO:colcon.colcon_core.shell:Creating prefix script '/home/jlukas/Desktop/My_Project/ROS2/ros2_rpi_cv2/install/local_setup.ps1'
[4.567s] INFO:colcon.colcon_core.shell:Creating prefix util module '/home/jlukas/Desktop/My_Project/ROS2/ros2_rpi_cv2/install/_local_setup_util_ps1.py'
[4.573s] INFO:colcon.colcon_core.shell:Creating prefix chain script '/home/jlukas/Desktop/My_Project/ROS2/ros2_rpi_cv2/install/setup.ps1'
[4.577s] INFO:colcon.colcon_core.shell:Creating prefix script '/home/jlukas/Desktop/My_Project/ROS2/ros2_rpi_cv2/install/local_setup.sh'
[4.580s] INFO:colcon.colcon_core.shell:Creating prefix util module '/home/jlukas/Desktop/My_Project/ROS2/ros2_rpi_cv2/install/_local_setup_util_sh.py'
[4.582s] INFO:colcon.colcon_core.shell:Creating prefix chain script '/home/jlukas/Desktop/My_Project/ROS2/ros2_rpi_cv2/install/setup.sh'
[4.587s] INFO:colcon.colcon_core.shell:Creating prefix script '/home/jlukas/Desktop/My_Project/ROS2/ros2_rpi_cv2/install/local_setup.bash'
[4.590s] INFO:colcon.colcon_core.shell:Creating prefix chain script '/home/jlukas/Desktop/My_Project/ROS2/ros2_rpi_cv2/install/setup.bash'
[4.595s] INFO:colcon.colcon_core.shell:Creating prefix script '/home/jlukas/Desktop/My_Project/ROS2/ros2_rpi_cv2/install/local_setup.zsh'
[4.598s] INFO:colcon.colcon_core.shell:Creating prefix chain script '/home/jlukas/Desktop/My_Project/ROS2/ros2_rpi_cv2/install/setup.zsh'
