running egg_info
writing ../../build/ros2_nav2_cartographer/ros2_nav2_cartographer.egg-info/PKG-INFO
writing dependency_links to ../../build/ros2_nav2_cartographer/ros2_nav2_cartographer.egg-info/dependency_links.txt
writing entry points to ../../build/ros2_nav2_cartographer/ros2_nav2_cartographer.egg-info/entry_points.txt
writing requirements to ../../build/ros2_nav2_cartographer/ros2_nav2_cartographer.egg-info/requires.txt
writing top-level names to ../../build/ros2_nav2_cartographer/ros2_nav2_cartographer.egg-info/top_level.txt
reading manifest file '../../build/ros2_nav2_cartographer/ros2_nav2_cartographer.egg-info/SOURCES.txt'
writing manifest file '../../build/ros2_nav2_cartographer/ros2_nav2_cartographer.egg-info/SOURCES.txt'
running build
running build_py
running install
/usr/lib/python3/dist-packages/setuptools/command/install.py:34: SetuptoolsDeprecationWarning: setup.py install is deprecated. Use build and pip and other standards-based tools.
  warnings.warn(
running install_lib
running install_data
creating /home/jlukas/My_Project/ROS2/ros2_nav2_cartographer/install/ros2_nav2_cartographer/share/ros2_nav2_cartographer/world/maze_v1
copying world/maze_v1/model.sdf -> /home/jlukas/My_Project/ROS2/ros2_nav2_cartographer/install/ros2_nav2_cartographer/share/ros2_nav2_cartographer/world/maze_v1
copying world/maze_v1/model.config -> /home/jlukas/My_Project/ROS2/ros2_nav2_cartographer/install/ros2_nav2_cartographer/share/ros2_nav2_cartographer/world/maze_v1
running install_egg_info
removing '/home/jlukas/My_Project/ROS2/ros2_nav2_cartographer/install/ros2_nav2_cartographer/lib/python3.10/site-packages/ros2_nav2_cartographer-0.0.0-py3.10.egg-info' (and everything under it)
Copying ../../build/ros2_nav2_cartographer/ros2_nav2_cartographer.egg-info to /home/jlukas/My_Project/ROS2/ros2_nav2_cartographer/install/ros2_nav2_cartographer/lib/python3.10/site-packages/ros2_nav2_cartographer-0.0.0-py3.10.egg-info
running install_scripts
Installing sdf_spawner script to /home/jlukas/My_Project/ROS2/ros2_nav2_cartographer/install/ros2_nav2_cartographer/lib/ros2_nav2_cartographer
writing list of installed files to '/home/jlukas/My_Project/ROS2/ros2_nav2_cartographer/build/ros2_nav2_cartographer/install.log'
