running develop
/usr/lib/python3/dist-packages/setuptools/command/easy_install.py:158: EasyInstallDeprecationWarning: easy_install command is deprecated. Use build and pip and other standards-based tools.
  warnings.warn(
/usr/lib/python3/dist-packages/setuptools/command/install.py:34: SetuptoolsDeprecationWarning: setup.py install is deprecated. Use build and pip and other standards-based tools.
  warnings.warn(
Removing /home/jlukas/Desktop/My_Project/rpi_pc_talk/install/rpi_pc_talk/lib/python3.10/site-packages/rpi-pc-talk.egg-link (link to .)
running egg_info
writing ../../build/rpi_pc_talk/rpi_pc_talk.egg-info/PKG-INFO
writing dependency_links to ../../build/rpi_pc_talk/rpi_pc_talk.egg-info/dependency_links.txt
writing entry points to ../../build/rpi_pc_talk/rpi_pc_talk.egg-info/entry_points.txt
writing requirements to ../../build/rpi_pc_talk/rpi_pc_talk.egg-info/requires.txt
writing top-level names to ../../build/rpi_pc_talk/rpi_pc_talk.egg-info/top_level.txt
reading manifest file '../../build/rpi_pc_talk/rpi_pc_talk.egg-info/SOURCES.txt'
writing manifest file '../../build/rpi_pc_talk/rpi_pc_talk.egg-info/SOURCES.txt'
running build
running build_py
running install
/usr/lib/python3/dist-packages/setuptools/command/install.py:34: SetuptoolsDeprecationWarning: setup.py install is deprecated. Use build and pip and other standards-based tools.
  warnings.warn(
running install_lib
creating /home/jlukas/Desktop/My_Project/rpi_pc_talk/install/rpi_pc_talk/lib/python3.10/site-packages/rpi_pc_talk
copying /home/jlukas/Desktop/My_Project/rpi_pc_talk/build/rpi_pc_talk/build/lib/rpi_pc_talk/__init__.py -> /home/jlukas/Desktop/My_Project/rpi_pc_talk/install/rpi_pc_talk/lib/python3.10/site-packages/rpi_pc_talk
byte-compiling /home/jlukas/Desktop/My_Project/rpi_pc_talk/install/rpi_pc_talk/lib/python3.10/site-packages/rpi_pc_talk/__init__.py to __init__.cpython-310.pyc
running install_data
running install_egg_info
Copying ../../build/rpi_pc_talk/rpi_pc_talk.egg-info to /home/jlukas/Desktop/My_Project/rpi_pc_talk/install/rpi_pc_talk/lib/python3.10/site-packages/rpi_pc_talk-0.0.0-py3.10.egg-info
running install_scripts
writing list of installed files to '/home/jlukas/Desktop/My_Project/rpi_pc_talk/build/rpi_pc_talk/install.log'
