[1.497s] Invoking command in '/home/jlukas/Desktop/My_Project/rpi_pc_talk/build/rpi_pc_talk': PYTHONPATH=/home/jlukas/Desktop/My_Project/rpi_pc_talk/build/rpi_pc_talk/prefix_override:/home/jlukas/Desktop/My_Project/rpi_pc_talk/install/rpi_pc_talk/lib/python3.10/site-packages:${PYTHONPATH} /usr/bin/python3 setup.py develop --uninstall --editable --build-directory /home/jlukas/Desktop/My_Project/rpi_pc_talk/build/rpi_pc_talk/build
[2.111s] running develop
[2.112s] /usr/lib/python3/dist-packages/setuptools/command/easy_install.py:158: EasyInstallDeprecationWarning: easy_install command is deprecated. Use build and pip and other standards-based tools.
[2.113s]   warnings.warn(
[2.115s] /usr/lib/python3/dist-packages/setuptools/command/install.py:34: SetuptoolsDeprecationWarning: setup.py install is deprecated. Use build and pip and other standards-based tools.
[2.115s]   warnings.warn(
[2.509s] Removing /home/jlukas/Desktop/My_Project/rpi_pc_talk/install/rpi_pc_talk/lib/python3.10/site-packages/rpi-pc-talk.egg-link (link to .)
[2.545s] Invoked command in '/home/jlukas/Desktop/My_Project/rpi_pc_talk/build/rpi_pc_talk' returned '0': PYTHONPATH=/home/jlukas/Desktop/My_Project/rpi_pc_talk/build/rpi_pc_talk/prefix_override:/home/jlukas/Desktop/My_Project/rpi_pc_talk/install/rpi_pc_talk/lib/python3.10/site-packages:${PYTHONPATH} /usr/bin/python3 setup.py develop --uninstall --editable --build-directory /home/jlukas/Desktop/My_Project/rpi_pc_talk/build/rpi_pc_talk/build
[2.551s] Invoking command in '/home/jlukas/Desktop/My_Project/rpi_pc_talk/src/rpi_pc_talk': PYTHONPATH=/home/jlukas/Desktop/My_Project/rpi_pc_talk/build/rpi_pc_talk/prefix_override:/home/jlukas/Desktop/My_Project/rpi_pc_talk/install/rpi_pc_talk/lib/python3.10/site-packages:${PYTHONPATH} /usr/bin/python3 setup.py egg_info --egg-base ../../build/rpi_pc_talk build --build-base /home/jlukas/Desktop/My_Project/rpi_pc_talk/build/rpi_pc_talk/build install --record /home/jlukas/Desktop/My_Project/rpi_pc_talk/build/rpi_pc_talk/install.log --single-version-externally-managed
[3.089s] running egg_info
[3.090s] writing ../../build/rpi_pc_talk/rpi_pc_talk.egg-info/PKG-INFO
[3.091s] writing dependency_links to ../../build/rpi_pc_talk/rpi_pc_talk.egg-info/dependency_links.txt
[3.092s] writing entry points to ../../build/rpi_pc_talk/rpi_pc_talk.egg-info/entry_points.txt
[3.094s] writing requirements to ../../build/rpi_pc_talk/rpi_pc_talk.egg-info/requires.txt
[3.095s] writing top-level names to ../../build/rpi_pc_talk/rpi_pc_talk.egg-info/top_level.txt
[3.100s] reading manifest file '../../build/rpi_pc_talk/rpi_pc_talk.egg-info/SOURCES.txt'
[3.103s] writing manifest file '../../build/rpi_pc_talk/rpi_pc_talk.egg-info/SOURCES.txt'
[3.103s] running build
[3.104s] running build_py
[3.105s] running install
[3.105s] /usr/lib/python3/dist-packages/setuptools/command/install.py:34: SetuptoolsDeprecationWarning: setup.py install is deprecated. Use build and pip and other standards-based tools.
[3.105s]   warnings.warn(
[3.105s] running install_lib
[3.107s] creating /home/jlukas/Desktop/My_Project/rpi_pc_talk/install/rpi_pc_talk/lib/python3.10/site-packages/rpi_pc_talk
[3.108s] copying /home/jlukas/Desktop/My_Project/rpi_pc_talk/build/rpi_pc_talk/build/lib/rpi_pc_talk/__init__.py -> /home/jlukas/Desktop/My_Project/rpi_pc_talk/install/rpi_pc_talk/lib/python3.10/site-packages/rpi_pc_talk
[3.109s] byte-compiling /home/jlukas/Desktop/My_Project/rpi_pc_talk/install/rpi_pc_talk/lib/python3.10/site-packages/rpi_pc_talk/__init__.py to __init__.cpython-310.pyc
[3.110s] running install_data
[3.111s] running install_egg_info
[3.115s] Copying ../../build/rpi_pc_talk/rpi_pc_talk.egg-info to /home/jlukas/Desktop/My_Project/rpi_pc_talk/install/rpi_pc_talk/lib/python3.10/site-packages/rpi_pc_talk-0.0.0-py3.10.egg-info
[3.118s] running install_scripts
[3.165s] writing list of installed files to '/home/jlukas/Desktop/My_Project/rpi_pc_talk/build/rpi_pc_talk/install.log'
[3.198s] Invoked command in '/home/jlukas/Desktop/My_Project/rpi_pc_talk/src/rpi_pc_talk' returned '0': PYTHONPATH=/home/jlukas/Desktop/My_Project/rpi_pc_talk/build/rpi_pc_talk/prefix_override:/home/jlukas/Desktop/My_Project/rpi_pc_talk/install/rpi_pc_talk/lib/python3.10/site-packages:${PYTHONPATH} /usr/bin/python3 setup.py egg_info --egg-base ../../build/rpi_pc_talk build --build-base /home/jlukas/Desktop/My_Project/rpi_pc_talk/build/rpi_pc_talk/build install --record /home/jlukas/Desktop/My_Project/rpi_pc_talk/build/rpi_pc_talk/install.log --single-version-externally-managed
