[6.756s] Invoking command in '/home/jlukas/Desktop/My_Project/ROS2/techdiffbot/src/techdiffbot': PYTHONPATH=/home/jlukas/Desktop/My_Project/ROS2/techdiffbot/build/techdiffbot/prefix_override:/home/jlukas/Desktop/My_Project/ROS2/techdiffbot/install/techdiffbot/lib/python3.10/site-packages:${PYTHONPATH} /usr/bin/python3 setup.py egg_info --egg-base ../../build/techdiffbot build --build-base /home/jlukas/Desktop/My_Project/ROS2/techdiffbot/build/techdiffbot/build install --record /home/jlukas/Desktop/My_Project/ROS2/techdiffbot/build/techdiffbot/install.log --single-version-externally-managed
[8.010s] running egg_info
[8.012s] writing ../../build/techdiffbot/techdiffbot.egg-info/PKG-INFO
[8.015s] writing dependency_links to ../../build/techdiffbot/techdiffbot.egg-info/dependency_links.txt
[8.016s] writing entry points to ../../build/techdiffbot/techdiffbot.egg-info/entry_points.txt
[8.017s] writing requirements to ../../build/techdiffbot/techdiffbot.egg-info/requires.txt
[8.017s] writing top-level names to ../../build/techdiffbot/techdiffbot.egg-info/top_level.txt
[8.028s] reading manifest file '../../build/techdiffbot/techdiffbot.egg-info/SOURCES.txt'
[8.036s] writing manifest file '../../build/techdiffbot/techdiffbot.egg-info/SOURCES.txt'
[8.037s] running build
[8.038s] running build_py
[8.042s] running install
[8.043s] running install_lib
[8.052s] running install_data
[8.060s] copying urdf/ros2_control.xacro -> /home/jlukas/Desktop/My_Project/ROS2/techdiffbot/install/techdiffbot/share/techdiffbot/urdf
[8.066s] running install_egg_info
[8.074s] removing '/home/jlukas/Desktop/My_Project/ROS2/techdiffbot/install/techdiffbot/lib/python3.10/site-packages/techdiffbot-0.0.0-py3.10.egg-info' (and everything under it)
[8.076s] Copying ../../build/techdiffbot/techdiffbot.egg-info to /home/jlukas/Desktop/My_Project/ROS2/techdiffbot/install/techdiffbot/lib/python3.10/site-packages/techdiffbot-0.0.0-py3.10.egg-info
[8.084s] running install_scripts
[8.166s] writing list of installed files to '/home/jlukas/Desktop/My_Project/ROS2/techdiffbot/build/techdiffbot/install.log'
[8.289s] Invoked command in '/home/jlukas/Desktop/My_Project/ROS2/techdiffbot/src/techdiffbot' returned '0': PYTHONPATH=/home/jlukas/Desktop/My_Project/ROS2/techdiffbot/build/techdiffbot/prefix_override:/home/jlukas/Desktop/My_Project/ROS2/techdiffbot/install/techdiffbot/lib/python3.10/site-packages:${PYTHONPATH} /usr/bin/python3 setup.py egg_info --egg-base ../../build/techdiffbot build --build-base /home/jlukas/Desktop/My_Project/ROS2/techdiffbot/build/techdiffbot/build install --record /home/jlukas/Desktop/My_Project/ROS2/techdiffbot/build/techdiffbot/install.log --single-version-externally-managed
