[0.771s] Invoking command in '/home/jlukas/Desktop/My_Project/rpi_pc_talk/build/rpi_pc_talk': PYTHONPATH=/home/jlukas/Desktop/My_Project/rpi_pc_talk/build/rpi_pc_talk/prefix_override:/home/jlukas/Desktop/My_Project/rpi_pc_talk/install/rpi_pc_talk/lib/python3.10/site-packages:${PYTHONPATH} /usr/bin/python3 setup.py develop --uninstall --editable --build-directory /home/jlukas/Desktop/My_Project/rpi_pc_talk/build/rpi_pc_talk/build
[1.065s] running develop
[1.065s] /usr/lib/python3/dist-packages/setuptools/command/easy_install.py:158: EasyInstallDeprecationWarning: easy_install command is deprecated. Use build and pip and other standards-based tools.
[1.065s]   warnings.warn(
[1.067s] /usr/lib/python3/dist-packages/setuptools/command/install.py:34: SetuptoolsDeprecationWarning: setup.py install is deprecated. Use build and pip and other standards-based tools.
[1.068s]   warnings.warn(
[1.286s] Invoked command in '/home/jlukas/Desktop/My_Project/rpi_pc_talk/build/rpi_pc_talk' returned '0': PYTHONPATH=/home/jlukas/Desktop/My_Project/rpi_pc_talk/build/rpi_pc_talk/prefix_override:/home/jlukas/Desktop/My_Project/rpi_pc_talk/install/rpi_pc_talk/lib/python3.10/site-packages:${PYTHONPATH} /usr/bin/python3 setup.py develop --uninstall --editable --build-directory /home/jlukas/Desktop/My_Project/rpi_pc_talk/build/rpi_pc_talk/build
[1.290s] Invoking command in '/home/jlukas/Desktop/My_Project/rpi_pc_talk/src/rpi_pc_talk': PYTHONPATH=/home/jlukas/Desktop/My_Project/rpi_pc_talk/build/rpi_pc_talk/prefix_override:/home/jlukas/Desktop/My_Project/rpi_pc_talk/install/rpi_pc_talk/lib/python3.10/site-packages:${PYTHONPATH} /usr/bin/python3 setup.py egg_info --egg-base ../../build/rpi_pc_talk build --build-base /home/jlukas/Desktop/My_Project/rpi_pc_talk/build/rpi_pc_talk/build install --record /home/jlukas/Desktop/My_Project/rpi_pc_talk/build/rpi_pc_talk/install.log --single-version-externally-managed
[1.558s] running egg_info
[1.559s] writing ../../build/rpi_pc_talk/rpi_pc_talk.egg-info/PKG-INFO
[1.560s] writing dependency_links to ../../build/rpi_pc_talk/rpi_pc_talk.egg-info/dependency_links.txt
[1.560s] writing entry points to ../../build/rpi_pc_talk/rpi_pc_talk.egg-info/entry_points.txt
[1.561s] writing requirements to ../../build/rpi_pc_talk/rpi_pc_talk.egg-info/requires.txt
[1.562s] writing top-level names to ../../build/rpi_pc_talk/rpi_pc_talk.egg-info/top_level.txt
[1.564s] reading manifest file '../../build/rpi_pc_talk/rpi_pc_talk.egg-info/SOURCES.txt'
[1.565s] writing manifest file '../../build/rpi_pc_talk/rpi_pc_talk.egg-info/SOURCES.txt'
[1.566s] running build
[1.566s] running build_py
[1.567s] /usr/lib/python3/dist-packages/setuptools/command/install.py:34: SetuptoolsDeprecationWarning: setup.py install is deprecated. Use build and pip and other standards-based tools.
[1.567s]   warnings.warn(
[1.568s] copying rpi_pc_talk/publisher.py -> /home/jlukas/Desktop/My_Project/rpi_pc_talk/build/rpi_pc_talk/build/lib/rpi_pc_talk
[1.568s] copying rpi_pc_talk/subscriber.py -> /home/jlukas/Desktop/My_Project/rpi_pc_talk/build/rpi_pc_talk/build/lib/rpi_pc_talk
[1.568s] running install
[1.568s] running install_lib
[1.570s] copying /home/jlukas/Desktop/My_Project/rpi_pc_talk/build/rpi_pc_talk/build/lib/rpi_pc_talk/publisher.py -> /home/jlukas/Desktop/My_Project/rpi_pc_talk/install/rpi_pc_talk/lib/python3.10/site-packages/rpi_pc_talk
[1.570s] copying /home/jlukas/Desktop/My_Project/rpi_pc_talk/build/rpi_pc_talk/build/lib/rpi_pc_talk/subscriber.py -> /home/jlukas/Desktop/My_Project/rpi_pc_talk/install/rpi_pc_talk/lib/python3.10/site-packages/rpi_pc_talk
[1.570s] byte-compiling /home/jlukas/Desktop/My_Project/rpi_pc_talk/install/rpi_pc_talk/lib/python3.10/site-packages/rpi_pc_talk/publisher.py to publisher.cpython-310.pyc
[1.571s] byte-compiling /home/jlukas/Desktop/My_Project/rpi_pc_talk/install/rpi_pc_talk/lib/python3.10/site-packages/rpi_pc_talk/subscriber.py to subscriber.cpython-310.pyc
[1.572s] running install_data
[1.572s] running install_egg_info
[1.573s] removing '/home/jlukas/Desktop/My_Project/rpi_pc_talk/install/rpi_pc_talk/lib/python3.10/site-packages/rpi_pc_talk-0.0.0-py3.10.egg-info' (and everything under it)
[1.574s] Copying ../../build/rpi_pc_talk/rpi_pc_talk.egg-info to /home/jlukas/Desktop/My_Project/rpi_pc_talk/install/rpi_pc_talk/lib/python3.10/site-packages/rpi_pc_talk-0.0.0-py3.10.egg-info
[1.575s] running install_scripts
[1.598s] Installing publisher = rpi_pc_talk.publisher:mainsubscriber script to /home/jlukas/Desktop/My_Project/rpi_pc_talk/install/rpi_pc_talk/lib/rpi_pc_talk
[1.599s] writing list of installed files to '/home/jlukas/Desktop/My_Project/rpi_pc_talk/build/rpi_pc_talk/install.log'
[1.635s] Invoked command in '/home/jlukas/Desktop/My_Project/rpi_pc_talk/src/rpi_pc_talk' returned '0': PYTHONPATH=/home/jlukas/Desktop/My_Project/rpi_pc_talk/build/rpi_pc_talk/prefix_override:/home/jlukas/Desktop/My_Project/rpi_pc_talk/install/rpi_pc_talk/lib/python3.10/site-packages:${PYTHONPATH} /usr/bin/python3 setup.py egg_info --egg-base ../../build/rpi_pc_talk build --build-base /home/jlukas/Desktop/My_Project/rpi_pc_talk/build/rpi_pc_talk/build install --record /home/jlukas/Desktop/My_Project/rpi_pc_talk/build/rpi_pc_talk/install.log --single-version-externally-managed
