[5.718s] Invoking command in '/home/jlukas/Desktop/My_Project/ROS2/techdiffbot/src/techdiffbot': PYTHONPATH=/home/jlukas/Desktop/My_Project/ROS2/techdiffbot/build/techdiffbot/prefix_override:/home/jlukas/Desktop/My_Project/ROS2/techdiffbot/install/techdiffbot/lib/python3.10/site-packages:${PYTHONPATH} /usr/bin/python3 setup.py egg_info --egg-base ../../build/techdiffbot build --build-base /home/jlukas/Desktop/My_Project/ROS2/techdiffbot/build/techdiffbot/build install --record /home/jlukas/Desktop/My_Project/ROS2/techdiffbot/build/techdiffbot/install.log --single-version-externally-managed
[7.020s] running egg_info
[7.023s] writing ../../build/techdiffbot/techdiffbot.egg-info/PKG-INFO
[7.024s] writing dependency_links to ../../build/techdiffbot/techdiffbot.egg-info/dependency_links.txt
[7.024s] writing entry points to ../../build/techdiffbot/techdiffbot.egg-info/entry_points.txt
[7.025s] writing requirements to ../../build/techdiffbot/techdiffbot.egg-info/requires.txt
[7.026s] writing top-level names to ../../build/techdiffbot/techdiffbot.egg-info/top_level.txt
[7.035s] reading manifest file '../../build/techdiffbot/techdiffbot.egg-info/SOURCES.txt'
[7.041s] writing manifest file '../../build/techdiffbot/techdiffbot.egg-info/SOURCES.txt'
[7.042s] running build
[7.043s] running build_py
[7.045s] running install
[7.046s] running install_lib
[7.052s] running install_data
[7.058s] copying config/mapper_params_online_async.yaml -> /home/jlukas/Desktop/My_Project/ROS2/techdiffbot/install/techdiffbot/share/techdiffbot/config
[7.061s] running install_egg_info
[7.069s] removing '/home/jlukas/Desktop/My_Project/ROS2/techdiffbot/install/techdiffbot/lib/python3.10/site-packages/techdiffbot-0.0.0-py3.10.egg-info' (and everything under it)
[7.070s] Copying ../../build/techdiffbot/techdiffbot.egg-info to /home/jlukas/Desktop/My_Project/ROS2/techdiffbot/install/techdiffbot/lib/python3.10/site-packages/techdiffbot-0.0.0-py3.10.egg-info
[7.077s] running install_scripts
[7.159s] writing list of installed files to '/home/jlukas/Desktop/My_Project/ROS2/techdiffbot/build/techdiffbot/install.log'
[7.285s] Invoked command in '/home/jlukas/Desktop/My_Project/ROS2/techdiffbot/src/techdiffbot' returned '0': PYTHONPATH=/home/jlukas/Desktop/My_Project/ROS2/techdiffbot/build/techdiffbot/prefix_override:/home/jlukas/Desktop/My_Project/ROS2/techdiffbot/install/techdiffbot/lib/python3.10/site-packages:${PYTHONPATH} /usr/bin/python3 setup.py egg_info --egg-base ../../build/techdiffbot build --build-base /home/jlukas/Desktop/My_Project/ROS2/techdiffbot/build/techdiffbot/build install --record /home/jlukas/Desktop/My_Project/ROS2/techdiffbot/build/techdiffbot/install.log --single-version-externally-managed
