[1.837s] Invoking command in '/home/jlukas/Desktop/My_Project/ROS2/rover/src/rover': PYTHONPATH=/home/jlukas/Desktop/My_Project/ROS2/rover/build/rover/prefix_override:/home/jlukas/Desktop/My_Project/ROS2/rover/install/rover/lib/python3.10/site-packages:${PYTHONPATH} /usr/bin/python3 setup.py egg_info --egg-base ../../build/rover build --build-base /home/jlukas/Desktop/My_Project/ROS2/rover/build/rover/build install --record /home/jlukas/Desktop/My_Project/ROS2/rover/build/rover/install.log --single-version-externally-managed
[2.392s] running egg_info
[2.393s] writing ../../build/rover/rover.egg-info/PKG-INFO
[2.393s] writing dependency_links to ../../build/rover/rover.egg-info/dependency_links.txt
[2.394s] writing entry points to ../../build/rover/rover.egg-info/entry_points.txt
[2.395s] writing requirements to ../../build/rover/rover.egg-info/requires.txt
[2.395s] writing top-level names to ../../build/rover/rover.egg-info/top_level.txt
[2.400s] reading manifest file '../../build/rover/rover.egg-info/SOURCES.txt'
[2.402s] writing manifest file '../../build/rover/rover.egg-info/SOURCES.txt'
[2.403s] running build
[2.404s] running build_py
[2.405s] running install
[2.405s] /usr/lib/python3/dist-packages/setuptools/command/install.py:34: SetuptoolsDeprecationWarning: setup.py install is deprecated. Use build and pip and other standards-based tools.
[2.406s]   warnings.warn(
[2.406s] running install_lib
[2.409s] running install_data
[2.410s] copying launch/joystick.control.launch.py -> /home/jlukas/Desktop/My_Project/ROS2/rover/install/rover/share/rover/launch
[2.412s] running install_egg_info
[2.415s] removing '/home/jlukas/Desktop/My_Project/ROS2/rover/install/rover/lib/python3.10/site-packages/rover-0.0.0-py3.10.egg-info' (and everything under it)
[2.416s] Copying ../../build/rover/rover.egg-info to /home/jlukas/Desktop/My_Project/ROS2/rover/install/rover/lib/python3.10/site-packages/rover-0.0.0-py3.10.egg-info
[2.420s] running install_scripts
[2.461s] Installing lidar_differential script to /home/jlukas/Desktop/My_Project/ROS2/rover/install/rover/lib/rover
[2.462s] Installing lidar_obstacle_region_split script to /home/jlukas/Desktop/My_Project/ROS2/rover/install/rover/lib/rover
[2.463s] writing list of installed files to '/home/jlukas/Desktop/My_Project/ROS2/rover/build/rover/install.log'
[2.496s] Invoked command in '/home/jlukas/Desktop/My_Project/ROS2/rover/src/rover' returned '0': PYTHONPATH=/home/jlukas/Desktop/My_Project/ROS2/rover/build/rover/prefix_override:/home/jlukas/Desktop/My_Project/ROS2/rover/install/rover/lib/python3.10/site-packages:${PYTHONPATH} /usr/bin/python3 setup.py egg_info --egg-base ../../build/rover build --build-base /home/jlukas/Desktop/My_Project/ROS2/rover/build/rover/build install --record /home/jlukas/Desktop/My_Project/ROS2/rover/build/rover/install.log --single-version-externally-managed
