[0.981s] Invoking command in '/home/jlukas/My_Project/ROS2/ros2_differential_drive_robot/src/ros2_differential_drive_robot': PYTHONPATH=/home/jlukas/My_Project/ROS2/ros2_differential_drive_robot/build/ros2_differential_drive_robot/prefix_override:/home/jlukas/My_Project/ROS2/ros2_differential_drive_robot/install/ros2_differential_drive_robot/lib/python3.10/site-packages:${PYTHONPATH} /usr/bin/python3 setup.py egg_info --egg-base ../../build/ros2_differential_drive_robot build --build-base /home/jlukas/My_Project/ROS2/ros2_differential_drive_robot/build/ros2_differential_drive_robot/build install --record /home/jlukas/My_Project/ROS2/ros2_differential_drive_robot/build/ros2_differential_drive_robot/install.log --single-version-externally-managed
[1.279s] running egg_info
[1.280s] writing ../../build/ros2_differential_drive_robot/ros2_differential_drive_robot.egg-info/PKG-INFO
[1.280s] writing dependency_links to ../../build/ros2_differential_drive_robot/ros2_differential_drive_robot.egg-info/dependency_links.txt
[1.280s] writing entry points to ../../build/ros2_differential_drive_robot/ros2_differential_drive_robot.egg-info/entry_points.txt
[1.281s] writing requirements to ../../build/ros2_differential_drive_robot/ros2_differential_drive_robot.egg-info/requires.txt
[1.281s] writing top-level names to ../../build/ros2_differential_drive_robot/ros2_differential_drive_robot.egg-info/top_level.txt
[1.283s] reading manifest file '../../build/ros2_differential_drive_robot/ros2_differential_drive_robot.egg-info/SOURCES.txt'
[1.285s] writing manifest file '../../build/ros2_differential_drive_robot/ros2_differential_drive_robot.egg-info/SOURCES.txt'
[1.285s] running build
[1.285s] running build_py
[1.285s] running install
[1.286s] /usr/lib/python3/dist-packages/setuptools/command/install.py:34: SetuptoolsDeprecationWarning: setup.py install is deprecated. Use build and pip and other standards-based tools.
[1.286s]   warnings.warn(
[1.286s] running install_lib
[1.287s] running install_data
[1.288s] copying urdf/rover.xacro -> /home/jlukas/My_Project/ROS2/ros2_differential_drive_robot/install/ros2_differential_drive_robot/share/ros2_differential_drive_robot/urdf
[1.288s] running install_egg_info
[1.290s] removing '/home/jlukas/My_Project/ROS2/ros2_differential_drive_robot/install/ros2_differential_drive_robot/lib/python3.10/site-packages/ros2_differential_drive_robot-0.0.0-py3.10.egg-info' (and everything under it)
[1.291s] Copying ../../build/ros2_differential_drive_robot/ros2_differential_drive_robot.egg-info to /home/jlukas/My_Project/ROS2/ros2_differential_drive_robot/install/ros2_differential_drive_robot/lib/python3.10/site-packages/ros2_differential_drive_robot-0.0.0-py3.10.egg-info
[1.292s] running install_scripts
[1.320s] Installing lidar_dynamic_obstacle script to /home/jlukas/My_Project/ROS2/ros2_differential_drive_robot/install/ros2_differential_drive_robot/lib/ros2_differential_drive_robot
[1.321s] Installing lidar_obstacle script to /home/jlukas/My_Project/ROS2/ros2_differential_drive_robot/install/ros2_differential_drive_robot/lib/ros2_differential_drive_robot
[1.321s] Installing lidar_obstacle_steer script to /home/jlukas/My_Project/ROS2/ros2_differential_drive_robot/install/ros2_differential_drive_robot/lib/ros2_differential_drive_robot
[1.321s] writing list of installed files to '/home/jlukas/My_Project/ROS2/ros2_differential_drive_robot/build/ros2_differential_drive_robot/install.log'
[1.358s] Invoked command in '/home/jlukas/My_Project/ROS2/ros2_differential_drive_robot/src/ros2_differential_drive_robot' returned '0': PYTHONPATH=/home/jlukas/My_Project/ROS2/ros2_differential_drive_robot/build/ros2_differential_drive_robot/prefix_override:/home/jlukas/My_Project/ROS2/ros2_differential_drive_robot/install/ros2_differential_drive_robot/lib/python3.10/site-packages:${PYTHONPATH} /usr/bin/python3 setup.py egg_info --egg-base ../../build/ros2_differential_drive_robot build --build-base /home/jlukas/My_Project/ROS2/ros2_differential_drive_robot/build/ros2_differential_drive_robot/build install --record /home/jlukas/My_Project/ROS2/ros2_differential_drive_robot/build/ros2_differential_drive_robot/install.log --single-version-externally-managed
