[0.295s] Invoking command in '/home/jlukas/Desktop/My_Project/ROS2/techdiffbot/build/rviz_plugin_tutorials': CMAKE_PREFIX_PATH=${CMAKE_PREFIX_PATH}:/home/jlukas/Desktop/My_Project/ROS2/techdiffbot/install/techdiffbot:/home/jlukas/Desktop/My_Project/ROS2/ros2_rpi_cv2/install/ros2_rpi_cv2:/home/jlukas/Desktop/My_Project/ROS2/rover/install/rover:/opt/ros/humble /usr/bin/cmake --build /home/jlukas/Desktop/My_Project/ROS2/techdiffbot/build/rviz_plugin_tutorials -- -j4 -l4
[0.372s] [ 12%] [34m[1mAutomatic MOC for target rviz_plugin_tutorials[0m
[0.415s] [ 12%] Built target rviz_plugin_tutorials_autogen
[0.501s] [100%] Built target rviz_plugin_tutorials
[0.512s] Invoked command in '/home/jlukas/Desktop/My_Project/ROS2/techdiffbot/build/rviz_plugin_tutorials' returned '0': CMAKE_PREFIX_PATH=${CMAKE_PREFIX_PATH}:/home/jlukas/Desktop/My_Project/ROS2/techdiffbot/install/techdiffbot:/home/jlukas/Desktop/My_Project/ROS2/ros2_rpi_cv2/install/ros2_rpi_cv2:/home/jlukas/Desktop/My_Project/ROS2/rover/install/rover:/opt/ros/humble /usr/bin/cmake --build /home/jlukas/Desktop/My_Project/ROS2/techdiffbot/build/rviz_plugin_tutorials -- -j4 -l4
[0.647s] Invoking command in '/home/jlukas/Desktop/My_Project/ROS2/techdiffbot/build/rviz_plugin_tutorials': CMAKE_PREFIX_PATH=${CMAKE_PREFIX_PATH}:/home/jlukas/Desktop/My_Project/ROS2/techdiffbot/install/techdiffbot:/home/jlukas/Desktop/My_Project/ROS2/ros2_rpi_cv2/install/ros2_rpi_cv2:/home/jlukas/Desktop/My_Project/ROS2/rover/install/rover:/opt/ros/humble /usr/bin/cmake --install /home/jlukas/Desktop/My_Project/ROS2/techdiffbot/build/rviz_plugin_tutorials
[0.663s] -- Install configuration: ""
[0.664s] -- Up-to-date: /home/jlukas/Desktop/My_Project/ROS2/techdiffbot/install/rviz_plugin_tutorials/share/rviz_plugin_tutorials/plugin_description.xml
[0.666s] -- Up-to-date: /home/jlukas/Desktop/My_Project/ROS2/techdiffbot/install/rviz_plugin_tutorials/lib/rviz_plugin_tutorials/librviz_plugin_tutorials.so
[0.667s] -- Up-to-date: /home/jlukas/Desktop/My_Project/ROS2/techdiffbot/install/rviz_plugin_tutorials/share/rviz_plugin_tutorials/media
[0.668s] -- Up-to-date: /home/jlukas/Desktop/My_Project/ROS2/techdiffbot/install/rviz_plugin_tutorials/share/rviz_plugin_tutorials/media/flag.dae
[0.668s] -- Up-to-date: /home/jlukas/Desktop/My_Project/ROS2/techdiffbot/install/rviz_plugin_tutorials/share/rviz_plugin_tutorials/icons
[0.668s] -- Up-to-date: /home/jlukas/Desktop/My_Project/ROS2/techdiffbot/install/rviz_plugin_tutorials/share/rviz_plugin_tutorials/icons/classes
[0.668s] -- Up-to-date: /home/jlukas/Desktop/My_Project/ROS2/techdiffbot/install/rviz_plugin_tutorials/share/rviz_plugin_tutorials/icons/classes/Imu.png
[0.668s] -- Up-to-date: /home/jlukas/Desktop/My_Project/ROS2/techdiffbot/install/rviz_plugin_tutorials/share/rviz_plugin_tutorials/icons/classes/Teleop.png
[0.669s] -- Up-to-date: /home/jlukas/Desktop/My_Project/ROS2/techdiffbot/install/rviz_plugin_tutorials/share/rviz_plugin_tutorials/icons/classes/PlantFlag.png
[0.669s] -- Up-to-date: /home/jlukas/Desktop/My_Project/ROS2/techdiffbot/install/rviz_plugin_tutorials/lib/rviz_plugin_tutorials/send_test_msgs.py
[0.670s] -- Up-to-date: /home/jlukas/Desktop/My_Project/ROS2/techdiffbot/install/rviz_plugin_tutorials/share/ament_index/resource_index/package_run_dependencies/rviz_plugin_tutorials
[0.670s] -- Up-to-date: /home/jlukas/Desktop/My_Project/ROS2/techdiffbot/install/rviz_plugin_tutorials/share/ament_index/resource_index/parent_prefix_path/rviz_plugin_tutorials
[0.671s] -- Up-to-date: /home/jlukas/Desktop/My_Project/ROS2/techdiffbot/install/rviz_plugin_tutorials/share/rviz_plugin_tutorials/environment/ament_prefix_path.sh
[0.671s] -- Up-to-date: /home/jlukas/Desktop/My_Project/ROS2/techdiffbot/install/rviz_plugin_tutorials/share/rviz_plugin_tutorials/environment/ament_prefix_path.dsv
[0.671s] -- Up-to-date: /home/jlukas/Desktop/My_Project/ROS2/techdiffbot/install/rviz_plugin_tutorials/share/rviz_plugin_tutorials/environment/path.sh
[0.672s] -- Up-to-date: /home/jlukas/Desktop/My_Project/ROS2/techdiffbot/install/rviz_plugin_tutorials/share/rviz_plugin_tutorials/environment/path.dsv
[0.673s] -- Up-to-date: /home/jlukas/Desktop/My_Project/ROS2/techdiffbot/install/rviz_plugin_tutorials/share/rviz_plugin_tutorials/local_setup.bash
[0.673s] -- Up-to-date: /home/jlukas/Desktop/My_Project/ROS2/techdiffbot/install/rviz_plugin_tutorials/share/rviz_plugin_tutorials/local_setup.sh
[0.675s] -- Up-to-date: /home/jlukas/Desktop/My_Project/ROS2/techdiffbot/install/rviz_plugin_tutorials/share/rviz_plugin_tutorials/local_setup.zsh
[0.675s] -- Up-to-date: /home/jlukas/Desktop/My_Project/ROS2/techdiffbot/install/rviz_plugin_tutorials/share/rviz_plugin_tutorials/local_setup.dsv
[0.675s] -- Installing: /home/jlukas/Desktop/My_Project/ROS2/techdiffbot/install/rviz_plugin_tutorials/share/rviz_plugin_tutorials/package.dsv
[0.676s] -- Up-to-date: /home/jlukas/Desktop/My_Project/ROS2/techdiffbot/install/rviz_plugin_tutorials/share/ament_index/resource_index/packages/rviz_plugin_tutorials
[0.677s] -- Up-to-date: /home/jlukas/Desktop/My_Project/ROS2/techdiffbot/install/rviz_plugin_tutorials/share/ament_index/resource_index/rviz_common__pluginlib__plugin/rviz_plugin_tutorials
[0.677s] -- Up-to-date: /home/jlukas/Desktop/My_Project/ROS2/techdiffbot/install/rviz_plugin_tutorials/share/rviz_plugin_tutorials/media
[0.677s] -- Up-to-date: /home/jlukas/Desktop/My_Project/ROS2/techdiffbot/install/rviz_plugin_tutorials/share/rviz_plugin_tutorials/media/flag.dae
[0.677s] -- Up-to-date: /home/jlukas/Desktop/My_Project/ROS2/techdiffbot/install/rviz_plugin_tutorials/share/ament_index/resource_index/rviz_ogre_media_exports/rviz_plugin_tutorials
[0.678s] -- Up-to-date: /home/jlukas/Desktop/My_Project/ROS2/techdiffbot/install/rviz_plugin_tutorials/share/rviz_plugin_tutorials/cmake/ament_cmake_export_dependencies-extras.cmake
[0.678s] -- Up-to-date: /home/jlukas/Desktop/My_Project/ROS2/techdiffbot/install/rviz_plugin_tutorials/share/rviz_plugin_tutorials/cmake/rviz_plugin_tutorialsConfig.cmake
[0.679s] -- Up-to-date: /home/jlukas/Desktop/My_Project/ROS2/techdiffbot/install/rviz_plugin_tutorials/share/rviz_plugin_tutorials/cmake/rviz_plugin_tutorialsConfig-version.cmake
[0.679s] -- Up-to-date: /home/jlukas/Desktop/My_Project/ROS2/techdiffbot/install/rviz_plugin_tutorials/share/rviz_plugin_tutorials/package.xml
[0.679s] Invoked command in '/home/jlukas/Desktop/My_Project/ROS2/techdiffbot/build/rviz_plugin_tutorials' returned '0': CMAKE_PREFIX_PATH=${CMAKE_PREFIX_PATH}:/home/jlukas/Desktop/My_Project/ROS2/techdiffbot/install/techdiffbot:/home/jlukas/Desktop/My_Project/ROS2/ros2_rpi_cv2/install/ros2_rpi_cv2:/home/jlukas/Desktop/My_Project/ROS2/rover/install/rover:/opt/ros/humble /usr/bin/cmake --install /home/jlukas/Desktop/My_Project/ROS2/techdiffbot/build/rviz_plugin_tutorials
