[2.537s] DEBUG:colcon:Command line arguments: ['/usr/bin/colcon', 'build']
[2.537s] DEBUG:colcon:Parsed command line arguments: Namespace(log_base=None, log_level=None, verb_name='build', build_base='build', install_base='install', merge_install=False, symlink_install=False, test_result_base=None, continue_on_error=False, executor='parallel', parallel_workers=6, event_handlers=None, ignore_user_meta=False, metas=['./colcon.meta'], base_paths=['.'], packages_ignore=None, packages_ignore_regex=None, paths=None, packages_up_to=None, packages_up_to_regex=None, packages_above=None, packages_above_and_dependencies=None, packages_above_depth=None, packages_select_by_dep=None, packages_skip_by_dep=None, packages_skip_up_to=None, packages_select_build_failed=False, packages_skip_build_finished=False, packages_select_test_failures=False, packages_skip_test_passed=False, packages_select=None, packages_skip=None, packages_select_regex=None, packages_skip_regex=None, packages_start=None, packages_end=None, allow_overriding=[], cmake_args=None, cmake_target=None, cmake_target_skip_unavailable=False, cmake_clean_cache=False, cmake_clean_first=False, cmake_force_configure=False, ament_cmake_args=None, catkin_cmake_args=None, catkin_skip_building_tests=False, verb_parser=<colcon_defaults.argument_parser.defaults.DefaultArgumentsDecorator object at 0x7f9f3a24ada0>, verb_extension=<colcon_core.verb.build.BuildVerb object at 0x7f9f3a249120>, main=<bound method BuildVerb.main of <colcon_core.verb.build.BuildVerb object at 0x7f9f3a249120>>)
[2.624s] Level 1:colcon.colcon_core.package_discovery:discover_packages(colcon_meta) check parameters
[2.624s] Level 1:colcon.colcon_core.package_discovery:discover_packages(recursive) check parameters
[2.624s] Level 1:colcon.colcon_core.package_discovery:discover_packages(ignore) check parameters
[2.624s] Level 1:colcon.colcon_core.package_discovery:discover_packages(path) check parameters
[2.624s] Level 1:colcon.colcon_core.package_discovery:discover_packages(colcon_meta) discover
[2.625s] Level 1:colcon.colcon_core.package_discovery:discover_packages(recursive) discover
[2.625s] INFO:colcon.colcon_core.package_discovery:Crawling recursively for packages in '/home/jlukas/Desktop/My_Project/ROS2/ros2_differential_drive_robot'
[2.625s] Level 1:colcon.colcon_core.package_identification:_identify(.) by extensions ['ignore', 'ignore_ament_install']
[2.625s] Level 1:colcon.colcon_core.package_identification:_identify(.) by extension 'ignore'
[2.625s] Level 1:colcon.colcon_core.package_identification:_identify(.) by extension 'ignore_ament_install'
[2.625s] Level 1:colcon.colcon_core.package_identification:_identify(.) by extensions ['colcon_pkg']
[2.625s] Level 1:colcon.colcon_core.package_identification:_identify(.) by extension 'colcon_pkg'
[2.625s] Level 1:colcon.colcon_core.package_identification:_identify(.) by extensions ['colcon_meta']
[2.625s] Level 1:colcon.colcon_core.package_identification:_identify(.) by extension 'colcon_meta'
[2.625s] Level 1:colcon.colcon_core.package_identification:_identify(.) by extensions ['ros']
[2.625s] Level 1:colcon.colcon_core.package_identification:_identify(.) by extension 'ros'
[2.650s] Level 1:colcon.colcon_core.package_identification:_identify(.) by extensions ['cmake', 'python']
[2.651s] Level 1:colcon.colcon_core.package_identification:_identify(.) by extension 'cmake'
[2.651s] Level 1:colcon.colcon_core.package_identification:_identify(.) by extension 'python'
[2.651s] Level 1:colcon.colcon_core.package_identification:_identify(.) by extensions ['python_setup_py']
[2.651s] Level 1:colcon.colcon_core.package_identification:_identify(.) by extension 'python_setup_py'
[2.651s] Level 1:colcon.colcon_core.package_identification:_identify(build) by extensions ['ignore', 'ignore_ament_install']
[2.652s] Level 1:colcon.colcon_core.package_identification:_identify(build) by extension 'ignore'
[2.652s] Level 1:colcon.colcon_core.package_identification:_identify(build) ignored
[2.652s] Level 1:colcon.colcon_core.package_identification:_identify(install) by extensions ['ignore', 'ignore_ament_install']
[2.652s] Level 1:colcon.colcon_core.package_identification:_identify(install) by extension 'ignore'
[2.652s] Level 1:colcon.colcon_core.package_identification:_identify(install) ignored
[2.653s] Level 1:colcon.colcon_core.package_identification:_identify(log) by extensions ['ignore', 'ignore_ament_install']
[2.653s] Level 1:colcon.colcon_core.package_identification:_identify(log) by extension 'ignore'
[2.653s] Level 1:colcon.colcon_core.package_identification:_identify(log) ignored
[2.653s] Level 1:colcon.colcon_core.package_identification:_identify(src) by extensions ['ignore', 'ignore_ament_install']
[2.654s] Level 1:colcon.colcon_core.package_identification:_identify(src) by extension 'ignore'
[2.654s] Level 1:colcon.colcon_core.package_identification:_identify(src) by extension 'ignore_ament_install'
[2.654s] Level 1:colcon.colcon_core.package_identification:_identify(src) by extensions ['colcon_pkg']
[2.654s] Level 1:colcon.colcon_core.package_identification:_identify(src) by extension 'colcon_pkg'
[2.654s] Level 1:colcon.colcon_core.package_identification:_identify(src) by extensions ['colcon_meta']
[2.654s] Level 1:colcon.colcon_core.package_identification:_identify(src) by extension 'colcon_meta'
[2.655s] Level 1:colcon.colcon_core.package_identification:_identify(src) by extensions ['ros']
[2.655s] Level 1:colcon.colcon_core.package_identification:_identify(src) by extension 'ros'
[2.655s] Level 1:colcon.colcon_core.package_identification:_identify(src) by extensions ['cmake', 'python']
[2.655s] Level 1:colcon.colcon_core.package_identification:_identify(src) by extension 'cmake'
[2.655s] Level 1:colcon.colcon_core.package_identification:_identify(src) by extension 'python'
[2.655s] Level 1:colcon.colcon_core.package_identification:_identify(src) by extensions ['python_setup_py']
[2.656s] Level 1:colcon.colcon_core.package_identification:_identify(src) by extension 'python_setup_py'
[2.656s] Level 1:colcon.colcon_core.package_identification:_identify(src/ros2_differential_drive_robot) by extensions ['ignore', 'ignore_ament_install']
[2.656s] Level 1:colcon.colcon_core.package_identification:_identify(src/ros2_differential_drive_robot) by extension 'ignore'
[2.656s] Level 1:colcon.colcon_core.package_identification:_identify(src/ros2_differential_drive_robot) by extension 'ignore_ament_install'
[2.656s] Level 1:colcon.colcon_core.package_identification:_identify(src/ros2_differential_drive_robot) by extensions ['colcon_pkg']
[2.657s] Level 1:colcon.colcon_core.package_identification:_identify(src/ros2_differential_drive_robot) by extension 'colcon_pkg'
[2.657s] Level 1:colcon.colcon_core.package_identification:_identify(src/ros2_differential_drive_robot) by extensions ['colcon_meta']
[2.657s] Level 1:colcon.colcon_core.package_identification:_identify(src/ros2_differential_drive_robot) by extension 'colcon_meta'
[2.657s] Level 1:colcon.colcon_core.package_identification:_identify(src/ros2_differential_drive_robot) by extensions ['ros']
[2.657s] Level 1:colcon.colcon_core.package_identification:_identify(src/ros2_differential_drive_robot) by extension 'ros'
[2.661s] DEBUG:colcon.colcon_core.package_identification:Package 'src/ros2_differential_drive_robot' with type 'ros.ament_python' and name 'ros2_differential_drive_robot'
[2.662s] Level 1:colcon.colcon_core.package_discovery:discover_packages(recursive) using defaults
[2.662s] Level 1:colcon.colcon_core.package_discovery:discover_packages(ignore) discover
[2.662s] Level 1:colcon.colcon_core.package_discovery:discover_packages(ignore) using defaults
[2.662s] Level 1:colcon.colcon_core.package_discovery:discover_packages(path) discover
[2.662s] Level 1:colcon.colcon_core.package_discovery:discover_packages(path) using defaults
[2.880s] Level 1:colcon.colcon_core.package_discovery:discover_packages(prefix_path) check parameters
[2.881s] Level 1:colcon.colcon_core.package_discovery:discover_packages(prefix_path) discover
[2.967s] DEBUG:colcon.colcon_installed_package_information.package_discovery:Found 1 installed packages in /home/jlukas/Desktop/My_Project/ROS2/ros2_differential_drive_robot/install
[3.011s] DEBUG:colcon.colcon_installed_package_information.package_discovery:Found 281 installed packages in /opt/ros/humble
[3.016s] Level 1:colcon.colcon_core.package_discovery:discover_packages(prefix_path) using defaults
[3.261s] Level 5:colcon.colcon_core.verb:set package 'ros2_differential_drive_robot' build argument 'cmake_args' from command line to 'None'
[3.261s] Level 5:colcon.colcon_core.verb:set package 'ros2_differential_drive_robot' build argument 'cmake_target' from command line to 'None'
[3.261s] Level 5:colcon.colcon_core.verb:set package 'ros2_differential_drive_robot' build argument 'cmake_target_skip_unavailable' from command line to 'False'
[3.261s] Level 5:colcon.colcon_core.verb:set package 'ros2_differential_drive_robot' build argument 'cmake_clean_cache' from command line to 'False'
[3.261s] Level 5:colcon.colcon_core.verb:set package 'ros2_differential_drive_robot' build argument 'cmake_clean_first' from command line to 'False'
[3.261s] Level 5:colcon.colcon_core.verb:set package 'ros2_differential_drive_robot' build argument 'cmake_force_configure' from command line to 'False'
[3.261s] Level 5:colcon.colcon_core.verb:set package 'ros2_differential_drive_robot' build argument 'ament_cmake_args' from command line to 'None'
[3.261s] Level 5:colcon.colcon_core.verb:set package 'ros2_differential_drive_robot' build argument 'catkin_cmake_args' from command line to 'None'
[3.261s] Level 5:colcon.colcon_core.verb:set package 'ros2_differential_drive_robot' build argument 'catkin_skip_building_tests' from command line to 'False'
[3.262s] DEBUG:colcon.colcon_core.verb:Building package 'ros2_differential_drive_robot' with the following arguments: {'ament_cmake_args': None, 'build_base': '/home/jlukas/Desktop/My_Project/ROS2/ros2_differential_drive_robot/build/ros2_differential_drive_robot', 'catkin_cmake_args': None, 'catkin_skip_building_tests': False, 'cmake_args': None, 'cmake_clean_cache': False, 'cmake_clean_first': False, 'cmake_force_configure': False, 'cmake_target': None, 'cmake_target_skip_unavailable': False, 'install_base': '/home/jlukas/Desktop/My_Project/ROS2/ros2_differential_drive_robot/install/ros2_differential_drive_robot', 'merge_install': False, 'path': '/home/jlukas/Desktop/My_Project/ROS2/ros2_differential_drive_robot/src/ros2_differential_drive_robot', 'symlink_install': False, 'test_result_base': None}
[3.285s] INFO:colcon.colcon_core.executor:Executing jobs using 'parallel' executor
[3.327s] DEBUG:colcon.colcon_parallel_executor.executor.parallel:run_until_complete
[3.328s] INFO:colcon.colcon_ros.task.ament_python.build:Building ROS package in '/home/jlukas/Desktop/My_Project/ROS2/ros2_differential_drive_robot/src/ros2_differential_drive_robot' with build type 'ament_python'
[3.328s] Level 1:colcon.colcon_core.shell:create_environment_hook('ros2_differential_drive_robot', 'ament_prefix_path')
[3.380s] INFO:colcon.colcon_core.plugin_system:Skipping extension 'colcon_core.shell.bat': Not used on non-Windows systems
[3.380s] INFO:colcon.colcon_core.shell:Creating environment hook '/home/jlukas/Desktop/My_Project/ROS2/ros2_differential_drive_robot/install/ros2_differential_drive_robot/share/ros2_differential_drive_robot/hook/ament_prefix_path.ps1'
[3.382s] INFO:colcon.colcon_core.shell:Creating environment descriptor '/home/jlukas/Desktop/My_Project/ROS2/ros2_differential_drive_robot/install/ros2_differential_drive_robot/share/ros2_differential_drive_robot/hook/ament_prefix_path.dsv'
[3.384s] INFO:colcon.colcon_core.shell:Creating environment hook '/home/jlukas/Desktop/My_Project/ROS2/ros2_differential_drive_robot/install/ros2_differential_drive_robot/share/ros2_differential_drive_robot/hook/ament_prefix_path.sh'
[3.406s] INFO:colcon.colcon_core.shell:Skip shell extension 'powershell' for command environment: Not usable outside of PowerShell
[3.406s] DEBUG:colcon.colcon_core.shell:Skip shell extension 'dsv' for command environment
[4.103s] INFO:colcon.colcon_core.task.python.build:Building Python package in '/home/jlukas/Desktop/My_Project/ROS2/ros2_differential_drive_robot/src/ros2_differential_drive_robot'
[4.151s] INFO:colcon.colcon_core.shell:Skip shell extension 'powershell' for command environment: Not usable outside of PowerShell
[4.151s] DEBUG:colcon.colcon_core.shell:Skip shell extension 'dsv' for command environment
[5.293s] DEBUG:colcon.colcon_core.event_handler.log_command:Invoking command in '/home/jlukas/Desktop/My_Project/ROS2/ros2_differential_drive_robot/src/ros2_differential_drive_robot': PYTHONPATH=/home/jlukas/Desktop/My_Project/ROS2/ros2_differential_drive_robot/build/ros2_differential_drive_robot/prefix_override:/home/jlukas/Desktop/My_Project/ROS2/ros2_differential_drive_robot/install/ros2_differential_drive_robot/lib/python3.10/site-packages:${PYTHONPATH} /usr/bin/python3 setup.py egg_info --egg-base ../../build/ros2_differential_drive_robot build --build-base /home/jlukas/Desktop/My_Project/ROS2/ros2_differential_drive_robot/build/ros2_differential_drive_robot/build install --record /home/jlukas/Desktop/My_Project/ROS2/ros2_differential_drive_robot/build/ros2_differential_drive_robot/install.log --single-version-externally-managed
[6.319s] DEBUG:colcon.colcon_core.event_handler.log_command:Invoked command in '/home/jlukas/Desktop/My_Project/ROS2/ros2_differential_drive_robot/src/ros2_differential_drive_robot' returned '0': PYTHONPATH=/home/jlukas/Desktop/My_Project/ROS2/ros2_differential_drive_robot/build/ros2_differential_drive_robot/prefix_override:/home/jlukas/Desktop/My_Project/ROS2/ros2_differential_drive_robot/install/ros2_differential_drive_robot/lib/python3.10/site-packages:${PYTHONPATH} /usr/bin/python3 setup.py egg_info --egg-base ../../build/ros2_differential_drive_robot build --build-base /home/jlukas/Desktop/My_Project/ROS2/ros2_differential_drive_robot/build/ros2_differential_drive_robot/build install --record /home/jlukas/Desktop/My_Project/ROS2/ros2_differential_drive_robot/build/ros2_differential_drive_robot/install.log --single-version-externally-managed
[6.433s] Level 1:colcon.colcon_core.environment:checking '/home/jlukas/Desktop/My_Project/ROS2/ros2_differential_drive_robot/install/ros2_differential_drive_robot' for CMake module files
[6.436s] Level 1:colcon.colcon_core.environment:checking '/home/jlukas/Desktop/My_Project/ROS2/ros2_differential_drive_robot/install/ros2_differential_drive_robot' for CMake config files
[6.443s] Level 1:colcon.colcon_core.environment:checking '/home/jlukas/Desktop/My_Project/ROS2/ros2_differential_drive_robot/install/ros2_differential_drive_robot/lib'
[6.445s] Level 1:colcon.colcon_core.environment:checking '/home/jlukas/Desktop/My_Project/ROS2/ros2_differential_drive_robot/install/ros2_differential_drive_robot/bin'
[6.445s] Level 1:colcon.colcon_core.environment:checking '/home/jlukas/Desktop/My_Project/ROS2/ros2_differential_drive_robot/install/ros2_differential_drive_robot/lib/pkgconfig/ros2_differential_drive_robot.pc'
[6.446s] Level 1:colcon.colcon_core.environment:checking '/home/jlukas/Desktop/My_Project/ROS2/ros2_differential_drive_robot/install/ros2_differential_drive_robot/lib/python3.10/site-packages'
[6.446s] Level 1:colcon.colcon_core.shell:create_environment_hook('ros2_differential_drive_robot', 'pythonpath')
[6.536s] INFO:colcon.colcon_core.shell:Creating environment hook '/home/jlukas/Desktop/My_Project/ROS2/ros2_differential_drive_robot/install/ros2_differential_drive_robot/share/ros2_differential_drive_robot/hook/pythonpath.ps1'
[6.542s] INFO:colcon.colcon_core.shell:Creating environment descriptor '/home/jlukas/Desktop/My_Project/ROS2/ros2_differential_drive_robot/install/ros2_differential_drive_robot/share/ros2_differential_drive_robot/hook/pythonpath.dsv'
[6.544s] INFO:colcon.colcon_core.shell:Creating environment hook '/home/jlukas/Desktop/My_Project/ROS2/ros2_differential_drive_robot/install/ros2_differential_drive_robot/share/ros2_differential_drive_robot/hook/pythonpath.sh'
[6.548s] Level 1:colcon.colcon_core.environment:checking '/home/jlukas/Desktop/My_Project/ROS2/ros2_differential_drive_robot/install/ros2_differential_drive_robot/bin'
[6.549s] Level 1:colcon.colcon_core.environment:create_environment_scripts_only(ros2_differential_drive_robot)
[6.634s] INFO:colcon.colcon_core.shell:Creating package script '/home/jlukas/Desktop/My_Project/ROS2/ros2_differential_drive_robot/install/ros2_differential_drive_robot/share/ros2_differential_drive_robot/package.ps1'
[6.641s] INFO:colcon.colcon_core.shell:Creating package descriptor '/home/jlukas/Desktop/My_Project/ROS2/ros2_differential_drive_robot/install/ros2_differential_drive_robot/share/ros2_differential_drive_robot/package.dsv'
[6.650s] INFO:colcon.colcon_core.shell:Creating package script '/home/jlukas/Desktop/My_Project/ROS2/ros2_differential_drive_robot/install/ros2_differential_drive_robot/share/ros2_differential_drive_robot/package.sh'
[6.657s] INFO:colcon.colcon_core.shell:Creating package script '/home/jlukas/Desktop/My_Project/ROS2/ros2_differential_drive_robot/install/ros2_differential_drive_robot/share/ros2_differential_drive_robot/package.bash'
[6.668s] INFO:colcon.colcon_core.shell:Creating package script '/home/jlukas/Desktop/My_Project/ROS2/ros2_differential_drive_robot/install/ros2_differential_drive_robot/share/ros2_differential_drive_robot/package.zsh'
[6.676s] Level 1:colcon.colcon_core.environment:create_file_with_runtime_dependencies(/home/jlukas/Desktop/My_Project/ROS2/ros2_differential_drive_robot/install/ros2_differential_drive_robot/share/colcon-core/packages/ros2_differential_drive_robot)
[6.680s] DEBUG:colcon.colcon_parallel_executor.executor.parallel:closing loop
[6.683s] DEBUG:colcon.colcon_parallel_executor.executor.parallel:loop closed
[6.683s] DEBUG:colcon.colcon_parallel_executor.executor.parallel:run_until_complete finished with '0'
[6.683s] DEBUG:colcon.colcon_core.event_reactor:joining thread
[6.800s] INFO:colcon.colcon_core.plugin_system:Skipping extension 'colcon_notification.desktop_notification.terminal_notifier': Not used on non-Darwin systems
[6.801s] INFO:colcon.colcon_core.plugin_system:Skipping extension 'colcon_notification.desktop_notification.win32': Not used on non-Windows systems
[6.801s] INFO:colcon.colcon_notification.desktop_notification:Sending desktop notification using 'notify2'
[6.864s] DEBUG:colcon.colcon_core.event_reactor:joined thread
[6.970s] INFO:colcon.colcon_core.shell:Creating prefix script '/home/jlukas/Desktop/My_Project/ROS2/ros2_differential_drive_robot/install/local_setup.ps1'
[6.979s] INFO:colcon.colcon_core.shell:Creating prefix util module '/home/jlukas/Desktop/My_Project/ROS2/ros2_differential_drive_robot/install/_local_setup_util_ps1.py'
[6.985s] INFO:colcon.colcon_core.shell:Creating prefix chain script '/home/jlukas/Desktop/My_Project/ROS2/ros2_differential_drive_robot/install/setup.ps1'
[7.095s] INFO:colcon.colcon_core.shell:Creating prefix script '/home/jlukas/Desktop/My_Project/ROS2/ros2_differential_drive_robot/install/local_setup.sh'
[7.099s] INFO:colcon.colcon_core.shell:Creating prefix util module '/home/jlukas/Desktop/My_Project/ROS2/ros2_differential_drive_robot/install/_local_setup_util_sh.py'
[7.103s] INFO:colcon.colcon_core.shell:Creating prefix chain script '/home/jlukas/Desktop/My_Project/ROS2/ros2_differential_drive_robot/install/setup.sh'
[7.179s] INFO:colcon.colcon_core.shell:Creating prefix script '/home/jlukas/Desktop/My_Project/ROS2/ros2_differential_drive_robot/install/local_setup.bash'
[7.181s] INFO:colcon.colcon_core.shell:Creating prefix chain script '/home/jlukas/Desktop/My_Project/ROS2/ros2_differential_drive_robot/install/setup.bash'
[7.255s] INFO:colcon.colcon_core.shell:Creating prefix script '/home/jlukas/Desktop/My_Project/ROS2/ros2_differential_drive_robot/install/local_setup.zsh'
[7.259s] INFO:colcon.colcon_core.shell:Creating prefix chain script '/home/jlukas/Desktop/My_Project/ROS2/ros2_differential_drive_robot/install/setup.zsh'
