[2.235s] DEBUG:colcon:Command line arguments: ['/usr/bin/colcon', 'build']
[2.236s] DEBUG:colcon:Parsed command line arguments: Namespace(log_base=None, log_level=None, verb_name='build', build_base='build', install_base='install', merge_install=False, symlink_install=False, test_result_base=None, continue_on_error=False, executor='parallel', parallel_workers=6, event_handlers=None, ignore_user_meta=False, metas=['./colcon.meta'], base_paths=['.'], packages_ignore=None, packages_ignore_regex=None, paths=None, packages_up_to=None, packages_up_to_regex=None, packages_above=None, packages_above_and_dependencies=None, packages_above_depth=None, packages_select_by_dep=None, packages_skip_by_dep=None, packages_skip_up_to=None, packages_select_build_failed=False, packages_skip_build_finished=False, packages_select_test_failures=False, packages_skip_test_passed=False, packages_select=None, packages_skip=None, packages_select_regex=None, packages_skip_regex=None, packages_start=None, packages_end=None, allow_overriding=[], cmake_args=None, cmake_target=None, cmake_target_skip_unavailable=False, cmake_clean_cache=False, cmake_clean_first=False, cmake_force_configure=False, ament_cmake_args=None, catkin_cmake_args=None, catkin_skip_building_tests=False, verb_parser=<colcon_defaults.argument_parser.defaults.DefaultArgumentsDecorator object at 0x7f12a03a7b50>, verb_extension=<colcon_core.verb.build.BuildVerb object at 0x7f12a0c30e20>, main=<bound method BuildVerb.main of <colcon_core.verb.build.BuildVerb object at 0x7f12a0c30e20>>)
[2.451s] Level 1:colcon.colcon_core.package_discovery:discover_packages(colcon_meta) check parameters
[2.452s] Level 1:colcon.colcon_core.package_discovery:discover_packages(recursive) check parameters
[2.452s] Level 1:colcon.colcon_core.package_discovery:discover_packages(ignore) check parameters
[2.452s] Level 1:colcon.colcon_core.package_discovery:discover_packages(path) check parameters
[2.452s] Level 1:colcon.colcon_core.package_discovery:discover_packages(colcon_meta) discover
[2.452s] Level 1:colcon.colcon_core.package_discovery:discover_packages(recursive) discover
[2.453s] INFO:colcon.colcon_core.package_discovery:Crawling recursively for packages in '/home/jlukas/Desktop/My_Project/ROS2/ros2_rpi_cv2'
[2.453s] Level 1:colcon.colcon_core.package_identification:_identify(.) by extensions ['ignore', 'ignore_ament_install']
[2.454s] Level 1:colcon.colcon_core.package_identification:_identify(.) by extension 'ignore'
[2.454s] Level 1:colcon.colcon_core.package_identification:_identify(.) by extension 'ignore_ament_install'
[2.455s] Level 1:colcon.colcon_core.package_identification:_identify(.) by extensions ['colcon_pkg']
[2.455s] Level 1:colcon.colcon_core.package_identification:_identify(.) by extension 'colcon_pkg'
[2.456s] Level 1:colcon.colcon_core.package_identification:_identify(.) by extensions ['colcon_meta']
[2.456s] Level 1:colcon.colcon_core.package_identification:_identify(.) by extension 'colcon_meta'
[2.456s] Level 1:colcon.colcon_core.package_identification:_identify(.) by extensions ['ros']
[2.456s] Level 1:colcon.colcon_core.package_identification:_identify(.) by extension 'ros'
[2.565s] Level 1:colcon.colcon_core.package_identification:_identify(.) by extensions ['cmake', 'python']
[2.565s] Level 1:colcon.colcon_core.package_identification:_identify(.) by extension 'cmake'
[2.565s] Level 1:colcon.colcon_core.package_identification:_identify(.) by extension 'python'
[2.565s] Level 1:colcon.colcon_core.package_identification:_identify(.) by extensions ['python_setup_py']
[2.565s] Level 1:colcon.colcon_core.package_identification:_identify(.) by extension 'python_setup_py'
[2.566s] Level 1:colcon.colcon_core.package_identification:_identify(build) by extensions ['ignore', 'ignore_ament_install']
[2.566s] Level 1:colcon.colcon_core.package_identification:_identify(build) by extension 'ignore'
[2.566s] Level 1:colcon.colcon_core.package_identification:_identify(build) ignored
[2.567s] Level 1:colcon.colcon_core.package_identification:_identify(install) by extensions ['ignore', 'ignore_ament_install']
[2.567s] Level 1:colcon.colcon_core.package_identification:_identify(install) by extension 'ignore'
[2.568s] Level 1:colcon.colcon_core.package_identification:_identify(install) ignored
[2.568s] Level 1:colcon.colcon_core.package_identification:_identify(log) by extensions ['ignore', 'ignore_ament_install']
[2.568s] Level 1:colcon.colcon_core.package_identification:_identify(log) by extension 'ignore'
[2.568s] Level 1:colcon.colcon_core.package_identification:_identify(log) ignored
[2.569s] Level 1:colcon.colcon_core.package_identification:_identify(src) by extensions ['ignore', 'ignore_ament_install']
[2.569s] Level 1:colcon.colcon_core.package_identification:_identify(src) by extension 'ignore'
[2.570s] Level 1:colcon.colcon_core.package_identification:_identify(src) by extension 'ignore_ament_install'
[2.570s] Level 1:colcon.colcon_core.package_identification:_identify(src) by extensions ['colcon_pkg']
[2.570s] Level 1:colcon.colcon_core.package_identification:_identify(src) by extension 'colcon_pkg'
[2.570s] Level 1:colcon.colcon_core.package_identification:_identify(src) by extensions ['colcon_meta']
[2.570s] Level 1:colcon.colcon_core.package_identification:_identify(src) by extension 'colcon_meta'
[2.571s] Level 1:colcon.colcon_core.package_identification:_identify(src) by extensions ['ros']
[2.571s] Level 1:colcon.colcon_core.package_identification:_identify(src) by extension 'ros'
[2.572s] Level 1:colcon.colcon_core.package_identification:_identify(src) by extensions ['cmake', 'python']
[2.572s] Level 1:colcon.colcon_core.package_identification:_identify(src) by extension 'cmake'
[2.573s] Level 1:colcon.colcon_core.package_identification:_identify(src) by extension 'python'
[2.574s] Level 1:colcon.colcon_core.package_identification:_identify(src) by extensions ['python_setup_py']
[2.574s] Level 1:colcon.colcon_core.package_identification:_identify(src) by extension 'python_setup_py'
[2.574s] Level 1:colcon.colcon_core.package_discovery:discover_packages(recursive) using defaults
[2.575s] Level 1:colcon.colcon_core.package_discovery:discover_packages(ignore) discover
[2.575s] Level 1:colcon.colcon_core.package_discovery:discover_packages(ignore) using defaults
[2.575s] Level 1:colcon.colcon_core.package_discovery:discover_packages(path) discover
[2.575s] Level 1:colcon.colcon_core.package_discovery:discover_packages(path) using defaults
[2.764s] Level 1:colcon.colcon_core.package_discovery:discover_packages(prefix_path) check parameters
[2.764s] Level 1:colcon.colcon_core.package_discovery:discover_packages(prefix_path) discover
[2.795s] DEBUG:colcon.colcon_installed_package_information.package_discovery:Found 280 installed packages in /opt/ros/humble
[2.800s] Level 1:colcon.colcon_core.package_discovery:discover_packages(prefix_path) using defaults
[3.154s] INFO:colcon.colcon_core.executor:Executing jobs using 'parallel' executor
[3.163s] DEBUG:colcon.colcon_parallel_executor.executor.parallel:run_until_complete
[3.165s] DEBUG:colcon.colcon_parallel_executor.executor.parallel:closing loop
[3.167s] DEBUG:colcon.colcon_parallel_executor.executor.parallel:loop closed
[3.167s] DEBUG:colcon.colcon_parallel_executor.executor.parallel:run_until_complete finished with '0'
[3.167s] DEBUG:colcon.colcon_core.event_reactor:joining thread
[3.241s] INFO:colcon.colcon_core.plugin_system:Skipping extension 'colcon_notification.desktop_notification.terminal_notifier': Not used on non-Darwin systems
[3.241s] INFO:colcon.colcon_core.plugin_system:Skipping extension 'colcon_notification.desktop_notification.win32': Not used on non-Windows systems
[3.242s] INFO:colcon.colcon_notification.desktop_notification:Sending desktop notification using 'notify2'
[3.538s] DEBUG:colcon.colcon_core.event_reactor:joined thread
[3.591s] INFO:colcon.colcon_core.plugin_system:Skipping extension 'colcon_core.shell.bat': Not used on non-Windows systems
[3.592s] INFO:colcon.colcon_core.shell:Creating prefix script '/home/jlukas/Desktop/My_Project/ROS2/ros2_rpi_cv2/install/local_setup.ps1'
[3.600s] INFO:colcon.colcon_core.shell:Creating prefix util module '/home/jlukas/Desktop/My_Project/ROS2/ros2_rpi_cv2/install/_local_setup_util_ps1.py'
[3.608s] INFO:colcon.colcon_core.shell:Creating prefix chain script '/home/jlukas/Desktop/My_Project/ROS2/ros2_rpi_cv2/install/setup.ps1'
[3.615s] INFO:colcon.colcon_core.shell:Creating prefix script '/home/jlukas/Desktop/My_Project/ROS2/ros2_rpi_cv2/install/local_setup.sh'
[3.620s] INFO:colcon.colcon_core.shell:Creating prefix util module '/home/jlukas/Desktop/My_Project/ROS2/ros2_rpi_cv2/install/_local_setup_util_sh.py'
[3.622s] INFO:colcon.colcon_core.shell:Creating prefix chain script '/home/jlukas/Desktop/My_Project/ROS2/ros2_rpi_cv2/install/setup.sh'
[3.631s] INFO:colcon.colcon_core.shell:Creating prefix script '/home/jlukas/Desktop/My_Project/ROS2/ros2_rpi_cv2/install/local_setup.bash'
[3.636s] INFO:colcon.colcon_core.shell:Creating prefix chain script '/home/jlukas/Desktop/My_Project/ROS2/ros2_rpi_cv2/install/setup.bash'
[3.641s] INFO:colcon.colcon_core.shell:Creating prefix script '/home/jlukas/Desktop/My_Project/ROS2/ros2_rpi_cv2/install/local_setup.zsh'
[3.646s] INFO:colcon.colcon_core.shell:Creating prefix chain script '/home/jlukas/Desktop/My_Project/ROS2/ros2_rpi_cv2/install/setup.zsh'
