[0.807s] Invoking command in '/home/jlukas/Desktop/My_Project/arduinobot_ws/src/arduinobot_py_examples': PYTHONPATH=/home/jlukas/Desktop/My_Project/arduinobot_ws/build/arduinobot_py_examples/prefix_override:/home/jlukas/Desktop/My_Project/arduinobot_ws/install/arduinobot_py_examples/lib/python3.10/site-packages:${PYTHONPATH} /usr/bin/python3 setup.py egg_info --egg-base ../../build/arduinobot_py_examples build --build-base /home/jlukas/Desktop/My_Project/arduinobot_ws/build/arduinobot_py_examples/build install --record /home/jlukas/Desktop/My_Project/arduinobot_ws/build/arduinobot_py_examples/install.log --single-version-externally-managed
[1.075s] running egg_info
[1.076s] writing ../../build/arduinobot_py_examples/arduinobot_py_examples.egg-info/PKG-INFO
[1.076s] writing dependency_links to ../../build/arduinobot_py_examples/arduinobot_py_examples.egg-info/dependency_links.txt
[1.077s] writing entry points to ../../build/arduinobot_py_examples/arduinobot_py_examples.egg-info/entry_points.txt
[1.077s] writing requirements to ../../build/arduinobot_py_examples/arduinobot_py_examples.egg-info/requires.txt
[1.078s] writing top-level names to ../../build/arduinobot_py_examples/arduinobot_py_examples.egg-info/top_level.txt
[1.081s] reading manifest file '../../build/arduinobot_py_examples/arduinobot_py_examples.egg-info/SOURCES.txt'
[1.082s] writing manifest file '../../build/arduinobot_py_examples/arduinobot_py_examples.egg-info/SOURCES.txt'
[1.082s] running build
[1.083s] running build_py
[1.083s] copying arduinobot_py_examples/simple_publisher.py -> /home/jlukas/Desktop/My_Project/arduinobot_ws/build/arduinobot_py_examples/build/lib/arduinobot_py_examples
[1.084s] running install
[1.084s] /usr/lib/python3/dist-packages/setuptools/command/install.py:34: SetuptoolsDeprecationWarning: setup.py install is deprecated. Use build and pip and other standards-based tools.
[1.084s]   warnings.warn(
[1.085s] running install_lib
[1.086s] copying /home/jlukas/Desktop/My_Project/arduinobot_ws/build/arduinobot_py_examples/build/lib/arduinobot_py_examples/simple_publisher.py -> /home/jlukas/Desktop/My_Project/arduinobot_ws/install/arduinobot_py_examples/lib/python3.10/site-packages/arduinobot_py_examples
[1.087s] byte-compiling /home/jlukas/Desktop/My_Project/arduinobot_ws/install/arduinobot_py_examples/lib/python3.10/site-packages/arduinobot_py_examples/simple_publisher.py to simple_publisher.cpython-310.pyc
[1.088s] running install_data
[1.089s] running install_egg_info
[1.103s] removing '/home/jlukas/Desktop/My_Project/arduinobot_ws/install/arduinobot_py_examples/lib/python3.10/site-packages/arduinobot_py_examples-0.0.0-py3.10.egg-info' (and everything under it)
[1.104s] Copying ../../build/arduinobot_py_examples/arduinobot_py_examples.egg-info to /home/jlukas/Desktop/My_Project/arduinobot_ws/install/arduinobot_py_examples/lib/python3.10/site-packages/arduinobot_py_examples-0.0.0-py3.10.egg-info
[1.104s] running install_scripts
[1.120s] Installing simple_publisher script to /home/jlukas/Desktop/My_Project/arduinobot_ws/install/arduinobot_py_examples/lib/arduinobot_py_examples
[1.121s] writing list of installed files to '/home/jlukas/Desktop/My_Project/arduinobot_ws/build/arduinobot_py_examples/install.log'
[1.157s] Invoked command in '/home/jlukas/Desktop/My_Project/arduinobot_ws/src/arduinobot_py_examples' returned '0': PYTHONPATH=/home/jlukas/Desktop/My_Project/arduinobot_ws/build/arduinobot_py_examples/prefix_override:/home/jlukas/Desktop/My_Project/arduinobot_ws/install/arduinobot_py_examples/lib/python3.10/site-packages:${PYTHONPATH} /usr/bin/python3 setup.py egg_info --egg-base ../../build/arduinobot_py_examples build --build-base /home/jlukas/Desktop/My_Project/arduinobot_ws/build/arduinobot_py_examples/build install --record /home/jlukas/Desktop/My_Project/arduinobot_ws/build/arduinobot_py_examples/install.log --single-version-externally-managed
