[0.893s] Invoking command in '/home/jlukas/My_Project/ROS2/ros2_differential_drive_robot/src/ros2_differential_drive_robot': PYTHONPATH=/home/jlukas/My_Project/ROS2/ros2_differential_drive_robot/build/ros2_differential_drive_robot/prefix_override:/home/jlukas/My_Project/ROS2/ros2_differential_drive_robot/install/ros2_differential_drive_robot/lib/python3.10/site-packages:${PYTHONPATH} /usr/bin/python3 setup.py egg_info --egg-base ../../build/ros2_differential_drive_robot build --build-base /home/jlukas/My_Project/ROS2/ros2_differential_drive_robot/build/ros2_differential_drive_robot/build install --record /home/jlukas/My_Project/ROS2/ros2_differential_drive_robot/build/ros2_differential_drive_robot/install.log --single-version-externally-managed
[1.164s] running egg_info
[1.164s] writing ../../build/ros2_differential_drive_robot/ros2_differential_drive_robot.egg-info/PKG-INFO
[1.165s] writing dependency_links to ../../build/ros2_differential_drive_robot/ros2_differential_drive_robot.egg-info/dependency_links.txt
[1.165s] writing entry points to ../../build/ros2_differential_drive_robot/ros2_differential_drive_robot.egg-info/entry_points.txt
[1.165s] writing requirements to ../../build/ros2_differential_drive_robot/ros2_differential_drive_robot.egg-info/requires.txt
[1.165s] writing top-level names to ../../build/ros2_differential_drive_robot/ros2_differential_drive_robot.egg-info/top_level.txt
[1.168s] reading manifest file '../../build/ros2_differential_drive_robot/ros2_differential_drive_robot.egg-info/SOURCES.txt'
[1.170s] writing manifest file '../../build/ros2_differential_drive_robot/ros2_differential_drive_robot.egg-info/SOURCES.txt'
[1.170s] running build
[1.170s] running build_py
[1.171s] running install
[1.171s] /usr/lib/python3/dist-packages/setuptools/command/install.py:34: SetuptoolsDeprecationWarning: setup.py install is deprecated. Use build and pip and other standards-based tools.
[1.171s]   warnings.warn(
[1.171s] running install_lib
[1.172s] running install_data
[1.173s] copying launch/rsp.launch.py -> /home/jlukas/My_Project/ROS2/ros2_differential_drive_robot/install/ros2_differential_drive_robot/share/ros2_differential_drive_robot/launch
[1.173s] creating /home/jlukas/My_Project/ROS2/ros2_differential_drive_robot/install/ros2_differential_drive_robot/share/ros2_differential_drive_robot/description
[1.173s] copying description/lidar.xacro -> /home/jlukas/My_Project/ROS2/ros2_differential_drive_robot/install/ros2_differential_drive_robot/share/ros2_differential_drive_robot/description
[1.174s] copying description/camera.xacro -> /home/jlukas/My_Project/ROS2/ros2_differential_drive_robot/install/ros2_differential_drive_robot/share/ros2_differential_drive_robot/description
[1.174s] copying description/robot.urdf.xacro -> /home/jlukas/My_Project/ROS2/ros2_differential_drive_robot/install/ros2_differential_drive_robot/share/ros2_differential_drive_robot/description
[1.175s] copying description/gazebo_control.xacro -> /home/jlukas/My_Project/ROS2/ros2_differential_drive_robot/install/ros2_differential_drive_robot/share/ros2_differential_drive_robot/description
[1.175s] copying description/robot_core.xacro -> /home/jlukas/My_Project/ROS2/ros2_differential_drive_robot/install/ros2_differential_drive_robot/share/ros2_differential_drive_robot/description
[1.176s] copying description/inertial_macros.xacro -> /home/jlukas/My_Project/ROS2/ros2_differential_drive_robot/install/ros2_differential_drive_robot/share/ros2_differential_drive_robot/description
[1.176s] running install_egg_info
[1.178s] removing '/home/jlukas/My_Project/ROS2/ros2_differential_drive_robot/install/ros2_differential_drive_robot/lib/python3.10/site-packages/ros2_differential_drive_robot-0.0.0-py3.10.egg-info' (and everything under it)
[1.179s] Copying ../../build/ros2_differential_drive_robot/ros2_differential_drive_robot.egg-info to /home/jlukas/My_Project/ROS2/ros2_differential_drive_robot/install/ros2_differential_drive_robot/lib/python3.10/site-packages/ros2_differential_drive_robot-0.0.0-py3.10.egg-info
[1.180s] running install_scripts
[1.207s] Installing lidar_dynamic_obstacle script to /home/jlukas/My_Project/ROS2/ros2_differential_drive_robot/install/ros2_differential_drive_robot/lib/ros2_differential_drive_robot
[1.207s] Installing lidar_obstacle script to /home/jlukas/My_Project/ROS2/ros2_differential_drive_robot/install/ros2_differential_drive_robot/lib/ros2_differential_drive_robot
[1.208s] Installing lidar_obstacle_steer script to /home/jlukas/My_Project/ROS2/ros2_differential_drive_robot/install/ros2_differential_drive_robot/lib/ros2_differential_drive_robot
[1.208s] writing list of installed files to '/home/jlukas/My_Project/ROS2/ros2_differential_drive_robot/build/ros2_differential_drive_robot/install.log'
[1.247s] Invoked command in '/home/jlukas/My_Project/ROS2/ros2_differential_drive_robot/src/ros2_differential_drive_robot' returned '0': PYTHONPATH=/home/jlukas/My_Project/ROS2/ros2_differential_drive_robot/build/ros2_differential_drive_robot/prefix_override:/home/jlukas/My_Project/ROS2/ros2_differential_drive_robot/install/ros2_differential_drive_robot/lib/python3.10/site-packages:${PYTHONPATH} /usr/bin/python3 setup.py egg_info --egg-base ../../build/ros2_differential_drive_robot build --build-base /home/jlukas/My_Project/ROS2/ros2_differential_drive_robot/build/ros2_differential_drive_robot/build install --record /home/jlukas/My_Project/ROS2/ros2_differential_drive_robot/build/ros2_differential_drive_robot/install.log --single-version-externally-managed
