[4.238s] Invoking command in '/home/jlukas/ROS2/techdiffbot/build/serial': CMAKE_PREFIX_PATH=${CMAKE_PREFIX_PATH}:/home/jlukas/ROS2/techdiffbot/install/techdiffbot:/home/jlukas/Desktop/My_Project/ROS2/ros2_rpi_cv2/install/ros2_rpi_cv2:/home/jlukas/Desktop/My_Project/ROS2/rover/install/rover:/home/jlukas/Desktop/My_Project/ROS2/techdiffbot/install/techdiffbot:/opt/ros/humble /usr/bin/cmake --build /home/jlukas/ROS2/techdiffbot/build/serial -- -j4 -l4
[8.263s] [ 14%] Built target gtest_main
[8.314s] [ 35%] Built target gtest
[8.321s] [ 57%] Built target serial
[8.704s] [ 71%] Built target serial-test-timer
[8.706s] [ 85%] Built target serial_example
[8.928s] [100%] Built target serial-test
[13.901s] Invoked command in '/home/jlukas/ROS2/techdiffbot/build/serial' returned '0': CMAKE_PREFIX_PATH=${CMAKE_PREFIX_PATH}:/home/jlukas/ROS2/techdiffbot/install/techdiffbot:/home/jlukas/Desktop/My_Project/ROS2/ros2_rpi_cv2/install/ros2_rpi_cv2:/home/jlukas/Desktop/My_Project/ROS2/rover/install/rover:/home/jlukas/Desktop/My_Project/ROS2/techdiffbot/install/techdiffbot:/opt/ros/humble /usr/bin/cmake --build /home/jlukas/ROS2/techdiffbot/build/serial -- -j4 -l4
[14.467s] Invoking command in '/home/jlukas/ROS2/techdiffbot/build/serial': CMAKE_PREFIX_PATH=${CMAKE_PREFIX_PATH}:/home/jlukas/ROS2/techdiffbot/install/techdiffbot:/home/jlukas/Desktop/My_Project/ROS2/ros2_rpi_cv2/install/ros2_rpi_cv2:/home/jlukas/Desktop/My_Project/ROS2/rover/install/rover:/home/jlukas/Desktop/My_Project/ROS2/techdiffbot/install/techdiffbot:/opt/ros/humble /usr/bin/cmake --install /home/jlukas/ROS2/techdiffbot/build/serial
[14.562s] -- Install configuration: ""
[14.570s] -- Execute custom install script
[14.575s] -- Up-to-date symlink: /home/jlukas/ROS2/techdiffbot/install/serial/lib/libserial.a
[14.580s] -- Up-to-date symlink: /home/jlukas/ROS2/techdiffbot/install/serial/include/serial/serial.h
[14.584s] -- Up-to-date symlink: /home/jlukas/ROS2/techdiffbot/install/serial/include/serial/v8stdint.h
[14.589s] -- Up-to-date symlink: /home/jlukas/ROS2/techdiffbot/install/serial/share/serial/environment/library_path.sh
[14.599s] -- Up-to-date symlink: /home/jlukas/ROS2/techdiffbot/install/serial/share/serial/environment/library_path.dsv
[14.606s] -- Up-to-date symlink: /home/jlukas/ROS2/techdiffbot/install/serial/share/ament_index/resource_index/package_run_dependencies/serial
[14.612s] -- Up-to-date symlink: /home/jlukas/ROS2/techdiffbot/install/serial/share/ament_index/resource_index/parent_prefix_path/serial
[14.620s] -- Up-to-date symlink: /home/jlukas/ROS2/techdiffbot/install/serial/share/serial/environment/ament_prefix_path.sh
[14.626s] -- Up-to-date symlink: /home/jlukas/ROS2/techdiffbot/install/serial/share/serial/environment/ament_prefix_path.dsv
[14.635s] -- Up-to-date symlink: /home/jlukas/ROS2/techdiffbot/install/serial/share/serial/environment/path.sh
[14.640s] -- Up-to-date symlink: /home/jlukas/ROS2/techdiffbot/install/serial/share/serial/environment/path.dsv
[14.647s] -- Up-to-date symlink: /home/jlukas/ROS2/techdiffbot/install/serial/share/serial/local_setup.bash
[14.649s] -- Up-to-date symlink: /home/jlukas/ROS2/techdiffbot/install/serial/share/serial/local_setup.sh
[14.658s] -- Up-to-date symlink: /home/jlukas/ROS2/techdiffbot/install/serial/share/serial/local_setup.zsh
[14.659s] -- Up-to-date symlink: /home/jlukas/ROS2/techdiffbot/install/serial/share/serial/local_setup.dsv
[14.664s] -- Symlinking: /home/jlukas/ROS2/techdiffbot/install/serial/share/serial/package.dsv
[14.800s] -- Up-to-date symlink: /home/jlukas/ROS2/techdiffbot/install/serial/share/ament_index/resource_index/packages/serial
[14.804s] -- Up-to-date symlink: /home/jlukas/ROS2/techdiffbot/install/serial/share/serial/cmake/ament_cmake_export_include_directories-extras.cmake
[14.811s] -- Up-to-date symlink: /home/jlukas/ROS2/techdiffbot/install/serial/share/serial/cmake/ament_cmake_export_libraries-extras.cmake
[14.816s] -- Up-to-date symlink: /home/jlukas/ROS2/techdiffbot/install/serial/share/serial/cmake/serialConfig.cmake
[14.822s] -- Up-to-date symlink: /home/jlukas/ROS2/techdiffbot/install/serial/share/serial/cmake/serialConfig-version.cmake
[14.826s] -- Up-to-date symlink: /home/jlukas/ROS2/techdiffbot/install/serial/share/serial/package.xml
[14.852s] Invoked command in '/home/jlukas/ROS2/techdiffbot/build/serial' returned '0': CMAKE_PREFIX_PATH=${CMAKE_PREFIX_PATH}:/home/jlukas/ROS2/techdiffbot/install/techdiffbot:/home/jlukas/Desktop/My_Project/ROS2/ros2_rpi_cv2/install/ros2_rpi_cv2:/home/jlukas/Desktop/My_Project/ROS2/rover/install/rover:/home/jlukas/Desktop/My_Project/ROS2/techdiffbot/install/techdiffbot:/opt/ros/humble /usr/bin/cmake --install /home/jlukas/ROS2/techdiffbot/build/serial
