[3.629s] Invoking command in '/home/jlukas/ROS2/techdiffbot/build/serial': CMAKE_PREFIX_PATH=${CMAKE_PREFIX_PATH}:/home/jlukas/ROS2/techdiffbot/install/techdiffbot:/home/jlukas/Desktop/My_Project/ROS2/ros2_rpi_cv2/install/ros2_rpi_cv2:/home/jlukas/Desktop/My_Project/ROS2/rover/install/rover:/home/jlukas/Desktop/My_Project/ROS2/techdiffbot/install/techdiffbot:/home/jlukas/My_Project/ROS2/techdiffbot/install/techdiffbot:/opt/ros/humble /usr/bin/cmake /home/jlukas/ROS2/techdiffbot/src/serial -DAMENT_CMAKE_SYMLINK_INSTALL=1 -DCMAKE_INSTALL_PREFIX=/home/jlukas/ROS2/techdiffbot/install/serial
[14.282s] -- The C compiler identification is GNU 11.4.0
[15.837s] -- The CXX compiler identification is GNU 11.4.0
[15.973s] -- Detecting C compiler ABI info
[18.617s] -- Detecting C compiler ABI info - done
[18.712s] -- Check for working C compiler: /usr/bin/cc - skipped
[18.717s] -- Detecting C compile features
[18.726s] -- Detecting C compile features - done
[18.762s] -- Detecting CXX compiler ABI info
[20.116s] -- Detecting CXX compiler ABI info - done
[20.217s] -- Check for working CXX compiler: /usr/bin/c++ - skipped
[20.223s] -- Detecting CXX compile features
[20.233s] -- Detecting CXX compile features - done
[20.344s] -- Found ament_cmake: 1.3.6 (/opt/ros/humble/share/ament_cmake/cmake)
[23.230s] -- Found Python3: /usr/bin/python3.10 (found version "3.10.12") found components: Interpreter 
[24.133s] -- Override CMake install command with custom implementation using symlinks instead of copying resources
[25.358s] -- Found ament_cmake_gtest: 1.3.6 (/opt/ros/humble/share/ament_cmake_gtest/cmake)
[25.665s] -- Found Boost: /usr/lib/aarch64-linux-gnu/cmake/Boost-1.74.0/BoostConfig.cmake (found version "1.74.0")  
[25.802s] -- Found gtest sources under '/opt/ros/humble/src/gtest_vendor': C++ tests using 'Google Test' will be built
[25.838s] -- Looking for pthread.h
[27.340s] -- Looking for pthread.h - found
[27.347s] -- Performing Test CMAKE_HAVE_LIBC_PTHREAD
[28.536s] -- Performing Test CMAKE_HAVE_LIBC_PTHREAD - Success
[28.553s] -- Found Threads: TRUE  
[29.884s] -- Configuring done
[30.113s] -- Generating done
[30.171s] -- Build files have been written to: /home/jlukas/ROS2/techdiffbot/build/serial
[30.402s] Invoked command in '/home/jlukas/ROS2/techdiffbot/build/serial' returned '0': CMAKE_PREFIX_PATH=${CMAKE_PREFIX_PATH}:/home/jlukas/ROS2/techdiffbot/install/techdiffbot:/home/jlukas/Desktop/My_Project/ROS2/ros2_rpi_cv2/install/ros2_rpi_cv2:/home/jlukas/Desktop/My_Project/ROS2/rover/install/rover:/home/jlukas/Desktop/My_Project/ROS2/techdiffbot/install/techdiffbot:/home/jlukas/My_Project/ROS2/techdiffbot/install/techdiffbot:/opt/ros/humble /usr/bin/cmake /home/jlukas/ROS2/techdiffbot/src/serial -DAMENT_CMAKE_SYMLINK_INSTALL=1 -DCMAKE_INSTALL_PREFIX=/home/jlukas/ROS2/techdiffbot/install/serial
[30.425s] Invoking command in '/home/jlukas/ROS2/techdiffbot/build/serial': CMAKE_PREFIX_PATH=${CMAKE_PREFIX_PATH}:/home/jlukas/ROS2/techdiffbot/install/techdiffbot:/home/jlukas/Desktop/My_Project/ROS2/ros2_rpi_cv2/install/ros2_rpi_cv2:/home/jlukas/Desktop/My_Project/ROS2/rover/install/rover:/home/jlukas/Desktop/My_Project/ROS2/techdiffbot/install/techdiffbot:/home/jlukas/My_Project/ROS2/techdiffbot/install/techdiffbot:/opt/ros/humble /usr/bin/cmake --build /home/jlukas/ROS2/techdiffbot/build/serial -- -j4 -l4
[30.971s] [  7%] [32mBuilding CXX object CMakeFiles/serial.dir/src/serial.cc.o[0m
[31.007s] [ 14%] [32mBuilding CXX object gtest/CMakeFiles/gtest.dir/src/gtest-all.cc.o[0m
[31.013s] [ 21%] [32mBuilding CXX object CMakeFiles/serial.dir/src/impl/unix.cc.o[0m
[31.052s] [ 28%] [32mBuilding CXX object gtest/CMakeFiles/gtest_main.dir/src/gtest_main.cc.o[0m
[65.732s] [ 35%] [32mBuilding CXX object CMakeFiles/serial.dir/src/impl/list_ports/list_ports_linux.cc.o[0m
[95.037s] [ 42%] [32m[1mLinking CXX static library libserial.a[0m
[95.767s] [ 42%] Built target serial
[250.430s] [ 50%] [32m[1mLinking CXX static library libgtest_main.a[0m
[250.597s] [ 50%] Built target gtest_main
[495.661s] [ 57%] [32m[1mLinking CXX static library libgtest.a[0m
[496.445s] [ 57%] Built target gtest
[496.767s] [ 64%] [32mBuilding CXX object CMakeFiles/serial_example.dir/examples/serial_example.cc.o[0m
[510.389s] [ 71%] [32m[1mLinking CXX executable serial_example[0m
[512.132s] [ 71%] Built target serial_example
[512.572s] [ 78%] [32mBuilding CXX object tests/CMakeFiles/serial-test-timer.dir/unit/unix_timer_tests.cc.o[0m
[557.817s] [ 85%] [32m[1mLinking CXX executable serial-test-timer[0m
[560.049s] [ 85%] Built target serial-test-timer
[560.527s] [ 92%] [32mBuilding CXX object tests/CMakeFiles/serial-test.dir/unix_serial_tests.cc.o[0m
[587.078s] In file included from [01m[K/usr/include/boost/bind.hpp:30[m[K,
[587.208s]                  from [01m[K/home/jlukas/ROS2/techdiffbot/src/serial/tests/unix_serial_tests.cc:23[m[K:
[587.217s] [01m[K/usr/include/boost/bind.hpp:36:1:[m[K [01;36m[Knote: [m[K‘[01m[K#pragma message: The practice of declaring the Bind placeholders (_1, _2, ...) in the global namespace is deprecated. Please use <boost/bind/bind.hpp> + using namespace boost::placeholders, or define BOOST_BIND_GLOBAL_PLACEHOLDERS to retain the current behavior.[m[K’
[587.218s]    36 | [01;36m[KBOOST_PRAGMA_MESSAGE[m[K(
[587.220s]       | [01;36m[K^~~~~~~~~~~~~~~~~~~~[m[K
[595.970s] [100%] [32m[1mLinking CXX executable serial-test[0m
[598.531s] [100%] Built target serial-test
[599.707s] Invoked command in '/home/jlukas/ROS2/techdiffbot/build/serial' returned '0': CMAKE_PREFIX_PATH=${CMAKE_PREFIX_PATH}:/home/jlukas/ROS2/techdiffbot/install/techdiffbot:/home/jlukas/Desktop/My_Project/ROS2/ros2_rpi_cv2/install/ros2_rpi_cv2:/home/jlukas/Desktop/My_Project/ROS2/rover/install/rover:/home/jlukas/Desktop/My_Project/ROS2/techdiffbot/install/techdiffbot:/home/jlukas/My_Project/ROS2/techdiffbot/install/techdiffbot:/opt/ros/humble /usr/bin/cmake --build /home/jlukas/ROS2/techdiffbot/build/serial -- -j4 -l4
[601.092s] Invoking command in '/home/jlukas/ROS2/techdiffbot/build/serial': CMAKE_PREFIX_PATH=${CMAKE_PREFIX_PATH}:/home/jlukas/ROS2/techdiffbot/install/techdiffbot:/home/jlukas/Desktop/My_Project/ROS2/ros2_rpi_cv2/install/ros2_rpi_cv2:/home/jlukas/Desktop/My_Project/ROS2/rover/install/rover:/home/jlukas/Desktop/My_Project/ROS2/techdiffbot/install/techdiffbot:/home/jlukas/My_Project/ROS2/techdiffbot/install/techdiffbot:/opt/ros/humble /usr/bin/cmake --install /home/jlukas/ROS2/techdiffbot/build/serial
[601.176s] -- Install configuration: ""
[601.199s] -- Execute custom install script
[601.208s] -- Symlinking: /home/jlukas/ROS2/techdiffbot/install/serial/lib/libserial.a
[601.306s] -- Symlinking: /home/jlukas/ROS2/techdiffbot/install/serial/include/serial/serial.h
[601.396s] -- Symlinking: /home/jlukas/ROS2/techdiffbot/install/serial/include/serial/v8stdint.h
[601.513s] -- Symlinking: /home/jlukas/ROS2/techdiffbot/install/serial/share/serial/environment/library_path.sh
[601.621s] -- Symlinking: /home/jlukas/ROS2/techdiffbot/install/serial/share/serial/environment/library_path.dsv
[601.752s] -- Symlinking: /home/jlukas/ROS2/techdiffbot/install/serial/share/ament_index/resource_index/package_run_dependencies/serial
[601.862s] -- Symlinking: /home/jlukas/ROS2/techdiffbot/install/serial/share/ament_index/resource_index/parent_prefix_path/serial
[601.979s] -- Symlinking: /home/jlukas/ROS2/techdiffbot/install/serial/share/serial/environment/ament_prefix_path.sh
[602.075s] -- Symlinking: /home/jlukas/ROS2/techdiffbot/install/serial/share/serial/environment/ament_prefix_path.dsv
[602.170s] -- Symlinking: /home/jlukas/ROS2/techdiffbot/install/serial/share/serial/environment/path.sh
[602.262s] -- Symlinking: /home/jlukas/ROS2/techdiffbot/install/serial/share/serial/environment/path.dsv
[602.359s] -- Symlinking: /home/jlukas/ROS2/techdiffbot/install/serial/share/serial/local_setup.bash
[602.455s] -- Symlinking: /home/jlukas/ROS2/techdiffbot/install/serial/share/serial/local_setup.sh
[602.556s] -- Symlinking: /home/jlukas/ROS2/techdiffbot/install/serial/share/serial/local_setup.zsh
[602.657s] -- Symlinking: /home/jlukas/ROS2/techdiffbot/install/serial/share/serial/local_setup.dsv
[602.756s] -- Symlinking: /home/jlukas/ROS2/techdiffbot/install/serial/share/serial/package.dsv
[602.855s] -- Symlinking: /home/jlukas/ROS2/techdiffbot/install/serial/share/ament_index/resource_index/packages/serial
[602.956s] -- Symlinking: /home/jlukas/ROS2/techdiffbot/install/serial/share/serial/cmake/ament_cmake_export_include_directories-extras.cmake
[603.056s] -- Symlinking: /home/jlukas/ROS2/techdiffbot/install/serial/share/serial/cmake/ament_cmake_export_libraries-extras.cmake
[603.155s] -- Symlinking: /home/jlukas/ROS2/techdiffbot/install/serial/share/serial/cmake/serialConfig.cmake
[603.252s] -- Symlinking: /home/jlukas/ROS2/techdiffbot/install/serial/share/serial/cmake/serialConfig-version.cmake
[603.348s] -- Symlinking: /home/jlukas/ROS2/techdiffbot/install/serial/share/serial/package.xml
[603.509s] Invoked command in '/home/jlukas/ROS2/techdiffbot/build/serial' returned '0': CMAKE_PREFIX_PATH=${CMAKE_PREFIX_PATH}:/home/jlukas/ROS2/techdiffbot/install/techdiffbot:/home/jlukas/Desktop/My_Project/ROS2/ros2_rpi_cv2/install/ros2_rpi_cv2:/home/jlukas/Desktop/My_Project/ROS2/rover/install/rover:/home/jlukas/Desktop/My_Project/ROS2/techdiffbot/install/techdiffbot:/home/jlukas/My_Project/ROS2/techdiffbot/install/techdiffbot:/opt/ros/humble /usr/bin/cmake --install /home/jlukas/ROS2/techdiffbot/build/serial
