[0.159s] Invoking command in '/home/jlukas/Desktop/My_Project/ROS2/techdiffbot/build/visualization_marker_tutorials': CMAKE_PREFIX_PATH=${CMAKE_PREFIX_PATH}:/home/jlukas/Desktop/My_Project/ROS2/techdiffbot/install/techdiffbot:/home/jlukas/Desktop/My_Project/ROS2/ros2_rpi_cv2/install/ros2_rpi_cv2:/home/jlukas/Desktop/My_Project/ROS2/rover/install/rover:/opt/ros/humble /usr/bin/cmake /home/jlukas/Desktop/My_Project/ROS2/techdiffbot/src/visualization_tutorials/visualization_marker_tutorials -DAMENT_CMAKE_SYMLINK_INSTALL=1 -DCMAKE_INSTALL_PREFIX=/home/jlukas/Desktop/My_Project/ROS2/techdiffbot/install/visualization_marker_tutorials
[0.255s] -- The C compiler identification is GNU 11.4.0
[0.361s] -- The CXX compiler identification is GNU 11.4.0
[0.367s] -- Detecting C compiler ABI info
[0.489s] -- Detecting C compiler ABI info - done
[0.500s] -- Check for working C compiler: /usr/bin/cc - skipped
[0.500s] -- Detecting C compile features
[0.501s] -- Detecting C compile features - done
[0.504s] -- Detecting CXX compiler ABI info
[0.644s] -- Detecting CXX compiler ABI info - done
[0.662s] -- Check for working CXX compiler: /usr/bin/c++ - skipped
[0.662s] -- Detecting CXX compile features
[0.663s] -- Detecting CXX compile features - done
[0.677s] -- Found ament_cmake: 1.3.5 (/opt/ros/humble/share/ament_cmake/cmake)
[0.911s] -- Found Python3: /usr/bin/python3.10 (found version "3.10.12") found components: Interpreter 
[1.008s] -- Override CMake install command with custom implementation using symlinks instead of copying resources
[1.071s] -- Found rclcpp: 16.0.6 (/opt/ros/humble/share/rclcpp/cmake)
[1.142s] -- Found rosidl_generator_c: 3.1.5 (/opt/ros/humble/share/rosidl_generator_c/cmake)
[1.155s] -- Found rosidl_adapter: 3.1.5 (/opt/ros/humble/share/rosidl_adapter/cmake)
[1.166s] -- Found rosidl_generator_cpp: 3.1.5 (/opt/ros/humble/share/rosidl_generator_cpp/cmake)
[1.187s] -- Using all available rosidl_typesupport_c: rosidl_typesupport_fastrtps_c;rosidl_typesupport_introspection_c
[1.223s] -- Using all available rosidl_typesupport_cpp: rosidl_typesupport_fastrtps_cpp;rosidl_typesupport_introspection_cpp
[1.317s] -- Found rmw_implementation_cmake: 6.1.1 (/opt/ros/humble/share/rmw_implementation_cmake/cmake)
[1.322s] -- Found rmw_fastrtps_cpp: 6.2.4 (/opt/ros/humble/share/rmw_fastrtps_cpp/cmake)
[1.479s] -- Found OpenSSL: /usr/lib/x86_64-linux-gnu/libcrypto.so (found version "3.0.2")  
[1.511s] -- Found FastRTPS: /opt/ros/humble/include  
[1.576s] -- Using RMW implementation 'rmw_fastrtps_cpp' as default
[1.590s] -- Looking for pthread.h
[1.707s] -- Looking for pthread.h - found
[1.708s] -- Performing Test CMAKE_HAVE_LIBC_PTHREAD
[1.843s] -- Performing Test CMAKE_HAVE_LIBC_PTHREAD - Success
[1.845s] -- Found Threads: TRUE  
[2.069s] -- Found geometry_msgs: 4.2.3 (/opt/ros/humble/share/geometry_msgs/cmake)
[2.137s] -- Found visualization_msgs: 4.2.3 (/opt/ros/humble/share/visualization_msgs/cmake)
[2.456s] -- Found ament_lint_auto: 0.12.8 (/opt/ros/humble/share/ament_lint_auto/cmake)
[2.590s] -- Added test 'copyright' to check source files copyright and LICENSE
[2.591s] -- Added test 'cppcheck' to perform static code analysis on C / C++ code
[2.592s] -- Configured cppcheck include dirs: 
[2.592s] -- Configured cppcheck exclude dirs and/or files: 
[2.593s] -- Added test 'cpplint' to check C / C++ code against the Google style
[2.593s] -- Configured cpplint exclude dirs and/or files: 
[2.605s] -- Added test 'flake8' to check Python code syntax and style conventions
[2.611s] -- Added test 'lint_cmake' to check CMake code style
[2.612s] -- Added test 'pep257' to check Python code against some of the docstring style conventions in PEP 257
[2.619s] -- Added test 'uncrustify' to check C / C++ code style
[2.619s] -- Configured uncrustify additional arguments: 
[2.628s] -- Added test 'xmllint' to check XML markup files
[2.631s] -- Configuring done
[2.720s] -- Generating done
[2.733s] -- Build files have been written to: /home/jlukas/Desktop/My_Project/ROS2/techdiffbot/build/visualization_marker_tutorials
[2.748s] Invoked command in '/home/jlukas/Desktop/My_Project/ROS2/techdiffbot/build/visualization_marker_tutorials' returned '0': CMAKE_PREFIX_PATH=${CMAKE_PREFIX_PATH}:/home/jlukas/Desktop/My_Project/ROS2/techdiffbot/install/techdiffbot:/home/jlukas/Desktop/My_Project/ROS2/ros2_rpi_cv2/install/ros2_rpi_cv2:/home/jlukas/Desktop/My_Project/ROS2/rover/install/rover:/opt/ros/humble /usr/bin/cmake /home/jlukas/Desktop/My_Project/ROS2/techdiffbot/src/visualization_tutorials/visualization_marker_tutorials -DAMENT_CMAKE_SYMLINK_INSTALL=1 -DCMAKE_INSTALL_PREFIX=/home/jlukas/Desktop/My_Project/ROS2/techdiffbot/install/visualization_marker_tutorials
[2.752s] Invoking command in '/home/jlukas/Desktop/My_Project/ROS2/techdiffbot/build/visualization_marker_tutorials': CMAKE_PREFIX_PATH=${CMAKE_PREFIX_PATH}:/home/jlukas/Desktop/My_Project/ROS2/techdiffbot/install/techdiffbot:/home/jlukas/Desktop/My_Project/ROS2/ros2_rpi_cv2/install/ros2_rpi_cv2:/home/jlukas/Desktop/My_Project/ROS2/rover/install/rover:/opt/ros/humble /usr/bin/cmake --build /home/jlukas/Desktop/My_Project/ROS2/techdiffbot/build/visualization_marker_tutorials -- -j4 -l4
[2.851s] [ 25%] [32mBuilding CXX object CMakeFiles/points_and_lines.dir/src/points_and_lines.cpp.o[0m
[2.869s] [ 50%] [32mBuilding CXX object CMakeFiles/basic_shapes.dir/src/basic_shapes.cpp.o[0m
[20.537s] [ 75%] [32m[1mLinking CXX executable basic_shapes[0m
[20.762s] [100%] [32m[1mLinking CXX executable points_and_lines[0m
[21.527s] [100%] Built target basic_shapes
[21.896s] [100%] Built target points_and_lines
[21.971s] Invoked command in '/home/jlukas/Desktop/My_Project/ROS2/techdiffbot/build/visualization_marker_tutorials' returned '0': CMAKE_PREFIX_PATH=${CMAKE_PREFIX_PATH}:/home/jlukas/Desktop/My_Project/ROS2/techdiffbot/install/techdiffbot:/home/jlukas/Desktop/My_Project/ROS2/ros2_rpi_cv2/install/ros2_rpi_cv2:/home/jlukas/Desktop/My_Project/ROS2/rover/install/rover:/opt/ros/humble /usr/bin/cmake --build /home/jlukas/Desktop/My_Project/ROS2/techdiffbot/build/visualization_marker_tutorials -- -j4 -l4
[22.428s] Invoking command in '/home/jlukas/Desktop/My_Project/ROS2/techdiffbot/build/visualization_marker_tutorials': CMAKE_PREFIX_PATH=${CMAKE_PREFIX_PATH}:/home/jlukas/Desktop/My_Project/ROS2/techdiffbot/install/techdiffbot:/home/jlukas/Desktop/My_Project/ROS2/ros2_rpi_cv2/install/ros2_rpi_cv2:/home/jlukas/Desktop/My_Project/ROS2/rover/install/rover:/opt/ros/humble /usr/bin/cmake --install /home/jlukas/Desktop/My_Project/ROS2/techdiffbot/build/visualization_marker_tutorials
[22.472s] -- Install configuration: ""
[22.474s] -- Execute custom install script
[22.475s] -- Symlinking: /home/jlukas/Desktop/My_Project/ROS2/techdiffbot/install/visualization_marker_tutorials/lib/visualization_marker_tutorials/basic_shapes
[22.751s] -- Symlinking: /home/jlukas/Desktop/My_Project/ROS2/techdiffbot/install/visualization_marker_tutorials/lib/visualization_marker_tutorials/points_and_lines
[23.062s] -- Symlinking: /home/jlukas/Desktop/My_Project/ROS2/techdiffbot/install/visualization_marker_tutorials/share/ament_index/resource_index/package_run_dependencies/visualization_marker_tutorials
[23.389s] -- Symlinking: /home/jlukas/Desktop/My_Project/ROS2/techdiffbot/install/visualization_marker_tutorials/share/ament_index/resource_index/parent_prefix_path/visualization_marker_tutorials
[24.102s] -- Symlinking: /home/jlukas/Desktop/My_Project/ROS2/techdiffbot/install/visualization_marker_tutorials/share/visualization_marker_tutorials/environment/ament_prefix_path.sh
[24.272s] -- Symlinking: /home/jlukas/Desktop/My_Project/ROS2/techdiffbot/install/visualization_marker_tutorials/share/visualization_marker_tutorials/environment/ament_prefix_path.dsv
[24.506s] -- Symlinking: /home/jlukas/Desktop/My_Project/ROS2/techdiffbot/install/visualization_marker_tutorials/share/visualization_marker_tutorials/environment/path.sh
[25.132s] -- Symlinking: /home/jlukas/Desktop/My_Project/ROS2/techdiffbot/install/visualization_marker_tutorials/share/visualization_marker_tutorials/environment/path.dsv
[25.547s] -- Symlinking: /home/jlukas/Desktop/My_Project/ROS2/techdiffbot/install/visualization_marker_tutorials/share/visualization_marker_tutorials/local_setup.bash
[26.200s] -- Symlinking: /home/jlukas/Desktop/My_Project/ROS2/techdiffbot/install/visualization_marker_tutorials/share/visualization_marker_tutorials/local_setup.sh
[26.248s] -- Symlinking: /home/jlukas/Desktop/My_Project/ROS2/techdiffbot/install/visualization_marker_tutorials/share/visualization_marker_tutorials/local_setup.zsh
[26.306s] -- Symlinking: /home/jlukas/Desktop/My_Project/ROS2/techdiffbot/install/visualization_marker_tutorials/share/visualization_marker_tutorials/local_setup.dsv
[26.349s] -- Symlinking: /home/jlukas/Desktop/My_Project/ROS2/techdiffbot/install/visualization_marker_tutorials/share/visualization_marker_tutorials/package.dsv
[26.799s] -- Symlinking: /home/jlukas/Desktop/My_Project/ROS2/techdiffbot/install/visualization_marker_tutorials/share/ament_index/resource_index/packages/visualization_marker_tutorials
[26.833s] -- Symlinking: /home/jlukas/Desktop/My_Project/ROS2/techdiffbot/install/visualization_marker_tutorials/share/visualization_marker_tutorials/cmake/ament_cmake_export_dependencies-extras.cmake
[26.880s] -- Symlinking: /home/jlukas/Desktop/My_Project/ROS2/techdiffbot/install/visualization_marker_tutorials/share/visualization_marker_tutorials/cmake/visualization_marker_tutorialsConfig.cmake
[26.928s] -- Symlinking: /home/jlukas/Desktop/My_Project/ROS2/techdiffbot/install/visualization_marker_tutorials/share/visualization_marker_tutorials/cmake/visualization_marker_tutorialsConfig-version.cmake
[26.979s] -- Symlinking: /home/jlukas/Desktop/My_Project/ROS2/techdiffbot/install/visualization_marker_tutorials/share/visualization_marker_tutorials/package.xml
[27.030s] Invoked command in '/home/jlukas/Desktop/My_Project/ROS2/techdiffbot/build/visualization_marker_tutorials' returned '0': CMAKE_PREFIX_PATH=${CMAKE_PREFIX_PATH}:/home/jlukas/Desktop/My_Project/ROS2/techdiffbot/install/techdiffbot:/home/jlukas/Desktop/My_Project/ROS2/ros2_rpi_cv2/install/ros2_rpi_cv2:/home/jlukas/Desktop/My_Project/ROS2/rover/install/rover:/opt/ros/humble /usr/bin/cmake --install /home/jlukas/Desktop/My_Project/ROS2/techdiffbot/build/visualization_marker_tutorials
