[3.079s] Invoking command in '/home/jlukas/Desktop/My_Project/ROS2/techdiffbot/build/interactive_marker_tutorials': CMAKE_PREFIX_PATH=${CMAKE_PREFIX_PATH}:/home/jlukas/Desktop/My_Project/ROS2/techdiffbot/install/techdiffbot:/home/jlukas/Desktop/My_Project/ROS2/ros2_rpi_cv2/install/ros2_rpi_cv2:/home/jlukas/Desktop/My_Project/ROS2/rover/install/rover:/opt/ros/humble /usr/bin/cmake --build /home/jlukas/Desktop/My_Project/ROS2/techdiffbot/build/interactive_marker_tutorials -- -j4 -l4
[3.591s] [ 14%] Built target basic_controls
[3.599s] [ 28%] Built target cube
[3.609s] [ 42%] Built target simple_marker
[3.667s] [ 57%] Built target selection
[3.869s] [ 71%] Built target menu
[3.889s] [ 85%] Built target pong
[3.916s] [100%] Built target pong_library
[3.985s] Invoked command in '/home/jlukas/Desktop/My_Project/ROS2/techdiffbot/build/interactive_marker_tutorials' returned '0': CMAKE_PREFIX_PATH=${CMAKE_PREFIX_PATH}:/home/jlukas/Desktop/My_Project/ROS2/techdiffbot/install/techdiffbot:/home/jlukas/Desktop/My_Project/ROS2/ros2_rpi_cv2/install/ros2_rpi_cv2:/home/jlukas/Desktop/My_Project/ROS2/rover/install/rover:/opt/ros/humble /usr/bin/cmake --build /home/jlukas/Desktop/My_Project/ROS2/techdiffbot/build/interactive_marker_tutorials -- -j4 -l4
[4.510s] Invoking command in '/home/jlukas/Desktop/My_Project/ROS2/techdiffbot/build/interactive_marker_tutorials': CMAKE_PREFIX_PATH=${CMAKE_PREFIX_PATH}:/home/jlukas/Desktop/My_Project/ROS2/techdiffbot/install/techdiffbot:/home/jlukas/Desktop/My_Project/ROS2/ros2_rpi_cv2/install/ros2_rpi_cv2:/home/jlukas/Desktop/My_Project/ROS2/rover/install/rover:/opt/ros/humble /usr/bin/cmake --install /home/jlukas/Desktop/My_Project/ROS2/techdiffbot/build/interactive_marker_tutorials
[4.554s] -- Install configuration: ""
[4.556s] -- Up-to-date: /home/jlukas/Desktop/My_Project/ROS2/techdiffbot/install/interactive_marker_tutorials/lib/interactive_marker_tutorials/pong
[4.558s] -- Up-to-date: /home/jlukas/Desktop/My_Project/ROS2/techdiffbot/install/interactive_marker_tutorials/bin/basic_controls.py
[4.559s] -- Up-to-date: /home/jlukas/Desktop/My_Project/ROS2/techdiffbot/install/interactive_marker_tutorials/bin/cube.py
[4.559s] -- Up-to-date: /home/jlukas/Desktop/My_Project/ROS2/techdiffbot/install/interactive_marker_tutorials/bin/menu.py
[4.560s] -- Up-to-date: /home/jlukas/Desktop/My_Project/ROS2/techdiffbot/install/interactive_marker_tutorials/bin/simple_marker.py
[4.561s] -- Up-to-date: /home/jlukas/Desktop/My_Project/ROS2/techdiffbot/install/interactive_marker_tutorials/lib/libpong_library.so
[4.564s] -- Up-to-date: /home/jlukas/Desktop/My_Project/ROS2/techdiffbot/install/interactive_marker_tutorials/lib/interactive_marker_tutorials/basic_controls
[4.567s] -- Up-to-date: /home/jlukas/Desktop/My_Project/ROS2/techdiffbot/install/interactive_marker_tutorials/lib/interactive_marker_tutorials/cube
[4.577s] -- Up-to-date: /home/jlukas/Desktop/My_Project/ROS2/techdiffbot/install/interactive_marker_tutorials/lib/interactive_marker_tutorials/selection
[4.599s] -- Up-to-date: /home/jlukas/Desktop/My_Project/ROS2/techdiffbot/install/interactive_marker_tutorials/lib/interactive_marker_tutorials/simple_marker
[4.604s] -- Up-to-date: /home/jlukas/Desktop/My_Project/ROS2/techdiffbot/install/interactive_marker_tutorials/lib/interactive_marker_tutorials/menu
[4.612s] -- Up-to-date: /home/jlukas/Desktop/My_Project/ROS2/techdiffbot/install/interactive_marker_tutorials/share/ament_index/resource_index/package_run_dependencies/interactive_marker_tutorials
[4.614s] -- Up-to-date: /home/jlukas/Desktop/My_Project/ROS2/techdiffbot/install/interactive_marker_tutorials/share/ament_index/resource_index/parent_prefix_path/interactive_marker_tutorials
[4.616s] -- Up-to-date: /home/jlukas/Desktop/My_Project/ROS2/techdiffbot/install/interactive_marker_tutorials/share/interactive_marker_tutorials/environment/ament_prefix_path.sh
[4.618s] -- Up-to-date: /home/jlukas/Desktop/My_Project/ROS2/techdiffbot/install/interactive_marker_tutorials/share/interactive_marker_tutorials/environment/ament_prefix_path.dsv
[4.619s] -- Up-to-date: /home/jlukas/Desktop/My_Project/ROS2/techdiffbot/install/interactive_marker_tutorials/share/interactive_marker_tutorials/environment/path.sh
[4.622s] -- Up-to-date: /home/jlukas/Desktop/My_Project/ROS2/techdiffbot/install/interactive_marker_tutorials/share/interactive_marker_tutorials/environment/path.dsv
[4.622s] -- Up-to-date: /home/jlukas/Desktop/My_Project/ROS2/techdiffbot/install/interactive_marker_tutorials/share/interactive_marker_tutorials/local_setup.bash
[4.623s] -- Up-to-date: /home/jlukas/Desktop/My_Project/ROS2/techdiffbot/install/interactive_marker_tutorials/share/interactive_marker_tutorials/local_setup.sh
[4.624s] -- Up-to-date: /home/jlukas/Desktop/My_Project/ROS2/techdiffbot/install/interactive_marker_tutorials/share/interactive_marker_tutorials/local_setup.zsh
[4.625s] -- Up-to-date: /home/jlukas/Desktop/My_Project/ROS2/techdiffbot/install/interactive_marker_tutorials/share/interactive_marker_tutorials/local_setup.dsv
[4.626s] -- Installing: /home/jlukas/Desktop/My_Project/ROS2/techdiffbot/install/interactive_marker_tutorials/share/interactive_marker_tutorials/package.dsv
[4.629s] -- Up-to-date: /home/jlukas/Desktop/My_Project/ROS2/techdiffbot/install/interactive_marker_tutorials/share/ament_index/resource_index/packages/interactive_marker_tutorials
[4.630s] -- Up-to-date: /home/jlukas/Desktop/My_Project/ROS2/techdiffbot/install/interactive_marker_tutorials/share/ament_index/resource_index/rclcpp_components/interactive_marker_tutorials
[4.631s] -- Up-to-date: /home/jlukas/Desktop/My_Project/ROS2/techdiffbot/install/interactive_marker_tutorials/share/interactive_marker_tutorials/cmake/ament_cmake_export_dependencies-extras.cmake
[4.632s] -- Up-to-date: /home/jlukas/Desktop/My_Project/ROS2/techdiffbot/install/interactive_marker_tutorials/share/interactive_marker_tutorials/cmake/interactive_marker_tutorialsConfig.cmake
[4.632s] -- Up-to-date: /home/jlukas/Desktop/My_Project/ROS2/techdiffbot/install/interactive_marker_tutorials/share/interactive_marker_tutorials/cmake/interactive_marker_tutorialsConfig-version.cmake
[4.633s] -- Up-to-date: /home/jlukas/Desktop/My_Project/ROS2/techdiffbot/install/interactive_marker_tutorials/share/interactive_marker_tutorials/package.xml
[6.015s] Invoked command in '/home/jlukas/Desktop/My_Project/ROS2/techdiffbot/build/interactive_marker_tutorials' returned '0': CMAKE_PREFIX_PATH=${CMAKE_PREFIX_PATH}:/home/jlukas/Desktop/My_Project/ROS2/techdiffbot/install/techdiffbot:/home/jlukas/Desktop/My_Project/ROS2/ros2_rpi_cv2/install/ros2_rpi_cv2:/home/jlukas/Desktop/My_Project/ROS2/rover/install/rover:/opt/ros/humble /usr/bin/cmake --install /home/jlukas/Desktop/My_Project/ROS2/techdiffbot/build/interactive_marker_tutorials
