running egg_info
writing ../../build/techdiffbot/techdiffbot.egg-info/PKG-INFO
writing dependency_links to ../../build/techdiffbot/techdiffbot.egg-info/dependency_links.txt
writing entry points to ../../build/techdiffbot/techdiffbot.egg-info/entry_points.txt
writing requirements to ../../build/techdiffbot/techdiffbot.egg-info/requires.txt
writing top-level names to ../../build/techdiffbot/techdiffbot.egg-info/top_level.txt
reading manifest file '../../build/techdiffbot/techdiffbot.egg-info/SOURCES.txt'
writing manifest file '../../build/techdiffbot/techdiffbot.egg-info/SOURCES.txt'
running build
running build_py
running install
running install_lib
running install_data
copying urdf/core.robot.xacro -> /home/jlukas/My_Project/ROS2/techdiffbot/install/techdiffbot/share/techdiffbot/urdf
copying urdf/diff.robot.urdf.xacro -> /home/jlukas/My_Project/ROS2/techdiffbot/install/techdiffbot/share/techdiffbot/urdf
running install_egg_info
removing '/home/jlukas/My_Project/ROS2/techdiffbot/install/techdiffbot/lib/python3.10/site-packages/techdiffbot-0.0.0-py3.10.egg-info' (and everything under it)
Copying ../../build/techdiffbot/techdiffbot.egg-info to /home/jlukas/My_Project/ROS2/techdiffbot/install/techdiffbot/lib/python3.10/site-packages/techdiffbot-0.0.0-py3.10.egg-info
running install_scripts
writing list of installed files to '/home/jlukas/My_Project/ROS2/techdiffbot/build/techdiffbot/install.log'
