[0.763s] Invoking command in '/home/jlukas/My_Project/ROS2/techdiffbot/src/techdiffbot': PYTHONPATH=/home/jlukas/My_Project/ROS2/techdiffbot/build/techdiffbot/prefix_override:/home/jlukas/My_Project/ROS2/techdiffbot/install/techdiffbot/lib/python3.10/site-packages:${PYTHONPATH} /usr/bin/python3 setup.py egg_info --egg-base ../../build/techdiffbot build --build-base /home/jlukas/My_Project/ROS2/techdiffbot/build/techdiffbot/build install --record /home/jlukas/My_Project/ROS2/techdiffbot/build/techdiffbot/install.log --single-version-externally-managed
[0.971s] running egg_info
[0.972s] writing ../../build/techdiffbot/techdiffbot.egg-info/PKG-INFO
[0.972s] writing dependency_links to ../../build/techdiffbot/techdiffbot.egg-info/dependency_links.txt
[0.972s] writing entry points to ../../build/techdiffbot/techdiffbot.egg-info/entry_points.txt
[0.973s] writing requirements to ../../build/techdiffbot/techdiffbot.egg-info/requires.txt
[0.973s] writing top-level names to ../../build/techdiffbot/techdiffbot.egg-info/top_level.txt
[0.974s] reading manifest file '../../build/techdiffbot/techdiffbot.egg-info/SOURCES.txt'
[0.975s] writing manifest file '../../build/techdiffbot/techdiffbot.egg-info/SOURCES.txt'
[0.975s] running build
[0.976s] running build_py
[0.976s] running install
[0.976s] /usr/lib/python3/dist-packages/setuptools/command/install.py:34: SetuptoolsDeprecationWarning: setup.py install is deprecated. Use build and pip and other standards-based tools.
[0.976s]   warnings.warn(
[0.976s] running install_lib
[0.977s] running install_data
[0.978s] copying urdf/core.robot.xacro -> /home/jlukas/My_Project/ROS2/techdiffbot/install/techdiffbot/share/techdiffbot/urdf
[0.978s] copying urdf/diff.robot.urdf.xacro -> /home/jlukas/My_Project/ROS2/techdiffbot/install/techdiffbot/share/techdiffbot/urdf
[0.978s] running install_egg_info
[0.980s] removing '/home/jlukas/My_Project/ROS2/techdiffbot/install/techdiffbot/lib/python3.10/site-packages/techdiffbot-0.0.0-py3.10.egg-info' (and everything under it)
[0.980s] Copying ../../build/techdiffbot/techdiffbot.egg-info to /home/jlukas/My_Project/ROS2/techdiffbot/install/techdiffbot/lib/python3.10/site-packages/techdiffbot-0.0.0-py3.10.egg-info
[0.981s] running install_scripts
[0.999s] writing list of installed files to '/home/jlukas/My_Project/ROS2/techdiffbot/build/techdiffbot/install.log'
[1.020s] Invoked command in '/home/jlukas/My_Project/ROS2/techdiffbot/src/techdiffbot' returned '0': PYTHONPATH=/home/jlukas/My_Project/ROS2/techdiffbot/build/techdiffbot/prefix_override:/home/jlukas/My_Project/ROS2/techdiffbot/install/techdiffbot/lib/python3.10/site-packages:${PYTHONPATH} /usr/bin/python3 setup.py egg_info --egg-base ../../build/techdiffbot build --build-base /home/jlukas/My_Project/ROS2/techdiffbot/build/techdiffbot/build install --record /home/jlukas/My_Project/ROS2/techdiffbot/build/techdiffbot/install.log --single-version-externally-managed
