[2.137s] Invoking command in '/home/jlukas/Desktop/My_Project/ROS2/techdiffbot/build/diffdrive_arduino': CMAKE_PREFIX_PATH=${CMAKE_PREFIX_PATH}:/home/jlukas/Desktop/My_Project/ROS2/techdiffbot/install/techdiffbot:/home/jlukas/Desktop/My_Project/ROS2/ros2_rpi_cv2/install/ros2_rpi_cv2:/home/jlukas/Desktop/My_Project/ROS2/rover/install/rover:/opt/ros/humble /usr/bin/cmake --build /home/jlukas/Desktop/My_Project/ROS2/techdiffbot/build/diffdrive_arduino -- -j4 -l4
[2.776s] [100%] Built target diffdrive_arduino
[5.048s] Invoked command in '/home/jlukas/Desktop/My_Project/ROS2/techdiffbot/build/diffdrive_arduino' returned '0': CMAKE_PREFIX_PATH=${CMAKE_PREFIX_PATH}:/home/jlukas/Desktop/My_Project/ROS2/techdiffbot/install/techdiffbot:/home/jlukas/Desktop/My_Project/ROS2/ros2_rpi_cv2/install/ros2_rpi_cv2:/home/jlukas/Desktop/My_Project/ROS2/rover/install/rover:/opt/ros/humble /usr/bin/cmake --build /home/jlukas/Desktop/My_Project/ROS2/techdiffbot/build/diffdrive_arduino -- -j4 -l4
[5.564s] Invoking command in '/home/jlukas/Desktop/My_Project/ROS2/techdiffbot/build/diffdrive_arduino': CMAKE_PREFIX_PATH=${CMAKE_PREFIX_PATH}:/home/jlukas/Desktop/My_Project/ROS2/techdiffbot/install/techdiffbot:/home/jlukas/Desktop/My_Project/ROS2/ros2_rpi_cv2/install/ros2_rpi_cv2:/home/jlukas/Desktop/My_Project/ROS2/rover/install/rover:/opt/ros/humble /usr/bin/cmake --install /home/jlukas/Desktop/My_Project/ROS2/techdiffbot/build/diffdrive_arduino
[5.665s] -- Install configuration: ""
[5.677s] -- Execute custom install script
[5.680s] -- Up-to-date symlink: /home/jlukas/Desktop/My_Project/ROS2/techdiffbot/install/diffdrive_arduino/share/diffdrive_arduino//diffdrive_arduino.xml
[5.680s] -- Up-to-date symlink: /home/jlukas/Desktop/My_Project/ROS2/techdiffbot/install/diffdrive_arduino/include/diffdrive_arduino/diffdrive_arduino/arduino_comms.hpp
[5.680s] -- Up-to-date symlink: /home/jlukas/Desktop/My_Project/ROS2/techdiffbot/install/diffdrive_arduino/include/diffdrive_arduino/diffdrive_arduino/diffbot_system.hpp
[5.680s] -- Up-to-date symlink: /home/jlukas/Desktop/My_Project/ROS2/techdiffbot/install/diffdrive_arduino/include/diffdrive_arduino/diffdrive_arduino/visibility_control.h
[5.680s] -- Up-to-date symlink: /home/jlukas/Desktop/My_Project/ROS2/techdiffbot/install/diffdrive_arduino/include/diffdrive_arduino/diffdrive_arduino/wheel.hpp
[5.680s] -- Up-to-date symlink: /home/jlukas/Desktop/My_Project/ROS2/techdiffbot/install/diffdrive_arduino/share/diffdrive_arduino/launch/view_robot.launch.py
[5.680s] -- Up-to-date symlink: /home/jlukas/Desktop/My_Project/ROS2/techdiffbot/install/diffdrive_arduino/share/diffdrive_arduino/ros2_control/diffbot.ros2_control.xacro
[5.680s] -- Up-to-date symlink: /home/jlukas/Desktop/My_Project/ROS2/techdiffbot/install/diffdrive_arduino/share/diffdrive_arduino/urdf/diffbot.materials.xacro
[5.680s] -- Up-to-date symlink: /home/jlukas/Desktop/My_Project/ROS2/techdiffbot/install/diffdrive_arduino/share/diffdrive_arduino/urdf/diffbot.urdf.xacro
[5.680s] -- Up-to-date symlink: /home/jlukas/Desktop/My_Project/ROS2/techdiffbot/install/diffdrive_arduino/share/diffdrive_arduino/urdf/diffbot_description.urdf.xacro
[5.681s] -- Up-to-date symlink: /home/jlukas/Desktop/My_Project/ROS2/techdiffbot/install/diffdrive_arduino/share/diffdrive_arduino/rviz/diffbot.rviz
[5.696s] -- Up-to-date symlink: /home/jlukas/Desktop/My_Project/ROS2/techdiffbot/install/diffdrive_arduino/share/diffdrive_arduino/rviz/diffbot_view.rviz
[5.720s] -- Up-to-date symlink: /home/jlukas/Desktop/My_Project/ROS2/techdiffbot/install/diffdrive_arduino/share/diffdrive_arduino/launch/diffbot.launch.py
[5.720s] -- Up-to-date symlink: /home/jlukas/Desktop/My_Project/ROS2/techdiffbot/install/diffdrive_arduino/share/diffdrive_arduino/config/diffbot_controllers.yaml
[5.720s] -- Up-to-date symlink: /home/jlukas/Desktop/My_Project/ROS2/techdiffbot/install/diffdrive_arduino/share/diffdrive_arduino/environment/library_path.sh
[5.720s] -- Up-to-date symlink: /home/jlukas/Desktop/My_Project/ROS2/techdiffbot/install/diffdrive_arduino/share/diffdrive_arduino/environment/library_path.dsv
[5.720s] -- Up-to-date symlink: /home/jlukas/Desktop/My_Project/ROS2/techdiffbot/install/diffdrive_arduino/share/ament_index/resource_index/package_run_dependencies/diffdrive_arduino
[5.720s] -- Up-to-date symlink: /home/jlukas/Desktop/My_Project/ROS2/techdiffbot/install/diffdrive_arduino/share/ament_index/resource_index/parent_prefix_path/diffdrive_arduino
[5.720s] -- Up-to-date symlink: /home/jlukas/Desktop/My_Project/ROS2/techdiffbot/install/diffdrive_arduino/share/diffdrive_arduino/environment/ament_prefix_path.sh
[5.720s] -- Up-to-date symlink: /home/jlukas/Desktop/My_Project/ROS2/techdiffbot/install/diffdrive_arduino/share/diffdrive_arduino/environment/ament_prefix_path.dsv
[5.720s] -- Up-to-date symlink: /home/jlukas/Desktop/My_Project/ROS2/techdiffbot/install/diffdrive_arduino/share/diffdrive_arduino/environment/path.sh
[5.720s] -- Up-to-date symlink: /home/jlukas/Desktop/My_Project/ROS2/techdiffbot/install/diffdrive_arduino/share/diffdrive_arduino/environment/path.dsv
[5.720s] -- Up-to-date symlink: /home/jlukas/Desktop/My_Project/ROS2/techdiffbot/install/diffdrive_arduino/share/diffdrive_arduino/local_setup.bash
[5.724s] -- Up-to-date symlink: /home/jlukas/Desktop/My_Project/ROS2/techdiffbot/install/diffdrive_arduino/share/diffdrive_arduino/local_setup.sh
[5.724s] -- Up-to-date symlink: /home/jlukas/Desktop/My_Project/ROS2/techdiffbot/install/diffdrive_arduino/share/diffdrive_arduino/local_setup.zsh
[5.724s] -- Up-to-date symlink: /home/jlukas/Desktop/My_Project/ROS2/techdiffbot/install/diffdrive_arduino/share/diffdrive_arduino/local_setup.dsv
[5.724s] -- Symlinking: /home/jlukas/Desktop/My_Project/ROS2/techdiffbot/install/diffdrive_arduino/share/diffdrive_arduino/package.dsv
[5.828s] -- Up-to-date symlink: /home/jlukas/Desktop/My_Project/ROS2/techdiffbot/install/diffdrive_arduino/share/ament_index/resource_index/packages/diffdrive_arduino
[5.836s] -- Up-to-date symlink: /home/jlukas/Desktop/My_Project/ROS2/techdiffbot/install/diffdrive_arduino/share/ament_index/resource_index/hardware_interface__pluginlib__plugin/diffdrive_arduino
[5.856s] -- Up-to-date symlink: /home/jlukas/Desktop/My_Project/ROS2/techdiffbot/install/diffdrive_arduino/share/diffdrive_arduino/cmake/ament_cmake_export_targets-extras.cmake
[5.856s] -- Up-to-date symlink: /home/jlukas/Desktop/My_Project/ROS2/techdiffbot/install/diffdrive_arduino/share/diffdrive_arduino/cmake/ament_cmake_export_dependencies-extras.cmake
[5.856s] -- Up-to-date symlink: /home/jlukas/Desktop/My_Project/ROS2/techdiffbot/install/diffdrive_arduino/share/diffdrive_arduino/cmake/diffdrive_arduinoConfig.cmake
[5.857s] -- Up-to-date symlink: /home/jlukas/Desktop/My_Project/ROS2/techdiffbot/install/diffdrive_arduino/share/diffdrive_arduino/cmake/diffdrive_arduinoConfig-version.cmake
[5.857s] -- Up-to-date symlink: /home/jlukas/Desktop/My_Project/ROS2/techdiffbot/install/diffdrive_arduino/share/diffdrive_arduino/package.xml
[5.860s] -- Up-to-date: /home/jlukas/Desktop/My_Project/ROS2/techdiffbot/install/diffdrive_arduino/lib/libdiffdrive_arduino.so
[5.860s] -- Up-to-date: /home/jlukas/Desktop/My_Project/ROS2/techdiffbot/install/diffdrive_arduino/share/diffdrive_arduino/cmake/export_diffdrive_arduinoExport.cmake
[5.876s] -- Up-to-date: /home/jlukas/Desktop/My_Project/ROS2/techdiffbot/install/diffdrive_arduino/share/diffdrive_arduino/cmake/export_diffdrive_arduinoExport-noconfig.cmake
[6.032s] Invoked command in '/home/jlukas/Desktop/My_Project/ROS2/techdiffbot/build/diffdrive_arduino' returned '0': CMAKE_PREFIX_PATH=${CMAKE_PREFIX_PATH}:/home/jlukas/Desktop/My_Project/ROS2/techdiffbot/install/techdiffbot:/home/jlukas/Desktop/My_Project/ROS2/ros2_rpi_cv2/install/ros2_rpi_cv2:/home/jlukas/Desktop/My_Project/ROS2/rover/install/rover:/opt/ros/humble /usr/bin/cmake --install /home/jlukas/Desktop/My_Project/ROS2/techdiffbot/build/diffdrive_arduino
