[0.818s] Invoking command in '/home/jlukas/My_Project/ROS2/rover/build/rover': PYTHONPATH=/home/jlukas/My_Project/ROS2/rover/build/rover/prefix_override:/home/jlukas/My_Project/ROS2/rover/install/rover/lib/python3.10/site-packages:${PYTHONPATH} /usr/bin/python3 setup.py develop --editable --build-directory /home/jlukas/My_Project/ROS2/rover/build/rover/build --no-deps install_data
[1.062s] running develop
[1.063s] /usr/lib/python3/dist-packages/setuptools/command/easy_install.py:158: EasyInstallDeprecationWarning: easy_install command is deprecated. Use build and pip and other standards-based tools.
[1.063s]   warnings.warn(
[1.064s] /usr/lib/python3/dist-packages/setuptools/command/install.py:34: SetuptoolsDeprecationWarning: setup.py install is deprecated. Use build and pip and other standards-based tools.
[1.064s]   warnings.warn(
[1.209s] running egg_info
[1.210s] writing rover.egg-info/PKG-INFO
[1.210s] writing dependency_links to rover.egg-info/dependency_links.txt
[1.210s] writing entry points to rover.egg-info/entry_points.txt
[1.210s] writing requirements to rover.egg-info/requires.txt
[1.210s] writing top-level names to rover.egg-info/top_level.txt
[1.212s] reading manifest file 'rover.egg-info/SOURCES.txt'
[1.213s] writing manifest file 'rover.egg-info/SOURCES.txt'
[1.215s] running build_ext
[1.215s] Creating /home/jlukas/My_Project/ROS2/rover/install/rover/lib/python3.10/site-packages/rover.egg-link (link to .)
[1.216s] Installing lidar_differential script to /home/jlukas/My_Project/ROS2/rover/install/rover/lib/rover
[1.216s] Installing lidar_obstacle_region_split script to /home/jlukas/My_Project/ROS2/rover/install/rover/lib/rover
[1.216s] 
[1.216s] Installed /home/jlukas/My_Project/ROS2/rover/build/rover
[1.216s] running install_data
[1.250s] Invoked command in '/home/jlukas/My_Project/ROS2/rover/build/rover' returned '0': PYTHONPATH=/home/jlukas/My_Project/ROS2/rover/build/rover/prefix_override:/home/jlukas/My_Project/ROS2/rover/install/rover/lib/python3.10/site-packages:${PYTHONPATH} /usr/bin/python3 setup.py develop --editable --build-directory /home/jlukas/My_Project/ROS2/rover/build/rover/build --no-deps install_data
