[1.106s] Invoking command in '/home/jlukas/My_Project/ROS2/rover/src/rover': PYTHONPATH=/home/jlukas/My_Project/ROS2/rover/build/rover/prefix_override:/home/jlukas/My_Project/ROS2/rover/install/rover/lib/python3.10/site-packages:${PYTHONPATH} WSLENV=ELECTRON_RUN_AS_NODE/w: /usr/bin/python3 setup.py egg_info --egg-base ../../build/rover build --build-base /home/jlukas/My_Project/ROS2/rover/build/rover/build install --record /home/jlukas/My_Project/ROS2/rover/build/rover/install.log --single-version-externally-managed
[1.459s] running egg_info
[1.460s] writing ../../build/rover/rover.egg-info/PKG-INFO
[1.461s] writing dependency_links to ../../build/rover/rover.egg-info/dependency_links.txt
[1.461s] writing entry points to ../../build/rover/rover.egg-info/entry_points.txt
[1.461s] writing requirements to ../../build/rover/rover.egg-info/requires.txt
[1.461s] writing top-level names to ../../build/rover/rover.egg-info/top_level.txt
[1.463s] reading manifest file '../../build/rover/rover.egg-info/SOURCES.txt'
[1.464s] writing manifest file '../../build/rover/rover.egg-info/SOURCES.txt'
[1.465s] running build
[1.465s] running build_py
[1.465s] running install
[1.465s] running install_lib
[1.467s] running install_data
[1.468s] copying urdf/rover.xacro -> /home/jlukas/My_Project/ROS2/rover/install/rover/share/rover/urdf
[1.470s] running install_egg_info
[1.477s] removing '/home/jlukas/My_Project/ROS2/rover/install/rover/lib/python3.10/site-packages/rover-0.0.0-py3.10.egg-info' (and everything under it)
[1.477s] Copying ../../build/rover/rover.egg-info to /home/jlukas/My_Project/ROS2/rover/install/rover/lib/python3.10/site-packages/rover-0.0.0-py3.10.egg-info
[1.478s] running install_scripts
[1.514s] Installing lidar_differential script to /home/jlukas/My_Project/ROS2/rover/install/rover/lib/rover
[1.514s] Installing lidar_obstacle_region_split script to /home/jlukas/My_Project/ROS2/rover/install/rover/lib/rover
[1.514s] writing list of installed files to '/home/jlukas/My_Project/ROS2/rover/build/rover/install.log'
[1.570s] Invoked command in '/home/jlukas/My_Project/ROS2/rover/src/rover' returned '0': PYTHONPATH=/home/jlukas/My_Project/ROS2/rover/build/rover/prefix_override:/home/jlukas/My_Project/ROS2/rover/install/rover/lib/python3.10/site-packages:${PYTHONPATH} WSLENV=ELECTRON_RUN_AS_NODE/w: /usr/bin/python3 setup.py egg_info --egg-base ../../build/rover build --build-base /home/jlukas/My_Project/ROS2/rover/build/rover/build install --record /home/jlukas/My_Project/ROS2/rover/build/rover/install.log --single-version-externally-managed
