[0.338s] Invoking command in '/home/jlukas/Desktop/My_Project/ROS2/techdiffbot/build/serial': CMAKE_PREFIX_PATH=${CMAKE_PREFIX_PATH}:/home/jlukas/Desktop/My_Project/ROS2/techdiffbot/install/techdiffbot:/home/jlukas/Desktop/My_Project/ROS2/ros2_rpi_cv2/install/ros2_rpi_cv2:/home/jlukas/Desktop/My_Project/ROS2/rover/install/rover:/opt/ros/humble /usr/bin/cmake --build /home/jlukas/Desktop/My_Project/ROS2/techdiffbot/build/serial -- -j4 -l4
[0.438s] [ 14%] Built target gtest_main
[0.440s] [ 42%] Built target serial
[0.455s] [ 57%] Built target gtest
[0.509s] [ 71%] Built target serial_example
[0.516s] [ 85%] Built target serial-test
[0.530s] [100%] Built target serial-test-timer
[0.960s] Invoked command in '/home/jlukas/Desktop/My_Project/ROS2/techdiffbot/build/serial' returned '0': CMAKE_PREFIX_PATH=${CMAKE_PREFIX_PATH}:/home/jlukas/Desktop/My_Project/ROS2/techdiffbot/install/techdiffbot:/home/jlukas/Desktop/My_Project/ROS2/ros2_rpi_cv2/install/ros2_rpi_cv2:/home/jlukas/Desktop/My_Project/ROS2/rover/install/rover:/opt/ros/humble /usr/bin/cmake --build /home/jlukas/Desktop/My_Project/ROS2/techdiffbot/build/serial -- -j4 -l4
[1.079s] Invoking command in '/home/jlukas/Desktop/My_Project/ROS2/techdiffbot/build/serial': CMAKE_PREFIX_PATH=${CMAKE_PREFIX_PATH}:/home/jlukas/Desktop/My_Project/ROS2/techdiffbot/install/techdiffbot:/home/jlukas/Desktop/My_Project/ROS2/ros2_rpi_cv2/install/ros2_rpi_cv2:/home/jlukas/Desktop/My_Project/ROS2/rover/install/rover:/opt/ros/humble /usr/bin/cmake --install /home/jlukas/Desktop/My_Project/ROS2/techdiffbot/build/serial
[1.106s] -- Install configuration: ""
[1.107s] -- Execute custom install script
[1.113s] -- Up-to-date symlink: /home/jlukas/Desktop/My_Project/ROS2/techdiffbot/install/serial/lib/libserial.a
[1.119s] -- Up-to-date symlink: /home/jlukas/Desktop/My_Project/ROS2/techdiffbot/install/serial/include/serial/serial.h
[1.120s] -- Up-to-date symlink: /home/jlukas/Desktop/My_Project/ROS2/techdiffbot/install/serial/include/serial/v8stdint.h
[1.128s] -- Up-to-date symlink: /home/jlukas/Desktop/My_Project/ROS2/techdiffbot/install/serial/share/serial/environment/library_path.sh
[1.130s] -- Up-to-date symlink: /home/jlukas/Desktop/My_Project/ROS2/techdiffbot/install/serial/share/serial/environment/library_path.dsv
[1.134s] -- Up-to-date symlink: /home/jlukas/Desktop/My_Project/ROS2/techdiffbot/install/serial/share/ament_index/resource_index/package_run_dependencies/serial
[1.151s] -- Up-to-date symlink: /home/jlukas/Desktop/My_Project/ROS2/techdiffbot/install/serial/share/ament_index/resource_index/parent_prefix_path/serial
[1.152s] -- Up-to-date symlink: /home/jlukas/Desktop/My_Project/ROS2/techdiffbot/install/serial/share/serial/environment/ament_prefix_path.sh
[1.153s] -- Up-to-date symlink: /home/jlukas/Desktop/My_Project/ROS2/techdiffbot/install/serial/share/serial/environment/ament_prefix_path.dsv
[1.153s] -- Up-to-date symlink: /home/jlukas/Desktop/My_Project/ROS2/techdiffbot/install/serial/share/serial/environment/path.sh
[1.153s] -- Up-to-date symlink: /home/jlukas/Desktop/My_Project/ROS2/techdiffbot/install/serial/share/serial/environment/path.dsv
[1.153s] -- Up-to-date symlink: /home/jlukas/Desktop/My_Project/ROS2/techdiffbot/install/serial/share/serial/local_setup.bash
[1.153s] -- Up-to-date symlink: /home/jlukas/Desktop/My_Project/ROS2/techdiffbot/install/serial/share/serial/local_setup.sh
[1.154s] -- Up-to-date symlink: /home/jlukas/Desktop/My_Project/ROS2/techdiffbot/install/serial/share/serial/local_setup.zsh
[1.155s] -- Up-to-date symlink: /home/jlukas/Desktop/My_Project/ROS2/techdiffbot/install/serial/share/serial/local_setup.dsv
[1.155s] -- Symlinking: /home/jlukas/Desktop/My_Project/ROS2/techdiffbot/install/serial/share/serial/package.dsv
[1.155s] -- Up-to-date symlink: /home/jlukas/Desktop/My_Project/ROS2/techdiffbot/install/serial/share/ament_index/resource_index/packages/serial
[1.156s] -- Up-to-date symlink: /home/jlukas/Desktop/My_Project/ROS2/techdiffbot/install/serial/share/serial/cmake/ament_cmake_export_include_directories-extras.cmake
[1.156s] -- Up-to-date symlink: /home/jlukas/Desktop/My_Project/ROS2/techdiffbot/install/serial/share/serial/cmake/ament_cmake_export_libraries-extras.cmake
[1.156s] -- Up-to-date symlink: /home/jlukas/Desktop/My_Project/ROS2/techdiffbot/install/serial/share/serial/cmake/serialConfig.cmake
[1.157s] -- Up-to-date symlink: /home/jlukas/Desktop/My_Project/ROS2/techdiffbot/install/serial/share/serial/cmake/serialConfig-version.cmake
[1.157s] -- Up-to-date symlink: /home/jlukas/Desktop/My_Project/ROS2/techdiffbot/install/serial/share/serial/package.xml
[1.377s] Invoked command in '/home/jlukas/Desktop/My_Project/ROS2/techdiffbot/build/serial' returned '0': CMAKE_PREFIX_PATH=${CMAKE_PREFIX_PATH}:/home/jlukas/Desktop/My_Project/ROS2/techdiffbot/install/techdiffbot:/home/jlukas/Desktop/My_Project/ROS2/ros2_rpi_cv2/install/ros2_rpi_cv2:/home/jlukas/Desktop/My_Project/ROS2/rover/install/rover:/opt/ros/humble /usr/bin/cmake --install /home/jlukas/Desktop/My_Project/ROS2/techdiffbot/build/serial
