[15.908s] DEBUG:colcon:Command line arguments: ['/usr/bin/colcon', 'build']
[15.909s] DEBUG:colcon:Parsed command line arguments: Namespace(log_base=None, log_level=None, verb_name='build', build_base='build', install_base='install', merge_install=False, symlink_install=False, test_result_base=None, continue_on_error=False, executor='parallel', parallel_workers=4, event_handlers=None, ignore_user_meta=False, metas=['./colcon.meta'], base_paths=['.'], packages_ignore=None, packages_ignore_regex=None, paths=None, packages_up_to=None, packages_up_to_regex=None, packages_above=None, packages_above_and_dependencies=None, packages_above_depth=None, packages_select_by_dep=None, packages_skip_by_dep=None, packages_skip_up_to=None, packages_select_build_failed=False, packages_skip_build_finished=False, packages_select_test_failures=False, packages_skip_test_passed=False, packages_select=None, packages_skip=None, packages_select_regex=None, packages_skip_regex=None, packages_start=None, packages_end=None, allow_overriding=[], cmake_args=None, cmake_target=None, cmake_target_skip_unavailable=False, cmake_clean_cache=False, cmake_clean_first=False, cmake_force_configure=False, ament_cmake_args=None, catkin_cmake_args=None, catkin_skip_building_tests=False, verb_parser=<colcon_defaults.argument_parser.defaults.DefaultArgumentsDecorator object at 0xffffbb72cee0>, verb_extension=<colcon_core.verb.build.BuildVerb object at 0xffffbb72f9d0>, main=<bound method BuildVerb.main of <colcon_core.verb.build.BuildVerb object at 0xffffbb72f9d0>>)
[16.692s] Level 1:colcon.colcon_core.package_discovery:discover_packages(colcon_meta) check parameters
[16.693s] Level 1:colcon.colcon_core.package_discovery:discover_packages(recursive) check parameters
[16.694s] Level 1:colcon.colcon_core.package_discovery:discover_packages(ignore) check parameters
[16.694s] Level 1:colcon.colcon_core.package_discovery:discover_packages(path) check parameters
[16.694s] Level 1:colcon.colcon_core.package_discovery:discover_packages(colcon_meta) discover
[16.695s] Level 1:colcon.colcon_core.package_discovery:discover_packages(recursive) discover
[16.695s] INFO:colcon.colcon_core.package_discovery:Crawling recursively for packages in '/home/jlukas/My_Project/ROS2/techdiffbot'
[16.697s] Level 1:colcon.colcon_core.package_identification:_identify(.) by extensions ['ignore', 'ignore_ament_install']
[16.697s] Level 1:colcon.colcon_core.package_identification:_identify(.) by extension 'ignore'
[16.698s] Level 1:colcon.colcon_core.package_identification:_identify(.) by extension 'ignore_ament_install'
[16.699s] Level 1:colcon.colcon_core.package_identification:_identify(.) by extensions ['colcon_pkg']
[16.699s] Level 1:colcon.colcon_core.package_identification:_identify(.) by extension 'colcon_pkg'
[16.700s] Level 1:colcon.colcon_core.package_identification:_identify(.) by extensions ['colcon_meta']
[16.700s] Level 1:colcon.colcon_core.package_identification:_identify(.) by extension 'colcon_meta'
[16.701s] Level 1:colcon.colcon_core.package_identification:_identify(.) by extensions ['ros']
[16.701s] Level 1:colcon.colcon_core.package_identification:_identify(.) by extension 'ros'
[16.952s] Level 1:colcon.colcon_core.package_identification:_identify(.) by extensions ['cmake', 'python']
[16.953s] Level 1:colcon.colcon_core.package_identification:_identify(.) by extension 'cmake'
[16.953s] Level 1:colcon.colcon_core.package_identification:_identify(.) by extension 'python'
[16.954s] Level 1:colcon.colcon_core.package_identification:_identify(.) by extensions ['python_setup_py']
[16.954s] Level 1:colcon.colcon_core.package_identification:_identify(.) by extension 'python_setup_py'
[16.956s] Level 1:colcon.colcon_core.package_identification:_identify(build) by extensions ['ignore', 'ignore_ament_install']
[16.957s] Level 1:colcon.colcon_core.package_identification:_identify(build) by extension 'ignore'
[16.957s] Level 1:colcon.colcon_core.package_identification:_identify(build) ignored
[16.959s] Level 1:colcon.colcon_core.package_identification:_identify(install) by extensions ['ignore', 'ignore_ament_install']
[16.960s] Level 1:colcon.colcon_core.package_identification:_identify(install) by extension 'ignore'
[16.960s] Level 1:colcon.colcon_core.package_identification:_identify(install) ignored
[16.962s] Level 1:colcon.colcon_core.package_identification:_identify(log) by extensions ['ignore', 'ignore_ament_install']
[16.963s] Level 1:colcon.colcon_core.package_identification:_identify(log) by extension 'ignore'
[16.963s] Level 1:colcon.colcon_core.package_identification:_identify(log) ignored
[16.964s] Level 1:colcon.colcon_core.package_identification:_identify(src) by extensions ['ignore', 'ignore_ament_install']
[16.965s] Level 1:colcon.colcon_core.package_identification:_identify(src) by extension 'ignore'
[16.966s] Level 1:colcon.colcon_core.package_identification:_identify(src) by extension 'ignore_ament_install'
[16.966s] Level 1:colcon.colcon_core.package_identification:_identify(src) by extensions ['colcon_pkg']
[16.967s] Level 1:colcon.colcon_core.package_identification:_identify(src) by extension 'colcon_pkg'
[16.967s] Level 1:colcon.colcon_core.package_identification:_identify(src) by extensions ['colcon_meta']
[16.968s] Level 1:colcon.colcon_core.package_identification:_identify(src) by extension 'colcon_meta'
[16.968s] Level 1:colcon.colcon_core.package_identification:_identify(src) by extensions ['ros']
[16.969s] Level 1:colcon.colcon_core.package_identification:_identify(src) by extension 'ros'
[16.970s] Level 1:colcon.colcon_core.package_identification:_identify(src) by extensions ['cmake', 'python']
[16.970s] Level 1:colcon.colcon_core.package_identification:_identify(src) by extension 'cmake'
[16.971s] Level 1:colcon.colcon_core.package_identification:_identify(src) by extension 'python'
[16.971s] Level 1:colcon.colcon_core.package_identification:_identify(src) by extensions ['python_setup_py']
[16.972s] Level 1:colcon.colcon_core.package_identification:_identify(src) by extension 'python_setup_py'
[16.973s] Level 1:colcon.colcon_core.package_identification:_identify(src/diffdrive_arduino) by extensions ['ignore', 'ignore_ament_install']
[16.974s] Level 1:colcon.colcon_core.package_identification:_identify(src/diffdrive_arduino) by extension 'ignore'
[16.975s] Level 1:colcon.colcon_core.package_identification:_identify(src/diffdrive_arduino) by extension 'ignore_ament_install'
[16.975s] Level 1:colcon.colcon_core.package_identification:_identify(src/diffdrive_arduino) by extensions ['colcon_pkg']
[16.976s] Level 1:colcon.colcon_core.package_identification:_identify(src/diffdrive_arduino) by extension 'colcon_pkg'
[16.976s] Level 1:colcon.colcon_core.package_identification:_identify(src/diffdrive_arduino) by extensions ['colcon_meta']
[16.977s] Level 1:colcon.colcon_core.package_identification:_identify(src/diffdrive_arduino) by extension 'colcon_meta'
[16.977s] Level 1:colcon.colcon_core.package_identification:_identify(src/diffdrive_arduino) by extensions ['ros']
[16.978s] Level 1:colcon.colcon_core.package_identification:_identify(src/diffdrive_arduino) by extension 'ros'
[17.024s] DEBUG:colcon.colcon_core.package_identification:Package 'src/diffdrive_arduino' with type 'ros.ament_cmake' and name 'diffdrive_arduino'
[17.026s] Level 1:colcon.colcon_core.package_identification:_identify(src/serial) by extensions ['ignore', 'ignore_ament_install']
[17.027s] Level 1:colcon.colcon_core.package_identification:_identify(src/serial) by extension 'ignore'
[17.028s] Level 1:colcon.colcon_core.package_identification:_identify(src/serial) by extension 'ignore_ament_install'
[17.028s] Level 1:colcon.colcon_core.package_identification:_identify(src/serial) by extensions ['colcon_pkg']
[17.029s] Level 1:colcon.colcon_core.package_identification:_identify(src/serial) by extension 'colcon_pkg'
[17.029s] Level 1:colcon.colcon_core.package_identification:_identify(src/serial) by extensions ['colcon_meta']
[17.030s] Level 1:colcon.colcon_core.package_identification:_identify(src/serial) by extension 'colcon_meta'
[17.030s] Level 1:colcon.colcon_core.package_identification:_identify(src/serial) by extensions ['ros']
[17.031s] Level 1:colcon.colcon_core.package_identification:_identify(src/serial) by extension 'ros'
[17.038s] DEBUG:colcon.colcon_core.package_identification:Package 'src/serial' with type 'ros.ament_cmake' and name 'serial'
[17.040s] Level 1:colcon.colcon_core.package_identification:_identify(src/techdiffbot) by extensions ['ignore', 'ignore_ament_install']
[17.041s] Level 1:colcon.colcon_core.package_identification:_identify(src/techdiffbot) by extension 'ignore'
[17.041s] Level 1:colcon.colcon_core.package_identification:_identify(src/techdiffbot) by extension 'ignore_ament_install'
[17.042s] Level 1:colcon.colcon_core.package_identification:_identify(src/techdiffbot) by extensions ['colcon_pkg']
[17.043s] Level 1:colcon.colcon_core.package_identification:_identify(src/techdiffbot) by extension 'colcon_pkg'
[17.043s] Level 1:colcon.colcon_core.package_identification:_identify(src/techdiffbot) by extensions ['colcon_meta']
[17.044s] Level 1:colcon.colcon_core.package_identification:_identify(src/techdiffbot) by extension 'colcon_meta'
[17.044s] Level 1:colcon.colcon_core.package_identification:_identify(src/techdiffbot) by extensions ['ros']
[17.045s] Level 1:colcon.colcon_core.package_identification:_identify(src/techdiffbot) by extension 'ros'
[17.051s] DEBUG:colcon.colcon_core.package_identification:Package 'src/techdiffbot' with type 'ros.ament_python' and name 'techdiffbot'
[17.051s] Level 1:colcon.colcon_core.package_discovery:discover_packages(recursive) using defaults
[17.052s] Level 1:colcon.colcon_core.package_discovery:discover_packages(ignore) discover
[17.052s] Level 1:colcon.colcon_core.package_discovery:discover_packages(ignore) using defaults
[17.053s] Level 1:colcon.colcon_core.package_discovery:discover_packages(path) discover
[17.053s] Level 1:colcon.colcon_core.package_discovery:discover_packages(path) using defaults
[18.393s] Level 1:colcon.colcon_core.package_discovery:discover_packages(prefix_path) check parameters
[18.394s] Level 1:colcon.colcon_core.package_discovery:discover_packages(prefix_path) discover
[18.794s] DEBUG:colcon.colcon_installed_package_information.package_discovery:Found 3 installed packages in /home/jlukas/My_Project/ROS2/techdiffbot/install
[18.983s] DEBUG:colcon.colcon_installed_package_information.package_discovery:Found 1 installed packages in /home/jlukas/ldlidar_ros2_ws/install
[19.197s] DEBUG:colcon.colcon_installed_package_information.package_discovery:Found 323 installed packages in /opt/ros/humble
[19.218s] Level 1:colcon.colcon_core.package_discovery:discover_packages(prefix_path) using defaults
[20.872s] Level 5:colcon.colcon_core.verb:set package 'diffdrive_arduino' build argument 'cmake_args' from command line to 'None'
[20.872s] Level 5:colcon.colcon_core.verb:set package 'diffdrive_arduino' build argument 'cmake_target' from command line to 'None'
[20.873s] Level 5:colcon.colcon_core.verb:set package 'diffdrive_arduino' build argument 'cmake_target_skip_unavailable' from command line to 'False'
[20.873s] Level 5:colcon.colcon_core.verb:set package 'diffdrive_arduino' build argument 'cmake_clean_cache' from command line to 'False'
[20.873s] Level 5:colcon.colcon_core.verb:set package 'diffdrive_arduino' build argument 'cmake_clean_first' from command line to 'False'
[20.874s] Level 5:colcon.colcon_core.verb:set package 'diffdrive_arduino' build argument 'cmake_force_configure' from command line to 'False'
[20.874s] Level 5:colcon.colcon_core.verb:set package 'diffdrive_arduino' build argument 'ament_cmake_args' from command line to 'None'
[20.874s] Level 5:colcon.colcon_core.verb:set package 'diffdrive_arduino' build argument 'catkin_cmake_args' from command line to 'None'
[20.874s] Level 5:colcon.colcon_core.verb:set package 'diffdrive_arduino' build argument 'catkin_skip_building_tests' from command line to 'False'
[20.875s] DEBUG:colcon.colcon_core.verb:Building package 'diffdrive_arduino' with the following arguments: {'ament_cmake_args': None, 'build_base': '/home/jlukas/My_Project/ROS2/techdiffbot/build/diffdrive_arduino', 'catkin_cmake_args': None, 'catkin_skip_building_tests': False, 'cmake_args': None, 'cmake_clean_cache': False, 'cmake_clean_first': False, 'cmake_force_configure': False, 'cmake_target': None, 'cmake_target_skip_unavailable': False, 'install_base': '/home/jlukas/My_Project/ROS2/techdiffbot/install/diffdrive_arduino', 'merge_install': False, 'path': '/home/jlukas/My_Project/ROS2/techdiffbot/src/diffdrive_arduino', 'symlink_install': False, 'test_result_base': None}
[21.060s] Level 5:colcon.colcon_core.verb:set package 'serial' build argument 'cmake_args' from command line to 'None'
[21.060s] Level 5:colcon.colcon_core.verb:set package 'serial' build argument 'cmake_target' from command line to 'None'
[21.069s] Level 5:colcon.colcon_core.verb:set package 'serial' build argument 'cmake_target_skip_unavailable' from command line to 'False'
[21.069s] Level 5:colcon.colcon_core.verb:set package 'serial' build argument 'cmake_clean_cache' from command line to 'False'
[21.070s] Level 5:colcon.colcon_core.verb:set package 'serial' build argument 'cmake_clean_first' from command line to 'False'
[21.070s] Level 5:colcon.colcon_core.verb:set package 'serial' build argument 'cmake_force_configure' from command line to 'False'
[21.070s] Level 5:colcon.colcon_core.verb:set package 'serial' build argument 'ament_cmake_args' from command line to 'None'
[21.071s] Level 5:colcon.colcon_core.verb:set package 'serial' build argument 'catkin_cmake_args' from command line to 'None'
[21.071s] Level 5:colcon.colcon_core.verb:set package 'serial' build argument 'catkin_skip_building_tests' from command line to 'False'
[21.072s] DEBUG:colcon.colcon_core.verb:Building package 'serial' with the following arguments: {'ament_cmake_args': None, 'build_base': '/home/jlukas/My_Project/ROS2/techdiffbot/build/serial', 'catkin_cmake_args': None, 'catkin_skip_building_tests': False, 'cmake_args': None, 'cmake_clean_cache': False, 'cmake_clean_first': False, 'cmake_force_configure': False, 'cmake_target': None, 'cmake_target_skip_unavailable': False, 'install_base': '/home/jlukas/My_Project/ROS2/techdiffbot/install/serial', 'merge_install': False, 'path': '/home/jlukas/My_Project/ROS2/techdiffbot/src/serial', 'symlink_install': False, 'test_result_base': None}
[21.260s] Level 5:colcon.colcon_core.verb:set package 'techdiffbot' build argument 'cmake_args' from command line to 'None'
[21.261s] Level 5:colcon.colcon_core.verb:set package 'techdiffbot' build argument 'cmake_target' from command line to 'None'
[21.261s] Level 5:colcon.colcon_core.verb:set package 'techdiffbot' build argument 'cmake_target_skip_unavailable' from command line to 'False'
[21.261s] Level 5:colcon.colcon_core.verb:set package 'techdiffbot' build argument 'cmake_clean_cache' from command line to 'False'
[21.262s] Level 5:colcon.colcon_core.verb:set package 'techdiffbot' build argument 'cmake_clean_first' from command line to 'False'
[21.262s] Level 5:colcon.colcon_core.verb:set package 'techdiffbot' build argument 'cmake_force_configure' from command line to 'False'
[21.262s] Level 5:colcon.colcon_core.verb:set package 'techdiffbot' build argument 'ament_cmake_args' from command line to 'None'
[21.262s] Level 5:colcon.colcon_core.verb:set package 'techdiffbot' build argument 'catkin_cmake_args' from command line to 'None'
[21.263s] Level 5:colcon.colcon_core.verb:set package 'techdiffbot' build argument 'catkin_skip_building_tests' from command line to 'False'
[21.263s] DEBUG:colcon.colcon_core.verb:Building package 'techdiffbot' with the following arguments: {'ament_cmake_args': None, 'build_base': '/home/jlukas/My_Project/ROS2/techdiffbot/build/techdiffbot', 'catkin_cmake_args': None, 'catkin_skip_building_tests': False, 'cmake_args': None, 'cmake_clean_cache': False, 'cmake_clean_first': False, 'cmake_force_configure': False, 'cmake_target': None, 'cmake_target_skip_unavailable': False, 'install_base': '/home/jlukas/My_Project/ROS2/techdiffbot/install/techdiffbot', 'merge_install': False, 'path': '/home/jlukas/My_Project/ROS2/techdiffbot/src/techdiffbot', 'symlink_install': False, 'test_result_base': None}
[21.444s] INFO:colcon.colcon_core.executor:Executing jobs using 'parallel' executor
[21.631s] DEBUG:colcon.colcon_parallel_executor.executor.parallel:run_until_complete
[21.633s] INFO:colcon.colcon_ros.task.ament_cmake.build:Building ROS package in '/home/jlukas/My_Project/ROS2/techdiffbot/src/diffdrive_arduino' with build type 'ament_cmake'
[21.634s] INFO:colcon.colcon_cmake.task.cmake.build:Building CMake package in '/home/jlukas/My_Project/ROS2/techdiffbot/src/diffdrive_arduino'
[21.873s] INFO:colcon.colcon_core.plugin_system:Skipping extension 'colcon_core.shell.bat': Not used on non-Windows systems
[21.875s] INFO:colcon.colcon_core.shell:Skip shell extension 'powershell' for command environment: Not usable outside of PowerShell
[21.876s] DEBUG:colcon.colcon_core.shell:Skip shell extension 'dsv' for command environment
[22.682s] INFO:colcon.colcon_ros.task.ament_cmake.build:Building ROS package in '/home/jlukas/My_Project/ROS2/techdiffbot/src/serial' with build type 'ament_cmake'
[22.683s] INFO:colcon.colcon_cmake.task.cmake.build:Building CMake package in '/home/jlukas/My_Project/ROS2/techdiffbot/src/serial'
[22.881s] INFO:colcon.colcon_core.shell:Skip shell extension 'powershell' for command environment: Not usable outside of PowerShell
[22.881s] DEBUG:colcon.colcon_core.shell:Skip shell extension 'dsv' for command environment
[23.677s] INFO:colcon.colcon_ros.task.ament_python.build:Building ROS package in '/home/jlukas/My_Project/ROS2/techdiffbot/src/techdiffbot' with build type 'ament_python'
[23.679s] Level 1:colcon.colcon_core.shell:create_environment_hook('techdiffbot', 'ament_prefix_path')
[23.872s] INFO:colcon.colcon_core.shell:Creating environment hook '/home/jlukas/My_Project/ROS2/techdiffbot/install/techdiffbot/share/techdiffbot/hook/ament_prefix_path.ps1'
[23.881s] INFO:colcon.colcon_core.shell:Creating environment descriptor '/home/jlukas/My_Project/ROS2/techdiffbot/install/techdiffbot/share/techdiffbot/hook/ament_prefix_path.dsv'
[23.892s] INFO:colcon.colcon_core.shell:Creating environment hook '/home/jlukas/My_Project/ROS2/techdiffbot/install/techdiffbot/share/techdiffbot/hook/ament_prefix_path.sh'
[24.091s] INFO:colcon.colcon_core.shell:Skip shell extension 'powershell' for command environment: Not usable outside of PowerShell
[24.091s] DEBUG:colcon.colcon_core.shell:Skip shell extension 'dsv' for command environment
[25.031s] DEBUG:colcon.colcon_core.event_handler.log_command:Invoking command in '/home/jlukas/My_Project/ROS2/techdiffbot/build/diffdrive_arduino': CMAKE_PREFIX_PATH=${CMAKE_PREFIX_PATH}:/home/jlukas/My_Project/ROS2/techdiffbot/install/techdiffbot:/opt/ros/humble /usr/bin/cmake --build /home/jlukas/My_Project/ROS2/techdiffbot/build/diffdrive_arduino -- -j4 -l4
[25.132s] DEBUG:colcon.colcon_core.event_handler.log_command:Invoking command in '/home/jlukas/My_Project/ROS2/techdiffbot/build/serial': CMAKE_PREFIX_PATH=${CMAKE_PREFIX_PATH}:/home/jlukas/My_Project/ROS2/techdiffbot/install/techdiffbot:/opt/ros/humble /usr/bin/cmake --build /home/jlukas/My_Project/ROS2/techdiffbot/build/serial -- -j4 -l4
[29.260s] INFO:colcon.colcon_core.task.python.build:Building Python package in '/home/jlukas/My_Project/ROS2/techdiffbot/src/techdiffbot'
[29.658s] INFO:colcon.colcon_core.shell:Skip shell extension 'powershell' for command environment: Not usable outside of PowerShell
[29.659s] DEBUG:colcon.colcon_core.shell:Skip shell extension 'dsv' for command environment
[30.631s] DEBUG:colcon.colcon_core.event_handler.log_command:Invoked command in '/home/jlukas/My_Project/ROS2/techdiffbot/build/diffdrive_arduino' returned '0': CMAKE_PREFIX_PATH=${CMAKE_PREFIX_PATH}:/home/jlukas/My_Project/ROS2/techdiffbot/install/techdiffbot:/opt/ros/humble /usr/bin/cmake --build /home/jlukas/My_Project/ROS2/techdiffbot/build/diffdrive_arduino -- -j4 -l4
[30.643s] DEBUG:colcon.colcon_core.event_handler.log_command:Invoked command in '/home/jlukas/My_Project/ROS2/techdiffbot/build/serial' returned '0': CMAKE_PREFIX_PATH=${CMAKE_PREFIX_PATH}:/home/jlukas/My_Project/ROS2/techdiffbot/install/techdiffbot:/opt/ros/humble /usr/bin/cmake --build /home/jlukas/My_Project/ROS2/techdiffbot/build/serial -- -j4 -l4
[31.036s] DEBUG:colcon.colcon_core.event_handler.log_command:Invoking command in '/home/jlukas/My_Project/ROS2/techdiffbot/build/diffdrive_arduino': CMAKE_PREFIX_PATH=${CMAKE_PREFIX_PATH}:/home/jlukas/My_Project/ROS2/techdiffbot/install/techdiffbot:/opt/ros/humble /usr/bin/cmake --install /home/jlukas/My_Project/ROS2/techdiffbot/build/diffdrive_arduino
[31.127s] DEBUG:colcon.colcon_core.event_handler.log_command:Invoking command in '/home/jlukas/My_Project/ROS2/techdiffbot/build/serial': CMAKE_PREFIX_PATH=${CMAKE_PREFIX_PATH}:/home/jlukas/My_Project/ROS2/techdiffbot/install/techdiffbot:/opt/ros/humble /usr/bin/cmake --install /home/jlukas/My_Project/ROS2/techdiffbot/build/serial
[31.508s] Level 1:colcon.colcon_core.environment:create_environment_scripts_only(serial)
[31.523s] DEBUG:colcon.colcon_core.event_handler.log_command:Invoked command in '/home/jlukas/My_Project/ROS2/techdiffbot/build/serial' returned '0': CMAKE_PREFIX_PATH=${CMAKE_PREFIX_PATH}:/home/jlukas/My_Project/ROS2/techdiffbot/install/techdiffbot:/opt/ros/humble /usr/bin/cmake --install /home/jlukas/My_Project/ROS2/techdiffbot/build/serial
[31.820s] Level 1:colcon.colcon_core.environment:checking '/home/jlukas/My_Project/ROS2/techdiffbot/install/serial' for CMake module files
[31.829s] Level 1:colcon.colcon_core.environment:checking '/home/jlukas/My_Project/ROS2/techdiffbot/install/serial' for CMake config files
[31.837s] Level 1:colcon.colcon_core.shell:create_environment_hook('serial', 'cmake_prefix_path')
[32.073s] INFO:colcon.colcon_core.shell:Creating environment hook '/home/jlukas/My_Project/ROS2/techdiffbot/install/serial/share/serial/hook/cmake_prefix_path.ps1'
[32.079s] INFO:colcon.colcon_core.shell:Creating environment descriptor '/home/jlukas/My_Project/ROS2/techdiffbot/install/serial/share/serial/hook/cmake_prefix_path.dsv'
[32.086s] INFO:colcon.colcon_core.shell:Creating environment hook '/home/jlukas/My_Project/ROS2/techdiffbot/install/serial/share/serial/hook/cmake_prefix_path.sh'
[32.096s] Level 1:colcon.colcon_core.environment:checking '/home/jlukas/My_Project/ROS2/techdiffbot/install/serial/lib'
[32.099s] Level 1:colcon.colcon_core.environment:checking '/home/jlukas/My_Project/ROS2/techdiffbot/install/serial/bin'
[32.100s] Level 1:colcon.colcon_core.environment:checking '/home/jlukas/My_Project/ROS2/techdiffbot/install/serial/lib/pkgconfig/serial.pc'
[32.103s] Level 1:colcon.colcon_core.environment:checking '/home/jlukas/My_Project/ROS2/techdiffbot/install/serial/lib/python3.10/site-packages'
[32.106s] Level 1:colcon.colcon_core.environment:checking '/home/jlukas/My_Project/ROS2/techdiffbot/install/serial/bin'
[32.338s] INFO:colcon.colcon_core.shell:Creating package script '/home/jlukas/My_Project/ROS2/techdiffbot/install/serial/share/serial/package.ps1'
[32.348s] INFO:colcon.colcon_core.shell:Creating package descriptor '/home/jlukas/My_Project/ROS2/techdiffbot/install/serial/share/serial/package.dsv'
[32.357s] INFO:colcon.colcon_core.shell:Creating package script '/home/jlukas/My_Project/ROS2/techdiffbot/install/serial/share/serial/package.sh'
[32.367s] INFO:colcon.colcon_core.shell:Creating package script '/home/jlukas/My_Project/ROS2/techdiffbot/install/serial/share/serial/package.bash'
[32.380s] INFO:colcon.colcon_core.shell:Creating package script '/home/jlukas/My_Project/ROS2/techdiffbot/install/serial/share/serial/package.zsh'
[32.391s] Level 1:colcon.colcon_core.environment:create_file_with_runtime_dependencies(/home/jlukas/My_Project/ROS2/techdiffbot/install/serial/share/colcon-core/packages/serial)
[32.411s] Level 1:colcon.colcon_core.environment:create_environment_scripts_only(diffdrive_arduino)
[32.416s] DEBUG:colcon.colcon_core.event_handler.log_command:Invoked command in '/home/jlukas/My_Project/ROS2/techdiffbot/build/diffdrive_arduino' returned '0': CMAKE_PREFIX_PATH=${CMAKE_PREFIX_PATH}:/home/jlukas/My_Project/ROS2/techdiffbot/install/techdiffbot:/opt/ros/humble /usr/bin/cmake --install /home/jlukas/My_Project/ROS2/techdiffbot/build/diffdrive_arduino
[32.678s] Level 1:colcon.colcon_core.environment:checking '/home/jlukas/My_Project/ROS2/techdiffbot/install/diffdrive_arduino' for CMake module files
[32.688s] Level 1:colcon.colcon_core.environment:checking '/home/jlukas/My_Project/ROS2/techdiffbot/install/diffdrive_arduino' for CMake config files
[32.698s] Level 1:colcon.colcon_core.shell:create_environment_hook('diffdrive_arduino', 'cmake_prefix_path')
[32.961s] INFO:colcon.colcon_core.shell:Creating environment hook '/home/jlukas/My_Project/ROS2/techdiffbot/install/diffdrive_arduino/share/diffdrive_arduino/hook/cmake_prefix_path.ps1'
[32.965s] INFO:colcon.colcon_core.shell:Creating environment descriptor '/home/jlukas/My_Project/ROS2/techdiffbot/install/diffdrive_arduino/share/diffdrive_arduino/hook/cmake_prefix_path.dsv'
[32.969s] INFO:colcon.colcon_core.shell:Creating environment hook '/home/jlukas/My_Project/ROS2/techdiffbot/install/diffdrive_arduino/share/diffdrive_arduino/hook/cmake_prefix_path.sh'
[32.976s] Level 1:colcon.colcon_core.environment:checking '/home/jlukas/My_Project/ROS2/techdiffbot/install/diffdrive_arduino/lib'
[32.977s] Level 1:colcon.colcon_core.shell:create_environment_hook('diffdrive_arduino', 'ld_library_path_lib')
[33.212s] INFO:colcon.colcon_core.shell:Creating environment hook '/home/jlukas/My_Project/ROS2/techdiffbot/install/diffdrive_arduino/share/diffdrive_arduino/hook/ld_library_path_lib.ps1'
[33.216s] INFO:colcon.colcon_core.shell:Creating environment descriptor '/home/jlukas/My_Project/ROS2/techdiffbot/install/diffdrive_arduino/share/diffdrive_arduino/hook/ld_library_path_lib.dsv'
[33.221s] INFO:colcon.colcon_core.shell:Creating environment hook '/home/jlukas/My_Project/ROS2/techdiffbot/install/diffdrive_arduino/share/diffdrive_arduino/hook/ld_library_path_lib.sh'
[33.228s] Level 1:colcon.colcon_core.environment:checking '/home/jlukas/My_Project/ROS2/techdiffbot/install/diffdrive_arduino/bin'
[33.229s] Level 1:colcon.colcon_core.environment:checking '/home/jlukas/My_Project/ROS2/techdiffbot/install/diffdrive_arduino/lib/pkgconfig/diffdrive_arduino.pc'
[33.232s] Level 1:colcon.colcon_core.environment:checking '/home/jlukas/My_Project/ROS2/techdiffbot/install/diffdrive_arduino/lib/python3.10/site-packages'
[33.234s] Level 1:colcon.colcon_core.environment:checking '/home/jlukas/My_Project/ROS2/techdiffbot/install/diffdrive_arduino/bin'
[33.466s] INFO:colcon.colcon_core.shell:Creating package script '/home/jlukas/My_Project/ROS2/techdiffbot/install/diffdrive_arduino/share/diffdrive_arduino/package.ps1'
[33.472s] INFO:colcon.colcon_core.shell:Creating package descriptor '/home/jlukas/My_Project/ROS2/techdiffbot/install/diffdrive_arduino/share/diffdrive_arduino/package.dsv'
[33.477s] INFO:colcon.colcon_core.shell:Creating package script '/home/jlukas/My_Project/ROS2/techdiffbot/install/diffdrive_arduino/share/diffdrive_arduino/package.sh'
[33.482s] INFO:colcon.colcon_core.shell:Creating package script '/home/jlukas/My_Project/ROS2/techdiffbot/install/diffdrive_arduino/share/diffdrive_arduino/package.bash'
[33.487s] INFO:colcon.colcon_core.shell:Creating package script '/home/jlukas/My_Project/ROS2/techdiffbot/install/diffdrive_arduino/share/diffdrive_arduino/package.zsh'
[33.491s] Level 1:colcon.colcon_core.environment:create_file_with_runtime_dependencies(/home/jlukas/My_Project/ROS2/techdiffbot/install/diffdrive_arduino/share/colcon-core/packages/diffdrive_arduino)
[33.768s] Level 1:colcon.colcon_core.environment:create_environment_scripts_only(serial)
[34.008s] Level 1:colcon.colcon_core.environment:checking '/home/jlukas/My_Project/ROS2/techdiffbot/install/serial' for CMake module files
[34.016s] Level 1:colcon.colcon_core.environment:checking '/home/jlukas/My_Project/ROS2/techdiffbot/install/serial' for CMake config files
[34.023s] Level 1:colcon.colcon_core.shell:create_environment_hook('serial', 'cmake_prefix_path')
[34.264s] INFO:colcon.colcon_core.shell:Creating environment hook '/home/jlukas/My_Project/ROS2/techdiffbot/install/serial/share/serial/hook/cmake_prefix_path.ps1'
[34.269s] INFO:colcon.colcon_core.shell:Creating environment descriptor '/home/jlukas/My_Project/ROS2/techdiffbot/install/serial/share/serial/hook/cmake_prefix_path.dsv'
[34.274s] INFO:colcon.colcon_core.shell:Creating environment hook '/home/jlukas/My_Project/ROS2/techdiffbot/install/serial/share/serial/hook/cmake_prefix_path.sh'
[34.280s] Level 1:colcon.colcon_core.environment:checking '/home/jlukas/My_Project/ROS2/techdiffbot/install/serial/lib'
[34.282s] Level 1:colcon.colcon_core.environment:checking '/home/jlukas/My_Project/ROS2/techdiffbot/install/serial/bin'
[34.283s] Level 1:colcon.colcon_core.environment:checking '/home/jlukas/My_Project/ROS2/techdiffbot/install/serial/lib/pkgconfig/serial.pc'
[34.286s] Level 1:colcon.colcon_core.environment:checking '/home/jlukas/My_Project/ROS2/techdiffbot/install/serial/lib/python3.10/site-packages'
[34.289s] Level 1:colcon.colcon_core.environment:checking '/home/jlukas/My_Project/ROS2/techdiffbot/install/serial/bin'
[34.524s] INFO:colcon.colcon_core.shell:Creating package script '/home/jlukas/My_Project/ROS2/techdiffbot/install/serial/share/serial/package.ps1'
[34.529s] INFO:colcon.colcon_core.shell:Creating package descriptor '/home/jlukas/My_Project/ROS2/techdiffbot/install/serial/share/serial/package.dsv'
[34.535s] INFO:colcon.colcon_core.shell:Creating package script '/home/jlukas/My_Project/ROS2/techdiffbot/install/serial/share/serial/package.sh'
[34.541s] INFO:colcon.colcon_core.shell:Creating package script '/home/jlukas/My_Project/ROS2/techdiffbot/install/serial/share/serial/package.bash'
[34.546s] INFO:colcon.colcon_core.shell:Creating package script '/home/jlukas/My_Project/ROS2/techdiffbot/install/serial/share/serial/package.zsh'
[34.551s] Level 1:colcon.colcon_core.environment:create_file_with_runtime_dependencies(/home/jlukas/My_Project/ROS2/techdiffbot/install/serial/share/colcon-core/packages/serial)
[34.804s] Level 1:colcon.colcon_core.environment:create_environment_scripts_only(diffdrive_arduino)
[35.038s] Level 1:colcon.colcon_core.environment:checking '/home/jlukas/My_Project/ROS2/techdiffbot/install/diffdrive_arduino' for CMake module files
[35.047s] Level 1:colcon.colcon_core.environment:checking '/home/jlukas/My_Project/ROS2/techdiffbot/install/diffdrive_arduino' for CMake config files
[35.056s] Level 1:colcon.colcon_core.shell:create_environment_hook('diffdrive_arduino', 'cmake_prefix_path')
[35.312s] INFO:colcon.colcon_core.shell:Creating environment hook '/home/jlukas/My_Project/ROS2/techdiffbot/install/diffdrive_arduino/share/diffdrive_arduino/hook/cmake_prefix_path.ps1'
[35.316s] INFO:colcon.colcon_core.shell:Creating environment descriptor '/home/jlukas/My_Project/ROS2/techdiffbot/install/diffdrive_arduino/share/diffdrive_arduino/hook/cmake_prefix_path.dsv'
[35.320s] INFO:colcon.colcon_core.shell:Creating environment hook '/home/jlukas/My_Project/ROS2/techdiffbot/install/diffdrive_arduino/share/diffdrive_arduino/hook/cmake_prefix_path.sh'
[35.325s] Level 1:colcon.colcon_core.environment:checking '/home/jlukas/My_Project/ROS2/techdiffbot/install/diffdrive_arduino/lib'
[35.326s] Level 1:colcon.colcon_core.shell:create_environment_hook('diffdrive_arduino', 'ld_library_path_lib')
[35.562s] INFO:colcon.colcon_core.shell:Creating environment hook '/home/jlukas/My_Project/ROS2/techdiffbot/install/diffdrive_arduino/share/diffdrive_arduino/hook/ld_library_path_lib.ps1'
[35.567s] INFO:colcon.colcon_core.shell:Creating environment descriptor '/home/jlukas/My_Project/ROS2/techdiffbot/install/diffdrive_arduino/share/diffdrive_arduino/hook/ld_library_path_lib.dsv'
[35.571s] INFO:colcon.colcon_core.shell:Creating environment hook '/home/jlukas/My_Project/ROS2/techdiffbot/install/diffdrive_arduino/share/diffdrive_arduino/hook/ld_library_path_lib.sh'
[35.578s] Level 1:colcon.colcon_core.environment:checking '/home/jlukas/My_Project/ROS2/techdiffbot/install/diffdrive_arduino/bin'
[35.579s] Level 1:colcon.colcon_core.environment:checking '/home/jlukas/My_Project/ROS2/techdiffbot/install/diffdrive_arduino/lib/pkgconfig/diffdrive_arduino.pc'
[35.581s] Level 1:colcon.colcon_core.environment:checking '/home/jlukas/My_Project/ROS2/techdiffbot/install/diffdrive_arduino/lib/python3.10/site-packages'
[35.584s] Level 1:colcon.colcon_core.environment:checking '/home/jlukas/My_Project/ROS2/techdiffbot/install/diffdrive_arduino/bin'
[35.806s] INFO:colcon.colcon_core.shell:Creating package script '/home/jlukas/My_Project/ROS2/techdiffbot/install/diffdrive_arduino/share/diffdrive_arduino/package.ps1'
[35.812s] INFO:colcon.colcon_core.shell:Creating package descriptor '/home/jlukas/My_Project/ROS2/techdiffbot/install/diffdrive_arduino/share/diffdrive_arduino/package.dsv'
[35.818s] INFO:colcon.colcon_core.shell:Creating package script '/home/jlukas/My_Project/ROS2/techdiffbot/install/diffdrive_arduino/share/diffdrive_arduino/package.sh'
[35.825s] INFO:colcon.colcon_core.shell:Creating package script '/home/jlukas/My_Project/ROS2/techdiffbot/install/diffdrive_arduino/share/diffdrive_arduino/package.bash'
[35.831s] INFO:colcon.colcon_core.shell:Creating package script '/home/jlukas/My_Project/ROS2/techdiffbot/install/diffdrive_arduino/share/diffdrive_arduino/package.zsh'
[35.835s] Level 1:colcon.colcon_core.environment:create_file_with_runtime_dependencies(/home/jlukas/My_Project/ROS2/techdiffbot/install/diffdrive_arduino/share/colcon-core/packages/diffdrive_arduino)
[37.821s] DEBUG:colcon.colcon_core.event_handler.log_command:Invoking command in '/home/jlukas/My_Project/ROS2/techdiffbot/src/techdiffbot': PYTHONPATH=/home/jlukas/My_Project/ROS2/techdiffbot/build/techdiffbot/prefix_override:/home/jlukas/My_Project/ROS2/techdiffbot/install/techdiffbot/lib/python3.10/site-packages:${PYTHONPATH} /usr/bin/python3 setup.py egg_info --egg-base ../../build/techdiffbot build --build-base /home/jlukas/My_Project/ROS2/techdiffbot/build/techdiffbot/build install --record /home/jlukas/My_Project/ROS2/techdiffbot/build/techdiffbot/install.log --single-version-externally-managed
[41.668s] DEBUG:colcon.colcon_core.event_handler.log_command:Invoked command in '/home/jlukas/My_Project/ROS2/techdiffbot/src/techdiffbot' returned '0': PYTHONPATH=/home/jlukas/My_Project/ROS2/techdiffbot/build/techdiffbot/prefix_override:/home/jlukas/My_Project/ROS2/techdiffbot/install/techdiffbot/lib/python3.10/site-packages:${PYTHONPATH} /usr/bin/python3 setup.py egg_info --egg-base ../../build/techdiffbot build --build-base /home/jlukas/My_Project/ROS2/techdiffbot/build/techdiffbot/build install --record /home/jlukas/My_Project/ROS2/techdiffbot/build/techdiffbot/install.log --single-version-externally-managed
[41.863s] Level 1:colcon.colcon_core.environment:checking '/home/jlukas/My_Project/ROS2/techdiffbot/install/techdiffbot' for CMake module files
[41.870s] Level 1:colcon.colcon_core.environment:checking '/home/jlukas/My_Project/ROS2/techdiffbot/install/techdiffbot' for CMake config files
[41.881s] Level 1:colcon.colcon_core.environment:checking '/home/jlukas/My_Project/ROS2/techdiffbot/install/techdiffbot/lib'
[41.882s] Level 1:colcon.colcon_core.environment:checking '/home/jlukas/My_Project/ROS2/techdiffbot/install/techdiffbot/bin'
[41.883s] Level 1:colcon.colcon_core.environment:checking '/home/jlukas/My_Project/ROS2/techdiffbot/install/techdiffbot/lib/pkgconfig/techdiffbot.pc'
[41.885s] Level 1:colcon.colcon_core.environment:checking '/home/jlukas/My_Project/ROS2/techdiffbot/install/techdiffbot/lib/python3.10/site-packages'
[41.886s] Level 1:colcon.colcon_core.shell:create_environment_hook('techdiffbot', 'pythonpath')
[42.073s] INFO:colcon.colcon_core.shell:Creating environment hook '/home/jlukas/My_Project/ROS2/techdiffbot/install/techdiffbot/share/techdiffbot/hook/pythonpath.ps1'
[42.078s] INFO:colcon.colcon_core.shell:Creating environment descriptor '/home/jlukas/My_Project/ROS2/techdiffbot/install/techdiffbot/share/techdiffbot/hook/pythonpath.dsv'
[42.083s] INFO:colcon.colcon_core.shell:Creating environment hook '/home/jlukas/My_Project/ROS2/techdiffbot/install/techdiffbot/share/techdiffbot/hook/pythonpath.sh'
[42.089s] Level 1:colcon.colcon_core.environment:checking '/home/jlukas/My_Project/ROS2/techdiffbot/install/techdiffbot/bin'
[42.090s] Level 1:colcon.colcon_core.environment:create_environment_scripts_only(techdiffbot)
[42.279s] INFO:colcon.colcon_core.shell:Creating package script '/home/jlukas/My_Project/ROS2/techdiffbot/install/techdiffbot/share/techdiffbot/package.ps1'
[42.284s] INFO:colcon.colcon_core.shell:Creating package descriptor '/home/jlukas/My_Project/ROS2/techdiffbot/install/techdiffbot/share/techdiffbot/package.dsv'
[42.290s] INFO:colcon.colcon_core.shell:Creating package script '/home/jlukas/My_Project/ROS2/techdiffbot/install/techdiffbot/share/techdiffbot/package.sh'
[42.295s] INFO:colcon.colcon_core.shell:Creating package script '/home/jlukas/My_Project/ROS2/techdiffbot/install/techdiffbot/share/techdiffbot/package.bash'
[42.299s] INFO:colcon.colcon_core.shell:Creating package script '/home/jlukas/My_Project/ROS2/techdiffbot/install/techdiffbot/share/techdiffbot/package.zsh'
[42.303s] Level 1:colcon.colcon_core.environment:create_file_with_runtime_dependencies(/home/jlukas/My_Project/ROS2/techdiffbot/install/techdiffbot/share/colcon-core/packages/techdiffbot)
[42.306s] DEBUG:colcon.colcon_parallel_executor.executor.parallel:closing loop
[42.308s] DEBUG:colcon.colcon_parallel_executor.executor.parallel:loop closed
[42.309s] DEBUG:colcon.colcon_parallel_executor.executor.parallel:run_until_complete finished with '0'
[42.311s] DEBUG:colcon.colcon_core.event_reactor:joining thread
[42.647s] INFO:colcon.colcon_core.plugin_system:Skipping extension 'colcon_notification.desktop_notification.notify_send': Could not find 'notify-send'
[42.648s] INFO:colcon.colcon_core.plugin_system:Skipping extension 'colcon_notification.desktop_notification.terminal_notifier': Not used on non-Darwin systems
[42.649s] INFO:colcon.colcon_core.plugin_system:Skipping extension 'colcon_notification.desktop_notification.win32': Not used on non-Windows systems
[42.649s] INFO:colcon.colcon_notification.desktop_notification:Sending desktop notification using 'notify2'
[43.101s] DEBUG:colcon.colcon_notification.desktop_notification.notify2:Failed to initialize notify2: org.freedesktop.DBus.Error.ServiceUnknown: The name org.freedesktop.Notifications was not provided by any .service files
[43.102s] DEBUG:colcon.colcon_core.event_reactor:joined thread
[43.290s] INFO:colcon.colcon_core.shell:Creating prefix script '/home/jlukas/My_Project/ROS2/techdiffbot/install/local_setup.ps1'
[43.301s] INFO:colcon.colcon_core.shell:Creating prefix util module '/home/jlukas/My_Project/ROS2/techdiffbot/install/_local_setup_util_ps1.py'
[43.323s] INFO:colcon.colcon_core.shell:Creating prefix chain script '/home/jlukas/My_Project/ROS2/techdiffbot/install/setup.ps1'
[43.520s] INFO:colcon.colcon_core.shell:Creating prefix script '/home/jlukas/My_Project/ROS2/techdiffbot/install/local_setup.sh'
[43.528s] INFO:colcon.colcon_core.shell:Creating prefix util module '/home/jlukas/My_Project/ROS2/techdiffbot/install/_local_setup_util_sh.py'
[43.535s] INFO:colcon.colcon_core.shell:Creating prefix chain script '/home/jlukas/My_Project/ROS2/techdiffbot/install/setup.sh'
[43.733s] INFO:colcon.colcon_core.shell:Creating prefix script '/home/jlukas/My_Project/ROS2/techdiffbot/install/local_setup.bash'
[43.741s] INFO:colcon.colcon_core.shell:Creating prefix chain script '/home/jlukas/My_Project/ROS2/techdiffbot/install/setup.bash'
[43.941s] INFO:colcon.colcon_core.shell:Creating prefix script '/home/jlukas/My_Project/ROS2/techdiffbot/install/local_setup.zsh'
[43.950s] INFO:colcon.colcon_core.shell:Creating prefix chain script '/home/jlukas/My_Project/ROS2/techdiffbot/install/setup.zsh'
