[2.313s] Invoking command in '/home/jlukas/Desktop/My_Project/ROS2/techdiffbot/build/librviz_tutorial': CMAKE_PREFIX_PATH=${CMAKE_PREFIX_PATH}:/home/jlukas/Desktop/My_Project/ROS2/techdiffbot/install/techdiffbot:/home/jlukas/Desktop/My_Project/ROS2/ros2_rpi_cv2/install/ros2_rpi_cv2:/home/jlukas/Desktop/My_Project/ROS2/rover/install/rover:/opt/ros/humble /usr/bin/cmake --build /home/jlukas/Desktop/My_Project/ROS2/techdiffbot/build/librviz_tutorial -- -j4 -l4
[2.738s] [ 20%] [34m[1mAutomatic MOC for target myviz[0m
[2.943s] [ 20%] Built target myviz_autogen
[3.185s] [100%] Built target myviz
[3.245s] Invoked command in '/home/jlukas/Desktop/My_Project/ROS2/techdiffbot/build/librviz_tutorial' returned '0': CMAKE_PREFIX_PATH=${CMAKE_PREFIX_PATH}:/home/jlukas/Desktop/My_Project/ROS2/techdiffbot/install/techdiffbot:/home/jlukas/Desktop/My_Project/ROS2/ros2_rpi_cv2/install/ros2_rpi_cv2:/home/jlukas/Desktop/My_Project/ROS2/rover/install/rover:/opt/ros/humble /usr/bin/cmake --build /home/jlukas/Desktop/My_Project/ROS2/techdiffbot/build/librviz_tutorial -- -j4 -l4
[3.768s] Invoking command in '/home/jlukas/Desktop/My_Project/ROS2/techdiffbot/build/librviz_tutorial': CMAKE_PREFIX_PATH=${CMAKE_PREFIX_PATH}:/home/jlukas/Desktop/My_Project/ROS2/techdiffbot/install/techdiffbot:/home/jlukas/Desktop/My_Project/ROS2/ros2_rpi_cv2/install/ros2_rpi_cv2:/home/jlukas/Desktop/My_Project/ROS2/rover/install/rover:/opt/ros/humble /usr/bin/cmake --install /home/jlukas/Desktop/My_Project/ROS2/techdiffbot/build/librviz_tutorial
[3.819s] -- Install configuration: ""
[3.820s] -- Up-to-date: /home/jlukas/Desktop/My_Project/ROS2/techdiffbot/install/librviz_tutorial/lib/librviz_tutorial/myviz
[3.822s] -- Up-to-date: /home/jlukas/Desktop/My_Project/ROS2/techdiffbot/install/librviz_tutorial/share/ament_index/resource_index/package_run_dependencies/librviz_tutorial
[3.824s] -- Up-to-date: /home/jlukas/Desktop/My_Project/ROS2/techdiffbot/install/librviz_tutorial/share/ament_index/resource_index/parent_prefix_path/librviz_tutorial
[3.829s] -- Up-to-date: /home/jlukas/Desktop/My_Project/ROS2/techdiffbot/install/librviz_tutorial/share/librviz_tutorial/environment/ament_prefix_path.sh
[3.830s] -- Up-to-date: /home/jlukas/Desktop/My_Project/ROS2/techdiffbot/install/librviz_tutorial/share/librviz_tutorial/environment/ament_prefix_path.dsv
[3.833s] -- Up-to-date: /home/jlukas/Desktop/My_Project/ROS2/techdiffbot/install/librviz_tutorial/share/librviz_tutorial/environment/path.sh
[3.835s] -- Up-to-date: /home/jlukas/Desktop/My_Project/ROS2/techdiffbot/install/librviz_tutorial/share/librviz_tutorial/environment/path.dsv
[3.840s] -- Up-to-date: /home/jlukas/Desktop/My_Project/ROS2/techdiffbot/install/librviz_tutorial/share/librviz_tutorial/local_setup.bash
[3.844s] -- Up-to-date: /home/jlukas/Desktop/My_Project/ROS2/techdiffbot/install/librviz_tutorial/share/librviz_tutorial/local_setup.sh
[3.847s] -- Up-to-date: /home/jlukas/Desktop/My_Project/ROS2/techdiffbot/install/librviz_tutorial/share/librviz_tutorial/local_setup.zsh
[3.851s] -- Up-to-date: /home/jlukas/Desktop/My_Project/ROS2/techdiffbot/install/librviz_tutorial/share/librviz_tutorial/local_setup.dsv
[3.853s] -- Installing: /home/jlukas/Desktop/My_Project/ROS2/techdiffbot/install/librviz_tutorial/share/librviz_tutorial/package.dsv
[3.862s] -- Up-to-date: /home/jlukas/Desktop/My_Project/ROS2/techdiffbot/install/librviz_tutorial/share/ament_index/resource_index/packages/librviz_tutorial
[3.864s] -- Up-to-date: /home/jlukas/Desktop/My_Project/ROS2/techdiffbot/install/librviz_tutorial/share/librviz_tutorial/cmake/ament_cmake_export_dependencies-extras.cmake
[3.866s] -- Up-to-date: /home/jlukas/Desktop/My_Project/ROS2/techdiffbot/install/librviz_tutorial/share/librviz_tutorial/cmake/librviz_tutorialConfig.cmake
[3.868s] -- Up-to-date: /home/jlukas/Desktop/My_Project/ROS2/techdiffbot/install/librviz_tutorial/share/librviz_tutorial/cmake/librviz_tutorialConfig-version.cmake
[3.870s] -- Up-to-date: /home/jlukas/Desktop/My_Project/ROS2/techdiffbot/install/librviz_tutorial/share/librviz_tutorial/package.xml
[3.885s] Invoked command in '/home/jlukas/Desktop/My_Project/ROS2/techdiffbot/build/librviz_tutorial' returned '0': CMAKE_PREFIX_PATH=${CMAKE_PREFIX_PATH}:/home/jlukas/Desktop/My_Project/ROS2/techdiffbot/install/techdiffbot:/home/jlukas/Desktop/My_Project/ROS2/ros2_rpi_cv2/install/ros2_rpi_cv2:/home/jlukas/Desktop/My_Project/ROS2/rover/install/rover:/opt/ros/humble /usr/bin/cmake --install /home/jlukas/Desktop/My_Project/ROS2/techdiffbot/build/librviz_tutorial
