[16.532s] DEBUG:colcon:Command line arguments: ['/usr/bin/colcon', 'build', '--symlink-install']
[16.533s] DEBUG:colcon:Parsed command line arguments: Namespace(log_base=None, log_level=None, verb_name='build', build_base='build', install_base='install', merge_install=False, symlink_install=True, test_result_base=None, continue_on_error=False, executor='parallel', parallel_workers=4, event_handlers=None, ignore_user_meta=False, metas=['./colcon.meta'], base_paths=['.'], packages_ignore=None, packages_ignore_regex=None, paths=None, packages_up_to=None, packages_up_to_regex=None, packages_above=None, packages_above_and_dependencies=None, packages_above_depth=None, packages_select_by_dep=None, packages_skip_by_dep=None, packages_skip_up_to=None, packages_select_build_failed=False, packages_skip_build_finished=False, packages_select_test_failures=False, packages_skip_test_passed=False, packages_select=None, packages_skip=None, packages_select_regex=None, packages_skip_regex=None, packages_start=None, packages_end=None, allow_overriding=[], cmake_args=None, cmake_target=None, cmake_target_skip_unavailable=False, cmake_clean_cache=False, cmake_clean_first=False, cmake_force_configure=False, ament_cmake_args=None, catkin_cmake_args=None, catkin_skip_building_tests=False, verb_parser=<colcon_defaults.argument_parser.defaults.DefaultArgumentsDecorator object at 0xffffa0089600>, verb_extension=<colcon_core.verb.build.BuildVerb object at 0xffffa0088a30>, main=<bound method BuildVerb.main of <colcon_core.verb.build.BuildVerb object at 0xffffa0088a30>>)
[17.370s] Level 1:colcon.colcon_core.package_discovery:discover_packages(colcon_meta) check parameters
[17.372s] Level 1:colcon.colcon_core.package_discovery:discover_packages(recursive) check parameters
[17.372s] Level 1:colcon.colcon_core.package_discovery:discover_packages(ignore) check parameters
[17.373s] Level 1:colcon.colcon_core.package_discovery:discover_packages(path) check parameters
[17.373s] Level 1:colcon.colcon_core.package_discovery:discover_packages(colcon_meta) discover
[17.374s] Level 1:colcon.colcon_core.package_discovery:discover_packages(recursive) discover
[17.375s] INFO:colcon.colcon_core.package_discovery:Crawling recursively for packages in '/home/jlukas/ROS2/techdiffbot'
[17.376s] Level 1:colcon.colcon_core.package_identification:_identify(.) by extensions ['ignore', 'ignore_ament_install']
[17.377s] Level 1:colcon.colcon_core.package_identification:_identify(.) by extension 'ignore'
[17.378s] Level 1:colcon.colcon_core.package_identification:_identify(.) by extension 'ignore_ament_install'
[17.379s] Level 1:colcon.colcon_core.package_identification:_identify(.) by extensions ['colcon_pkg']
[17.379s] Level 1:colcon.colcon_core.package_identification:_identify(.) by extension 'colcon_pkg'
[17.380s] Level 1:colcon.colcon_core.package_identification:_identify(.) by extensions ['colcon_meta']
[17.380s] Level 1:colcon.colcon_core.package_identification:_identify(.) by extension 'colcon_meta'
[17.381s] Level 1:colcon.colcon_core.package_identification:_identify(.) by extensions ['ros']
[17.381s] Level 1:colcon.colcon_core.package_identification:_identify(.) by extension 'ros'
[17.643s] Level 1:colcon.colcon_core.package_identification:_identify(.) by extensions ['cmake', 'python']
[17.644s] Level 1:colcon.colcon_core.package_identification:_identify(.) by extension 'cmake'
[17.645s] Level 1:colcon.colcon_core.package_identification:_identify(.) by extension 'python'
[17.645s] Level 1:colcon.colcon_core.package_identification:_identify(.) by extensions ['python_setup_py']
[17.646s] Level 1:colcon.colcon_core.package_identification:_identify(.) by extension 'python_setup_py'
[17.647s] Level 1:colcon.colcon_core.package_identification:_identify(build) by extensions ['ignore', 'ignore_ament_install']
[17.649s] Level 1:colcon.colcon_core.package_identification:_identify(build) by extension 'ignore'
[17.649s] Level 1:colcon.colcon_core.package_identification:_identify(build) ignored
[17.651s] Level 1:colcon.colcon_core.package_identification:_identify(install) by extensions ['ignore', 'ignore_ament_install']
[17.652s] Level 1:colcon.colcon_core.package_identification:_identify(install) by extension 'ignore'
[17.653s] Level 1:colcon.colcon_core.package_identification:_identify(install) ignored
[17.655s] Level 1:colcon.colcon_core.package_identification:_identify(log) by extensions ['ignore', 'ignore_ament_install']
[17.656s] Level 1:colcon.colcon_core.package_identification:_identify(log) by extension 'ignore'
[17.656s] Level 1:colcon.colcon_core.package_identification:_identify(log) ignored
[17.658s] Level 1:colcon.colcon_core.package_identification:_identify(src) by extensions ['ignore', 'ignore_ament_install']
[17.659s] Level 1:colcon.colcon_core.package_identification:_identify(src) by extension 'ignore'
[17.659s] Level 1:colcon.colcon_core.package_identification:_identify(src) by extension 'ignore_ament_install'
[17.660s] Level 1:colcon.colcon_core.package_identification:_identify(src) by extensions ['colcon_pkg']
[17.661s] Level 1:colcon.colcon_core.package_identification:_identify(src) by extension 'colcon_pkg'
[17.662s] Level 1:colcon.colcon_core.package_identification:_identify(src) by extensions ['colcon_meta']
[17.662s] Level 1:colcon.colcon_core.package_identification:_identify(src) by extension 'colcon_meta'
[17.663s] Level 1:colcon.colcon_core.package_identification:_identify(src) by extensions ['ros']
[17.663s] Level 1:colcon.colcon_core.package_identification:_identify(src) by extension 'ros'
[17.664s] Level 1:colcon.colcon_core.package_identification:_identify(src) by extensions ['cmake', 'python']
[17.665s] Level 1:colcon.colcon_core.package_identification:_identify(src) by extension 'cmake'
[17.666s] Level 1:colcon.colcon_core.package_identification:_identify(src) by extension 'python'
[17.666s] Level 1:colcon.colcon_core.package_identification:_identify(src) by extensions ['python_setup_py']
[17.667s] Level 1:colcon.colcon_core.package_identification:_identify(src) by extension 'python_setup_py'
[17.669s] Level 1:colcon.colcon_core.package_identification:_identify(src/diffdrive_arduino) by extensions ['ignore', 'ignore_ament_install']
[17.670s] Level 1:colcon.colcon_core.package_identification:_identify(src/diffdrive_arduino) by extension 'ignore'
[17.671s] Level 1:colcon.colcon_core.package_identification:_identify(src/diffdrive_arduino) by extension 'ignore_ament_install'
[17.672s] Level 1:colcon.colcon_core.package_identification:_identify(src/diffdrive_arduino) by extensions ['colcon_pkg']
[17.672s] Level 1:colcon.colcon_core.package_identification:_identify(src/diffdrive_arduino) by extension 'colcon_pkg'
[17.673s] Level 1:colcon.colcon_core.package_identification:_identify(src/diffdrive_arduino) by extensions ['colcon_meta']
[17.673s] Level 1:colcon.colcon_core.package_identification:_identify(src/diffdrive_arduino) by extension 'colcon_meta'
[17.674s] Level 1:colcon.colcon_core.package_identification:_identify(src/diffdrive_arduino) by extensions ['ros']
[17.675s] Level 1:colcon.colcon_core.package_identification:_identify(src/diffdrive_arduino) by extension 'ros'
[17.713s] DEBUG:colcon.colcon_core.package_identification:Package 'src/diffdrive_arduino' with type 'ros.ament_cmake' and name 'diffdrive_arduino'
[17.716s] Level 1:colcon.colcon_core.package_identification:_identify(src/serial) by extensions ['ignore', 'ignore_ament_install']
[17.717s] Level 1:colcon.colcon_core.package_identification:_identify(src/serial) by extension 'ignore'
[17.718s] Level 1:colcon.colcon_core.package_identification:_identify(src/serial) by extension 'ignore_ament_install'
[17.719s] Level 1:colcon.colcon_core.package_identification:_identify(src/serial) by extensions ['colcon_pkg']
[17.719s] Level 1:colcon.colcon_core.package_identification:_identify(src/serial) by extension 'colcon_pkg'
[17.720s] Level 1:colcon.colcon_core.package_identification:_identify(src/serial) by extensions ['colcon_meta']
[17.721s] Level 1:colcon.colcon_core.package_identification:_identify(src/serial) by extension 'colcon_meta'
[17.721s] Level 1:colcon.colcon_core.package_identification:_identify(src/serial) by extensions ['ros']
[17.722s] Level 1:colcon.colcon_core.package_identification:_identify(src/serial) by extension 'ros'
[17.729s] DEBUG:colcon.colcon_core.package_identification:Package 'src/serial' with type 'ros.ament_cmake' and name 'serial'
[17.730s] Level 1:colcon.colcon_core.package_identification:_identify(src/techdiffbot) by extensions ['ignore', 'ignore_ament_install']
[17.732s] Level 1:colcon.colcon_core.package_identification:_identify(src/techdiffbot) by extension 'ignore'
[17.733s] Level 1:colcon.colcon_core.package_identification:_identify(src/techdiffbot) by extension 'ignore_ament_install'
[17.734s] Level 1:colcon.colcon_core.package_identification:_identify(src/techdiffbot) by extensions ['colcon_pkg']
[17.735s] Level 1:colcon.colcon_core.package_identification:_identify(src/techdiffbot) by extension 'colcon_pkg'
[17.736s] Level 1:colcon.colcon_core.package_identification:_identify(src/techdiffbot) by extensions ['colcon_meta']
[17.736s] Level 1:colcon.colcon_core.package_identification:_identify(src/techdiffbot) by extension 'colcon_meta'
[17.737s] Level 1:colcon.colcon_core.package_identification:_identify(src/techdiffbot) by extensions ['ros']
[17.737s] Level 1:colcon.colcon_core.package_identification:_identify(src/techdiffbot) by extension 'ros'
[17.743s] DEBUG:colcon.colcon_core.package_identification:Package 'src/techdiffbot' with type 'ros.ament_python' and name 'techdiffbot'
[17.744s] Level 1:colcon.colcon_core.package_discovery:discover_packages(recursive) using defaults
[17.745s] Level 1:colcon.colcon_core.package_discovery:discover_packages(ignore) discover
[17.745s] Level 1:colcon.colcon_core.package_discovery:discover_packages(ignore) using defaults
[17.745s] Level 1:colcon.colcon_core.package_discovery:discover_packages(path) discover
[17.746s] Level 1:colcon.colcon_core.package_discovery:discover_packages(path) using defaults
[19.102s] Level 1:colcon.colcon_core.package_discovery:discover_packages(prefix_path) check parameters
[19.104s] Level 1:colcon.colcon_core.package_discovery:discover_packages(prefix_path) discover
[19.581s] DEBUG:colcon.colcon_installed_package_information.package_discovery:Found 3 installed packages in /home/jlukas/ROS2/techdiffbot/install
[19.847s] DEBUG:colcon.colcon_installed_package_information.package_discovery:Found 1 installed packages in /home/jlukas/ldlidar_ros2_ws/install
[20.129s] DEBUG:colcon.colcon_installed_package_information.package_discovery:Found 1 installed packages in /home/jlukas/Desktop/My_Project/ROS2/ros2_rpi_cv2/install
[20.406s] DEBUG:colcon.colcon_installed_package_information.package_discovery:Found 1 installed packages in /home/jlukas/Desktop/My_Project/ROS2/rover/install
[20.682s] DEBUG:colcon.colcon_installed_package_information.package_discovery:Found 3 installed packages in /home/jlukas/Desktop/My_Project/ROS2/techdiffbot/install
[20.907s] DEBUG:colcon.colcon_installed_package_information.package_discovery:Found 323 installed packages in /opt/ros/humble
[20.928s] Level 1:colcon.colcon_core.package_discovery:discover_packages(prefix_path) using defaults
[22.722s] Level 5:colcon.colcon_core.verb:set package 'diffdrive_arduino' build argument 'cmake_args' from command line to 'None'
[22.723s] Level 5:colcon.colcon_core.verb:set package 'diffdrive_arduino' build argument 'cmake_target' from command line to 'None'
[22.723s] Level 5:colcon.colcon_core.verb:set package 'diffdrive_arduino' build argument 'cmake_target_skip_unavailable' from command line to 'False'
[22.723s] Level 5:colcon.colcon_core.verb:set package 'diffdrive_arduino' build argument 'cmake_clean_cache' from command line to 'False'
[22.724s] Level 5:colcon.colcon_core.verb:set package 'diffdrive_arduino' build argument 'cmake_clean_first' from command line to 'False'
[22.724s] Level 5:colcon.colcon_core.verb:set package 'diffdrive_arduino' build argument 'cmake_force_configure' from command line to 'False'
[22.724s] Level 5:colcon.colcon_core.verb:set package 'diffdrive_arduino' build argument 'ament_cmake_args' from command line to 'None'
[22.725s] Level 5:colcon.colcon_core.verb:set package 'diffdrive_arduino' build argument 'catkin_cmake_args' from command line to 'None'
[22.725s] Level 5:colcon.colcon_core.verb:set package 'diffdrive_arduino' build argument 'catkin_skip_building_tests' from command line to 'False'
[22.725s] DEBUG:colcon.colcon_core.verb:Building package 'diffdrive_arduino' with the following arguments: {'ament_cmake_args': None, 'build_base': '/home/jlukas/ROS2/techdiffbot/build/diffdrive_arduino', 'catkin_cmake_args': None, 'catkin_skip_building_tests': False, 'cmake_args': None, 'cmake_clean_cache': False, 'cmake_clean_first': False, 'cmake_force_configure': False, 'cmake_target': None, 'cmake_target_skip_unavailable': False, 'install_base': '/home/jlukas/ROS2/techdiffbot/install/diffdrive_arduino', 'merge_install': False, 'path': '/home/jlukas/ROS2/techdiffbot/src/diffdrive_arduino', 'symlink_install': True, 'test_result_base': None}
[22.919s] Level 5:colcon.colcon_core.verb:set package 'serial' build argument 'cmake_args' from command line to 'None'
[22.920s] Level 5:colcon.colcon_core.verb:set package 'serial' build argument 'cmake_target' from command line to 'None'
[22.920s] Level 5:colcon.colcon_core.verb:set package 'serial' build argument 'cmake_target_skip_unavailable' from command line to 'False'
[22.921s] Level 5:colcon.colcon_core.verb:set package 'serial' build argument 'cmake_clean_cache' from command line to 'False'
[22.921s] Level 5:colcon.colcon_core.verb:set package 'serial' build argument 'cmake_clean_first' from command line to 'False'
[22.921s] Level 5:colcon.colcon_core.verb:set package 'serial' build argument 'cmake_force_configure' from command line to 'False'
[22.922s] Level 5:colcon.colcon_core.verb:set package 'serial' build argument 'ament_cmake_args' from command line to 'None'
[22.922s] Level 5:colcon.colcon_core.verb:set package 'serial' build argument 'catkin_cmake_args' from command line to 'None'
[22.922s] Level 5:colcon.colcon_core.verb:set package 'serial' build argument 'catkin_skip_building_tests' from command line to 'False'
[22.923s] DEBUG:colcon.colcon_core.verb:Building package 'serial' with the following arguments: {'ament_cmake_args': None, 'build_base': '/home/jlukas/ROS2/techdiffbot/build/serial', 'catkin_cmake_args': None, 'catkin_skip_building_tests': False, 'cmake_args': None, 'cmake_clean_cache': False, 'cmake_clean_first': False, 'cmake_force_configure': False, 'cmake_target': None, 'cmake_target_skip_unavailable': False, 'install_base': '/home/jlukas/ROS2/techdiffbot/install/serial', 'merge_install': False, 'path': '/home/jlukas/ROS2/techdiffbot/src/serial', 'symlink_install': True, 'test_result_base': None}
[23.116s] Level 5:colcon.colcon_core.verb:set package 'techdiffbot' build argument 'cmake_args' from command line to 'None'
[23.117s] Level 5:colcon.colcon_core.verb:set package 'techdiffbot' build argument 'cmake_target' from command line to 'None'
[23.117s] Level 5:colcon.colcon_core.verb:set package 'techdiffbot' build argument 'cmake_target_skip_unavailable' from command line to 'False'
[23.117s] Level 5:colcon.colcon_core.verb:set package 'techdiffbot' build argument 'cmake_clean_cache' from command line to 'False'
[23.118s] Level 5:colcon.colcon_core.verb:set package 'techdiffbot' build argument 'cmake_clean_first' from command line to 'False'
[23.118s] Level 5:colcon.colcon_core.verb:set package 'techdiffbot' build argument 'cmake_force_configure' from command line to 'False'
[23.118s] Level 5:colcon.colcon_core.verb:set package 'techdiffbot' build argument 'ament_cmake_args' from command line to 'None'
[23.119s] Level 5:colcon.colcon_core.verb:set package 'techdiffbot' build argument 'catkin_cmake_args' from command line to 'None'
[23.119s] Level 5:colcon.colcon_core.verb:set package 'techdiffbot' build argument 'catkin_skip_building_tests' from command line to 'False'
[23.119s] DEBUG:colcon.colcon_core.verb:Building package 'techdiffbot' with the following arguments: {'ament_cmake_args': None, 'build_base': '/home/jlukas/ROS2/techdiffbot/build/techdiffbot', 'catkin_cmake_args': None, 'catkin_skip_building_tests': False, 'cmake_args': None, 'cmake_clean_cache': False, 'cmake_clean_first': False, 'cmake_force_configure': False, 'cmake_target': None, 'cmake_target_skip_unavailable': False, 'install_base': '/home/jlukas/ROS2/techdiffbot/install/techdiffbot', 'merge_install': False, 'path': '/home/jlukas/ROS2/techdiffbot/src/techdiffbot', 'symlink_install': True, 'test_result_base': None}
[23.310s] INFO:colcon.colcon_core.executor:Executing jobs using 'parallel' executor
[23.508s] DEBUG:colcon.colcon_parallel_executor.executor.parallel:run_until_complete
[23.512s] INFO:colcon.colcon_ros.task.ament_cmake.build:Building ROS package in '/home/jlukas/ROS2/techdiffbot/src/diffdrive_arduino' with build type 'ament_cmake'
[23.514s] INFO:colcon.colcon_cmake.task.cmake.build:Building CMake package in '/home/jlukas/ROS2/techdiffbot/src/diffdrive_arduino'
[23.768s] INFO:colcon.colcon_core.plugin_system:Skipping extension 'colcon_core.shell.bat': Not used on non-Windows systems
[23.770s] INFO:colcon.colcon_core.shell:Skip shell extension 'powershell' for command environment: Not usable outside of PowerShell
[23.770s] DEBUG:colcon.colcon_core.shell:Skip shell extension 'dsv' for command environment
[25.353s] INFO:colcon.colcon_ros.task.ament_cmake.build:Building ROS package in '/home/jlukas/ROS2/techdiffbot/src/serial' with build type 'ament_cmake'
[25.354s] INFO:colcon.colcon_cmake.task.cmake.build:Building CMake package in '/home/jlukas/ROS2/techdiffbot/src/serial'
[25.704s] INFO:colcon.colcon_core.shell:Skip shell extension 'powershell' for command environment: Not usable outside of PowerShell
[25.705s] DEBUG:colcon.colcon_core.shell:Skip shell extension 'dsv' for command environment
[27.548s] INFO:colcon.colcon_ros.task.ament_python.build:Building ROS package in '/home/jlukas/ROS2/techdiffbot/src/techdiffbot' with build type 'ament_python'
[27.550s] Level 1:colcon.colcon_core.shell:create_environment_hook('techdiffbot', 'ament_prefix_path')
[27.756s] INFO:colcon.colcon_core.shell:Creating environment hook '/home/jlukas/ROS2/techdiffbot/install/techdiffbot/share/techdiffbot/hook/ament_prefix_path.ps1'
[27.766s] INFO:colcon.colcon_core.shell:Creating environment descriptor '/home/jlukas/ROS2/techdiffbot/install/techdiffbot/share/techdiffbot/hook/ament_prefix_path.dsv'
[27.774s] INFO:colcon.colcon_core.shell:Creating environment hook '/home/jlukas/ROS2/techdiffbot/install/techdiffbot/share/techdiffbot/hook/ament_prefix_path.sh'
[27.984s] INFO:colcon.colcon_core.shell:Skip shell extension 'powershell' for command environment: Not usable outside of PowerShell
[27.985s] DEBUG:colcon.colcon_core.shell:Skip shell extension 'dsv' for command environment
[29.525s] DEBUG:colcon.colcon_core.event_handler.log_command:Invoking command in '/home/jlukas/ROS2/techdiffbot/build/diffdrive_arduino': CMAKE_PREFIX_PATH=${CMAKE_PREFIX_PATH}:/home/jlukas/ROS2/techdiffbot/install/techdiffbot:/home/jlukas/Desktop/My_Project/ROS2/ros2_rpi_cv2/install/ros2_rpi_cv2:/home/jlukas/Desktop/My_Project/ROS2/rover/install/rover:/home/jlukas/Desktop/My_Project/ROS2/techdiffbot/install/techdiffbot:/opt/ros/humble /usr/bin/cmake --build /home/jlukas/ROS2/techdiffbot/build/diffdrive_arduino -- -j4 -l4
[29.637s] DEBUG:colcon.colcon_core.event_handler.log_command:Invoking command in '/home/jlukas/ROS2/techdiffbot/build/serial': CMAKE_PREFIX_PATH=${CMAKE_PREFIX_PATH}:/home/jlukas/ROS2/techdiffbot/install/techdiffbot:/home/jlukas/Desktop/My_Project/ROS2/ros2_rpi_cv2/install/ros2_rpi_cv2:/home/jlukas/Desktop/My_Project/ROS2/rover/install/rover:/home/jlukas/Desktop/My_Project/ROS2/techdiffbot/install/techdiffbot:/opt/ros/humble /usr/bin/cmake --build /home/jlukas/ROS2/techdiffbot/build/serial -- -j4 -l4
[35.284s] INFO:colcon.colcon_core.task.python.build:Building Python package in '/home/jlukas/ROS2/techdiffbot/src/techdiffbot'
[35.499s] INFO:colcon.colcon_core.shell:Skip shell extension 'powershell' for command environment: Not usable outside of PowerShell
[35.500s] DEBUG:colcon.colcon_core.shell:Skip shell extension 'dsv' for command environment
[36.994s] DEBUG:colcon.colcon_core.event_handler.log_command:Invoked command in '/home/jlukas/ROS2/techdiffbot/build/diffdrive_arduino' returned '0': CMAKE_PREFIX_PATH=${CMAKE_PREFIX_PATH}:/home/jlukas/ROS2/techdiffbot/install/techdiffbot:/home/jlukas/Desktop/My_Project/ROS2/ros2_rpi_cv2/install/ros2_rpi_cv2:/home/jlukas/Desktop/My_Project/ROS2/rover/install/rover:/home/jlukas/Desktop/My_Project/ROS2/techdiffbot/install/techdiffbot:/opt/ros/humble /usr/bin/cmake --build /home/jlukas/ROS2/techdiffbot/build/diffdrive_arduino -- -j4 -l4
[37.009s] DEBUG:colcon.colcon_core.event_handler.log_command:Invoked command in '/home/jlukas/ROS2/techdiffbot/build/serial' returned '0': CMAKE_PREFIX_PATH=${CMAKE_PREFIX_PATH}:/home/jlukas/ROS2/techdiffbot/install/techdiffbot:/home/jlukas/Desktop/My_Project/ROS2/ros2_rpi_cv2/install/ros2_rpi_cv2:/home/jlukas/Desktop/My_Project/ROS2/rover/install/rover:/home/jlukas/Desktop/My_Project/ROS2/techdiffbot/install/techdiffbot:/opt/ros/humble /usr/bin/cmake --build /home/jlukas/ROS2/techdiffbot/build/serial -- -j4 -l4
[37.477s] DEBUG:colcon.colcon_core.event_handler.log_command:Invoking command in '/home/jlukas/ROS2/techdiffbot/build/diffdrive_arduino': CMAKE_PREFIX_PATH=${CMAKE_PREFIX_PATH}:/home/jlukas/ROS2/techdiffbot/install/techdiffbot:/home/jlukas/Desktop/My_Project/ROS2/ros2_rpi_cv2/install/ros2_rpi_cv2:/home/jlukas/Desktop/My_Project/ROS2/rover/install/rover:/home/jlukas/Desktop/My_Project/ROS2/techdiffbot/install/techdiffbot:/opt/ros/humble /usr/bin/cmake --install /home/jlukas/ROS2/techdiffbot/build/diffdrive_arduino
[37.583s] DEBUG:colcon.colcon_core.event_handler.log_command:Invoking command in '/home/jlukas/ROS2/techdiffbot/build/serial': CMAKE_PREFIX_PATH=${CMAKE_PREFIX_PATH}:/home/jlukas/ROS2/techdiffbot/install/techdiffbot:/home/jlukas/Desktop/My_Project/ROS2/ros2_rpi_cv2/install/ros2_rpi_cv2:/home/jlukas/Desktop/My_Project/ROS2/rover/install/rover:/home/jlukas/Desktop/My_Project/ROS2/techdiffbot/install/techdiffbot:/opt/ros/humble /usr/bin/cmake --install /home/jlukas/ROS2/techdiffbot/build/serial
[37.943s] Level 1:colcon.colcon_core.environment:create_environment_scripts_only(serial)
[37.949s] DEBUG:colcon.colcon_core.event_handler.log_command:Invoked command in '/home/jlukas/ROS2/techdiffbot/build/serial' returned '0': CMAKE_PREFIX_PATH=${CMAKE_PREFIX_PATH}:/home/jlukas/ROS2/techdiffbot/install/techdiffbot:/home/jlukas/Desktop/My_Project/ROS2/ros2_rpi_cv2/install/ros2_rpi_cv2:/home/jlukas/Desktop/My_Project/ROS2/rover/install/rover:/home/jlukas/Desktop/My_Project/ROS2/techdiffbot/install/techdiffbot:/opt/ros/humble /usr/bin/cmake --install /home/jlukas/ROS2/techdiffbot/build/serial
[38.308s] Level 1:colcon.colcon_core.environment:checking '/home/jlukas/ROS2/techdiffbot/install/serial' for CMake module files
[38.317s] Level 1:colcon.colcon_core.environment:checking '/home/jlukas/ROS2/techdiffbot/install/serial' for CMake config files
[38.324s] Level 1:colcon.colcon_core.shell:create_environment_hook('serial', 'cmake_prefix_path')
[38.563s] INFO:colcon.colcon_core.shell:Creating environment hook '/home/jlukas/ROS2/techdiffbot/install/serial/share/serial/hook/cmake_prefix_path.ps1'
[38.570s] INFO:colcon.colcon_core.shell:Creating environment descriptor '/home/jlukas/ROS2/techdiffbot/install/serial/share/serial/hook/cmake_prefix_path.dsv'
[38.578s] INFO:colcon.colcon_core.shell:Creating environment hook '/home/jlukas/ROS2/techdiffbot/install/serial/share/serial/hook/cmake_prefix_path.sh'
[38.588s] Level 1:colcon.colcon_core.environment:checking '/home/jlukas/ROS2/techdiffbot/install/serial/lib'
[38.590s] Level 1:colcon.colcon_core.environment:checking '/home/jlukas/ROS2/techdiffbot/install/serial/bin'
[38.591s] Level 1:colcon.colcon_core.environment:checking '/home/jlukas/ROS2/techdiffbot/install/serial/lib/pkgconfig/serial.pc'
[38.595s] Level 1:colcon.colcon_core.environment:checking '/home/jlukas/ROS2/techdiffbot/install/serial/lib/python3.10/site-packages'
[38.598s] Level 1:colcon.colcon_core.environment:checking '/home/jlukas/ROS2/techdiffbot/install/serial/bin'
[38.845s] INFO:colcon.colcon_core.shell:Creating package script '/home/jlukas/ROS2/techdiffbot/install/serial/share/serial/package.ps1'
[38.855s] INFO:colcon.colcon_core.shell:Creating package descriptor '/home/jlukas/ROS2/techdiffbot/install/serial/share/serial/package.dsv'
[38.865s] INFO:colcon.colcon_core.shell:Creating package script '/home/jlukas/ROS2/techdiffbot/install/serial/share/serial/package.sh'
[38.876s] INFO:colcon.colcon_core.shell:Creating package script '/home/jlukas/ROS2/techdiffbot/install/serial/share/serial/package.bash'
[38.890s] INFO:colcon.colcon_core.shell:Creating package script '/home/jlukas/ROS2/techdiffbot/install/serial/share/serial/package.zsh'
[38.902s] Level 1:colcon.colcon_core.environment:create_file_with_runtime_dependencies(/home/jlukas/ROS2/techdiffbot/install/serial/share/colcon-core/packages/serial)
[38.921s] Level 1:colcon.colcon_core.environment:create_environment_scripts_only(diffdrive_arduino)
[38.925s] DEBUG:colcon.colcon_core.event_handler.log_command:Invoked command in '/home/jlukas/ROS2/techdiffbot/build/diffdrive_arduino' returned '0': CMAKE_PREFIX_PATH=${CMAKE_PREFIX_PATH}:/home/jlukas/ROS2/techdiffbot/install/techdiffbot:/home/jlukas/Desktop/My_Project/ROS2/ros2_rpi_cv2/install/ros2_rpi_cv2:/home/jlukas/Desktop/My_Project/ROS2/rover/install/rover:/home/jlukas/Desktop/My_Project/ROS2/techdiffbot/install/techdiffbot:/opt/ros/humble /usr/bin/cmake --install /home/jlukas/ROS2/techdiffbot/build/diffdrive_arduino
[39.216s] Level 1:colcon.colcon_core.environment:checking '/home/jlukas/ROS2/techdiffbot/install/diffdrive_arduino' for CMake module files
[39.228s] Level 1:colcon.colcon_core.environment:checking '/home/jlukas/ROS2/techdiffbot/install/diffdrive_arduino' for CMake config files
[39.239s] Level 1:colcon.colcon_core.shell:create_environment_hook('diffdrive_arduino', 'cmake_prefix_path')
[39.509s] INFO:colcon.colcon_core.shell:Creating environment hook '/home/jlukas/ROS2/techdiffbot/install/diffdrive_arduino/share/diffdrive_arduino/hook/cmake_prefix_path.ps1'
[39.515s] INFO:colcon.colcon_core.shell:Creating environment descriptor '/home/jlukas/ROS2/techdiffbot/install/diffdrive_arduino/share/diffdrive_arduino/hook/cmake_prefix_path.dsv'
[39.520s] INFO:colcon.colcon_core.shell:Creating environment hook '/home/jlukas/ROS2/techdiffbot/install/diffdrive_arduino/share/diffdrive_arduino/hook/cmake_prefix_path.sh'
[39.527s] Level 1:colcon.colcon_core.environment:checking '/home/jlukas/ROS2/techdiffbot/install/diffdrive_arduino/lib'
[39.528s] Level 1:colcon.colcon_core.shell:create_environment_hook('diffdrive_arduino', 'ld_library_path_lib')
[39.785s] INFO:colcon.colcon_core.shell:Creating environment hook '/home/jlukas/ROS2/techdiffbot/install/diffdrive_arduino/share/diffdrive_arduino/hook/ld_library_path_lib.ps1'
[39.790s] INFO:colcon.colcon_core.shell:Creating environment descriptor '/home/jlukas/ROS2/techdiffbot/install/diffdrive_arduino/share/diffdrive_arduino/hook/ld_library_path_lib.dsv'
[39.795s] INFO:colcon.colcon_core.shell:Creating environment hook '/home/jlukas/ROS2/techdiffbot/install/diffdrive_arduino/share/diffdrive_arduino/hook/ld_library_path_lib.sh'
[39.800s] Level 1:colcon.colcon_core.environment:checking '/home/jlukas/ROS2/techdiffbot/install/diffdrive_arduino/bin'
[39.801s] Level 1:colcon.colcon_core.environment:checking '/home/jlukas/ROS2/techdiffbot/install/diffdrive_arduino/lib/pkgconfig/diffdrive_arduino.pc'
[39.804s] Level 1:colcon.colcon_core.environment:checking '/home/jlukas/ROS2/techdiffbot/install/diffdrive_arduino/lib/python3.10/site-packages'
[39.807s] Level 1:colcon.colcon_core.environment:checking '/home/jlukas/ROS2/techdiffbot/install/diffdrive_arduino/bin'
[40.052s] INFO:colcon.colcon_core.shell:Creating package script '/home/jlukas/ROS2/techdiffbot/install/diffdrive_arduino/share/diffdrive_arduino/package.ps1'
[40.058s] INFO:colcon.colcon_core.shell:Creating package descriptor '/home/jlukas/ROS2/techdiffbot/install/diffdrive_arduino/share/diffdrive_arduino/package.dsv'
[40.065s] INFO:colcon.colcon_core.shell:Creating package script '/home/jlukas/ROS2/techdiffbot/install/diffdrive_arduino/share/diffdrive_arduino/package.sh'
[40.071s] INFO:colcon.colcon_core.shell:Creating package script '/home/jlukas/ROS2/techdiffbot/install/diffdrive_arduino/share/diffdrive_arduino/package.bash'
[40.077s] INFO:colcon.colcon_core.shell:Creating package script '/home/jlukas/ROS2/techdiffbot/install/diffdrive_arduino/share/diffdrive_arduino/package.zsh'
[40.081s] Level 1:colcon.colcon_core.environment:create_file_with_runtime_dependencies(/home/jlukas/ROS2/techdiffbot/install/diffdrive_arduino/share/colcon-core/packages/diffdrive_arduino)
[40.375s] Level 1:colcon.colcon_core.environment:create_environment_scripts_only(serial)
[40.639s] Level 1:colcon.colcon_core.environment:checking '/home/jlukas/ROS2/techdiffbot/install/serial' for CMake module files
[40.647s] Level 1:colcon.colcon_core.environment:checking '/home/jlukas/ROS2/techdiffbot/install/serial' for CMake config files
[40.656s] Level 1:colcon.colcon_core.shell:create_environment_hook('serial', 'cmake_prefix_path')
[40.905s] INFO:colcon.colcon_core.shell:Creating environment hook '/home/jlukas/ROS2/techdiffbot/install/serial/share/serial/hook/cmake_prefix_path.ps1'
[40.910s] INFO:colcon.colcon_core.shell:Creating environment descriptor '/home/jlukas/ROS2/techdiffbot/install/serial/share/serial/hook/cmake_prefix_path.dsv'
[40.915s] INFO:colcon.colcon_core.shell:Creating environment hook '/home/jlukas/ROS2/techdiffbot/install/serial/share/serial/hook/cmake_prefix_path.sh'
[40.921s] Level 1:colcon.colcon_core.environment:checking '/home/jlukas/ROS2/techdiffbot/install/serial/lib'
[40.923s] Level 1:colcon.colcon_core.environment:checking '/home/jlukas/ROS2/techdiffbot/install/serial/bin'
[40.924s] Level 1:colcon.colcon_core.environment:checking '/home/jlukas/ROS2/techdiffbot/install/serial/lib/pkgconfig/serial.pc'
[40.927s] Level 1:colcon.colcon_core.environment:checking '/home/jlukas/ROS2/techdiffbot/install/serial/lib/python3.10/site-packages'
[40.930s] Level 1:colcon.colcon_core.environment:checking '/home/jlukas/ROS2/techdiffbot/install/serial/bin'
[41.185s] INFO:colcon.colcon_core.shell:Creating package script '/home/jlukas/ROS2/techdiffbot/install/serial/share/serial/package.ps1'
[41.190s] INFO:colcon.colcon_core.shell:Creating package descriptor '/home/jlukas/ROS2/techdiffbot/install/serial/share/serial/package.dsv'
[41.197s] INFO:colcon.colcon_core.shell:Creating package script '/home/jlukas/ROS2/techdiffbot/install/serial/share/serial/package.sh'
[41.203s] INFO:colcon.colcon_core.shell:Creating package script '/home/jlukas/ROS2/techdiffbot/install/serial/share/serial/package.bash'
[41.209s] INFO:colcon.colcon_core.shell:Creating package script '/home/jlukas/ROS2/techdiffbot/install/serial/share/serial/package.zsh'
[41.215s] Level 1:colcon.colcon_core.environment:create_file_with_runtime_dependencies(/home/jlukas/ROS2/techdiffbot/install/serial/share/colcon-core/packages/serial)
[41.473s] Level 1:colcon.colcon_core.environment:create_environment_scripts_only(diffdrive_arduino)
[41.731s] Level 1:colcon.colcon_core.environment:checking '/home/jlukas/ROS2/techdiffbot/install/diffdrive_arduino' for CMake module files
[41.740s] Level 1:colcon.colcon_core.environment:checking '/home/jlukas/ROS2/techdiffbot/install/diffdrive_arduino' for CMake config files
[41.749s] Level 1:colcon.colcon_core.shell:create_environment_hook('diffdrive_arduino', 'cmake_prefix_path')
[41.998s] INFO:colcon.colcon_core.shell:Creating environment hook '/home/jlukas/ROS2/techdiffbot/install/diffdrive_arduino/share/diffdrive_arduino/hook/cmake_prefix_path.ps1'
[42.004s] INFO:colcon.colcon_core.shell:Creating environment descriptor '/home/jlukas/ROS2/techdiffbot/install/diffdrive_arduino/share/diffdrive_arduino/hook/cmake_prefix_path.dsv'
[42.009s] INFO:colcon.colcon_core.shell:Creating environment hook '/home/jlukas/ROS2/techdiffbot/install/diffdrive_arduino/share/diffdrive_arduino/hook/cmake_prefix_path.sh'
[42.016s] Level 1:colcon.colcon_core.environment:checking '/home/jlukas/ROS2/techdiffbot/install/diffdrive_arduino/lib'
[42.017s] Level 1:colcon.colcon_core.shell:create_environment_hook('diffdrive_arduino', 'ld_library_path_lib')
[42.270s] INFO:colcon.colcon_core.shell:Creating environment hook '/home/jlukas/ROS2/techdiffbot/install/diffdrive_arduino/share/diffdrive_arduino/hook/ld_library_path_lib.ps1'
[42.275s] INFO:colcon.colcon_core.shell:Creating environment descriptor '/home/jlukas/ROS2/techdiffbot/install/diffdrive_arduino/share/diffdrive_arduino/hook/ld_library_path_lib.dsv'
[42.279s] INFO:colcon.colcon_core.shell:Creating environment hook '/home/jlukas/ROS2/techdiffbot/install/diffdrive_arduino/share/diffdrive_arduino/hook/ld_library_path_lib.sh'
[42.284s] Level 1:colcon.colcon_core.environment:checking '/home/jlukas/ROS2/techdiffbot/install/diffdrive_arduino/bin'
[42.285s] Level 1:colcon.colcon_core.environment:checking '/home/jlukas/ROS2/techdiffbot/install/diffdrive_arduino/lib/pkgconfig/diffdrive_arduino.pc'
[42.288s] Level 1:colcon.colcon_core.environment:checking '/home/jlukas/ROS2/techdiffbot/install/diffdrive_arduino/lib/python3.10/site-packages'
[42.291s] Level 1:colcon.colcon_core.environment:checking '/home/jlukas/ROS2/techdiffbot/install/diffdrive_arduino/bin'
[42.561s] INFO:colcon.colcon_core.shell:Creating package script '/home/jlukas/ROS2/techdiffbot/install/diffdrive_arduino/share/diffdrive_arduino/package.ps1'
[42.567s] INFO:colcon.colcon_core.shell:Creating package descriptor '/home/jlukas/ROS2/techdiffbot/install/diffdrive_arduino/share/diffdrive_arduino/package.dsv'
[42.574s] INFO:colcon.colcon_core.shell:Creating package script '/home/jlukas/ROS2/techdiffbot/install/diffdrive_arduino/share/diffdrive_arduino/package.sh'
[42.579s] INFO:colcon.colcon_core.shell:Creating package script '/home/jlukas/ROS2/techdiffbot/install/diffdrive_arduino/share/diffdrive_arduino/package.bash'
[42.585s] INFO:colcon.colcon_core.shell:Creating package script '/home/jlukas/ROS2/techdiffbot/install/diffdrive_arduino/share/diffdrive_arduino/package.zsh'
[42.589s] Level 1:colcon.colcon_core.environment:create_file_with_runtime_dependencies(/home/jlukas/ROS2/techdiffbot/install/diffdrive_arduino/share/colcon-core/packages/diffdrive_arduino)
[44.246s] DEBUG:colcon.colcon_core.event_handler.log_command:Invoking command in '/home/jlukas/ROS2/techdiffbot/build/techdiffbot': PYTHONPATH=/home/jlukas/ROS2/techdiffbot/build/techdiffbot/prefix_override:/home/jlukas/ROS2/techdiffbot/install/techdiffbot/lib/python3.10/site-packages:${PYTHONPATH} /usr/bin/python3 setup.py develop --editable --build-directory /home/jlukas/ROS2/techdiffbot/build/techdiffbot/build --no-deps install_data
[50.897s] Level 1:colcon.colcon_core.shell:create_environment_hook('techdiffbot', 'pythonpath_develop')
[50.908s] DEBUG:colcon.colcon_core.event_handler.log_command:Invoked command in '/home/jlukas/ROS2/techdiffbot/build/techdiffbot' returned '0': PYTHONPATH=/home/jlukas/ROS2/techdiffbot/build/techdiffbot/prefix_override:/home/jlukas/ROS2/techdiffbot/install/techdiffbot/lib/python3.10/site-packages:${PYTHONPATH} /usr/bin/python3 setup.py develop --editable --build-directory /home/jlukas/ROS2/techdiffbot/build/techdiffbot/build --no-deps install_data
[51.108s] INFO:colcon.colcon_core.shell:Creating environment hook '/home/jlukas/ROS2/techdiffbot/build/techdiffbot/share/techdiffbot/hook/pythonpath_develop.ps1'
[51.114s] INFO:colcon.colcon_core.shell:Creating environment descriptor '/home/jlukas/ROS2/techdiffbot/build/techdiffbot/share/techdiffbot/hook/pythonpath_develop.dsv'
[51.118s] INFO:colcon.colcon_core.shell:Creating environment hook '/home/jlukas/ROS2/techdiffbot/build/techdiffbot/share/techdiffbot/hook/pythonpath_develop.sh'
[51.327s] Level 1:colcon.colcon_core.environment:checking '/home/jlukas/ROS2/techdiffbot/install/techdiffbot' for CMake module files
[51.333s] Level 1:colcon.colcon_core.environment:checking '/home/jlukas/ROS2/techdiffbot/install/techdiffbot' for CMake config files
[51.346s] Level 1:colcon.colcon_core.environment:checking '/home/jlukas/ROS2/techdiffbot/install/techdiffbot/lib'
[51.348s] Level 1:colcon.colcon_core.environment:checking '/home/jlukas/ROS2/techdiffbot/install/techdiffbot/bin'
[51.349s] Level 1:colcon.colcon_core.environment:checking '/home/jlukas/ROS2/techdiffbot/install/techdiffbot/lib/pkgconfig/techdiffbot.pc'
[51.352s] Level 1:colcon.colcon_core.environment:checking '/home/jlukas/ROS2/techdiffbot/install/techdiffbot/lib/python3.10/site-packages'
[51.353s] Level 1:colcon.colcon_core.shell:create_environment_hook('techdiffbot', 'pythonpath')
[51.560s] INFO:colcon.colcon_core.shell:Creating environment hook '/home/jlukas/ROS2/techdiffbot/install/techdiffbot/share/techdiffbot/hook/pythonpath.ps1'
[51.566s] INFO:colcon.colcon_core.shell:Creating environment descriptor '/home/jlukas/ROS2/techdiffbot/install/techdiffbot/share/techdiffbot/hook/pythonpath.dsv'
[51.570s] INFO:colcon.colcon_core.shell:Creating environment hook '/home/jlukas/ROS2/techdiffbot/install/techdiffbot/share/techdiffbot/hook/pythonpath.sh'
[51.577s] Level 1:colcon.colcon_core.environment:checking '/home/jlukas/ROS2/techdiffbot/install/techdiffbot/bin'
[51.578s] Level 1:colcon.colcon_core.environment:create_environment_scripts_only(techdiffbot)
[51.785s] INFO:colcon.colcon_core.shell:Creating package script '/home/jlukas/ROS2/techdiffbot/install/techdiffbot/share/techdiffbot/package.ps1'
[51.791s] INFO:colcon.colcon_core.shell:Creating package descriptor '/home/jlukas/ROS2/techdiffbot/install/techdiffbot/share/techdiffbot/package.dsv'
[51.798s] INFO:colcon.colcon_core.shell:Creating package script '/home/jlukas/ROS2/techdiffbot/install/techdiffbot/share/techdiffbot/package.sh'
[51.803s] INFO:colcon.colcon_core.shell:Creating package script '/home/jlukas/ROS2/techdiffbot/install/techdiffbot/share/techdiffbot/package.bash'
[51.808s] INFO:colcon.colcon_core.shell:Creating package script '/home/jlukas/ROS2/techdiffbot/install/techdiffbot/share/techdiffbot/package.zsh'
[51.812s] Level 1:colcon.colcon_core.environment:create_file_with_runtime_dependencies(/home/jlukas/ROS2/techdiffbot/install/techdiffbot/share/colcon-core/packages/techdiffbot)
[51.815s] DEBUG:colcon.colcon_parallel_executor.executor.parallel:closing loop
[51.820s] DEBUG:colcon.colcon_parallel_executor.executor.parallel:loop closed
[51.821s] DEBUG:colcon.colcon_parallel_executor.executor.parallel:run_until_complete finished with '0'
[51.822s] DEBUG:colcon.colcon_core.event_reactor:joining thread
[52.200s] INFO:colcon.colcon_core.plugin_system:Skipping extension 'colcon_notification.desktop_notification.notify_send': Could not find 'notify-send'
[52.201s] INFO:colcon.colcon_core.plugin_system:Skipping extension 'colcon_notification.desktop_notification.terminal_notifier': Not used on non-Darwin systems
[52.202s] INFO:colcon.colcon_core.plugin_system:Skipping extension 'colcon_notification.desktop_notification.win32': Not used on non-Windows systems
[52.202s] INFO:colcon.colcon_notification.desktop_notification:Sending desktop notification using 'notify2'
[52.243s] DEBUG:colcon.colcon_notification.desktop_notification.notify2:Failed to initialize notify2: org.freedesktop.DBus.Error.ServiceUnknown: The name org.freedesktop.Notifications was not provided by any .service files
[52.245s] DEBUG:colcon.colcon_core.event_reactor:joined thread
[52.440s] INFO:colcon.colcon_core.shell:Creating prefix script '/home/jlukas/ROS2/techdiffbot/install/local_setup.ps1'
[52.451s] INFO:colcon.colcon_core.shell:Creating prefix util module '/home/jlukas/ROS2/techdiffbot/install/_local_setup_util_ps1.py'
[52.471s] INFO:colcon.colcon_core.shell:Creating prefix chain script '/home/jlukas/ROS2/techdiffbot/install/setup.ps1'
[52.684s] INFO:colcon.colcon_core.shell:Creating prefix script '/home/jlukas/ROS2/techdiffbot/install/local_setup.sh'
[52.695s] INFO:colcon.colcon_core.shell:Creating prefix util module '/home/jlukas/ROS2/techdiffbot/install/_local_setup_util_sh.py'
[52.701s] INFO:colcon.colcon_core.shell:Creating prefix chain script '/home/jlukas/ROS2/techdiffbot/install/setup.sh'
[52.925s] INFO:colcon.colcon_core.shell:Creating prefix script '/home/jlukas/ROS2/techdiffbot/install/local_setup.bash'
[52.937s] INFO:colcon.colcon_core.shell:Creating prefix chain script '/home/jlukas/ROS2/techdiffbot/install/setup.bash'
[53.167s] INFO:colcon.colcon_core.shell:Creating prefix script '/home/jlukas/ROS2/techdiffbot/install/local_setup.zsh'
[53.186s] INFO:colcon.colcon_core.shell:Creating prefix chain script '/home/jlukas/ROS2/techdiffbot/install/setup.zsh'
