[0.710s] Invoking command in '/home/jlukas/My_Project/ROS2/rover/build/rover': PYTHONPATH=/home/jlukas/My_Project/ROS2/rover/build/rover/prefix_override:/home/jlukas/My_Project/ROS2/rover/install/rover/lib/python3.10/site-packages:${PYTHONPATH} WSLENV=ELECTRON_RUN_AS_NODE/w: /usr/bin/python3 setup.py develop --uninstall --editable --build-directory /home/jlukas/My_Project/ROS2/rover/build/rover/build
[0.880s] running develop
[0.975s] Removing /home/jlukas/My_Project/ROS2/rover/install/rover/lib/python3.10/site-packages/rover.egg-link (link to .)
[1.000s] Invoked command in '/home/jlukas/My_Project/ROS2/rover/build/rover' returned '0': PYTHONPATH=/home/jlukas/My_Project/ROS2/rover/build/rover/prefix_override:/home/jlukas/My_Project/ROS2/rover/install/rover/lib/python3.10/site-packages:${PYTHONPATH} WSLENV=ELECTRON_RUN_AS_NODE/w: /usr/bin/python3 setup.py develop --uninstall --editable --build-directory /home/jlukas/My_Project/ROS2/rover/build/rover/build
[1.003s] Invoking command in '/home/jlukas/My_Project/ROS2/rover/src/rover': PYTHONPATH=/home/jlukas/My_Project/ROS2/rover/build/rover/prefix_override:/home/jlukas/My_Project/ROS2/rover/install/rover/lib/python3.10/site-packages:${PYTHONPATH} WSLENV=ELECTRON_RUN_AS_NODE/w: /usr/bin/python3 setup.py egg_info --egg-base ../../build/rover build --build-base /home/jlukas/My_Project/ROS2/rover/build/rover/build install --record /home/jlukas/My_Project/ROS2/rover/build/rover/install.log --single-version-externally-managed
[1.159s] running egg_info
[1.160s] writing ../../build/rover/rover.egg-info/PKG-INFO
[1.160s] writing dependency_links to ../../build/rover/rover.egg-info/dependency_links.txt
[1.160s] writing entry points to ../../build/rover/rover.egg-info/entry_points.txt
[1.161s] writing requirements to ../../build/rover/rover.egg-info/requires.txt
[1.161s] writing top-level names to ../../build/rover/rover.egg-info/top_level.txt
[1.162s] reading manifest file '../../build/rover/rover.egg-info/SOURCES.txt'
[1.163s] writing manifest file '../../build/rover/rover.egg-info/SOURCES.txt'
[1.163s] running build
[1.164s] running build_py
[1.164s] creating /home/jlukas/My_Project/ROS2/rover/build/rover/build
[1.164s] creating /home/jlukas/My_Project/ROS2/rover/build/rover/build/lib
[1.164s] creating /home/jlukas/My_Project/ROS2/rover/build/rover/build/lib/rover
[1.164s] copying rover/lidar_obstacle_diff.py -> /home/jlukas/My_Project/ROS2/rover/build/rover/build/lib/rover
[1.165s] copying rover/lidar_obstacle_avoidance_region_split.py -> /home/jlukas/My_Project/ROS2/rover/build/rover/build/lib/rover
[1.165s] copying rover/__init__.py -> /home/jlukas/My_Project/ROS2/rover/build/rover/build/lib/rover
[1.166s] running install
[1.166s] running install_lib
[1.167s] creating /home/jlukas/My_Project/ROS2/rover/install/rover/lib/python3.10/site-packages/rover
[1.167s] copying /home/jlukas/My_Project/ROS2/rover/build/rover/build/lib/rover/lidar_obstacle_diff.py -> /home/jlukas/My_Project/ROS2/rover/install/rover/lib/python3.10/site-packages/rover
[1.167s] copying /home/jlukas/My_Project/ROS2/rover/build/rover/build/lib/rover/lidar_obstacle_avoidance_region_split.py -> /home/jlukas/My_Project/ROS2/rover/install/rover/lib/python3.10/site-packages/rover
[1.168s] copying /home/jlukas/My_Project/ROS2/rover/build/rover/build/lib/rover/__init__.py -> /home/jlukas/My_Project/ROS2/rover/install/rover/lib/python3.10/site-packages/rover
[1.168s] byte-compiling /home/jlukas/My_Project/ROS2/rover/install/rover/lib/python3.10/site-packages/rover/lidar_obstacle_diff.py to lidar_obstacle_diff.cpython-310.pyc
[1.169s] byte-compiling /home/jlukas/My_Project/ROS2/rover/install/rover/lib/python3.10/site-packages/rover/lidar_obstacle_avoidance_region_split.py to lidar_obstacle_avoidance_region_split.cpython-310.pyc
[1.170s] byte-compiling /home/jlukas/My_Project/ROS2/rover/install/rover/lib/python3.10/site-packages/rover/__init__.py to __init__.cpython-310.pyc
[1.170s] running install_data
[1.171s] copying launch/joystick.control.launch.py -> /home/jlukas/My_Project/ROS2/rover/install/rover/share/rover/launch
[1.172s] running install_egg_info
[1.173s] Copying ../../build/rover/rover.egg-info to /home/jlukas/My_Project/ROS2/rover/install/rover/lib/python3.10/site-packages/rover-0.0.0-py3.10.egg-info
[1.174s] running install_scripts
[1.189s] Installing lidar_differential script to /home/jlukas/My_Project/ROS2/rover/install/rover/lib/rover
[1.189s] Installing lidar_obstacle_region_split script to /home/jlukas/My_Project/ROS2/rover/install/rover/lib/rover
[1.190s] writing list of installed files to '/home/jlukas/My_Project/ROS2/rover/build/rover/install.log'
[1.219s] Invoked command in '/home/jlukas/My_Project/ROS2/rover/src/rover' returned '0': PYTHONPATH=/home/jlukas/My_Project/ROS2/rover/build/rover/prefix_override:/home/jlukas/My_Project/ROS2/rover/install/rover/lib/python3.10/site-packages:${PYTHONPATH} WSLENV=ELECTRON_RUN_AS_NODE/w: /usr/bin/python3 setup.py egg_info --egg-base ../../build/rover build --build-base /home/jlukas/My_Project/ROS2/rover/build/rover/build install --record /home/jlukas/My_Project/ROS2/rover/build/rover/install.log --single-version-externally-managed
