[1.503s] Invoking command in '/home/jlukas/Desktop/My_Project/ROS2/techdiffbot/src/techdiffbot': PYTHONPATH=/home/jlukas/Desktop/My_Project/ROS2/techdiffbot/build/techdiffbot/prefix_override:/home/jlukas/Desktop/My_Project/ROS2/techdiffbot/install/techdiffbot/lib/python3.10/site-packages:${PYTHONPATH} /usr/bin/python3 setup.py egg_info --egg-base ../../build/techdiffbot build --build-base /home/jlukas/Desktop/My_Project/ROS2/techdiffbot/build/techdiffbot/build install --record /home/jlukas/Desktop/My_Project/ROS2/techdiffbot/build/techdiffbot/install.log --single-version-externally-managed
[1.792s] running egg_info
[1.793s] writing ../../build/techdiffbot/techdiffbot.egg-info/PKG-INFO
[1.794s] writing dependency_links to ../../build/techdiffbot/techdiffbot.egg-info/dependency_links.txt
[1.794s] writing entry points to ../../build/techdiffbot/techdiffbot.egg-info/entry_points.txt
[1.795s] writing requirements to ../../build/techdiffbot/techdiffbot.egg-info/requires.txt
[1.795s] writing top-level names to ../../build/techdiffbot/techdiffbot.egg-info/top_level.txt
[1.796s] reading manifest file '../../build/techdiffbot/techdiffbot.egg-info/SOURCES.txt'
[1.797s] writing manifest file '../../build/techdiffbot/techdiffbot.egg-info/SOURCES.txt'
[1.798s] running build
[1.798s] running build_py
[1.798s] running install
[1.799s] running install_lib
[1.799s] running install_data
[1.800s] copying urdf/core.robot.xacro -> /home/jlukas/Desktop/My_Project/ROS2/techdiffbot/install/techdiffbot/share/techdiffbot/urdf
[1.801s] running install_egg_info
[1.804s] removing '/home/jlukas/Desktop/My_Project/ROS2/techdiffbot/install/techdiffbot/lib/python3.10/site-packages/techdiffbot-0.0.0-py3.10.egg-info' (and everything under it)
[1.804s] Copying ../../build/techdiffbot/techdiffbot.egg-info to /home/jlukas/Desktop/My_Project/ROS2/techdiffbot/install/techdiffbot/lib/python3.10/site-packages/techdiffbot-0.0.0-py3.10.egg-info
[1.804s] running install_scripts
[1.821s] writing list of installed files to '/home/jlukas/Desktop/My_Project/ROS2/techdiffbot/build/techdiffbot/install.log'
[1.848s] Invoked command in '/home/jlukas/Desktop/My_Project/ROS2/techdiffbot/src/techdiffbot' returned '0': PYTHONPATH=/home/jlukas/Desktop/My_Project/ROS2/techdiffbot/build/techdiffbot/prefix_override:/home/jlukas/Desktop/My_Project/ROS2/techdiffbot/install/techdiffbot/lib/python3.10/site-packages:${PYTHONPATH} /usr/bin/python3 setup.py egg_info --egg-base ../../build/techdiffbot build --build-base /home/jlukas/Desktop/My_Project/ROS2/techdiffbot/build/techdiffbot/build install --record /home/jlukas/Desktop/My_Project/ROS2/techdiffbot/build/techdiffbot/install.log --single-version-externally-managed
