[6.958s] Invoking command in '/home/jlukas/Desktop/My_Project/ROS2/techdiffbot/src/techdiffbot': PYTHONPATH=/home/jlukas/Desktop/My_Project/ROS2/techdiffbot/build/techdiffbot/prefix_override:/home/jlukas/Desktop/My_Project/ROS2/techdiffbot/install/techdiffbot/lib/python3.10/site-packages:${PYTHONPATH} /usr/bin/python3 setup.py egg_info --egg-base ../../build/techdiffbot build --build-base /home/jlukas/Desktop/My_Project/ROS2/techdiffbot/build/techdiffbot/build install --record /home/jlukas/Desktop/My_Project/ROS2/techdiffbot/build/techdiffbot/install.log --single-version-externally-managed
[8.259s] running egg_info
[8.261s] writing ../../build/techdiffbot/techdiffbot.egg-info/PKG-INFO
[8.262s] writing dependency_links to ../../build/techdiffbot/techdiffbot.egg-info/dependency_links.txt
[8.263s] writing entry points to ../../build/techdiffbot/techdiffbot.egg-info/entry_points.txt
[8.264s] writing requirements to ../../build/techdiffbot/techdiffbot.egg-info/requires.txt
[8.265s] writing top-level names to ../../build/techdiffbot/techdiffbot.egg-info/top_level.txt
[8.274s] reading manifest file '../../build/techdiffbot/techdiffbot.egg-info/SOURCES.txt'
[8.281s] writing manifest file '../../build/techdiffbot/techdiffbot.egg-info/SOURCES.txt'
[8.281s] running build
[8.282s] running build_py
[8.285s] running install
[8.286s] running install_lib
[8.291s] running install_data
[8.300s] copying config/my_controllers.yaml -> /home/jlukas/Desktop/My_Project/ROS2/techdiffbot/install/techdiffbot/share/techdiffbot/config
[8.302s] running install_egg_info
[8.310s] removing '/home/jlukas/Desktop/My_Project/ROS2/techdiffbot/install/techdiffbot/lib/python3.10/site-packages/techdiffbot-0.0.0-py3.10.egg-info' (and everything under it)
[8.312s] Copying ../../build/techdiffbot/techdiffbot.egg-info to /home/jlukas/Desktop/My_Project/ROS2/techdiffbot/install/techdiffbot/lib/python3.10/site-packages/techdiffbot-0.0.0-py3.10.egg-info
[8.318s] running install_scripts
[8.400s] writing list of installed files to '/home/jlukas/Desktop/My_Project/ROS2/techdiffbot/build/techdiffbot/install.log'
[8.524s] Invoked command in '/home/jlukas/Desktop/My_Project/ROS2/techdiffbot/src/techdiffbot' returned '0': PYTHONPATH=/home/jlukas/Desktop/My_Project/ROS2/techdiffbot/build/techdiffbot/prefix_override:/home/jlukas/Desktop/My_Project/ROS2/techdiffbot/install/techdiffbot/lib/python3.10/site-packages:${PYTHONPATH} /usr/bin/python3 setup.py egg_info --egg-base ../../build/techdiffbot build --build-base /home/jlukas/Desktop/My_Project/ROS2/techdiffbot/build/techdiffbot/build install --record /home/jlukas/Desktop/My_Project/ROS2/techdiffbot/build/techdiffbot/install.log --single-version-externally-managed
