[4.656s] DEBUG:colcon:Command line arguments: ['/usr/bin/colcon', 'build', '--symlink-install']
[4.656s] DEBUG:colcon:Parsed command line arguments: Namespace(log_base=None, log_level=None, verb_name='build', build_base='build', install_base='install', merge_install=False, symlink_install=True, test_result_base=None, continue_on_error=False, executor='parallel', parallel_workers=4, event_handlers=None, ignore_user_meta=False, metas=['./colcon.meta'], base_paths=['.'], packages_ignore=None, packages_ignore_regex=None, paths=None, packages_up_to=None, packages_up_to_regex=None, packages_above=None, packages_above_and_dependencies=None, packages_above_depth=None, packages_select_by_dep=None, packages_skip_by_dep=None, packages_skip_up_to=None, packages_select_build_failed=False, packages_skip_build_finished=False, packages_select_test_failures=False, packages_skip_test_passed=False, packages_select=None, packages_skip=None, packages_select_regex=None, packages_skip_regex=None, packages_start=None, packages_end=None, allow_overriding=[], cmake_args=None, cmake_target=None, cmake_target_skip_unavailable=False, cmake_clean_cache=False, cmake_clean_first=False, cmake_force_configure=False, ament_cmake_args=None, catkin_cmake_args=None, catkin_skip_building_tests=False, verb_parser=<colcon_defaults.argument_parser.defaults.DefaultArgumentsDecorator object at 0x7fa9f65f6d10>, verb_extension=<colcon_core.verb.build.BuildVerb object at 0x7fa9f69dfca0>, main=<bound method BuildVerb.main of <colcon_core.verb.build.BuildVerb object at 0x7fa9f69dfca0>>)
[4.912s] Level 1:colcon.colcon_core.package_discovery:discover_packages(colcon_meta) check parameters
[4.913s] Level 1:colcon.colcon_core.package_discovery:discover_packages(recursive) check parameters
[4.915s] Level 1:colcon.colcon_core.package_discovery:discover_packages(ignore) check parameters
[4.915s] Level 1:colcon.colcon_core.package_discovery:discover_packages(path) check parameters
[4.916s] Level 1:colcon.colcon_core.package_discovery:discover_packages(colcon_meta) discover
[4.916s] Level 1:colcon.colcon_core.package_discovery:discover_packages(recursive) discover
[4.916s] INFO:colcon.colcon_core.package_discovery:Crawling recursively for packages in '/home/jlukas/Desktop/My_Project/ROS2/ros2_differential_drive_robot'
[4.916s] Level 1:colcon.colcon_core.package_identification:_identify(.) by extensions ['ignore', 'ignore_ament_install']
[4.916s] Level 1:colcon.colcon_core.package_identification:_identify(.) by extension 'ignore'
[4.916s] Level 1:colcon.colcon_core.package_identification:_identify(.) by extension 'ignore_ament_install'
[4.916s] Level 1:colcon.colcon_core.package_identification:_identify(.) by extensions ['colcon_pkg']
[4.916s] Level 1:colcon.colcon_core.package_identification:_identify(.) by extension 'colcon_pkg'
[4.916s] Level 1:colcon.colcon_core.package_identification:_identify(.) by extensions ['colcon_meta']
[4.916s] Level 1:colcon.colcon_core.package_identification:_identify(.) by extension 'colcon_meta'
[4.916s] Level 1:colcon.colcon_core.package_identification:_identify(.) by extensions ['ros']
[4.916s] Level 1:colcon.colcon_core.package_identification:_identify(.) by extension 'ros'
[4.949s] Level 1:colcon.colcon_core.package_identification:_identify(.) by extensions ['cmake', 'python']
[4.949s] Level 1:colcon.colcon_core.package_identification:_identify(.) by extension 'cmake'
[4.951s] Level 1:colcon.colcon_core.package_identification:_identify(.) by extension 'python'
[4.952s] Level 1:colcon.colcon_core.package_identification:_identify(.) by extensions ['python_setup_py']
[4.952s] Level 1:colcon.colcon_core.package_identification:_identify(.) by extension 'python_setup_py'
[4.952s] Level 1:colcon.colcon_core.package_identification:_identify(build) by extensions ['ignore', 'ignore_ament_install']
[4.952s] Level 1:colcon.colcon_core.package_identification:_identify(build) by extension 'ignore'
[4.952s] Level 1:colcon.colcon_core.package_identification:_identify(build) ignored
[4.952s] Level 1:colcon.colcon_core.package_identification:_identify(install) by extensions ['ignore', 'ignore_ament_install']
[4.953s] Level 1:colcon.colcon_core.package_identification:_identify(install) by extension 'ignore'
[4.953s] Level 1:colcon.colcon_core.package_identification:_identify(install) ignored
[4.953s] Level 1:colcon.colcon_core.package_identification:_identify(log) by extensions ['ignore', 'ignore_ament_install']
[4.953s] Level 1:colcon.colcon_core.package_identification:_identify(log) by extension 'ignore'
[4.953s] Level 1:colcon.colcon_core.package_identification:_identify(log) ignored
[4.953s] Level 1:colcon.colcon_core.package_identification:_identify(src) by extensions ['ignore', 'ignore_ament_install']
[4.955s] Level 1:colcon.colcon_core.package_identification:_identify(src) by extension 'ignore'
[4.956s] Level 1:colcon.colcon_core.package_identification:_identify(src) by extension 'ignore_ament_install'
[4.956s] Level 1:colcon.colcon_core.package_identification:_identify(src) by extensions ['colcon_pkg']
[4.956s] Level 1:colcon.colcon_core.package_identification:_identify(src) by extension 'colcon_pkg'
[4.956s] Level 1:colcon.colcon_core.package_identification:_identify(src) by extensions ['colcon_meta']
[4.956s] Level 1:colcon.colcon_core.package_identification:_identify(src) by extension 'colcon_meta'
[4.956s] Level 1:colcon.colcon_core.package_identification:_identify(src) by extensions ['ros']
[4.956s] Level 1:colcon.colcon_core.package_identification:_identify(src) by extension 'ros'
[4.956s] Level 1:colcon.colcon_core.package_identification:_identify(src) by extensions ['cmake', 'python']
[4.956s] Level 1:colcon.colcon_core.package_identification:_identify(src) by extension 'cmake'
[4.956s] Level 1:colcon.colcon_core.package_identification:_identify(src) by extension 'python'
[4.956s] Level 1:colcon.colcon_core.package_identification:_identify(src) by extensions ['python_setup_py']
[4.956s] Level 1:colcon.colcon_core.package_identification:_identify(src) by extension 'python_setup_py'
[4.956s] Level 1:colcon.colcon_core.package_identification:_identify(src/ros2_differential_drive_robot) by extensions ['ignore', 'ignore_ament_install']
[4.957s] Level 1:colcon.colcon_core.package_identification:_identify(src/ros2_differential_drive_robot) by extension 'ignore'
[4.957s] Level 1:colcon.colcon_core.package_identification:_identify(src/ros2_differential_drive_robot) by extension 'ignore_ament_install'
[4.957s] Level 1:colcon.colcon_core.package_identification:_identify(src/ros2_differential_drive_robot) by extensions ['colcon_pkg']
[4.957s] Level 1:colcon.colcon_core.package_identification:_identify(src/ros2_differential_drive_robot) by extension 'colcon_pkg'
[4.957s] Level 1:colcon.colcon_core.package_identification:_identify(src/ros2_differential_drive_robot) by extensions ['colcon_meta']
[4.957s] Level 1:colcon.colcon_core.package_identification:_identify(src/ros2_differential_drive_robot) by extension 'colcon_meta'
[4.957s] Level 1:colcon.colcon_core.package_identification:_identify(src/ros2_differential_drive_robot) by extensions ['ros']
[4.957s] Level 1:colcon.colcon_core.package_identification:_identify(src/ros2_differential_drive_robot) by extension 'ros'
[4.965s] DEBUG:colcon.colcon_core.package_identification:Package 'src/ros2_differential_drive_robot' with type 'ros.ament_python' and name 'ros2_differential_drive_robot'
[4.967s] Level 1:colcon.colcon_core.package_discovery:discover_packages(recursive) using defaults
[4.968s] Level 1:colcon.colcon_core.package_discovery:discover_packages(ignore) discover
[4.968s] Level 1:colcon.colcon_core.package_discovery:discover_packages(ignore) using defaults
[4.968s] Level 1:colcon.colcon_core.package_discovery:discover_packages(path) discover
[4.968s] Level 1:colcon.colcon_core.package_discovery:discover_packages(path) using defaults
[5.437s] Level 1:colcon.colcon_core.package_discovery:discover_packages(prefix_path) check parameters
[5.439s] Level 1:colcon.colcon_core.package_discovery:discover_packages(prefix_path) discover
[5.528s] WARNING:colcon.colcon_ros.prefix_path.ament:The path '/home/jlukas/Desktop/My_Project/ROS2/ros2_differential_drive_robot/install/ros2_differential_drive_robot' in the environment variable AMENT_PREFIX_PATH doesn't exist
[5.616s] DEBUG:colcon.colcon_installed_package_information.package_discovery:Found 0 installed packages in /home/jlukas/Desktop/My_Project/ROS2/ros2_differential_drive_robot/install
[5.700s] DEBUG:colcon.colcon_installed_package_information.package_discovery:Found 359 installed packages in /opt/ros/humble
[5.712s] Level 1:colcon.colcon_core.package_discovery:discover_packages(prefix_path) using defaults
[6.184s] Level 5:colcon.colcon_core.verb:set package 'ros2_differential_drive_robot' build argument 'cmake_args' from command line to 'None'
[6.184s] Level 5:colcon.colcon_core.verb:set package 'ros2_differential_drive_robot' build argument 'cmake_target' from command line to 'None'
[6.187s] Level 5:colcon.colcon_core.verb:set package 'ros2_differential_drive_robot' build argument 'cmake_target_skip_unavailable' from command line to 'False'
[6.187s] Level 5:colcon.colcon_core.verb:set package 'ros2_differential_drive_robot' build argument 'cmake_clean_cache' from command line to 'False'
[6.188s] Level 5:colcon.colcon_core.verb:set package 'ros2_differential_drive_robot' build argument 'cmake_clean_first' from command line to 'False'
[6.188s] Level 5:colcon.colcon_core.verb:set package 'ros2_differential_drive_robot' build argument 'cmake_force_configure' from command line to 'False'
[6.188s] Level 5:colcon.colcon_core.verb:set package 'ros2_differential_drive_robot' build argument 'ament_cmake_args' from command line to 'None'
[6.188s] Level 5:colcon.colcon_core.verb:set package 'ros2_differential_drive_robot' build argument 'catkin_cmake_args' from command line to 'None'
[6.188s] Level 5:colcon.colcon_core.verb:set package 'ros2_differential_drive_robot' build argument 'catkin_skip_building_tests' from command line to 'False'
[6.188s] DEBUG:colcon.colcon_core.verb:Building package 'ros2_differential_drive_robot' with the following arguments: {'ament_cmake_args': None, 'build_base': '/home/jlukas/Desktop/My_Project/ROS2/ros2_differential_drive_robot/build/ros2_differential_drive_robot', 'catkin_cmake_args': None, 'catkin_skip_building_tests': False, 'cmake_args': None, 'cmake_clean_cache': False, 'cmake_clean_first': False, 'cmake_force_configure': False, 'cmake_target': None, 'cmake_target_skip_unavailable': False, 'install_base': '/home/jlukas/Desktop/My_Project/ROS2/ros2_differential_drive_robot/install/ros2_differential_drive_robot', 'merge_install': False, 'path': '/home/jlukas/Desktop/My_Project/ROS2/ros2_differential_drive_robot/src/ros2_differential_drive_robot', 'symlink_install': True, 'test_result_base': None}
[6.260s] INFO:colcon.colcon_core.executor:Executing jobs using 'parallel' executor
[6.332s] DEBUG:colcon.colcon_parallel_executor.executor.parallel:run_until_complete
[6.336s] INFO:colcon.colcon_ros.task.ament_python.build:Building ROS package in '/home/jlukas/Desktop/My_Project/ROS2/ros2_differential_drive_robot/src/ros2_differential_drive_robot' with build type 'ament_python'
[6.336s] Level 1:colcon.colcon_core.shell:create_environment_hook('ros2_differential_drive_robot', 'ament_prefix_path')
[6.411s] INFO:colcon.colcon_core.plugin_system:Skipping extension 'colcon_core.shell.bat': Not used on non-Windows systems
[6.412s] INFO:colcon.colcon_core.shell:Creating environment hook '/home/jlukas/Desktop/My_Project/ROS2/ros2_differential_drive_robot/install/ros2_differential_drive_robot/share/ros2_differential_drive_robot/hook/ament_prefix_path.ps1'
[6.416s] INFO:colcon.colcon_core.shell:Creating environment descriptor '/home/jlukas/Desktop/My_Project/ROS2/ros2_differential_drive_robot/install/ros2_differential_drive_robot/share/ros2_differential_drive_robot/hook/ament_prefix_path.dsv'
[6.420s] INFO:colcon.colcon_core.shell:Creating environment hook '/home/jlukas/Desktop/My_Project/ROS2/ros2_differential_drive_robot/install/ros2_differential_drive_robot/share/ros2_differential_drive_robot/hook/ament_prefix_path.sh'
[6.496s] INFO:colcon.colcon_core.shell:Skip shell extension 'powershell' for command environment: Not usable outside of PowerShell
[6.496s] DEBUG:colcon.colcon_core.shell:Skip shell extension 'dsv' for command environment
[7.984s] INFO:colcon.colcon_core.task.python.build:Building Python package in '/home/jlukas/Desktop/My_Project/ROS2/ros2_differential_drive_robot/src/ros2_differential_drive_robot'
[8.105s] INFO:colcon.colcon_core.shell:Skip shell extension 'powershell' for command environment: Not usable outside of PowerShell
[8.107s] DEBUG:colcon.colcon_core.shell:Skip shell extension 'dsv' for command environment
[9.848s] DEBUG:colcon.colcon_core.event_handler.log_command:Invoking command in '/home/jlukas/Desktop/My_Project/ROS2/ros2_differential_drive_robot/build/ros2_differential_drive_robot': PYTHONPATH=/home/jlukas/Desktop/My_Project/ROS2/ros2_differential_drive_robot/build/ros2_differential_drive_robot/prefix_override:/home/jlukas/Desktop/My_Project/ROS2/ros2_differential_drive_robot/install/ros2_differential_drive_robot/lib/python3.10/site-packages:${PYTHONPATH} /usr/bin/python3 setup.py develop --editable --build-directory /home/jlukas/Desktop/My_Project/ROS2/ros2_differential_drive_robot/build/ros2_differential_drive_robot/build --no-deps install_data
[11.764s] Level 1:colcon.colcon_core.shell:create_environment_hook('ros2_differential_drive_robot', 'pythonpath_develop')
[11.768s] DEBUG:colcon.colcon_core.event_handler.log_command:Invoked command in '/home/jlukas/Desktop/My_Project/ROS2/ros2_differential_drive_robot/build/ros2_differential_drive_robot' returned '0': PYTHONPATH=/home/jlukas/Desktop/My_Project/ROS2/ros2_differential_drive_robot/build/ros2_differential_drive_robot/prefix_override:/home/jlukas/Desktop/My_Project/ROS2/ros2_differential_drive_robot/install/ros2_differential_drive_robot/lib/python3.10/site-packages:${PYTHONPATH} /usr/bin/python3 setup.py develop --editable --build-directory /home/jlukas/Desktop/My_Project/ROS2/ros2_differential_drive_robot/build/ros2_differential_drive_robot/build --no-deps install_data
[11.840s] INFO:colcon.colcon_core.shell:Creating environment hook '/home/jlukas/Desktop/My_Project/ROS2/ros2_differential_drive_robot/build/ros2_differential_drive_robot/share/ros2_differential_drive_robot/hook/pythonpath_develop.ps1'
[11.844s] INFO:colcon.colcon_core.shell:Creating environment descriptor '/home/jlukas/Desktop/My_Project/ROS2/ros2_differential_drive_robot/build/ros2_differential_drive_robot/share/ros2_differential_drive_robot/hook/pythonpath_develop.dsv'
[11.848s] INFO:colcon.colcon_core.shell:Creating environment hook '/home/jlukas/Desktop/My_Project/ROS2/ros2_differential_drive_robot/build/ros2_differential_drive_robot/share/ros2_differential_drive_robot/hook/pythonpath_develop.sh'
[11.928s] Level 1:colcon.colcon_core.environment:checking '/home/jlukas/Desktop/My_Project/ROS2/ros2_differential_drive_robot/install/ros2_differential_drive_robot' for CMake module files
[11.932s] Level 1:colcon.colcon_core.environment:checking '/home/jlukas/Desktop/My_Project/ROS2/ros2_differential_drive_robot/install/ros2_differential_drive_robot' for CMake config files
[11.932s] Level 1:colcon.colcon_core.environment:checking '/home/jlukas/Desktop/My_Project/ROS2/ros2_differential_drive_robot/install/ros2_differential_drive_robot/lib'
[11.935s] Level 1:colcon.colcon_core.environment:checking '/home/jlukas/Desktop/My_Project/ROS2/ros2_differential_drive_robot/install/ros2_differential_drive_robot/bin'
[11.936s] Level 1:colcon.colcon_core.environment:checking '/home/jlukas/Desktop/My_Project/ROS2/ros2_differential_drive_robot/install/ros2_differential_drive_robot/lib/pkgconfig/ros2_differential_drive_robot.pc'
[11.936s] Level 1:colcon.colcon_core.environment:checking '/home/jlukas/Desktop/My_Project/ROS2/ros2_differential_drive_robot/install/ros2_differential_drive_robot/lib/python3.10/site-packages'
[11.936s] Level 1:colcon.colcon_core.shell:create_environment_hook('ros2_differential_drive_robot', 'pythonpath')
[12.012s] INFO:colcon.colcon_core.shell:Creating environment hook '/home/jlukas/Desktop/My_Project/ROS2/ros2_differential_drive_robot/install/ros2_differential_drive_robot/share/ros2_differential_drive_robot/hook/pythonpath.ps1'
[12.016s] INFO:colcon.colcon_core.shell:Creating environment descriptor '/home/jlukas/Desktop/My_Project/ROS2/ros2_differential_drive_robot/install/ros2_differential_drive_robot/share/ros2_differential_drive_robot/hook/pythonpath.dsv'
[12.016s] INFO:colcon.colcon_core.shell:Creating environment hook '/home/jlukas/Desktop/My_Project/ROS2/ros2_differential_drive_robot/install/ros2_differential_drive_robot/share/ros2_differential_drive_robot/hook/pythonpath.sh'
[12.023s] Level 1:colcon.colcon_core.environment:checking '/home/jlukas/Desktop/My_Project/ROS2/ros2_differential_drive_robot/install/ros2_differential_drive_robot/bin'
[12.024s] Level 1:colcon.colcon_core.environment:create_environment_scripts_only(ros2_differential_drive_robot)
[12.104s] INFO:colcon.colcon_core.shell:Creating package script '/home/jlukas/Desktop/My_Project/ROS2/ros2_differential_drive_robot/install/ros2_differential_drive_robot/share/ros2_differential_drive_robot/package.ps1'
[12.111s] INFO:colcon.colcon_core.shell:Creating package descriptor '/home/jlukas/Desktop/My_Project/ROS2/ros2_differential_drive_robot/install/ros2_differential_drive_robot/share/ros2_differential_drive_robot/package.dsv'
[12.112s] INFO:colcon.colcon_core.shell:Creating package script '/home/jlukas/Desktop/My_Project/ROS2/ros2_differential_drive_robot/install/ros2_differential_drive_robot/share/ros2_differential_drive_robot/package.sh'
[12.116s] INFO:colcon.colcon_core.shell:Creating package script '/home/jlukas/Desktop/My_Project/ROS2/ros2_differential_drive_robot/install/ros2_differential_drive_robot/share/ros2_differential_drive_robot/package.bash'
[12.120s] INFO:colcon.colcon_core.shell:Creating package script '/home/jlukas/Desktop/My_Project/ROS2/ros2_differential_drive_robot/install/ros2_differential_drive_robot/share/ros2_differential_drive_robot/package.zsh'
[12.124s] Level 1:colcon.colcon_core.environment:create_file_with_runtime_dependencies(/home/jlukas/Desktop/My_Project/ROS2/ros2_differential_drive_robot/install/ros2_differential_drive_robot/share/colcon-core/packages/ros2_differential_drive_robot)
[12.132s] DEBUG:colcon.colcon_parallel_executor.executor.parallel:closing loop
[12.132s] DEBUG:colcon.colcon_parallel_executor.executor.parallel:loop closed
[12.132s] DEBUG:colcon.colcon_parallel_executor.executor.parallel:run_until_complete finished with '0'
[12.132s] DEBUG:colcon.colcon_core.event_reactor:joining thread
[12.276s] INFO:colcon.colcon_core.plugin_system:Skipping extension 'colcon_notification.desktop_notification.terminal_notifier': Not used on non-Darwin systems
[12.280s] INFO:colcon.colcon_core.plugin_system:Skipping extension 'colcon_notification.desktop_notification.win32': Not used on non-Windows systems
[12.280s] INFO:colcon.colcon_notification.desktop_notification:Sending desktop notification using 'notify2'
[12.344s] DEBUG:colcon.colcon_core.event_reactor:joined thread
[12.428s] INFO:colcon.colcon_core.shell:Creating prefix script '/home/jlukas/Desktop/My_Project/ROS2/ros2_differential_drive_robot/install/local_setup.ps1'
[12.432s] INFO:colcon.colcon_core.shell:Creating prefix util module '/home/jlukas/Desktop/My_Project/ROS2/ros2_differential_drive_robot/install/_local_setup_util_ps1.py'
[12.436s] INFO:colcon.colcon_core.shell:Creating prefix chain script '/home/jlukas/Desktop/My_Project/ROS2/ros2_differential_drive_robot/install/setup.ps1'
[12.516s] INFO:colcon.colcon_core.shell:Creating prefix script '/home/jlukas/Desktop/My_Project/ROS2/ros2_differential_drive_robot/install/local_setup.sh'
[12.516s] INFO:colcon.colcon_core.shell:Creating prefix util module '/home/jlukas/Desktop/My_Project/ROS2/ros2_differential_drive_robot/install/_local_setup_util_sh.py'
[12.520s] INFO:colcon.colcon_core.shell:Creating prefix chain script '/home/jlukas/Desktop/My_Project/ROS2/ros2_differential_drive_robot/install/setup.sh'
[12.616s] INFO:colcon.colcon_core.shell:Creating prefix script '/home/jlukas/Desktop/My_Project/ROS2/ros2_differential_drive_robot/install/local_setup.bash'
[12.616s] INFO:colcon.colcon_core.shell:Creating prefix chain script '/home/jlukas/Desktop/My_Project/ROS2/ros2_differential_drive_robot/install/setup.bash'
[12.704s] INFO:colcon.colcon_core.shell:Creating prefix script '/home/jlukas/Desktop/My_Project/ROS2/ros2_differential_drive_robot/install/local_setup.zsh'
[12.708s] INFO:colcon.colcon_core.shell:Creating prefix chain script '/home/jlukas/Desktop/My_Project/ROS2/ros2_differential_drive_robot/install/setup.zsh'
