[1.017s] Invoking command in '/home/jlukas/My_Project/ROS2/techdiffbot/src/techdiffbot': PYTHONPATH=/home/jlukas/My_Project/ROS2/techdiffbot/build/techdiffbot/prefix_override:/home/jlukas/My_Project/ROS2/techdiffbot/install/techdiffbot/lib/python3.10/site-packages:${PYTHONPATH} /usr/bin/python3 setup.py egg_info --egg-base ../../build/techdiffbot build --build-base /home/jlukas/My_Project/ROS2/techdiffbot/build/techdiffbot/build install --record /home/jlukas/My_Project/ROS2/techdiffbot/build/techdiffbot/install.log --single-version-externally-managed
[1.282s] running egg_info
[1.283s] writing ../../build/techdiffbot/techdiffbot.egg-info/PKG-INFO
[1.283s] writing dependency_links to ../../build/techdiffbot/techdiffbot.egg-info/dependency_links.txt
[1.283s] writing entry points to ../../build/techdiffbot/techdiffbot.egg-info/entry_points.txt
[1.283s] writing requirements to ../../build/techdiffbot/techdiffbot.egg-info/requires.txt
[1.283s] writing top-level names to ../../build/techdiffbot/techdiffbot.egg-info/top_level.txt
[1.286s] reading manifest file '../../build/techdiffbot/techdiffbot.egg-info/SOURCES.txt'
[1.287s] writing manifest file '../../build/techdiffbot/techdiffbot.egg-info/SOURCES.txt'
[1.287s] running build
[1.287s] running build_py
[1.288s] running install
[1.288s] /usr/lib/python3/dist-packages/setuptools/command/install.py:34: SetuptoolsDeprecationWarning: setup.py install is deprecated. Use build and pip and other standards-based tools.
[1.288s]   warnings.warn(
[1.289s] running install_lib
[1.290s] running install_data
[1.290s] copying urdf/core.robot.xacro -> /home/jlukas/My_Project/ROS2/techdiffbot/install/techdiffbot/share/techdiffbot/urdf
[1.291s] copying urdf/diff.robot.urdf.xacro -> /home/jlukas/My_Project/ROS2/techdiffbot/install/techdiffbot/share/techdiffbot/urdf
[1.291s] running install_egg_info
[1.293s] removing '/home/jlukas/My_Project/ROS2/techdiffbot/install/techdiffbot/lib/python3.10/site-packages/techdiffbot-0.0.0-py3.10.egg-info' (and everything under it)
[1.294s] Copying ../../build/techdiffbot/techdiffbot.egg-info to /home/jlukas/My_Project/ROS2/techdiffbot/install/techdiffbot/lib/python3.10/site-packages/techdiffbot-0.0.0-py3.10.egg-info
[1.295s] running install_scripts
[1.320s] writing list of installed files to '/home/jlukas/My_Project/ROS2/techdiffbot/build/techdiffbot/install.log'
[1.362s] Invoked command in '/home/jlukas/My_Project/ROS2/techdiffbot/src/techdiffbot' returned '0': PYTHONPATH=/home/jlukas/My_Project/ROS2/techdiffbot/build/techdiffbot/prefix_override:/home/jlukas/My_Project/ROS2/techdiffbot/install/techdiffbot/lib/python3.10/site-packages:${PYTHONPATH} /usr/bin/python3 setup.py egg_info --egg-base ../../build/techdiffbot build --build-base /home/jlukas/My_Project/ROS2/techdiffbot/build/techdiffbot/build install --record /home/jlukas/My_Project/ROS2/techdiffbot/build/techdiffbot/install.log --single-version-externally-managed
