running egg_info
creating ../../build/techdiffbot/techdiffbot.egg-info
writing ../../build/techdiffbot/techdiffbot.egg-info/PKG-INFO
writing dependency_links to ../../build/techdiffbot/techdiffbot.egg-info/dependency_links.txt
writing entry points to ../../build/techdiffbot/techdiffbot.egg-info/entry_points.txt
writing requirements to ../../build/techdiffbot/techdiffbot.egg-info/requires.txt
writing top-level names to ../../build/techdiffbot/techdiffbot.egg-info/top_level.txt
writing manifest file '../../build/techdiffbot/techdiffbot.egg-info/SOURCES.txt'
reading manifest file '../../build/techdiffbot/techdiffbot.egg-info/SOURCES.txt'
writing manifest file '../../build/techdiffbot/techdiffbot.egg-info/SOURCES.txt'
running build
running build_py
creating /home/jlukas/Desktop/My_Project/ROS2/techdiffbot/build/techdiffbot/build
creating /home/jlukas/Desktop/My_Project/ROS2/techdiffbot/build/techdiffbot/build/lib
creating /home/jlukas/Desktop/My_Project/ROS2/techdiffbot/build/techdiffbot/build/lib/techdiffbot
copying techdiffbot/__init__.py -> /home/jlukas/Desktop/My_Project/ROS2/techdiffbot/build/techdiffbot/build/lib/techdiffbot
running install
running install_lib
creating /home/jlukas/Desktop/My_Project/ROS2/techdiffbot/install/techdiffbot/lib/python3.10/site-packages/techdiffbot
copying /home/jlukas/Desktop/My_Project/ROS2/techdiffbot/build/techdiffbot/build/lib/techdiffbot/__init__.py -> /home/jlukas/Desktop/My_Project/ROS2/techdiffbot/install/techdiffbot/lib/python3.10/site-packages/techdiffbot
byte-compiling /home/jlukas/Desktop/My_Project/ROS2/techdiffbot/install/techdiffbot/lib/python3.10/site-packages/techdiffbot/__init__.py to __init__.cpython-310.pyc
running install_data
creating /home/jlukas/Desktop/My_Project/ROS2/techdiffbot/install/techdiffbot/share/ament_index
creating /home/jlukas/Desktop/My_Project/ROS2/techdiffbot/install/techdiffbot/share/ament_index/resource_index
creating /home/jlukas/Desktop/My_Project/ROS2/techdiffbot/install/techdiffbot/share/ament_index/resource_index/packages
copying resource/techdiffbot -> /home/jlukas/Desktop/My_Project/ROS2/techdiffbot/install/techdiffbot/share/ament_index/resource_index/packages
copying package.xml -> /home/jlukas/Desktop/My_Project/ROS2/techdiffbot/install/techdiffbot/share/techdiffbot
creating /home/jlukas/Desktop/My_Project/ROS2/techdiffbot/install/techdiffbot/share/techdiffbot/launch
copying launch/rsp.launch.py -> /home/jlukas/Desktop/My_Project/ROS2/techdiffbot/install/techdiffbot/share/techdiffbot/launch
copying launch/gazebo.sim.launch.py -> /home/jlukas/Desktop/My_Project/ROS2/techdiffbot/install/techdiffbot/share/techdiffbot/launch
copying launch/joystick.steam.launch.py -> /home/jlukas/Desktop/My_Project/ROS2/techdiffbot/install/techdiffbot/share/techdiffbot/launch
copying launch/launch_robot.launch.py -> /home/jlukas/Desktop/My_Project/ROS2/techdiffbot/install/techdiffbot/share/techdiffbot/launch
copying launch/camera.launch.py -> /home/jlukas/Desktop/My_Project/ROS2/techdiffbot/install/techdiffbot/share/techdiffbot/launch
copying launch/joystick.control.launch.py -> /home/jlukas/Desktop/My_Project/ROS2/techdiffbot/install/techdiffbot/share/techdiffbot/launch
copying launch/lidar.launch.py -> /home/jlukas/Desktop/My_Project/ROS2/techdiffbot/install/techdiffbot/share/techdiffbot/launch
creating /home/jlukas/Desktop/My_Project/ROS2/techdiffbot/install/techdiffbot/share/techdiffbot/urdf
copying urdf/inertial_macros.xacro -> /home/jlukas/Desktop/My_Project/ROS2/techdiffbot/install/techdiffbot/share/techdiffbot/urdf
copying urdf/gazebo_control.xacro -> /home/jlukas/Desktop/My_Project/ROS2/techdiffbot/install/techdiffbot/share/techdiffbot/urdf
copying urdf/diff.robot.urdf.xacro -> /home/jlukas/Desktop/My_Project/ROS2/techdiffbot/install/techdiffbot/share/techdiffbot/urdf
copying urdf/ros2_control_gazebo.xacro -> /home/jlukas/Desktop/My_Project/ROS2/techdiffbot/install/techdiffbot/share/techdiffbot/urdf
copying urdf/real.robot.gazebo.sim.xacro -> /home/jlukas/Desktop/My_Project/ROS2/techdiffbot/install/techdiffbot/share/techdiffbot/urdf
copying urdf/ros2_control.xacro -> /home/jlukas/Desktop/My_Project/ROS2/techdiffbot/install/techdiffbot/share/techdiffbot/urdf
copying urdf/core.robot.xacro -> /home/jlukas/Desktop/My_Project/ROS2/techdiffbot/install/techdiffbot/share/techdiffbot/urdf
creating /home/jlukas/Desktop/My_Project/ROS2/techdiffbot/install/techdiffbot/share/techdiffbot/config
copying config/gazebo_params.yaml -> /home/jlukas/Desktop/My_Project/ROS2/techdiffbot/install/techdiffbot/share/techdiffbot/config
copying config/gazebo_ros2_ctl_use_sim.yaml -> /home/jlukas/Desktop/My_Project/ROS2/techdiffbot/install/techdiffbot/share/techdiffbot/config
copying config/joystick.yaml -> /home/jlukas/Desktop/My_Project/ROS2/techdiffbot/install/techdiffbot/share/techdiffbot/config
copying config/mapper_params_online_async_old.yaml -> /home/jlukas/Desktop/My_Project/ROS2/techdiffbot/install/techdiffbot/share/techdiffbot/config
copying config/mapper_params_online_async.yaml -> /home/jlukas/Desktop/My_Project/ROS2/techdiffbot/install/techdiffbot/share/techdiffbot/config
copying config/twist_mux.yaml -> /home/jlukas/Desktop/My_Project/ROS2/techdiffbot/install/techdiffbot/share/techdiffbot/config
copying config/my_controllers.yaml -> /home/jlukas/Desktop/My_Project/ROS2/techdiffbot/install/techdiffbot/share/techdiffbot/config
creating /home/jlukas/Desktop/My_Project/ROS2/techdiffbot/install/techdiffbot/share/techdiffbot/rviz2
copying rviz2/my_maze.rviz -> /home/jlukas/Desktop/My_Project/ROS2/techdiffbot/install/techdiffbot/share/techdiffbot/rviz2
copying rviz2/rviz2_techdiffbot_1.rviz -> /home/jlukas/Desktop/My_Project/ROS2/techdiffbot/install/techdiffbot/share/techdiffbot/rviz2
creating /home/jlukas/Desktop/My_Project/ROS2/techdiffbot/install/techdiffbot/share/techdiffbot/world
copying world/slam_world -> /home/jlukas/Desktop/My_Project/ROS2/techdiffbot/install/techdiffbot/share/techdiffbot/world
copying world/gazebo_techdiffbot_first_world -> /home/jlukas/Desktop/My_Project/ROS2/techdiffbot/install/techdiffbot/share/techdiffbot/world
copying world/new_slam_map -> /home/jlukas/Desktop/My_Project/ROS2/techdiffbot/install/techdiffbot/share/techdiffbot/world
copying world/my_maze -> /home/jlukas/Desktop/My_Project/ROS2/techdiffbot/install/techdiffbot/share/techdiffbot/world
copying world/my_map -> /home/jlukas/Desktop/My_Project/ROS2/techdiffbot/install/techdiffbot/share/techdiffbot/world
running install_egg_info
Copying ../../build/techdiffbot/techdiffbot.egg-info to /home/jlukas/Desktop/My_Project/ROS2/techdiffbot/install/techdiffbot/lib/python3.10/site-packages/techdiffbot-0.0.0-py3.10.egg-info
running install_scripts
writing list of installed files to '/home/jlukas/Desktop/My_Project/ROS2/techdiffbot/build/techdiffbot/install.log'
