[1.457s] Invoking command in '/home/jlukas/Desktop/My_Project/ROS2/techdiffbot/src/techdiffbot': PYTHONPATH=/home/jlukas/Desktop/My_Project/ROS2/techdiffbot/build/techdiffbot/prefix_override:/home/jlukas/Desktop/My_Project/ROS2/techdiffbot/install/techdiffbot/lib/python3.10/site-packages:${PYTHONPATH} /usr/bin/python3 setup.py egg_info --egg-base ../../build/techdiffbot build --build-base /home/jlukas/Desktop/My_Project/ROS2/techdiffbot/build/techdiffbot/build install --record /home/jlukas/Desktop/My_Project/ROS2/techdiffbot/build/techdiffbot/install.log --single-version-externally-managed
[1.743s] running egg_info
[1.747s] writing ../../build/techdiffbot/techdiffbot.egg-info/PKG-INFO
[1.753s] writing dependency_links to ../../build/techdiffbot/techdiffbot.egg-info/dependency_links.txt
[1.756s] writing entry points to ../../build/techdiffbot/techdiffbot.egg-info/entry_points.txt
[1.757s] writing requirements to ../../build/techdiffbot/techdiffbot.egg-info/requires.txt
[1.760s] writing top-level names to ../../build/techdiffbot/techdiffbot.egg-info/top_level.txt
[1.762s] reading manifest file '../../build/techdiffbot/techdiffbot.egg-info/SOURCES.txt'
[1.764s] writing manifest file '../../build/techdiffbot/techdiffbot.egg-info/SOURCES.txt'
[1.765s] running build
[1.768s] running build_py
[1.774s] running install
[1.783s] running install_lib
[1.784s] running install_data
[1.788s] copying launch/gazebo.sim.launch.py -> /home/jlukas/Desktop/My_Project/ROS2/techdiffbot/install/techdiffbot/share/techdiffbot/launch
[1.791s] copying urdf/ros2_control.xacro -> /home/jlukas/Desktop/My_Project/ROS2/techdiffbot/install/techdiffbot/share/techdiffbot/urdf
[1.793s] copying urdf/core.robot.xacro -> /home/jlukas/Desktop/My_Project/ROS2/techdiffbot/install/techdiffbot/share/techdiffbot/urdf
[1.797s] copying config/my_controllers.yaml -> /home/jlukas/Desktop/My_Project/ROS2/techdiffbot/install/techdiffbot/share/techdiffbot/config
[1.802s] running install_egg_info
[1.804s] removing '/home/jlukas/Desktop/My_Project/ROS2/techdiffbot/install/techdiffbot/lib/python3.10/site-packages/techdiffbot-0.0.0-py3.10.egg-info' (and everything under it)
[1.807s] Copying ../../build/techdiffbot/techdiffbot.egg-info to /home/jlukas/Desktop/My_Project/ROS2/techdiffbot/install/techdiffbot/lib/python3.10/site-packages/techdiffbot-0.0.0-py3.10.egg-info
[1.809s] running install_scripts
[1.814s] writing list of installed files to '/home/jlukas/Desktop/My_Project/ROS2/techdiffbot/build/techdiffbot/install.log'
[1.836s] Invoked command in '/home/jlukas/Desktop/My_Project/ROS2/techdiffbot/src/techdiffbot' returned '0': PYTHONPATH=/home/jlukas/Desktop/My_Project/ROS2/techdiffbot/build/techdiffbot/prefix_override:/home/jlukas/Desktop/My_Project/ROS2/techdiffbot/install/techdiffbot/lib/python3.10/site-packages:${PYTHONPATH} /usr/bin/python3 setup.py egg_info --egg-base ../../build/techdiffbot build --build-base /home/jlukas/Desktop/My_Project/ROS2/techdiffbot/build/techdiffbot/build install --record /home/jlukas/Desktop/My_Project/ROS2/techdiffbot/build/techdiffbot/install.log --single-version-externally-managed
