[8.198s] Invoking command in '/home/jlukas/My_Project/ROS2/ros2_rpi_motor/src/ros2_rpi_motor': PYTHONPATH=/home/jlukas/My_Project/ROS2/ros2_rpi_motor/build/ros2_rpi_motor/prefix_override:/home/jlukas/My_Project/ROS2/ros2_rpi_motor/install/ros2_rpi_motor/lib/python3.10/site-packages:${PYTHONPATH} /usr/bin/python3 setup.py egg_info --egg-base ../../build/ros2_rpi_motor build --build-base /home/jlukas/My_Project/ROS2/ros2_rpi_motor/build/ros2_rpi_motor/build install --record /home/jlukas/My_Project/ROS2/ros2_rpi_motor/build/ros2_rpi_motor/install.log --single-version-externally-managed
[10.833s] running egg_info
[10.839s] writing ../../build/ros2_rpi_motor/ros2_rpi_motor.egg-info/PKG-INFO
[10.842s] writing dependency_links to ../../build/ros2_rpi_motor/ros2_rpi_motor.egg-info/dependency_links.txt
[10.844s] writing entry points to ../../build/ros2_rpi_motor/ros2_rpi_motor.egg-info/entry_points.txt
[10.846s] writing requirements to ../../build/ros2_rpi_motor/ros2_rpi_motor.egg-info/requires.txt
[10.848s] writing top-level names to ../../build/ros2_rpi_motor/ros2_rpi_motor.egg-info/top_level.txt
[10.866s] reading manifest file '../../build/ros2_rpi_motor/ros2_rpi_motor.egg-info/SOURCES.txt'
[10.879s] writing manifest file '../../build/ros2_rpi_motor/ros2_rpi_motor.egg-info/SOURCES.txt'
[10.880s] running build
[10.882s] running build_py
[10.884s] copying ros2_rpi_motor/motor_subscriber.py -> /home/jlukas/My_Project/ROS2/ros2_rpi_motor/build/ros2_rpi_motor/build/lib/ros2_rpi_motor
[10.889s] running install
[10.891s] /usr/lib/python3/dist-packages/setuptools/command/install.py:34: SetuptoolsDeprecationWarning: setup.py install is deprecated. Use build and pip and other standards-based tools.
[10.892s]   warnings.warn(
[10.893s] running install_lib
[10.905s] copying /home/jlukas/My_Project/ROS2/ros2_rpi_motor/build/ros2_rpi_motor/build/lib/ros2_rpi_motor/motor_subscriber.py -> /home/jlukas/My_Project/ROS2/ros2_rpi_motor/install/ros2_rpi_motor/lib/python3.10/site-packages/ros2_rpi_motor
[10.910s] byte-compiling /home/jlukas/My_Project/ROS2/ros2_rpi_motor/install/ros2_rpi_motor/lib/python3.10/site-packages/ros2_rpi_motor/motor_subscriber.py to motor_subscriber.cpython-310.pyc
[10.919s] running install_data
[10.924s] running install_egg_info
[10.940s] removing '/home/jlukas/My_Project/ROS2/ros2_rpi_motor/install/ros2_rpi_motor/lib/python3.10/site-packages/ros2_rpi_motor-0.0.0-py3.10.egg-info' (and everything under it)
[10.945s] Copying ../../build/ros2_rpi_motor/ros2_rpi_motor.egg-info to /home/jlukas/My_Project/ROS2/ros2_rpi_motor/install/ros2_rpi_motor/lib/python3.10/site-packages/ros2_rpi_motor-0.0.0-py3.10.egg-info
[10.960s] running install_scripts
[11.161s] Installing motor_subscriber_node script to /home/jlukas/My_Project/ROS2/ros2_rpi_motor/install/ros2_rpi_motor/lib/ros2_rpi_motor
[11.163s] Installing publisher_node script to /home/jlukas/My_Project/ROS2/ros2_rpi_motor/install/ros2_rpi_motor/lib/ros2_rpi_motor
[11.165s] Installing subscriber_node script to /home/jlukas/My_Project/ROS2/ros2_rpi_motor/install/ros2_rpi_motor/lib/ros2_rpi_motor
[11.170s] writing list of installed files to '/home/jlukas/My_Project/ROS2/ros2_rpi_motor/build/ros2_rpi_motor/install.log'
[11.431s] Invoked command in '/home/jlukas/My_Project/ROS2/ros2_rpi_motor/src/ros2_rpi_motor' returned '0': PYTHONPATH=/home/jlukas/My_Project/ROS2/ros2_rpi_motor/build/ros2_rpi_motor/prefix_override:/home/jlukas/My_Project/ROS2/ros2_rpi_motor/install/ros2_rpi_motor/lib/python3.10/site-packages:${PYTHONPATH} /usr/bin/python3 setup.py egg_info --egg-base ../../build/ros2_rpi_motor build --build-base /home/jlukas/My_Project/ROS2/ros2_rpi_motor/build/ros2_rpi_motor/build install --record /home/jlukas/My_Project/ROS2/ros2_rpi_motor/build/ros2_rpi_motor/install.log --single-version-externally-managed
