[8.255s] Invoking command in '/home/jlukas/My_Project/ROS2/ros2_rpi_motor/src/ros2_rpi_motor': PYTHONPATH=/home/jlukas/My_Project/ROS2/ros2_rpi_motor/build/ros2_rpi_motor/prefix_override:/home/jlukas/My_Project/ROS2/ros2_rpi_motor/install/ros2_rpi_motor/lib/python3.10/site-packages:${PYTHONPATH} /usr/bin/python3 setup.py egg_info --egg-base ../../build/ros2_rpi_motor build --build-base /home/jlukas/My_Project/ROS2/ros2_rpi_motor/build/ros2_rpi_motor/build install --record /home/jlukas/My_Project/ROS2/ros2_rpi_motor/build/ros2_rpi_motor/install.log --single-version-externally-managed
[10.906s] running egg_info
[10.912s] writing ../../build/ros2_rpi_motor/ros2_rpi_motor.egg-info/PKG-INFO
[10.914s] writing dependency_links to ../../build/ros2_rpi_motor/ros2_rpi_motor.egg-info/dependency_links.txt
[10.917s] writing entry points to ../../build/ros2_rpi_motor/ros2_rpi_motor.egg-info/entry_points.txt
[10.919s] writing requirements to ../../build/ros2_rpi_motor/ros2_rpi_motor.egg-info/requires.txt
[10.920s] writing top-level names to ../../build/ros2_rpi_motor/ros2_rpi_motor.egg-info/top_level.txt
[10.939s] reading manifest file '../../build/ros2_rpi_motor/ros2_rpi_motor.egg-info/SOURCES.txt'
[10.951s] writing manifest file '../../build/ros2_rpi_motor/ros2_rpi_motor.egg-info/SOURCES.txt'
[10.953s] running build
[10.954s] running build_py
[10.957s] copying ros2_rpi_motor/publisher.py -> /home/jlukas/My_Project/ROS2/ros2_rpi_motor/build/ros2_rpi_motor/build/lib/ros2_rpi_motor
[10.960s] running install
[10.961s] /usr/lib/python3/dist-packages/setuptools/command/install.py:34: SetuptoolsDeprecationWarning: setup.py install is deprecated. Use build and pip and other standards-based tools.
[10.962s]   warnings.warn(
[10.964s] running install_lib
[10.973s] copying /home/jlukas/My_Project/ROS2/ros2_rpi_motor/build/ros2_rpi_motor/build/lib/ros2_rpi_motor/publisher.py -> /home/jlukas/My_Project/ROS2/ros2_rpi_motor/install/ros2_rpi_motor/lib/python3.10/site-packages/ros2_rpi_motor
[10.980s] byte-compiling /home/jlukas/My_Project/ROS2/ros2_rpi_motor/install/ros2_rpi_motor/lib/python3.10/site-packages/ros2_rpi_motor/publisher.py to publisher.cpython-310.pyc
[10.984s] running install_data
[10.990s] running install_egg_info
[11.007s] removing '/home/jlukas/My_Project/ROS2/ros2_rpi_motor/install/ros2_rpi_motor/lib/python3.10/site-packages/ros2_rpi_motor-0.0.0-py3.10.egg-info' (and everything under it)
[11.011s] Copying ../../build/ros2_rpi_motor/ros2_rpi_motor.egg-info to /home/jlukas/My_Project/ROS2/ros2_rpi_motor/install/ros2_rpi_motor/lib/python3.10/site-packages/ros2_rpi_motor-0.0.0-py3.10.egg-info
[11.025s] running install_scripts
[11.231s] Installing publisher_node script to /home/jlukas/My_Project/ROS2/ros2_rpi_motor/install/ros2_rpi_motor/lib/ros2_rpi_motor
[11.233s] Installing subscriber_node script to /home/jlukas/My_Project/ROS2/ros2_rpi_motor/install/ros2_rpi_motor/lib/ros2_rpi_motor
[11.237s] writing list of installed files to '/home/jlukas/My_Project/ROS2/ros2_rpi_motor/build/ros2_rpi_motor/install.log'
[11.500s] Invoked command in '/home/jlukas/My_Project/ROS2/ros2_rpi_motor/src/ros2_rpi_motor' returned '0': PYTHONPATH=/home/jlukas/My_Project/ROS2/ros2_rpi_motor/build/ros2_rpi_motor/prefix_override:/home/jlukas/My_Project/ROS2/ros2_rpi_motor/install/ros2_rpi_motor/lib/python3.10/site-packages:${PYTHONPATH} /usr/bin/python3 setup.py egg_info --egg-base ../../build/ros2_rpi_motor build --build-base /home/jlukas/My_Project/ROS2/ros2_rpi_motor/build/ros2_rpi_motor/build install --record /home/jlukas/My_Project/ROS2/ros2_rpi_motor/build/ros2_rpi_motor/install.log --single-version-externally-managed
