[4.296s] Invoking command in '/home/jlukas/ROS2/techdiffbot/build/serial': CMAKE_PREFIX_PATH=${CMAKE_PREFIX_PATH}:/home/jlukas/ROS2/techdiffbot/install/techdiffbot:/home/jlukas/Desktop/My_Project/ROS2/ros2_rpi_cv2/install/ros2_rpi_cv2:/home/jlukas/Desktop/My_Project/ROS2/rover/install/rover:/home/jlukas/Desktop/My_Project/ROS2/techdiffbot/install/techdiffbot:/opt/ros/humble /usr/bin/cmake --build /home/jlukas/ROS2/techdiffbot/build/serial -- -j4 -l4
[8.950s] [35m[1mConsolidate compiler generated dependencies of target gtest_main[0m
[8.965s] [35m[1mConsolidate compiler generated dependencies of target gtest[0m
[8.970s] [35m[1mConsolidate compiler generated dependencies of target serial[0m
[9.342s] [ 14%] Built target gtest_main
[9.350s] [ 42%] Built target serial
[9.375s] [ 57%] Built target gtest
[9.531s] [35m[1mConsolidate compiler generated dependencies of target serial_example[0m
[9.555s] [35m[1mConsolidate compiler generated dependencies of target serial-test[0m
[9.657s] [35m[1mConsolidate compiler generated dependencies of target serial-test-timer[0m
[9.780s] [ 71%] Built target serial_example
[9.880s] [ 85%] Built target serial-test-timer
[10.012s] [100%] Built target serial-test
[16.979s] Invoked command in '/home/jlukas/ROS2/techdiffbot/build/serial' returned '0': CMAKE_PREFIX_PATH=${CMAKE_PREFIX_PATH}:/home/jlukas/ROS2/techdiffbot/install/techdiffbot:/home/jlukas/Desktop/My_Project/ROS2/ros2_rpi_cv2/install/ros2_rpi_cv2:/home/jlukas/Desktop/My_Project/ROS2/rover/install/rover:/home/jlukas/Desktop/My_Project/ROS2/techdiffbot/install/techdiffbot:/opt/ros/humble /usr/bin/cmake --build /home/jlukas/ROS2/techdiffbot/build/serial -- -j4 -l4
[17.679s] Invoking command in '/home/jlukas/ROS2/techdiffbot/build/serial': CMAKE_PREFIX_PATH=${CMAKE_PREFIX_PATH}:/home/jlukas/ROS2/techdiffbot/install/techdiffbot:/home/jlukas/Desktop/My_Project/ROS2/ros2_rpi_cv2/install/ros2_rpi_cv2:/home/jlukas/Desktop/My_Project/ROS2/rover/install/rover:/home/jlukas/Desktop/My_Project/ROS2/techdiffbot/install/techdiffbot:/opt/ros/humble /usr/bin/cmake --install /home/jlukas/ROS2/techdiffbot/build/serial
[17.781s] -- Install configuration: ""
[17.794s] -- Execute custom install script
[17.812s] -- Up-to-date symlink: /home/jlukas/ROS2/techdiffbot/install/serial/lib/libserial.a
[17.819s] -- Up-to-date symlink: /home/jlukas/ROS2/techdiffbot/install/serial/include/serial/serial.h
[17.833s] -- Up-to-date symlink: /home/jlukas/ROS2/techdiffbot/install/serial/include/serial/v8stdint.h
[17.837s] -- Up-to-date symlink: /home/jlukas/ROS2/techdiffbot/install/serial/share/serial/environment/library_path.sh
[17.849s] -- Up-to-date symlink: /home/jlukas/ROS2/techdiffbot/install/serial/share/serial/environment/library_path.dsv
[17.867s] -- Up-to-date symlink: /home/jlukas/ROS2/techdiffbot/install/serial/share/ament_index/resource_index/package_run_dependencies/serial
[17.870s] -- Up-to-date symlink: /home/jlukas/ROS2/techdiffbot/install/serial/share/ament_index/resource_index/parent_prefix_path/serial
[17.875s] -- Up-to-date symlink: /home/jlukas/ROS2/techdiffbot/install/serial/share/serial/environment/ament_prefix_path.sh
[17.878s] -- Up-to-date symlink: /home/jlukas/ROS2/techdiffbot/install/serial/share/serial/environment/ament_prefix_path.dsv
[17.880s] -- Up-to-date symlink: /home/jlukas/ROS2/techdiffbot/install/serial/share/serial/environment/path.sh
[17.883s] -- Up-to-date symlink: /home/jlukas/ROS2/techdiffbot/install/serial/share/serial/environment/path.dsv
[17.889s] -- Up-to-date symlink: /home/jlukas/ROS2/techdiffbot/install/serial/share/serial/local_setup.bash
[17.896s] -- Up-to-date symlink: /home/jlukas/ROS2/techdiffbot/install/serial/share/serial/local_setup.sh
[17.906s] -- Up-to-date symlink: /home/jlukas/ROS2/techdiffbot/install/serial/share/serial/local_setup.zsh
[17.920s] -- Up-to-date symlink: /home/jlukas/ROS2/techdiffbot/install/serial/share/serial/local_setup.dsv
[17.923s] -- Symlinking: /home/jlukas/ROS2/techdiffbot/install/serial/share/serial/package.dsv
[18.044s] -- Up-to-date symlink: /home/jlukas/ROS2/techdiffbot/install/serial/share/ament_index/resource_index/packages/serial
[18.049s] -- Up-to-date symlink: /home/jlukas/ROS2/techdiffbot/install/serial/share/serial/cmake/ament_cmake_export_include_directories-extras.cmake
[18.055s] -- Up-to-date symlink: /home/jlukas/ROS2/techdiffbot/install/serial/share/serial/cmake/ament_cmake_export_libraries-extras.cmake
[18.061s] -- Up-to-date symlink: /home/jlukas/ROS2/techdiffbot/install/serial/share/serial/cmake/serialConfig.cmake
[18.065s] -- Up-to-date symlink: /home/jlukas/ROS2/techdiffbot/install/serial/share/serial/cmake/serialConfig-version.cmake
[18.070s] -- Up-to-date symlink: /home/jlukas/ROS2/techdiffbot/install/serial/share/serial/package.xml
[18.104s] Invoked command in '/home/jlukas/ROS2/techdiffbot/build/serial' returned '0': CMAKE_PREFIX_PATH=${CMAKE_PREFIX_PATH}:/home/jlukas/ROS2/techdiffbot/install/techdiffbot:/home/jlukas/Desktop/My_Project/ROS2/ros2_rpi_cv2/install/ros2_rpi_cv2:/home/jlukas/Desktop/My_Project/ROS2/rover/install/rover:/home/jlukas/Desktop/My_Project/ROS2/techdiffbot/install/techdiffbot:/opt/ros/humble /usr/bin/cmake --install /home/jlukas/ROS2/techdiffbot/build/serial
