[0.455s] Invoking command in '/home/jlukas/Desktop/My_Project/ROS2/techdiffbot/build/librviz_tutorial': CMAKE_PREFIX_PATH=${CMAKE_PREFIX_PATH}:/home/jlukas/Desktop/My_Project/ROS2/techdiffbot/install/techdiffbot:/home/jlukas/Desktop/My_Project/ROS2/ros2_rpi_cv2/install/ros2_rpi_cv2:/home/jlukas/Desktop/My_Project/ROS2/rover/install/rover:/opt/ros/humble /usr/bin/cmake --build /home/jlukas/Desktop/My_Project/ROS2/techdiffbot/build/librviz_tutorial -- -j4 -l4
[0.565s] [ 20%] [34m[1mAutomatic MOC for target myviz[0m
[0.646s] [ 20%] Built target myviz_autogen
[0.724s] [100%] Built target myviz
[0.740s] Invoked command in '/home/jlukas/Desktop/My_Project/ROS2/techdiffbot/build/librviz_tutorial' returned '0': CMAKE_PREFIX_PATH=${CMAKE_PREFIX_PATH}:/home/jlukas/Desktop/My_Project/ROS2/techdiffbot/install/techdiffbot:/home/jlukas/Desktop/My_Project/ROS2/ros2_rpi_cv2/install/ros2_rpi_cv2:/home/jlukas/Desktop/My_Project/ROS2/rover/install/rover:/opt/ros/humble /usr/bin/cmake --build /home/jlukas/Desktop/My_Project/ROS2/techdiffbot/build/librviz_tutorial -- -j4 -l4
[0.897s] Invoking command in '/home/jlukas/Desktop/My_Project/ROS2/techdiffbot/build/librviz_tutorial': CMAKE_PREFIX_PATH=${CMAKE_PREFIX_PATH}:/home/jlukas/Desktop/My_Project/ROS2/techdiffbot/install/techdiffbot:/home/jlukas/Desktop/My_Project/ROS2/ros2_rpi_cv2/install/ros2_rpi_cv2:/home/jlukas/Desktop/My_Project/ROS2/rover/install/rover:/opt/ros/humble /usr/bin/cmake --install /home/jlukas/Desktop/My_Project/ROS2/techdiffbot/build/librviz_tutorial
[0.911s] -- Install configuration: ""
[0.912s] -- Up-to-date: /home/jlukas/Desktop/My_Project/ROS2/techdiffbot/install/librviz_tutorial/lib/librviz_tutorial/myviz
[0.912s] -- Up-to-date: /home/jlukas/Desktop/My_Project/ROS2/techdiffbot/install/librviz_tutorial/share/ament_index/resource_index/package_run_dependencies/librviz_tutorial
[0.912s] -- Up-to-date: /home/jlukas/Desktop/My_Project/ROS2/techdiffbot/install/librviz_tutorial/share/ament_index/resource_index/parent_prefix_path/librviz_tutorial
[0.913s] -- Up-to-date: /home/jlukas/Desktop/My_Project/ROS2/techdiffbot/install/librviz_tutorial/share/librviz_tutorial/environment/ament_prefix_path.sh
[0.913s] -- Up-to-date: /home/jlukas/Desktop/My_Project/ROS2/techdiffbot/install/librviz_tutorial/share/librviz_tutorial/environment/ament_prefix_path.dsv
[0.913s] -- Up-to-date: /home/jlukas/Desktop/My_Project/ROS2/techdiffbot/install/librviz_tutorial/share/librviz_tutorial/environment/path.sh
[0.914s] -- Up-to-date: /home/jlukas/Desktop/My_Project/ROS2/techdiffbot/install/librviz_tutorial/share/librviz_tutorial/environment/path.dsv
[0.914s] -- Up-to-date: /home/jlukas/Desktop/My_Project/ROS2/techdiffbot/install/librviz_tutorial/share/librviz_tutorial/local_setup.bash
[0.914s] -- Up-to-date: /home/jlukas/Desktop/My_Project/ROS2/techdiffbot/install/librviz_tutorial/share/librviz_tutorial/local_setup.sh
[0.914s] -- Up-to-date: /home/jlukas/Desktop/My_Project/ROS2/techdiffbot/install/librviz_tutorial/share/librviz_tutorial/local_setup.zsh
[0.914s] -- Up-to-date: /home/jlukas/Desktop/My_Project/ROS2/techdiffbot/install/librviz_tutorial/share/librviz_tutorial/local_setup.dsv
[0.915s] -- Installing: /home/jlukas/Desktop/My_Project/ROS2/techdiffbot/install/librviz_tutorial/share/librviz_tutorial/package.dsv
[0.915s] -- Up-to-date: /home/jlukas/Desktop/My_Project/ROS2/techdiffbot/install/librviz_tutorial/share/ament_index/resource_index/packages/librviz_tutorial
[0.915s] -- Up-to-date: /home/jlukas/Desktop/My_Project/ROS2/techdiffbot/install/librviz_tutorial/share/librviz_tutorial/cmake/ament_cmake_export_dependencies-extras.cmake
[0.915s] -- Up-to-date: /home/jlukas/Desktop/My_Project/ROS2/techdiffbot/install/librviz_tutorial/share/librviz_tutorial/cmake/librviz_tutorialConfig.cmake
[0.916s] -- Up-to-date: /home/jlukas/Desktop/My_Project/ROS2/techdiffbot/install/librviz_tutorial/share/librviz_tutorial/cmake/librviz_tutorialConfig-version.cmake
[0.930s] -- Up-to-date: /home/jlukas/Desktop/My_Project/ROS2/techdiffbot/install/librviz_tutorial/share/librviz_tutorial/package.xml
[1.395s] Invoked command in '/home/jlukas/Desktop/My_Project/ROS2/techdiffbot/build/librviz_tutorial' returned '0': CMAKE_PREFIX_PATH=${CMAKE_PREFIX_PATH}:/home/jlukas/Desktop/My_Project/ROS2/techdiffbot/install/techdiffbot:/home/jlukas/Desktop/My_Project/ROS2/ros2_rpi_cv2/install/ros2_rpi_cv2:/home/jlukas/Desktop/My_Project/ROS2/rover/install/rover:/opt/ros/humble /usr/bin/cmake --install /home/jlukas/Desktop/My_Project/ROS2/techdiffbot/build/librviz_tutorial
