[4.953s] Invoking command in '/home/jlukas/Desktop/My_Project/ROS2/ros2_differential_drive_robot/src/ros2_differential_drive_robot': PYTHONPATH=/home/jlukas/Desktop/My_Project/ROS2/ros2_differential_drive_robot/build/ros2_differential_drive_robot/prefix_override:/home/jlukas/Desktop/My_Project/ROS2/ros2_differential_drive_robot/install/ros2_differential_drive_robot/lib/python3.10/site-packages:${PYTHONPATH} /usr/bin/python3 setup.py egg_info --egg-base ../../build/ros2_differential_drive_robot build --build-base /home/jlukas/Desktop/My_Project/ROS2/ros2_differential_drive_robot/build/ros2_differential_drive_robot/build install --record /home/jlukas/Desktop/My_Project/ROS2/ros2_differential_drive_robot/build/ros2_differential_drive_robot/install.log --single-version-externally-managed
[6.592s] running egg_info
[6.595s] writing ../../build/ros2_differential_drive_robot/ros2_differential_drive_robot.egg-info/PKG-INFO
[6.597s] writing dependency_links to ../../build/ros2_differential_drive_robot/ros2_differential_drive_robot.egg-info/dependency_links.txt
[6.599s] writing entry points to ../../build/ros2_differential_drive_robot/ros2_differential_drive_robot.egg-info/entry_points.txt
[6.602s] writing requirements to ../../build/ros2_differential_drive_robot/ros2_differential_drive_robot.egg-info/requires.txt
[6.603s] writing top-level names to ../../build/ros2_differential_drive_robot/ros2_differential_drive_robot.egg-info/top_level.txt
[6.615s] reading manifest file '../../build/ros2_differential_drive_robot/ros2_differential_drive_robot.egg-info/SOURCES.txt'
[6.625s] writing manifest file '../../build/ros2_differential_drive_robot/ros2_differential_drive_robot.egg-info/SOURCES.txt'
[6.627s] running build
[6.629s] running build_py
[6.629s] copying ros2_differential_drive_robot/lidar_obstacle.py -> /home/jlukas/Desktop/My_Project/ROS2/ros2_differential_drive_robot/build/ros2_differential_drive_robot/build/lib/ros2_differential_drive_robot
[6.632s] running install
[6.634s] /usr/lib/python3/dist-packages/setuptools/command/install.py:34: SetuptoolsDeprecationWarning: setup.py install is deprecated. Use build and pip and other standards-based tools.
[6.635s]   warnings.warn(
[6.635s] running install_lib
[6.642s] copying /home/jlukas/Desktop/My_Project/ROS2/ros2_differential_drive_robot/build/ros2_differential_drive_robot/build/lib/ros2_differential_drive_robot/lidar_obstacle.py -> /home/jlukas/Desktop/My_Project/ROS2/ros2_differential_drive_robot/install/ros2_differential_drive_robot/lib/python3.10/site-packages/ros2_differential_drive_robot
[6.647s] byte-compiling /home/jlukas/Desktop/My_Project/ROS2/ros2_differential_drive_robot/install/ros2_differential_drive_robot/lib/python3.10/site-packages/ros2_differential_drive_robot/lidar_obstacle.py to lidar_obstacle.cpython-310.pyc
[6.655s] running install_data
[6.662s] running install_egg_info
[6.673s] removing '/home/jlukas/Desktop/My_Project/ROS2/ros2_differential_drive_robot/install/ros2_differential_drive_robot/lib/python3.10/site-packages/ros2_differential_drive_robot-0.0.0-py3.10.egg-info' (and everything under it)
[6.675s] Copying ../../build/ros2_differential_drive_robot/ros2_differential_drive_robot.egg-info to /home/jlukas/Desktop/My_Project/ROS2/ros2_differential_drive_robot/install/ros2_differential_drive_robot/lib/python3.10/site-packages/ros2_differential_drive_robot-0.0.0-py3.10.egg-info
[6.687s] running install_scripts
[6.814s] Installing lidar_obstacle script to /home/jlukas/Desktop/My_Project/ROS2/ros2_differential_drive_robot/install/ros2_differential_drive_robot/lib/ros2_differential_drive_robot
[6.818s] writing list of installed files to '/home/jlukas/Desktop/My_Project/ROS2/ros2_differential_drive_robot/build/ros2_differential_drive_robot/install.log'
[6.894s] Invoked command in '/home/jlukas/Desktop/My_Project/ROS2/ros2_differential_drive_robot/src/ros2_differential_drive_robot' returned '0': PYTHONPATH=/home/jlukas/Desktop/My_Project/ROS2/ros2_differential_drive_robot/build/ros2_differential_drive_robot/prefix_override:/home/jlukas/Desktop/My_Project/ROS2/ros2_differential_drive_robot/install/ros2_differential_drive_robot/lib/python3.10/site-packages:${PYTHONPATH} /usr/bin/python3 setup.py egg_info --egg-base ../../build/ros2_differential_drive_robot build --build-base /home/jlukas/Desktop/My_Project/ROS2/ros2_differential_drive_robot/build/ros2_differential_drive_robot/build install --record /home/jlukas/Desktop/My_Project/ROS2/ros2_differential_drive_robot/build/ros2_differential_drive_robot/install.log --single-version-externally-managed
