[0.685s] Invoking command in '/home/jlukas/Desktop/My_Project/ROS2/techdiffbot/build/visualization_marker_tutorials': CMAKE_PREFIX_PATH=${CMAKE_PREFIX_PATH}:/home/jlukas/Desktop/My_Project/ROS2/techdiffbot/install/techdiffbot:/home/jlukas/Desktop/My_Project/ROS2/ros2_rpi_cv2/install/ros2_rpi_cv2:/home/jlukas/Desktop/My_Project/ROS2/rover/install/rover:/opt/ros/humble /usr/bin/cmake /home/jlukas/Desktop/My_Project/ROS2/techdiffbot/src/visualization_tutorials/visualization_marker_tutorials -DCMAKE_INSTALL_PREFIX=/home/jlukas/Desktop/My_Project/ROS2/techdiffbot/install/visualization_marker_tutorials
[1.899s] -- The C compiler identification is GNU 11.4.0
[2.804s] -- The CXX compiler identification is GNU 11.4.0
[2.861s] -- Detecting C compiler ABI info
[3.369s] -- Detecting C compiler ABI info - done
[3.400s] -- Check for working C compiler: /usr/bin/cc - skipped
[3.401s] -- Detecting C compile features
[3.403s] -- Detecting C compile features - done
[3.421s] -- Detecting CXX compiler ABI info
[3.937s] -- Detecting CXX compiler ABI info - done
[3.970s] -- Check for working CXX compiler: /usr/bin/c++ - skipped
[3.971s] -- Detecting CXX compile features
[3.973s] -- Detecting CXX compile features - done
[4.030s] -- Found ament_cmake: 1.3.7 (/opt/ros/humble/share/ament_cmake/cmake)
[5.323s] -- Found Python3: /usr/bin/python3.10 (found version "3.10.12") found components: Interpreter 
[6.393s] -- Found rclcpp: 16.0.8 (/opt/ros/humble/share/rclcpp/cmake)
[6.965s] -- Found rosidl_generator_c: 3.1.5 (/opt/ros/humble/share/rosidl_generator_c/cmake)
[7.041s] -- Found rosidl_adapter: 3.1.5 (/opt/ros/humble/share/rosidl_adapter/cmake)
[7.145s] -- Found rosidl_generator_cpp: 3.1.5 (/opt/ros/humble/share/rosidl_generator_cpp/cmake)
[7.292s] -- Using all available rosidl_typesupport_c: rosidl_typesupport_fastrtps_c;rosidl_typesupport_introspection_c
[7.496s] -- Using all available rosidl_typesupport_cpp: rosidl_typesupport_fastrtps_cpp;rosidl_typesupport_introspection_cpp
[8.156s] -- Found rmw_implementation_cmake: 6.1.1 (/opt/ros/humble/share/rmw_implementation_cmake/cmake)
[8.201s] -- Found rmw_fastrtps_cpp: 6.2.6 (/opt/ros/humble/share/rmw_fastrtps_cpp/cmake)
[9.097s] -- Found OpenSSL: /usr/lib/aarch64-linux-gnu/libcrypto.so (found version "3.0.2")  
[9.439s] -- Found FastRTPS: /opt/ros/humble/include  
[10.031s] -- Using RMW implementation 'rmw_fastrtps_cpp' as default
[10.194s] -- Looking for pthread.h
[10.692s] -- Looking for pthread.h - found
[10.695s] -- Performing Test CMAKE_HAVE_LIBC_PTHREAD
[11.149s] -- Performing Test CMAKE_HAVE_LIBC_PTHREAD - Success
[11.157s] -- Found Threads: TRUE  
[12.284s] -- Found geometry_msgs: 4.2.3 (/opt/ros/humble/share/geometry_msgs/cmake)
[12.547s] -- Found visualization_msgs: 4.2.3 (/opt/ros/humble/share/visualization_msgs/cmake)
[13.726s] -- Found ament_lint_auto: 0.12.10 (/opt/ros/humble/share/ament_lint_auto/cmake)
[14.543s] -- Added test 'copyright' to check source files copyright and LICENSE
[14.560s] -- Added test 'cppcheck' to perform static code analysis on C / C++ code
[14.561s] -- Configured cppcheck include dirs: 
[14.561s] -- Configured cppcheck exclude dirs and/or files: 
[14.575s] -- Added test 'cpplint' to check C / C++ code against the Google style
[14.576s] -- Configured cpplint exclude dirs and/or files: 
[14.584s] -- Added test 'flake8' to check Python code syntax and style conventions
[14.593s] -- Added test 'lint_cmake' to check CMake code style
[14.601s] -- Added test 'pep257' to check Python code against some of the docstring style conventions in PEP 257
[14.617s] -- Added test 'uncrustify' to check C / C++ code style
[14.617s] -- Configured uncrustify additional arguments: 
[14.625s] -- Added test 'xmllint' to check XML markup files
[14.647s] -- Configuring done
[14.759s] -- Generating done
[14.772s] -- Build files have been written to: /home/jlukas/Desktop/My_Project/ROS2/techdiffbot/build/visualization_marker_tutorials
[14.836s] Invoked command in '/home/jlukas/Desktop/My_Project/ROS2/techdiffbot/build/visualization_marker_tutorials' returned '0': CMAKE_PREFIX_PATH=${CMAKE_PREFIX_PATH}:/home/jlukas/Desktop/My_Project/ROS2/techdiffbot/install/techdiffbot:/home/jlukas/Desktop/My_Project/ROS2/ros2_rpi_cv2/install/ros2_rpi_cv2:/home/jlukas/Desktop/My_Project/ROS2/rover/install/rover:/opt/ros/humble /usr/bin/cmake /home/jlukas/Desktop/My_Project/ROS2/techdiffbot/src/visualization_tutorials/visualization_marker_tutorials -DCMAKE_INSTALL_PREFIX=/home/jlukas/Desktop/My_Project/ROS2/techdiffbot/install/visualization_marker_tutorials
[14.838s] Invoking command in '/home/jlukas/Desktop/My_Project/ROS2/techdiffbot/build/visualization_marker_tutorials': CMAKE_PREFIX_PATH=${CMAKE_PREFIX_PATH}:/home/jlukas/Desktop/My_Project/ROS2/techdiffbot/install/techdiffbot:/home/jlukas/Desktop/My_Project/ROS2/ros2_rpi_cv2/install/ros2_rpi_cv2:/home/jlukas/Desktop/My_Project/ROS2/rover/install/rover:/opt/ros/humble /usr/bin/cmake --build /home/jlukas/Desktop/My_Project/ROS2/techdiffbot/build/visualization_marker_tutorials -- -j4 -l4
[15.174s] [ 25%] [32mBuilding CXX object CMakeFiles/points_and_lines.dir/src/points_and_lines.cpp.o[0m
[15.188s] [ 50%] [32mBuilding CXX object CMakeFiles/basic_shapes.dir/src/basic_shapes.cpp.o[0m
[94.874s] [ 75%] [32m[1mLinking CXX executable basic_shapes[0m
[96.160s] [100%] [32m[1mLinking CXX executable points_and_lines[0m
[97.815s] [100%] Built target points_and_lines
[97.819s] [100%] Built target basic_shapes
[98.019s] Invoked command in '/home/jlukas/Desktop/My_Project/ROS2/techdiffbot/build/visualization_marker_tutorials' returned '0': CMAKE_PREFIX_PATH=${CMAKE_PREFIX_PATH}:/home/jlukas/Desktop/My_Project/ROS2/techdiffbot/install/techdiffbot:/home/jlukas/Desktop/My_Project/ROS2/ros2_rpi_cv2/install/ros2_rpi_cv2:/home/jlukas/Desktop/My_Project/ROS2/rover/install/rover:/opt/ros/humble /usr/bin/cmake --build /home/jlukas/Desktop/My_Project/ROS2/techdiffbot/build/visualization_marker_tutorials -- -j4 -l4
[99.060s] Invoking command in '/home/jlukas/Desktop/My_Project/ROS2/techdiffbot/build/visualization_marker_tutorials': CMAKE_PREFIX_PATH=${CMAKE_PREFIX_PATH}:/home/jlukas/Desktop/My_Project/ROS2/techdiffbot/install/techdiffbot:/home/jlukas/Desktop/My_Project/ROS2/ros2_rpi_cv2/install/ros2_rpi_cv2:/home/jlukas/Desktop/My_Project/ROS2/rover/install/rover:/opt/ros/humble /usr/bin/cmake --install /home/jlukas/Desktop/My_Project/ROS2/techdiffbot/build/visualization_marker_tutorials
[99.192s] -- Install configuration: ""
[99.197s] -- Installing: /home/jlukas/Desktop/My_Project/ROS2/techdiffbot/install/visualization_marker_tutorials/lib/visualization_marker_tutorials/basic_shapes
[99.227s] -- Set runtime path of "/home/jlukas/Desktop/My_Project/ROS2/techdiffbot/install/visualization_marker_tutorials/lib/visualization_marker_tutorials/basic_shapes" to ""
[99.229s] -- Installing: /home/jlukas/Desktop/My_Project/ROS2/techdiffbot/install/visualization_marker_tutorials/lib/visualization_marker_tutorials/points_and_lines
[99.258s] -- Set runtime path of "/home/jlukas/Desktop/My_Project/ROS2/techdiffbot/install/visualization_marker_tutorials/lib/visualization_marker_tutorials/points_and_lines" to ""
[99.267s] -- Installing: /home/jlukas/Desktop/My_Project/ROS2/techdiffbot/install/visualization_marker_tutorials/share/ament_index/resource_index/package_run_dependencies/visualization_marker_tutorials
[99.274s] -- Installing: /home/jlukas/Desktop/My_Project/ROS2/techdiffbot/install/visualization_marker_tutorials/share/ament_index/resource_index/parent_prefix_path/visualization_marker_tutorials
[99.301s] -- Installing: /home/jlukas/Desktop/My_Project/ROS2/techdiffbot/install/visualization_marker_tutorials/share/visualization_marker_tutorials/environment/ament_prefix_path.sh
[99.304s] -- Installing: /home/jlukas/Desktop/My_Project/ROS2/techdiffbot/install/visualization_marker_tutorials/share/visualization_marker_tutorials/environment/ament_prefix_path.dsv
[99.308s] -- Installing: /home/jlukas/Desktop/My_Project/ROS2/techdiffbot/install/visualization_marker_tutorials/share/visualization_marker_tutorials/environment/path.sh
[99.310s] -- Installing: /home/jlukas/Desktop/My_Project/ROS2/techdiffbot/install/visualization_marker_tutorials/share/visualization_marker_tutorials/environment/path.dsv
[99.313s] -- Installing: /home/jlukas/Desktop/My_Project/ROS2/techdiffbot/install/visualization_marker_tutorials/share/visualization_marker_tutorials/local_setup.bash
[99.316s] -- Installing: /home/jlukas/Desktop/My_Project/ROS2/techdiffbot/install/visualization_marker_tutorials/share/visualization_marker_tutorials/local_setup.sh
[99.323s] -- Installing: /home/jlukas/Desktop/My_Project/ROS2/techdiffbot/install/visualization_marker_tutorials/share/visualization_marker_tutorials/local_setup.zsh
[99.327s] -- Installing: /home/jlukas/Desktop/My_Project/ROS2/techdiffbot/install/visualization_marker_tutorials/share/visualization_marker_tutorials/local_setup.dsv
[99.334s] -- Installing: /home/jlukas/Desktop/My_Project/ROS2/techdiffbot/install/visualization_marker_tutorials/share/visualization_marker_tutorials/package.dsv
[99.340s] -- Installing: /home/jlukas/Desktop/My_Project/ROS2/techdiffbot/install/visualization_marker_tutorials/share/ament_index/resource_index/packages/visualization_marker_tutorials
[99.354s] -- Installing: /home/jlukas/Desktop/My_Project/ROS2/techdiffbot/install/visualization_marker_tutorials/share/visualization_marker_tutorials/cmake/ament_cmake_export_dependencies-extras.cmake
[99.359s] -- Installing: /home/jlukas/Desktop/My_Project/ROS2/techdiffbot/install/visualization_marker_tutorials/share/visualization_marker_tutorials/cmake/visualization_marker_tutorialsConfig.cmake
[99.362s] -- Installing: /home/jlukas/Desktop/My_Project/ROS2/techdiffbot/install/visualization_marker_tutorials/share/visualization_marker_tutorials/cmake/visualization_marker_tutorialsConfig-version.cmake
[99.383s] -- Installing: /home/jlukas/Desktop/My_Project/ROS2/techdiffbot/install/visualization_marker_tutorials/share/visualization_marker_tutorials/package.xml
[99.403s] Invoked command in '/home/jlukas/Desktop/My_Project/ROS2/techdiffbot/build/visualization_marker_tutorials' returned '0': CMAKE_PREFIX_PATH=${CMAKE_PREFIX_PATH}:/home/jlukas/Desktop/My_Project/ROS2/techdiffbot/install/techdiffbot:/home/jlukas/Desktop/My_Project/ROS2/ros2_rpi_cv2/install/ros2_rpi_cv2:/home/jlukas/Desktop/My_Project/ROS2/rover/install/rover:/opt/ros/humble /usr/bin/cmake --install /home/jlukas/Desktop/My_Project/ROS2/techdiffbot/build/visualization_marker_tutorials
