[14.433s] DEBUG:colcon:Command line arguments: ['/usr/bin/colcon', 'build']
[14.434s] DEBUG:colcon:Parsed command line arguments: Namespace(log_base=None, log_level=None, verb_name='build', build_base='build', install_base='install', merge_install=False, symlink_install=False, test_result_base=None, continue_on_error=False, executor='parallel', parallel_workers=4, event_handlers=None, ignore_user_meta=False, metas=['./colcon.meta'], base_paths=['.'], packages_ignore=None, packages_ignore_regex=None, paths=None, packages_up_to=None, packages_up_to_regex=None, packages_above=None, packages_above_and_dependencies=None, packages_above_depth=None, packages_select_by_dep=None, packages_skip_by_dep=None, packages_skip_up_to=None, packages_select_build_failed=False, packages_skip_build_finished=False, packages_select_test_failures=False, packages_skip_test_passed=False, packages_select=None, packages_skip=None, packages_select_regex=None, packages_skip_regex=None, packages_start=None, packages_end=None, allow_overriding=[], cmake_args=None, cmake_target=None, cmake_target_skip_unavailable=False, cmake_clean_cache=False, cmake_clean_first=False, cmake_force_configure=False, ament_cmake_args=None, catkin_cmake_args=None, catkin_skip_building_tests=False, verb_parser=<colcon_defaults.argument_parser.defaults.DefaultArgumentsDecorator object at 0xffff985a5de0>, verb_extension=<colcon_core.verb.build.BuildVerb object at 0xffff985a62c0>, main=<bound method BuildVerb.main of <colcon_core.verb.build.BuildVerb object at 0xffff985a62c0>>)
[15.185s] Level 1:colcon.colcon_core.package_discovery:discover_packages(colcon_meta) check parameters
[15.186s] Level 1:colcon.colcon_core.package_discovery:discover_packages(recursive) check parameters
[15.186s] Level 1:colcon.colcon_core.package_discovery:discover_packages(ignore) check parameters
[15.187s] Level 1:colcon.colcon_core.package_discovery:discover_packages(path) check parameters
[15.187s] Level 1:colcon.colcon_core.package_discovery:discover_packages(colcon_meta) discover
[15.188s] Level 1:colcon.colcon_core.package_discovery:discover_packages(recursive) discover
[15.188s] INFO:colcon.colcon_core.package_discovery:Crawling recursively for packages in '/home/jlukas/My_Project/ROS2/techdiffbot'
[15.189s] Level 1:colcon.colcon_core.package_identification:_identify(.) by extensions ['ignore', 'ignore_ament_install']
[15.190s] Level 1:colcon.colcon_core.package_identification:_identify(.) by extension 'ignore'
[15.191s] Level 1:colcon.colcon_core.package_identification:_identify(.) by extension 'ignore_ament_install'
[15.191s] Level 1:colcon.colcon_core.package_identification:_identify(.) by extensions ['colcon_pkg']
[15.192s] Level 1:colcon.colcon_core.package_identification:_identify(.) by extension 'colcon_pkg'
[15.193s] Level 1:colcon.colcon_core.package_identification:_identify(.) by extensions ['colcon_meta']
[15.193s] Level 1:colcon.colcon_core.package_identification:_identify(.) by extension 'colcon_meta'
[15.193s] Level 1:colcon.colcon_core.package_identification:_identify(.) by extensions ['ros']
[15.194s] Level 1:colcon.colcon_core.package_identification:_identify(.) by extension 'ros'
[15.420s] Level 1:colcon.colcon_core.package_identification:_identify(.) by extensions ['cmake', 'python']
[15.421s] Level 1:colcon.colcon_core.package_identification:_identify(.) by extension 'cmake'
[15.421s] Level 1:colcon.colcon_core.package_identification:_identify(.) by extension 'python'
[15.422s] Level 1:colcon.colcon_core.package_identification:_identify(.) by extensions ['python_setup_py']
[15.422s] Level 1:colcon.colcon_core.package_identification:_identify(.) by extension 'python_setup_py'
[15.424s] Level 1:colcon.colcon_core.package_identification:_identify(build) by extensions ['ignore', 'ignore_ament_install']
[15.425s] Level 1:colcon.colcon_core.package_identification:_identify(build) by extension 'ignore'
[15.425s] Level 1:colcon.colcon_core.package_identification:_identify(build) ignored
[15.427s] Level 1:colcon.colcon_core.package_identification:_identify(install) by extensions ['ignore', 'ignore_ament_install']
[15.428s] Level 1:colcon.colcon_core.package_identification:_identify(install) by extension 'ignore'
[15.429s] Level 1:colcon.colcon_core.package_identification:_identify(install) ignored
[15.430s] Level 1:colcon.colcon_core.package_identification:_identify(log) by extensions ['ignore', 'ignore_ament_install']
[15.431s] Level 1:colcon.colcon_core.package_identification:_identify(log) by extension 'ignore'
[15.431s] Level 1:colcon.colcon_core.package_identification:_identify(log) ignored
[15.433s] Level 1:colcon.colcon_core.package_identification:_identify(src) by extensions ['ignore', 'ignore_ament_install']
[15.433s] Level 1:colcon.colcon_core.package_identification:_identify(src) by extension 'ignore'
[15.434s] Level 1:colcon.colcon_core.package_identification:_identify(src) by extension 'ignore_ament_install'
[15.435s] Level 1:colcon.colcon_core.package_identification:_identify(src) by extensions ['colcon_pkg']
[15.435s] Level 1:colcon.colcon_core.package_identification:_identify(src) by extension 'colcon_pkg'
[15.436s] Level 1:colcon.colcon_core.package_identification:_identify(src) by extensions ['colcon_meta']
[15.436s] Level 1:colcon.colcon_core.package_identification:_identify(src) by extension 'colcon_meta'
[15.437s] Level 1:colcon.colcon_core.package_identification:_identify(src) by extensions ['ros']
[15.437s] Level 1:colcon.colcon_core.package_identification:_identify(src) by extension 'ros'
[15.438s] Level 1:colcon.colcon_core.package_identification:_identify(src) by extensions ['cmake', 'python']
[15.439s] Level 1:colcon.colcon_core.package_identification:_identify(src) by extension 'cmake'
[15.439s] Level 1:colcon.colcon_core.package_identification:_identify(src) by extension 'python'
[15.440s] Level 1:colcon.colcon_core.package_identification:_identify(src) by extensions ['python_setup_py']
[15.440s] Level 1:colcon.colcon_core.package_identification:_identify(src) by extension 'python_setup_py'
[15.442s] Level 1:colcon.colcon_core.package_identification:_identify(src/diffdrive_arduino) by extensions ['ignore', 'ignore_ament_install']
[15.443s] Level 1:colcon.colcon_core.package_identification:_identify(src/diffdrive_arduino) by extension 'ignore'
[15.443s] Level 1:colcon.colcon_core.package_identification:_identify(src/diffdrive_arduino) by extension 'ignore_ament_install'
[15.444s] Level 1:colcon.colcon_core.package_identification:_identify(src/diffdrive_arduino) by extensions ['colcon_pkg']
[15.445s] Level 1:colcon.colcon_core.package_identification:_identify(src/diffdrive_arduino) by extension 'colcon_pkg'
[15.445s] Level 1:colcon.colcon_core.package_identification:_identify(src/diffdrive_arduino) by extensions ['colcon_meta']
[15.445s] Level 1:colcon.colcon_core.package_identification:_identify(src/diffdrive_arduino) by extension 'colcon_meta'
[15.446s] Level 1:colcon.colcon_core.package_identification:_identify(src/diffdrive_arduino) by extensions ['ros']
[15.446s] Level 1:colcon.colcon_core.package_identification:_identify(src/diffdrive_arduino) by extension 'ros'
[15.481s] DEBUG:colcon.colcon_core.package_identification:Package 'src/diffdrive_arduino' with type 'ros.ament_cmake' and name 'diffdrive_arduino'
[15.484s] Level 1:colcon.colcon_core.package_identification:_identify(src/serial) by extensions ['ignore', 'ignore_ament_install']
[15.485s] Level 1:colcon.colcon_core.package_identification:_identify(src/serial) by extension 'ignore'
[15.486s] Level 1:colcon.colcon_core.package_identification:_identify(src/serial) by extension 'ignore_ament_install'
[15.487s] Level 1:colcon.colcon_core.package_identification:_identify(src/serial) by extensions ['colcon_pkg']
[15.487s] Level 1:colcon.colcon_core.package_identification:_identify(src/serial) by extension 'colcon_pkg'
[15.488s] Level 1:colcon.colcon_core.package_identification:_identify(src/serial) by extensions ['colcon_meta']
[15.488s] Level 1:colcon.colcon_core.package_identification:_identify(src/serial) by extension 'colcon_meta'
[15.489s] Level 1:colcon.colcon_core.package_identification:_identify(src/serial) by extensions ['ros']
[15.489s] Level 1:colcon.colcon_core.package_identification:_identify(src/serial) by extension 'ros'
[15.496s] DEBUG:colcon.colcon_core.package_identification:Package 'src/serial' with type 'ros.ament_cmake' and name 'serial'
[15.498s] Level 1:colcon.colcon_core.package_identification:_identify(src/techdiffbot) by extensions ['ignore', 'ignore_ament_install']
[15.499s] Level 1:colcon.colcon_core.package_identification:_identify(src/techdiffbot) by extension 'ignore'
[15.499s] Level 1:colcon.colcon_core.package_identification:_identify(src/techdiffbot) by extension 'ignore_ament_install'
[15.500s] Level 1:colcon.colcon_core.package_identification:_identify(src/techdiffbot) by extensions ['colcon_pkg']
[15.501s] Level 1:colcon.colcon_core.package_identification:_identify(src/techdiffbot) by extension 'colcon_pkg'
[15.501s] Level 1:colcon.colcon_core.package_identification:_identify(src/techdiffbot) by extensions ['colcon_meta']
[15.501s] Level 1:colcon.colcon_core.package_identification:_identify(src/techdiffbot) by extension 'colcon_meta'
[15.502s] Level 1:colcon.colcon_core.package_identification:_identify(src/techdiffbot) by extensions ['ros']
[15.502s] Level 1:colcon.colcon_core.package_identification:_identify(src/techdiffbot) by extension 'ros'
[15.508s] DEBUG:colcon.colcon_core.package_identification:Package 'src/techdiffbot' with type 'ros.ament_python' and name 'techdiffbot'
[15.509s] Level 1:colcon.colcon_core.package_discovery:discover_packages(recursive) using defaults
[15.510s] Level 1:colcon.colcon_core.package_discovery:discover_packages(ignore) discover
[15.510s] Level 1:colcon.colcon_core.package_discovery:discover_packages(ignore) using defaults
[15.511s] Level 1:colcon.colcon_core.package_discovery:discover_packages(path) discover
[15.511s] Level 1:colcon.colcon_core.package_discovery:discover_packages(path) using defaults
[16.756s] Level 1:colcon.colcon_core.package_discovery:discover_packages(prefix_path) check parameters
[16.756s] Level 1:colcon.colcon_core.package_discovery:discover_packages(prefix_path) discover
[17.156s] DEBUG:colcon.colcon_installed_package_information.package_discovery:Found 3 installed packages in /home/jlukas/My_Project/ROS2/techdiffbot/install
[17.348s] DEBUG:colcon.colcon_installed_package_information.package_discovery:Found 1 installed packages in /home/jlukas/ldlidar_ros2_ws/install
[17.555s] DEBUG:colcon.colcon_installed_package_information.package_discovery:Found 323 installed packages in /opt/ros/humble
[17.576s] Level 1:colcon.colcon_core.package_discovery:discover_packages(prefix_path) using defaults
[18.796s] Level 5:colcon.colcon_core.verb:set package 'diffdrive_arduino' build argument 'cmake_args' from command line to 'None'
[18.796s] Level 5:colcon.colcon_core.verb:set package 'diffdrive_arduino' build argument 'cmake_target' from command line to 'None'
[18.797s] Level 5:colcon.colcon_core.verb:set package 'diffdrive_arduino' build argument 'cmake_target_skip_unavailable' from command line to 'False'
[18.797s] Level 5:colcon.colcon_core.verb:set package 'diffdrive_arduino' build argument 'cmake_clean_cache' from command line to 'False'
[18.797s] Level 5:colcon.colcon_core.verb:set package 'diffdrive_arduino' build argument 'cmake_clean_first' from command line to 'False'
[18.798s] Level 5:colcon.colcon_core.verb:set package 'diffdrive_arduino' build argument 'cmake_force_configure' from command line to 'False'
[18.798s] Level 5:colcon.colcon_core.verb:set package 'diffdrive_arduino' build argument 'ament_cmake_args' from command line to 'None'
[18.798s] Level 5:colcon.colcon_core.verb:set package 'diffdrive_arduino' build argument 'catkin_cmake_args' from command line to 'None'
[18.798s] Level 5:colcon.colcon_core.verb:set package 'diffdrive_arduino' build argument 'catkin_skip_building_tests' from command line to 'False'
[18.799s] DEBUG:colcon.colcon_core.verb:Building package 'diffdrive_arduino' with the following arguments: {'ament_cmake_args': None, 'build_base': '/home/jlukas/My_Project/ROS2/techdiffbot/build/diffdrive_arduino', 'catkin_cmake_args': None, 'catkin_skip_building_tests': False, 'cmake_args': None, 'cmake_clean_cache': False, 'cmake_clean_first': False, 'cmake_force_configure': False, 'cmake_target': None, 'cmake_target_skip_unavailable': False, 'install_base': '/home/jlukas/My_Project/ROS2/techdiffbot/install/diffdrive_arduino', 'merge_install': False, 'path': '/home/jlukas/My_Project/ROS2/techdiffbot/src/diffdrive_arduino', 'symlink_install': False, 'test_result_base': None}
[18.983s] Level 5:colcon.colcon_core.verb:set package 'serial' build argument 'cmake_args' from command line to 'None'
[18.983s] Level 5:colcon.colcon_core.verb:set package 'serial' build argument 'cmake_target' from command line to 'None'
[18.983s] Level 5:colcon.colcon_core.verb:set package 'serial' build argument 'cmake_target_skip_unavailable' from command line to 'False'
[18.984s] Level 5:colcon.colcon_core.verb:set package 'serial' build argument 'cmake_clean_cache' from command line to 'False'
[18.984s] Level 5:colcon.colcon_core.verb:set package 'serial' build argument 'cmake_clean_first' from command line to 'False'
[18.984s] Level 5:colcon.colcon_core.verb:set package 'serial' build argument 'cmake_force_configure' from command line to 'False'
[18.985s] Level 5:colcon.colcon_core.verb:set package 'serial' build argument 'ament_cmake_args' from command line to 'None'
[18.985s] Level 5:colcon.colcon_core.verb:set package 'serial' build argument 'catkin_cmake_args' from command line to 'None'
[18.985s] Level 5:colcon.colcon_core.verb:set package 'serial' build argument 'catkin_skip_building_tests' from command line to 'False'
[18.986s] DEBUG:colcon.colcon_core.verb:Building package 'serial' with the following arguments: {'ament_cmake_args': None, 'build_base': '/home/jlukas/My_Project/ROS2/techdiffbot/build/serial', 'catkin_cmake_args': None, 'catkin_skip_building_tests': False, 'cmake_args': None, 'cmake_clean_cache': False, 'cmake_clean_first': False, 'cmake_force_configure': False, 'cmake_target': None, 'cmake_target_skip_unavailable': False, 'install_base': '/home/jlukas/My_Project/ROS2/techdiffbot/install/serial', 'merge_install': False, 'path': '/home/jlukas/My_Project/ROS2/techdiffbot/src/serial', 'symlink_install': False, 'test_result_base': None}
[19.170s] Level 5:colcon.colcon_core.verb:set package 'techdiffbot' build argument 'cmake_args' from command line to 'None'
[19.171s] Level 5:colcon.colcon_core.verb:set package 'techdiffbot' build argument 'cmake_target' from command line to 'None'
[19.171s] Level 5:colcon.colcon_core.verb:set package 'techdiffbot' build argument 'cmake_target_skip_unavailable' from command line to 'False'
[19.171s] Level 5:colcon.colcon_core.verb:set package 'techdiffbot' build argument 'cmake_clean_cache' from command line to 'False'
[19.171s] Level 5:colcon.colcon_core.verb:set package 'techdiffbot' build argument 'cmake_clean_first' from command line to 'False'
[19.172s] Level 5:colcon.colcon_core.verb:set package 'techdiffbot' build argument 'cmake_force_configure' from command line to 'False'
[19.172s] Level 5:colcon.colcon_core.verb:set package 'techdiffbot' build argument 'ament_cmake_args' from command line to 'None'
[19.172s] Level 5:colcon.colcon_core.verb:set package 'techdiffbot' build argument 'catkin_cmake_args' from command line to 'None'
[19.173s] Level 5:colcon.colcon_core.verb:set package 'techdiffbot' build argument 'catkin_skip_building_tests' from command line to 'False'
[19.173s] DEBUG:colcon.colcon_core.verb:Building package 'techdiffbot' with the following arguments: {'ament_cmake_args': None, 'build_base': '/home/jlukas/My_Project/ROS2/techdiffbot/build/techdiffbot', 'catkin_cmake_args': None, 'catkin_skip_building_tests': False, 'cmake_args': None, 'cmake_clean_cache': False, 'cmake_clean_first': False, 'cmake_force_configure': False, 'cmake_target': None, 'cmake_target_skip_unavailable': False, 'install_base': '/home/jlukas/My_Project/ROS2/techdiffbot/install/techdiffbot', 'merge_install': False, 'path': '/home/jlukas/My_Project/ROS2/techdiffbot/src/techdiffbot', 'symlink_install': False, 'test_result_base': None}
[19.354s] INFO:colcon.colcon_core.executor:Executing jobs using 'parallel' executor
[19.543s] DEBUG:colcon.colcon_parallel_executor.executor.parallel:run_until_complete
[19.545s] INFO:colcon.colcon_ros.task.ament_cmake.build:Building ROS package in '/home/jlukas/My_Project/ROS2/techdiffbot/src/diffdrive_arduino' with build type 'ament_cmake'
[19.546s] INFO:colcon.colcon_cmake.task.cmake.build:Building CMake package in '/home/jlukas/My_Project/ROS2/techdiffbot/src/diffdrive_arduino'
[19.784s] INFO:colcon.colcon_core.plugin_system:Skipping extension 'colcon_core.shell.bat': Not used on non-Windows systems
[19.786s] INFO:colcon.colcon_core.shell:Skip shell extension 'powershell' for command environment: Not usable outside of PowerShell
[19.786s] DEBUG:colcon.colcon_core.shell:Skip shell extension 'dsv' for command environment
[20.595s] INFO:colcon.colcon_ros.task.ament_cmake.build:Building ROS package in '/home/jlukas/My_Project/ROS2/techdiffbot/src/serial' with build type 'ament_cmake'
[20.597s] INFO:colcon.colcon_cmake.task.cmake.build:Building CMake package in '/home/jlukas/My_Project/ROS2/techdiffbot/src/serial'
[20.793s] INFO:colcon.colcon_core.shell:Skip shell extension 'powershell' for command environment: Not usable outside of PowerShell
[20.793s] DEBUG:colcon.colcon_core.shell:Skip shell extension 'dsv' for command environment
[21.593s] INFO:colcon.colcon_ros.task.ament_python.build:Building ROS package in '/home/jlukas/My_Project/ROS2/techdiffbot/src/techdiffbot' with build type 'ament_python'
[21.595s] Level 1:colcon.colcon_core.shell:create_environment_hook('techdiffbot', 'ament_prefix_path')
[21.789s] INFO:colcon.colcon_core.shell:Creating environment hook '/home/jlukas/My_Project/ROS2/techdiffbot/install/techdiffbot/share/techdiffbot/hook/ament_prefix_path.ps1'
[21.795s] INFO:colcon.colcon_core.shell:Creating environment descriptor '/home/jlukas/My_Project/ROS2/techdiffbot/install/techdiffbot/share/techdiffbot/hook/ament_prefix_path.dsv'
[21.803s] INFO:colcon.colcon_core.shell:Creating environment hook '/home/jlukas/My_Project/ROS2/techdiffbot/install/techdiffbot/share/techdiffbot/hook/ament_prefix_path.sh'
[22.003s] INFO:colcon.colcon_core.shell:Skip shell extension 'powershell' for command environment: Not usable outside of PowerShell
[22.003s] DEBUG:colcon.colcon_core.shell:Skip shell extension 'dsv' for command environment
[22.939s] DEBUG:colcon.colcon_core.event_handler.log_command:Invoking command in '/home/jlukas/My_Project/ROS2/techdiffbot/build/diffdrive_arduino': CMAKE_PREFIX_PATH=${CMAKE_PREFIX_PATH}:/home/jlukas/My_Project/ROS2/techdiffbot/install/techdiffbot:/opt/ros/humble /usr/bin/cmake /home/jlukas/My_Project/ROS2/techdiffbot/src/diffdrive_arduino -DCMAKE_INSTALL_PREFIX=/home/jlukas/My_Project/ROS2/techdiffbot/install/diffdrive_arduino
[23.040s] DEBUG:colcon.colcon_core.event_handler.log_command:Invoking command in '/home/jlukas/My_Project/ROS2/techdiffbot/build/serial': CMAKE_PREFIX_PATH=${CMAKE_PREFIX_PATH}:/home/jlukas/My_Project/ROS2/techdiffbot/install/techdiffbot:/opt/ros/humble /usr/bin/cmake /home/jlukas/My_Project/ROS2/techdiffbot/src/serial -DCMAKE_INSTALL_PREFIX=/home/jlukas/My_Project/ROS2/techdiffbot/install/serial
[27.321s] INFO:colcon.colcon_core.task.python.build:Building Python package in '/home/jlukas/My_Project/ROS2/techdiffbot/src/techdiffbot'
[27.633s] INFO:colcon.colcon_core.shell:Skip shell extension 'powershell' for command environment: Not usable outside of PowerShell
[27.634s] DEBUG:colcon.colcon_core.shell:Skip shell extension 'dsv' for command environment
[28.813s] DEBUG:colcon.colcon_core.event_handler.log_command:Invoked command in '/home/jlukas/My_Project/ROS2/techdiffbot/build/serial' returned '0': CMAKE_PREFIX_PATH=${CMAKE_PREFIX_PATH}:/home/jlukas/My_Project/ROS2/techdiffbot/install/techdiffbot:/opt/ros/humble /usr/bin/cmake /home/jlukas/My_Project/ROS2/techdiffbot/src/serial -DCMAKE_INSTALL_PREFIX=/home/jlukas/My_Project/ROS2/techdiffbot/install/serial
[28.831s] DEBUG:colcon.colcon_core.event_handler.log_command:Invoking command in '/home/jlukas/My_Project/ROS2/techdiffbot/build/serial': CMAKE_PREFIX_PATH=${CMAKE_PREFIX_PATH}:/home/jlukas/My_Project/ROS2/techdiffbot/install/techdiffbot:/opt/ros/humble /usr/bin/cmake --build /home/jlukas/My_Project/ROS2/techdiffbot/build/serial -- -j4 -l4
[30.394s] DEBUG:colcon.colcon_core.event_handler.log_command:Invoked command in '/home/jlukas/My_Project/ROS2/techdiffbot/build/serial' returned '0': CMAKE_PREFIX_PATH=${CMAKE_PREFIX_PATH}:/home/jlukas/My_Project/ROS2/techdiffbot/install/techdiffbot:/opt/ros/humble /usr/bin/cmake --build /home/jlukas/My_Project/ROS2/techdiffbot/build/serial -- -j4 -l4
[31.010s] DEBUG:colcon.colcon_core.event_handler.log_command:Invoking command in '/home/jlukas/My_Project/ROS2/techdiffbot/build/serial': CMAKE_PREFIX_PATH=${CMAKE_PREFIX_PATH}:/home/jlukas/My_Project/ROS2/techdiffbot/install/techdiffbot:/opt/ros/humble /usr/bin/cmake --install /home/jlukas/My_Project/ROS2/techdiffbot/build/serial
[31.316s] Level 1:colcon.colcon_core.environment:create_environment_scripts_only(serial)
[31.321s] DEBUG:colcon.colcon_core.event_handler.log_command:Invoked command in '/home/jlukas/My_Project/ROS2/techdiffbot/build/serial' returned '0': CMAKE_PREFIX_PATH=${CMAKE_PREFIX_PATH}:/home/jlukas/My_Project/ROS2/techdiffbot/install/techdiffbot:/opt/ros/humble /usr/bin/cmake --install /home/jlukas/My_Project/ROS2/techdiffbot/build/serial
[31.660s] Level 1:colcon.colcon_core.environment:checking '/home/jlukas/My_Project/ROS2/techdiffbot/install/serial' for CMake module files
[31.669s] Level 1:colcon.colcon_core.environment:checking '/home/jlukas/My_Project/ROS2/techdiffbot/install/serial' for CMake config files
[31.678s] Level 1:colcon.colcon_core.shell:create_environment_hook('serial', 'cmake_prefix_path')
[31.947s] INFO:colcon.colcon_core.shell:Creating environment hook '/home/jlukas/My_Project/ROS2/techdiffbot/install/serial/share/serial/hook/cmake_prefix_path.ps1'
[31.953s] INFO:colcon.colcon_core.shell:Creating environment descriptor '/home/jlukas/My_Project/ROS2/techdiffbot/install/serial/share/serial/hook/cmake_prefix_path.dsv'
[31.957s] INFO:colcon.colcon_core.shell:Creating environment hook '/home/jlukas/My_Project/ROS2/techdiffbot/install/serial/share/serial/hook/cmake_prefix_path.sh'
[31.964s] Level 1:colcon.colcon_core.environment:checking '/home/jlukas/My_Project/ROS2/techdiffbot/install/serial/lib'
[31.967s] Level 1:colcon.colcon_core.environment:checking '/home/jlukas/My_Project/ROS2/techdiffbot/install/serial/bin'
[31.968s] Level 1:colcon.colcon_core.environment:checking '/home/jlukas/My_Project/ROS2/techdiffbot/install/serial/lib/pkgconfig/serial.pc'
[31.971s] Level 1:colcon.colcon_core.environment:checking '/home/jlukas/My_Project/ROS2/techdiffbot/install/serial/lib/python3.10/site-packages'
[31.974s] Level 1:colcon.colcon_core.environment:checking '/home/jlukas/My_Project/ROS2/techdiffbot/install/serial/bin'
[32.260s] INFO:colcon.colcon_core.shell:Creating package script '/home/jlukas/My_Project/ROS2/techdiffbot/install/serial/share/serial/package.ps1'
[32.270s] INFO:colcon.colcon_core.shell:Creating package descriptor '/home/jlukas/My_Project/ROS2/techdiffbot/install/serial/share/serial/package.dsv'
[32.278s] INFO:colcon.colcon_core.shell:Creating package script '/home/jlukas/My_Project/ROS2/techdiffbot/install/serial/share/serial/package.sh'
[32.287s] INFO:colcon.colcon_core.shell:Creating package script '/home/jlukas/My_Project/ROS2/techdiffbot/install/serial/share/serial/package.bash'
[32.299s] INFO:colcon.colcon_core.shell:Creating package script '/home/jlukas/My_Project/ROS2/techdiffbot/install/serial/share/serial/package.zsh'
[32.308s] Level 1:colcon.colcon_core.environment:create_file_with_runtime_dependencies(/home/jlukas/My_Project/ROS2/techdiffbot/install/serial/share/colcon-core/packages/serial)
[33.103s] Level 1:colcon.colcon_core.environment:create_environment_scripts_only(serial)
[33.392s] Level 1:colcon.colcon_core.environment:checking '/home/jlukas/My_Project/ROS2/techdiffbot/install/serial' for CMake module files
[33.400s] Level 1:colcon.colcon_core.environment:checking '/home/jlukas/My_Project/ROS2/techdiffbot/install/serial' for CMake config files
[33.409s] Level 1:colcon.colcon_core.shell:create_environment_hook('serial', 'cmake_prefix_path')
[33.697s] INFO:colcon.colcon_core.shell:Creating environment hook '/home/jlukas/My_Project/ROS2/techdiffbot/install/serial/share/serial/hook/cmake_prefix_path.ps1'
[33.702s] INFO:colcon.colcon_core.shell:Creating environment descriptor '/home/jlukas/My_Project/ROS2/techdiffbot/install/serial/share/serial/hook/cmake_prefix_path.dsv'
[33.707s] INFO:colcon.colcon_core.shell:Creating environment hook '/home/jlukas/My_Project/ROS2/techdiffbot/install/serial/share/serial/hook/cmake_prefix_path.sh'
[33.713s] Level 1:colcon.colcon_core.environment:checking '/home/jlukas/My_Project/ROS2/techdiffbot/install/serial/lib'
[33.715s] Level 1:colcon.colcon_core.environment:checking '/home/jlukas/My_Project/ROS2/techdiffbot/install/serial/bin'
[33.716s] Level 1:colcon.colcon_core.environment:checking '/home/jlukas/My_Project/ROS2/techdiffbot/install/serial/lib/pkgconfig/serial.pc'
[33.719s] Level 1:colcon.colcon_core.environment:checking '/home/jlukas/My_Project/ROS2/techdiffbot/install/serial/lib/python3.10/site-packages'
[33.722s] Level 1:colcon.colcon_core.environment:checking '/home/jlukas/My_Project/ROS2/techdiffbot/install/serial/bin'
[33.996s] INFO:colcon.colcon_core.shell:Creating package script '/home/jlukas/My_Project/ROS2/techdiffbot/install/serial/share/serial/package.ps1'
[34.002s] INFO:colcon.colcon_core.shell:Creating package descriptor '/home/jlukas/My_Project/ROS2/techdiffbot/install/serial/share/serial/package.dsv'
[34.008s] INFO:colcon.colcon_core.shell:Creating package script '/home/jlukas/My_Project/ROS2/techdiffbot/install/serial/share/serial/package.sh'
[34.014s] INFO:colcon.colcon_core.shell:Creating package script '/home/jlukas/My_Project/ROS2/techdiffbot/install/serial/share/serial/package.bash'
[34.019s] INFO:colcon.colcon_core.shell:Creating package script '/home/jlukas/My_Project/ROS2/techdiffbot/install/serial/share/serial/package.zsh'
[34.024s] Level 1:colcon.colcon_core.environment:create_file_with_runtime_dependencies(/home/jlukas/My_Project/ROS2/techdiffbot/install/serial/share/colcon-core/packages/serial)
[36.101s] DEBUG:colcon.colcon_core.event_handler.log_command:Invoking command in '/home/jlukas/My_Project/ROS2/techdiffbot/build/techdiffbot': PYTHONPATH=/home/jlukas/My_Project/ROS2/techdiffbot/build/techdiffbot/prefix_override:/home/jlukas/My_Project/ROS2/techdiffbot/install/techdiffbot/lib/python3.10/site-packages:${PYTHONPATH} /usr/bin/python3 setup.py develop --uninstall --editable --build-directory /home/jlukas/My_Project/ROS2/techdiffbot/build/techdiffbot/build
[43.090s] DEBUG:colcon.colcon_core.event_handler.log_command:Invoked command in '/home/jlukas/My_Project/ROS2/techdiffbot/build/techdiffbot' returned '0': PYTHONPATH=/home/jlukas/My_Project/ROS2/techdiffbot/build/techdiffbot/prefix_override:/home/jlukas/My_Project/ROS2/techdiffbot/install/techdiffbot/lib/python3.10/site-packages:${PYTHONPATH} /usr/bin/python3 setup.py develop --uninstall --editable --build-directory /home/jlukas/My_Project/ROS2/techdiffbot/build/techdiffbot/build
[43.114s] DEBUG:colcon.colcon_core.event_handler.log_command:Invoking command in '/home/jlukas/My_Project/ROS2/techdiffbot/src/techdiffbot': PYTHONPATH=/home/jlukas/My_Project/ROS2/techdiffbot/build/techdiffbot/prefix_override:/home/jlukas/My_Project/ROS2/techdiffbot/install/techdiffbot/lib/python3.10/site-packages:${PYTHONPATH} /usr/bin/python3 setup.py egg_info --egg-base ../../build/techdiffbot build --build-base /home/jlukas/My_Project/ROS2/techdiffbot/build/techdiffbot/build install --record /home/jlukas/My_Project/ROS2/techdiffbot/build/techdiffbot/install.log --single-version-externally-managed
[43.127s] DEBUG:colcon.colcon_core.event_handler.log_command:Invoked command in '/home/jlukas/My_Project/ROS2/techdiffbot/build/diffdrive_arduino' returned '0': CMAKE_PREFIX_PATH=${CMAKE_PREFIX_PATH}:/home/jlukas/My_Project/ROS2/techdiffbot/install/techdiffbot:/opt/ros/humble /usr/bin/cmake /home/jlukas/My_Project/ROS2/techdiffbot/src/diffdrive_arduino -DCMAKE_INSTALL_PREFIX=/home/jlukas/My_Project/ROS2/techdiffbot/install/diffdrive_arduino
[43.148s] DEBUG:colcon.colcon_core.event_handler.log_command:Invoking command in '/home/jlukas/My_Project/ROS2/techdiffbot/build/diffdrive_arduino': CMAKE_PREFIX_PATH=${CMAKE_PREFIX_PATH}:/home/jlukas/My_Project/ROS2/techdiffbot/install/techdiffbot:/opt/ros/humble /usr/bin/cmake --build /home/jlukas/My_Project/ROS2/techdiffbot/build/diffdrive_arduino -- -j4 -l4
[44.170s] DEBUG:colcon.colcon_core.event_handler.log_command:Invoked command in '/home/jlukas/My_Project/ROS2/techdiffbot/build/diffdrive_arduino' returned '0': CMAKE_PREFIX_PATH=${CMAKE_PREFIX_PATH}:/home/jlukas/My_Project/ROS2/techdiffbot/install/techdiffbot:/opt/ros/humble /usr/bin/cmake --build /home/jlukas/My_Project/ROS2/techdiffbot/build/diffdrive_arduino -- -j4 -l4
[44.490s] DEBUG:colcon.colcon_core.event_handler.log_command:Invoking command in '/home/jlukas/My_Project/ROS2/techdiffbot/build/diffdrive_arduino': CMAKE_PREFIX_PATH=${CMAKE_PREFIX_PATH}:/home/jlukas/My_Project/ROS2/techdiffbot/install/techdiffbot:/opt/ros/humble /usr/bin/cmake --install /home/jlukas/My_Project/ROS2/techdiffbot/build/diffdrive_arduino
[44.849s] Level 1:colcon.colcon_core.environment:create_environment_scripts_only(diffdrive_arduino)
[44.854s] DEBUG:colcon.colcon_core.event_handler.log_command:Invoked command in '/home/jlukas/My_Project/ROS2/techdiffbot/build/diffdrive_arduino' returned '0': CMAKE_PREFIX_PATH=${CMAKE_PREFIX_PATH}:/home/jlukas/My_Project/ROS2/techdiffbot/install/techdiffbot:/opt/ros/humble /usr/bin/cmake --install /home/jlukas/My_Project/ROS2/techdiffbot/build/diffdrive_arduino
[45.099s] Level 1:colcon.colcon_core.environment:checking '/home/jlukas/My_Project/ROS2/techdiffbot/install/diffdrive_arduino' for CMake module files
[45.108s] Level 1:colcon.colcon_core.environment:checking '/home/jlukas/My_Project/ROS2/techdiffbot/install/diffdrive_arduino' for CMake config files
[45.118s] Level 1:colcon.colcon_core.shell:create_environment_hook('diffdrive_arduino', 'cmake_prefix_path')
[45.351s] INFO:colcon.colcon_core.shell:Creating environment hook '/home/jlukas/My_Project/ROS2/techdiffbot/install/diffdrive_arduino/share/diffdrive_arduino/hook/cmake_prefix_path.ps1'
[45.359s] INFO:colcon.colcon_core.shell:Creating environment descriptor '/home/jlukas/My_Project/ROS2/techdiffbot/install/diffdrive_arduino/share/diffdrive_arduino/hook/cmake_prefix_path.dsv'
[45.363s] INFO:colcon.colcon_core.shell:Creating environment hook '/home/jlukas/My_Project/ROS2/techdiffbot/install/diffdrive_arduino/share/diffdrive_arduino/hook/cmake_prefix_path.sh'
[45.370s] Level 1:colcon.colcon_core.environment:checking '/home/jlukas/My_Project/ROS2/techdiffbot/install/diffdrive_arduino/lib'
[45.371s] Level 1:colcon.colcon_core.shell:create_environment_hook('diffdrive_arduino', 'ld_library_path_lib')
[45.602s] INFO:colcon.colcon_core.shell:Creating environment hook '/home/jlukas/My_Project/ROS2/techdiffbot/install/diffdrive_arduino/share/diffdrive_arduino/hook/ld_library_path_lib.ps1'
[45.607s] INFO:colcon.colcon_core.shell:Creating environment descriptor '/home/jlukas/My_Project/ROS2/techdiffbot/install/diffdrive_arduino/share/diffdrive_arduino/hook/ld_library_path_lib.dsv'
[45.611s] INFO:colcon.colcon_core.shell:Creating environment hook '/home/jlukas/My_Project/ROS2/techdiffbot/install/diffdrive_arduino/share/diffdrive_arduino/hook/ld_library_path_lib.sh'
[45.616s] Level 1:colcon.colcon_core.environment:checking '/home/jlukas/My_Project/ROS2/techdiffbot/install/diffdrive_arduino/bin'
[45.617s] Level 1:colcon.colcon_core.environment:checking '/home/jlukas/My_Project/ROS2/techdiffbot/install/diffdrive_arduino/lib/pkgconfig/diffdrive_arduino.pc'
[45.620s] Level 1:colcon.colcon_core.environment:checking '/home/jlukas/My_Project/ROS2/techdiffbot/install/diffdrive_arduino/lib/python3.10/site-packages'
[45.623s] Level 1:colcon.colcon_core.environment:checking '/home/jlukas/My_Project/ROS2/techdiffbot/install/diffdrive_arduino/bin'
[45.849s] INFO:colcon.colcon_core.shell:Creating package script '/home/jlukas/My_Project/ROS2/techdiffbot/install/diffdrive_arduino/share/diffdrive_arduino/package.ps1'
[45.855s] INFO:colcon.colcon_core.shell:Creating package descriptor '/home/jlukas/My_Project/ROS2/techdiffbot/install/diffdrive_arduino/share/diffdrive_arduino/package.dsv'
[45.860s] INFO:colcon.colcon_core.shell:Creating package script '/home/jlukas/My_Project/ROS2/techdiffbot/install/diffdrive_arduino/share/diffdrive_arduino/package.sh'
[45.865s] INFO:colcon.colcon_core.shell:Creating package script '/home/jlukas/My_Project/ROS2/techdiffbot/install/diffdrive_arduino/share/diffdrive_arduino/package.bash'
[45.870s] INFO:colcon.colcon_core.shell:Creating package script '/home/jlukas/My_Project/ROS2/techdiffbot/install/diffdrive_arduino/share/diffdrive_arduino/package.zsh'
[45.876s] Level 1:colcon.colcon_core.environment:create_file_with_runtime_dependencies(/home/jlukas/My_Project/ROS2/techdiffbot/install/diffdrive_arduino/share/colcon-core/packages/diffdrive_arduino)
[46.423s] Level 1:colcon.colcon_core.environment:create_environment_scripts_only(diffdrive_arduino)
[46.660s] Level 1:colcon.colcon_core.environment:checking '/home/jlukas/My_Project/ROS2/techdiffbot/install/diffdrive_arduino' for CMake module files
[46.670s] Level 1:colcon.colcon_core.environment:checking '/home/jlukas/My_Project/ROS2/techdiffbot/install/diffdrive_arduino' for CMake config files
[46.679s] Level 1:colcon.colcon_core.shell:create_environment_hook('diffdrive_arduino', 'cmake_prefix_path')
[46.936s] INFO:colcon.colcon_core.shell:Creating environment hook '/home/jlukas/My_Project/ROS2/techdiffbot/install/diffdrive_arduino/share/diffdrive_arduino/hook/cmake_prefix_path.ps1'
[46.946s] INFO:colcon.colcon_core.shell:Creating environment descriptor '/home/jlukas/My_Project/ROS2/techdiffbot/install/diffdrive_arduino/share/diffdrive_arduino/hook/cmake_prefix_path.dsv'
[46.957s] INFO:colcon.colcon_core.shell:Creating environment hook '/home/jlukas/My_Project/ROS2/techdiffbot/install/diffdrive_arduino/share/diffdrive_arduino/hook/cmake_prefix_path.sh'
[46.969s] Level 1:colcon.colcon_core.environment:checking '/home/jlukas/My_Project/ROS2/techdiffbot/install/diffdrive_arduino/lib'
[46.970s] Level 1:colcon.colcon_core.shell:create_environment_hook('diffdrive_arduino', 'ld_library_path_lib')
[47.223s] INFO:colcon.colcon_core.shell:Creating environment hook '/home/jlukas/My_Project/ROS2/techdiffbot/install/diffdrive_arduino/share/diffdrive_arduino/hook/ld_library_path_lib.ps1'
[47.228s] INFO:colcon.colcon_core.shell:Creating environment descriptor '/home/jlukas/My_Project/ROS2/techdiffbot/install/diffdrive_arduino/share/diffdrive_arduino/hook/ld_library_path_lib.dsv'
[47.232s] INFO:colcon.colcon_core.shell:Creating environment hook '/home/jlukas/My_Project/ROS2/techdiffbot/install/diffdrive_arduino/share/diffdrive_arduino/hook/ld_library_path_lib.sh'
[47.237s] Level 1:colcon.colcon_core.environment:checking '/home/jlukas/My_Project/ROS2/techdiffbot/install/diffdrive_arduino/bin'
[47.238s] Level 1:colcon.colcon_core.environment:checking '/home/jlukas/My_Project/ROS2/techdiffbot/install/diffdrive_arduino/lib/pkgconfig/diffdrive_arduino.pc'
[47.241s] Level 1:colcon.colcon_core.environment:checking '/home/jlukas/My_Project/ROS2/techdiffbot/install/diffdrive_arduino/lib/python3.10/site-packages'
[47.245s] Level 1:colcon.colcon_core.environment:checking '/home/jlukas/My_Project/ROS2/techdiffbot/install/diffdrive_arduino/bin'
[47.521s] INFO:colcon.colcon_core.shell:Creating package script '/home/jlukas/My_Project/ROS2/techdiffbot/install/diffdrive_arduino/share/diffdrive_arduino/package.ps1'
[47.529s] INFO:colcon.colcon_core.shell:Creating package descriptor '/home/jlukas/My_Project/ROS2/techdiffbot/install/diffdrive_arduino/share/diffdrive_arduino/package.dsv'
[47.537s] INFO:colcon.colcon_core.shell:Creating package script '/home/jlukas/My_Project/ROS2/techdiffbot/install/diffdrive_arduino/share/diffdrive_arduino/package.sh'
[47.543s] INFO:colcon.colcon_core.shell:Creating package script '/home/jlukas/My_Project/ROS2/techdiffbot/install/diffdrive_arduino/share/diffdrive_arduino/package.bash'
[47.549s] INFO:colcon.colcon_core.shell:Creating package script '/home/jlukas/My_Project/ROS2/techdiffbot/install/diffdrive_arduino/share/diffdrive_arduino/package.zsh'
[47.554s] Level 1:colcon.colcon_core.environment:create_file_with_runtime_dependencies(/home/jlukas/My_Project/ROS2/techdiffbot/install/diffdrive_arduino/share/colcon-core/packages/diffdrive_arduino)
[47.570s] DEBUG:colcon.colcon_core.event_handler.log_command:Invoked command in '/home/jlukas/My_Project/ROS2/techdiffbot/src/techdiffbot' returned '0': PYTHONPATH=/home/jlukas/My_Project/ROS2/techdiffbot/build/techdiffbot/prefix_override:/home/jlukas/My_Project/ROS2/techdiffbot/install/techdiffbot/lib/python3.10/site-packages:${PYTHONPATH} /usr/bin/python3 setup.py egg_info --egg-base ../../build/techdiffbot build --build-base /home/jlukas/My_Project/ROS2/techdiffbot/build/techdiffbot/build install --record /home/jlukas/My_Project/ROS2/techdiffbot/build/techdiffbot/install.log --single-version-externally-managed
[47.761s] Level 1:colcon.colcon_core.environment:checking '/home/jlukas/My_Project/ROS2/techdiffbot/install/techdiffbot' for CMake module files
[47.768s] Level 1:colcon.colcon_core.environment:checking '/home/jlukas/My_Project/ROS2/techdiffbot/install/techdiffbot' for CMake config files
[47.783s] Level 1:colcon.colcon_core.environment:checking '/home/jlukas/My_Project/ROS2/techdiffbot/install/techdiffbot/lib'
[47.785s] Level 1:colcon.colcon_core.environment:checking '/home/jlukas/My_Project/ROS2/techdiffbot/install/techdiffbot/bin'
[47.786s] Level 1:colcon.colcon_core.environment:checking '/home/jlukas/My_Project/ROS2/techdiffbot/install/techdiffbot/lib/pkgconfig/techdiffbot.pc'
[47.789s] Level 1:colcon.colcon_core.environment:checking '/home/jlukas/My_Project/ROS2/techdiffbot/install/techdiffbot/lib/python3.10/site-packages'
[47.790s] Level 1:colcon.colcon_core.shell:create_environment_hook('techdiffbot', 'pythonpath')
[47.980s] INFO:colcon.colcon_core.shell:Creating environment hook '/home/jlukas/My_Project/ROS2/techdiffbot/install/techdiffbot/share/techdiffbot/hook/pythonpath.ps1'
[47.984s] INFO:colcon.colcon_core.shell:Creating environment descriptor '/home/jlukas/My_Project/ROS2/techdiffbot/install/techdiffbot/share/techdiffbot/hook/pythonpath.dsv'
[47.988s] INFO:colcon.colcon_core.shell:Creating environment hook '/home/jlukas/My_Project/ROS2/techdiffbot/install/techdiffbot/share/techdiffbot/hook/pythonpath.sh'
[47.994s] Level 1:colcon.colcon_core.environment:checking '/home/jlukas/My_Project/ROS2/techdiffbot/install/techdiffbot/bin'
[47.995s] Level 1:colcon.colcon_core.environment:create_environment_scripts_only(techdiffbot)
[48.185s] INFO:colcon.colcon_core.shell:Creating package script '/home/jlukas/My_Project/ROS2/techdiffbot/install/techdiffbot/share/techdiffbot/package.ps1'
[48.190s] INFO:colcon.colcon_core.shell:Creating package descriptor '/home/jlukas/My_Project/ROS2/techdiffbot/install/techdiffbot/share/techdiffbot/package.dsv'
[48.195s] INFO:colcon.colcon_core.shell:Creating package script '/home/jlukas/My_Project/ROS2/techdiffbot/install/techdiffbot/share/techdiffbot/package.sh'
[48.200s] INFO:colcon.colcon_core.shell:Creating package script '/home/jlukas/My_Project/ROS2/techdiffbot/install/techdiffbot/share/techdiffbot/package.bash'
[48.204s] INFO:colcon.colcon_core.shell:Creating package script '/home/jlukas/My_Project/ROS2/techdiffbot/install/techdiffbot/share/techdiffbot/package.zsh'
[48.208s] Level 1:colcon.colcon_core.environment:create_file_with_runtime_dependencies(/home/jlukas/My_Project/ROS2/techdiffbot/install/techdiffbot/share/colcon-core/packages/techdiffbot)
[48.211s] DEBUG:colcon.colcon_parallel_executor.executor.parallel:closing loop
[48.214s] DEBUG:colcon.colcon_parallel_executor.executor.parallel:loop closed
[48.216s] DEBUG:colcon.colcon_parallel_executor.executor.parallel:run_until_complete finished with '0'
[48.216s] DEBUG:colcon.colcon_core.event_reactor:joining thread
[48.570s] INFO:colcon.colcon_core.plugin_system:Skipping extension 'colcon_notification.desktop_notification.notify_send': Could not find 'notify-send'
[48.572s] INFO:colcon.colcon_core.plugin_system:Skipping extension 'colcon_notification.desktop_notification.terminal_notifier': Not used on non-Darwin systems
[48.573s] INFO:colcon.colcon_core.plugin_system:Skipping extension 'colcon_notification.desktop_notification.win32': Not used on non-Windows systems
[48.573s] INFO:colcon.colcon_notification.desktop_notification:Sending desktop notification using 'notify2'
[48.582s] DEBUG:colcon.colcon_notification.desktop_notification.notify2:Failed to initialize notify2: org.freedesktop.DBus.Error.ServiceUnknown: The name org.freedesktop.Notifications was not provided by any .service files
[48.583s] DEBUG:colcon.colcon_core.event_reactor:joined thread
[48.769s] INFO:colcon.colcon_core.shell:Creating prefix script '/home/jlukas/My_Project/ROS2/techdiffbot/install/local_setup.ps1'
[48.779s] INFO:colcon.colcon_core.shell:Creating prefix util module '/home/jlukas/My_Project/ROS2/techdiffbot/install/_local_setup_util_ps1.py'
[48.800s] INFO:colcon.colcon_core.shell:Creating prefix chain script '/home/jlukas/My_Project/ROS2/techdiffbot/install/setup.ps1'
[48.998s] INFO:colcon.colcon_core.shell:Creating prefix script '/home/jlukas/My_Project/ROS2/techdiffbot/install/local_setup.sh'
[49.009s] INFO:colcon.colcon_core.shell:Creating prefix util module '/home/jlukas/My_Project/ROS2/techdiffbot/install/_local_setup_util_sh.py'
[49.015s] INFO:colcon.colcon_core.shell:Creating prefix chain script '/home/jlukas/My_Project/ROS2/techdiffbot/install/setup.sh'
[49.213s] INFO:colcon.colcon_core.shell:Creating prefix script '/home/jlukas/My_Project/ROS2/techdiffbot/install/local_setup.bash'
[49.220s] INFO:colcon.colcon_core.shell:Creating prefix chain script '/home/jlukas/My_Project/ROS2/techdiffbot/install/setup.bash'
[49.420s] INFO:colcon.colcon_core.shell:Creating prefix script '/home/jlukas/My_Project/ROS2/techdiffbot/install/local_setup.zsh'
[49.427s] INFO:colcon.colcon_core.shell:Creating prefix chain script '/home/jlukas/My_Project/ROS2/techdiffbot/install/setup.zsh'
