[0.349s] DEBUG:colcon:Command line arguments: ['/usr/bin/colcon', 'build']
[0.349s] DEBUG:colcon:Parsed command line arguments: Namespace(log_base=None, log_level=None, verb_name='build', build_base='build', install_base='install', merge_install=False, symlink_install=False, test_result_base=None, continue_on_error=False, executor='parallel', parallel_workers=4, event_handlers=None, ignore_user_meta=False, metas=['./colcon.meta'], base_paths=['.'], packages_ignore=None, packages_ignore_regex=None, paths=None, packages_up_to=None, packages_up_to_regex=None, packages_above=None, packages_above_and_dependencies=None, packages_above_depth=None, packages_select_by_dep=None, packages_skip_by_dep=None, packages_skip_up_to=None, packages_select_build_failed=False, packages_skip_build_finished=False, packages_select_test_failures=False, packages_skip_test_passed=False, packages_select=None, packages_skip=None, packages_select_regex=None, packages_skip_regex=None, packages_start=None, packages_end=None, allow_overriding=[], cmake_args=None, cmake_target=None, cmake_target_skip_unavailable=False, cmake_clean_cache=False, cmake_clean_first=False, cmake_force_configure=False, ament_cmake_args=None, catkin_cmake_args=None, catkin_skip_building_tests=False, verb_parser=<colcon_defaults.argument_parser.defaults.DefaultArgumentsDecorator object at 0x7f6da8ae84c0>, verb_extension=<colcon_core.verb.build.BuildVerb object at 0x7f6da9324100>, main=<bound method BuildVerb.main of <colcon_core.verb.build.BuildVerb object at 0x7f6da9324100>>)
[0.395s] Level 1:colcon.colcon_core.package_discovery:discover_packages(colcon_meta) check parameters
[0.395s] Level 1:colcon.colcon_core.package_discovery:discover_packages(recursive) check parameters
[0.395s] Level 1:colcon.colcon_core.package_discovery:discover_packages(ignore) check parameters
[0.396s] Level 1:colcon.colcon_core.package_discovery:discover_packages(path) check parameters
[0.396s] Level 1:colcon.colcon_core.package_discovery:discover_packages(colcon_meta) discover
[0.396s] Level 1:colcon.colcon_core.package_discovery:discover_packages(recursive) discover
[0.396s] INFO:colcon.colcon_core.package_discovery:Crawling recursively for packages in '/home/jlukas/Desktop/My_Project/rpi_pc_talk'
[0.396s] Level 1:colcon.colcon_core.package_identification:_identify(.) by extensions ['ignore', 'ignore_ament_install']
[0.396s] Level 1:colcon.colcon_core.package_identification:_identify(.) by extension 'ignore'
[0.396s] Level 1:colcon.colcon_core.package_identification:_identify(.) by extension 'ignore_ament_install'
[0.397s] Level 1:colcon.colcon_core.package_identification:_identify(.) by extensions ['colcon_pkg']
[0.397s] Level 1:colcon.colcon_core.package_identification:_identify(.) by extension 'colcon_pkg'
[0.397s] Level 1:colcon.colcon_core.package_identification:_identify(.) by extensions ['colcon_meta']
[0.397s] Level 1:colcon.colcon_core.package_identification:_identify(.) by extension 'colcon_meta'
[0.397s] Level 1:colcon.colcon_core.package_identification:_identify(.) by extensions ['ros']
[0.397s] Level 1:colcon.colcon_core.package_identification:_identify(.) by extension 'ros'
[0.416s] Level 1:colcon.colcon_core.package_identification:_identify(.) by extensions ['cmake', 'python']
[0.416s] Level 1:colcon.colcon_core.package_identification:_identify(.) by extension 'cmake'
[0.416s] Level 1:colcon.colcon_core.package_identification:_identify(.) by extension 'python'
[0.416s] Level 1:colcon.colcon_core.package_identification:_identify(.) by extensions ['python_setup_py']
[0.416s] Level 1:colcon.colcon_core.package_identification:_identify(.) by extension 'python_setup_py'
[0.417s] Level 1:colcon.colcon_core.package_identification:_identify(build) by extensions ['ignore', 'ignore_ament_install']
[0.417s] Level 1:colcon.colcon_core.package_identification:_identify(build) by extension 'ignore'
[0.417s] Level 1:colcon.colcon_core.package_identification:_identify(build) ignored
[0.417s] Level 1:colcon.colcon_core.package_identification:_identify(install) by extensions ['ignore', 'ignore_ament_install']
[0.417s] Level 1:colcon.colcon_core.package_identification:_identify(install) by extension 'ignore'
[0.417s] Level 1:colcon.colcon_core.package_identification:_identify(install) ignored
[0.418s] Level 1:colcon.colcon_core.package_identification:_identify(log) by extensions ['ignore', 'ignore_ament_install']
[0.418s] Level 1:colcon.colcon_core.package_identification:_identify(log) by extension 'ignore'
[0.418s] Level 1:colcon.colcon_core.package_identification:_identify(log) ignored
[0.419s] Level 1:colcon.colcon_core.package_identification:_identify(src) by extensions ['ignore', 'ignore_ament_install']
[0.419s] Level 1:colcon.colcon_core.package_identification:_identify(src) by extension 'ignore'
[0.419s] Level 1:colcon.colcon_core.package_identification:_identify(src) by extension 'ignore_ament_install'
[0.419s] Level 1:colcon.colcon_core.package_identification:_identify(src) by extensions ['colcon_pkg']
[0.419s] Level 1:colcon.colcon_core.package_identification:_identify(src) by extension 'colcon_pkg'
[0.420s] Level 1:colcon.colcon_core.package_identification:_identify(src) by extensions ['colcon_meta']
[0.420s] Level 1:colcon.colcon_core.package_identification:_identify(src) by extension 'colcon_meta'
[0.420s] Level 1:colcon.colcon_core.package_identification:_identify(src) by extensions ['ros']
[0.420s] Level 1:colcon.colcon_core.package_identification:_identify(src) by extension 'ros'
[0.420s] Level 1:colcon.colcon_core.package_identification:_identify(src) by extensions ['cmake', 'python']
[0.420s] Level 1:colcon.colcon_core.package_identification:_identify(src) by extension 'cmake'
[0.420s] Level 1:colcon.colcon_core.package_identification:_identify(src) by extension 'python'
[0.421s] Level 1:colcon.colcon_core.package_identification:_identify(src) by extensions ['python_setup_py']
[0.421s] Level 1:colcon.colcon_core.package_identification:_identify(src) by extension 'python_setup_py'
[0.421s] Level 1:colcon.colcon_core.package_identification:_identify(src/rpi_pc_talk) by extensions ['ignore', 'ignore_ament_install']
[0.421s] Level 1:colcon.colcon_core.package_identification:_identify(src/rpi_pc_talk) by extension 'ignore'
[0.422s] Level 1:colcon.colcon_core.package_identification:_identify(src/rpi_pc_talk) by extension 'ignore_ament_install'
[0.422s] Level 1:colcon.colcon_core.package_identification:_identify(src/rpi_pc_talk) by extensions ['colcon_pkg']
[0.422s] Level 1:colcon.colcon_core.package_identification:_identify(src/rpi_pc_talk) by extension 'colcon_pkg'
[0.422s] Level 1:colcon.colcon_core.package_identification:_identify(src/rpi_pc_talk) by extensions ['colcon_meta']
[0.422s] Level 1:colcon.colcon_core.package_identification:_identify(src/rpi_pc_talk) by extension 'colcon_meta'
[0.422s] Level 1:colcon.colcon_core.package_identification:_identify(src/rpi_pc_talk) by extensions ['ros']
[0.423s] Level 1:colcon.colcon_core.package_identification:_identify(src/rpi_pc_talk) by extension 'ros'
[0.425s] DEBUG:colcon.colcon_core.package_identification:Package 'src/rpi_pc_talk' with type 'ros.ament_python' and name 'rpi_pc_talk'
[0.426s] Level 1:colcon.colcon_core.package_discovery:discover_packages(recursive) using defaults
[0.426s] Level 1:colcon.colcon_core.package_discovery:discover_packages(ignore) discover
[0.426s] Level 1:colcon.colcon_core.package_discovery:discover_packages(ignore) using defaults
[0.426s] Level 1:colcon.colcon_core.package_discovery:discover_packages(path) discover
[0.426s] Level 1:colcon.colcon_core.package_discovery:discover_packages(path) using defaults
[0.452s] Level 1:colcon.colcon_core.package_discovery:discover_packages(prefix_path) check parameters
[0.452s] Level 1:colcon.colcon_core.package_discovery:discover_packages(prefix_path) discover
[0.456s] DEBUG:colcon.colcon_installed_package_information.package_discovery:Found 1 installed packages in /home/jlukas/Desktop/My_Project/rpi_pc_talk/install
[0.458s] DEBUG:colcon.colcon_installed_package_information.package_discovery:Found 352 installed packages in /opt/ros/humble
[0.460s] Level 1:colcon.colcon_core.package_discovery:discover_packages(prefix_path) using defaults
[0.540s] Level 5:colcon.colcon_core.verb:set package 'rpi_pc_talk' build argument 'cmake_args' from command line to 'None'
[0.540s] Level 5:colcon.colcon_core.verb:set package 'rpi_pc_talk' build argument 'cmake_target' from command line to 'None'
[0.540s] Level 5:colcon.colcon_core.verb:set package 'rpi_pc_talk' build argument 'cmake_target_skip_unavailable' from command line to 'False'
[0.540s] Level 5:colcon.colcon_core.verb:set package 'rpi_pc_talk' build argument 'cmake_clean_cache' from command line to 'False'
[0.541s] Level 5:colcon.colcon_core.verb:set package 'rpi_pc_talk' build argument 'cmake_clean_first' from command line to 'False'
[0.541s] Level 5:colcon.colcon_core.verb:set package 'rpi_pc_talk' build argument 'cmake_force_configure' from command line to 'False'
[0.541s] Level 5:colcon.colcon_core.verb:set package 'rpi_pc_talk' build argument 'ament_cmake_args' from command line to 'None'
[0.541s] Level 5:colcon.colcon_core.verb:set package 'rpi_pc_talk' build argument 'catkin_cmake_args' from command line to 'None'
[0.541s] Level 5:colcon.colcon_core.verb:set package 'rpi_pc_talk' build argument 'catkin_skip_building_tests' from command line to 'False'
[0.541s] DEBUG:colcon.colcon_core.verb:Building package 'rpi_pc_talk' with the following arguments: {'ament_cmake_args': None, 'build_base': '/home/jlukas/Desktop/My_Project/rpi_pc_talk/build/rpi_pc_talk', 'catkin_cmake_args': None, 'catkin_skip_building_tests': False, 'cmake_args': None, 'cmake_clean_cache': False, 'cmake_clean_first': False, 'cmake_force_configure': False, 'cmake_target': None, 'cmake_target_skip_unavailable': False, 'install_base': '/home/jlukas/Desktop/My_Project/rpi_pc_talk/install/rpi_pc_talk', 'merge_install': False, 'path': '/home/jlukas/Desktop/My_Project/rpi_pc_talk/src/rpi_pc_talk', 'symlink_install': False, 'test_result_base': None}
[0.542s] INFO:colcon.colcon_core.executor:Executing jobs using 'parallel' executor
[0.546s] DEBUG:colcon.colcon_parallel_executor.executor.parallel:run_until_complete
[0.547s] INFO:colcon.colcon_ros.task.ament_python.build:Building ROS package in '/home/jlukas/Desktop/My_Project/rpi_pc_talk/src/rpi_pc_talk' with build type 'ament_python'
[0.548s] Level 1:colcon.colcon_core.shell:create_environment_hook('rpi_pc_talk', 'ament_prefix_path')
[0.556s] INFO:colcon.colcon_core.plugin_system:Skipping extension 'colcon_core.shell.bat': Not used on non-Windows systems
[0.556s] INFO:colcon.colcon_core.shell:Creating environment hook '/home/jlukas/Desktop/My_Project/rpi_pc_talk/install/rpi_pc_talk/share/rpi_pc_talk/hook/ament_prefix_path.ps1'
[0.557s] INFO:colcon.colcon_core.shell:Creating environment descriptor '/home/jlukas/Desktop/My_Project/rpi_pc_talk/install/rpi_pc_talk/share/rpi_pc_talk/hook/ament_prefix_path.dsv'
[0.559s] INFO:colcon.colcon_core.shell:Creating environment hook '/home/jlukas/Desktop/My_Project/rpi_pc_talk/install/rpi_pc_talk/share/rpi_pc_talk/hook/ament_prefix_path.sh'
[0.562s] INFO:colcon.colcon_core.shell:Skip shell extension 'powershell' for command environment: Not usable outside of PowerShell
[0.563s] DEBUG:colcon.colcon_core.shell:Skip shell extension 'dsv' for command environment
[0.865s] INFO:colcon.colcon_core.task.python.build:Building Python package in '/home/jlukas/Desktop/My_Project/rpi_pc_talk/src/rpi_pc_talk'
[0.866s] INFO:colcon.colcon_core.shell:Skip shell extension 'powershell' for command environment: Not usable outside of PowerShell
[0.866s] DEBUG:colcon.colcon_core.shell:Skip shell extension 'dsv' for command environment
[1.319s] DEBUG:colcon.colcon_core.event_handler.log_command:Invoking command in '/home/jlukas/Desktop/My_Project/rpi_pc_talk/build/rpi_pc_talk': PYTHONPATH=/home/jlukas/Desktop/My_Project/rpi_pc_talk/build/rpi_pc_talk/prefix_override:/home/jlukas/Desktop/My_Project/rpi_pc_talk/install/rpi_pc_talk/lib/python3.10/site-packages:${PYTHONPATH} /usr/bin/python3 setup.py develop --uninstall --editable --build-directory /home/jlukas/Desktop/My_Project/rpi_pc_talk/build/rpi_pc_talk/build
[1.834s] DEBUG:colcon.colcon_core.event_handler.log_command:Invoked command in '/home/jlukas/Desktop/My_Project/rpi_pc_talk/build/rpi_pc_talk' returned '0': PYTHONPATH=/home/jlukas/Desktop/My_Project/rpi_pc_talk/build/rpi_pc_talk/prefix_override:/home/jlukas/Desktop/My_Project/rpi_pc_talk/install/rpi_pc_talk/lib/python3.10/site-packages:${PYTHONPATH} /usr/bin/python3 setup.py develop --uninstall --editable --build-directory /home/jlukas/Desktop/My_Project/rpi_pc_talk/build/rpi_pc_talk/build
[1.837s] DEBUG:colcon.colcon_core.event_handler.log_command:Invoking command in '/home/jlukas/Desktop/My_Project/rpi_pc_talk/src/rpi_pc_talk': PYTHONPATH=/home/jlukas/Desktop/My_Project/rpi_pc_talk/build/rpi_pc_talk/prefix_override:/home/jlukas/Desktop/My_Project/rpi_pc_talk/install/rpi_pc_talk/lib/python3.10/site-packages:${PYTHONPATH} /usr/bin/python3 setup.py egg_info --egg-base ../../build/rpi_pc_talk build --build-base /home/jlukas/Desktop/My_Project/rpi_pc_talk/build/rpi_pc_talk/build install --record /home/jlukas/Desktop/My_Project/rpi_pc_talk/build/rpi_pc_talk/install.log --single-version-externally-managed
[2.182s] DEBUG:colcon.colcon_core.event_handler.log_command:Invoked command in '/home/jlukas/Desktop/My_Project/rpi_pc_talk/src/rpi_pc_talk' returned '0': PYTHONPATH=/home/jlukas/Desktop/My_Project/rpi_pc_talk/build/rpi_pc_talk/prefix_override:/home/jlukas/Desktop/My_Project/rpi_pc_talk/install/rpi_pc_talk/lib/python3.10/site-packages:${PYTHONPATH} /usr/bin/python3 setup.py egg_info --egg-base ../../build/rpi_pc_talk build --build-base /home/jlukas/Desktop/My_Project/rpi_pc_talk/build/rpi_pc_talk/build install --record /home/jlukas/Desktop/My_Project/rpi_pc_talk/build/rpi_pc_talk/install.log --single-version-externally-managed
[2.186s] Level 1:colcon.colcon_core.environment:checking '/home/jlukas/Desktop/My_Project/rpi_pc_talk/install/rpi_pc_talk' for CMake module files
[2.188s] Level 1:colcon.colcon_core.environment:checking '/home/jlukas/Desktop/My_Project/rpi_pc_talk/install/rpi_pc_talk' for CMake config files
[2.190s] Level 1:colcon.colcon_core.environment:checking '/home/jlukas/Desktop/My_Project/rpi_pc_talk/install/rpi_pc_talk/lib'
[2.191s] Level 1:colcon.colcon_core.environment:checking '/home/jlukas/Desktop/My_Project/rpi_pc_talk/install/rpi_pc_talk/bin'
[2.191s] Level 1:colcon.colcon_core.environment:checking '/home/jlukas/Desktop/My_Project/rpi_pc_talk/install/rpi_pc_talk/lib/pkgconfig/rpi_pc_talk.pc'
[2.191s] Level 1:colcon.colcon_core.environment:checking '/home/jlukas/Desktop/My_Project/rpi_pc_talk/install/rpi_pc_talk/lib/python3.10/site-packages'
[2.191s] Level 1:colcon.colcon_core.shell:create_environment_hook('rpi_pc_talk', 'pythonpath')
[2.193s] INFO:colcon.colcon_core.shell:Creating environment hook '/home/jlukas/Desktop/My_Project/rpi_pc_talk/install/rpi_pc_talk/share/rpi_pc_talk/hook/pythonpath.ps1'
[2.194s] INFO:colcon.colcon_core.shell:Creating environment descriptor '/home/jlukas/Desktop/My_Project/rpi_pc_talk/install/rpi_pc_talk/share/rpi_pc_talk/hook/pythonpath.dsv'
[2.195s] INFO:colcon.colcon_core.shell:Creating environment hook '/home/jlukas/Desktop/My_Project/rpi_pc_talk/install/rpi_pc_talk/share/rpi_pc_talk/hook/pythonpath.sh'
[2.196s] Level 1:colcon.colcon_core.environment:checking '/home/jlukas/Desktop/My_Project/rpi_pc_talk/install/rpi_pc_talk/bin'
[2.196s] Level 1:colcon.colcon_core.environment:create_environment_scripts_only(rpi_pc_talk)
[2.198s] INFO:colcon.colcon_core.shell:Creating package script '/home/jlukas/Desktop/My_Project/rpi_pc_talk/install/rpi_pc_talk/share/rpi_pc_talk/package.ps1'
[2.200s] INFO:colcon.colcon_core.shell:Creating package descriptor '/home/jlukas/Desktop/My_Project/rpi_pc_talk/install/rpi_pc_talk/share/rpi_pc_talk/package.dsv'
[2.201s] INFO:colcon.colcon_core.shell:Creating package script '/home/jlukas/Desktop/My_Project/rpi_pc_talk/install/rpi_pc_talk/share/rpi_pc_talk/package.sh'
[2.202s] INFO:colcon.colcon_core.shell:Creating package script '/home/jlukas/Desktop/My_Project/rpi_pc_talk/install/rpi_pc_talk/share/rpi_pc_talk/package.bash'
[2.203s] INFO:colcon.colcon_core.shell:Creating package script '/home/jlukas/Desktop/My_Project/rpi_pc_talk/install/rpi_pc_talk/share/rpi_pc_talk/package.zsh'
[2.204s] Level 1:colcon.colcon_core.environment:create_file_with_runtime_dependencies(/home/jlukas/Desktop/My_Project/rpi_pc_talk/install/rpi_pc_talk/share/colcon-core/packages/rpi_pc_talk)
[2.206s] DEBUG:colcon.colcon_parallel_executor.executor.parallel:closing loop
[2.207s] DEBUG:colcon.colcon_parallel_executor.executor.parallel:loop closed
[2.207s] DEBUG:colcon.colcon_parallel_executor.executor.parallel:run_until_complete finished with '0'
[2.207s] DEBUG:colcon.colcon_core.event_reactor:joining thread
[2.213s] INFO:colcon.colcon_core.plugin_system:Skipping extension 'colcon_notification.desktop_notification.terminal_notifier': Not used on non-Darwin systems
[2.214s] INFO:colcon.colcon_core.plugin_system:Skipping extension 'colcon_notification.desktop_notification.win32': Not used on non-Windows systems
[2.214s] INFO:colcon.colcon_notification.desktop_notification:Sending desktop notification using 'notify2'
[2.232s] DEBUG:colcon.colcon_core.event_reactor:joined thread
[2.237s] INFO:colcon.colcon_core.shell:Creating prefix script '/home/jlukas/Desktop/My_Project/rpi_pc_talk/install/local_setup.ps1'
[2.238s] INFO:colcon.colcon_core.shell:Creating prefix util module '/home/jlukas/Desktop/My_Project/rpi_pc_talk/install/_local_setup_util_ps1.py'
[2.240s] INFO:colcon.colcon_core.shell:Creating prefix chain script '/home/jlukas/Desktop/My_Project/rpi_pc_talk/install/setup.ps1'
[2.243s] INFO:colcon.colcon_core.shell:Creating prefix script '/home/jlukas/Desktop/My_Project/rpi_pc_talk/install/local_setup.sh'
[2.244s] INFO:colcon.colcon_core.shell:Creating prefix util module '/home/jlukas/Desktop/My_Project/rpi_pc_talk/install/_local_setup_util_sh.py'
[2.245s] INFO:colcon.colcon_core.shell:Creating prefix chain script '/home/jlukas/Desktop/My_Project/rpi_pc_talk/install/setup.sh'
[2.248s] INFO:colcon.colcon_core.shell:Creating prefix script '/home/jlukas/Desktop/My_Project/rpi_pc_talk/install/local_setup.bash'
[2.249s] INFO:colcon.colcon_core.shell:Creating prefix chain script '/home/jlukas/Desktop/My_Project/rpi_pc_talk/install/setup.bash'
[2.252s] INFO:colcon.colcon_core.shell:Creating prefix script '/home/jlukas/Desktop/My_Project/rpi_pc_talk/install/local_setup.zsh'
[2.253s] INFO:colcon.colcon_core.shell:Creating prefix chain script '/home/jlukas/Desktop/My_Project/rpi_pc_talk/install/setup.zsh'
