[1.820s] Invoking command in '/home/jlukas/Desktop/My_Project/publisher_subsriber/src/publisher_subsriber': PYTHONPATH=/home/jlukas/Desktop/My_Project/publisher_subsriber/build/publisher_subsriber/prefix_override:/home/jlukas/Desktop/My_Project/publisher_subsriber/install/publisher_subsriber/lib/python3.10/site-packages:${PYTHONPATH} /usr/bin/python3 setup.py egg_info --egg-base ../../build/publisher_subsriber build --build-base /home/jlukas/Desktop/My_Project/publisher_subsriber/build/publisher_subsriber/build install --record /home/jlukas/Desktop/My_Project/publisher_subsriber/build/publisher_subsriber/install.log --single-version-externally-managed
[2.479s] running egg_info
[2.481s] writing ../../build/publisher_subsriber/publisher_subsriber.egg-info/PKG-INFO
[2.482s] writing dependency_links to ../../build/publisher_subsriber/publisher_subsriber.egg-info/dependency_links.txt
[2.483s] writing entry points to ../../build/publisher_subsriber/publisher_subsriber.egg-info/entry_points.txt
[2.483s] writing requirements to ../../build/publisher_subsriber/publisher_subsriber.egg-info/requires.txt
[2.484s] writing top-level names to ../../build/publisher_subsriber/publisher_subsriber.egg-info/top_level.txt
[2.491s] reading manifest file '../../build/publisher_subsriber/publisher_subsriber.egg-info/SOURCES.txt'
[2.495s] writing manifest file '../../build/publisher_subsriber/publisher_subsriber.egg-info/SOURCES.txt'
[2.496s] running build
[2.496s] running build_py
[2.497s] copying publisher_subsriber/subscriber_node.py -> /home/jlukas/Desktop/My_Project/publisher_subsriber/build/publisher_subsriber/build/lib/publisher_subsriber
[2.498s] running install
[2.499s] /usr/lib/python3/dist-packages/setuptools/command/install.py:34: SetuptoolsDeprecationWarning: setup.py install is deprecated. Use build and pip and other standards-based tools.
[2.500s]   warnings.warn(
[2.500s] running install_lib
[2.502s] copying /home/jlukas/Desktop/My_Project/publisher_subsriber/build/publisher_subsriber/build/lib/publisher_subsriber/subscriber_node.py -> /home/jlukas/Desktop/My_Project/publisher_subsriber/install/publisher_subsriber/lib/python3.10/site-packages/publisher_subsriber
[2.505s] byte-compiling /home/jlukas/Desktop/My_Project/publisher_subsriber/install/publisher_subsriber/lib/python3.10/site-packages/publisher_subsriber/subscriber_node.py to subscriber_node.cpython-310.pyc
[2.510s] running install_data
[2.511s] running install_egg_info
[2.516s] removing '/home/jlukas/Desktop/My_Project/publisher_subsriber/install/publisher_subsriber/lib/python3.10/site-packages/publisher_subsriber-0.0.0-py3.10.egg-info' (and everything under it)
[2.517s] Copying ../../build/publisher_subsriber/publisher_subsriber.egg-info to /home/jlukas/Desktop/My_Project/publisher_subsriber/install/publisher_subsriber/lib/python3.10/site-packages/publisher_subsriber-0.0.0-py3.10.egg-info
[2.524s] running install_scripts
[2.596s] Installing publishers_node script to /home/jlukas/Desktop/My_Project/publisher_subsriber/install/publisher_subsriber/lib/publisher_subsriber
[2.598s] Installing subscribers_node script to /home/jlukas/Desktop/My_Project/publisher_subsriber/install/publisher_subsriber/lib/publisher_subsriber
[2.600s] writing list of installed files to '/home/jlukas/Desktop/My_Project/publisher_subsriber/build/publisher_subsriber/install.log'
[2.654s] Invoked command in '/home/jlukas/Desktop/My_Project/publisher_subsriber/src/publisher_subsriber' returned '0': PYTHONPATH=/home/jlukas/Desktop/My_Project/publisher_subsriber/build/publisher_subsriber/prefix_override:/home/jlukas/Desktop/My_Project/publisher_subsriber/install/publisher_subsriber/lib/python3.10/site-packages:${PYTHONPATH} /usr/bin/python3 setup.py egg_info --egg-base ../../build/publisher_subsriber build --build-base /home/jlukas/Desktop/My_Project/publisher_subsriber/build/publisher_subsriber/build install --record /home/jlukas/Desktop/My_Project/publisher_subsriber/build/publisher_subsriber/install.log --single-version-externally-managed
