[0.674s] Invoking command in '/home/jlukas/My_Project/ROS2/ros2_differential_drive_robot/build/ros2_differential_drive_robot': PYTHONPATH=/home/jlukas/My_Project/ROS2/ros2_differential_drive_robot/build/ros2_differential_drive_robot/prefix_override:/home/jlukas/My_Project/ROS2/ros2_differential_drive_robot/install/ros2_differential_drive_robot/lib/python3.10/site-packages:${PYTHONPATH} /usr/bin/python3 setup.py develop --editable --build-directory /home/jlukas/My_Project/ROS2/ros2_differential_drive_robot/build/ros2_differential_drive_robot/build --no-deps install_data
[0.896s] running develop
[0.896s] /usr/lib/python3/dist-packages/setuptools/command/easy_install.py:158: EasyInstallDeprecationWarning: easy_install command is deprecated. Use build and pip and other standards-based tools.
[0.897s]   warnings.warn(
[0.898s] /usr/lib/python3/dist-packages/setuptools/command/install.py:34: SetuptoolsDeprecationWarning: setup.py install is deprecated. Use build and pip and other standards-based tools.
[0.898s]   warnings.warn(
[1.057s] running egg_info
[1.057s] writing ros2_differential_drive_robot.egg-info/PKG-INFO
[1.058s] writing dependency_links to ros2_differential_drive_robot.egg-info/dependency_links.txt
[1.058s] writing entry points to ros2_differential_drive_robot.egg-info/entry_points.txt
[1.058s] writing requirements to ros2_differential_drive_robot.egg-info/requires.txt
[1.059s] writing top-level names to ros2_differential_drive_robot.egg-info/top_level.txt
[1.060s] reading manifest file 'ros2_differential_drive_robot.egg-info/SOURCES.txt'
[1.062s] writing manifest file 'ros2_differential_drive_robot.egg-info/SOURCES.txt'
[1.064s] running build_ext
[1.064s] Creating /home/jlukas/My_Project/ROS2/ros2_differential_drive_robot/install/ros2_differential_drive_robot/lib/python3.10/site-packages/ros2-differential-drive-robot.egg-link (link to .)
[1.065s] Installing lidar_dynamic_obstacle script to /home/jlukas/My_Project/ROS2/ros2_differential_drive_robot/install/ros2_differential_drive_robot/lib/ros2_differential_drive_robot
[1.065s] Installing lidar_obstacle script to /home/jlukas/My_Project/ROS2/ros2_differential_drive_robot/install/ros2_differential_drive_robot/lib/ros2_differential_drive_robot
[1.066s] Installing lidar_obstacle_steer script to /home/jlukas/My_Project/ROS2/ros2_differential_drive_robot/install/ros2_differential_drive_robot/lib/ros2_differential_drive_robot
[1.066s] 
[1.066s] Installed /home/jlukas/My_Project/ROS2/ros2_differential_drive_robot/build/ros2_differential_drive_robot
[1.067s] running install_data
[1.067s] copying description/camera.xacro -> /home/jlukas/My_Project/ROS2/ros2_differential_drive_robot/install/ros2_differential_drive_robot/share/ros2_differential_drive_robot/description
[1.067s] copying description/robot.urdf.xacro -> /home/jlukas/My_Project/ROS2/ros2_differential_drive_robot/install/ros2_differential_drive_robot/share/ros2_differential_drive_robot/description
[1.108s] Invoked command in '/home/jlukas/My_Project/ROS2/ros2_differential_drive_robot/build/ros2_differential_drive_robot' returned '0': PYTHONPATH=/home/jlukas/My_Project/ROS2/ros2_differential_drive_robot/build/ros2_differential_drive_robot/prefix_override:/home/jlukas/My_Project/ROS2/ros2_differential_drive_robot/install/ros2_differential_drive_robot/lib/python3.10/site-packages:${PYTHONPATH} /usr/bin/python3 setup.py develop --editable --build-directory /home/jlukas/My_Project/ROS2/ros2_differential_drive_robot/build/ros2_differential_drive_robot/build --no-deps install_data
