[1.854s] DEBUG:colcon:Command line arguments: ['/usr/bin/colcon', 'list', '-p', '--base-paths', '/home/jlukas/My_Project/ROS2/ros2_differential_drive_robot']
[1.854s] DEBUG:colcon:Parsed command line arguments: Namespace(log_base=None, log_level=None, verb_name='list', build_base='build', ignore_user_meta=False, metas=['./colcon.meta'], base_paths=['/home/jlukas/My_Project/ROS2/ros2_differential_drive_robot'], packages_ignore=None, packages_ignore_regex=None, paths=None, packages_up_to=None, packages_up_to_regex=None, packages_above=None, packages_above_and_dependencies=None, packages_above_depth=None, packages_select_by_dep=None, packages_skip_by_dep=None, packages_skip_up_to=None, packages_select_build_failed=False, packages_skip_build_finished=False, packages_select_test_failures=False, packages_skip_test_passed=False, packages_select=None, packages_skip=None, packages_select_regex=None, packages_skip_regex=None, packages_start=None, packages_end=None, allow_overriding=[], topological_order=False, names_only=False, paths_only=True, topological_graph=False, topological_graph_dot=False, topological_graph_density=False, topological_graph_legend=False, topological_graph_dot_cluster=False, topological_graph_dot_include_skipped=False, verb_parser=<colcon_defaults.argument_parser.defaults.DefaultArgumentsDecorator object at 0x7ffac537d990>, verb_extension=<colcon_package_information.verb.list.ListVerb object at 0x7ffac537cfd0>, main=<bound method ListVerb.main of <colcon_package_information.verb.list.ListVerb object at 0x7ffac537cfd0>>)
[1.963s] Level 1:colcon.colcon_core.package_discovery:discover_packages(colcon_meta) check parameters
[1.964s] Level 1:colcon.colcon_core.package_discovery:discover_packages(recursive) check parameters
[1.964s] Level 1:colcon.colcon_core.package_discovery:discover_packages(ignore) check parameters
[1.964s] Level 1:colcon.colcon_core.package_discovery:discover_packages(path) check parameters
[1.964s] Level 1:colcon.colcon_core.package_discovery:discover_packages(recursive) discover
[1.964s] INFO:colcon.colcon_core.package_discovery:Crawling recursively for packages in '/home/jlukas/My_Project/ROS2/ros2_differential_drive_robot'
[1.964s] Level 1:colcon.colcon_core.package_identification:_identify(/home/jlukas/My_Project/ROS2/ros2_differential_drive_robot) by extensions ['ignore', 'ignore_ament_install']
[1.964s] Level 1:colcon.colcon_core.package_identification:_identify(/home/jlukas/My_Project/ROS2/ros2_differential_drive_robot) by extension 'ignore'
[1.964s] Level 1:colcon.colcon_core.package_identification:_identify(/home/jlukas/My_Project/ROS2/ros2_differential_drive_robot) by extension 'ignore_ament_install'
[1.964s] Level 1:colcon.colcon_core.package_identification:_identify(/home/jlukas/My_Project/ROS2/ros2_differential_drive_robot) by extensions ['colcon_pkg']
[1.965s] Level 1:colcon.colcon_core.package_identification:_identify(/home/jlukas/My_Project/ROS2/ros2_differential_drive_robot) by extension 'colcon_pkg'
[1.965s] Level 1:colcon.colcon_core.package_identification:_identify(/home/jlukas/My_Project/ROS2/ros2_differential_drive_robot) by extensions ['colcon_meta']
[1.965s] Level 1:colcon.colcon_core.package_identification:_identify(/home/jlukas/My_Project/ROS2/ros2_differential_drive_robot) by extension 'colcon_meta'
[1.965s] Level 1:colcon.colcon_core.package_identification:_identify(/home/jlukas/My_Project/ROS2/ros2_differential_drive_robot) by extensions ['ros']
[1.965s] Level 1:colcon.colcon_core.package_identification:_identify(/home/jlukas/My_Project/ROS2/ros2_differential_drive_robot) by extension 'ros'
[1.983s] Level 1:colcon.colcon_core.package_identification:_identify(/home/jlukas/My_Project/ROS2/ros2_differential_drive_robot) by extensions ['cmake', 'python']
[1.983s] Level 1:colcon.colcon_core.package_identification:_identify(/home/jlukas/My_Project/ROS2/ros2_differential_drive_robot) by extension 'cmake'
[1.984s] Level 1:colcon.colcon_core.package_identification:_identify(/home/jlukas/My_Project/ROS2/ros2_differential_drive_robot) by extension 'python'
[1.984s] Level 1:colcon.colcon_core.package_identification:_identify(/home/jlukas/My_Project/ROS2/ros2_differential_drive_robot) by extensions ['python_setup_py']
[1.984s] Level 1:colcon.colcon_core.package_identification:_identify(/home/jlukas/My_Project/ROS2/ros2_differential_drive_robot) by extension 'python_setup_py'
[1.984s] Level 1:colcon.colcon_core.package_identification:_identify(/home/jlukas/My_Project/ROS2/ros2_differential_drive_robot/build) by extensions ['ignore', 'ignore_ament_install']
[1.984s] Level 1:colcon.colcon_core.package_identification:_identify(/home/jlukas/My_Project/ROS2/ros2_differential_drive_robot/build) by extension 'ignore'
[1.985s] Level 1:colcon.colcon_core.package_identification:_identify(/home/jlukas/My_Project/ROS2/ros2_differential_drive_robot/build) ignored
[1.985s] Level 1:colcon.colcon_core.package_identification:_identify(/home/jlukas/My_Project/ROS2/ros2_differential_drive_robot/install) by extensions ['ignore', 'ignore_ament_install']
[1.985s] Level 1:colcon.colcon_core.package_identification:_identify(/home/jlukas/My_Project/ROS2/ros2_differential_drive_robot/install) by extension 'ignore'
[1.985s] Level 1:colcon.colcon_core.package_identification:_identify(/home/jlukas/My_Project/ROS2/ros2_differential_drive_robot/install) ignored
[1.985s] Level 1:colcon.colcon_core.package_identification:_identify(/home/jlukas/My_Project/ROS2/ros2_differential_drive_robot/log) by extensions ['ignore', 'ignore_ament_install']
[1.986s] Level 1:colcon.colcon_core.package_identification:_identify(/home/jlukas/My_Project/ROS2/ros2_differential_drive_robot/log) by extension 'ignore'
[1.986s] Level 1:colcon.colcon_core.package_identification:_identify(/home/jlukas/My_Project/ROS2/ros2_differential_drive_robot/log) ignored
[1.986s] Level 1:colcon.colcon_core.package_identification:_identify(/home/jlukas/My_Project/ROS2/ros2_differential_drive_robot/src) by extensions ['ignore', 'ignore_ament_install']
[1.986s] Level 1:colcon.colcon_core.package_identification:_identify(/home/jlukas/My_Project/ROS2/ros2_differential_drive_robot/src) by extension 'ignore'
[1.986s] Level 1:colcon.colcon_core.package_identification:_identify(/home/jlukas/My_Project/ROS2/ros2_differential_drive_robot/src) by extension 'ignore_ament_install'
[1.986s] Level 1:colcon.colcon_core.package_identification:_identify(/home/jlukas/My_Project/ROS2/ros2_differential_drive_robot/src) by extensions ['colcon_pkg']
[1.986s] Level 1:colcon.colcon_core.package_identification:_identify(/home/jlukas/My_Project/ROS2/ros2_differential_drive_robot/src) by extension 'colcon_pkg'
[1.986s] Level 1:colcon.colcon_core.package_identification:_identify(/home/jlukas/My_Project/ROS2/ros2_differential_drive_robot/src) by extensions ['colcon_meta']
[1.986s] Level 1:colcon.colcon_core.package_identification:_identify(/home/jlukas/My_Project/ROS2/ros2_differential_drive_robot/src) by extension 'colcon_meta'
[1.986s] Level 1:colcon.colcon_core.package_identification:_identify(/home/jlukas/My_Project/ROS2/ros2_differential_drive_robot/src) by extensions ['ros']
[1.987s] Level 1:colcon.colcon_core.package_identification:_identify(/home/jlukas/My_Project/ROS2/ros2_differential_drive_robot/src) by extension 'ros'
[1.992s] Level 1:colcon.colcon_core.package_identification:_identify(/home/jlukas/My_Project/ROS2/ros2_differential_drive_robot/src) by extensions ['cmake', 'python']
[1.992s] Level 1:colcon.colcon_core.package_identification:_identify(/home/jlukas/My_Project/ROS2/ros2_differential_drive_robot/src) by extension 'cmake'
[1.992s] Level 1:colcon.colcon_core.package_identification:_identify(/home/jlukas/My_Project/ROS2/ros2_differential_drive_robot/src) by extension 'python'
[1.992s] Level 1:colcon.colcon_core.package_identification:_identify(/home/jlukas/My_Project/ROS2/ros2_differential_drive_robot/src) by extensions ['python_setup_py']
[1.992s] Level 1:colcon.colcon_core.package_identification:_identify(/home/jlukas/My_Project/ROS2/ros2_differential_drive_robot/src) by extension 'python_setup_py'
[1.992s] Level 1:colcon.colcon_core.package_identification:_identify(/home/jlukas/My_Project/ROS2/ros2_differential_drive_robot/src/ros2_differential_drive_robot) by extensions ['ignore', 'ignore_ament_install']
[1.993s] Level 1:colcon.colcon_core.package_identification:_identify(/home/jlukas/My_Project/ROS2/ros2_differential_drive_robot/src/ros2_differential_drive_robot) by extension 'ignore'
[1.993s] Level 1:colcon.colcon_core.package_identification:_identify(/home/jlukas/My_Project/ROS2/ros2_differential_drive_robot/src/ros2_differential_drive_robot) by extension 'ignore_ament_install'
[1.993s] Level 1:colcon.colcon_core.package_identification:_identify(/home/jlukas/My_Project/ROS2/ros2_differential_drive_robot/src/ros2_differential_drive_robot) by extensions ['colcon_pkg']
[1.993s] Level 1:colcon.colcon_core.package_identification:_identify(/home/jlukas/My_Project/ROS2/ros2_differential_drive_robot/src/ros2_differential_drive_robot) by extension 'colcon_pkg'
[1.993s] Level 1:colcon.colcon_core.package_identification:_identify(/home/jlukas/My_Project/ROS2/ros2_differential_drive_robot/src/ros2_differential_drive_robot) by extensions ['colcon_meta']
[1.993s] Level 1:colcon.colcon_core.package_identification:_identify(/home/jlukas/My_Project/ROS2/ros2_differential_drive_robot/src/ros2_differential_drive_robot) by extension 'colcon_meta'
[1.993s] Level 1:colcon.colcon_core.package_identification:_identify(/home/jlukas/My_Project/ROS2/ros2_differential_drive_robot/src/ros2_differential_drive_robot) by extensions ['ros']
[1.993s] Level 1:colcon.colcon_core.package_identification:_identify(/home/jlukas/My_Project/ROS2/ros2_differential_drive_robot/src/ros2_differential_drive_robot) by extension 'ros'
[1.997s] DEBUG:colcon.colcon_core.package_identification:Package '/home/jlukas/My_Project/ROS2/ros2_differential_drive_robot/src/ros2_differential_drive_robot' with type 'ros.ament_python' and name 'ros2_differential_drive_robot'
[1.997s] Level 1:colcon.colcon_core.package_discovery:discover_packages(recursive) using defaults
