[6.441s] Invoking command in '/home/jlukas/Desktop/My_Project/ROS2/techdiffbot/src/techdiffbot': PYTHONPATH=/home/jlukas/Desktop/My_Project/ROS2/techdiffbot/build/techdiffbot/prefix_override:/home/jlukas/Desktop/My_Project/ROS2/techdiffbot/install/techdiffbot/lib/python3.10/site-packages:${PYTHONPATH} /usr/bin/python3 setup.py egg_info --egg-base ../../build/techdiffbot build --build-base /home/jlukas/Desktop/My_Project/ROS2/techdiffbot/build/techdiffbot/build install --record /home/jlukas/Desktop/My_Project/ROS2/techdiffbot/build/techdiffbot/install.log --single-version-externally-managed
[7.719s] running egg_info
[7.721s] writing ../../build/techdiffbot/techdiffbot.egg-info/PKG-INFO
[7.722s] writing dependency_links to ../../build/techdiffbot/techdiffbot.egg-info/dependency_links.txt
[7.723s] writing entry points to ../../build/techdiffbot/techdiffbot.egg-info/entry_points.txt
[7.724s] writing requirements to ../../build/techdiffbot/techdiffbot.egg-info/requires.txt
[7.725s] writing top-level names to ../../build/techdiffbot/techdiffbot.egg-info/top_level.txt
[7.734s] reading manifest file '../../build/techdiffbot/techdiffbot.egg-info/SOURCES.txt'
[7.740s] writing manifest file '../../build/techdiffbot/techdiffbot.egg-info/SOURCES.txt'
[7.741s] running build
[7.742s] running build_py
[7.744s] running install
[7.746s] running install_lib
[7.751s] running install_data
[7.760s] running install_egg_info
[7.767s] removing '/home/jlukas/Desktop/My_Project/ROS2/techdiffbot/install/techdiffbot/lib/python3.10/site-packages/techdiffbot-0.0.0-py3.10.egg-info' (and everything under it)
[7.769s] Copying ../../build/techdiffbot/techdiffbot.egg-info to /home/jlukas/Desktop/My_Project/ROS2/techdiffbot/install/techdiffbot/lib/python3.10/site-packages/techdiffbot-0.0.0-py3.10.egg-info
[7.776s] running install_scripts
[7.860s] writing list of installed files to '/home/jlukas/Desktop/My_Project/ROS2/techdiffbot/build/techdiffbot/install.log'
[7.988s] Invoked command in '/home/jlukas/Desktop/My_Project/ROS2/techdiffbot/src/techdiffbot' returned '0': PYTHONPATH=/home/jlukas/Desktop/My_Project/ROS2/techdiffbot/build/techdiffbot/prefix_override:/home/jlukas/Desktop/My_Project/ROS2/techdiffbot/install/techdiffbot/lib/python3.10/site-packages:${PYTHONPATH} /usr/bin/python3 setup.py egg_info --egg-base ../../build/techdiffbot build --build-base /home/jlukas/Desktop/My_Project/ROS2/techdiffbot/build/techdiffbot/build install --record /home/jlukas/Desktop/My_Project/ROS2/techdiffbot/build/techdiffbot/install.log --single-version-externally-managed
