[5.684s] DEBUG:colcon:Command line arguments: ['/usr/bin/colcon', 'build']
[5.684s] DEBUG:colcon:Parsed command line arguments: Namespace(log_base=None, log_level=None, verb_name='build', build_base='build', install_base='install', merge_install=False, symlink_install=False, test_result_base=None, continue_on_error=False, executor='parallel', parallel_workers=4, event_handlers=None, ignore_user_meta=False, metas=['./colcon.meta'], base_paths=['.'], packages_ignore=None, packages_ignore_regex=None, paths=None, packages_up_to=None, packages_up_to_regex=None, packages_above=None, packages_above_and_dependencies=None, packages_above_depth=None, packages_select_by_dep=None, packages_skip_by_dep=None, packages_skip_up_to=None, packages_select_build_failed=False, packages_skip_build_finished=False, packages_select_test_failures=False, packages_skip_test_passed=False, packages_select=None, packages_skip=None, packages_select_regex=None, packages_skip_regex=None, packages_start=None, packages_end=None, allow_overriding=[], cmake_args=None, cmake_target=None, cmake_target_skip_unavailable=False, cmake_clean_cache=False, cmake_clean_first=False, cmake_force_configure=False, ament_cmake_args=None, catkin_cmake_args=None, catkin_skip_building_tests=False, verb_parser=<colcon_defaults.argument_parser.defaults.DefaultArgumentsDecorator object at 0x7f9db6bbdd80>, verb_extension=<colcon_core.verb.build.BuildVerb object at 0x7f9db6fd3d00>, main=<bound method BuildVerb.main of <colcon_core.verb.build.BuildVerb object at 0x7f9db6fd3d00>>)
[6.043s] Level 1:colcon.colcon_core.package_discovery:discover_packages(colcon_meta) check parameters
[6.043s] Level 1:colcon.colcon_core.package_discovery:discover_packages(recursive) check parameters
[6.043s] Level 1:colcon.colcon_core.package_discovery:discover_packages(ignore) check parameters
[6.043s] Level 1:colcon.colcon_core.package_discovery:discover_packages(path) check parameters
[6.043s] Level 1:colcon.colcon_core.package_discovery:discover_packages(colcon_meta) discover
[6.043s] Level 1:colcon.colcon_core.package_discovery:discover_packages(recursive) discover
[6.043s] INFO:colcon.colcon_core.package_discovery:Crawling recursively for packages in '/home/jlukas/Desktop/My_Project/ROS2/ros2_rpi_cv2'
[6.043s] Level 1:colcon.colcon_core.package_identification:_identify(.) by extensions ['ignore', 'ignore_ament_install']
[6.043s] Level 1:colcon.colcon_core.package_identification:_identify(.) by extension 'ignore'
[6.043s] Level 1:colcon.colcon_core.package_identification:_identify(.) by extension 'ignore_ament_install'
[6.043s] Level 1:colcon.colcon_core.package_identification:_identify(.) by extensions ['colcon_pkg']
[6.043s] Level 1:colcon.colcon_core.package_identification:_identify(.) by extension 'colcon_pkg'
[6.043s] Level 1:colcon.colcon_core.package_identification:_identify(.) by extensions ['colcon_meta']
[6.043s] Level 1:colcon.colcon_core.package_identification:_identify(.) by extension 'colcon_meta'
[6.043s] Level 1:colcon.colcon_core.package_identification:_identify(.) by extensions ['ros']
[6.044s] Level 1:colcon.colcon_core.package_identification:_identify(.) by extension 'ros'
[6.057s] Level 1:colcon.colcon_core.package_identification:_identify(.) by extensions ['cmake', 'python']
[6.057s] Level 1:colcon.colcon_core.package_identification:_identify(.) by extension 'cmake'
[6.057s] Level 1:colcon.colcon_core.package_identification:_identify(.) by extension 'python'
[6.057s] Level 1:colcon.colcon_core.package_identification:_identify(.) by extensions ['python_setup_py']
[6.057s] Level 1:colcon.colcon_core.package_identification:_identify(.) by extension 'python_setup_py'
[6.058s] Level 1:colcon.colcon_core.package_identification:_identify(build) by extensions ['ignore', 'ignore_ament_install']
[6.058s] Level 1:colcon.colcon_core.package_identification:_identify(build) by extension 'ignore'
[6.058s] Level 1:colcon.colcon_core.package_identification:_identify(build) ignored
[6.058s] Level 1:colcon.colcon_core.package_identification:_identify(install) by extensions ['ignore', 'ignore_ament_install']
[6.058s] Level 1:colcon.colcon_core.package_identification:_identify(install) by extension 'ignore'
[6.058s] Level 1:colcon.colcon_core.package_identification:_identify(install) ignored
[6.058s] Level 1:colcon.colcon_core.package_identification:_identify(log) by extensions ['ignore', 'ignore_ament_install']
[6.058s] Level 1:colcon.colcon_core.package_identification:_identify(log) by extension 'ignore'
[6.058s] Level 1:colcon.colcon_core.package_identification:_identify(log) ignored
[6.074s] Level 1:colcon.colcon_core.package_identification:_identify(src) by extensions ['ignore', 'ignore_ament_install']
[6.074s] Level 1:colcon.colcon_core.package_identification:_identify(src) by extension 'ignore'
[6.074s] Level 1:colcon.colcon_core.package_identification:_identify(src) by extension 'ignore_ament_install'
[6.074s] Level 1:colcon.colcon_core.package_identification:_identify(src) by extensions ['colcon_pkg']
[6.074s] Level 1:colcon.colcon_core.package_identification:_identify(src) by extension 'colcon_pkg'
[6.074s] Level 1:colcon.colcon_core.package_identification:_identify(src) by extensions ['colcon_meta']
[6.074s] Level 1:colcon.colcon_core.package_identification:_identify(src) by extension 'colcon_meta'
[6.074s] Level 1:colcon.colcon_core.package_identification:_identify(src) by extensions ['ros']
[6.075s] Level 1:colcon.colcon_core.package_identification:_identify(src) by extension 'ros'
[6.075s] Level 1:colcon.colcon_core.package_identification:_identify(src) by extensions ['cmake', 'python']
[6.075s] Level 1:colcon.colcon_core.package_identification:_identify(src) by extension 'cmake'
[6.075s] Level 1:colcon.colcon_core.package_identification:_identify(src) by extension 'python'
[6.075s] Level 1:colcon.colcon_core.package_identification:_identify(src) by extensions ['python_setup_py']
[6.075s] Level 1:colcon.colcon_core.package_identification:_identify(src) by extension 'python_setup_py'
[6.076s] Level 1:colcon.colcon_core.package_identification:_identify(src/ros2_rpi_cv2) by extensions ['ignore', 'ignore_ament_install']
[6.077s] Level 1:colcon.colcon_core.package_identification:_identify(src/ros2_rpi_cv2) by extension 'ignore'
[6.077s] Level 1:colcon.colcon_core.package_identification:_identify(src/ros2_rpi_cv2) by extension 'ignore_ament_install'
[6.077s] Level 1:colcon.colcon_core.package_identification:_identify(src/ros2_rpi_cv2) by extensions ['colcon_pkg']
[6.077s] Level 1:colcon.colcon_core.package_identification:_identify(src/ros2_rpi_cv2) by extension 'colcon_pkg'
[6.077s] Level 1:colcon.colcon_core.package_identification:_identify(src/ros2_rpi_cv2) by extensions ['colcon_meta']
[6.077s] Level 1:colcon.colcon_core.package_identification:_identify(src/ros2_rpi_cv2) by extension 'colcon_meta'
[6.077s] Level 1:colcon.colcon_core.package_identification:_identify(src/ros2_rpi_cv2) by extensions ['ros']
[6.077s] Level 1:colcon.colcon_core.package_identification:_identify(src/ros2_rpi_cv2) by extension 'ros'
[6.112s] DEBUG:colcon.colcon_core.package_identification:Package 'src/ros2_rpi_cv2' with type 'ros.ament_python' and name 'ros2_rpi_cv2'
[6.113s] Level 1:colcon.colcon_core.package_discovery:discover_packages(recursive) using defaults
[6.113s] Level 1:colcon.colcon_core.package_discovery:discover_packages(ignore) discover
[6.113s] Level 1:colcon.colcon_core.package_discovery:discover_packages(ignore) using defaults
[6.113s] Level 1:colcon.colcon_core.package_discovery:discover_packages(path) discover
[6.113s] Level 1:colcon.colcon_core.package_discovery:discover_packages(path) using defaults
[6.367s] Level 1:colcon.colcon_core.package_discovery:discover_packages(prefix_path) check parameters
[6.367s] Level 1:colcon.colcon_core.package_discovery:discover_packages(prefix_path) discover
[6.413s] DEBUG:colcon.colcon_installed_package_information.package_discovery:Found 359 installed packages in /opt/ros/humble
[6.415s] Level 1:colcon.colcon_core.package_discovery:discover_packages(prefix_path) using defaults
[6.523s] Level 5:colcon.colcon_core.verb:set package 'ros2_rpi_cv2' build argument 'cmake_args' from command line to 'None'
[6.523s] Level 5:colcon.colcon_core.verb:set package 'ros2_rpi_cv2' build argument 'cmake_target' from command line to 'None'
[6.523s] Level 5:colcon.colcon_core.verb:set package 'ros2_rpi_cv2' build argument 'cmake_target_skip_unavailable' from command line to 'False'
[6.523s] Level 5:colcon.colcon_core.verb:set package 'ros2_rpi_cv2' build argument 'cmake_clean_cache' from command line to 'False'
[6.523s] Level 5:colcon.colcon_core.verb:set package 'ros2_rpi_cv2' build argument 'cmake_clean_first' from command line to 'False'
[6.523s] Level 5:colcon.colcon_core.verb:set package 'ros2_rpi_cv2' build argument 'cmake_force_configure' from command line to 'False'
[6.523s] Level 5:colcon.colcon_core.verb:set package 'ros2_rpi_cv2' build argument 'ament_cmake_args' from command line to 'None'
[6.523s] Level 5:colcon.colcon_core.verb:set package 'ros2_rpi_cv2' build argument 'catkin_cmake_args' from command line to 'None'
[6.523s] Level 5:colcon.colcon_core.verb:set package 'ros2_rpi_cv2' build argument 'catkin_skip_building_tests' from command line to 'False'
[6.523s] DEBUG:colcon.colcon_core.verb:Building package 'ros2_rpi_cv2' with the following arguments: {'ament_cmake_args': None, 'build_base': '/home/jlukas/Desktop/My_Project/ROS2/ros2_rpi_cv2/build/ros2_rpi_cv2', 'catkin_cmake_args': None, 'catkin_skip_building_tests': False, 'cmake_args': None, 'cmake_clean_cache': False, 'cmake_clean_first': False, 'cmake_force_configure': False, 'cmake_target': None, 'cmake_target_skip_unavailable': False, 'install_base': '/home/jlukas/Desktop/My_Project/ROS2/ros2_rpi_cv2/install/ros2_rpi_cv2', 'merge_install': False, 'path': '/home/jlukas/Desktop/My_Project/ROS2/ros2_rpi_cv2/src/ros2_rpi_cv2', 'symlink_install': False, 'test_result_base': None}
[6.538s] INFO:colcon.colcon_core.executor:Executing jobs using 'parallel' executor
[6.555s] DEBUG:colcon.colcon_parallel_executor.executor.parallel:run_until_complete
[6.555s] INFO:colcon.colcon_ros.task.ament_python.build:Building ROS package in '/home/jlukas/Desktop/My_Project/ROS2/ros2_rpi_cv2/src/ros2_rpi_cv2' with build type 'ament_python'
[6.555s] Level 1:colcon.colcon_core.shell:create_environment_hook('ros2_rpi_cv2', 'ament_prefix_path')
[6.602s] INFO:colcon.colcon_core.plugin_system:Skipping extension 'colcon_core.shell.bat': Not used on non-Windows systems
[6.602s] INFO:colcon.colcon_core.shell:Creating environment hook '/home/jlukas/Desktop/My_Project/ROS2/ros2_rpi_cv2/install/ros2_rpi_cv2/share/ros2_rpi_cv2/hook/ament_prefix_path.ps1'
[6.628s] INFO:colcon.colcon_core.shell:Creating environment descriptor '/home/jlukas/Desktop/My_Project/ROS2/ros2_rpi_cv2/install/ros2_rpi_cv2/share/ros2_rpi_cv2/hook/ament_prefix_path.dsv'
[6.637s] INFO:colcon.colcon_core.shell:Creating environment hook '/home/jlukas/Desktop/My_Project/ROS2/ros2_rpi_cv2/install/ros2_rpi_cv2/share/ros2_rpi_cv2/hook/ament_prefix_path.sh'
[6.657s] INFO:colcon.colcon_core.shell:Skip shell extension 'powershell' for command environment: Not usable outside of PowerShell
[6.657s] DEBUG:colcon.colcon_core.shell:Skip shell extension 'dsv' for command environment
[7.039s] INFO:colcon.colcon_core.task.python.build:Building Python package in '/home/jlukas/Desktop/My_Project/ROS2/ros2_rpi_cv2/src/ros2_rpi_cv2'
[7.054s] INFO:colcon.colcon_core.shell:Skip shell extension 'powershell' for command environment: Not usable outside of PowerShell
[7.054s] DEBUG:colcon.colcon_core.shell:Skip shell extension 'dsv' for command environment
[8.345s] DEBUG:colcon.colcon_core.event_handler.log_command:Invoking command in '/home/jlukas/Desktop/My_Project/ROS2/ros2_rpi_cv2/src/ros2_rpi_cv2': PYTHONPATH=/home/jlukas/Desktop/My_Project/ROS2/ros2_rpi_cv2/build/ros2_rpi_cv2/prefix_override:/home/jlukas/Desktop/My_Project/ROS2/ros2_rpi_cv2/install/ros2_rpi_cv2/lib/python3.10/site-packages:${PYTHONPATH} /usr/bin/python3 setup.py egg_info --egg-base ../../build/ros2_rpi_cv2 build --build-base /home/jlukas/Desktop/My_Project/ROS2/ros2_rpi_cv2/build/ros2_rpi_cv2/build install --record /home/jlukas/Desktop/My_Project/ROS2/ros2_rpi_cv2/build/ros2_rpi_cv2/install.log --single-version-externally-managed
[8.768s] DEBUG:colcon.colcon_core.event_handler.log_command:Invoked command in '/home/jlukas/Desktop/My_Project/ROS2/ros2_rpi_cv2/src/ros2_rpi_cv2' returned '0': PYTHONPATH=/home/jlukas/Desktop/My_Project/ROS2/ros2_rpi_cv2/build/ros2_rpi_cv2/prefix_override:/home/jlukas/Desktop/My_Project/ROS2/ros2_rpi_cv2/install/ros2_rpi_cv2/lib/python3.10/site-packages:${PYTHONPATH} /usr/bin/python3 setup.py egg_info --egg-base ../../build/ros2_rpi_cv2 build --build-base /home/jlukas/Desktop/My_Project/ROS2/ros2_rpi_cv2/build/ros2_rpi_cv2/build install --record /home/jlukas/Desktop/My_Project/ROS2/ros2_rpi_cv2/build/ros2_rpi_cv2/install.log --single-version-externally-managed
[8.852s] Level 1:colcon.colcon_core.environment:checking '/home/jlukas/Desktop/My_Project/ROS2/ros2_rpi_cv2/install/ros2_rpi_cv2' for CMake module files
[8.853s] Level 1:colcon.colcon_core.environment:checking '/home/jlukas/Desktop/My_Project/ROS2/ros2_rpi_cv2/install/ros2_rpi_cv2' for CMake config files
[8.856s] Level 1:colcon.colcon_core.environment:checking '/home/jlukas/Desktop/My_Project/ROS2/ros2_rpi_cv2/install/ros2_rpi_cv2/lib'
[8.856s] Level 1:colcon.colcon_core.environment:checking '/home/jlukas/Desktop/My_Project/ROS2/ros2_rpi_cv2/install/ros2_rpi_cv2/bin'
[8.856s] Level 1:colcon.colcon_core.environment:checking '/home/jlukas/Desktop/My_Project/ROS2/ros2_rpi_cv2/install/ros2_rpi_cv2/lib/pkgconfig/ros2_rpi_cv2.pc'
[8.857s] Level 1:colcon.colcon_core.environment:checking '/home/jlukas/Desktop/My_Project/ROS2/ros2_rpi_cv2/install/ros2_rpi_cv2/lib/python3.10/site-packages'
[8.857s] Level 1:colcon.colcon_core.shell:create_environment_hook('ros2_rpi_cv2', 'pythonpath')
[8.873s] INFO:colcon.colcon_core.shell:Creating environment hook '/home/jlukas/Desktop/My_Project/ROS2/ros2_rpi_cv2/install/ros2_rpi_cv2/share/ros2_rpi_cv2/hook/pythonpath.ps1'
[8.874s] INFO:colcon.colcon_core.shell:Creating environment descriptor '/home/jlukas/Desktop/My_Project/ROS2/ros2_rpi_cv2/install/ros2_rpi_cv2/share/ros2_rpi_cv2/hook/pythonpath.dsv'
[8.875s] INFO:colcon.colcon_core.shell:Creating environment hook '/home/jlukas/Desktop/My_Project/ROS2/ros2_rpi_cv2/install/ros2_rpi_cv2/share/ros2_rpi_cv2/hook/pythonpath.sh'
[8.876s] Level 1:colcon.colcon_core.environment:checking '/home/jlukas/Desktop/My_Project/ROS2/ros2_rpi_cv2/install/ros2_rpi_cv2/bin'
[8.876s] Level 1:colcon.colcon_core.environment:create_environment_scripts_only(ros2_rpi_cv2)
[8.896s] INFO:colcon.colcon_core.shell:Creating package script '/home/jlukas/Desktop/My_Project/ROS2/ros2_rpi_cv2/install/ros2_rpi_cv2/share/ros2_rpi_cv2/package.ps1'
[8.898s] INFO:colcon.colcon_core.shell:Creating package descriptor '/home/jlukas/Desktop/My_Project/ROS2/ros2_rpi_cv2/install/ros2_rpi_cv2/share/ros2_rpi_cv2/package.dsv'
[8.915s] INFO:colcon.colcon_core.shell:Creating package script '/home/jlukas/Desktop/My_Project/ROS2/ros2_rpi_cv2/install/ros2_rpi_cv2/share/ros2_rpi_cv2/package.sh'
[8.916s] INFO:colcon.colcon_core.shell:Creating package script '/home/jlukas/Desktop/My_Project/ROS2/ros2_rpi_cv2/install/ros2_rpi_cv2/share/ros2_rpi_cv2/package.bash'
[8.919s] INFO:colcon.colcon_core.shell:Creating package script '/home/jlukas/Desktop/My_Project/ROS2/ros2_rpi_cv2/install/ros2_rpi_cv2/share/ros2_rpi_cv2/package.zsh'
[8.920s] Level 1:colcon.colcon_core.environment:create_file_with_runtime_dependencies(/home/jlukas/Desktop/My_Project/ROS2/ros2_rpi_cv2/install/ros2_rpi_cv2/share/colcon-core/packages/ros2_rpi_cv2)
[8.922s] DEBUG:colcon.colcon_parallel_executor.executor.parallel:closing loop
[8.922s] DEBUG:colcon.colcon_parallel_executor.executor.parallel:loop closed
[8.922s] DEBUG:colcon.colcon_parallel_executor.executor.parallel:run_until_complete finished with '0'
[8.922s] DEBUG:colcon.colcon_core.event_reactor:joining thread
[8.992s] INFO:colcon.colcon_core.plugin_system:Skipping extension 'colcon_notification.desktop_notification.terminal_notifier': Not used on non-Darwin systems
[8.992s] INFO:colcon.colcon_core.plugin_system:Skipping extension 'colcon_notification.desktop_notification.win32': Not used on non-Windows systems
[8.992s] INFO:colcon.colcon_notification.desktop_notification:Sending desktop notification using 'notify2'
[9.017s] DEBUG:colcon.colcon_core.event_reactor:joined thread
[9.038s] INFO:colcon.colcon_core.shell:Creating prefix script '/home/jlukas/Desktop/My_Project/ROS2/ros2_rpi_cv2/install/local_setup.ps1'
[9.039s] INFO:colcon.colcon_core.shell:Creating prefix util module '/home/jlukas/Desktop/My_Project/ROS2/ros2_rpi_cv2/install/_local_setup_util_ps1.py'
[9.041s] INFO:colcon.colcon_core.shell:Creating prefix chain script '/home/jlukas/Desktop/My_Project/ROS2/ros2_rpi_cv2/install/setup.ps1'
[9.059s] INFO:colcon.colcon_core.shell:Creating prefix script '/home/jlukas/Desktop/My_Project/ROS2/ros2_rpi_cv2/install/local_setup.sh'
[9.061s] INFO:colcon.colcon_core.shell:Creating prefix util module '/home/jlukas/Desktop/My_Project/ROS2/ros2_rpi_cv2/install/_local_setup_util_sh.py'
[9.062s] INFO:colcon.colcon_core.shell:Creating prefix chain script '/home/jlukas/Desktop/My_Project/ROS2/ros2_rpi_cv2/install/setup.sh'
[9.087s] INFO:colcon.colcon_core.shell:Creating prefix script '/home/jlukas/Desktop/My_Project/ROS2/ros2_rpi_cv2/install/local_setup.bash'
[9.088s] INFO:colcon.colcon_core.shell:Creating prefix chain script '/home/jlukas/Desktop/My_Project/ROS2/ros2_rpi_cv2/install/setup.bash'
[9.108s] INFO:colcon.colcon_core.shell:Creating prefix script '/home/jlukas/Desktop/My_Project/ROS2/ros2_rpi_cv2/install/local_setup.zsh'
[9.109s] INFO:colcon.colcon_core.shell:Creating prefix chain script '/home/jlukas/Desktop/My_Project/ROS2/ros2_rpi_cv2/install/setup.zsh'
