[0.800s] Invoking command in '/home/jlukas/My_Project/ROS2/ros2_differential_obstacle_robot/src/rover': PYTHONPATH=/home/jlukas/My_Project/ROS2/ros2_differential_obstacle_robot/build/rover/prefix_override:/home/jlukas/My_Project/ROS2/ros2_differential_obstacle_robot/install/rover/lib/python3.10/site-packages:${PYTHONPATH} /usr/bin/python3 setup.py egg_info --egg-base ../../build/rover build --build-base /home/jlukas/My_Project/ROS2/ros2_differential_obstacle_robot/build/rover/build install --record /home/jlukas/My_Project/ROS2/ros2_differential_obstacle_robot/build/rover/install.log --single-version-externally-managed
[1.039s] running egg_info
[1.039s] writing ../../build/rover/rover.egg-info/PKG-INFO
[1.048s] writing dependency_links to ../../build/rover/rover.egg-info/dependency_links.txt
[1.048s] writing entry points to ../../build/rover/rover.egg-info/entry_points.txt
[1.048s] writing requirements to ../../build/rover/rover.egg-info/requires.txt
[1.048s] writing top-level names to ../../build/rover/rover.egg-info/top_level.txt
[1.053s] reading manifest file '../../build/rover/rover.egg-info/SOURCES.txt'
[1.055s] writing manifest file '../../build/rover/rover.egg-info/SOURCES.txt'
[1.055s] running build
[1.056s] running build_py
[1.056s] running install
[1.056s] /usr/lib/python3/dist-packages/setuptools/command/install.py:34: SetuptoolsDeprecationWarning: setup.py install is deprecated. Use build and pip and other standards-based tools.
[1.056s]   warnings.warn(
[1.056s] running install_lib
[1.057s] running install_data
[1.058s] running install_egg_info
[1.060s] removing '/home/jlukas/My_Project/ROS2/ros2_differential_obstacle_robot/install/rover/lib/python3.10/site-packages/rover-0.0.0-py3.10.egg-info' (and everything under it)
[1.064s] Copying ../../build/rover/rover.egg-info to /home/jlukas/My_Project/ROS2/ros2_differential_obstacle_robot/install/rover/lib/python3.10/site-packages/rover-0.0.0-py3.10.egg-info
[1.064s] running install_scripts
[1.084s] Installing lidar_obstacle_differential script to /home/jlukas/My_Project/ROS2/ros2_differential_obstacle_robot/install/rover/lib/rover
[1.085s] writing list of installed files to '/home/jlukas/My_Project/ROS2/ros2_differential_obstacle_robot/build/rover/install.log'
[1.108s] Invoked command in '/home/jlukas/My_Project/ROS2/ros2_differential_obstacle_robot/src/rover' returned '0': PYTHONPATH=/home/jlukas/My_Project/ROS2/ros2_differential_obstacle_robot/build/rover/prefix_override:/home/jlukas/My_Project/ROS2/ros2_differential_obstacle_robot/install/rover/lib/python3.10/site-packages:${PYTHONPATH} /usr/bin/python3 setup.py egg_info --egg-base ../../build/rover build --build-base /home/jlukas/My_Project/ROS2/ros2_differential_obstacle_robot/build/rover/build install --record /home/jlukas/My_Project/ROS2/ros2_differential_obstacle_robot/build/rover/install.log --single-version-externally-managed
