running egg_info
creating ../build/rpi_pc_talk_pkg/rpi_pc_talk_pkg.egg-info
writing ../build/rpi_pc_talk_pkg/rpi_pc_talk_pkg.egg-info/PKG-INFO
writing dependency_links to ../build/rpi_pc_talk_pkg/rpi_pc_talk_pkg.egg-info/dependency_links.txt
writing entry points to ../build/rpi_pc_talk_pkg/rpi_pc_talk_pkg.egg-info/entry_points.txt
writing requirements to ../build/rpi_pc_talk_pkg/rpi_pc_talk_pkg.egg-info/requires.txt
writing top-level names to ../build/rpi_pc_talk_pkg/rpi_pc_talk_pkg.egg-info/top_level.txt
writing manifest file '../build/rpi_pc_talk_pkg/rpi_pc_talk_pkg.egg-info/SOURCES.txt'
reading manifest file '../build/rpi_pc_talk_pkg/rpi_pc_talk_pkg.egg-info/SOURCES.txt'
writing manifest file '../build/rpi_pc_talk_pkg/rpi_pc_talk_pkg.egg-info/SOURCES.txt'
running build
running build_py
creating /home/jlukas/Desktop/My_Project/rpi_pc_talk/build/rpi_pc_talk_pkg/build
creating /home/jlukas/Desktop/My_Project/rpi_pc_talk/build/rpi_pc_talk_pkg/build/lib
creating /home/jlukas/Desktop/My_Project/rpi_pc_talk/build/rpi_pc_talk_pkg/build/lib/rpi_pc_talk_pkg
copying rpi_pc_talk_pkg/__init__.py -> /home/jlukas/Desktop/My_Project/rpi_pc_talk/build/rpi_pc_talk_pkg/build/lib/rpi_pc_talk_pkg
running install
running install_lib
creating /home/jlukas/Desktop/My_Project/rpi_pc_talk/install/rpi_pc_talk_pkg/lib/python3.10/site-packages/rpi_pc_talk_pkg
copying /home/jlukas/Desktop/My_Project/rpi_pc_talk/build/rpi_pc_talk_pkg/build/lib/rpi_pc_talk_pkg/__init__.py -> /home/jlukas/Desktop/My_Project/rpi_pc_talk/install/rpi_pc_talk_pkg/lib/python3.10/site-packages/rpi_pc_talk_pkg
byte-compiling /home/jlukas/Desktop/My_Project/rpi_pc_talk/install/rpi_pc_talk_pkg/lib/python3.10/site-packages/rpi_pc_talk_pkg/__init__.py to __init__.cpython-310.pyc
running install_data
creating /home/jlukas/Desktop/My_Project/rpi_pc_talk/install/rpi_pc_talk_pkg/share/ament_index
creating /home/jlukas/Desktop/My_Project/rpi_pc_talk/install/rpi_pc_talk_pkg/share/ament_index/resource_index
creating /home/jlukas/Desktop/My_Project/rpi_pc_talk/install/rpi_pc_talk_pkg/share/ament_index/resource_index/packages
copying resource/rpi_pc_talk_pkg -> /home/jlukas/Desktop/My_Project/rpi_pc_talk/install/rpi_pc_talk_pkg/share/ament_index/resource_index/packages
copying package.xml -> /home/jlukas/Desktop/My_Project/rpi_pc_talk/install/rpi_pc_talk_pkg/share/rpi_pc_talk_pkg
running install_egg_info
Copying ../build/rpi_pc_talk_pkg/rpi_pc_talk_pkg.egg-info to /home/jlukas/Desktop/My_Project/rpi_pc_talk/install/rpi_pc_talk_pkg/lib/python3.10/site-packages/rpi_pc_talk_pkg-0.0.0-py3.10.egg-info
running install_scripts
writing list of installed files to '/home/jlukas/Desktop/My_Project/rpi_pc_talk/build/rpi_pc_talk_pkg/install.log'
