[5.547s] Invoking command in '/home/jlukas/ROS2/techdiffbot/build/diffdrive_arduino': CMAKE_PREFIX_PATH=${CMAKE_PREFIX_PATH}:/home/jlukas/ROS2/techdiffbot/install/techdiffbot:/home/jlukas/Desktop/My_Project/ROS2/ros2_rpi_cv2/install/ros2_rpi_cv2:/home/jlukas/Desktop/My_Project/ROS2/rover/install/rover:/home/jlukas/Desktop/My_Project/ROS2/techdiffbot/install/techdiffbot:/opt/ros/humble /usr/bin/cmake --build /home/jlukas/ROS2/techdiffbot/build/diffdrive_arduino -- -j4 -l4
[10.304s] [100%] Built target diffdrive_arduino
[12.927s] Invoked command in '/home/jlukas/ROS2/techdiffbot/build/diffdrive_arduino' returned '0': CMAKE_PREFIX_PATH=${CMAKE_PREFIX_PATH}:/home/jlukas/ROS2/techdiffbot/install/techdiffbot:/home/jlukas/Desktop/My_Project/ROS2/ros2_rpi_cv2/install/ros2_rpi_cv2:/home/jlukas/Desktop/My_Project/ROS2/rover/install/rover:/home/jlukas/Desktop/My_Project/ROS2/techdiffbot/install/techdiffbot:/opt/ros/humble /usr/bin/cmake --build /home/jlukas/ROS2/techdiffbot/build/diffdrive_arduino -- -j4 -l4
[13.402s] Invoking command in '/home/jlukas/ROS2/techdiffbot/build/diffdrive_arduino': CMAKE_PREFIX_PATH=${CMAKE_PREFIX_PATH}:/home/jlukas/ROS2/techdiffbot/install/techdiffbot:/home/jlukas/Desktop/My_Project/ROS2/ros2_rpi_cv2/install/ros2_rpi_cv2:/home/jlukas/Desktop/My_Project/ROS2/rover/install/rover:/home/jlukas/Desktop/My_Project/ROS2/techdiffbot/install/techdiffbot:/opt/ros/humble /usr/bin/cmake --install /home/jlukas/ROS2/techdiffbot/build/diffdrive_arduino
[13.512s] -- Install configuration: ""
[13.525s] -- Execute custom install script
[13.533s] -- Up-to-date symlink: /home/jlukas/ROS2/techdiffbot/install/diffdrive_arduino/share/diffdrive_arduino//diffdrive_arduino.xml
[13.563s] -- Up-to-date symlink: /home/jlukas/ROS2/techdiffbot/install/diffdrive_arduino/include/diffdrive_arduino/diffdrive_arduino/arduino_comms.hpp
[13.572s] -- Up-to-date symlink: /home/jlukas/ROS2/techdiffbot/install/diffdrive_arduino/include/diffdrive_arduino/diffdrive_arduino/diffbot_system.hpp
[13.576s] -- Up-to-date symlink: /home/jlukas/ROS2/techdiffbot/install/diffdrive_arduino/include/diffdrive_arduino/diffdrive_arduino/visibility_control.h
[13.581s] -- Up-to-date symlink: /home/jlukas/ROS2/techdiffbot/install/diffdrive_arduino/include/diffdrive_arduino/diffdrive_arduino/wheel.hpp
[13.594s] -- Up-to-date symlink: /home/jlukas/ROS2/techdiffbot/install/diffdrive_arduino/share/diffdrive_arduino/launch/view_robot.launch.py
[13.603s] -- Up-to-date symlink: /home/jlukas/ROS2/techdiffbot/install/diffdrive_arduino/share/diffdrive_arduino/ros2_control/diffbot.ros2_control.xacro
[13.621s] -- Up-to-date symlink: /home/jlukas/ROS2/techdiffbot/install/diffdrive_arduino/share/diffdrive_arduino/urdf/diffbot.materials.xacro
[13.631s] -- Up-to-date symlink: /home/jlukas/ROS2/techdiffbot/install/diffdrive_arduino/share/diffdrive_arduino/urdf/diffbot.urdf.xacro
[13.633s] -- Up-to-date symlink: /home/jlukas/ROS2/techdiffbot/install/diffdrive_arduino/share/diffdrive_arduino/urdf/diffbot_description.urdf.xacro
[13.641s] -- Up-to-date symlink: /home/jlukas/ROS2/techdiffbot/install/diffdrive_arduino/share/diffdrive_arduino/rviz/diffbot.rviz
[13.647s] -- Up-to-date symlink: /home/jlukas/ROS2/techdiffbot/install/diffdrive_arduino/share/diffdrive_arduino/rviz/diffbot_view.rviz
[13.655s] -- Up-to-date symlink: /home/jlukas/ROS2/techdiffbot/install/diffdrive_arduino/share/diffdrive_arduino/launch/diffbot.launch.py
[13.671s] -- Up-to-date symlink: /home/jlukas/ROS2/techdiffbot/install/diffdrive_arduino/share/diffdrive_arduino/config/diffbot_controllers.yaml
[13.681s] -- Up-to-date symlink: /home/jlukas/ROS2/techdiffbot/install/diffdrive_arduino/share/diffdrive_arduino/environment/library_path.sh
[13.691s] -- Up-to-date symlink: /home/jlukas/ROS2/techdiffbot/install/diffdrive_arduino/share/diffdrive_arduino/environment/library_path.dsv
[13.699s] -- Up-to-date symlink: /home/jlukas/ROS2/techdiffbot/install/diffdrive_arduino/share/ament_index/resource_index/package_run_dependencies/diffdrive_arduino
[13.708s] -- Up-to-date symlink: /home/jlukas/ROS2/techdiffbot/install/diffdrive_arduino/share/ament_index/resource_index/parent_prefix_path/diffdrive_arduino
[13.714s] -- Up-to-date symlink: /home/jlukas/ROS2/techdiffbot/install/diffdrive_arduino/share/diffdrive_arduino/environment/ament_prefix_path.sh
[13.719s] -- Up-to-date symlink: /home/jlukas/ROS2/techdiffbot/install/diffdrive_arduino/share/diffdrive_arduino/environment/ament_prefix_path.dsv
[13.727s] -- Up-to-date symlink: /home/jlukas/ROS2/techdiffbot/install/diffdrive_arduino/share/diffdrive_arduino/environment/path.sh
[13.733s] -- Up-to-date symlink: /home/jlukas/ROS2/techdiffbot/install/diffdrive_arduino/share/diffdrive_arduino/environment/path.dsv
[13.740s] -- Up-to-date symlink: /home/jlukas/ROS2/techdiffbot/install/diffdrive_arduino/share/diffdrive_arduino/local_setup.bash
[13.746s] -- Up-to-date symlink: /home/jlukas/ROS2/techdiffbot/install/diffdrive_arduino/share/diffdrive_arduino/local_setup.sh
[13.753s] -- Up-to-date symlink: /home/jlukas/ROS2/techdiffbot/install/diffdrive_arduino/share/diffdrive_arduino/local_setup.zsh
[13.759s] -- Up-to-date symlink: /home/jlukas/ROS2/techdiffbot/install/diffdrive_arduino/share/diffdrive_arduino/local_setup.dsv
[13.764s] -- Symlinking: /home/jlukas/ROS2/techdiffbot/install/diffdrive_arduino/share/diffdrive_arduino/package.dsv
[13.874s] -- Up-to-date symlink: /home/jlukas/ROS2/techdiffbot/install/diffdrive_arduino/share/ament_index/resource_index/packages/diffdrive_arduino
[13.881s] -- Up-to-date symlink: /home/jlukas/ROS2/techdiffbot/install/diffdrive_arduino/share/ament_index/resource_index/hardware_interface__pluginlib__plugin/diffdrive_arduino
[13.899s] -- Up-to-date symlink: /home/jlukas/ROS2/techdiffbot/install/diffdrive_arduino/share/diffdrive_arduino/cmake/ament_cmake_export_targets-extras.cmake
[13.904s] -- Up-to-date symlink: /home/jlukas/ROS2/techdiffbot/install/diffdrive_arduino/share/diffdrive_arduino/cmake/ament_cmake_export_dependencies-extras.cmake
[13.908s] -- Up-to-date symlink: /home/jlukas/ROS2/techdiffbot/install/diffdrive_arduino/share/diffdrive_arduino/cmake/diffdrive_arduinoConfig.cmake
[13.912s] -- Up-to-date symlink: /home/jlukas/ROS2/techdiffbot/install/diffdrive_arduino/share/diffdrive_arduino/cmake/diffdrive_arduinoConfig-version.cmake
[13.915s] -- Up-to-date symlink: /home/jlukas/ROS2/techdiffbot/install/diffdrive_arduino/share/diffdrive_arduino/package.xml
[13.932s] -- Up-to-date: /home/jlukas/ROS2/techdiffbot/install/diffdrive_arduino/lib/libdiffdrive_arduino.so
[13.967s] -- Up-to-date: /home/jlukas/ROS2/techdiffbot/install/diffdrive_arduino/share/diffdrive_arduino/cmake/export_diffdrive_arduinoExport.cmake
[13.969s] -- Up-to-date: /home/jlukas/ROS2/techdiffbot/install/diffdrive_arduino/share/diffdrive_arduino/cmake/export_diffdrive_arduinoExport-noconfig.cmake
[15.046s] Invoked command in '/home/jlukas/ROS2/techdiffbot/build/diffdrive_arduino' returned '0': CMAKE_PREFIX_PATH=${CMAKE_PREFIX_PATH}:/home/jlukas/ROS2/techdiffbot/install/techdiffbot:/home/jlukas/Desktop/My_Project/ROS2/ros2_rpi_cv2/install/ros2_rpi_cv2:/home/jlukas/Desktop/My_Project/ROS2/rover/install/rover:/home/jlukas/Desktop/My_Project/ROS2/techdiffbot/install/techdiffbot:/opt/ros/humble /usr/bin/cmake --install /home/jlukas/ROS2/techdiffbot/build/diffdrive_arduino
