[0.429s] Invoking command in '/home/jlukas/Desktop/My_Project/ROS2/techdiffbot/build/librviz_tutorial': CMAKE_PREFIX_PATH=${CMAKE_PREFIX_PATH}:/home/jlukas/Desktop/My_Project/ROS2/techdiffbot/install/techdiffbot:/home/jlukas/Desktop/My_Project/ROS2/ros2_rpi_cv2/install/ros2_rpi_cv2:/home/jlukas/Desktop/My_Project/ROS2/rover/install/rover:/opt/ros/humble /usr/bin/cmake --build /home/jlukas/Desktop/My_Project/ROS2/techdiffbot/build/librviz_tutorial -- -j4 -l4
[0.658s] [ 20%] [34m[1mAutomatic MOC for target myviz[0m
[0.757s] [ 20%] Built target myviz_autogen
[0.831s] [100%] Built target myviz
[0.849s] Invoked command in '/home/jlukas/Desktop/My_Project/ROS2/techdiffbot/build/librviz_tutorial' returned '0': CMAKE_PREFIX_PATH=${CMAKE_PREFIX_PATH}:/home/jlukas/Desktop/My_Project/ROS2/techdiffbot/install/techdiffbot:/home/jlukas/Desktop/My_Project/ROS2/ros2_rpi_cv2/install/ros2_rpi_cv2:/home/jlukas/Desktop/My_Project/ROS2/rover/install/rover:/opt/ros/humble /usr/bin/cmake --build /home/jlukas/Desktop/My_Project/ROS2/techdiffbot/build/librviz_tutorial -- -j4 -l4
[1.067s] Invoking command in '/home/jlukas/Desktop/My_Project/ROS2/techdiffbot/build/librviz_tutorial': CMAKE_PREFIX_PATH=${CMAKE_PREFIX_PATH}:/home/jlukas/Desktop/My_Project/ROS2/techdiffbot/install/techdiffbot:/home/jlukas/Desktop/My_Project/ROS2/ros2_rpi_cv2/install/ros2_rpi_cv2:/home/jlukas/Desktop/My_Project/ROS2/rover/install/rover:/opt/ros/humble /usr/bin/cmake --install /home/jlukas/Desktop/My_Project/ROS2/techdiffbot/build/librviz_tutorial
[1.077s] -- Install configuration: ""
[1.087s] -- Up-to-date: /home/jlukas/Desktop/My_Project/ROS2/techdiffbot/install/librviz_tutorial/lib/librviz_tutorial/myviz
[1.090s] -- Up-to-date: /home/jlukas/Desktop/My_Project/ROS2/techdiffbot/install/librviz_tutorial/share/ament_index/resource_index/package_run_dependencies/librviz_tutorial
[1.091s] -- Up-to-date: /home/jlukas/Desktop/My_Project/ROS2/techdiffbot/install/librviz_tutorial/share/ament_index/resource_index/parent_prefix_path/librviz_tutorial
[1.091s] -- Up-to-date: /home/jlukas/Desktop/My_Project/ROS2/techdiffbot/install/librviz_tutorial/share/librviz_tutorial/environment/ament_prefix_path.sh
[1.092s] -- Up-to-date: /home/jlukas/Desktop/My_Project/ROS2/techdiffbot/install/librviz_tutorial/share/librviz_tutorial/environment/ament_prefix_path.dsv
[1.093s] -- Up-to-date: /home/jlukas/Desktop/My_Project/ROS2/techdiffbot/install/librviz_tutorial/share/librviz_tutorial/environment/path.sh
[1.100s] -- Up-to-date: /home/jlukas/Desktop/My_Project/ROS2/techdiffbot/install/librviz_tutorial/share/librviz_tutorial/environment/path.dsv
[1.104s] -- Up-to-date: /home/jlukas/Desktop/My_Project/ROS2/techdiffbot/install/librviz_tutorial/share/librviz_tutorial/local_setup.bash
[1.108s] -- Up-to-date: /home/jlukas/Desktop/My_Project/ROS2/techdiffbot/install/librviz_tutorial/share/librviz_tutorial/local_setup.sh
[1.108s] -- Up-to-date: /home/jlukas/Desktop/My_Project/ROS2/techdiffbot/install/librviz_tutorial/share/librviz_tutorial/local_setup.zsh
[1.109s] -- Up-to-date: /home/jlukas/Desktop/My_Project/ROS2/techdiffbot/install/librviz_tutorial/share/librviz_tutorial/local_setup.dsv
[1.111s] -- Installing: /home/jlukas/Desktop/My_Project/ROS2/techdiffbot/install/librviz_tutorial/share/librviz_tutorial/package.dsv
[1.111s] -- Up-to-date: /home/jlukas/Desktop/My_Project/ROS2/techdiffbot/install/librviz_tutorial/share/ament_index/resource_index/packages/librviz_tutorial
[1.111s] -- Up-to-date: /home/jlukas/Desktop/My_Project/ROS2/techdiffbot/install/librviz_tutorial/share/librviz_tutorial/cmake/ament_cmake_export_dependencies-extras.cmake
[1.111s] -- Up-to-date: /home/jlukas/Desktop/My_Project/ROS2/techdiffbot/install/librviz_tutorial/share/librviz_tutorial/cmake/librviz_tutorialConfig.cmake
[1.117s] -- Up-to-date: /home/jlukas/Desktop/My_Project/ROS2/techdiffbot/install/librviz_tutorial/share/librviz_tutorial/cmake/librviz_tutorialConfig-version.cmake
[1.117s] -- Up-to-date: /home/jlukas/Desktop/My_Project/ROS2/techdiffbot/install/librviz_tutorial/share/librviz_tutorial/package.xml
[1.117s] Invoked command in '/home/jlukas/Desktop/My_Project/ROS2/techdiffbot/build/librviz_tutorial' returned '0': CMAKE_PREFIX_PATH=${CMAKE_PREFIX_PATH}:/home/jlukas/Desktop/My_Project/ROS2/techdiffbot/install/techdiffbot:/home/jlukas/Desktop/My_Project/ROS2/ros2_rpi_cv2/install/ros2_rpi_cv2:/home/jlukas/Desktop/My_Project/ROS2/rover/install/rover:/opt/ros/humble /usr/bin/cmake --install /home/jlukas/Desktop/My_Project/ROS2/techdiffbot/build/librviz_tutorial
