[3.138s] DEBUG:colcon:Command line arguments: ['/usr/bin/colcon', 'build', '--symlink-install']
[3.139s] DEBUG:colcon:Parsed command line arguments: Namespace(log_base=None, log_level=None, verb_name='build', build_base='build', install_base='install', merge_install=False, symlink_install=True, test_result_base=None, continue_on_error=False, executor='parallel', parallel_workers=4, event_handlers=None, ignore_user_meta=False, metas=['./colcon.meta'], base_paths=['.'], packages_ignore=None, packages_ignore_regex=None, paths=None, packages_up_to=None, packages_up_to_regex=None, packages_above=None, packages_above_and_dependencies=None, packages_above_depth=None, packages_select_by_dep=None, packages_skip_by_dep=None, packages_skip_up_to=None, packages_select_build_failed=False, packages_skip_build_finished=False, packages_select_test_failures=False, packages_skip_test_passed=False, packages_select=None, packages_skip=None, packages_select_regex=None, packages_skip_regex=None, packages_start=None, packages_end=None, allow_overriding=[], cmake_args=None, cmake_target=None, cmake_target_skip_unavailable=False, cmake_clean_cache=False, cmake_clean_first=False, cmake_force_configure=False, ament_cmake_args=None, catkin_cmake_args=None, catkin_skip_building_tests=False, verb_parser=<colcon_defaults.argument_parser.defaults.DefaultArgumentsDecorator object at 0x7f8a5d61a170>, verb_extension=<colcon_core.verb.build.BuildVerb object at 0x7f8a5dbcfdc0>, main=<bound method BuildVerb.main of <colcon_core.verb.build.BuildVerb object at 0x7f8a5dbcfdc0>>)
[3.248s] Level 1:colcon.colcon_core.package_discovery:discover_packages(colcon_meta) check parameters
[3.248s] Level 1:colcon.colcon_core.package_discovery:discover_packages(recursive) check parameters
[3.248s] Level 1:colcon.colcon_core.package_discovery:discover_packages(ignore) check parameters
[3.249s] Level 1:colcon.colcon_core.package_discovery:discover_packages(path) check parameters
[3.249s] Level 1:colcon.colcon_core.package_discovery:discover_packages(colcon_meta) discover
[3.249s] Level 1:colcon.colcon_core.package_discovery:discover_packages(recursive) discover
[3.249s] INFO:colcon.colcon_core.package_discovery:Crawling recursively for packages in '/home/jlukas/Desktop/My_Project/ROS2/techdiffbot'
[3.249s] Level 1:colcon.colcon_core.package_identification:_identify(.) by extensions ['ignore', 'ignore_ament_install']
[3.249s] Level 1:colcon.colcon_core.package_identification:_identify(.) by extension 'ignore'
[3.249s] Level 1:colcon.colcon_core.package_identification:_identify(.) by extension 'ignore_ament_install'
[3.249s] Level 1:colcon.colcon_core.package_identification:_identify(.) by extensions ['colcon_pkg']
[3.249s] Level 1:colcon.colcon_core.package_identification:_identify(.) by extension 'colcon_pkg'
[3.249s] Level 1:colcon.colcon_core.package_identification:_identify(.) by extensions ['colcon_meta']
[3.249s] Level 1:colcon.colcon_core.package_identification:_identify(.) by extension 'colcon_meta'
[3.249s] Level 1:colcon.colcon_core.package_identification:_identify(.) by extensions ['ros']
[3.249s] Level 1:colcon.colcon_core.package_identification:_identify(.) by extension 'ros'
[3.271s] Level 1:colcon.colcon_core.package_identification:_identify(.) by extensions ['cmake', 'python']
[3.271s] Level 1:colcon.colcon_core.package_identification:_identify(.) by extension 'cmake'
[3.271s] Level 1:colcon.colcon_core.package_identification:_identify(.) by extension 'python'
[3.272s] Level 1:colcon.colcon_core.package_identification:_identify(.) by extensions ['python_setup_py']
[3.272s] Level 1:colcon.colcon_core.package_identification:_identify(.) by extension 'python_setup_py'
[3.272s] Level 1:colcon.colcon_core.package_identification:_identify(build) by extensions ['ignore', 'ignore_ament_install']
[3.272s] Level 1:colcon.colcon_core.package_identification:_identify(build) by extension 'ignore'
[3.272s] Level 1:colcon.colcon_core.package_identification:_identify(build) ignored
[3.272s] Level 1:colcon.colcon_core.package_identification:_identify(install) by extensions ['ignore', 'ignore_ament_install']
[3.273s] Level 1:colcon.colcon_core.package_identification:_identify(install) by extension 'ignore'
[3.273s] Level 1:colcon.colcon_core.package_identification:_identify(install) ignored
[3.274s] Level 1:colcon.colcon_core.package_identification:_identify(log) by extensions ['ignore', 'ignore_ament_install']
[3.275s] Level 1:colcon.colcon_core.package_identification:_identify(log) by extension 'ignore'
[3.275s] Level 1:colcon.colcon_core.package_identification:_identify(log) ignored
[3.275s] Level 1:colcon.colcon_core.package_identification:_identify(src) by extensions ['ignore', 'ignore_ament_install']
[3.275s] Level 1:colcon.colcon_core.package_identification:_identify(src) by extension 'ignore'
[3.275s] Level 1:colcon.colcon_core.package_identification:_identify(src) by extension 'ignore_ament_install'
[3.275s] Level 1:colcon.colcon_core.package_identification:_identify(src) by extensions ['colcon_pkg']
[3.275s] Level 1:colcon.colcon_core.package_identification:_identify(src) by extension 'colcon_pkg'
[3.275s] Level 1:colcon.colcon_core.package_identification:_identify(src) by extensions ['colcon_meta']
[3.275s] Level 1:colcon.colcon_core.package_identification:_identify(src) by extension 'colcon_meta'
[3.275s] Level 1:colcon.colcon_core.package_identification:_identify(src) by extensions ['ros']
[3.275s] Level 1:colcon.colcon_core.package_identification:_identify(src) by extension 'ros'
[3.275s] Level 1:colcon.colcon_core.package_identification:_identify(src) by extensions ['cmake', 'python']
[3.275s] Level 1:colcon.colcon_core.package_identification:_identify(src) by extension 'cmake'
[3.275s] Level 1:colcon.colcon_core.package_identification:_identify(src) by extension 'python'
[3.275s] Level 1:colcon.colcon_core.package_identification:_identify(src) by extensions ['python_setup_py']
[3.275s] Level 1:colcon.colcon_core.package_identification:_identify(src) by extension 'python_setup_py'
[3.276s] Level 1:colcon.colcon_core.package_identification:_identify(src/diffdrive_arduino) by extensions ['ignore', 'ignore_ament_install']
[3.276s] Level 1:colcon.colcon_core.package_identification:_identify(src/diffdrive_arduino) by extension 'ignore'
[3.276s] Level 1:colcon.colcon_core.package_identification:_identify(src/diffdrive_arduino) by extension 'ignore_ament_install'
[3.276s] Level 1:colcon.colcon_core.package_identification:_identify(src/diffdrive_arduino) by extensions ['colcon_pkg']
[3.276s] Level 1:colcon.colcon_core.package_identification:_identify(src/diffdrive_arduino) by extension 'colcon_pkg'
[3.276s] Level 1:colcon.colcon_core.package_identification:_identify(src/diffdrive_arduino) by extensions ['colcon_meta']
[3.276s] Level 1:colcon.colcon_core.package_identification:_identify(src/diffdrive_arduino) by extension 'colcon_meta'
[3.276s] Level 1:colcon.colcon_core.package_identification:_identify(src/diffdrive_arduino) by extensions ['ros']
[3.276s] Level 1:colcon.colcon_core.package_identification:_identify(src/diffdrive_arduino) by extension 'ros'
[3.280s] DEBUG:colcon.colcon_core.package_identification:Package 'src/diffdrive_arduino' with type 'ros.ament_cmake' and name 'diffdrive_arduino'
[3.281s] Level 1:colcon.colcon_core.package_identification:_identify(src/serial) by extensions ['ignore', 'ignore_ament_install']
[3.281s] Level 1:colcon.colcon_core.package_identification:_identify(src/serial) by extension 'ignore'
[3.281s] Level 1:colcon.colcon_core.package_identification:_identify(src/serial) by extension 'ignore_ament_install'
[3.281s] Level 1:colcon.colcon_core.package_identification:_identify(src/serial) by extensions ['colcon_pkg']
[3.282s] Level 1:colcon.colcon_core.package_identification:_identify(src/serial) by extension 'colcon_pkg'
[3.282s] Level 1:colcon.colcon_core.package_identification:_identify(src/serial) by extensions ['colcon_meta']
[3.282s] Level 1:colcon.colcon_core.package_identification:_identify(src/serial) by extension 'colcon_meta'
[3.282s] Level 1:colcon.colcon_core.package_identification:_identify(src/serial) by extensions ['ros']
[3.282s] Level 1:colcon.colcon_core.package_identification:_identify(src/serial) by extension 'ros'
[3.284s] DEBUG:colcon.colcon_core.package_identification:Package 'src/serial' with type 'ros.ament_cmake' and name 'serial'
[3.284s] Level 1:colcon.colcon_core.package_identification:_identify(src/techdiffbot) by extensions ['ignore', 'ignore_ament_install']
[3.284s] Level 1:colcon.colcon_core.package_identification:_identify(src/techdiffbot) by extension 'ignore'
[3.284s] Level 1:colcon.colcon_core.package_identification:_identify(src/techdiffbot) by extension 'ignore_ament_install'
[3.284s] Level 1:colcon.colcon_core.package_identification:_identify(src/techdiffbot) by extensions ['colcon_pkg']
[3.284s] Level 1:colcon.colcon_core.package_identification:_identify(src/techdiffbot) by extension 'colcon_pkg'
[3.284s] Level 1:colcon.colcon_core.package_identification:_identify(src/techdiffbot) by extensions ['colcon_meta']
[3.285s] Level 1:colcon.colcon_core.package_identification:_identify(src/techdiffbot) by extension 'colcon_meta'
[3.285s] Level 1:colcon.colcon_core.package_identification:_identify(src/techdiffbot) by extensions ['ros']
[3.285s] Level 1:colcon.colcon_core.package_identification:_identify(src/techdiffbot) by extension 'ros'
[3.287s] DEBUG:colcon.colcon_core.package_identification:Package 'src/techdiffbot' with type 'ros.ament_python' and name 'techdiffbot'
[3.288s] Level 1:colcon.colcon_core.package_discovery:discover_packages(recursive) using defaults
[3.288s] Level 1:colcon.colcon_core.package_discovery:discover_packages(ignore) discover
[3.288s] Level 1:colcon.colcon_core.package_discovery:discover_packages(ignore) using defaults
[3.288s] Level 1:colcon.colcon_core.package_discovery:discover_packages(path) discover
[3.288s] Level 1:colcon.colcon_core.package_discovery:discover_packages(path) using defaults
[3.510s] Level 1:colcon.colcon_core.package_discovery:discover_packages(prefix_path) check parameters
[3.511s] Level 1:colcon.colcon_core.package_discovery:discover_packages(prefix_path) discover
[3.602s] DEBUG:colcon.colcon_installed_package_information.package_discovery:Found 3 installed packages in /home/jlukas/Desktop/My_Project/ROS2/techdiffbot/install
[3.672s] DEBUG:colcon.colcon_installed_package_information.package_discovery:Found 1 installed packages in /home/jlukas/ldlidar_ros2_ws/install
[3.752s] DEBUG:colcon.colcon_installed_package_information.package_discovery:Found 1 installed packages in /home/jlukas/Desktop/My_Project/ROS2/ros2_rpi_cv2/install
[3.808s] DEBUG:colcon.colcon_installed_package_information.package_discovery:Found 1 installed packages in /home/jlukas/Desktop/My_Project/ROS2/rover/install
[3.867s] DEBUG:colcon.colcon_installed_package_information.package_discovery:Found 430 installed packages in /opt/ros/humble
[3.876s] Level 1:colcon.colcon_core.package_discovery:discover_packages(prefix_path) using defaults
[4.155s] Level 5:colcon.colcon_core.verb:set package 'diffdrive_arduino' build argument 'cmake_args' from command line to 'None'
[4.155s] Level 5:colcon.colcon_core.verb:set package 'diffdrive_arduino' build argument 'cmake_target' from command line to 'None'
[4.155s] Level 5:colcon.colcon_core.verb:set package 'diffdrive_arduino' build argument 'cmake_target_skip_unavailable' from command line to 'False'
[4.155s] Level 5:colcon.colcon_core.verb:set package 'diffdrive_arduino' build argument 'cmake_clean_cache' from command line to 'False'
[4.155s] Level 5:colcon.colcon_core.verb:set package 'diffdrive_arduino' build argument 'cmake_clean_first' from command line to 'False'
[4.155s] Level 5:colcon.colcon_core.verb:set package 'diffdrive_arduino' build argument 'cmake_force_configure' from command line to 'False'
[4.155s] Level 5:colcon.colcon_core.verb:set package 'diffdrive_arduino' build argument 'ament_cmake_args' from command line to 'None'
[4.155s] Level 5:colcon.colcon_core.verb:set package 'diffdrive_arduino' build argument 'catkin_cmake_args' from command line to 'None'
[4.156s] Level 5:colcon.colcon_core.verb:set package 'diffdrive_arduino' build argument 'catkin_skip_building_tests' from command line to 'False'
[4.156s] DEBUG:colcon.colcon_core.verb:Building package 'diffdrive_arduino' with the following arguments: {'ament_cmake_args': None, 'build_base': '/home/jlukas/Desktop/My_Project/ROS2/techdiffbot/build/diffdrive_arduino', 'catkin_cmake_args': None, 'catkin_skip_building_tests': False, 'cmake_args': None, 'cmake_clean_cache': False, 'cmake_clean_first': False, 'cmake_force_configure': False, 'cmake_target': None, 'cmake_target_skip_unavailable': False, 'install_base': '/home/jlukas/Desktop/My_Project/ROS2/techdiffbot/install/diffdrive_arduino', 'merge_install': False, 'path': '/home/jlukas/Desktop/My_Project/ROS2/techdiffbot/src/diffdrive_arduino', 'symlink_install': True, 'test_result_base': None}
[4.187s] Level 5:colcon.colcon_core.verb:set package 'serial' build argument 'cmake_args' from command line to 'None'
[4.187s] Level 5:colcon.colcon_core.verb:set package 'serial' build argument 'cmake_target' from command line to 'None'
[4.187s] Level 5:colcon.colcon_core.verb:set package 'serial' build argument 'cmake_target_skip_unavailable' from command line to 'False'
[4.187s] Level 5:colcon.colcon_core.verb:set package 'serial' build argument 'cmake_clean_cache' from command line to 'False'
[4.187s] Level 5:colcon.colcon_core.verb:set package 'serial' build argument 'cmake_clean_first' from command line to 'False'
[4.187s] Level 5:colcon.colcon_core.verb:set package 'serial' build argument 'cmake_force_configure' from command line to 'False'
[4.187s] Level 5:colcon.colcon_core.verb:set package 'serial' build argument 'ament_cmake_args' from command line to 'None'
[4.187s] Level 5:colcon.colcon_core.verb:set package 'serial' build argument 'catkin_cmake_args' from command line to 'None'
[4.188s] Level 5:colcon.colcon_core.verb:set package 'serial' build argument 'catkin_skip_building_tests' from command line to 'False'
[4.188s] DEBUG:colcon.colcon_core.verb:Building package 'serial' with the following arguments: {'ament_cmake_args': None, 'build_base': '/home/jlukas/Desktop/My_Project/ROS2/techdiffbot/build/serial', 'catkin_cmake_args': None, 'catkin_skip_building_tests': False, 'cmake_args': None, 'cmake_clean_cache': False, 'cmake_clean_first': False, 'cmake_force_configure': False, 'cmake_target': None, 'cmake_target_skip_unavailable': False, 'install_base': '/home/jlukas/Desktop/My_Project/ROS2/techdiffbot/install/serial', 'merge_install': False, 'path': '/home/jlukas/Desktop/My_Project/ROS2/techdiffbot/src/serial', 'symlink_install': True, 'test_result_base': None}
[4.228s] Level 5:colcon.colcon_core.verb:set package 'techdiffbot' build argument 'cmake_args' from command line to 'None'
[4.228s] Level 5:colcon.colcon_core.verb:set package 'techdiffbot' build argument 'cmake_target' from command line to 'None'
[4.228s] Level 5:colcon.colcon_core.verb:set package 'techdiffbot' build argument 'cmake_target_skip_unavailable' from command line to 'False'
[4.228s] Level 5:colcon.colcon_core.verb:set package 'techdiffbot' build argument 'cmake_clean_cache' from command line to 'False'
[4.228s] Level 5:colcon.colcon_core.verb:set package 'techdiffbot' build argument 'cmake_clean_first' from command line to 'False'
[4.228s] Level 5:colcon.colcon_core.verb:set package 'techdiffbot' build argument 'cmake_force_configure' from command line to 'False'
[4.228s] Level 5:colcon.colcon_core.verb:set package 'techdiffbot' build argument 'ament_cmake_args' from command line to 'None'
[4.228s] Level 5:colcon.colcon_core.verb:set package 'techdiffbot' build argument 'catkin_cmake_args' from command line to 'None'
[4.228s] Level 5:colcon.colcon_core.verb:set package 'techdiffbot' build argument 'catkin_skip_building_tests' from command line to 'False'
[4.228s] DEBUG:colcon.colcon_core.verb:Building package 'techdiffbot' with the following arguments: {'ament_cmake_args': None, 'build_base': '/home/jlukas/Desktop/My_Project/ROS2/techdiffbot/build/techdiffbot', 'catkin_cmake_args': None, 'catkin_skip_building_tests': False, 'cmake_args': None, 'cmake_clean_cache': False, 'cmake_clean_first': False, 'cmake_force_configure': False, 'cmake_target': None, 'cmake_target_skip_unavailable': False, 'install_base': '/home/jlukas/Desktop/My_Project/ROS2/techdiffbot/install/techdiffbot', 'merge_install': False, 'path': '/home/jlukas/Desktop/My_Project/ROS2/techdiffbot/src/techdiffbot', 'symlink_install': True, 'test_result_base': None}
[4.275s] INFO:colcon.colcon_core.executor:Executing jobs using 'parallel' executor
[4.316s] DEBUG:colcon.colcon_parallel_executor.executor.parallel:run_until_complete
[4.319s] INFO:colcon.colcon_ros.task.ament_cmake.build:Building ROS package in '/home/jlukas/Desktop/My_Project/ROS2/techdiffbot/src/diffdrive_arduino' with build type 'ament_cmake'
[4.319s] INFO:colcon.colcon_cmake.task.cmake.build:Building CMake package in '/home/jlukas/Desktop/My_Project/ROS2/techdiffbot/src/diffdrive_arduino'
[4.367s] INFO:colcon.colcon_core.plugin_system:Skipping extension 'colcon_core.shell.bat': Not used on non-Windows systems
[4.368s] INFO:colcon.colcon_core.shell:Skip shell extension 'powershell' for command environment: Not usable outside of PowerShell
[4.369s] DEBUG:colcon.colcon_core.shell:Skip shell extension 'dsv' for command environment
[4.652s] INFO:colcon.colcon_ros.task.ament_cmake.build:Building ROS package in '/home/jlukas/Desktop/My_Project/ROS2/techdiffbot/src/serial' with build type 'ament_cmake'
[4.653s] INFO:colcon.colcon_cmake.task.cmake.build:Building CMake package in '/home/jlukas/Desktop/My_Project/ROS2/techdiffbot/src/serial'
[4.688s] INFO:colcon.colcon_core.shell:Skip shell extension 'powershell' for command environment: Not usable outside of PowerShell
[4.688s] DEBUG:colcon.colcon_core.shell:Skip shell extension 'dsv' for command environment
[4.924s] INFO:colcon.colcon_ros.task.ament_python.build:Building ROS package in '/home/jlukas/Desktop/My_Project/ROS2/techdiffbot/src/techdiffbot' with build type 'ament_python'
[4.924s] Level 1:colcon.colcon_core.shell:create_environment_hook('techdiffbot', 'ament_prefix_path')
[4.968s] INFO:colcon.colcon_core.shell:Creating environment hook '/home/jlukas/Desktop/My_Project/ROS2/techdiffbot/install/techdiffbot/share/techdiffbot/hook/ament_prefix_path.ps1'
[4.971s] INFO:colcon.colcon_core.shell:Creating environment descriptor '/home/jlukas/Desktop/My_Project/ROS2/techdiffbot/install/techdiffbot/share/techdiffbot/hook/ament_prefix_path.dsv'
[4.974s] INFO:colcon.colcon_core.shell:Creating environment hook '/home/jlukas/Desktop/My_Project/ROS2/techdiffbot/install/techdiffbot/share/techdiffbot/hook/ament_prefix_path.sh'
[5.012s] INFO:colcon.colcon_core.shell:Skip shell extension 'powershell' for command environment: Not usable outside of PowerShell
[5.012s] DEBUG:colcon.colcon_core.shell:Skip shell extension 'dsv' for command environment
[5.286s] DEBUG:colcon.colcon_core.event_handler.log_command:Invoking command in '/home/jlukas/Desktop/My_Project/ROS2/techdiffbot/build/diffdrive_arduino': CMAKE_PREFIX_PATH=${CMAKE_PREFIX_PATH}:/home/jlukas/Desktop/My_Project/ROS2/techdiffbot/install/techdiffbot:/home/jlukas/Desktop/My_Project/ROS2/ros2_rpi_cv2/install/ros2_rpi_cv2:/home/jlukas/Desktop/My_Project/ROS2/rover/install/rover:/opt/ros/humble /usr/bin/cmake --build /home/jlukas/Desktop/My_Project/ROS2/techdiffbot/build/diffdrive_arduino -- -j4 -l4
[5.288s] DEBUG:colcon.colcon_core.event_handler.log_command:Invoking command in '/home/jlukas/Desktop/My_Project/ROS2/techdiffbot/build/serial': CMAKE_PREFIX_PATH=${CMAKE_PREFIX_PATH}:/home/jlukas/Desktop/My_Project/ROS2/techdiffbot/install/techdiffbot:/home/jlukas/Desktop/My_Project/ROS2/ros2_rpi_cv2/install/ros2_rpi_cv2:/home/jlukas/Desktop/My_Project/ROS2/rover/install/rover:/opt/ros/humble /usr/bin/cmake --build /home/jlukas/Desktop/My_Project/ROS2/techdiffbot/build/serial -- -j4 -l4
[6.250s] INFO:colcon.colcon_core.task.python.build:Building Python package in '/home/jlukas/Desktop/My_Project/ROS2/techdiffbot/src/techdiffbot'
[6.293s] INFO:colcon.colcon_core.shell:Skip shell extension 'powershell' for command environment: Not usable outside of PowerShell
[6.295s] DEBUG:colcon.colcon_core.shell:Skip shell extension 'dsv' for command environment
[6.654s] DEBUG:colcon.colcon_core.event_handler.log_command:Invoked command in '/home/jlukas/Desktop/My_Project/ROS2/techdiffbot/build/diffdrive_arduino' returned '0': CMAKE_PREFIX_PATH=${CMAKE_PREFIX_PATH}:/home/jlukas/Desktop/My_Project/ROS2/techdiffbot/install/techdiffbot:/home/jlukas/Desktop/My_Project/ROS2/ros2_rpi_cv2/install/ros2_rpi_cv2:/home/jlukas/Desktop/My_Project/ROS2/rover/install/rover:/opt/ros/humble /usr/bin/cmake --build /home/jlukas/Desktop/My_Project/ROS2/techdiffbot/build/diffdrive_arduino -- -j4 -l4
[6.659s] DEBUG:colcon.colcon_core.event_handler.log_command:Invoked command in '/home/jlukas/Desktop/My_Project/ROS2/techdiffbot/build/serial' returned '0': CMAKE_PREFIX_PATH=${CMAKE_PREFIX_PATH}:/home/jlukas/Desktop/My_Project/ROS2/techdiffbot/install/techdiffbot:/home/jlukas/Desktop/My_Project/ROS2/ros2_rpi_cv2/install/ros2_rpi_cv2:/home/jlukas/Desktop/My_Project/ROS2/rover/install/rover:/opt/ros/humble /usr/bin/cmake --build /home/jlukas/Desktop/My_Project/ROS2/techdiffbot/build/serial -- -j4 -l4
[6.895s] DEBUG:colcon.colcon_core.event_handler.log_command:Invoking command in '/home/jlukas/Desktop/My_Project/ROS2/techdiffbot/build/diffdrive_arduino': CMAKE_PREFIX_PATH=${CMAKE_PREFIX_PATH}:/home/jlukas/Desktop/My_Project/ROS2/techdiffbot/install/techdiffbot:/home/jlukas/Desktop/My_Project/ROS2/ros2_rpi_cv2/install/ros2_rpi_cv2:/home/jlukas/Desktop/My_Project/ROS2/rover/install/rover:/opt/ros/humble /usr/bin/cmake --install /home/jlukas/Desktop/My_Project/ROS2/techdiffbot/build/diffdrive_arduino
[6.980s] DEBUG:colcon.colcon_core.event_handler.log_command:Invoking command in '/home/jlukas/Desktop/My_Project/ROS2/techdiffbot/build/serial': CMAKE_PREFIX_PATH=${CMAKE_PREFIX_PATH}:/home/jlukas/Desktop/My_Project/ROS2/techdiffbot/install/techdiffbot:/home/jlukas/Desktop/My_Project/ROS2/ros2_rpi_cv2/install/ros2_rpi_cv2:/home/jlukas/Desktop/My_Project/ROS2/rover/install/rover:/opt/ros/humble /usr/bin/cmake --install /home/jlukas/Desktop/My_Project/ROS2/techdiffbot/build/serial
[7.080s] Level 1:colcon.colcon_core.environment:create_environment_scripts_only(serial)
[7.088s] DEBUG:colcon.colcon_core.event_handler.log_command:Invoked command in '/home/jlukas/Desktop/My_Project/ROS2/techdiffbot/build/serial' returned '0': CMAKE_PREFIX_PATH=${CMAKE_PREFIX_PATH}:/home/jlukas/Desktop/My_Project/ROS2/techdiffbot/install/techdiffbot:/home/jlukas/Desktop/My_Project/ROS2/ros2_rpi_cv2/install/ros2_rpi_cv2:/home/jlukas/Desktop/My_Project/ROS2/rover/install/rover:/opt/ros/humble /usr/bin/cmake --install /home/jlukas/Desktop/My_Project/ROS2/techdiffbot/build/serial
[7.160s] Level 1:colcon.colcon_core.environment:checking '/home/jlukas/Desktop/My_Project/ROS2/techdiffbot/install/serial' for CMake module files
[7.167s] Level 1:colcon.colcon_core.environment:checking '/home/jlukas/Desktop/My_Project/ROS2/techdiffbot/install/serial' for CMake config files
[7.167s] Level 1:colcon.colcon_core.shell:create_environment_hook('serial', 'cmake_prefix_path')
[7.251s] INFO:colcon.colcon_core.shell:Creating environment hook '/home/jlukas/Desktop/My_Project/ROS2/techdiffbot/install/serial/share/serial/hook/cmake_prefix_path.ps1'
[7.255s] INFO:colcon.colcon_core.shell:Creating environment descriptor '/home/jlukas/Desktop/My_Project/ROS2/techdiffbot/install/serial/share/serial/hook/cmake_prefix_path.dsv'
[7.256s] INFO:colcon.colcon_core.shell:Creating environment hook '/home/jlukas/Desktop/My_Project/ROS2/techdiffbot/install/serial/share/serial/hook/cmake_prefix_path.sh'
[7.264s] Level 1:colcon.colcon_core.environment:checking '/home/jlukas/Desktop/My_Project/ROS2/techdiffbot/install/serial/lib'
[7.264s] Level 1:colcon.colcon_core.environment:checking '/home/jlukas/Desktop/My_Project/ROS2/techdiffbot/install/serial/bin'
[7.264s] Level 1:colcon.colcon_core.environment:checking '/home/jlukas/Desktop/My_Project/ROS2/techdiffbot/install/serial/lib/pkgconfig/serial.pc'
[7.267s] Level 1:colcon.colcon_core.environment:checking '/home/jlukas/Desktop/My_Project/ROS2/techdiffbot/install/serial/lib/python3.10/site-packages'
[7.267s] Level 1:colcon.colcon_core.environment:checking '/home/jlukas/Desktop/My_Project/ROS2/techdiffbot/install/serial/bin'
[7.324s] INFO:colcon.colcon_core.shell:Creating package script '/home/jlukas/Desktop/My_Project/ROS2/techdiffbot/install/serial/share/serial/package.ps1'
[7.327s] INFO:colcon.colcon_core.shell:Creating package descriptor '/home/jlukas/Desktop/My_Project/ROS2/techdiffbot/install/serial/share/serial/package.dsv'
[7.331s] INFO:colcon.colcon_core.shell:Creating package script '/home/jlukas/Desktop/My_Project/ROS2/techdiffbot/install/serial/share/serial/package.sh'
[7.335s] INFO:colcon.colcon_core.shell:Creating package script '/home/jlukas/Desktop/My_Project/ROS2/techdiffbot/install/serial/share/serial/package.bash'
[7.339s] INFO:colcon.colcon_core.shell:Creating package script '/home/jlukas/Desktop/My_Project/ROS2/techdiffbot/install/serial/share/serial/package.zsh'
[7.343s] Level 1:colcon.colcon_core.environment:create_file_with_runtime_dependencies(/home/jlukas/Desktop/My_Project/ROS2/techdiffbot/install/serial/share/colcon-core/packages/serial)
[7.368s] Level 1:colcon.colcon_core.environment:create_environment_scripts_only(diffdrive_arduino)
[7.370s] DEBUG:colcon.colcon_core.event_handler.log_command:Invoked command in '/home/jlukas/Desktop/My_Project/ROS2/techdiffbot/build/diffdrive_arduino' returned '0': CMAKE_PREFIX_PATH=${CMAKE_PREFIX_PATH}:/home/jlukas/Desktop/My_Project/ROS2/techdiffbot/install/techdiffbot:/home/jlukas/Desktop/My_Project/ROS2/ros2_rpi_cv2/install/ros2_rpi_cv2:/home/jlukas/Desktop/My_Project/ROS2/rover/install/rover:/opt/ros/humble /usr/bin/cmake --install /home/jlukas/Desktop/My_Project/ROS2/techdiffbot/build/diffdrive_arduino
[7.451s] Level 1:colcon.colcon_core.environment:checking '/home/jlukas/Desktop/My_Project/ROS2/techdiffbot/install/diffdrive_arduino' for CMake module files
[7.456s] Level 1:colcon.colcon_core.environment:checking '/home/jlukas/Desktop/My_Project/ROS2/techdiffbot/install/diffdrive_arduino' for CMake config files
[7.459s] Level 1:colcon.colcon_core.shell:create_environment_hook('diffdrive_arduino', 'cmake_prefix_path')
[7.507s] INFO:colcon.colcon_core.shell:Creating environment hook '/home/jlukas/Desktop/My_Project/ROS2/techdiffbot/install/diffdrive_arduino/share/diffdrive_arduino/hook/cmake_prefix_path.ps1'
[7.508s] INFO:colcon.colcon_core.shell:Creating environment descriptor '/home/jlukas/Desktop/My_Project/ROS2/techdiffbot/install/diffdrive_arduino/share/diffdrive_arduino/hook/cmake_prefix_path.dsv'
[7.511s] INFO:colcon.colcon_core.shell:Creating environment hook '/home/jlukas/Desktop/My_Project/ROS2/techdiffbot/install/diffdrive_arduino/share/diffdrive_arduino/hook/cmake_prefix_path.sh'
[7.516s] Level 1:colcon.colcon_core.environment:checking '/home/jlukas/Desktop/My_Project/ROS2/techdiffbot/install/diffdrive_arduino/lib'
[7.516s] Level 1:colcon.colcon_core.shell:create_environment_hook('diffdrive_arduino', 'ld_library_path_lib')
[7.578s] INFO:colcon.colcon_core.shell:Creating environment hook '/home/jlukas/Desktop/My_Project/ROS2/techdiffbot/install/diffdrive_arduino/share/diffdrive_arduino/hook/ld_library_path_lib.ps1'
[7.579s] INFO:colcon.colcon_core.shell:Creating environment descriptor '/home/jlukas/Desktop/My_Project/ROS2/techdiffbot/install/diffdrive_arduino/share/diffdrive_arduino/hook/ld_library_path_lib.dsv'
[7.580s] INFO:colcon.colcon_core.shell:Creating environment hook '/home/jlukas/Desktop/My_Project/ROS2/techdiffbot/install/diffdrive_arduino/share/diffdrive_arduino/hook/ld_library_path_lib.sh'
[7.583s] Level 1:colcon.colcon_core.environment:checking '/home/jlukas/Desktop/My_Project/ROS2/techdiffbot/install/diffdrive_arduino/bin'
[7.583s] Level 1:colcon.colcon_core.environment:checking '/home/jlukas/Desktop/My_Project/ROS2/techdiffbot/install/diffdrive_arduino/lib/pkgconfig/diffdrive_arduino.pc'
[7.583s] Level 1:colcon.colcon_core.environment:checking '/home/jlukas/Desktop/My_Project/ROS2/techdiffbot/install/diffdrive_arduino/lib/python3.10/site-packages'
[7.584s] Level 1:colcon.colcon_core.environment:checking '/home/jlukas/Desktop/My_Project/ROS2/techdiffbot/install/diffdrive_arduino/bin'
[7.640s] INFO:colcon.colcon_core.shell:Creating package script '/home/jlukas/Desktop/My_Project/ROS2/techdiffbot/install/diffdrive_arduino/share/diffdrive_arduino/package.ps1'
[7.642s] INFO:colcon.colcon_core.shell:Creating package descriptor '/home/jlukas/Desktop/My_Project/ROS2/techdiffbot/install/diffdrive_arduino/share/diffdrive_arduino/package.dsv'
[7.643s] INFO:colcon.colcon_core.shell:Creating package script '/home/jlukas/Desktop/My_Project/ROS2/techdiffbot/install/diffdrive_arduino/share/diffdrive_arduino/package.sh'
[7.647s] INFO:colcon.colcon_core.shell:Creating package script '/home/jlukas/Desktop/My_Project/ROS2/techdiffbot/install/diffdrive_arduino/share/diffdrive_arduino/package.bash'
[7.648s] INFO:colcon.colcon_core.shell:Creating package script '/home/jlukas/Desktop/My_Project/ROS2/techdiffbot/install/diffdrive_arduino/share/diffdrive_arduino/package.zsh'
[7.655s] Level 1:colcon.colcon_core.environment:create_file_with_runtime_dependencies(/home/jlukas/Desktop/My_Project/ROS2/techdiffbot/install/diffdrive_arduino/share/colcon-core/packages/diffdrive_arduino)
[7.727s] Level 1:colcon.colcon_core.environment:create_environment_scripts_only(serial)
[7.788s] Level 1:colcon.colcon_core.environment:checking '/home/jlukas/Desktop/My_Project/ROS2/techdiffbot/install/serial' for CMake module files
[7.792s] Level 1:colcon.colcon_core.environment:checking '/home/jlukas/Desktop/My_Project/ROS2/techdiffbot/install/serial' for CMake config files
[7.794s] Level 1:colcon.colcon_core.shell:create_environment_hook('serial', 'cmake_prefix_path')
[7.871s] INFO:colcon.colcon_core.shell:Creating environment hook '/home/jlukas/Desktop/My_Project/ROS2/techdiffbot/install/serial/share/serial/hook/cmake_prefix_path.ps1'
[7.875s] INFO:colcon.colcon_core.shell:Creating environment descriptor '/home/jlukas/Desktop/My_Project/ROS2/techdiffbot/install/serial/share/serial/hook/cmake_prefix_path.dsv'
[7.876s] INFO:colcon.colcon_core.shell:Creating environment hook '/home/jlukas/Desktop/My_Project/ROS2/techdiffbot/install/serial/share/serial/hook/cmake_prefix_path.sh'
[7.879s] Level 1:colcon.colcon_core.environment:checking '/home/jlukas/Desktop/My_Project/ROS2/techdiffbot/install/serial/lib'
[7.879s] Level 1:colcon.colcon_core.environment:checking '/home/jlukas/Desktop/My_Project/ROS2/techdiffbot/install/serial/bin'
[7.880s] Level 1:colcon.colcon_core.environment:checking '/home/jlukas/Desktop/My_Project/ROS2/techdiffbot/install/serial/lib/pkgconfig/serial.pc'
[7.880s] Level 1:colcon.colcon_core.environment:checking '/home/jlukas/Desktop/My_Project/ROS2/techdiffbot/install/serial/lib/python3.10/site-packages'
[7.881s] Level 1:colcon.colcon_core.environment:checking '/home/jlukas/Desktop/My_Project/ROS2/techdiffbot/install/serial/bin'
[8.015s] INFO:colcon.colcon_core.shell:Creating package script '/home/jlukas/Desktop/My_Project/ROS2/techdiffbot/install/serial/share/serial/package.ps1'
[8.019s] INFO:colcon.colcon_core.shell:Creating package descriptor '/home/jlukas/Desktop/My_Project/ROS2/techdiffbot/install/serial/share/serial/package.dsv'
[8.023s] INFO:colcon.colcon_core.shell:Creating package script '/home/jlukas/Desktop/My_Project/ROS2/techdiffbot/install/serial/share/serial/package.sh'
[8.026s] INFO:colcon.colcon_core.shell:Creating package script '/home/jlukas/Desktop/My_Project/ROS2/techdiffbot/install/serial/share/serial/package.bash'
[8.028s] INFO:colcon.colcon_core.shell:Creating package script '/home/jlukas/Desktop/My_Project/ROS2/techdiffbot/install/serial/share/serial/package.zsh'
[8.031s] Level 1:colcon.colcon_core.environment:create_file_with_runtime_dependencies(/home/jlukas/Desktop/My_Project/ROS2/techdiffbot/install/serial/share/colcon-core/packages/serial)
[8.091s] Level 1:colcon.colcon_core.environment:create_environment_scripts_only(diffdrive_arduino)
[8.164s] Level 1:colcon.colcon_core.environment:checking '/home/jlukas/Desktop/My_Project/ROS2/techdiffbot/install/diffdrive_arduino' for CMake module files
[8.164s] Level 1:colcon.colcon_core.environment:checking '/home/jlukas/Desktop/My_Project/ROS2/techdiffbot/install/diffdrive_arduino' for CMake config files
[8.165s] Level 1:colcon.colcon_core.shell:create_environment_hook('diffdrive_arduino', 'cmake_prefix_path')
[8.233s] INFO:colcon.colcon_core.shell:Creating environment hook '/home/jlukas/Desktop/My_Project/ROS2/techdiffbot/install/diffdrive_arduino/share/diffdrive_arduino/hook/cmake_prefix_path.ps1'
[8.235s] INFO:colcon.colcon_core.shell:Creating environment descriptor '/home/jlukas/Desktop/My_Project/ROS2/techdiffbot/install/diffdrive_arduino/share/diffdrive_arduino/hook/cmake_prefix_path.dsv'
[8.236s] INFO:colcon.colcon_core.shell:Creating environment hook '/home/jlukas/Desktop/My_Project/ROS2/techdiffbot/install/diffdrive_arduino/share/diffdrive_arduino/hook/cmake_prefix_path.sh'
[8.239s] Level 1:colcon.colcon_core.environment:checking '/home/jlukas/Desktop/My_Project/ROS2/techdiffbot/install/diffdrive_arduino/lib'
[8.239s] Level 1:colcon.colcon_core.shell:create_environment_hook('diffdrive_arduino', 'ld_library_path_lib')
[8.288s] INFO:colcon.colcon_core.shell:Creating environment hook '/home/jlukas/Desktop/My_Project/ROS2/techdiffbot/install/diffdrive_arduino/share/diffdrive_arduino/hook/ld_library_path_lib.ps1'
[8.290s] INFO:colcon.colcon_core.shell:Creating environment descriptor '/home/jlukas/Desktop/My_Project/ROS2/techdiffbot/install/diffdrive_arduino/share/diffdrive_arduino/hook/ld_library_path_lib.dsv'
[8.292s] INFO:colcon.colcon_core.shell:Creating environment hook '/home/jlukas/Desktop/My_Project/ROS2/techdiffbot/install/diffdrive_arduino/share/diffdrive_arduino/hook/ld_library_path_lib.sh'
[8.294s] Level 1:colcon.colcon_core.environment:checking '/home/jlukas/Desktop/My_Project/ROS2/techdiffbot/install/diffdrive_arduino/bin'
[8.295s] Level 1:colcon.colcon_core.environment:checking '/home/jlukas/Desktop/My_Project/ROS2/techdiffbot/install/diffdrive_arduino/lib/pkgconfig/diffdrive_arduino.pc'
[8.295s] Level 1:colcon.colcon_core.environment:checking '/home/jlukas/Desktop/My_Project/ROS2/techdiffbot/install/diffdrive_arduino/lib/python3.10/site-packages'
[8.296s] Level 1:colcon.colcon_core.environment:checking '/home/jlukas/Desktop/My_Project/ROS2/techdiffbot/install/diffdrive_arduino/bin'
[8.347s] INFO:colcon.colcon_core.shell:Creating package script '/home/jlukas/Desktop/My_Project/ROS2/techdiffbot/install/diffdrive_arduino/share/diffdrive_arduino/package.ps1'
[8.350s] INFO:colcon.colcon_core.shell:Creating package descriptor '/home/jlukas/Desktop/My_Project/ROS2/techdiffbot/install/diffdrive_arduino/share/diffdrive_arduino/package.dsv'
[8.352s] INFO:colcon.colcon_core.shell:Creating package script '/home/jlukas/Desktop/My_Project/ROS2/techdiffbot/install/diffdrive_arduino/share/diffdrive_arduino/package.sh'
[8.355s] INFO:colcon.colcon_core.shell:Creating package script '/home/jlukas/Desktop/My_Project/ROS2/techdiffbot/install/diffdrive_arduino/share/diffdrive_arduino/package.bash'
[8.356s] INFO:colcon.colcon_core.shell:Creating package script '/home/jlukas/Desktop/My_Project/ROS2/techdiffbot/install/diffdrive_arduino/share/diffdrive_arduino/package.zsh'
[8.359s] Level 1:colcon.colcon_core.environment:create_file_with_runtime_dependencies(/home/jlukas/Desktop/My_Project/ROS2/techdiffbot/install/diffdrive_arduino/share/colcon-core/packages/diffdrive_arduino)
[8.368s] DEBUG:colcon.colcon_core.event_handler.log_command:Invoking command in '/home/jlukas/Desktop/My_Project/ROS2/techdiffbot/build/techdiffbot': PYTHONPATH=/home/jlukas/Desktop/My_Project/ROS2/techdiffbot/build/techdiffbot/prefix_override:/home/jlukas/Desktop/My_Project/ROS2/techdiffbot/install/techdiffbot/lib/python3.10/site-packages:${PYTHONPATH} /usr/bin/python3 setup.py develop --editable --build-directory /home/jlukas/Desktop/My_Project/ROS2/techdiffbot/build/techdiffbot/build --no-deps install_data
[10.663s] Level 1:colcon.colcon_core.shell:create_environment_hook('techdiffbot', 'pythonpath_develop')
[10.671s] DEBUG:colcon.colcon_core.event_handler.log_command:Invoked command in '/home/jlukas/Desktop/My_Project/ROS2/techdiffbot/build/techdiffbot' returned '0': PYTHONPATH=/home/jlukas/Desktop/My_Project/ROS2/techdiffbot/build/techdiffbot/prefix_override:/home/jlukas/Desktop/My_Project/ROS2/techdiffbot/install/techdiffbot/lib/python3.10/site-packages:${PYTHONPATH} /usr/bin/python3 setup.py develop --editable --build-directory /home/jlukas/Desktop/My_Project/ROS2/techdiffbot/build/techdiffbot/build --no-deps install_data
[10.730s] INFO:colcon.colcon_core.shell:Creating environment hook '/home/jlukas/Desktop/My_Project/ROS2/techdiffbot/build/techdiffbot/share/techdiffbot/hook/pythonpath_develop.ps1'
[10.732s] INFO:colcon.colcon_core.shell:Creating environment descriptor '/home/jlukas/Desktop/My_Project/ROS2/techdiffbot/build/techdiffbot/share/techdiffbot/hook/pythonpath_develop.dsv'
[10.735s] INFO:colcon.colcon_core.shell:Creating environment hook '/home/jlukas/Desktop/My_Project/ROS2/techdiffbot/build/techdiffbot/share/techdiffbot/hook/pythonpath_develop.sh'
[10.796s] Level 1:colcon.colcon_core.environment:checking '/home/jlukas/Desktop/My_Project/ROS2/techdiffbot/install/techdiffbot' for CMake module files
[10.796s] Level 1:colcon.colcon_core.environment:checking '/home/jlukas/Desktop/My_Project/ROS2/techdiffbot/install/techdiffbot' for CMake config files
[10.797s] Level 1:colcon.colcon_core.environment:checking '/home/jlukas/Desktop/My_Project/ROS2/techdiffbot/install/techdiffbot/lib'
[10.798s] Level 1:colcon.colcon_core.environment:checking '/home/jlukas/Desktop/My_Project/ROS2/techdiffbot/install/techdiffbot/bin'
[10.798s] Level 1:colcon.colcon_core.environment:checking '/home/jlukas/Desktop/My_Project/ROS2/techdiffbot/install/techdiffbot/lib/pkgconfig/techdiffbot.pc'
[10.799s] Level 1:colcon.colcon_core.environment:checking '/home/jlukas/Desktop/My_Project/ROS2/techdiffbot/install/techdiffbot/lib/python3.10/site-packages'
[10.799s] Level 1:colcon.colcon_core.shell:create_environment_hook('techdiffbot', 'pythonpath')
[10.838s] INFO:colcon.colcon_core.shell:Creating environment hook '/home/jlukas/Desktop/My_Project/ROS2/techdiffbot/install/techdiffbot/share/techdiffbot/hook/pythonpath.ps1'
[10.839s] INFO:colcon.colcon_core.shell:Creating environment descriptor '/home/jlukas/Desktop/My_Project/ROS2/techdiffbot/install/techdiffbot/share/techdiffbot/hook/pythonpath.dsv'
[10.840s] INFO:colcon.colcon_core.shell:Creating environment hook '/home/jlukas/Desktop/My_Project/ROS2/techdiffbot/install/techdiffbot/share/techdiffbot/hook/pythonpath.sh'
[10.842s] Level 1:colcon.colcon_core.environment:checking '/home/jlukas/Desktop/My_Project/ROS2/techdiffbot/install/techdiffbot/bin'
[10.843s] Level 1:colcon.colcon_core.environment:create_environment_scripts_only(techdiffbot)
[10.884s] INFO:colcon.colcon_core.shell:Creating package script '/home/jlukas/Desktop/My_Project/ROS2/techdiffbot/install/techdiffbot/share/techdiffbot/package.ps1'
[10.887s] INFO:colcon.colcon_core.shell:Creating package descriptor '/home/jlukas/Desktop/My_Project/ROS2/techdiffbot/install/techdiffbot/share/techdiffbot/package.dsv'
[10.888s] INFO:colcon.colcon_core.shell:Creating package script '/home/jlukas/Desktop/My_Project/ROS2/techdiffbot/install/techdiffbot/share/techdiffbot/package.sh'
[10.888s] INFO:colcon.colcon_core.shell:Creating package script '/home/jlukas/Desktop/My_Project/ROS2/techdiffbot/install/techdiffbot/share/techdiffbot/package.bash'
[10.890s] INFO:colcon.colcon_core.shell:Creating package script '/home/jlukas/Desktop/My_Project/ROS2/techdiffbot/install/techdiffbot/share/techdiffbot/package.zsh'
[10.891s] Level 1:colcon.colcon_core.environment:create_file_with_runtime_dependencies(/home/jlukas/Desktop/My_Project/ROS2/techdiffbot/install/techdiffbot/share/colcon-core/packages/techdiffbot)
[10.892s] DEBUG:colcon.colcon_parallel_executor.executor.parallel:closing loop
[10.892s] DEBUG:colcon.colcon_parallel_executor.executor.parallel:loop closed
[10.896s] DEBUG:colcon.colcon_parallel_executor.executor.parallel:run_until_complete finished with '0'
[10.896s] DEBUG:colcon.colcon_core.event_reactor:joining thread
[10.960s] INFO:colcon.colcon_core.plugin_system:Skipping extension 'colcon_notification.desktop_notification.terminal_notifier': Not used on non-Darwin systems
[10.961s] INFO:colcon.colcon_core.plugin_system:Skipping extension 'colcon_notification.desktop_notification.win32': Not used on non-Windows systems
[10.962s] INFO:colcon.colcon_notification.desktop_notification:Sending desktop notification using 'notify2'
[10.996s] DEBUG:colcon.colcon_core.event_reactor:joined thread
[11.035s] INFO:colcon.colcon_core.shell:Creating prefix script '/home/jlukas/Desktop/My_Project/ROS2/techdiffbot/install/local_setup.ps1'
[11.038s] INFO:colcon.colcon_core.shell:Creating prefix util module '/home/jlukas/Desktop/My_Project/ROS2/techdiffbot/install/_local_setup_util_ps1.py'
[11.040s] INFO:colcon.colcon_core.shell:Creating prefix chain script '/home/jlukas/Desktop/My_Project/ROS2/techdiffbot/install/setup.ps1'
[11.087s] INFO:colcon.colcon_core.shell:Creating prefix script '/home/jlukas/Desktop/My_Project/ROS2/techdiffbot/install/local_setup.sh'
[11.087s] INFO:colcon.colcon_core.shell:Creating prefix util module '/home/jlukas/Desktop/My_Project/ROS2/techdiffbot/install/_local_setup_util_sh.py'
[11.088s] INFO:colcon.colcon_core.shell:Creating prefix chain script '/home/jlukas/Desktop/My_Project/ROS2/techdiffbot/install/setup.sh'
[11.142s] INFO:colcon.colcon_core.shell:Creating prefix script '/home/jlukas/Desktop/My_Project/ROS2/techdiffbot/install/local_setup.bash'
[11.144s] INFO:colcon.colcon_core.shell:Creating prefix chain script '/home/jlukas/Desktop/My_Project/ROS2/techdiffbot/install/setup.bash'
[11.200s] INFO:colcon.colcon_core.shell:Creating prefix script '/home/jlukas/Desktop/My_Project/ROS2/techdiffbot/install/local_setup.zsh'
[11.202s] INFO:colcon.colcon_core.shell:Creating prefix chain script '/home/jlukas/Desktop/My_Project/ROS2/techdiffbot/install/setup.zsh'
