[6.152s] Invoking command in '/home/jlukas/Desktop/My_Project/ROS2/techdiffbot/src/techdiffbot': PYTHONPATH=/home/jlukas/Desktop/My_Project/ROS2/techdiffbot/build/techdiffbot/prefix_override:/home/jlukas/Desktop/My_Project/ROS2/techdiffbot/install/techdiffbot/lib/python3.10/site-packages:${PYTHONPATH} /usr/bin/python3 setup.py egg_info --egg-base ../../build/techdiffbot build --build-base /home/jlukas/Desktop/My_Project/ROS2/techdiffbot/build/techdiffbot/build install --record /home/jlukas/Desktop/My_Project/ROS2/techdiffbot/build/techdiffbot/install.log --single-version-externally-managed
[7.432s] running egg_info
[7.434s] writing ../../build/techdiffbot/techdiffbot.egg-info/PKG-INFO
[7.435s] writing dependency_links to ../../build/techdiffbot/techdiffbot.egg-info/dependency_links.txt
[7.436s] writing entry points to ../../build/techdiffbot/techdiffbot.egg-info/entry_points.txt
[7.437s] writing requirements to ../../build/techdiffbot/techdiffbot.egg-info/requires.txt
[7.437s] writing top-level names to ../../build/techdiffbot/techdiffbot.egg-info/top_level.txt
[7.447s] reading manifest file '../../build/techdiffbot/techdiffbot.egg-info/SOURCES.txt'
[7.453s] writing manifest file '../../build/techdiffbot/techdiffbot.egg-info/SOURCES.txt'
[7.454s] running build
[7.455s] running build_py
[7.457s] running install
[7.458s] running install_lib
[7.464s] running install_data
[7.468s] copying launch/ldlidar_slam.launch.py -> /home/jlukas/Desktop/My_Project/ROS2/techdiffbot/install/techdiffbot/share/techdiffbot/launch
[7.474s] running install_egg_info
[7.481s] removing '/home/jlukas/Desktop/My_Project/ROS2/techdiffbot/install/techdiffbot/lib/python3.10/site-packages/techdiffbot-0.0.0-py3.10.egg-info' (and everything under it)
[7.483s] Copying ../../build/techdiffbot/techdiffbot.egg-info to /home/jlukas/Desktop/My_Project/ROS2/techdiffbot/install/techdiffbot/lib/python3.10/site-packages/techdiffbot-0.0.0-py3.10.egg-info
[7.489s] running install_scripts
[7.570s] writing list of installed files to '/home/jlukas/Desktop/My_Project/ROS2/techdiffbot/build/techdiffbot/install.log'
[7.691s] Invoked command in '/home/jlukas/Desktop/My_Project/ROS2/techdiffbot/src/techdiffbot' returned '0': PYTHONPATH=/home/jlukas/Desktop/My_Project/ROS2/techdiffbot/build/techdiffbot/prefix_override:/home/jlukas/Desktop/My_Project/ROS2/techdiffbot/install/techdiffbot/lib/python3.10/site-packages:${PYTHONPATH} /usr/bin/python3 setup.py egg_info --egg-base ../../build/techdiffbot build --build-base /home/jlukas/Desktop/My_Project/ROS2/techdiffbot/build/techdiffbot/build install --record /home/jlukas/Desktop/My_Project/ROS2/techdiffbot/build/techdiffbot/install.log --single-version-externally-managed
