[0.350s] Invoking command in '/home/jlukas/Desktop/My_Project/ROS2/techdiffbot/build/serial': CMAKE_PREFIX_PATH=${CMAKE_PREFIX_PATH}:/home/jlukas/Desktop/My_Project/ROS2/techdiffbot/install/techdiffbot:/home/jlukas/Desktop/My_Project/ROS2/ros2_rpi_cv2/install/ros2_rpi_cv2:/home/jlukas/Desktop/My_Project/ROS2/rover/install/rover:/opt/ros/humble /usr/bin/cmake --build /home/jlukas/Desktop/My_Project/ROS2/techdiffbot/build/serial -- -j4 -l4
[0.435s] [ 28%] Built target serial
[0.479s] [ 42%] Built target gtest_main
[0.516s] [ 57%] Built target serial_example
[0.553s] [ 71%] Built target gtest
[0.587s] [ 85%] Built target serial-test
[0.625s] [100%] Built target serial-test-timer
[1.272s] Invoked command in '/home/jlukas/Desktop/My_Project/ROS2/techdiffbot/build/serial' returned '0': CMAKE_PREFIX_PATH=${CMAKE_PREFIX_PATH}:/home/jlukas/Desktop/My_Project/ROS2/techdiffbot/install/techdiffbot:/home/jlukas/Desktop/My_Project/ROS2/ros2_rpi_cv2/install/ros2_rpi_cv2:/home/jlukas/Desktop/My_Project/ROS2/rover/install/rover:/opt/ros/humble /usr/bin/cmake --build /home/jlukas/Desktop/My_Project/ROS2/techdiffbot/build/serial -- -j4 -l4
[1.417s] Invoking command in '/home/jlukas/Desktop/My_Project/ROS2/techdiffbot/build/serial': CMAKE_PREFIX_PATH=${CMAKE_PREFIX_PATH}:/home/jlukas/Desktop/My_Project/ROS2/techdiffbot/install/techdiffbot:/home/jlukas/Desktop/My_Project/ROS2/ros2_rpi_cv2/install/ros2_rpi_cv2:/home/jlukas/Desktop/My_Project/ROS2/rover/install/rover:/opt/ros/humble /usr/bin/cmake --install /home/jlukas/Desktop/My_Project/ROS2/techdiffbot/build/serial
[1.429s] -- Install configuration: ""
[1.430s] -- Up-to-date: /home/jlukas/Desktop/My_Project/ROS2/techdiffbot/install/serial/lib/libserial.a
[1.430s] -- Up-to-date: /home/jlukas/Desktop/My_Project/ROS2/techdiffbot/install/serial/include/serial/serial.h
[1.431s] -- Up-to-date: /home/jlukas/Desktop/My_Project/ROS2/techdiffbot/install/serial/include/serial/v8stdint.h
[1.432s] -- Up-to-date: /home/jlukas/Desktop/My_Project/ROS2/techdiffbot/install/serial/share/serial/environment/library_path.sh
[1.433s] -- Up-to-date: /home/jlukas/Desktop/My_Project/ROS2/techdiffbot/install/serial/share/serial/environment/library_path.dsv
[1.433s] -- Up-to-date: /home/jlukas/Desktop/My_Project/ROS2/techdiffbot/install/serial/share/ament_index/resource_index/package_run_dependencies/serial
[1.434s] -- Up-to-date: /home/jlukas/Desktop/My_Project/ROS2/techdiffbot/install/serial/share/ament_index/resource_index/parent_prefix_path/serial
[1.435s] -- Up-to-date: /home/jlukas/Desktop/My_Project/ROS2/techdiffbot/install/serial/share/serial/environment/ament_prefix_path.sh
[1.435s] -- Up-to-date: /home/jlukas/Desktop/My_Project/ROS2/techdiffbot/install/serial/share/serial/environment/ament_prefix_path.dsv
[1.436s] -- Up-to-date: /home/jlukas/Desktop/My_Project/ROS2/techdiffbot/install/serial/share/serial/environment/path.sh
[1.437s] -- Up-to-date: /home/jlukas/Desktop/My_Project/ROS2/techdiffbot/install/serial/share/serial/environment/path.dsv
[1.437s] -- Up-to-date: /home/jlukas/Desktop/My_Project/ROS2/techdiffbot/install/serial/share/serial/local_setup.bash
[1.438s] -- Up-to-date: /home/jlukas/Desktop/My_Project/ROS2/techdiffbot/install/serial/share/serial/local_setup.sh
[1.441s] -- Up-to-date: /home/jlukas/Desktop/My_Project/ROS2/techdiffbot/install/serial/share/serial/local_setup.zsh
[1.442s] -- Up-to-date: /home/jlukas/Desktop/My_Project/ROS2/techdiffbot/install/serial/share/serial/local_setup.dsv
[1.443s] -- Installing: /home/jlukas/Desktop/My_Project/ROS2/techdiffbot/install/serial/share/serial/package.dsv
[1.444s] -- Up-to-date: /home/jlukas/Desktop/My_Project/ROS2/techdiffbot/install/serial/share/ament_index/resource_index/packages/serial
[1.445s] -- Up-to-date: /home/jlukas/Desktop/My_Project/ROS2/techdiffbot/install/serial/share/serial/cmake/ament_cmake_export_include_directories-extras.cmake
[1.446s] -- Up-to-date: /home/jlukas/Desktop/My_Project/ROS2/techdiffbot/install/serial/share/serial/cmake/ament_cmake_export_libraries-extras.cmake
[1.447s] -- Up-to-date: /home/jlukas/Desktop/My_Project/ROS2/techdiffbot/install/serial/share/serial/cmake/serialConfig.cmake
[1.448s] -- Up-to-date: /home/jlukas/Desktop/My_Project/ROS2/techdiffbot/install/serial/share/serial/cmake/serialConfig-version.cmake
[1.449s] -- Up-to-date: /home/jlukas/Desktop/My_Project/ROS2/techdiffbot/install/serial/share/serial/package.xml
[1.453s] Invoked command in '/home/jlukas/Desktop/My_Project/ROS2/techdiffbot/build/serial' returned '0': CMAKE_PREFIX_PATH=${CMAKE_PREFIX_PATH}:/home/jlukas/Desktop/My_Project/ROS2/techdiffbot/install/techdiffbot:/home/jlukas/Desktop/My_Project/ROS2/ros2_rpi_cv2/install/ros2_rpi_cv2:/home/jlukas/Desktop/My_Project/ROS2/rover/install/rover:/opt/ros/humble /usr/bin/cmake --install /home/jlukas/Desktop/My_Project/ROS2/techdiffbot/build/serial
