[0.946s] DEBUG:colcon:Command line arguments: ['/usr/bin/colcon', 'build']
[0.946s] DEBUG:colcon:Parsed command line arguments: Namespace(log_base=None, log_level=None, verb_name='build', build_base='build', install_base='install', merge_install=False, symlink_install=False, test_result_base=None, continue_on_error=False, executor='parallel', parallel_workers=6, event_handlers=None, ignore_user_meta=False, metas=['./colcon.meta'], base_paths=['.'], packages_ignore=None, packages_ignore_regex=None, paths=None, packages_up_to=None, packages_up_to_regex=None, packages_above=None, packages_above_and_dependencies=None, packages_above_depth=None, packages_select_by_dep=None, packages_skip_by_dep=None, packages_skip_up_to=None, packages_select_build_failed=False, packages_skip_build_finished=False, packages_select_test_failures=False, packages_skip_test_passed=False, packages_select=None, packages_skip=None, packages_select_regex=None, packages_skip_regex=None, packages_start=None, packages_end=None, allow_overriding=[], cmake_args=None, cmake_target=None, cmake_target_skip_unavailable=False, cmake_clean_cache=False, cmake_clean_first=False, cmake_force_configure=False, ament_cmake_args=None, catkin_cmake_args=None, catkin_skip_building_tests=False, verb_parser=<colcon_defaults.argument_parser.defaults.DefaultArgumentsDecorator object at 0x7fa6f87a3cd0>, verb_extension=<colcon_core.verb.build.BuildVerb object at 0x7fa6f904db70>, main=<bound method BuildVerb.main of <colcon_core.verb.build.BuildVerb object at 0x7fa6f904db70>>)
[1.056s] Level 1:colcon.colcon_core.package_discovery:discover_packages(colcon_meta) check parameters
[1.056s] Level 1:colcon.colcon_core.package_discovery:discover_packages(recursive) check parameters
[1.057s] Level 1:colcon.colcon_core.package_discovery:discover_packages(ignore) check parameters
[1.057s] Level 1:colcon.colcon_core.package_discovery:discover_packages(path) check parameters
[1.057s] Level 1:colcon.colcon_core.package_discovery:discover_packages(colcon_meta) discover
[1.057s] Level 1:colcon.colcon_core.package_discovery:discover_packages(recursive) discover
[1.057s] INFO:colcon.colcon_core.package_discovery:Crawling recursively for packages in '/home/jlukas/Desktop/My_Project/publisher_subsriber'
[1.058s] Level 1:colcon.colcon_core.package_identification:_identify(.) by extensions ['ignore', 'ignore_ament_install']
[1.058s] Level 1:colcon.colcon_core.package_identification:_identify(.) by extension 'ignore'
[1.058s] Level 1:colcon.colcon_core.package_identification:_identify(.) by extension 'ignore_ament_install'
[1.059s] Level 1:colcon.colcon_core.package_identification:_identify(.) by extensions ['colcon_pkg']
[1.059s] Level 1:colcon.colcon_core.package_identification:_identify(.) by extension 'colcon_pkg'
[1.059s] Level 1:colcon.colcon_core.package_identification:_identify(.) by extensions ['colcon_meta']
[1.059s] Level 1:colcon.colcon_core.package_identification:_identify(.) by extension 'colcon_meta'
[1.059s] Level 1:colcon.colcon_core.package_identification:_identify(.) by extensions ['ros']
[1.059s] Level 1:colcon.colcon_core.package_identification:_identify(.) by extension 'ros'
[1.130s] Level 1:colcon.colcon_core.package_identification:_identify(.) by extensions ['cmake', 'python']
[1.130s] Level 1:colcon.colcon_core.package_identification:_identify(.) by extension 'cmake'
[1.130s] Level 1:colcon.colcon_core.package_identification:_identify(.) by extension 'python'
[1.130s] Level 1:colcon.colcon_core.package_identification:_identify(.) by extensions ['python_setup_py']
[1.130s] Level 1:colcon.colcon_core.package_identification:_identify(.) by extension 'python_setup_py'
[1.131s] Level 1:colcon.colcon_core.package_identification:_identify(build) by extensions ['ignore', 'ignore_ament_install']
[1.131s] Level 1:colcon.colcon_core.package_identification:_identify(build) by extension 'ignore'
[1.131s] Level 1:colcon.colcon_core.package_identification:_identify(build) ignored
[1.132s] Level 1:colcon.colcon_core.package_identification:_identify(install) by extensions ['ignore', 'ignore_ament_install']
[1.133s] Level 1:colcon.colcon_core.package_identification:_identify(install) by extension 'ignore'
[1.133s] Level 1:colcon.colcon_core.package_identification:_identify(install) ignored
[1.133s] Level 1:colcon.colcon_core.package_identification:_identify(log) by extensions ['ignore', 'ignore_ament_install']
[1.134s] Level 1:colcon.colcon_core.package_identification:_identify(log) by extension 'ignore'
[1.134s] Level 1:colcon.colcon_core.package_identification:_identify(log) ignored
[1.134s] Level 1:colcon.colcon_core.package_identification:_identify(src) by extensions ['ignore', 'ignore_ament_install']
[1.134s] Level 1:colcon.colcon_core.package_identification:_identify(src) by extension 'ignore'
[1.135s] Level 1:colcon.colcon_core.package_identification:_identify(src) by extension 'ignore_ament_install'
[1.135s] Level 1:colcon.colcon_core.package_identification:_identify(src) by extensions ['colcon_pkg']
[1.135s] Level 1:colcon.colcon_core.package_identification:_identify(src) by extension 'colcon_pkg'
[1.135s] Level 1:colcon.colcon_core.package_identification:_identify(src) by extensions ['colcon_meta']
[1.135s] Level 1:colcon.colcon_core.package_identification:_identify(src) by extension 'colcon_meta'
[1.135s] Level 1:colcon.colcon_core.package_identification:_identify(src) by extensions ['ros']
[1.135s] Level 1:colcon.colcon_core.package_identification:_identify(src) by extension 'ros'
[1.136s] Level 1:colcon.colcon_core.package_identification:_identify(src) by extensions ['cmake', 'python']
[1.136s] Level 1:colcon.colcon_core.package_identification:_identify(src) by extension 'cmake'
[1.136s] Level 1:colcon.colcon_core.package_identification:_identify(src) by extension 'python'
[1.136s] Level 1:colcon.colcon_core.package_identification:_identify(src) by extensions ['python_setup_py']
[1.136s] Level 1:colcon.colcon_core.package_identification:_identify(src) by extension 'python_setup_py'
[1.137s] Level 1:colcon.colcon_core.package_identification:_identify(src/publisher_subsriber) by extensions ['ignore', 'ignore_ament_install']
[1.137s] Level 1:colcon.colcon_core.package_identification:_identify(src/publisher_subsriber) by extension 'ignore'
[1.137s] Level 1:colcon.colcon_core.package_identification:_identify(src/publisher_subsriber) by extension 'ignore_ament_install'
[1.138s] Level 1:colcon.colcon_core.package_identification:_identify(src/publisher_subsriber) by extensions ['colcon_pkg']
[1.138s] Level 1:colcon.colcon_core.package_identification:_identify(src/publisher_subsriber) by extension 'colcon_pkg'
[1.138s] Level 1:colcon.colcon_core.package_identification:_identify(src/publisher_subsriber) by extensions ['colcon_meta']
[1.138s] Level 1:colcon.colcon_core.package_identification:_identify(src/publisher_subsriber) by extension 'colcon_meta'
[1.138s] Level 1:colcon.colcon_core.package_identification:_identify(src/publisher_subsriber) by extensions ['ros']
[1.138s] Level 1:colcon.colcon_core.package_identification:_identify(src/publisher_subsriber) by extension 'ros'
[1.150s] DEBUG:colcon.colcon_core.package_identification:Package 'src/publisher_subsriber' with type 'ros.ament_python' and name 'publisher_subsriber'
[1.150s] Level 1:colcon.colcon_core.package_discovery:discover_packages(recursive) using defaults
[1.150s] Level 1:colcon.colcon_core.package_discovery:discover_packages(ignore) discover
[1.150s] Level 1:colcon.colcon_core.package_discovery:discover_packages(ignore) using defaults
[1.150s] Level 1:colcon.colcon_core.package_discovery:discover_packages(path) discover
[1.151s] Level 1:colcon.colcon_core.package_discovery:discover_packages(path) using defaults
[1.250s] Level 1:colcon.colcon_core.package_discovery:discover_packages(prefix_path) check parameters
[1.250s] Level 1:colcon.colcon_core.package_discovery:discover_packages(prefix_path) discover
[1.260s] DEBUG:colcon.colcon_installed_package_information.package_discovery:Found 1 installed packages in /home/jlukas/Desktop/My_Project/publisher_subsriber/install
[1.269s] DEBUG:colcon.colcon_installed_package_information.package_discovery:Found 270 installed packages in /opt/ros/humble
[1.279s] Level 1:colcon.colcon_core.package_discovery:discover_packages(prefix_path) using defaults
[1.465s] Level 5:colcon.colcon_core.verb:set package 'publisher_subsriber' build argument 'cmake_args' from command line to 'None'
[1.465s] Level 5:colcon.colcon_core.verb:set package 'publisher_subsriber' build argument 'cmake_target' from command line to 'None'
[1.466s] Level 5:colcon.colcon_core.verb:set package 'publisher_subsriber' build argument 'cmake_target_skip_unavailable' from command line to 'False'
[1.466s] Level 5:colcon.colcon_core.verb:set package 'publisher_subsriber' build argument 'cmake_clean_cache' from command line to 'False'
[1.466s] Level 5:colcon.colcon_core.verb:set package 'publisher_subsriber' build argument 'cmake_clean_first' from command line to 'False'
[1.466s] Level 5:colcon.colcon_core.verb:set package 'publisher_subsriber' build argument 'cmake_force_configure' from command line to 'False'
[1.466s] Level 5:colcon.colcon_core.verb:set package 'publisher_subsriber' build argument 'ament_cmake_args' from command line to 'None'
[1.466s] Level 5:colcon.colcon_core.verb:set package 'publisher_subsriber' build argument 'catkin_cmake_args' from command line to 'None'
[1.466s] Level 5:colcon.colcon_core.verb:set package 'publisher_subsriber' build argument 'catkin_skip_building_tests' from command line to 'False'
[1.466s] DEBUG:colcon.colcon_core.verb:Building package 'publisher_subsriber' with the following arguments: {'ament_cmake_args': None, 'build_base': '/home/jlukas/Desktop/My_Project/publisher_subsriber/build/publisher_subsriber', 'catkin_cmake_args': None, 'catkin_skip_building_tests': False, 'cmake_args': None, 'cmake_clean_cache': False, 'cmake_clean_first': False, 'cmake_force_configure': False, 'cmake_target': None, 'cmake_target_skip_unavailable': False, 'install_base': '/home/jlukas/Desktop/My_Project/publisher_subsriber/install/publisher_subsriber', 'merge_install': False, 'path': '/home/jlukas/Desktop/My_Project/publisher_subsriber/src/publisher_subsriber', 'symlink_install': False, 'test_result_base': None}
[1.468s] INFO:colcon.colcon_core.executor:Executing jobs using 'parallel' executor
[1.477s] DEBUG:colcon.colcon_parallel_executor.executor.parallel:run_until_complete
[1.478s] INFO:colcon.colcon_ros.task.ament_python.build:Building ROS package in '/home/jlukas/Desktop/My_Project/publisher_subsriber/src/publisher_subsriber' with build type 'ament_python'
[1.479s] Level 1:colcon.colcon_core.shell:create_environment_hook('publisher_subsriber', 'ament_prefix_path')
[1.493s] INFO:colcon.colcon_core.plugin_system:Skipping extension 'colcon_core.shell.bat': Not used on non-Windows systems
[1.494s] INFO:colcon.colcon_core.shell:Creating environment hook '/home/jlukas/Desktop/My_Project/publisher_subsriber/install/publisher_subsriber/share/publisher_subsriber/hook/ament_prefix_path.ps1'
[1.497s] INFO:colcon.colcon_core.shell:Creating environment descriptor '/home/jlukas/Desktop/My_Project/publisher_subsriber/install/publisher_subsriber/share/publisher_subsriber/hook/ament_prefix_path.dsv'
[1.500s] INFO:colcon.colcon_core.shell:Creating environment hook '/home/jlukas/Desktop/My_Project/publisher_subsriber/install/publisher_subsriber/share/publisher_subsriber/hook/ament_prefix_path.sh'
[1.506s] INFO:colcon.colcon_core.shell:Skip shell extension 'powershell' for command environment: Not usable outside of PowerShell
[1.507s] DEBUG:colcon.colcon_core.shell:Skip shell extension 'dsv' for command environment
[2.576s] INFO:colcon.colcon_core.task.python.build:Building Python package in '/home/jlukas/Desktop/My_Project/publisher_subsriber/src/publisher_subsriber'
[2.579s] INFO:colcon.colcon_core.shell:Skip shell extension 'powershell' for command environment: Not usable outside of PowerShell
[2.579s] DEBUG:colcon.colcon_core.shell:Skip shell extension 'dsv' for command environment
[3.670s] DEBUG:colcon.colcon_core.event_handler.log_command:Invoking command in '/home/jlukas/Desktop/My_Project/publisher_subsriber/src/publisher_subsriber': PYTHONPATH=/home/jlukas/Desktop/My_Project/publisher_subsriber/build/publisher_subsriber/prefix_override:/home/jlukas/Desktop/My_Project/publisher_subsriber/install/publisher_subsriber/lib/python3.10/site-packages:${PYTHONPATH} /usr/bin/python3 setup.py egg_info --egg-base ../../build/publisher_subsriber build --build-base /home/jlukas/Desktop/My_Project/publisher_subsriber/build/publisher_subsriber/build install --record /home/jlukas/Desktop/My_Project/publisher_subsriber/build/publisher_subsriber/install.log --single-version-externally-managed
[4.517s] DEBUG:colcon.colcon_core.event_handler.log_command:Invoked command in '/home/jlukas/Desktop/My_Project/publisher_subsriber/src/publisher_subsriber' returned '0': PYTHONPATH=/home/jlukas/Desktop/My_Project/publisher_subsriber/build/publisher_subsriber/prefix_override:/home/jlukas/Desktop/My_Project/publisher_subsriber/install/publisher_subsriber/lib/python3.10/site-packages:${PYTHONPATH} /usr/bin/python3 setup.py egg_info --egg-base ../../build/publisher_subsriber build --build-base /home/jlukas/Desktop/My_Project/publisher_subsriber/build/publisher_subsriber/build install --record /home/jlukas/Desktop/My_Project/publisher_subsriber/build/publisher_subsriber/install.log --single-version-externally-managed
[4.530s] Level 1:colcon.colcon_core.environment:checking '/home/jlukas/Desktop/My_Project/publisher_subsriber/install/publisher_subsriber' for CMake module files
[4.532s] Level 1:colcon.colcon_core.environment:checking '/home/jlukas/Desktop/My_Project/publisher_subsriber/install/publisher_subsriber' for CMake config files
[4.535s] Level 1:colcon.colcon_core.environment:checking '/home/jlukas/Desktop/My_Project/publisher_subsriber/install/publisher_subsriber/lib'
[4.535s] Level 1:colcon.colcon_core.environment:checking '/home/jlukas/Desktop/My_Project/publisher_subsriber/install/publisher_subsriber/bin'
[4.536s] Level 1:colcon.colcon_core.environment:checking '/home/jlukas/Desktop/My_Project/publisher_subsriber/install/publisher_subsriber/lib/pkgconfig/publisher_subsriber.pc'
[4.537s] Level 1:colcon.colcon_core.environment:checking '/home/jlukas/Desktop/My_Project/publisher_subsriber/install/publisher_subsriber/lib/python3.10/site-packages'
[4.537s] Level 1:colcon.colcon_core.shell:create_environment_hook('publisher_subsriber', 'pythonpath')
[4.541s] INFO:colcon.colcon_core.shell:Creating environment hook '/home/jlukas/Desktop/My_Project/publisher_subsriber/install/publisher_subsriber/share/publisher_subsriber/hook/pythonpath.ps1'
[4.544s] INFO:colcon.colcon_core.shell:Creating environment descriptor '/home/jlukas/Desktop/My_Project/publisher_subsriber/install/publisher_subsriber/share/publisher_subsriber/hook/pythonpath.dsv'
[4.546s] INFO:colcon.colcon_core.shell:Creating environment hook '/home/jlukas/Desktop/My_Project/publisher_subsriber/install/publisher_subsriber/share/publisher_subsriber/hook/pythonpath.sh'
[4.549s] Level 1:colcon.colcon_core.environment:checking '/home/jlukas/Desktop/My_Project/publisher_subsriber/install/publisher_subsriber/bin'
[4.550s] Level 1:colcon.colcon_core.environment:create_environment_scripts_only(publisher_subsriber)
[4.553s] INFO:colcon.colcon_core.shell:Creating package script '/home/jlukas/Desktop/My_Project/publisher_subsriber/install/publisher_subsriber/share/publisher_subsriber/package.ps1'
[4.557s] INFO:colcon.colcon_core.shell:Creating package descriptor '/home/jlukas/Desktop/My_Project/publisher_subsriber/install/publisher_subsriber/share/publisher_subsriber/package.dsv'
[4.559s] INFO:colcon.colcon_core.shell:Creating package script '/home/jlukas/Desktop/My_Project/publisher_subsriber/install/publisher_subsriber/share/publisher_subsriber/package.sh'
[4.562s] INFO:colcon.colcon_core.shell:Creating package script '/home/jlukas/Desktop/My_Project/publisher_subsriber/install/publisher_subsriber/share/publisher_subsriber/package.bash'
[4.564s] INFO:colcon.colcon_core.shell:Creating package script '/home/jlukas/Desktop/My_Project/publisher_subsriber/install/publisher_subsriber/share/publisher_subsriber/package.zsh'
[4.567s] Level 1:colcon.colcon_core.environment:create_file_with_runtime_dependencies(/home/jlukas/Desktop/My_Project/publisher_subsriber/install/publisher_subsriber/share/colcon-core/packages/publisher_subsriber)
[4.569s] DEBUG:colcon.colcon_parallel_executor.executor.parallel:closing loop
[4.571s] DEBUG:colcon.colcon_parallel_executor.executor.parallel:loop closed
[4.572s] DEBUG:colcon.colcon_parallel_executor.executor.parallel:run_until_complete finished with '0'
[4.572s] DEBUG:colcon.colcon_core.event_reactor:joining thread
[4.591s] INFO:colcon.colcon_core.plugin_system:Skipping extension 'colcon_notification.desktop_notification.terminal_notifier': Not used on non-Darwin systems
[4.591s] INFO:colcon.colcon_core.plugin_system:Skipping extension 'colcon_notification.desktop_notification.win32': Not used on non-Windows systems
[4.592s] INFO:colcon.colcon_notification.desktop_notification:Sending desktop notification using 'notify2'
[4.637s] DEBUG:colcon.colcon_core.event_reactor:joined thread
[4.641s] INFO:colcon.colcon_core.shell:Creating prefix script '/home/jlukas/Desktop/My_Project/publisher_subsriber/install/local_setup.ps1'
[4.644s] INFO:colcon.colcon_core.shell:Creating prefix util module '/home/jlukas/Desktop/My_Project/publisher_subsriber/install/_local_setup_util_ps1.py'
[4.649s] INFO:colcon.colcon_core.shell:Creating prefix chain script '/home/jlukas/Desktop/My_Project/publisher_subsriber/install/setup.ps1'
[4.657s] INFO:colcon.colcon_core.shell:Creating prefix script '/home/jlukas/Desktop/My_Project/publisher_subsriber/install/local_setup.sh'
[4.660s] INFO:colcon.colcon_core.shell:Creating prefix util module '/home/jlukas/Desktop/My_Project/publisher_subsriber/install/_local_setup_util_sh.py'
[4.663s] INFO:colcon.colcon_core.shell:Creating prefix chain script '/home/jlukas/Desktop/My_Project/publisher_subsriber/install/setup.sh'
[4.668s] INFO:colcon.colcon_core.shell:Creating prefix script '/home/jlukas/Desktop/My_Project/publisher_subsriber/install/local_setup.bash'
[4.671s] INFO:colcon.colcon_core.shell:Creating prefix chain script '/home/jlukas/Desktop/My_Project/publisher_subsriber/install/setup.bash'
[4.675s] INFO:colcon.colcon_core.shell:Creating prefix script '/home/jlukas/Desktop/My_Project/publisher_subsriber/install/local_setup.zsh'
[4.680s] INFO:colcon.colcon_core.shell:Creating prefix chain script '/home/jlukas/Desktop/My_Project/publisher_subsriber/install/setup.zsh'
