[14.681s] DEBUG:colcon:Command line arguments: ['/usr/bin/colcon', 'build', '--symlink-install']
[14.682s] DEBUG:colcon:Parsed command line arguments: Namespace(log_base=None, log_level=None, verb_name='build', build_base='build', install_base='install', merge_install=False, symlink_install=True, test_result_base=None, continue_on_error=False, executor='parallel', parallel_workers=4, event_handlers=None, ignore_user_meta=False, metas=['./colcon.meta'], base_paths=['.'], packages_ignore=None, packages_ignore_regex=None, paths=None, packages_up_to=None, packages_up_to_regex=None, packages_above=None, packages_above_and_dependencies=None, packages_above_depth=None, packages_select_by_dep=None, packages_skip_by_dep=None, packages_skip_up_to=None, packages_select_build_failed=False, packages_skip_build_finished=False, packages_select_test_failures=False, packages_skip_test_passed=False, packages_select=None, packages_skip=None, packages_select_regex=None, packages_skip_regex=None, packages_start=None, packages_end=None, allow_overriding=[], cmake_args=None, cmake_target=None, cmake_target_skip_unavailable=False, cmake_clean_cache=False, cmake_clean_first=False, cmake_force_configure=False, ament_cmake_args=None, catkin_cmake_args=None, catkin_skip_building_tests=False, verb_parser=<colcon_defaults.argument_parser.defaults.DefaultArgumentsDecorator object at 0xffffb33bb2e0>, verb_extension=<colcon_core.verb.build.BuildVerb object at 0xffffb33bb310>, main=<bound method BuildVerb.main of <colcon_core.verb.build.BuildVerb object at 0xffffb33bb310>>)
[15.442s] Level 1:colcon.colcon_core.package_discovery:discover_packages(colcon_meta) check parameters
[15.443s] Level 1:colcon.colcon_core.package_discovery:discover_packages(recursive) check parameters
[15.444s] Level 1:colcon.colcon_core.package_discovery:discover_packages(ignore) check parameters
[15.444s] Level 1:colcon.colcon_core.package_discovery:discover_packages(path) check parameters
[15.444s] Level 1:colcon.colcon_core.package_discovery:discover_packages(colcon_meta) discover
[15.445s] Level 1:colcon.colcon_core.package_discovery:discover_packages(recursive) discover
[15.445s] INFO:colcon.colcon_core.package_discovery:Crawling recursively for packages in '/home/jlukas/My_Project/ROS2/techdiffbot'
[15.446s] Level 1:colcon.colcon_core.package_identification:_identify(.) by extensions ['ignore', 'ignore_ament_install']
[15.447s] Level 1:colcon.colcon_core.package_identification:_identify(.) by extension 'ignore'
[15.448s] Level 1:colcon.colcon_core.package_identification:_identify(.) by extension 'ignore_ament_install'
[15.449s] Level 1:colcon.colcon_core.package_identification:_identify(.) by extensions ['colcon_pkg']
[15.449s] Level 1:colcon.colcon_core.package_identification:_identify(.) by extension 'colcon_pkg'
[15.450s] Level 1:colcon.colcon_core.package_identification:_identify(.) by extensions ['colcon_meta']
[15.450s] Level 1:colcon.colcon_core.package_identification:_identify(.) by extension 'colcon_meta'
[15.451s] Level 1:colcon.colcon_core.package_identification:_identify(.) by extensions ['ros']
[15.451s] Level 1:colcon.colcon_core.package_identification:_identify(.) by extension 'ros'
[15.693s] Level 1:colcon.colcon_core.package_identification:_identify(.) by extensions ['cmake', 'python']
[15.694s] Level 1:colcon.colcon_core.package_identification:_identify(.) by extension 'cmake'
[15.694s] Level 1:colcon.colcon_core.package_identification:_identify(.) by extension 'python'
[15.695s] Level 1:colcon.colcon_core.package_identification:_identify(.) by extensions ['python_setup_py']
[15.695s] Level 1:colcon.colcon_core.package_identification:_identify(.) by extension 'python_setup_py'
[15.696s] Level 1:colcon.colcon_core.package_identification:_identify(build) by extensions ['ignore', 'ignore_ament_install']
[15.697s] Level 1:colcon.colcon_core.package_identification:_identify(build) by extension 'ignore'
[15.698s] Level 1:colcon.colcon_core.package_identification:_identify(build) ignored
[15.700s] Level 1:colcon.colcon_core.package_identification:_identify(install) by extensions ['ignore', 'ignore_ament_install']
[15.701s] Level 1:colcon.colcon_core.package_identification:_identify(install) by extension 'ignore'
[15.701s] Level 1:colcon.colcon_core.package_identification:_identify(install) ignored
[15.702s] Level 1:colcon.colcon_core.package_identification:_identify(log) by extensions ['ignore', 'ignore_ament_install']
[15.703s] Level 1:colcon.colcon_core.package_identification:_identify(log) by extension 'ignore'
[15.704s] Level 1:colcon.colcon_core.package_identification:_identify(log) ignored
[15.706s] Level 1:colcon.colcon_core.package_identification:_identify(src) by extensions ['ignore', 'ignore_ament_install']
[15.707s] Level 1:colcon.colcon_core.package_identification:_identify(src) by extension 'ignore'
[15.708s] Level 1:colcon.colcon_core.package_identification:_identify(src) by extension 'ignore_ament_install'
[15.709s] Level 1:colcon.colcon_core.package_identification:_identify(src) by extensions ['colcon_pkg']
[15.709s] Level 1:colcon.colcon_core.package_identification:_identify(src) by extension 'colcon_pkg'
[15.709s] Level 1:colcon.colcon_core.package_identification:_identify(src) by extensions ['colcon_meta']
[15.710s] Level 1:colcon.colcon_core.package_identification:_identify(src) by extension 'colcon_meta'
[15.710s] Level 1:colcon.colcon_core.package_identification:_identify(src) by extensions ['ros']
[15.711s] Level 1:colcon.colcon_core.package_identification:_identify(src) by extension 'ros'
[15.712s] Level 1:colcon.colcon_core.package_identification:_identify(src) by extensions ['cmake', 'python']
[15.712s] Level 1:colcon.colcon_core.package_identification:_identify(src) by extension 'cmake'
[15.713s] Level 1:colcon.colcon_core.package_identification:_identify(src) by extension 'python'
[15.713s] Level 1:colcon.colcon_core.package_identification:_identify(src) by extensions ['python_setup_py']
[15.713s] Level 1:colcon.colcon_core.package_identification:_identify(src) by extension 'python_setup_py'
[15.716s] Level 1:colcon.colcon_core.package_identification:_identify(src/diffdrive_arduino) by extensions ['ignore', 'ignore_ament_install']
[15.717s] Level 1:colcon.colcon_core.package_identification:_identify(src/diffdrive_arduino) by extension 'ignore'
[15.718s] Level 1:colcon.colcon_core.package_identification:_identify(src/diffdrive_arduino) by extension 'ignore_ament_install'
[15.719s] Level 1:colcon.colcon_core.package_identification:_identify(src/diffdrive_arduino) by extensions ['colcon_pkg']
[15.719s] Level 1:colcon.colcon_core.package_identification:_identify(src/diffdrive_arduino) by extension 'colcon_pkg'
[15.720s] Level 1:colcon.colcon_core.package_identification:_identify(src/diffdrive_arduino) by extensions ['colcon_meta']
[15.720s] Level 1:colcon.colcon_core.package_identification:_identify(src/diffdrive_arduino) by extension 'colcon_meta'
[15.721s] Level 1:colcon.colcon_core.package_identification:_identify(src/diffdrive_arduino) by extensions ['ros']
[15.721s] Level 1:colcon.colcon_core.package_identification:_identify(src/diffdrive_arduino) by extension 'ros'
[15.764s] DEBUG:colcon.colcon_core.package_identification:Package 'src/diffdrive_arduino' with type 'ros.ament_cmake' and name 'diffdrive_arduino'
[15.767s] Level 1:colcon.colcon_core.package_identification:_identify(src/serial) by extensions ['ignore', 'ignore_ament_install']
[15.768s] Level 1:colcon.colcon_core.package_identification:_identify(src/serial) by extension 'ignore'
[15.768s] Level 1:colcon.colcon_core.package_identification:_identify(src/serial) by extension 'ignore_ament_install'
[15.769s] Level 1:colcon.colcon_core.package_identification:_identify(src/serial) by extensions ['colcon_pkg']
[15.770s] Level 1:colcon.colcon_core.package_identification:_identify(src/serial) by extension 'colcon_pkg'
[15.770s] Level 1:colcon.colcon_core.package_identification:_identify(src/serial) by extensions ['colcon_meta']
[15.771s] Level 1:colcon.colcon_core.package_identification:_identify(src/serial) by extension 'colcon_meta'
[15.771s] Level 1:colcon.colcon_core.package_identification:_identify(src/serial) by extensions ['ros']
[15.772s] Level 1:colcon.colcon_core.package_identification:_identify(src/serial) by extension 'ros'
[15.779s] DEBUG:colcon.colcon_core.package_identification:Package 'src/serial' with type 'ros.ament_cmake' and name 'serial'
[15.781s] Level 1:colcon.colcon_core.package_identification:_identify(src/techdiffbot) by extensions ['ignore', 'ignore_ament_install']
[15.782s] Level 1:colcon.colcon_core.package_identification:_identify(src/techdiffbot) by extension 'ignore'
[15.783s] Level 1:colcon.colcon_core.package_identification:_identify(src/techdiffbot) by extension 'ignore_ament_install'
[15.784s] Level 1:colcon.colcon_core.package_identification:_identify(src/techdiffbot) by extensions ['colcon_pkg']
[15.784s] Level 1:colcon.colcon_core.package_identification:_identify(src/techdiffbot) by extension 'colcon_pkg'
[15.785s] Level 1:colcon.colcon_core.package_identification:_identify(src/techdiffbot) by extensions ['colcon_meta']
[15.785s] Level 1:colcon.colcon_core.package_identification:_identify(src/techdiffbot) by extension 'colcon_meta'
[15.786s] Level 1:colcon.colcon_core.package_identification:_identify(src/techdiffbot) by extensions ['ros']
[15.786s] Level 1:colcon.colcon_core.package_identification:_identify(src/techdiffbot) by extension 'ros'
[15.793s] DEBUG:colcon.colcon_core.package_identification:Package 'src/techdiffbot' with type 'ros.ament_python' and name 'techdiffbot'
[15.794s] Level 1:colcon.colcon_core.package_discovery:discover_packages(recursive) using defaults
[15.795s] Level 1:colcon.colcon_core.package_discovery:discover_packages(ignore) discover
[15.795s] Level 1:colcon.colcon_core.package_discovery:discover_packages(ignore) using defaults
[15.796s] Level 1:colcon.colcon_core.package_discovery:discover_packages(path) discover
[15.796s] Level 1:colcon.colcon_core.package_discovery:discover_packages(path) using defaults
[17.132s] Level 1:colcon.colcon_core.package_discovery:discover_packages(prefix_path) check parameters
[17.133s] Level 1:colcon.colcon_core.package_discovery:discover_packages(prefix_path) discover
[17.525s] DEBUG:colcon.colcon_installed_package_information.package_discovery:Found 1 installed packages in /home/jlukas/ldlidar_ros2_ws/install
[17.741s] DEBUG:colcon.colcon_installed_package_information.package_discovery:Found 319 installed packages in /opt/ros/humble
[17.765s] Level 1:colcon.colcon_core.package_discovery:discover_packages(prefix_path) using defaults
[19.439s] Level 5:colcon.colcon_core.verb:set package 'diffdrive_arduino' build argument 'cmake_args' from command line to 'None'
[19.439s] Level 5:colcon.colcon_core.verb:set package 'diffdrive_arduino' build argument 'cmake_target' from command line to 'None'
[19.440s] Level 5:colcon.colcon_core.verb:set package 'diffdrive_arduino' build argument 'cmake_target_skip_unavailable' from command line to 'False'
[19.440s] Level 5:colcon.colcon_core.verb:set package 'diffdrive_arduino' build argument 'cmake_clean_cache' from command line to 'False'
[19.440s] Level 5:colcon.colcon_core.verb:set package 'diffdrive_arduino' build argument 'cmake_clean_first' from command line to 'False'
[19.441s] Level 5:colcon.colcon_core.verb:set package 'diffdrive_arduino' build argument 'cmake_force_configure' from command line to 'False'
[19.441s] Level 5:colcon.colcon_core.verb:set package 'diffdrive_arduino' build argument 'ament_cmake_args' from command line to 'None'
[19.441s] Level 5:colcon.colcon_core.verb:set package 'diffdrive_arduino' build argument 'catkin_cmake_args' from command line to 'None'
[19.441s] Level 5:colcon.colcon_core.verb:set package 'diffdrive_arduino' build argument 'catkin_skip_building_tests' from command line to 'False'
[19.442s] DEBUG:colcon.colcon_core.verb:Building package 'diffdrive_arduino' with the following arguments: {'ament_cmake_args': None, 'build_base': '/home/jlukas/My_Project/ROS2/techdiffbot/build/diffdrive_arduino', 'catkin_cmake_args': None, 'catkin_skip_building_tests': False, 'cmake_args': None, 'cmake_clean_cache': False, 'cmake_clean_first': False, 'cmake_force_configure': False, 'cmake_target': None, 'cmake_target_skip_unavailable': False, 'install_base': '/home/jlukas/My_Project/ROS2/techdiffbot/install/diffdrive_arduino', 'merge_install': False, 'path': '/home/jlukas/My_Project/ROS2/techdiffbot/src/diffdrive_arduino', 'symlink_install': True, 'test_result_base': None}
[19.625s] Level 5:colcon.colcon_core.verb:set package 'serial' build argument 'cmake_args' from command line to 'None'
[19.626s] Level 5:colcon.colcon_core.verb:set package 'serial' build argument 'cmake_target' from command line to 'None'
[19.626s] Level 5:colcon.colcon_core.verb:set package 'serial' build argument 'cmake_target_skip_unavailable' from command line to 'False'
[19.626s] Level 5:colcon.colcon_core.verb:set package 'serial' build argument 'cmake_clean_cache' from command line to 'False'
[19.627s] Level 5:colcon.colcon_core.verb:set package 'serial' build argument 'cmake_clean_first' from command line to 'False'
[19.627s] Level 5:colcon.colcon_core.verb:set package 'serial' build argument 'cmake_force_configure' from command line to 'False'
[19.627s] Level 5:colcon.colcon_core.verb:set package 'serial' build argument 'ament_cmake_args' from command line to 'None'
[19.627s] Level 5:colcon.colcon_core.verb:set package 'serial' build argument 'catkin_cmake_args' from command line to 'None'
[19.628s] Level 5:colcon.colcon_core.verb:set package 'serial' build argument 'catkin_skip_building_tests' from command line to 'False'
[19.628s] DEBUG:colcon.colcon_core.verb:Building package 'serial' with the following arguments: {'ament_cmake_args': None, 'build_base': '/home/jlukas/My_Project/ROS2/techdiffbot/build/serial', 'catkin_cmake_args': None, 'catkin_skip_building_tests': False, 'cmake_args': None, 'cmake_clean_cache': False, 'cmake_clean_first': False, 'cmake_force_configure': False, 'cmake_target': None, 'cmake_target_skip_unavailable': False, 'install_base': '/home/jlukas/My_Project/ROS2/techdiffbot/install/serial', 'merge_install': False, 'path': '/home/jlukas/My_Project/ROS2/techdiffbot/src/serial', 'symlink_install': True, 'test_result_base': None}
[19.811s] Level 5:colcon.colcon_core.verb:set package 'techdiffbot' build argument 'cmake_args' from command line to 'None'
[19.812s] Level 5:colcon.colcon_core.verb:set package 'techdiffbot' build argument 'cmake_target' from command line to 'None'
[19.817s] Level 5:colcon.colcon_core.verb:set package 'techdiffbot' build argument 'cmake_target_skip_unavailable' from command line to 'False'
[19.817s] Level 5:colcon.colcon_core.verb:set package 'techdiffbot' build argument 'cmake_clean_cache' from command line to 'False'
[19.817s] Level 5:colcon.colcon_core.verb:set package 'techdiffbot' build argument 'cmake_clean_first' from command line to 'False'
[19.818s] Level 5:colcon.colcon_core.verb:set package 'techdiffbot' build argument 'cmake_force_configure' from command line to 'False'
[19.818s] Level 5:colcon.colcon_core.verb:set package 'techdiffbot' build argument 'ament_cmake_args' from command line to 'None'
[19.818s] Level 5:colcon.colcon_core.verb:set package 'techdiffbot' build argument 'catkin_cmake_args' from command line to 'None'
[19.819s] Level 5:colcon.colcon_core.verb:set package 'techdiffbot' build argument 'catkin_skip_building_tests' from command line to 'False'
[19.819s] DEBUG:colcon.colcon_core.verb:Building package 'techdiffbot' with the following arguments: {'ament_cmake_args': None, 'build_base': '/home/jlukas/My_Project/ROS2/techdiffbot/build/techdiffbot', 'catkin_cmake_args': None, 'catkin_skip_building_tests': False, 'cmake_args': None, 'cmake_clean_cache': False, 'cmake_clean_first': False, 'cmake_force_configure': False, 'cmake_target': None, 'cmake_target_skip_unavailable': False, 'install_base': '/home/jlukas/My_Project/ROS2/techdiffbot/install/techdiffbot', 'merge_install': False, 'path': '/home/jlukas/My_Project/ROS2/techdiffbot/src/techdiffbot', 'symlink_install': True, 'test_result_base': None}
[20.002s] INFO:colcon.colcon_core.executor:Executing jobs using 'parallel' executor
[20.190s] DEBUG:colcon.colcon_parallel_executor.executor.parallel:run_until_complete
[20.192s] INFO:colcon.colcon_ros.task.ament_cmake.build:Building ROS package in '/home/jlukas/My_Project/ROS2/techdiffbot/src/diffdrive_arduino' with build type 'ament_cmake'
[20.194s] INFO:colcon.colcon_cmake.task.cmake.build:Building CMake package in '/home/jlukas/My_Project/ROS2/techdiffbot/src/diffdrive_arduino'
[20.427s] INFO:colcon.colcon_core.plugin_system:Skipping extension 'colcon_core.shell.bat': Not used on non-Windows systems
[20.430s] INFO:colcon.colcon_core.shell:Skip shell extension 'powershell' for command environment: Not usable outside of PowerShell
[20.431s] DEBUG:colcon.colcon_core.shell:Skip shell extension 'dsv' for command environment
[21.035s] INFO:colcon.colcon_ros.task.ament_cmake.build:Building ROS package in '/home/jlukas/My_Project/ROS2/techdiffbot/src/serial' with build type 'ament_cmake'
[21.036s] INFO:colcon.colcon_cmake.task.cmake.build:Building CMake package in '/home/jlukas/My_Project/ROS2/techdiffbot/src/serial'
[21.232s] INFO:colcon.colcon_core.shell:Skip shell extension 'powershell' for command environment: Not usable outside of PowerShell
[21.232s] DEBUG:colcon.colcon_core.shell:Skip shell extension 'dsv' for command environment
[21.827s] INFO:colcon.colcon_ros.task.ament_python.build:Building ROS package in '/home/jlukas/My_Project/ROS2/techdiffbot/src/techdiffbot' with build type 'ament_python'
[21.829s] Level 1:colcon.colcon_core.shell:create_environment_hook('techdiffbot', 'ament_prefix_path')
[22.022s] INFO:colcon.colcon_core.shell:Creating environment hook '/home/jlukas/My_Project/ROS2/techdiffbot/install/techdiffbot/share/techdiffbot/hook/ament_prefix_path.ps1'
[22.033s] INFO:colcon.colcon_core.shell:Creating environment descriptor '/home/jlukas/My_Project/ROS2/techdiffbot/install/techdiffbot/share/techdiffbot/hook/ament_prefix_path.dsv'
[22.043s] INFO:colcon.colcon_core.shell:Creating environment hook '/home/jlukas/My_Project/ROS2/techdiffbot/install/techdiffbot/share/techdiffbot/hook/ament_prefix_path.sh'
[22.242s] INFO:colcon.colcon_core.shell:Skip shell extension 'powershell' for command environment: Not usable outside of PowerShell
[22.243s] DEBUG:colcon.colcon_core.shell:Skip shell extension 'dsv' for command environment
[22.882s] DEBUG:colcon.colcon_core.event_handler.log_command:Invoking command in '/home/jlukas/My_Project/ROS2/techdiffbot/build/diffdrive_arduino': CMAKE_PREFIX_PATH=${CMAKE_PREFIX_PATH}:/opt/ros/humble /usr/bin/cmake --build /home/jlukas/My_Project/ROS2/techdiffbot/build/diffdrive_arduino -- -j4 -l4
[22.943s] DEBUG:colcon.colcon_core.event_handler.log_command:Invoking command in '/home/jlukas/My_Project/ROS2/techdiffbot/build/serial': CMAKE_PREFIX_PATH=${CMAKE_PREFIX_PATH}:/opt/ros/humble /usr/bin/cmake --build /home/jlukas/My_Project/ROS2/techdiffbot/build/serial -- -j4 -l4
[26.912s] INFO:colcon.colcon_core.task.python.build:Building Python package in '/home/jlukas/My_Project/ROS2/techdiffbot/src/techdiffbot'
[27.242s] INFO:colcon.colcon_core.shell:Skip shell extension 'powershell' for command environment: Not usable outside of PowerShell
[27.243s] DEBUG:colcon.colcon_core.shell:Skip shell extension 'dsv' for command environment
[27.892s] DEBUG:colcon.colcon_core.event_handler.log_command:Invoked command in '/home/jlukas/My_Project/ROS2/techdiffbot/build/serial' returned '0': CMAKE_PREFIX_PATH=${CMAKE_PREFIX_PATH}:/opt/ros/humble /usr/bin/cmake --build /home/jlukas/My_Project/ROS2/techdiffbot/build/serial -- -j4 -l4
[28.420s] DEBUG:colcon.colcon_core.event_handler.log_command:Invoking command in '/home/jlukas/My_Project/ROS2/techdiffbot/build/serial': CMAKE_PREFIX_PATH=${CMAKE_PREFIX_PATH}:/opt/ros/humble /usr/bin/cmake --install /home/jlukas/My_Project/ROS2/techdiffbot/build/serial
[29.482s] DEBUG:colcon.colcon_core.event_handler.log_command:Invoked command in '/home/jlukas/My_Project/ROS2/techdiffbot/build/diffdrive_arduino' returned '2': CMAKE_PREFIX_PATH=${CMAKE_PREFIX_PATH}:/opt/ros/humble /usr/bin/cmake --build /home/jlukas/My_Project/ROS2/techdiffbot/build/diffdrive_arduino -- -j4 -l4
[30.086s] Level 1:colcon.colcon_core.environment:create_environment_scripts_only(diffdrive_arduino)
[30.439s] Level 1:colcon.colcon_core.environment:checking '/home/jlukas/My_Project/ROS2/techdiffbot/install/diffdrive_arduino' for CMake module files
[30.449s] Level 1:colcon.colcon_core.environment:checking '/home/jlukas/My_Project/ROS2/techdiffbot/install/diffdrive_arduino' for CMake config files
[30.457s] Level 1:colcon.colcon_core.environment:checking '/home/jlukas/My_Project/ROS2/techdiffbot/install/diffdrive_arduino/bin'
[30.458s] Level 1:colcon.colcon_core.environment:checking '/home/jlukas/My_Project/ROS2/techdiffbot/install/diffdrive_arduino/lib/pkgconfig/diffdrive_arduino.pc'
[30.462s] Level 1:colcon.colcon_core.environment:checking '/home/jlukas/My_Project/ROS2/techdiffbot/install/diffdrive_arduino/lib/python3.10/site-packages'
[30.465s] Level 1:colcon.colcon_core.environment:checking '/home/jlukas/My_Project/ROS2/techdiffbot/install/diffdrive_arduino/bin'
[30.718s] INFO:colcon.colcon_core.shell:Creating package script '/home/jlukas/My_Project/ROS2/techdiffbot/install/diffdrive_arduino/share/diffdrive_arduino/package.ps1'
[30.728s] INFO:colcon.colcon_core.shell:Creating package descriptor '/home/jlukas/My_Project/ROS2/techdiffbot/install/diffdrive_arduino/share/diffdrive_arduino/package.dsv'
[30.738s] INFO:colcon.colcon_core.shell:Creating package script '/home/jlukas/My_Project/ROS2/techdiffbot/install/diffdrive_arduino/share/diffdrive_arduino/package.sh'
[30.749s] INFO:colcon.colcon_core.shell:Creating package script '/home/jlukas/My_Project/ROS2/techdiffbot/install/diffdrive_arduino/share/diffdrive_arduino/package.bash'
[30.761s] INFO:colcon.colcon_core.shell:Creating package script '/home/jlukas/My_Project/ROS2/techdiffbot/install/diffdrive_arduino/share/diffdrive_arduino/package.zsh'
[30.771s] Level 1:colcon.colcon_core.environment:create_file_with_runtime_dependencies(/home/jlukas/My_Project/ROS2/techdiffbot/install/diffdrive_arduino/share/colcon-core/packages/diffdrive_arduino)
[34.311s] DEBUG:colcon.colcon_parallel_executor.executor.parallel:closing loop
[34.312s] DEBUG:colcon.colcon_parallel_executor.executor.parallel:loop closed
[34.313s] DEBUG:colcon.colcon_parallel_executor.executor.parallel:run_until_complete finished with '2'
[34.314s] DEBUG:colcon.colcon_core.event_reactor:joining thread
[34.607s] INFO:colcon.colcon_core.plugin_system:Skipping extension 'colcon_notification.desktop_notification.notify_send': Could not find 'notify-send'
[34.608s] INFO:colcon.colcon_core.plugin_system:Skipping extension 'colcon_notification.desktop_notification.terminal_notifier': Not used on non-Darwin systems
[34.609s] INFO:colcon.colcon_core.plugin_system:Skipping extension 'colcon_notification.desktop_notification.win32': Not used on non-Windows systems
[34.609s] INFO:colcon.colcon_notification.desktop_notification:Sending desktop notification using 'notify2'
[34.617s] DEBUG:colcon.colcon_notification.desktop_notification.notify2:Failed to initialize notify2: org.freedesktop.DBus.Error.ServiceUnknown: The name org.freedesktop.Notifications was not provided by any .service files
[34.618s] DEBUG:colcon.colcon_core.event_reactor:joined thread
[34.804s] INFO:colcon.colcon_core.shell:Creating prefix script '/home/jlukas/My_Project/ROS2/techdiffbot/install/local_setup.ps1'
[34.814s] INFO:colcon.colcon_core.shell:Creating prefix util module '/home/jlukas/My_Project/ROS2/techdiffbot/install/_local_setup_util_ps1.py'
[34.829s] INFO:colcon.colcon_core.shell:Creating prefix chain script '/home/jlukas/My_Project/ROS2/techdiffbot/install/setup.ps1'
[35.031s] INFO:colcon.colcon_core.shell:Creating prefix script '/home/jlukas/My_Project/ROS2/techdiffbot/install/local_setup.sh'
[35.045s] INFO:colcon.colcon_core.shell:Creating prefix util module '/home/jlukas/My_Project/ROS2/techdiffbot/install/_local_setup_util_sh.py'
[35.052s] INFO:colcon.colcon_core.shell:Creating prefix chain script '/home/jlukas/My_Project/ROS2/techdiffbot/install/setup.sh'
[35.246s] INFO:colcon.colcon_core.shell:Creating prefix script '/home/jlukas/My_Project/ROS2/techdiffbot/install/local_setup.bash'
[35.254s] INFO:colcon.colcon_core.shell:Creating prefix chain script '/home/jlukas/My_Project/ROS2/techdiffbot/install/setup.bash'
[35.448s] INFO:colcon.colcon_core.shell:Creating prefix script '/home/jlukas/My_Project/ROS2/techdiffbot/install/local_setup.zsh'
[35.456s] INFO:colcon.colcon_core.shell:Creating prefix chain script '/home/jlukas/My_Project/ROS2/techdiffbot/install/setup.zsh'
