[1.430s] Invoking command in '/home/jlukas/Desktop/My_Project/ROS2/techdiffbot/build/techdiffbot': PYTHONPATH=/home/jlukas/Desktop/My_Project/ROS2/techdiffbot/build/techdiffbot/prefix_override:/home/jlukas/Desktop/My_Project/ROS2/techdiffbot/install/techdiffbot/lib/python3.10/site-packages:${PYTHONPATH} /usr/bin/python3 setup.py develop --editable --build-directory /home/jlukas/Desktop/My_Project/ROS2/techdiffbot/build/techdiffbot/build --no-deps install_data
[1.887s] running develop
[2.491s] running egg_info
[2.491s] creating techdiffbot.egg-info
[2.491s] writing techdiffbot.egg-info/PKG-INFO
[2.491s] writing dependency_links to techdiffbot.egg-info/dependency_links.txt
[2.492s] writing entry points to techdiffbot.egg-info/entry_points.txt
[2.492s] writing requirements to techdiffbot.egg-info/requires.txt
[2.492s] writing top-level names to techdiffbot.egg-info/top_level.txt
[2.492s] writing manifest file 'techdiffbot.egg-info/SOURCES.txt'
[2.495s] reading manifest file 'techdiffbot.egg-info/SOURCES.txt'
[2.505s] writing manifest file 'techdiffbot.egg-info/SOURCES.txt'
[2.505s] running build_ext
[2.505s] Creating /home/jlukas/Desktop/My_Project/ROS2/techdiffbot/install/techdiffbot/lib/python3.10/site-packages/techdiffbot.egg-link (link to .)
[2.506s] 
[2.506s] Installed /home/jlukas/Desktop/My_Project/ROS2/techdiffbot/build/techdiffbot
[2.506s] running install_data
[2.507s] creating /home/jlukas/Desktop/My_Project/ROS2/techdiffbot/install/techdiffbot/share/ament_index
[2.507s] creating /home/jlukas/Desktop/My_Project/ROS2/techdiffbot/install/techdiffbot/share/ament_index/resource_index
[2.507s] creating /home/jlukas/Desktop/My_Project/ROS2/techdiffbot/install/techdiffbot/share/ament_index/resource_index/packages
[2.507s] copying resource/techdiffbot -> /home/jlukas/Desktop/My_Project/ROS2/techdiffbot/install/techdiffbot/share/ament_index/resource_index/packages
[2.507s] copying package.xml -> /home/jlukas/Desktop/My_Project/ROS2/techdiffbot/install/techdiffbot/share/techdiffbot
[2.507s] creating /home/jlukas/Desktop/My_Project/ROS2/techdiffbot/install/techdiffbot/share/techdiffbot/launch
[2.508s] copying launch/camera.launch.py -> /home/jlukas/Desktop/My_Project/ROS2/techdiffbot/install/techdiffbot/share/techdiffbot/launch
[2.508s] copying launch/gazebo.sim.launch.py -> /home/jlukas/Desktop/My_Project/ROS2/techdiffbot/install/techdiffbot/share/techdiffbot/launch
[2.508s] copying launch/lidar.launch.py -> /home/jlukas/Desktop/My_Project/ROS2/techdiffbot/install/techdiffbot/share/techdiffbot/launch
[2.508s] copying launch/joystick.steam.launch.py -> /home/jlukas/Desktop/My_Project/ROS2/techdiffbot/install/techdiffbot/share/techdiffbot/launch
[2.508s] copying launch/rsp.launch.py -> /home/jlukas/Desktop/My_Project/ROS2/techdiffbot/install/techdiffbot/share/techdiffbot/launch
[2.508s] copying launch/launch_robot.launch.py -> /home/jlukas/Desktop/My_Project/ROS2/techdiffbot/install/techdiffbot/share/techdiffbot/launch
[2.509s] copying launch/joystick.control.launch.py -> /home/jlukas/Desktop/My_Project/ROS2/techdiffbot/install/techdiffbot/share/techdiffbot/launch
[2.509s] creating /home/jlukas/Desktop/My_Project/ROS2/techdiffbot/install/techdiffbot/share/techdiffbot/urdf
[2.509s] copying urdf/ros2_control.xacro -> /home/jlukas/Desktop/My_Project/ROS2/techdiffbot/install/techdiffbot/share/techdiffbot/urdf
[2.509s] copying urdf/ros2_control_gazebo.xacro -> /home/jlukas/Desktop/My_Project/ROS2/techdiffbot/install/techdiffbot/share/techdiffbot/urdf
[2.509s] copying urdf/inertial_macros.xacro -> /home/jlukas/Desktop/My_Project/ROS2/techdiffbot/install/techdiffbot/share/techdiffbot/urdf
[2.510s] copying urdf/core.robot.xacro -> /home/jlukas/Desktop/My_Project/ROS2/techdiffbot/install/techdiffbot/share/techdiffbot/urdf
[2.510s] copying urdf/gazebo_control.xacro -> /home/jlukas/Desktop/My_Project/ROS2/techdiffbot/install/techdiffbot/share/techdiffbot/urdf
[2.510s] copying urdf/diff.robot.urdf.xacro -> /home/jlukas/Desktop/My_Project/ROS2/techdiffbot/install/techdiffbot/share/techdiffbot/urdf
[2.510s] copying urdf/real.robot.gazebo.sim.xacro -> /home/jlukas/Desktop/My_Project/ROS2/techdiffbot/install/techdiffbot/share/techdiffbot/urdf
[2.510s] creating /home/jlukas/Desktop/My_Project/ROS2/techdiffbot/install/techdiffbot/share/techdiffbot/config
[2.510s] copying config/joystick.yaml -> /home/jlukas/Desktop/My_Project/ROS2/techdiffbot/install/techdiffbot/share/techdiffbot/config
[2.510s] copying config/my_controllers.yaml -> /home/jlukas/Desktop/My_Project/ROS2/techdiffbot/install/techdiffbot/share/techdiffbot/config
[2.510s] copying config/gazebo_ros2_ctl_use_sim.yaml -> /home/jlukas/Desktop/My_Project/ROS2/techdiffbot/install/techdiffbot/share/techdiffbot/config
[2.510s] copying config/gazebo_params.yaml -> /home/jlukas/Desktop/My_Project/ROS2/techdiffbot/install/techdiffbot/share/techdiffbot/config
[2.650s] Invoked command in '/home/jlukas/Desktop/My_Project/ROS2/techdiffbot/build/techdiffbot' returned '0': PYTHONPATH=/home/jlukas/Desktop/My_Project/ROS2/techdiffbot/build/techdiffbot/prefix_override:/home/jlukas/Desktop/My_Project/ROS2/techdiffbot/install/techdiffbot/lib/python3.10/site-packages:${PYTHONPATH} /usr/bin/python3 setup.py develop --editable --build-directory /home/jlukas/Desktop/My_Project/ROS2/techdiffbot/build/techdiffbot/build --no-deps install_data
