[4.757s] Invoking command in '/home/jlukas/Desktop/My_Project/ROS2/techdiffbot/build/techdiffbot': PYTHONPATH=/home/jlukas/Desktop/My_Project/ROS2/techdiffbot/build/techdiffbot/prefix_override:/home/jlukas/Desktop/My_Project/ROS2/techdiffbot/install/techdiffbot/lib/python3.10/site-packages:${PYTHONPATH} /usr/bin/python3 -W ignore:setup.py install is deprecated setup.py develop --editable --build-directory /home/jlukas/Desktop/My_Project/ROS2/techdiffbot/build/techdiffbot/build --no-deps symlink_data
[7.112s] running develop
[9.933s] running egg_info
[9.935s] creating techdiffbot.egg-info
[9.937s] writing techdiffbot.egg-info/PKG-INFO
[9.941s] writing dependency_links to techdiffbot.egg-info/dependency_links.txt
[9.943s] writing entry points to techdiffbot.egg-info/entry_points.txt
[9.946s] writing requirements to techdiffbot.egg-info/requires.txt
[9.948s] writing top-level names to techdiffbot.egg-info/top_level.txt
[9.951s] writing manifest file 'techdiffbot.egg-info/SOURCES.txt'
[9.967s] reading manifest file 'techdiffbot.egg-info/SOURCES.txt'
[9.975s] writing manifest file 'techdiffbot.egg-info/SOURCES.txt'
[9.987s] running build_ext
[9.990s] Creating /home/jlukas/Desktop/My_Project/ROS2/techdiffbot/install/techdiffbot/lib/python3.10/site-packages/techdiffbot.egg-link (link to .)
[9.998s] 
[10.000s] Installed /home/jlukas/Desktop/My_Project/ROS2/techdiffbot/build/techdiffbot
[10.002s] running symlink_data
[10.005s] creating /home/jlukas/Desktop/My_Project/ROS2/techdiffbot/install/techdiffbot/share/ament_index
[10.008s] creating /home/jlukas/Desktop/My_Project/ROS2/techdiffbot/install/techdiffbot/share/ament_index/resource_index
[10.010s] creating /home/jlukas/Desktop/My_Project/ROS2/techdiffbot/install/techdiffbot/share/ament_index/resource_index/packages
[10.013s] symbolically linking /home/jlukas/Desktop/My_Project/ROS2/techdiffbot/build/techdiffbot/resource/techdiffbot -> /home/jlukas/Desktop/My_Project/ROS2/techdiffbot/install/techdiffbot/share/ament_index/resource_index/packages
[10.015s] symbolically linking /home/jlukas/Desktop/My_Project/ROS2/techdiffbot/build/techdiffbot/package.xml -> /home/jlukas/Desktop/My_Project/ROS2/techdiffbot/install/techdiffbot/share/techdiffbot
[10.017s] creating /home/jlukas/Desktop/My_Project/ROS2/techdiffbot/install/techdiffbot/share/techdiffbot/launch
[10.019s] symbolically linking /home/jlukas/Desktop/My_Project/ROS2/techdiffbot/build/techdiffbot/launch/rsp.launch.py -> /home/jlukas/Desktop/My_Project/ROS2/techdiffbot/install/techdiffbot/share/techdiffbot/launch
[10.022s] symbolically linking /home/jlukas/Desktop/My_Project/ROS2/techdiffbot/build/techdiffbot/launch/gazebo.sim.launch.py -> /home/jlukas/Desktop/My_Project/ROS2/techdiffbot/install/techdiffbot/share/techdiffbot/launch
[10.024s] symbolically linking /home/jlukas/Desktop/My_Project/ROS2/techdiffbot/build/techdiffbot/launch/navigation_launch.py -> /home/jlukas/Desktop/My_Project/ROS2/techdiffbot/install/techdiffbot/share/techdiffbot/launch
[10.029s] symbolically linking /home/jlukas/Desktop/My_Project/ROS2/techdiffbot/build/techdiffbot/launch/joystick.steam.launch.py -> /home/jlukas/Desktop/My_Project/ROS2/techdiffbot/install/techdiffbot/share/techdiffbot/launch
[10.032s] symbolically linking /home/jlukas/Desktop/My_Project/ROS2/techdiffbot/build/techdiffbot/launch/launch_robot.launch.py -> /home/jlukas/Desktop/My_Project/ROS2/techdiffbot/install/techdiffbot/share/techdiffbot/launch
[10.034s] symbolically linking /home/jlukas/Desktop/My_Project/ROS2/techdiffbot/build/techdiffbot/launch/camera.launch.py -> /home/jlukas/Desktop/My_Project/ROS2/techdiffbot/install/techdiffbot/share/techdiffbot/launch
[10.037s] symbolically linking /home/jlukas/Desktop/My_Project/ROS2/techdiffbot/build/techdiffbot/launch/ldlidar_slamtec.launch.py -> /home/jlukas/Desktop/My_Project/ROS2/techdiffbot/install/techdiffbot/share/techdiffbot/launch
[10.039s] symbolically linking /home/jlukas/Desktop/My_Project/ROS2/techdiffbot/build/techdiffbot/launch/joystick.control.launch.py -> /home/jlukas/Desktop/My_Project/ROS2/techdiffbot/install/techdiffbot/share/techdiffbot/launch
[10.042s] symbolically linking /home/jlukas/Desktop/My_Project/ROS2/techdiffbot/build/techdiffbot/launch/lidar.launch.py -> /home/jlukas/Desktop/My_Project/ROS2/techdiffbot/install/techdiffbot/share/techdiffbot/launch
[10.045s] symbolically linking /home/jlukas/Desktop/My_Project/ROS2/techdiffbot/build/techdiffbot/launch/ldlidar_slam.launch.py -> /home/jlukas/Desktop/My_Project/ROS2/techdiffbot/install/techdiffbot/share/techdiffbot/launch
[10.048s] creating /home/jlukas/Desktop/My_Project/ROS2/techdiffbot/install/techdiffbot/share/techdiffbot/urdf
[10.051s] symbolically linking /home/jlukas/Desktop/My_Project/ROS2/techdiffbot/build/techdiffbot/urdf/inertial_macros.xacro -> /home/jlukas/Desktop/My_Project/ROS2/techdiffbot/install/techdiffbot/share/techdiffbot/urdf
[10.056s] symbolically linking /home/jlukas/Desktop/My_Project/ROS2/techdiffbot/build/techdiffbot/urdf/gazebo_control.xacro -> /home/jlukas/Desktop/My_Project/ROS2/techdiffbot/install/techdiffbot/share/techdiffbot/urdf
[10.059s] symbolically linking /home/jlukas/Desktop/My_Project/ROS2/techdiffbot/build/techdiffbot/urdf/diff.robot.urdf.xacro -> /home/jlukas/Desktop/My_Project/ROS2/techdiffbot/install/techdiffbot/share/techdiffbot/urdf
[10.062s] symbolically linking /home/jlukas/Desktop/My_Project/ROS2/techdiffbot/build/techdiffbot/urdf/ros2_control_gazebo.xacro -> /home/jlukas/Desktop/My_Project/ROS2/techdiffbot/install/techdiffbot/share/techdiffbot/urdf
[10.065s] symbolically linking /home/jlukas/Desktop/My_Project/ROS2/techdiffbot/build/techdiffbot/urdf/real.robot.gazebo.sim.xacro -> /home/jlukas/Desktop/My_Project/ROS2/techdiffbot/install/techdiffbot/share/techdiffbot/urdf
[10.068s] symbolically linking /home/jlukas/Desktop/My_Project/ROS2/techdiffbot/build/techdiffbot/urdf/ros2_control.xacro -> /home/jlukas/Desktop/My_Project/ROS2/techdiffbot/install/techdiffbot/share/techdiffbot/urdf
[10.071s] symbolically linking /home/jlukas/Desktop/My_Project/ROS2/techdiffbot/build/techdiffbot/urdf/core.robot.xacro -> /home/jlukas/Desktop/My_Project/ROS2/techdiffbot/install/techdiffbot/share/techdiffbot/urdf
[10.074s] creating /home/jlukas/Desktop/My_Project/ROS2/techdiffbot/install/techdiffbot/share/techdiffbot/config
[10.077s] symbolically linking /home/jlukas/Desktop/My_Project/ROS2/techdiffbot/build/techdiffbot/config/lifecycle_mgr_slam.yaml -> /home/jlukas/Desktop/My_Project/ROS2/techdiffbot/install/techdiffbot/share/techdiffbot/config
[10.080s] symbolically linking /home/jlukas/Desktop/My_Project/ROS2/techdiffbot/build/techdiffbot/config/gazebo_params.yaml -> /home/jlukas/Desktop/My_Project/ROS2/techdiffbot/install/techdiffbot/share/techdiffbot/config
[10.082s] symbolically linking /home/jlukas/Desktop/My_Project/ROS2/techdiffbot/build/techdiffbot/config/slam_toolbox.yaml -> /home/jlukas/Desktop/My_Project/ROS2/techdiffbot/install/techdiffbot/share/techdiffbot/config
[10.085s] symbolically linking /home/jlukas/Desktop/My_Project/ROS2/techdiffbot/build/techdiffbot/config/gazebo_ros2_ctl_use_sim.yaml -> /home/jlukas/Desktop/My_Project/ROS2/techdiffbot/install/techdiffbot/share/techdiffbot/config
[10.087s] symbolically linking /home/jlukas/Desktop/My_Project/ROS2/techdiffbot/build/techdiffbot/config/joystick.yaml -> /home/jlukas/Desktop/My_Project/ROS2/techdiffbot/install/techdiffbot/share/techdiffbot/config
[10.090s] symbolically linking /home/jlukas/Desktop/My_Project/ROS2/techdiffbot/build/techdiffbot/config/mapper_params_online_async.yaml -> /home/jlukas/Desktop/My_Project/ROS2/techdiffbot/install/techdiffbot/share/techdiffbot/config
[10.092s] symbolically linking /home/jlukas/Desktop/My_Project/ROS2/techdiffbot/build/techdiffbot/config/twist_mux.yaml -> /home/jlukas/Desktop/My_Project/ROS2/techdiffbot/install/techdiffbot/share/techdiffbot/config
[10.094s] symbolically linking /home/jlukas/Desktop/My_Project/ROS2/techdiffbot/build/techdiffbot/config/my_controllers.yaml -> /home/jlukas/Desktop/My_Project/ROS2/techdiffbot/install/techdiffbot/share/techdiffbot/config
[10.097s] symbolically linking /home/jlukas/Desktop/My_Project/ROS2/techdiffbot/build/techdiffbot/config/nav2_params.yaml -> /home/jlukas/Desktop/My_Project/ROS2/techdiffbot/install/techdiffbot/share/techdiffbot/config
[10.100s] creating /home/jlukas/Desktop/My_Project/ROS2/techdiffbot/install/techdiffbot/share/techdiffbot/rviz2
[10.103s] symbolically linking /home/jlukas/Desktop/My_Project/ROS2/techdiffbot/build/techdiffbot/rviz2/my_maze.rviz -> /home/jlukas/Desktop/My_Project/ROS2/techdiffbot/install/techdiffbot/share/techdiffbot/rviz2
[10.105s] symbolically linking /home/jlukas/Desktop/My_Project/ROS2/techdiffbot/build/techdiffbot/rviz2/rviz2_techdiffbot_1.rviz -> /home/jlukas/Desktop/My_Project/ROS2/techdiffbot/install/techdiffbot/share/techdiffbot/rviz2
[10.108s] creating /home/jlukas/Desktop/My_Project/ROS2/techdiffbot/install/techdiffbot/share/techdiffbot/world
[10.110s] symbolically linking /home/jlukas/Desktop/My_Project/ROS2/techdiffbot/build/techdiffbot/world/slam_world -> /home/jlukas/Desktop/My_Project/ROS2/techdiffbot/install/techdiffbot/share/techdiffbot/world
[10.113s] symbolically linking /home/jlukas/Desktop/My_Project/ROS2/techdiffbot/build/techdiffbot/world/gazebo_techdiffbot_first_world -> /home/jlukas/Desktop/My_Project/ROS2/techdiffbot/install/techdiffbot/share/techdiffbot/world
[10.115s] symbolically linking /home/jlukas/Desktop/My_Project/ROS2/techdiffbot/build/techdiffbot/world/new_slam_map -> /home/jlukas/Desktop/My_Project/ROS2/techdiffbot/install/techdiffbot/share/techdiffbot/world
[10.117s] symbolically linking /home/jlukas/Desktop/My_Project/ROS2/techdiffbot/build/techdiffbot/world/my_maze -> /home/jlukas/Desktop/My_Project/ROS2/techdiffbot/install/techdiffbot/share/techdiffbot/world
[10.119s] symbolically linking /home/jlukas/Desktop/My_Project/ROS2/techdiffbot/build/techdiffbot/world/my_map -> /home/jlukas/Desktop/My_Project/ROS2/techdiffbot/install/techdiffbot/share/techdiffbot/world
[10.348s] Invoked command in '/home/jlukas/Desktop/My_Project/ROS2/techdiffbot/build/techdiffbot' returned '0': PYTHONPATH=/home/jlukas/Desktop/My_Project/ROS2/techdiffbot/build/techdiffbot/prefix_override:/home/jlukas/Desktop/My_Project/ROS2/techdiffbot/install/techdiffbot/lib/python3.10/site-packages:${PYTHONPATH} /usr/bin/python3 -W ignore:setup.py install is deprecated setup.py develop --editable --build-directory /home/jlukas/Desktop/My_Project/ROS2/techdiffbot/build/techdiffbot/build --no-deps symlink_data
