[1.120s] Invoking command in '/home/jlukas/Desktop/My_Project/ROS2/ros2_diff_nav2_slam/src/ros2_diff_nav2_slam': PYTHONPATH=/home/jlukas/Desktop/My_Project/ROS2/ros2_diff_nav2_slam/build/ros2_diff_nav2_slam/prefix_override:/home/jlukas/Desktop/My_Project/ROS2/ros2_diff_nav2_slam/install/ros2_diff_nav2_slam/lib/python3.10/site-packages:${PYTHONPATH} /usr/bin/python3 setup.py egg_info --egg-base ../../build/ros2_diff_nav2_slam build --build-base /home/jlukas/Desktop/My_Project/ROS2/ros2_diff_nav2_slam/build/ros2_diff_nav2_slam/build install --record /home/jlukas/Desktop/My_Project/ROS2/ros2_diff_nav2_slam/build/ros2_diff_nav2_slam/install.log --single-version-externally-managed
[1.322s] running egg_info
[1.323s] writing ../../build/ros2_diff_nav2_slam/ros2_diff_nav2_slam.egg-info/PKG-INFO
[1.324s] writing dependency_links to ../../build/ros2_diff_nav2_slam/ros2_diff_nav2_slam.egg-info/dependency_links.txt
[1.324s] writing entry points to ../../build/ros2_diff_nav2_slam/ros2_diff_nav2_slam.egg-info/entry_points.txt
[1.324s] writing requirements to ../../build/ros2_diff_nav2_slam/ros2_diff_nav2_slam.egg-info/requires.txt
[1.324s] writing top-level names to ../../build/ros2_diff_nav2_slam/ros2_diff_nav2_slam.egg-info/top_level.txt
[1.327s] reading manifest file '../../build/ros2_diff_nav2_slam/ros2_diff_nav2_slam.egg-info/SOURCES.txt'
[1.328s] writing manifest file '../../build/ros2_diff_nav2_slam/ros2_diff_nav2_slam.egg-info/SOURCES.txt'
[1.328s] running build
[1.328s] running build_py
[1.328s] running install
[1.329s] /usr/lib/python3/dist-packages/setuptools/command/install.py:34: SetuptoolsDeprecationWarning: setup.py install is deprecated. Use build and pip and other standards-based tools.
[1.329s]   warnings.warn(
[1.330s] running install_lib
[1.330s] running install_data
[1.331s] copying launch/joystick.launch.py -> /home/jlukas/Desktop/My_Project/ROS2/ros2_diff_nav2_slam/install/ros2_diff_nav2_slam/share/ros2_diff_nav2_slam/launch
[1.331s] running install_egg_info
[1.335s] removing '/home/jlukas/Desktop/My_Project/ROS2/ros2_diff_nav2_slam/install/ros2_diff_nav2_slam/lib/python3.10/site-packages/ros2_diff_nav2_slam-0.0.0-py3.10.egg-info' (and everything under it)
[1.335s] Copying ../../build/ros2_diff_nav2_slam/ros2_diff_nav2_slam.egg-info to /home/jlukas/Desktop/My_Project/ROS2/ros2_diff_nav2_slam/install/ros2_diff_nav2_slam/lib/python3.10/site-packages/ros2_diff_nav2_slam-0.0.0-py3.10.egg-info
[1.340s] running install_scripts
[1.364s] writing list of installed files to '/home/jlukas/Desktop/My_Project/ROS2/ros2_diff_nav2_slam/build/ros2_diff_nav2_slam/install.log'
[1.401s] Invoked command in '/home/jlukas/Desktop/My_Project/ROS2/ros2_diff_nav2_slam/src/ros2_diff_nav2_slam' returned '0': PYTHONPATH=/home/jlukas/Desktop/My_Project/ROS2/ros2_diff_nav2_slam/build/ros2_diff_nav2_slam/prefix_override:/home/jlukas/Desktop/My_Project/ROS2/ros2_diff_nav2_slam/install/ros2_diff_nav2_slam/lib/python3.10/site-packages:${PYTHONPATH} /usr/bin/python3 setup.py egg_info --egg-base ../../build/ros2_diff_nav2_slam build --build-base /home/jlukas/Desktop/My_Project/ROS2/ros2_diff_nav2_slam/build/ros2_diff_nav2_slam/build install --record /home/jlukas/Desktop/My_Project/ROS2/ros2_diff_nav2_slam/build/ros2_diff_nav2_slam/install.log --single-version-externally-managed
