[1.561s] Invoking command in '/home/jlukas/Desktop/My_Project/ROS2/techdiffbot/src/techdiffbot': PYTHONPATH=/home/jlukas/Desktop/My_Project/ROS2/techdiffbot/build/techdiffbot/prefix_override:/home/jlukas/Desktop/My_Project/ROS2/techdiffbot/install/techdiffbot/lib/python3.10/site-packages:${PYTHONPATH} /usr/bin/python3 setup.py egg_info --egg-base ../../build/techdiffbot build --build-base /home/jlukas/Desktop/My_Project/ROS2/techdiffbot/build/techdiffbot/build install --record /home/jlukas/Desktop/My_Project/ROS2/techdiffbot/build/techdiffbot/install.log --single-version-externally-managed
[1.815s] running egg_info
[1.815s] writing ../../build/techdiffbot/techdiffbot.egg-info/PKG-INFO
[1.816s] writing dependency_links to ../../build/techdiffbot/techdiffbot.egg-info/dependency_links.txt
[1.816s] writing entry points to ../../build/techdiffbot/techdiffbot.egg-info/entry_points.txt
[1.817s] writing requirements to ../../build/techdiffbot/techdiffbot.egg-info/requires.txt
[1.817s] writing top-level names to ../../build/techdiffbot/techdiffbot.egg-info/top_level.txt
[1.819s] reading manifest file '../../build/techdiffbot/techdiffbot.egg-info/SOURCES.txt'
[1.821s] writing manifest file '../../build/techdiffbot/techdiffbot.egg-info/SOURCES.txt'
[1.821s] running build
[1.821s] running build_py
[1.822s] running install
[1.822s] running install_lib
[1.824s] running install_data
[1.826s] copying urdf/core.robot.xacro -> /home/jlukas/Desktop/My_Project/ROS2/techdiffbot/install/techdiffbot/share/techdiffbot/urdf
[1.828s] running install_egg_info
[1.831s] removing '/home/jlukas/Desktop/My_Project/ROS2/techdiffbot/install/techdiffbot/lib/python3.10/site-packages/techdiffbot-0.0.0-py3.10.egg-info' (and everything under it)
[1.832s] Copying ../../build/techdiffbot/techdiffbot.egg-info to /home/jlukas/Desktop/My_Project/ROS2/techdiffbot/install/techdiffbot/lib/python3.10/site-packages/techdiffbot-0.0.0-py3.10.egg-info
[1.833s] running install_scripts
[1.856s] writing list of installed files to '/home/jlukas/Desktop/My_Project/ROS2/techdiffbot/build/techdiffbot/install.log'
[1.886s] Invoked command in '/home/jlukas/Desktop/My_Project/ROS2/techdiffbot/src/techdiffbot' returned '0': PYTHONPATH=/home/jlukas/Desktop/My_Project/ROS2/techdiffbot/build/techdiffbot/prefix_override:/home/jlukas/Desktop/My_Project/ROS2/techdiffbot/install/techdiffbot/lib/python3.10/site-packages:${PYTHONPATH} /usr/bin/python3 setup.py egg_info --egg-base ../../build/techdiffbot build --build-base /home/jlukas/Desktop/My_Project/ROS2/techdiffbot/build/techdiffbot/build install --record /home/jlukas/Desktop/My_Project/ROS2/techdiffbot/build/techdiffbot/install.log --single-version-externally-managed
