[10.741s] DEBUG:colcon:Command line arguments: ['/usr/bin/colcon', 'build']
[10.741s] DEBUG:colcon:Parsed command line arguments: Namespace(log_base=None, log_level=None, verb_name='build', build_base='build', install_base='install', merge_install=False, symlink_install=False, test_result_base=None, continue_on_error=False, executor='parallel', parallel_workers=4, event_handlers=None, ignore_user_meta=False, metas=['./colcon.meta'], base_paths=['.'], packages_ignore=None, packages_ignore_regex=None, paths=None, packages_up_to=None, packages_up_to_regex=None, packages_above=None, packages_above_and_dependencies=None, packages_above_depth=None, packages_select_by_dep=None, packages_skip_by_dep=None, packages_skip_up_to=None, packages_select_build_failed=False, packages_skip_build_finished=False, packages_select_test_failures=False, packages_skip_test_passed=False, packages_select=None, packages_skip=None, packages_select_regex=None, packages_skip_regex=None, packages_start=None, packages_end=None, allow_overriding=[], cmake_args=None, cmake_target=None, cmake_target_skip_unavailable=False, cmake_clean_cache=False, cmake_clean_first=False, cmake_force_configure=False, ament_cmake_args=None, catkin_cmake_args=None, catkin_skip_building_tests=False, verb_parser=<colcon_defaults.argument_parser.defaults.DefaultArgumentsDecorator object at 0xffffb86b96c0>, verb_extension=<colcon_core.verb.build.BuildVerb object at 0xffffb8668d90>, main=<bound method BuildVerb.main of <colcon_core.verb.build.BuildVerb object at 0xffffb8668d90>>)
[11.249s] Level 1:colcon.colcon_core.package_discovery:discover_packages(colcon_meta) check parameters
[11.250s] Level 1:colcon.colcon_core.package_discovery:discover_packages(recursive) check parameters
[11.251s] Level 1:colcon.colcon_core.package_discovery:discover_packages(ignore) check parameters
[11.251s] Level 1:colcon.colcon_core.package_discovery:discover_packages(path) check parameters
[11.251s] Level 1:colcon.colcon_core.package_discovery:discover_packages(colcon_meta) discover
[11.252s] Level 1:colcon.colcon_core.package_discovery:discover_packages(recursive) discover
[11.252s] INFO:colcon.colcon_core.package_discovery:Crawling recursively for packages in '/home/jlukas/My_Project/ROS2/ros2_rpi_motor'
[11.253s] Level 1:colcon.colcon_core.package_identification:_identify(.) by extensions ['ignore', 'ignore_ament_install']
[11.254s] Level 1:colcon.colcon_core.package_identification:_identify(.) by extension 'ignore'
[11.255s] Level 1:colcon.colcon_core.package_identification:_identify(.) by extension 'ignore_ament_install'
[11.256s] Level 1:colcon.colcon_core.package_identification:_identify(.) by extensions ['colcon_pkg']
[11.256s] Level 1:colcon.colcon_core.package_identification:_identify(.) by extension 'colcon_pkg'
[11.256s] Level 1:colcon.colcon_core.package_identification:_identify(.) by extensions ['colcon_meta']
[11.257s] Level 1:colcon.colcon_core.package_identification:_identify(.) by extension 'colcon_meta'
[11.257s] Level 1:colcon.colcon_core.package_identification:_identify(.) by extensions ['ros']
[11.258s] Level 1:colcon.colcon_core.package_identification:_identify(.) by extension 'ros'
[11.374s] Level 1:colcon.colcon_core.package_identification:_identify(.) by extensions ['cmake', 'python']
[11.375s] Level 1:colcon.colcon_core.package_identification:_identify(.) by extension 'cmake'
[11.375s] Level 1:colcon.colcon_core.package_identification:_identify(.) by extension 'python'
[11.376s] Level 1:colcon.colcon_core.package_identification:_identify(.) by extensions ['python_setup_py']
[11.376s] Level 1:colcon.colcon_core.package_identification:_identify(.) by extension 'python_setup_py'
[11.378s] Level 1:colcon.colcon_core.package_identification:_identify(build) by extensions ['ignore', 'ignore_ament_install']
[11.378s] Level 1:colcon.colcon_core.package_identification:_identify(build) by extension 'ignore'
[11.379s] Level 1:colcon.colcon_core.package_identification:_identify(build) ignored
[11.380s] Level 1:colcon.colcon_core.package_identification:_identify(install) by extensions ['ignore', 'ignore_ament_install']
[11.381s] Level 1:colcon.colcon_core.package_identification:_identify(install) by extension 'ignore'
[11.382s] Level 1:colcon.colcon_core.package_identification:_identify(install) ignored
[11.383s] Level 1:colcon.colcon_core.package_identification:_identify(log) by extensions ['ignore', 'ignore_ament_install']
[11.384s] Level 1:colcon.colcon_core.package_identification:_identify(log) by extension 'ignore'
[11.385s] Level 1:colcon.colcon_core.package_identification:_identify(log) ignored
[11.386s] Level 1:colcon.colcon_core.package_identification:_identify(src) by extensions ['ignore', 'ignore_ament_install']
[11.386s] Level 1:colcon.colcon_core.package_identification:_identify(src) by extension 'ignore'
[11.387s] Level 1:colcon.colcon_core.package_identification:_identify(src) by extension 'ignore_ament_install'
[11.388s] Level 1:colcon.colcon_core.package_identification:_identify(src) by extensions ['colcon_pkg']
[11.388s] Level 1:colcon.colcon_core.package_identification:_identify(src) by extension 'colcon_pkg'
[11.389s] Level 1:colcon.colcon_core.package_identification:_identify(src) by extensions ['colcon_meta']
[11.389s] Level 1:colcon.colcon_core.package_identification:_identify(src) by extension 'colcon_meta'
[11.389s] Level 1:colcon.colcon_core.package_identification:_identify(src) by extensions ['ros']
[11.390s] Level 1:colcon.colcon_core.package_identification:_identify(src) by extension 'ros'
[11.391s] Level 1:colcon.colcon_core.package_identification:_identify(src) by extensions ['cmake', 'python']
[11.391s] Level 1:colcon.colcon_core.package_identification:_identify(src) by extension 'cmake'
[11.392s] Level 1:colcon.colcon_core.package_identification:_identify(src) by extension 'python'
[11.392s] Level 1:colcon.colcon_core.package_identification:_identify(src) by extensions ['python_setup_py']
[11.392s] Level 1:colcon.colcon_core.package_identification:_identify(src) by extension 'python_setup_py'
[11.394s] Level 1:colcon.colcon_core.package_identification:_identify(src/ros2_rpi_motor) by extensions ['ignore', 'ignore_ament_install']
[11.395s] Level 1:colcon.colcon_core.package_identification:_identify(src/ros2_rpi_motor) by extension 'ignore'
[11.395s] Level 1:colcon.colcon_core.package_identification:_identify(src/ros2_rpi_motor) by extension 'ignore_ament_install'
[11.396s] Level 1:colcon.colcon_core.package_identification:_identify(src/ros2_rpi_motor) by extensions ['colcon_pkg']
[11.396s] Level 1:colcon.colcon_core.package_identification:_identify(src/ros2_rpi_motor) by extension 'colcon_pkg'
[11.397s] Level 1:colcon.colcon_core.package_identification:_identify(src/ros2_rpi_motor) by extensions ['colcon_meta']
[11.397s] Level 1:colcon.colcon_core.package_identification:_identify(src/ros2_rpi_motor) by extension 'colcon_meta'
[11.398s] Level 1:colcon.colcon_core.package_identification:_identify(src/ros2_rpi_motor) by extensions ['ros']
[11.398s] Level 1:colcon.colcon_core.package_identification:_identify(src/ros2_rpi_motor) by extension 'ros'
[11.429s] DEBUG:colcon.colcon_core.package_identification:Package 'src/ros2_rpi_motor' with type 'ros.ament_python' and name 'ros2_rpi_motor'
[11.430s] Level 1:colcon.colcon_core.package_discovery:discover_packages(recursive) using defaults
[11.430s] Level 1:colcon.colcon_core.package_discovery:discover_packages(ignore) discover
[11.431s] Level 1:colcon.colcon_core.package_discovery:discover_packages(ignore) using defaults
[11.431s] Level 1:colcon.colcon_core.package_discovery:discover_packages(path) discover
[11.431s] Level 1:colcon.colcon_core.package_discovery:discover_packages(path) using defaults
[12.388s] Level 1:colcon.colcon_core.package_discovery:discover_packages(prefix_path) check parameters
[12.389s] Level 1:colcon.colcon_core.package_discovery:discover_packages(prefix_path) discover
[12.549s] WARNING:colcon.colcon_ros.prefix_path.ament:The path '/home/jlukas/My_Project/ROS2/ros2_rpi_motor/install/ros2_rpi_motor' in the environment variable AMENT_PREFIX_PATH doesn't exist
[12.707s] DEBUG:colcon.colcon_installed_package_information.package_discovery:Found 0 installed packages in /home/jlukas/My_Project/ROS2/ros2_rpi_motor/install
[12.873s] DEBUG:colcon.colcon_installed_package_information.package_discovery:Found 180 installed packages in /opt/ros/humble
[12.885s] Level 1:colcon.colcon_core.package_discovery:discover_packages(prefix_path) using defaults
[13.696s] Level 5:colcon.colcon_core.verb:set package 'ros2_rpi_motor' build argument 'cmake_args' from command line to 'None'
[13.696s] Level 5:colcon.colcon_core.verb:set package 'ros2_rpi_motor' build argument 'cmake_target' from command line to 'None'
[13.697s] Level 5:colcon.colcon_core.verb:set package 'ros2_rpi_motor' build argument 'cmake_target_skip_unavailable' from command line to 'False'
[13.697s] Level 5:colcon.colcon_core.verb:set package 'ros2_rpi_motor' build argument 'cmake_clean_cache' from command line to 'False'
[13.697s] Level 5:colcon.colcon_core.verb:set package 'ros2_rpi_motor' build argument 'cmake_clean_first' from command line to 'False'
[13.698s] Level 5:colcon.colcon_core.verb:set package 'ros2_rpi_motor' build argument 'cmake_force_configure' from command line to 'False'
[13.698s] Level 5:colcon.colcon_core.verb:set package 'ros2_rpi_motor' build argument 'ament_cmake_args' from command line to 'None'
[13.698s] Level 5:colcon.colcon_core.verb:set package 'ros2_rpi_motor' build argument 'catkin_cmake_args' from command line to 'None'
[13.698s] Level 5:colcon.colcon_core.verb:set package 'ros2_rpi_motor' build argument 'catkin_skip_building_tests' from command line to 'False'
[13.699s] DEBUG:colcon.colcon_core.verb:Building package 'ros2_rpi_motor' with the following arguments: {'ament_cmake_args': None, 'build_base': '/home/jlukas/My_Project/ROS2/ros2_rpi_motor/build/ros2_rpi_motor', 'catkin_cmake_args': None, 'catkin_skip_building_tests': False, 'cmake_args': None, 'cmake_clean_cache': False, 'cmake_clean_first': False, 'cmake_force_configure': False, 'cmake_target': None, 'cmake_target_skip_unavailable': False, 'install_base': '/home/jlukas/My_Project/ROS2/ros2_rpi_motor/install/ros2_rpi_motor', 'merge_install': False, 'path': '/home/jlukas/My_Project/ROS2/ros2_rpi_motor/src/ros2_rpi_motor', 'symlink_install': False, 'test_result_base': None}
[13.850s] INFO:colcon.colcon_core.executor:Executing jobs using 'parallel' executor
[14.009s] DEBUG:colcon.colcon_parallel_executor.executor.parallel:run_until_complete
[14.010s] INFO:colcon.colcon_ros.task.ament_python.build:Building ROS package in '/home/jlukas/My_Project/ROS2/ros2_rpi_motor/src/ros2_rpi_motor' with build type 'ament_python'
[14.012s] Level 1:colcon.colcon_core.shell:create_environment_hook('ros2_rpi_motor', 'ament_prefix_path')
[14.187s] INFO:colcon.colcon_core.plugin_system:Skipping extension 'colcon_core.shell.bat': Not used on non-Windows systems
[14.189s] INFO:colcon.colcon_core.shell:Creating environment hook '/home/jlukas/My_Project/ROS2/ros2_rpi_motor/install/ros2_rpi_motor/share/ros2_rpi_motor/hook/ament_prefix_path.ps1'
[14.196s] INFO:colcon.colcon_core.shell:Creating environment descriptor '/home/jlukas/My_Project/ROS2/ros2_rpi_motor/install/ros2_rpi_motor/share/ros2_rpi_motor/hook/ament_prefix_path.dsv'
[14.200s] INFO:colcon.colcon_core.shell:Creating environment hook '/home/jlukas/My_Project/ROS2/ros2_rpi_motor/install/ros2_rpi_motor/share/ros2_rpi_motor/hook/ament_prefix_path.sh'
[14.365s] INFO:colcon.colcon_core.shell:Skip shell extension 'powershell' for command environment: Not usable outside of PowerShell
[14.365s] DEBUG:colcon.colcon_core.shell:Skip shell extension 'dsv' for command environment
[17.672s] INFO:colcon.colcon_core.task.python.build:Building Python package in '/home/jlukas/My_Project/ROS2/ros2_rpi_motor/src/ros2_rpi_motor'
[17.833s] INFO:colcon.colcon_core.shell:Skip shell extension 'powershell' for command environment: Not usable outside of PowerShell
[17.834s] DEBUG:colcon.colcon_core.shell:Skip shell extension 'dsv' for command environment
[22.177s] DEBUG:colcon.colcon_core.event_handler.log_command:Invoking command in '/home/jlukas/My_Project/ROS2/ros2_rpi_motor/src/ros2_rpi_motor': PYTHONPATH=/home/jlukas/My_Project/ROS2/ros2_rpi_motor/build/ros2_rpi_motor/prefix_override:/home/jlukas/My_Project/ROS2/ros2_rpi_motor/install/ros2_rpi_motor/lib/python3.10/site-packages:${PYTHONPATH} /usr/bin/python3 setup.py egg_info --egg-base ../../build/ros2_rpi_motor build --build-base /home/jlukas/My_Project/ROS2/ros2_rpi_motor/build/ros2_rpi_motor/build install --record /home/jlukas/My_Project/ROS2/ros2_rpi_motor/build/ros2_rpi_motor/install.log --single-version-externally-managed
[25.397s] DEBUG:colcon.colcon_core.event_handler.log_command:Invoked command in '/home/jlukas/My_Project/ROS2/ros2_rpi_motor/src/ros2_rpi_motor' returned '0': PYTHONPATH=/home/jlukas/My_Project/ROS2/ros2_rpi_motor/build/ros2_rpi_motor/prefix_override:/home/jlukas/My_Project/ROS2/ros2_rpi_motor/install/ros2_rpi_motor/lib/python3.10/site-packages:${PYTHONPATH} /usr/bin/python3 setup.py egg_info --egg-base ../../build/ros2_rpi_motor build --build-base /home/jlukas/My_Project/ROS2/ros2_rpi_motor/build/ros2_rpi_motor/build install --record /home/jlukas/My_Project/ROS2/ros2_rpi_motor/build/ros2_rpi_motor/install.log --single-version-externally-managed
[25.583s] Level 1:colcon.colcon_core.environment:checking '/home/jlukas/My_Project/ROS2/ros2_rpi_motor/install/ros2_rpi_motor' for CMake module files
[25.588s] Level 1:colcon.colcon_core.environment:checking '/home/jlukas/My_Project/ROS2/ros2_rpi_motor/install/ros2_rpi_motor' for CMake config files
[25.598s] Level 1:colcon.colcon_core.environment:checking '/home/jlukas/My_Project/ROS2/ros2_rpi_motor/install/ros2_rpi_motor/lib'
[25.600s] Level 1:colcon.colcon_core.environment:checking '/home/jlukas/My_Project/ROS2/ros2_rpi_motor/install/ros2_rpi_motor/bin'
[25.601s] Level 1:colcon.colcon_core.environment:checking '/home/jlukas/My_Project/ROS2/ros2_rpi_motor/install/ros2_rpi_motor/lib/pkgconfig/ros2_rpi_motor.pc'
[25.604s] Level 1:colcon.colcon_core.environment:checking '/home/jlukas/My_Project/ROS2/ros2_rpi_motor/install/ros2_rpi_motor/lib/python3.10/site-packages'
[25.605s] Level 1:colcon.colcon_core.shell:create_environment_hook('ros2_rpi_motor', 'pythonpath')
[25.762s] INFO:colcon.colcon_core.shell:Creating environment hook '/home/jlukas/My_Project/ROS2/ros2_rpi_motor/install/ros2_rpi_motor/share/ros2_rpi_motor/hook/pythonpath.ps1'
[25.765s] INFO:colcon.colcon_core.shell:Creating environment descriptor '/home/jlukas/My_Project/ROS2/ros2_rpi_motor/install/ros2_rpi_motor/share/ros2_rpi_motor/hook/pythonpath.dsv'
[25.769s] INFO:colcon.colcon_core.shell:Creating environment hook '/home/jlukas/My_Project/ROS2/ros2_rpi_motor/install/ros2_rpi_motor/share/ros2_rpi_motor/hook/pythonpath.sh'
[25.774s] Level 1:colcon.colcon_core.environment:checking '/home/jlukas/My_Project/ROS2/ros2_rpi_motor/install/ros2_rpi_motor/bin'
[25.775s] Level 1:colcon.colcon_core.environment:create_environment_scripts_only(ros2_rpi_motor)
[25.935s] INFO:colcon.colcon_core.shell:Creating package script '/home/jlukas/My_Project/ROS2/ros2_rpi_motor/install/ros2_rpi_motor/share/ros2_rpi_motor/package.ps1'
[25.955s] INFO:colcon.colcon_core.shell:Creating package descriptor '/home/jlukas/My_Project/ROS2/ros2_rpi_motor/install/ros2_rpi_motor/share/ros2_rpi_motor/package.dsv'
[25.964s] INFO:colcon.colcon_core.shell:Creating package script '/home/jlukas/My_Project/ROS2/ros2_rpi_motor/install/ros2_rpi_motor/share/ros2_rpi_motor/package.sh'
[25.973s] INFO:colcon.colcon_core.shell:Creating package script '/home/jlukas/My_Project/ROS2/ros2_rpi_motor/install/ros2_rpi_motor/share/ros2_rpi_motor/package.bash'
[25.980s] INFO:colcon.colcon_core.shell:Creating package script '/home/jlukas/My_Project/ROS2/ros2_rpi_motor/install/ros2_rpi_motor/share/ros2_rpi_motor/package.zsh'
[25.987s] Level 1:colcon.colcon_core.environment:create_file_with_runtime_dependencies(/home/jlukas/My_Project/ROS2/ros2_rpi_motor/install/ros2_rpi_motor/share/colcon-core/packages/ros2_rpi_motor)
[25.990s] DEBUG:colcon.colcon_parallel_executor.executor.parallel:closing loop
[25.993s] DEBUG:colcon.colcon_parallel_executor.executor.parallel:loop closed
[25.994s] DEBUG:colcon.colcon_parallel_executor.executor.parallel:run_until_complete finished with '0'
[25.995s] DEBUG:colcon.colcon_core.event_reactor:joining thread
[26.196s] INFO:colcon.colcon_core.plugin_system:Skipping extension 'colcon_notification.desktop_notification.notify_send': Could not find 'notify-send'
[26.197s] INFO:colcon.colcon_core.plugin_system:Skipping extension 'colcon_notification.desktop_notification.terminal_notifier': Not used on non-Darwin systems
[26.197s] INFO:colcon.colcon_core.plugin_system:Skipping extension 'colcon_notification.desktop_notification.win32': Not used on non-Windows systems
[26.198s] INFO:colcon.colcon_notification.desktop_notification:Sending desktop notification using 'notify2'
[26.204s] DEBUG:colcon.colcon_notification.desktop_notification.notify2:Failed to initialize notify2: org.freedesktop.DBus.Error.ServiceUnknown: The name org.freedesktop.Notifications was not provided by any .service files
[26.205s] DEBUG:colcon.colcon_core.event_reactor:joined thread
[26.363s] INFO:colcon.colcon_core.shell:Creating prefix script '/home/jlukas/My_Project/ROS2/ros2_rpi_motor/install/local_setup.ps1'
[26.371s] INFO:colcon.colcon_core.shell:Creating prefix util module '/home/jlukas/My_Project/ROS2/ros2_rpi_motor/install/_local_setup_util_ps1.py'
[26.385s] INFO:colcon.colcon_core.shell:Creating prefix chain script '/home/jlukas/My_Project/ROS2/ros2_rpi_motor/install/setup.ps1'
[26.547s] INFO:colcon.colcon_core.shell:Creating prefix script '/home/jlukas/My_Project/ROS2/ros2_rpi_motor/install/local_setup.sh'
[26.552s] INFO:colcon.colcon_core.shell:Creating prefix util module '/home/jlukas/My_Project/ROS2/ros2_rpi_motor/install/_local_setup_util_sh.py'
[26.557s] INFO:colcon.colcon_core.shell:Creating prefix chain script '/home/jlukas/My_Project/ROS2/ros2_rpi_motor/install/setup.sh'
[26.719s] INFO:colcon.colcon_core.shell:Creating prefix script '/home/jlukas/My_Project/ROS2/ros2_rpi_motor/install/local_setup.bash'
[26.724s] INFO:colcon.colcon_core.shell:Creating prefix chain script '/home/jlukas/My_Project/ROS2/ros2_rpi_motor/install/setup.bash'
[26.886s] INFO:colcon.colcon_core.shell:Creating prefix script '/home/jlukas/My_Project/ROS2/ros2_rpi_motor/install/local_setup.zsh'
[26.890s] INFO:colcon.colcon_core.shell:Creating prefix chain script '/home/jlukas/My_Project/ROS2/ros2_rpi_motor/install/setup.zsh'
