[0.908s] Invoking command in '/home/jlukas/Desktop/My_Project/ROS2/rover/src/rover': PYTHONPATH=/home/jlukas/Desktop/My_Project/ROS2/rover/build/rover/prefix_override:/home/jlukas/Desktop/My_Project/ROS2/rover/install/rover/lib/python3.10/site-packages:${PYTHONPATH} /usr/bin/python3 setup.py egg_info --egg-base ../../build/rover build --build-base /home/jlukas/Desktop/My_Project/ROS2/rover/build/rover/build install --record /home/jlukas/Desktop/My_Project/ROS2/rover/build/rover/install.log --single-version-externally-managed
[1.250s] running egg_info
[1.251s] creating ../../build/rover/rover.egg-info
[1.253s] writing ../../build/rover/rover.egg-info/PKG-INFO
[1.253s] writing dependency_links to ../../build/rover/rover.egg-info/dependency_links.txt
[1.253s] writing entry points to ../../build/rover/rover.egg-info/entry_points.txt
[1.253s] writing requirements to ../../build/rover/rover.egg-info/requires.txt
[1.253s] writing top-level names to ../../build/rover/rover.egg-info/top_level.txt
[1.253s] writing manifest file '../../build/rover/rover.egg-info/SOURCES.txt'
[1.254s] reading manifest file '../../build/rover/rover.egg-info/SOURCES.txt'
[1.255s] writing manifest file '../../build/rover/rover.egg-info/SOURCES.txt'
[1.255s] running build
[1.255s] running build_py
[1.256s] creating /home/jlukas/Desktop/My_Project/ROS2/rover/build/rover/build
[1.256s] creating /home/jlukas/Desktop/My_Project/ROS2/rover/build/rover/build/lib
[1.256s] creating /home/jlukas/Desktop/My_Project/ROS2/rover/build/rover/build/lib/rover
[1.256s] copying rover/lidar_obstacle_diff.py -> /home/jlukas/Desktop/My_Project/ROS2/rover/build/rover/build/lib/rover
[1.257s] copying rover/__init__.py -> /home/jlukas/Desktop/My_Project/ROS2/rover/build/rover/build/lib/rover
[1.257s] copying rover/lidar_obstacle_avoidance_region_split.py -> /home/jlukas/Desktop/My_Project/ROS2/rover/build/rover/build/lib/rover
[1.257s] running install
[1.274s] /usr/lib/python3/dist-packages/setuptools/command/install.py:34: SetuptoolsDeprecationWarning: setup.py install is deprecated. Use build and pip and other standards-based tools.
[1.274s]   warnings.warn(
[1.275s] running install_lib
[1.276s] creating /home/jlukas/Desktop/My_Project/ROS2/rover/install/rover/lib/python3.10/site-packages/rover
[1.277s] copying /home/jlukas/Desktop/My_Project/ROS2/rover/build/rover/build/lib/rover/lidar_obstacle_diff.py -> /home/jlukas/Desktop/My_Project/ROS2/rover/install/rover/lib/python3.10/site-packages/rover
[1.277s] copying /home/jlukas/Desktop/My_Project/ROS2/rover/build/rover/build/lib/rover/__init__.py -> /home/jlukas/Desktop/My_Project/ROS2/rover/install/rover/lib/python3.10/site-packages/rover
[1.278s] copying /home/jlukas/Desktop/My_Project/ROS2/rover/build/rover/build/lib/rover/lidar_obstacle_avoidance_region_split.py -> /home/jlukas/Desktop/My_Project/ROS2/rover/install/rover/lib/python3.10/site-packages/rover
[1.278s] byte-compiling /home/jlukas/Desktop/My_Project/ROS2/rover/install/rover/lib/python3.10/site-packages/rover/lidar_obstacle_diff.py to lidar_obstacle_diff.cpython-310.pyc
[1.279s] byte-compiling /home/jlukas/Desktop/My_Project/ROS2/rover/install/rover/lib/python3.10/site-packages/rover/__init__.py to __init__.cpython-310.pyc
[1.279s] byte-compiling /home/jlukas/Desktop/My_Project/ROS2/rover/install/rover/lib/python3.10/site-packages/rover/lidar_obstacle_avoidance_region_split.py to lidar_obstacle_avoidance_region_split.cpython-310.pyc
[1.281s] running install_data
[1.282s] creating /home/jlukas/Desktop/My_Project/ROS2/rover/install/rover/share/ament_index
[1.282s] creating /home/jlukas/Desktop/My_Project/ROS2/rover/install/rover/share/ament_index/resource_index
[1.282s] creating /home/jlukas/Desktop/My_Project/ROS2/rover/install/rover/share/ament_index/resource_index/packages
[1.282s] copying resource/rover -> /home/jlukas/Desktop/My_Project/ROS2/rover/install/rover/share/ament_index/resource_index/packages
[1.283s] copying package.xml -> /home/jlukas/Desktop/My_Project/ROS2/rover/install/rover/share/rover
[1.283s] creating /home/jlukas/Desktop/My_Project/ROS2/rover/install/rover/share/rover/launch
[1.283s] copying launch/gazebo.sim.launch.py -> /home/jlukas/Desktop/My_Project/ROS2/rover/install/rover/share/rover/launch
[1.283s] copying launch/rsp.launch.py -> /home/jlukas/Desktop/My_Project/ROS2/rover/install/rover/share/rover/launch
[1.284s] creating /home/jlukas/Desktop/My_Project/ROS2/rover/install/rover/share/rover/urdf
[1.284s] copying urdf/inertial_macros.xacro -> /home/jlukas/Desktop/My_Project/ROS2/rover/install/rover/share/rover/urdf
[1.284s] copying urdf/rover.xacro -> /home/jlukas/Desktop/My_Project/ROS2/rover/install/rover/share/rover/urdf
[1.284s] copying urdf/gazebo_control_differential_drive.xacro -> /home/jlukas/Desktop/My_Project/ROS2/rover/install/rover/share/rover/urdf
[1.284s] copying urdf/robot.urdf.xacro -> /home/jlukas/Desktop/My_Project/ROS2/rover/install/rover/share/rover/urdf
[1.285s] running install_egg_info
[1.286s] Copying ../../build/rover/rover.egg-info to /home/jlukas/Desktop/My_Project/ROS2/rover/install/rover/lib/python3.10/site-packages/rover-0.0.0-py3.10.egg-info
[1.288s] running install_scripts
[1.319s] Installing lidar_differential script to /home/jlukas/Desktop/My_Project/ROS2/rover/install/rover/lib/rover
[1.319s] Installing lidar_obstacle_region_split script to /home/jlukas/Desktop/My_Project/ROS2/rover/install/rover/lib/rover
[1.319s] writing list of installed files to '/home/jlukas/Desktop/My_Project/ROS2/rover/build/rover/install.log'
[1.355s] Invoked command in '/home/jlukas/Desktop/My_Project/ROS2/rover/src/rover' returned '0': PYTHONPATH=/home/jlukas/Desktop/My_Project/ROS2/rover/build/rover/prefix_override:/home/jlukas/Desktop/My_Project/ROS2/rover/install/rover/lib/python3.10/site-packages:${PYTHONPATH} /usr/bin/python3 setup.py egg_info --egg-base ../../build/rover build --build-base /home/jlukas/Desktop/My_Project/ROS2/rover/build/rover/build install --record /home/jlukas/Desktop/My_Project/ROS2/rover/build/rover/install.log --single-version-externally-managed
