[0.525s] Invoking command in '/home/jlukas/Desktop/My_Project/ROS2/techdiffbot/build/serial': CMAKE_PREFIX_PATH=${CMAKE_PREFIX_PATH}:/home/jlukas/Desktop/My_Project/ROS2/techdiffbot/install/techdiffbot:/home/jlukas/Desktop/My_Project/ROS2/ros2_rpi_cv2/install/ros2_rpi_cv2:/home/jlukas/Desktop/My_Project/ROS2/rover/install/rover:/opt/ros/humble /usr/bin/cmake --build /home/jlukas/Desktop/My_Project/ROS2/techdiffbot/build/serial -- -j4 -l4
[0.677s] [ 28%] Built target serial
[0.680s] [ 42%] Built target gtest_main
[0.692s] [ 57%] Built target gtest
[0.769s] [ 71%] Built target serial_example
[0.776s] [ 85%] Built target serial-test-timer
[0.791s] [100%] Built target serial-test
[1.335s] Invoked command in '/home/jlukas/Desktop/My_Project/ROS2/techdiffbot/build/serial' returned '0': CMAKE_PREFIX_PATH=${CMAKE_PREFIX_PATH}:/home/jlukas/Desktop/My_Project/ROS2/techdiffbot/install/techdiffbot:/home/jlukas/Desktop/My_Project/ROS2/ros2_rpi_cv2/install/ros2_rpi_cv2:/home/jlukas/Desktop/My_Project/ROS2/rover/install/rover:/opt/ros/humble /usr/bin/cmake --build /home/jlukas/Desktop/My_Project/ROS2/techdiffbot/build/serial -- -j4 -l4
[1.505s] Invoking command in '/home/jlukas/Desktop/My_Project/ROS2/techdiffbot/build/serial': CMAKE_PREFIX_PATH=${CMAKE_PREFIX_PATH}:/home/jlukas/Desktop/My_Project/ROS2/techdiffbot/install/techdiffbot:/home/jlukas/Desktop/My_Project/ROS2/ros2_rpi_cv2/install/ros2_rpi_cv2:/home/jlukas/Desktop/My_Project/ROS2/rover/install/rover:/opt/ros/humble /usr/bin/cmake --install /home/jlukas/Desktop/My_Project/ROS2/techdiffbot/build/serial
[1.519s] -- Install configuration: ""
[1.520s] -- Execute custom install script
[1.520s] -- Up-to-date symlink: /home/jlukas/Desktop/My_Project/ROS2/techdiffbot/install/serial/lib/libserial.a
[1.520s] -- Up-to-date symlink: /home/jlukas/Desktop/My_Project/ROS2/techdiffbot/install/serial/include/serial/serial.h
[1.520s] -- Up-to-date symlink: /home/jlukas/Desktop/My_Project/ROS2/techdiffbot/install/serial/include/serial/v8stdint.h
[1.521s] -- Up-to-date symlink: /home/jlukas/Desktop/My_Project/ROS2/techdiffbot/install/serial/share/serial/environment/library_path.sh
[1.521s] -- Up-to-date symlink: /home/jlukas/Desktop/My_Project/ROS2/techdiffbot/install/serial/share/serial/environment/library_path.dsv
[1.523s] -- Up-to-date symlink: /home/jlukas/Desktop/My_Project/ROS2/techdiffbot/install/serial/share/ament_index/resource_index/package_run_dependencies/serial
[1.523s] -- Up-to-date symlink: /home/jlukas/Desktop/My_Project/ROS2/techdiffbot/install/serial/share/ament_index/resource_index/parent_prefix_path/serial
[1.527s] -- Up-to-date symlink: /home/jlukas/Desktop/My_Project/ROS2/techdiffbot/install/serial/share/serial/environment/ament_prefix_path.sh
[1.532s] -- Up-to-date symlink: /home/jlukas/Desktop/My_Project/ROS2/techdiffbot/install/serial/share/serial/environment/ament_prefix_path.dsv
[1.532s] -- Up-to-date symlink: /home/jlukas/Desktop/My_Project/ROS2/techdiffbot/install/serial/share/serial/environment/path.sh
[1.532s] -- Up-to-date symlink: /home/jlukas/Desktop/My_Project/ROS2/techdiffbot/install/serial/share/serial/environment/path.dsv
[1.532s] -- Up-to-date symlink: /home/jlukas/Desktop/My_Project/ROS2/techdiffbot/install/serial/share/serial/local_setup.bash
[1.532s] -- Up-to-date symlink: /home/jlukas/Desktop/My_Project/ROS2/techdiffbot/install/serial/share/serial/local_setup.sh
[1.532s] -- Up-to-date symlink: /home/jlukas/Desktop/My_Project/ROS2/techdiffbot/install/serial/share/serial/local_setup.zsh
[1.532s] -- Up-to-date symlink: /home/jlukas/Desktop/My_Project/ROS2/techdiffbot/install/serial/share/serial/local_setup.dsv
[1.532s] -- Symlinking: /home/jlukas/Desktop/My_Project/ROS2/techdiffbot/install/serial/share/serial/package.dsv
[1.552s] -- Up-to-date symlink: /home/jlukas/Desktop/My_Project/ROS2/techdiffbot/install/serial/share/ament_index/resource_index/packages/serial
[1.553s] -- Up-to-date symlink: /home/jlukas/Desktop/My_Project/ROS2/techdiffbot/install/serial/share/serial/cmake/ament_cmake_export_include_directories-extras.cmake
[1.553s] -- Up-to-date symlink: /home/jlukas/Desktop/My_Project/ROS2/techdiffbot/install/serial/share/serial/cmake/ament_cmake_export_libraries-extras.cmake
[1.553s] -- Up-to-date symlink: /home/jlukas/Desktop/My_Project/ROS2/techdiffbot/install/serial/share/serial/cmake/serialConfig.cmake
[1.553s] -- Up-to-date symlink: /home/jlukas/Desktop/My_Project/ROS2/techdiffbot/install/serial/share/serial/cmake/serialConfig-version.cmake
[1.553s] -- Up-to-date symlink: /home/jlukas/Desktop/My_Project/ROS2/techdiffbot/install/serial/share/serial/package.xml
[1.740s] Invoked command in '/home/jlukas/Desktop/My_Project/ROS2/techdiffbot/build/serial' returned '0': CMAKE_PREFIX_PATH=${CMAKE_PREFIX_PATH}:/home/jlukas/Desktop/My_Project/ROS2/techdiffbot/install/techdiffbot:/home/jlukas/Desktop/My_Project/ROS2/ros2_rpi_cv2/install/ros2_rpi_cv2:/home/jlukas/Desktop/My_Project/ROS2/rover/install/rover:/opt/ros/humble /usr/bin/cmake --install /home/jlukas/Desktop/My_Project/ROS2/techdiffbot/build/serial
