running egg_info
writing ../../build/ros2_rpi_cv2/ros2_rpi_cv2.egg-info/PKG-INFO
writing dependency_links to ../../build/ros2_rpi_cv2/ros2_rpi_cv2.egg-info/dependency_links.txt
writing entry points to ../../build/ros2_rpi_cv2/ros2_rpi_cv2.egg-info/entry_points.txt
writing requirements to ../../build/ros2_rpi_cv2/ros2_rpi_cv2.egg-info/requires.txt
writing top-level names to ../../build/ros2_rpi_cv2/ros2_rpi_cv2.egg-info/top_level.txt
package init file 'scripts/__init__.py' not found (or not a regular file)
file scripts/camera.py (for module scripts.camera) not found
reading manifest file '../../build/ros2_rpi_cv2/ros2_rpi_cv2.egg-info/SOURCES.txt'
writing manifest file '../../build/ros2_rpi_cv2/ros2_rpi_cv2.egg-info/SOURCES.txt'
running build
running build_py
file scripts/camera.py (for module scripts.camera) not found
file scripts/camera.py (for module scripts.camera) not found
/usr/lib/python3/dist-packages/setuptools/command/install.py:34: SetuptoolsDeprecationWarning: setup.py install is deprecated. Use build and pip and other standards-based tools.
  warnings.warn(
running install
running install_lib
running install_data
running install_egg_info
removing '/home/jlukas/Desktop/My_Project/ROS2/ros2_rpi_cv2/install/ros2_rpi_cv2/lib/python3.10/site-packages/ros2_rpi_cv2-0.0.0-py3.10.egg-info' (and everything under it)
Copying ../../build/ros2_rpi_cv2/ros2_rpi_cv2.egg-info to /home/jlukas/Desktop/My_Project/ROS2/ros2_rpi_cv2/install/ros2_rpi_cv2/lib/python3.10/site-packages/ros2_rpi_cv2-0.0.0-py3.10.egg-info
running install_scripts
Installing camera_publisher script to /home/jlukas/Desktop/My_Project/ROS2/ros2_rpi_cv2/install/ros2_rpi_cv2/lib/ros2_rpi_cv2
file scripts/camera.py (for module scripts.camera) not found
writing list of installed files to '/home/jlukas/Desktop/My_Project/ROS2/ros2_rpi_cv2/build/ros2_rpi_cv2/install.log'
