[5.744s] Invoking command in '/home/jlukas/Desktop/My_Project/ROS2/techdiffbot/src/techdiffbot': PYTHONPATH=/home/jlukas/Desktop/My_Project/ROS2/techdiffbot/build/techdiffbot/prefix_override:/home/jlukas/Desktop/My_Project/ROS2/techdiffbot/install/techdiffbot/lib/python3.10/site-packages:${PYTHONPATH} /usr/bin/python3 setup.py egg_info --egg-base ../../build/techdiffbot build --build-base /home/jlukas/Desktop/My_Project/ROS2/techdiffbot/build/techdiffbot/build install --record /home/jlukas/Desktop/My_Project/ROS2/techdiffbot/build/techdiffbot/install.log --single-version-externally-managed
[7.047s] running egg_info
[7.050s] writing ../../build/techdiffbot/techdiffbot.egg-info/PKG-INFO
[7.051s] writing dependency_links to ../../build/techdiffbot/techdiffbot.egg-info/dependency_links.txt
[7.052s] writing entry points to ../../build/techdiffbot/techdiffbot.egg-info/entry_points.txt
[7.052s] writing requirements to ../../build/techdiffbot/techdiffbot.egg-info/requires.txt
[7.053s] writing top-level names to ../../build/techdiffbot/techdiffbot.egg-info/top_level.txt
[7.062s] reading manifest file '../../build/techdiffbot/techdiffbot.egg-info/SOURCES.txt'
[7.069s] writing manifest file '../../build/techdiffbot/techdiffbot.egg-info/SOURCES.txt'
[7.070s] running build
[7.070s] running build_py
[7.073s] running install
[7.074s] running install_lib
[7.079s] running install_data
[7.085s] copying urdf/core.robot.xacro -> /home/jlukas/Desktop/My_Project/ROS2/techdiffbot/install/techdiffbot/share/techdiffbot/urdf
[7.089s] running install_egg_info
[7.096s] removing '/home/jlukas/Desktop/My_Project/ROS2/techdiffbot/install/techdiffbot/lib/python3.10/site-packages/techdiffbot-0.0.0-py3.10.egg-info' (and everything under it)
[7.098s] Copying ../../build/techdiffbot/techdiffbot.egg-info to /home/jlukas/Desktop/My_Project/ROS2/techdiffbot/install/techdiffbot/lib/python3.10/site-packages/techdiffbot-0.0.0-py3.10.egg-info
[7.104s] running install_scripts
[7.187s] writing list of installed files to '/home/jlukas/Desktop/My_Project/ROS2/techdiffbot/build/techdiffbot/install.log'
[7.314s] Invoked command in '/home/jlukas/Desktop/My_Project/ROS2/techdiffbot/src/techdiffbot' returned '0': PYTHONPATH=/home/jlukas/Desktop/My_Project/ROS2/techdiffbot/build/techdiffbot/prefix_override:/home/jlukas/Desktop/My_Project/ROS2/techdiffbot/install/techdiffbot/lib/python3.10/site-packages:${PYTHONPATH} /usr/bin/python3 setup.py egg_info --egg-base ../../build/techdiffbot build --build-base /home/jlukas/Desktop/My_Project/ROS2/techdiffbot/build/techdiffbot/build install --record /home/jlukas/Desktop/My_Project/ROS2/techdiffbot/build/techdiffbot/install.log --single-version-externally-managed
