[0.570s] Invoking command in '/home/jlukas/My_Project/ROS2/ros2_diff_nav2_slam/src/ros2_diff_nav2_slam': PYTHONPATH=/home/jlukas/My_Project/ROS2/ros2_diff_nav2_slam/build/ros2_diff_nav2_slam/prefix_override:/home/jlukas/My_Project/ROS2/ros2_diff_nav2_slam/install/ros2_diff_nav2_slam/lib/python3.10/site-packages:${PYTHONPATH} /usr/bin/python3 setup.py egg_info --egg-base ../../build/ros2_diff_nav2_slam build --build-base /home/jlukas/My_Project/ROS2/ros2_diff_nav2_slam/build/ros2_diff_nav2_slam/build install --record /home/jlukas/My_Project/ROS2/ros2_diff_nav2_slam/build/ros2_diff_nav2_slam/install.log --single-version-externally-managed
[0.714s] running egg_info
[0.715s] creating ../../build/ros2_diff_nav2_slam/ros2_diff_nav2_slam.egg-info
[0.715s] writing ../../build/ros2_diff_nav2_slam/ros2_diff_nav2_slam.egg-info/PKG-INFO
[0.716s] writing dependency_links to ../../build/ros2_diff_nav2_slam/ros2_diff_nav2_slam.egg-info/dependency_links.txt
[0.716s] writing entry points to ../../build/ros2_diff_nav2_slam/ros2_diff_nav2_slam.egg-info/entry_points.txt
[0.716s] writing requirements to ../../build/ros2_diff_nav2_slam/ros2_diff_nav2_slam.egg-info/requires.txt
[0.716s] writing top-level names to ../../build/ros2_diff_nav2_slam/ros2_diff_nav2_slam.egg-info/top_level.txt
[0.717s] writing manifest file '../../build/ros2_diff_nav2_slam/ros2_diff_nav2_slam.egg-info/SOURCES.txt'
[0.718s] reading manifest file '../../build/ros2_diff_nav2_slam/ros2_diff_nav2_slam.egg-info/SOURCES.txt'
[0.718s] writing manifest file '../../build/ros2_diff_nav2_slam/ros2_diff_nav2_slam.egg-info/SOURCES.txt'
[0.719s] running build
[0.719s] running build_py
[0.719s] creating /home/jlukas/My_Project/ROS2/ros2_diff_nav2_slam/build/ros2_diff_nav2_slam/build
[0.719s] creating /home/jlukas/My_Project/ROS2/ros2_diff_nav2_slam/build/ros2_diff_nav2_slam/build/lib
[0.719s] creating /home/jlukas/My_Project/ROS2/ros2_diff_nav2_slam/build/ros2_diff_nav2_slam/build/lib/ros2_diff_nav2_slam
[0.719s] copying ros2_diff_nav2_slam/__init__.py -> /home/jlukas/My_Project/ROS2/ros2_diff_nav2_slam/build/ros2_diff_nav2_slam/build/lib/ros2_diff_nav2_slam
[0.719s] running install
[0.719s] running install_lib
[0.720s] creating /home/jlukas/My_Project/ROS2/ros2_diff_nav2_slam/install/ros2_diff_nav2_slam/lib/python3.10/site-packages/ros2_diff_nav2_slam
[0.720s] copying /home/jlukas/My_Project/ROS2/ros2_diff_nav2_slam/build/ros2_diff_nav2_slam/build/lib/ros2_diff_nav2_slam/__init__.py -> /home/jlukas/My_Project/ROS2/ros2_diff_nav2_slam/install/ros2_diff_nav2_slam/lib/python3.10/site-packages/ros2_diff_nav2_slam
[0.720s] byte-compiling /home/jlukas/My_Project/ROS2/ros2_diff_nav2_slam/install/ros2_diff_nav2_slam/lib/python3.10/site-packages/ros2_diff_nav2_slam/__init__.py to __init__.cpython-310.pyc
[0.720s] running install_data
[0.721s] creating /home/jlukas/My_Project/ROS2/ros2_diff_nav2_slam/install/ros2_diff_nav2_slam/share/ament_index
[0.721s] creating /home/jlukas/My_Project/ROS2/ros2_diff_nav2_slam/install/ros2_diff_nav2_slam/share/ament_index/resource_index
[0.721s] creating /home/jlukas/My_Project/ROS2/ros2_diff_nav2_slam/install/ros2_diff_nav2_slam/share/ament_index/resource_index/packages
[0.721s] copying resource/ros2_diff_nav2_slam -> /home/jlukas/My_Project/ROS2/ros2_diff_nav2_slam/install/ros2_diff_nav2_slam/share/ament_index/resource_index/packages
[0.721s] copying package.xml -> /home/jlukas/My_Project/ROS2/ros2_diff_nav2_slam/install/ros2_diff_nav2_slam/share/ros2_diff_nav2_slam
[0.722s] running install_egg_info
[0.723s] Copying ../../build/ros2_diff_nav2_slam/ros2_diff_nav2_slam.egg-info to /home/jlukas/My_Project/ROS2/ros2_diff_nav2_slam/install/ros2_diff_nav2_slam/lib/python3.10/site-packages/ros2_diff_nav2_slam-0.0.0-py3.10.egg-info
[0.725s] running install_scripts
[0.740s] writing list of installed files to '/home/jlukas/My_Project/ROS2/ros2_diff_nav2_slam/build/ros2_diff_nav2_slam/install.log'
[0.766s] Invoked command in '/home/jlukas/My_Project/ROS2/ros2_diff_nav2_slam/src/ros2_diff_nav2_slam' returned '0': PYTHONPATH=/home/jlukas/My_Project/ROS2/ros2_diff_nav2_slam/build/ros2_diff_nav2_slam/prefix_override:/home/jlukas/My_Project/ROS2/ros2_diff_nav2_slam/install/ros2_diff_nav2_slam/lib/python3.10/site-packages:${PYTHONPATH} /usr/bin/python3 setup.py egg_info --egg-base ../../build/ros2_diff_nav2_slam build --build-base /home/jlukas/My_Project/ROS2/ros2_diff_nav2_slam/build/ros2_diff_nav2_slam/build install --record /home/jlukas/My_Project/ROS2/ros2_diff_nav2_slam/build/ros2_diff_nav2_slam/install.log --single-version-externally-managed
