[0.536s] Invoking command in '/home/jlukas/Desktop/My_Project/ROS2/techdiffbot/build/interactive_marker_tutorials': CMAKE_PREFIX_PATH=${CMAKE_PREFIX_PATH}:/home/jlukas/Desktop/My_Project/ROS2/techdiffbot/install/techdiffbot:/home/jlukas/Desktop/My_Project/ROS2/ros2_rpi_cv2/install/ros2_rpi_cv2:/home/jlukas/Desktop/My_Project/ROS2/rover/install/rover:/opt/ros/humble /usr/bin/cmake --build /home/jlukas/Desktop/My_Project/ROS2/techdiffbot/build/interactive_marker_tutorials -- -j4 -l4
[0.665s] [ 14%] Built target cube
[0.678s] [ 28%] Built target basic_controls
[0.684s] [ 42%] Built target selection
[0.690s] [ 57%] Built target simple_marker
[0.730s] [ 71%] Built target menu
[0.749s] [ 85%] Built target pong_library
[0.766s] [100%] Built target pong
[0.803s] Invoked command in '/home/jlukas/Desktop/My_Project/ROS2/techdiffbot/build/interactive_marker_tutorials' returned '0': CMAKE_PREFIX_PATH=${CMAKE_PREFIX_PATH}:/home/jlukas/Desktop/My_Project/ROS2/techdiffbot/install/techdiffbot:/home/jlukas/Desktop/My_Project/ROS2/ros2_rpi_cv2/install/ros2_rpi_cv2:/home/jlukas/Desktop/My_Project/ROS2/rover/install/rover:/opt/ros/humble /usr/bin/cmake --build /home/jlukas/Desktop/My_Project/ROS2/techdiffbot/build/interactive_marker_tutorials -- -j4 -l4
[1.016s] Invoking command in '/home/jlukas/Desktop/My_Project/ROS2/techdiffbot/build/interactive_marker_tutorials': CMAKE_PREFIX_PATH=${CMAKE_PREFIX_PATH}:/home/jlukas/Desktop/My_Project/ROS2/techdiffbot/install/techdiffbot:/home/jlukas/Desktop/My_Project/ROS2/ros2_rpi_cv2/install/ros2_rpi_cv2:/home/jlukas/Desktop/My_Project/ROS2/rover/install/rover:/opt/ros/humble /usr/bin/cmake --install /home/jlukas/Desktop/My_Project/ROS2/techdiffbot/build/interactive_marker_tutorials
[1.054s] -- Install configuration: ""
[1.056s] -- Up-to-date: /home/jlukas/Desktop/My_Project/ROS2/techdiffbot/install/interactive_marker_tutorials/lib/interactive_marker_tutorials/pong
[1.056s] -- Up-to-date: /home/jlukas/Desktop/My_Project/ROS2/techdiffbot/install/interactive_marker_tutorials/bin/basic_controls.py
[1.056s] -- Up-to-date: /home/jlukas/Desktop/My_Project/ROS2/techdiffbot/install/interactive_marker_tutorials/bin/cube.py
[1.057s] -- Up-to-date: /home/jlukas/Desktop/My_Project/ROS2/techdiffbot/install/interactive_marker_tutorials/bin/menu.py
[1.057s] -- Up-to-date: /home/jlukas/Desktop/My_Project/ROS2/techdiffbot/install/interactive_marker_tutorials/bin/simple_marker.py
[1.058s] -- Up-to-date: /home/jlukas/Desktop/My_Project/ROS2/techdiffbot/install/interactive_marker_tutorials/lib/libpong_library.so
[1.058s] -- Up-to-date: /home/jlukas/Desktop/My_Project/ROS2/techdiffbot/install/interactive_marker_tutorials/lib/interactive_marker_tutorials/basic_controls
[1.058s] -- Up-to-date: /home/jlukas/Desktop/My_Project/ROS2/techdiffbot/install/interactive_marker_tutorials/lib/interactive_marker_tutorials/cube
[1.060s] -- Up-to-date: /home/jlukas/Desktop/My_Project/ROS2/techdiffbot/install/interactive_marker_tutorials/lib/interactive_marker_tutorials/selection
[1.060s] -- Up-to-date: /home/jlukas/Desktop/My_Project/ROS2/techdiffbot/install/interactive_marker_tutorials/lib/interactive_marker_tutorials/simple_marker
[1.061s] -- Up-to-date: /home/jlukas/Desktop/My_Project/ROS2/techdiffbot/install/interactive_marker_tutorials/lib/interactive_marker_tutorials/menu
[1.061s] -- Up-to-date: /home/jlukas/Desktop/My_Project/ROS2/techdiffbot/install/interactive_marker_tutorials/share/ament_index/resource_index/package_run_dependencies/interactive_marker_tutorials
[1.061s] -- Up-to-date: /home/jlukas/Desktop/My_Project/ROS2/techdiffbot/install/interactive_marker_tutorials/share/ament_index/resource_index/parent_prefix_path/interactive_marker_tutorials
[1.061s] -- Up-to-date: /home/jlukas/Desktop/My_Project/ROS2/techdiffbot/install/interactive_marker_tutorials/share/interactive_marker_tutorials/environment/ament_prefix_path.sh
[1.061s] -- Up-to-date: /home/jlukas/Desktop/My_Project/ROS2/techdiffbot/install/interactive_marker_tutorials/share/interactive_marker_tutorials/environment/ament_prefix_path.dsv
[1.062s] -- Up-to-date: /home/jlukas/Desktop/My_Project/ROS2/techdiffbot/install/interactive_marker_tutorials/share/interactive_marker_tutorials/environment/path.sh
[1.062s] -- Up-to-date: /home/jlukas/Desktop/My_Project/ROS2/techdiffbot/install/interactive_marker_tutorials/share/interactive_marker_tutorials/environment/path.dsv
[1.064s] -- Up-to-date: /home/jlukas/Desktop/My_Project/ROS2/techdiffbot/install/interactive_marker_tutorials/share/interactive_marker_tutorials/local_setup.bash
[1.065s] -- Up-to-date: /home/jlukas/Desktop/My_Project/ROS2/techdiffbot/install/interactive_marker_tutorials/share/interactive_marker_tutorials/local_setup.sh
[1.065s] -- Up-to-date: /home/jlukas/Desktop/My_Project/ROS2/techdiffbot/install/interactive_marker_tutorials/share/interactive_marker_tutorials/local_setup.zsh
[1.065s] -- Up-to-date: /home/jlukas/Desktop/My_Project/ROS2/techdiffbot/install/interactive_marker_tutorials/share/interactive_marker_tutorials/local_setup.dsv
[1.066s] -- Installing: /home/jlukas/Desktop/My_Project/ROS2/techdiffbot/install/interactive_marker_tutorials/share/interactive_marker_tutorials/package.dsv
[1.066s] -- Up-to-date: /home/jlukas/Desktop/My_Project/ROS2/techdiffbot/install/interactive_marker_tutorials/share/ament_index/resource_index/packages/interactive_marker_tutorials
[1.066s] -- Up-to-date: /home/jlukas/Desktop/My_Project/ROS2/techdiffbot/install/interactive_marker_tutorials/share/ament_index/resource_index/rclcpp_components/interactive_marker_tutorials
[1.066s] -- Up-to-date: /home/jlukas/Desktop/My_Project/ROS2/techdiffbot/install/interactive_marker_tutorials/share/interactive_marker_tutorials/cmake/ament_cmake_export_dependencies-extras.cmake
[1.066s] -- Up-to-date: /home/jlukas/Desktop/My_Project/ROS2/techdiffbot/install/interactive_marker_tutorials/share/interactive_marker_tutorials/cmake/interactive_marker_tutorialsConfig.cmake
[1.066s] -- Up-to-date: /home/jlukas/Desktop/My_Project/ROS2/techdiffbot/install/interactive_marker_tutorials/share/interactive_marker_tutorials/cmake/interactive_marker_tutorialsConfig-version.cmake
[1.066s] -- Up-to-date: /home/jlukas/Desktop/My_Project/ROS2/techdiffbot/install/interactive_marker_tutorials/share/interactive_marker_tutorials/package.xml
[1.508s] Invoked command in '/home/jlukas/Desktop/My_Project/ROS2/techdiffbot/build/interactive_marker_tutorials' returned '0': CMAKE_PREFIX_PATH=${CMAKE_PREFIX_PATH}:/home/jlukas/Desktop/My_Project/ROS2/techdiffbot/install/techdiffbot:/home/jlukas/Desktop/My_Project/ROS2/ros2_rpi_cv2/install/ros2_rpi_cv2:/home/jlukas/Desktop/My_Project/ROS2/rover/install/rover:/opt/ros/humble /usr/bin/cmake --install /home/jlukas/Desktop/My_Project/ROS2/techdiffbot/build/interactive_marker_tutorials
