[7.605s] DEBUG:colcon:Command line arguments: ['/usr/bin/colcon', 'build']
[7.606s] DEBUG:colcon:Parsed command line arguments: Namespace(log_base=None, log_level=None, verb_name='build', build_base='build', install_base='install', merge_install=False, symlink_install=False, test_result_base=None, continue_on_error=False, executor='parallel', parallel_workers=6, event_handlers=None, ignore_user_meta=False, metas=['./colcon.meta'], base_paths=['.'], packages_ignore=None, packages_ignore_regex=None, paths=None, packages_up_to=None, packages_up_to_regex=None, packages_above=None, packages_above_and_dependencies=None, packages_above_depth=None, packages_select_by_dep=None, packages_skip_by_dep=None, packages_skip_up_to=None, packages_select_build_failed=False, packages_skip_build_finished=False, packages_select_test_failures=False, packages_skip_test_passed=False, packages_select=None, packages_skip=None, packages_select_regex=None, packages_skip_regex=None, packages_start=None, packages_end=None, allow_overriding=[], cmake_args=None, cmake_target=None, cmake_target_skip_unavailable=False, cmake_clean_cache=False, cmake_clean_first=False, cmake_force_configure=False, ament_cmake_args=None, catkin_cmake_args=None, catkin_skip_building_tests=False, verb_parser=<colcon_defaults.argument_parser.defaults.DefaultArgumentsDecorator object at 0x7f864cf6f4f0>, verb_extension=<colcon_core.verb.build.BuildVerb object at 0x7f864cf6ddb0>, main=<bound method BuildVerb.main of <colcon_core.verb.build.BuildVerb object at 0x7f864cf6ddb0>>)
[7.935s] Level 1:colcon.colcon_core.package_discovery:discover_packages(colcon_meta) check parameters
[7.935s] Level 1:colcon.colcon_core.package_discovery:discover_packages(recursive) check parameters
[7.936s] Level 1:colcon.colcon_core.package_discovery:discover_packages(ignore) check parameters
[7.936s] Level 1:colcon.colcon_core.package_discovery:discover_packages(path) check parameters
[7.936s] Level 1:colcon.colcon_core.package_discovery:discover_packages(colcon_meta) discover
[7.936s] Level 1:colcon.colcon_core.package_discovery:discover_packages(recursive) discover
[7.937s] INFO:colcon.colcon_core.package_discovery:Crawling recursively for packages in '/home/jlukas/Desktop/My_Project/ROS2/ros2_differential_drive_robot'
[7.938s] Level 1:colcon.colcon_core.package_identification:_identify(.) by extensions ['ignore', 'ignore_ament_install']
[7.938s] Level 1:colcon.colcon_core.package_identification:_identify(.) by extension 'ignore'
[7.938s] Level 1:colcon.colcon_core.package_identification:_identify(.) by extension 'ignore_ament_install'
[7.939s] Level 1:colcon.colcon_core.package_identification:_identify(.) by extensions ['colcon_pkg']
[7.939s] Level 1:colcon.colcon_core.package_identification:_identify(.) by extension 'colcon_pkg'
[7.939s] Level 1:colcon.colcon_core.package_identification:_identify(.) by extensions ['colcon_meta']
[7.940s] Level 1:colcon.colcon_core.package_identification:_identify(.) by extension 'colcon_meta'
[7.940s] Level 1:colcon.colcon_core.package_identification:_identify(.) by extensions ['ros']
[7.940s] Level 1:colcon.colcon_core.package_identification:_identify(.) by extension 'ros'
[8.000s] Level 1:colcon.colcon_core.package_identification:_identify(.) by extensions ['cmake', 'python']
[8.001s] Level 1:colcon.colcon_core.package_identification:_identify(.) by extension 'cmake'
[8.001s] Level 1:colcon.colcon_core.package_identification:_identify(.) by extension 'python'
[8.002s] Level 1:colcon.colcon_core.package_identification:_identify(.) by extensions ['python_setup_py']
[8.002s] Level 1:colcon.colcon_core.package_identification:_identify(.) by extension 'python_setup_py'
[8.003s] Level 1:colcon.colcon_core.package_identification:_identify(build) by extensions ['ignore', 'ignore_ament_install']
[8.003s] Level 1:colcon.colcon_core.package_identification:_identify(build) by extension 'ignore'
[8.004s] Level 1:colcon.colcon_core.package_identification:_identify(build) ignored
[8.004s] Level 1:colcon.colcon_core.package_identification:_identify(install) by extensions ['ignore', 'ignore_ament_install']
[8.005s] Level 1:colcon.colcon_core.package_identification:_identify(install) by extension 'ignore'
[8.006s] Level 1:colcon.colcon_core.package_identification:_identify(install) ignored
[8.006s] Level 1:colcon.colcon_core.package_identification:_identify(log) by extensions ['ignore', 'ignore_ament_install']
[8.007s] Level 1:colcon.colcon_core.package_identification:_identify(log) by extension 'ignore'
[8.007s] Level 1:colcon.colcon_core.package_identification:_identify(log) ignored
[8.008s] Level 1:colcon.colcon_core.package_identification:_identify(src) by extensions ['ignore', 'ignore_ament_install']
[8.008s] Level 1:colcon.colcon_core.package_identification:_identify(src) by extension 'ignore'
[8.009s] Level 1:colcon.colcon_core.package_identification:_identify(src) by extension 'ignore_ament_install'
[8.010s] Level 1:colcon.colcon_core.package_identification:_identify(src) by extensions ['colcon_pkg']
[8.010s] Level 1:colcon.colcon_core.package_identification:_identify(src) by extension 'colcon_pkg'
[8.010s] Level 1:colcon.colcon_core.package_identification:_identify(src) by extensions ['colcon_meta']
[8.010s] Level 1:colcon.colcon_core.package_identification:_identify(src) by extension 'colcon_meta'
[8.011s] Level 1:colcon.colcon_core.package_identification:_identify(src) by extensions ['ros']
[8.011s] Level 1:colcon.colcon_core.package_identification:_identify(src) by extension 'ros'
[8.012s] Level 1:colcon.colcon_core.package_identification:_identify(src) by extensions ['cmake', 'python']
[8.012s] Level 1:colcon.colcon_core.package_identification:_identify(src) by extension 'cmake'
[8.012s] Level 1:colcon.colcon_core.package_identification:_identify(src) by extension 'python'
[8.013s] Level 1:colcon.colcon_core.package_identification:_identify(src) by extensions ['python_setup_py']
[8.013s] Level 1:colcon.colcon_core.package_identification:_identify(src) by extension 'python_setup_py'
[8.014s] Level 1:colcon.colcon_core.package_identification:_identify(src/ros2_differential_drive_robot) by extensions ['ignore', 'ignore_ament_install']
[8.014s] Level 1:colcon.colcon_core.package_identification:_identify(src/ros2_differential_drive_robot) by extension 'ignore'
[8.015s] Level 1:colcon.colcon_core.package_identification:_identify(src/ros2_differential_drive_robot) by extension 'ignore_ament_install'
[8.015s] Level 1:colcon.colcon_core.package_identification:_identify(src/ros2_differential_drive_robot) by extensions ['colcon_pkg']
[8.015s] Level 1:colcon.colcon_core.package_identification:_identify(src/ros2_differential_drive_robot) by extension 'colcon_pkg'
[8.016s] Level 1:colcon.colcon_core.package_identification:_identify(src/ros2_differential_drive_robot) by extensions ['colcon_meta']
[8.016s] Level 1:colcon.colcon_core.package_identification:_identify(src/ros2_differential_drive_robot) by extension 'colcon_meta'
[8.016s] Level 1:colcon.colcon_core.package_identification:_identify(src/ros2_differential_drive_robot) by extensions ['ros']
[8.016s] Level 1:colcon.colcon_core.package_identification:_identify(src/ros2_differential_drive_robot) by extension 'ros'
[8.026s] DEBUG:colcon.colcon_core.package_identification:Package 'src/ros2_differential_drive_robot' with type 'ros.ament_python' and name 'ros2_differential_drive_robot'
[8.027s] Level 1:colcon.colcon_core.package_discovery:discover_packages(recursive) using defaults
[8.027s] Level 1:colcon.colcon_core.package_discovery:discover_packages(ignore) discover
[8.027s] Level 1:colcon.colcon_core.package_discovery:discover_packages(ignore) using defaults
[8.028s] Level 1:colcon.colcon_core.package_discovery:discover_packages(path) discover
[8.028s] Level 1:colcon.colcon_core.package_discovery:discover_packages(path) using defaults
[8.712s] Level 1:colcon.colcon_core.package_discovery:discover_packages(prefix_path) check parameters
[8.713s] Level 1:colcon.colcon_core.package_discovery:discover_packages(prefix_path) discover
[8.953s] DEBUG:colcon.colcon_installed_package_information.package_discovery:Found 1 installed packages in /home/jlukas/Desktop/My_Project/ROS2/ros2_differential_drive_robot/install
[9.059s] DEBUG:colcon.colcon_installed_package_information.package_discovery:Found 281 installed packages in /opt/ros/humble
[9.064s] Level 1:colcon.colcon_core.package_discovery:discover_packages(prefix_path) using defaults
[9.713s] Level 5:colcon.colcon_core.verb:set package 'ros2_differential_drive_robot' build argument 'cmake_args' from command line to 'None'
[9.713s] Level 5:colcon.colcon_core.verb:set package 'ros2_differential_drive_robot' build argument 'cmake_target' from command line to 'None'
[9.714s] Level 5:colcon.colcon_core.verb:set package 'ros2_differential_drive_robot' build argument 'cmake_target_skip_unavailable' from command line to 'False'
[9.714s] Level 5:colcon.colcon_core.verb:set package 'ros2_differential_drive_robot' build argument 'cmake_clean_cache' from command line to 'False'
[9.714s] Level 5:colcon.colcon_core.verb:set package 'ros2_differential_drive_robot' build argument 'cmake_clean_first' from command line to 'False'
[9.714s] Level 5:colcon.colcon_core.verb:set package 'ros2_differential_drive_robot' build argument 'cmake_force_configure' from command line to 'False'
[9.714s] Level 5:colcon.colcon_core.verb:set package 'ros2_differential_drive_robot' build argument 'ament_cmake_args' from command line to 'None'
[9.715s] Level 5:colcon.colcon_core.verb:set package 'ros2_differential_drive_robot' build argument 'catkin_cmake_args' from command line to 'None'
[9.715s] Level 5:colcon.colcon_core.verb:set package 'ros2_differential_drive_robot' build argument 'catkin_skip_building_tests' from command line to 'False'
[9.715s] DEBUG:colcon.colcon_core.verb:Building package 'ros2_differential_drive_robot' with the following arguments: {'ament_cmake_args': None, 'build_base': '/home/jlukas/Desktop/My_Project/ROS2/ros2_differential_drive_robot/build/ros2_differential_drive_robot', 'catkin_cmake_args': None, 'catkin_skip_building_tests': False, 'cmake_args': None, 'cmake_clean_cache': False, 'cmake_clean_first': False, 'cmake_force_configure': False, 'cmake_target': None, 'cmake_target_skip_unavailable': False, 'install_base': '/home/jlukas/Desktop/My_Project/ROS2/ros2_differential_drive_robot/install/ros2_differential_drive_robot', 'merge_install': False, 'path': '/home/jlukas/Desktop/My_Project/ROS2/ros2_differential_drive_robot/src/ros2_differential_drive_robot', 'symlink_install': False, 'test_result_base': None}
[9.822s] INFO:colcon.colcon_core.executor:Executing jobs using 'parallel' executor
[9.939s] DEBUG:colcon.colcon_parallel_executor.executor.parallel:run_until_complete
[9.941s] INFO:colcon.colcon_ros.task.ament_python.build:Building ROS package in '/home/jlukas/Desktop/My_Project/ROS2/ros2_differential_drive_robot/src/ros2_differential_drive_robot' with build type 'ament_python'
[9.942s] Level 1:colcon.colcon_core.shell:create_environment_hook('ros2_differential_drive_robot', 'ament_prefix_path')
[10.133s] INFO:colcon.colcon_core.plugin_system:Skipping extension 'colcon_core.shell.bat': Not used on non-Windows systems
[10.135s] INFO:colcon.colcon_core.shell:Creating environment hook '/home/jlukas/Desktop/My_Project/ROS2/ros2_differential_drive_robot/install/ros2_differential_drive_robot/share/ros2_differential_drive_robot/hook/ament_prefix_path.ps1'
[10.140s] INFO:colcon.colcon_core.shell:Creating environment descriptor '/home/jlukas/Desktop/My_Project/ROS2/ros2_differential_drive_robot/install/ros2_differential_drive_robot/share/ros2_differential_drive_robot/hook/ament_prefix_path.dsv'
[10.146s] INFO:colcon.colcon_core.shell:Creating environment hook '/home/jlukas/Desktop/My_Project/ROS2/ros2_differential_drive_robot/install/ros2_differential_drive_robot/share/ros2_differential_drive_robot/hook/ament_prefix_path.sh'
[10.279s] INFO:colcon.colcon_core.shell:Skip shell extension 'powershell' for command environment: Not usable outside of PowerShell
[10.279s] DEBUG:colcon.colcon_core.shell:Skip shell extension 'dsv' for command environment
[12.408s] INFO:colcon.colcon_core.task.python.build:Building Python package in '/home/jlukas/Desktop/My_Project/ROS2/ros2_differential_drive_robot/src/ros2_differential_drive_robot'
[12.547s] INFO:colcon.colcon_core.shell:Skip shell extension 'powershell' for command environment: Not usable outside of PowerShell
[12.548s] DEBUG:colcon.colcon_core.shell:Skip shell extension 'dsv' for command environment
[15.008s] DEBUG:colcon.colcon_core.event_handler.log_command:Invoking command in '/home/jlukas/Desktop/My_Project/ROS2/ros2_differential_drive_robot/src/ros2_differential_drive_robot': PYTHONPATH=/home/jlukas/Desktop/My_Project/ROS2/ros2_differential_drive_robot/build/ros2_differential_drive_robot/prefix_override:/home/jlukas/Desktop/My_Project/ROS2/ros2_differential_drive_robot/install/ros2_differential_drive_robot/lib/python3.10/site-packages:${PYTHONPATH} /usr/bin/python3 setup.py egg_info --egg-base ../../build/ros2_differential_drive_robot build --build-base /home/jlukas/Desktop/My_Project/ROS2/ros2_differential_drive_robot/build/ros2_differential_drive_robot/build install --record /home/jlukas/Desktop/My_Project/ROS2/ros2_differential_drive_robot/build/ros2_differential_drive_robot/install.log --single-version-externally-managed
[17.111s] DEBUG:colcon.colcon_core.event_handler.log_command:Invoked command in '/home/jlukas/Desktop/My_Project/ROS2/ros2_differential_drive_robot/src/ros2_differential_drive_robot' returned '0': PYTHONPATH=/home/jlukas/Desktop/My_Project/ROS2/ros2_differential_drive_robot/build/ros2_differential_drive_robot/prefix_override:/home/jlukas/Desktop/My_Project/ROS2/ros2_differential_drive_robot/install/ros2_differential_drive_robot/lib/python3.10/site-packages:${PYTHONPATH} /usr/bin/python3 setup.py egg_info --egg-base ../../build/ros2_differential_drive_robot build --build-base /home/jlukas/Desktop/My_Project/ROS2/ros2_differential_drive_robot/build/ros2_differential_drive_robot/build install --record /home/jlukas/Desktop/My_Project/ROS2/ros2_differential_drive_robot/build/ros2_differential_drive_robot/install.log --single-version-externally-managed
[17.252s] Level 1:colcon.colcon_core.environment:checking '/home/jlukas/Desktop/My_Project/ROS2/ros2_differential_drive_robot/install/ros2_differential_drive_robot' for CMake module files
[17.256s] Level 1:colcon.colcon_core.environment:checking '/home/jlukas/Desktop/My_Project/ROS2/ros2_differential_drive_robot/install/ros2_differential_drive_robot' for CMake config files
[17.263s] Level 1:colcon.colcon_core.environment:checking '/home/jlukas/Desktop/My_Project/ROS2/ros2_differential_drive_robot/install/ros2_differential_drive_robot/lib'
[17.264s] Level 1:colcon.colcon_core.environment:checking '/home/jlukas/Desktop/My_Project/ROS2/ros2_differential_drive_robot/install/ros2_differential_drive_robot/bin'
[17.264s] Level 1:colcon.colcon_core.environment:checking '/home/jlukas/Desktop/My_Project/ROS2/ros2_differential_drive_robot/install/ros2_differential_drive_robot/lib/pkgconfig/ros2_differential_drive_robot.pc'
[17.265s] Level 1:colcon.colcon_core.environment:checking '/home/jlukas/Desktop/My_Project/ROS2/ros2_differential_drive_robot/install/ros2_differential_drive_robot/lib/python3.10/site-packages'
[17.266s] Level 1:colcon.colcon_core.shell:create_environment_hook('ros2_differential_drive_robot', 'pythonpath')
[17.376s] INFO:colcon.colcon_core.shell:Creating environment hook '/home/jlukas/Desktop/My_Project/ROS2/ros2_differential_drive_robot/install/ros2_differential_drive_robot/share/ros2_differential_drive_robot/hook/pythonpath.ps1'
[17.378s] INFO:colcon.colcon_core.shell:Creating environment descriptor '/home/jlukas/Desktop/My_Project/ROS2/ros2_differential_drive_robot/install/ros2_differential_drive_robot/share/ros2_differential_drive_robot/hook/pythonpath.dsv'
[17.379s] INFO:colcon.colcon_core.shell:Creating environment hook '/home/jlukas/Desktop/My_Project/ROS2/ros2_differential_drive_robot/install/ros2_differential_drive_robot/share/ros2_differential_drive_robot/hook/pythonpath.sh'
[17.381s] Level 1:colcon.colcon_core.environment:checking '/home/jlukas/Desktop/My_Project/ROS2/ros2_differential_drive_robot/install/ros2_differential_drive_robot/bin'
[17.383s] Level 1:colcon.colcon_core.environment:create_environment_scripts_only(ros2_differential_drive_robot)
[17.498s] INFO:colcon.colcon_core.shell:Creating package script '/home/jlukas/Desktop/My_Project/ROS2/ros2_differential_drive_robot/install/ros2_differential_drive_robot/share/ros2_differential_drive_robot/package.ps1'
[17.502s] INFO:colcon.colcon_core.shell:Creating package descriptor '/home/jlukas/Desktop/My_Project/ROS2/ros2_differential_drive_robot/install/ros2_differential_drive_robot/share/ros2_differential_drive_robot/package.dsv'
[17.505s] INFO:colcon.colcon_core.shell:Creating package script '/home/jlukas/Desktop/My_Project/ROS2/ros2_differential_drive_robot/install/ros2_differential_drive_robot/share/ros2_differential_drive_robot/package.sh'
[17.508s] INFO:colcon.colcon_core.shell:Creating package script '/home/jlukas/Desktop/My_Project/ROS2/ros2_differential_drive_robot/install/ros2_differential_drive_robot/share/ros2_differential_drive_robot/package.bash'
[17.511s] INFO:colcon.colcon_core.shell:Creating package script '/home/jlukas/Desktop/My_Project/ROS2/ros2_differential_drive_robot/install/ros2_differential_drive_robot/share/ros2_differential_drive_robot/package.zsh'
[17.515s] Level 1:colcon.colcon_core.environment:create_file_with_runtime_dependencies(/home/jlukas/Desktop/My_Project/ROS2/ros2_differential_drive_robot/install/ros2_differential_drive_robot/share/colcon-core/packages/ros2_differential_drive_robot)
[17.517s] DEBUG:colcon.colcon_parallel_executor.executor.parallel:closing loop
[17.518s] DEBUG:colcon.colcon_parallel_executor.executor.parallel:loop closed
[17.519s] DEBUG:colcon.colcon_parallel_executor.executor.parallel:run_until_complete finished with '0'
[17.519s] DEBUG:colcon.colcon_core.event_reactor:joining thread
[17.667s] INFO:colcon.colcon_core.plugin_system:Skipping extension 'colcon_notification.desktop_notification.terminal_notifier': Not used on non-Darwin systems
[17.668s] INFO:colcon.colcon_core.plugin_system:Skipping extension 'colcon_notification.desktop_notification.win32': Not used on non-Windows systems
[17.668s] INFO:colcon.colcon_notification.desktop_notification:Sending desktop notification using 'notify2'
[17.738s] DEBUG:colcon.colcon_core.event_reactor:joined thread
[17.858s] INFO:colcon.colcon_core.shell:Creating prefix script '/home/jlukas/Desktop/My_Project/ROS2/ros2_differential_drive_robot/install/local_setup.ps1'
[17.863s] INFO:colcon.colcon_core.shell:Creating prefix util module '/home/jlukas/Desktop/My_Project/ROS2/ros2_differential_drive_robot/install/_local_setup_util_ps1.py'
[17.871s] INFO:colcon.colcon_core.shell:Creating prefix chain script '/home/jlukas/Desktop/My_Project/ROS2/ros2_differential_drive_robot/install/setup.ps1'
[17.978s] INFO:colcon.colcon_core.shell:Creating prefix script '/home/jlukas/Desktop/My_Project/ROS2/ros2_differential_drive_robot/install/local_setup.sh'
[17.979s] INFO:colcon.colcon_core.shell:Creating prefix util module '/home/jlukas/Desktop/My_Project/ROS2/ros2_differential_drive_robot/install/_local_setup_util_sh.py'
[17.981s] INFO:colcon.colcon_core.shell:Creating prefix chain script '/home/jlukas/Desktop/My_Project/ROS2/ros2_differential_drive_robot/install/setup.sh'
[18.113s] INFO:colcon.colcon_core.shell:Creating prefix script '/home/jlukas/Desktop/My_Project/ROS2/ros2_differential_drive_robot/install/local_setup.bash'
[18.117s] INFO:colcon.colcon_core.shell:Creating prefix chain script '/home/jlukas/Desktop/My_Project/ROS2/ros2_differential_drive_robot/install/setup.bash'
[18.242s] INFO:colcon.colcon_core.shell:Creating prefix script '/home/jlukas/Desktop/My_Project/ROS2/ros2_differential_drive_robot/install/local_setup.zsh'
[18.246s] INFO:colcon.colcon_core.shell:Creating prefix chain script '/home/jlukas/Desktop/My_Project/ROS2/ros2_differential_drive_robot/install/setup.zsh'
