[3.214s] Invoking command in '/home/jlukas/Desktop/My_Project/ROS2/ros2_rpi_cv2/src/ros2_rpi_cv2': PYTHONPATH=/home/jlukas/Desktop/My_Project/ROS2/ros2_rpi_cv2/build/ros2_rpi_cv2/prefix_override:/home/jlukas/Desktop/My_Project/ROS2/ros2_rpi_cv2/install/ros2_rpi_cv2/lib/python3.10/site-packages:${PYTHONPATH} /usr/bin/python3 setup.py egg_info --egg-base ../../build/ros2_rpi_cv2 build --build-base /home/jlukas/Desktop/My_Project/ROS2/ros2_rpi_cv2/build/ros2_rpi_cv2/build install --record /home/jlukas/Desktop/My_Project/ROS2/ros2_rpi_cv2/build/ros2_rpi_cv2/install.log --single-version-externally-managed
[4.280s] running egg_info
[4.284s] writing ../../build/ros2_rpi_cv2/ros2_rpi_cv2.egg-info/PKG-INFO
[4.287s] writing dependency_links to ../../build/ros2_rpi_cv2/ros2_rpi_cv2.egg-info/dependency_links.txt
[4.290s] writing entry points to ../../build/ros2_rpi_cv2/ros2_rpi_cv2.egg-info/entry_points.txt
[4.292s] writing requirements to ../../build/ros2_rpi_cv2/ros2_rpi_cv2.egg-info/requires.txt
[4.294s] writing top-level names to ../../build/ros2_rpi_cv2/ros2_rpi_cv2.egg-info/top_level.txt
[4.309s] reading manifest file '../../build/ros2_rpi_cv2/ros2_rpi_cv2.egg-info/SOURCES.txt'
[4.317s] writing manifest file '../../build/ros2_rpi_cv2/ros2_rpi_cv2.egg-info/SOURCES.txt'
[4.318s] running build
[4.319s] running build_py
[4.321s] running install
[4.325s] /usr/lib/python3/dist-packages/setuptools/command/install.py:34: SetuptoolsDeprecationWarning: setup.py install is deprecated. Use build and pip and other standards-based tools.
[4.325s]   warnings.warn(
[4.326s] running install_lib
[4.336s] running install_data
[4.338s] running install_egg_info
[4.344s] removing '/home/jlukas/Desktop/My_Project/ROS2/ros2_rpi_cv2/install/ros2_rpi_cv2/lib/python3.10/site-packages/ros2_rpi_cv2-0.0.0-py3.10.egg-info' (and everything under it)
[4.351s] Copying ../../build/ros2_rpi_cv2/ros2_rpi_cv2.egg-info to /home/jlukas/Desktop/My_Project/ROS2/ros2_rpi_cv2/install/ros2_rpi_cv2/lib/python3.10/site-packages/ros2_rpi_cv2-0.0.0-py3.10.egg-info
[4.361s] running install_scripts
[4.462s] Installing camera_mp_facedetection_subscriber script to /home/jlukas/Desktop/My_Project/ROS2/ros2_rpi_cv2/install/ros2_rpi_cv2/lib/ros2_rpi_cv2
[4.468s] Installing camera_mp_handdetection_subscriber script to /home/jlukas/Desktop/My_Project/ROS2/ros2_rpi_cv2/install/ros2_rpi_cv2/lib/ros2_rpi_cv2
[4.470s] Installing camera_mp_posedetection_subscriber script to /home/jlukas/Desktop/My_Project/ROS2/ros2_rpi_cv2/install/ros2_rpi_cv2/lib/ros2_rpi_cv2
[4.471s] Installing camera_publisher script to /home/jlukas/Desktop/My_Project/ROS2/ros2_rpi_cv2/install/ros2_rpi_cv2/lib/ros2_rpi_cv2
[4.473s] Installing camera_publisher_no_timer script to /home/jlukas/Desktop/My_Project/ROS2/ros2_rpi_cv2/install/ros2_rpi_cv2/lib/ros2_rpi_cv2
[4.475s] Installing camera_subscriber script to /home/jlukas/Desktop/My_Project/ROS2/ros2_rpi_cv2/install/ros2_rpi_cv2/lib/ros2_rpi_cv2
[4.479s] writing list of installed files to '/home/jlukas/Desktop/My_Project/ROS2/ros2_rpi_cv2/build/ros2_rpi_cv2/install.log'
[4.573s] Invoked command in '/home/jlukas/Desktop/My_Project/ROS2/ros2_rpi_cv2/src/ros2_rpi_cv2' returned '0': PYTHONPATH=/home/jlukas/Desktop/My_Project/ROS2/ros2_rpi_cv2/build/ros2_rpi_cv2/prefix_override:/home/jlukas/Desktop/My_Project/ROS2/ros2_rpi_cv2/install/ros2_rpi_cv2/lib/python3.10/site-packages:${PYTHONPATH} /usr/bin/python3 setup.py egg_info --egg-base ../../build/ros2_rpi_cv2 build --build-base /home/jlukas/Desktop/My_Project/ROS2/ros2_rpi_cv2/build/ros2_rpi_cv2/build install --record /home/jlukas/Desktop/My_Project/ROS2/ros2_rpi_cv2/build/ros2_rpi_cv2/install.log --single-version-externally-managed
