[0.759s] Invoking command in '/home/jlukas/My_Project/ROS2/rover/src/rover': PYTHONPATH=/home/jlukas/My_Project/ROS2/rover/build/rover/prefix_override:/home/jlukas/My_Project/ROS2/rover/install/rover/lib/python3.10/site-packages:${PYTHONPATH} WSLENV=ELECTRON_RUN_AS_NODE/w: /usr/bin/python3 setup.py egg_info --egg-base ../../build/rover build --build-base /home/jlukas/My_Project/ROS2/rover/build/rover/build install --record /home/jlukas/My_Project/ROS2/rover/build/rover/install.log --single-version-externally-managed
[1.013s] running egg_info
[1.014s] writing ../../build/rover/rover.egg-info/PKG-INFO
[1.014s] writing dependency_links to ../../build/rover/rover.egg-info/dependency_links.txt
[1.015s] writing entry points to ../../build/rover/rover.egg-info/entry_points.txt
[1.015s] writing requirements to ../../build/rover/rover.egg-info/requires.txt
[1.015s] writing top-level names to ../../build/rover/rover.egg-info/top_level.txt
[1.016s] reading manifest file '../../build/rover/rover.egg-info/SOURCES.txt'
[1.017s] writing manifest file '../../build/rover/rover.egg-info/SOURCES.txt'
[1.017s] running build
[1.017s] running build_py
[1.018s] running install
[1.018s] running install_lib
[1.019s] running install_data
[1.020s] copying urdf/rover.xacro -> /home/jlukas/My_Project/ROS2/rover/install/rover/share/rover/urdf
[1.020s] running install_egg_info
[1.023s] removing '/home/jlukas/My_Project/ROS2/rover/install/rover/lib/python3.10/site-packages/rover-0.0.0-py3.10.egg-info' (and everything under it)
[1.023s] Copying ../../build/rover/rover.egg-info to /home/jlukas/My_Project/ROS2/rover/install/rover/lib/python3.10/site-packages/rover-0.0.0-py3.10.egg-info
[1.025s] running install_scripts
[1.048s] Installing lidar_differential script to /home/jlukas/My_Project/ROS2/rover/install/rover/lib/rover
[1.049s] Installing lidar_obstacle_region_split script to /home/jlukas/My_Project/ROS2/rover/install/rover/lib/rover
[1.049s] writing list of installed files to '/home/jlukas/My_Project/ROS2/rover/build/rover/install.log'
[1.086s] Invoked command in '/home/jlukas/My_Project/ROS2/rover/src/rover' returned '0': PYTHONPATH=/home/jlukas/My_Project/ROS2/rover/build/rover/prefix_override:/home/jlukas/My_Project/ROS2/rover/install/rover/lib/python3.10/site-packages:${PYTHONPATH} WSLENV=ELECTRON_RUN_AS_NODE/w: /usr/bin/python3 setup.py egg_info --egg-base ../../build/rover build --build-base /home/jlukas/My_Project/ROS2/rover/build/rover/build install --record /home/jlukas/My_Project/ROS2/rover/build/rover/install.log --single-version-externally-managed
