[1.145s] DEBUG:colcon:Command line arguments: ['/usr/bin/colcon', 'build', '--symlink-install']
[1.145s] DEBUG:colcon:Parsed command line arguments: Namespace(log_base=None, log_level=None, verb_name='build', build_base='build', install_base='install', merge_install=False, symlink_install=True, test_result_base=None, continue_on_error=False, executor='parallel', parallel_workers=8, event_handlers=None, ignore_user_meta=False, metas=['./colcon.meta'], base_paths=['.'], packages_ignore=None, packages_ignore_regex=None, paths=None, packages_up_to=None, packages_up_to_regex=None, packages_above=None, packages_above_and_dependencies=None, packages_above_depth=None, packages_select_by_dep=None, packages_skip_by_dep=None, packages_skip_up_to=None, packages_select_build_failed=False, packages_skip_build_finished=False, packages_select_test_failures=False, packages_skip_test_passed=False, packages_select=None, packages_skip=None, packages_select_regex=None, packages_skip_regex=None, packages_start=None, packages_end=None, allow_overriding=[], cmake_args=None, cmake_target=None, cmake_target_skip_unavailable=False, cmake_clean_cache=False, cmake_clean_first=False, cmake_force_configure=False, ament_cmake_args=None, catkin_cmake_args=None, catkin_skip_building_tests=False, verb_parser=<colcon_defaults.argument_parser.defaults.DefaultArgumentsDecorator object at 0x7f07754155a0>, verb_extension=<colcon_core.verb.build.BuildVerb object at 0x7f077568fa30>, main=<bound method BuildVerb.main of <colcon_core.verb.build.BuildVerb object at 0x7f077568fa30>>)
[1.191s] Level 1:colcon.colcon_core.package_discovery:discover_packages(colcon_meta) check parameters
[1.191s] Level 1:colcon.colcon_core.package_discovery:discover_packages(recursive) check parameters
[1.191s] Level 1:colcon.colcon_core.package_discovery:discover_packages(ignore) check parameters
[1.191s] Level 1:colcon.colcon_core.package_discovery:discover_packages(path) check parameters
[1.191s] Level 1:colcon.colcon_core.package_discovery:discover_packages(colcon_meta) discover
[1.191s] Level 1:colcon.colcon_core.package_discovery:discover_packages(recursive) discover
[1.191s] INFO:colcon.colcon_core.package_discovery:Crawling recursively for packages in '/home/jlukas/My_Project/ROS2/rover'
[1.191s] Level 1:colcon.colcon_core.package_identification:_identify(.) by extensions ['ignore', 'ignore_ament_install']
[1.192s] Level 1:colcon.colcon_core.package_identification:_identify(.) by extension 'ignore'
[1.192s] Level 1:colcon.colcon_core.package_identification:_identify(.) by extension 'ignore_ament_install'
[1.192s] Level 1:colcon.colcon_core.package_identification:_identify(.) by extensions ['colcon_pkg']
[1.192s] Level 1:colcon.colcon_core.package_identification:_identify(.) by extension 'colcon_pkg'
[1.192s] Level 1:colcon.colcon_core.package_identification:_identify(.) by extensions ['colcon_meta']
[1.192s] Level 1:colcon.colcon_core.package_identification:_identify(.) by extension 'colcon_meta'
[1.192s] Level 1:colcon.colcon_core.package_identification:_identify(.) by extensions ['ros']
[1.192s] Level 1:colcon.colcon_core.package_identification:_identify(.) by extension 'ros'
[1.203s] Level 1:colcon.colcon_core.package_identification:_identify(.) by extensions ['cmake', 'python']
[1.203s] Level 1:colcon.colcon_core.package_identification:_identify(.) by extension 'cmake'
[1.204s] Level 1:colcon.colcon_core.package_identification:_identify(.) by extension 'python'
[1.204s] Level 1:colcon.colcon_core.package_identification:_identify(.) by extensions ['python_setup_py']
[1.204s] Level 1:colcon.colcon_core.package_identification:_identify(.) by extension 'python_setup_py'
[1.204s] Level 1:colcon.colcon_core.package_identification:_identify(build) by extensions ['ignore', 'ignore_ament_install']
[1.204s] Level 1:colcon.colcon_core.package_identification:_identify(build) by extension 'ignore'
[1.204s] Level 1:colcon.colcon_core.package_identification:_identify(build) ignored
[1.204s] Level 1:colcon.colcon_core.package_identification:_identify(install) by extensions ['ignore', 'ignore_ament_install']
[1.204s] Level 1:colcon.colcon_core.package_identification:_identify(install) by extension 'ignore'
[1.205s] Level 1:colcon.colcon_core.package_identification:_identify(install) ignored
[1.205s] Level 1:colcon.colcon_core.package_identification:_identify(log) by extensions ['ignore', 'ignore_ament_install']
[1.205s] Level 1:colcon.colcon_core.package_identification:_identify(log) by extension 'ignore'
[1.205s] Level 1:colcon.colcon_core.package_identification:_identify(log) ignored
[1.205s] Level 1:colcon.colcon_core.package_identification:_identify(src) by extensions ['ignore', 'ignore_ament_install']
[1.205s] Level 1:colcon.colcon_core.package_identification:_identify(src) by extension 'ignore'
[1.205s] Level 1:colcon.colcon_core.package_identification:_identify(src) by extension 'ignore_ament_install'
[1.205s] Level 1:colcon.colcon_core.package_identification:_identify(src) by extensions ['colcon_pkg']
[1.205s] Level 1:colcon.colcon_core.package_identification:_identify(src) by extension 'colcon_pkg'
[1.205s] Level 1:colcon.colcon_core.package_identification:_identify(src) by extensions ['colcon_meta']
[1.205s] Level 1:colcon.colcon_core.package_identification:_identify(src) by extension 'colcon_meta'
[1.205s] Level 1:colcon.colcon_core.package_identification:_identify(src) by extensions ['ros']
[1.205s] Level 1:colcon.colcon_core.package_identification:_identify(src) by extension 'ros'
[1.205s] Level 1:colcon.colcon_core.package_identification:_identify(src) by extensions ['cmake', 'python']
[1.205s] Level 1:colcon.colcon_core.package_identification:_identify(src) by extension 'cmake'
[1.206s] Level 1:colcon.colcon_core.package_identification:_identify(src) by extension 'python'
[1.206s] Level 1:colcon.colcon_core.package_identification:_identify(src) by extensions ['python_setup_py']
[1.206s] Level 1:colcon.colcon_core.package_identification:_identify(src) by extension 'python_setup_py'
[1.206s] Level 1:colcon.colcon_core.package_identification:_identify(src/rover) by extensions ['ignore', 'ignore_ament_install']
[1.206s] Level 1:colcon.colcon_core.package_identification:_identify(src/rover) by extension 'ignore'
[1.206s] Level 1:colcon.colcon_core.package_identification:_identify(src/rover) by extension 'ignore_ament_install'
[1.206s] Level 1:colcon.colcon_core.package_identification:_identify(src/rover) by extensions ['colcon_pkg']
[1.206s] Level 1:colcon.colcon_core.package_identification:_identify(src/rover) by extension 'colcon_pkg'
[1.206s] Level 1:colcon.colcon_core.package_identification:_identify(src/rover) by extensions ['colcon_meta']
[1.206s] Level 1:colcon.colcon_core.package_identification:_identify(src/rover) by extension 'colcon_meta'
[1.206s] Level 1:colcon.colcon_core.package_identification:_identify(src/rover) by extensions ['ros']
[1.206s] Level 1:colcon.colcon_core.package_identification:_identify(src/rover) by extension 'ros'
[1.208s] DEBUG:colcon.colcon_core.package_identification:Package 'src/rover' with type 'ros.ament_python' and name 'rover'
[1.208s] Level 1:colcon.colcon_core.package_discovery:discover_packages(recursive) using defaults
[1.209s] Level 1:colcon.colcon_core.package_discovery:discover_packages(ignore) discover
[1.209s] Level 1:colcon.colcon_core.package_discovery:discover_packages(ignore) using defaults
[1.209s] Level 1:colcon.colcon_core.package_discovery:discover_packages(path) discover
[1.209s] Level 1:colcon.colcon_core.package_discovery:discover_packages(path) using defaults
[1.293s] Level 1:colcon.colcon_core.package_discovery:discover_packages(prefix_path) check parameters
[1.293s] Level 1:colcon.colcon_core.package_discovery:discover_packages(prefix_path) discover
[1.307s] WARNING:colcon.colcon_core.prefix_path.colcon:The path '/home/jlukas/My_Project/ROS2/ros2_differential_obstacle_robot/install' in the environment variable COLCON_PREFIX_PATH doesn't exist
[1.308s] WARNING:colcon.colcon_ros.prefix_path.ament:The path '/home/jlukas/My_Project/ROS2/ros2_differential_obstacle_robot/install/rover' in the environment variable AMENT_PREFIX_PATH doesn't exist
[1.321s] DEBUG:colcon.colcon_installed_package_information.package_discovery:Found 1 installed packages in /home/jlukas/My_Project/ROS2/rover/install
[1.336s] DEBUG:colcon.colcon_installed_package_information.package_discovery:Found 1 installed packages in /home/jlukas/My_Project/ROS2/ros2_differential_drive_robot/install
[1.351s] DEBUG:colcon.colcon_installed_package_information.package_discovery:Found 280 installed packages in /opt/ros/humble
[1.352s] Level 1:colcon.colcon_core.package_discovery:discover_packages(prefix_path) using defaults
[1.438s] Level 5:colcon.colcon_core.verb:set package 'rover' build argument 'cmake_args' from command line to 'None'
[1.438s] Level 5:colcon.colcon_core.verb:set package 'rover' build argument 'cmake_target' from command line to 'None'
[1.438s] Level 5:colcon.colcon_core.verb:set package 'rover' build argument 'cmake_target_skip_unavailable' from command line to 'False'
[1.438s] Level 5:colcon.colcon_core.verb:set package 'rover' build argument 'cmake_clean_cache' from command line to 'False'
[1.438s] Level 5:colcon.colcon_core.verb:set package 'rover' build argument 'cmake_clean_first' from command line to 'False'
[1.438s] Level 5:colcon.colcon_core.verb:set package 'rover' build argument 'cmake_force_configure' from command line to 'False'
[1.438s] Level 5:colcon.colcon_core.verb:set package 'rover' build argument 'ament_cmake_args' from command line to 'None'
[1.438s] Level 5:colcon.colcon_core.verb:set package 'rover' build argument 'catkin_cmake_args' from command line to 'None'
[1.438s] Level 5:colcon.colcon_core.verb:set package 'rover' build argument 'catkin_skip_building_tests' from command line to 'False'
[1.438s] DEBUG:colcon.colcon_core.verb:Building package 'rover' with the following arguments: {'ament_cmake_args': None, 'build_base': '/home/jlukas/My_Project/ROS2/rover/build/rover', 'catkin_cmake_args': None, 'catkin_skip_building_tests': False, 'cmake_args': None, 'cmake_clean_cache': False, 'cmake_clean_first': False, 'cmake_force_configure': False, 'cmake_target': None, 'cmake_target_skip_unavailable': False, 'install_base': '/home/jlukas/My_Project/ROS2/rover/install/rover', 'merge_install': False, 'path': '/home/jlukas/My_Project/ROS2/rover/src/rover', 'symlink_install': True, 'test_result_base': None}
[1.450s] INFO:colcon.colcon_core.executor:Executing jobs using 'parallel' executor
[1.462s] DEBUG:colcon.colcon_parallel_executor.executor.parallel:run_until_complete
[1.463s] INFO:colcon.colcon_ros.task.ament_python.build:Building ROS package in '/home/jlukas/My_Project/ROS2/rover/src/rover' with build type 'ament_python'
[1.463s] Level 1:colcon.colcon_core.shell:create_environment_hook('rover', 'ament_prefix_path')
[1.480s] INFO:colcon.colcon_core.plugin_system:Skipping extension 'colcon_core.shell.bat': Not used on non-Windows systems
[1.480s] INFO:colcon.colcon_core.shell:Creating environment hook '/home/jlukas/My_Project/ROS2/rover/install/rover/share/rover/hook/ament_prefix_path.ps1'
[1.481s] INFO:colcon.colcon_core.shell:Creating environment descriptor '/home/jlukas/My_Project/ROS2/rover/install/rover/share/rover/hook/ament_prefix_path.dsv'
[1.482s] INFO:colcon.colcon_core.shell:Creating environment hook '/home/jlukas/My_Project/ROS2/rover/install/rover/share/rover/hook/ament_prefix_path.sh'
[1.496s] INFO:colcon.colcon_core.shell:Skip shell extension 'powershell' for command environment: Not usable outside of PowerShell
[1.496s] DEBUG:colcon.colcon_core.shell:Skip shell extension 'dsv' for command environment
[1.866s] INFO:colcon.colcon_core.task.python.build:Building Python package in '/home/jlukas/My_Project/ROS2/rover/src/rover'
[1.884s] INFO:colcon.colcon_core.shell:Skip shell extension 'powershell' for command environment: Not usable outside of PowerShell
[1.884s] DEBUG:colcon.colcon_core.shell:Skip shell extension 'dsv' for command environment
[2.243s] DEBUG:colcon.colcon_core.event_handler.log_command:Invoking command in '/home/jlukas/My_Project/ROS2/rover/build/rover': PYTHONPATH=/home/jlukas/My_Project/ROS2/rover/build/rover/prefix_override:/home/jlukas/My_Project/ROS2/rover/install/rover/lib/python3.10/site-packages:${PYTHONPATH} /usr/bin/python3 setup.py develop --editable --build-directory /home/jlukas/My_Project/ROS2/rover/build/rover/build --no-deps install_data
[2.647s] Level 1:colcon.colcon_core.shell:create_environment_hook('rover', 'pythonpath_develop')
[2.648s] DEBUG:colcon.colcon_core.event_handler.log_command:Invoked command in '/home/jlukas/My_Project/ROS2/rover/build/rover' returned '0': PYTHONPATH=/home/jlukas/My_Project/ROS2/rover/build/rover/prefix_override:/home/jlukas/My_Project/ROS2/rover/install/rover/lib/python3.10/site-packages:${PYTHONPATH} /usr/bin/python3 setup.py develop --editable --build-directory /home/jlukas/My_Project/ROS2/rover/build/rover/build --no-deps install_data
[2.661s] INFO:colcon.colcon_core.shell:Creating environment hook '/home/jlukas/My_Project/ROS2/rover/build/rover/share/rover/hook/pythonpath_develop.ps1'
[2.662s] INFO:colcon.colcon_core.shell:Creating environment descriptor '/home/jlukas/My_Project/ROS2/rover/build/rover/share/rover/hook/pythonpath_develop.dsv'
[2.662s] INFO:colcon.colcon_core.shell:Creating environment hook '/home/jlukas/My_Project/ROS2/rover/build/rover/share/rover/hook/pythonpath_develop.sh'
[2.678s] Level 1:colcon.colcon_core.environment:checking '/home/jlukas/My_Project/ROS2/rover/install/rover' for CMake module files
[2.679s] Level 1:colcon.colcon_core.environment:checking '/home/jlukas/My_Project/ROS2/rover/install/rover' for CMake config files
[2.680s] Level 1:colcon.colcon_core.environment:checking '/home/jlukas/My_Project/ROS2/rover/install/rover/lib'
[2.680s] Level 1:colcon.colcon_core.environment:checking '/home/jlukas/My_Project/ROS2/rover/install/rover/bin'
[2.681s] Level 1:colcon.colcon_core.environment:checking '/home/jlukas/My_Project/ROS2/rover/install/rover/lib/pkgconfig/rover.pc'
[2.681s] Level 1:colcon.colcon_core.environment:checking '/home/jlukas/My_Project/ROS2/rover/install/rover/lib/python3.10/site-packages'
[2.681s] Level 1:colcon.colcon_core.shell:create_environment_hook('rover', 'pythonpath')
[2.700s] INFO:colcon.colcon_core.shell:Creating environment hook '/home/jlukas/My_Project/ROS2/rover/install/rover/share/rover/hook/pythonpath.ps1'
[2.700s] INFO:colcon.colcon_core.shell:Creating environment descriptor '/home/jlukas/My_Project/ROS2/rover/install/rover/share/rover/hook/pythonpath.dsv'
[2.701s] INFO:colcon.colcon_core.shell:Creating environment hook '/home/jlukas/My_Project/ROS2/rover/install/rover/share/rover/hook/pythonpath.sh'
[2.701s] Level 1:colcon.colcon_core.environment:checking '/home/jlukas/My_Project/ROS2/rover/install/rover/bin'
[2.701s] Level 1:colcon.colcon_core.environment:create_environment_scripts_only(rover)
[2.714s] INFO:colcon.colcon_core.shell:Creating package script '/home/jlukas/My_Project/ROS2/rover/install/rover/share/rover/package.ps1'
[2.716s] INFO:colcon.colcon_core.shell:Creating package descriptor '/home/jlukas/My_Project/ROS2/rover/install/rover/share/rover/package.dsv'
[2.716s] INFO:colcon.colcon_core.shell:Creating package script '/home/jlukas/My_Project/ROS2/rover/install/rover/share/rover/package.sh'
[2.717s] INFO:colcon.colcon_core.shell:Creating package script '/home/jlukas/My_Project/ROS2/rover/install/rover/share/rover/package.bash'
[2.718s] INFO:colcon.colcon_core.shell:Creating package script '/home/jlukas/My_Project/ROS2/rover/install/rover/share/rover/package.zsh'
[2.718s] Level 1:colcon.colcon_core.environment:create_file_with_runtime_dependencies(/home/jlukas/My_Project/ROS2/rover/install/rover/share/colcon-core/packages/rover)
[2.719s] DEBUG:colcon.colcon_parallel_executor.executor.parallel:closing loop
[2.720s] DEBUG:colcon.colcon_parallel_executor.executor.parallel:loop closed
[2.720s] DEBUG:colcon.colcon_parallel_executor.executor.parallel:run_until_complete finished with '0'
[2.720s] DEBUG:colcon.colcon_core.event_reactor:joining thread
[2.884s] INFO:colcon.colcon_core.plugin_system:Skipping extension 'colcon_notification.desktop_notification.notify_send': Could not find 'notify-send'
[2.885s] INFO:colcon.colcon_core.plugin_system:Skipping extension 'colcon_notification.desktop_notification.terminal_notifier': Not used on non-Darwin systems
[2.885s] INFO:colcon.colcon_core.plugin_system:Skipping extension 'colcon_notification.desktop_notification.win32': Not used on non-Windows systems
[2.885s] INFO:colcon.colcon_notification.desktop_notification:Sending desktop notification using 'notify2'
[2.885s] DEBUG:colcon.colcon_notification.desktop_notification.notify2:Failed to initialize notify2: org.freedesktop.DBus.Error.FileNotFound: Failed to connect to socket /run/user/1000/bus: No such file or directory
[2.885s] DEBUG:colcon.colcon_core.event_reactor:joined thread
[2.898s] INFO:colcon.colcon_core.shell:Creating prefix script '/home/jlukas/My_Project/ROS2/rover/install/local_setup.ps1'
[2.898s] INFO:colcon.colcon_core.shell:Creating prefix util module '/home/jlukas/My_Project/ROS2/rover/install/_local_setup_util_ps1.py'
[2.900s] INFO:colcon.colcon_core.shell:Creating prefix chain script '/home/jlukas/My_Project/ROS2/rover/install/setup.ps1'
[2.917s] INFO:colcon.colcon_core.shell:Creating prefix script '/home/jlukas/My_Project/ROS2/rover/install/local_setup.sh'
[2.918s] INFO:colcon.colcon_core.shell:Creating prefix util module '/home/jlukas/My_Project/ROS2/rover/install/_local_setup_util_sh.py'
[2.919s] INFO:colcon.colcon_core.shell:Creating prefix chain script '/home/jlukas/My_Project/ROS2/rover/install/setup.sh'
[2.935s] INFO:colcon.colcon_core.shell:Creating prefix script '/home/jlukas/My_Project/ROS2/rover/install/local_setup.bash'
[2.935s] INFO:colcon.colcon_core.shell:Creating prefix chain script '/home/jlukas/My_Project/ROS2/rover/install/setup.bash'
[2.948s] INFO:colcon.colcon_core.shell:Creating prefix script '/home/jlukas/My_Project/ROS2/rover/install/local_setup.zsh'
[2.949s] INFO:colcon.colcon_core.shell:Creating prefix chain script '/home/jlukas/My_Project/ROS2/rover/install/setup.zsh'
