[1.609s] DEBUG:colcon:Command line arguments: ['/usr/bin/colcon', 'build']
[1.609s] DEBUG:colcon:Parsed command line arguments: Namespace(log_base=None, log_level=None, verb_name='build', build_base='build', install_base='install', merge_install=False, symlink_install=False, test_result_base=None, continue_on_error=False, executor='parallel', parallel_workers=6, event_handlers=None, ignore_user_meta=False, metas=['./colcon.meta'], base_paths=['.'], packages_ignore=None, packages_ignore_regex=None, paths=None, packages_up_to=None, packages_up_to_regex=None, packages_above=None, packages_above_and_dependencies=None, packages_above_depth=None, packages_select_by_dep=None, packages_skip_by_dep=None, packages_skip_up_to=None, packages_select_build_failed=False, packages_skip_build_finished=False, packages_select_test_failures=False, packages_skip_test_passed=False, packages_select=None, packages_skip=None, packages_select_regex=None, packages_skip_regex=None, packages_start=None, packages_end=None, allow_overriding=[], cmake_args=None, cmake_target=None, cmake_target_skip_unavailable=False, cmake_clean_cache=False, cmake_clean_first=False, cmake_force_configure=False, ament_cmake_args=None, catkin_cmake_args=None, catkin_skip_building_tests=False, verb_parser=<colcon_defaults.argument_parser.defaults.DefaultArgumentsDecorator object at 0x7f2d88297fd0>, verb_extension=<colcon_core.verb.build.BuildVerb object at 0x7f2d88aeacb0>, main=<bound method BuildVerb.main of <colcon_core.verb.build.BuildVerb object at 0x7f2d88aeacb0>>)
[1.746s] Level 1:colcon.colcon_core.package_discovery:discover_packages(colcon_meta) check parameters
[1.747s] Level 1:colcon.colcon_core.package_discovery:discover_packages(recursive) check parameters
[1.747s] Level 1:colcon.colcon_core.package_discovery:discover_packages(ignore) check parameters
[1.747s] Level 1:colcon.colcon_core.package_discovery:discover_packages(path) check parameters
[1.747s] Level 1:colcon.colcon_core.package_discovery:discover_packages(colcon_meta) discover
[1.748s] Level 1:colcon.colcon_core.package_discovery:discover_packages(recursive) discover
[1.748s] INFO:colcon.colcon_core.package_discovery:Crawling recursively for packages in '/home/jlukas/Desktop/My_Project/ROS2/ros2_rpi_cv2'
[1.748s] Level 1:colcon.colcon_core.package_identification:_identify(.) by extensions ['ignore', 'ignore_ament_install']
[1.749s] Level 1:colcon.colcon_core.package_identification:_identify(.) by extension 'ignore'
[1.749s] Level 1:colcon.colcon_core.package_identification:_identify(.) by extension 'ignore_ament_install'
[1.750s] Level 1:colcon.colcon_core.package_identification:_identify(.) by extensions ['colcon_pkg']
[1.750s] Level 1:colcon.colcon_core.package_identification:_identify(.) by extension 'colcon_pkg'
[1.750s] Level 1:colcon.colcon_core.package_identification:_identify(.) by extensions ['colcon_meta']
[1.750s] Level 1:colcon.colcon_core.package_identification:_identify(.) by extension 'colcon_meta'
[1.750s] Level 1:colcon.colcon_core.package_identification:_identify(.) by extensions ['ros']
[1.750s] Level 1:colcon.colcon_core.package_identification:_identify(.) by extension 'ros'
[1.817s] Level 1:colcon.colcon_core.package_identification:_identify(.) by extensions ['cmake', 'python']
[1.817s] Level 1:colcon.colcon_core.package_identification:_identify(.) by extension 'cmake'
[1.818s] Level 1:colcon.colcon_core.package_identification:_identify(.) by extension 'python'
[1.818s] Level 1:colcon.colcon_core.package_identification:_identify(.) by extensions ['python_setup_py']
[1.818s] Level 1:colcon.colcon_core.package_identification:_identify(.) by extension 'python_setup_py'
[1.819s] Level 1:colcon.colcon_core.package_identification:_identify(build) by extensions ['ignore', 'ignore_ament_install']
[1.820s] Level 1:colcon.colcon_core.package_identification:_identify(build) by extension 'ignore'
[1.820s] Level 1:colcon.colcon_core.package_identification:_identify(build) ignored
[1.820s] Level 1:colcon.colcon_core.package_identification:_identify(install) by extensions ['ignore', 'ignore_ament_install']
[1.821s] Level 1:colcon.colcon_core.package_identification:_identify(install) by extension 'ignore'
[1.821s] Level 1:colcon.colcon_core.package_identification:_identify(install) ignored
[1.822s] Level 1:colcon.colcon_core.package_identification:_identify(log) by extensions ['ignore', 'ignore_ament_install']
[1.822s] Level 1:colcon.colcon_core.package_identification:_identify(log) by extension 'ignore'
[1.822s] Level 1:colcon.colcon_core.package_identification:_identify(log) ignored
[1.823s] Level 1:colcon.colcon_core.package_identification:_identify(src) by extensions ['ignore', 'ignore_ament_install']
[1.823s] Level 1:colcon.colcon_core.package_identification:_identify(src) by extension 'ignore'
[1.823s] Level 1:colcon.colcon_core.package_identification:_identify(src) by extension 'ignore_ament_install'
[1.823s] Level 1:colcon.colcon_core.package_identification:_identify(src) by extensions ['colcon_pkg']
[1.824s] Level 1:colcon.colcon_core.package_identification:_identify(src) by extension 'colcon_pkg'
[1.824s] Level 1:colcon.colcon_core.package_identification:_identify(src) by extensions ['colcon_meta']
[1.824s] Level 1:colcon.colcon_core.package_identification:_identify(src) by extension 'colcon_meta'
[1.824s] Level 1:colcon.colcon_core.package_identification:_identify(src) by extensions ['ros']
[1.825s] Level 1:colcon.colcon_core.package_identification:_identify(src) by extension 'ros'
[1.825s] Level 1:colcon.colcon_core.package_identification:_identify(src) by extensions ['cmake', 'python']
[1.826s] Level 1:colcon.colcon_core.package_identification:_identify(src) by extension 'cmake'
[1.826s] Level 1:colcon.colcon_core.package_identification:_identify(src) by extension 'python'
[1.826s] Level 1:colcon.colcon_core.package_identification:_identify(src) by extensions ['python_setup_py']
[1.826s] Level 1:colcon.colcon_core.package_identification:_identify(src) by extension 'python_setup_py'
[1.827s] Level 1:colcon.colcon_core.package_identification:_identify(src/ros2_rpi_cv2) by extensions ['ignore', 'ignore_ament_install']
[1.827s] Level 1:colcon.colcon_core.package_identification:_identify(src/ros2_rpi_cv2) by extension 'ignore'
[1.828s] Level 1:colcon.colcon_core.package_identification:_identify(src/ros2_rpi_cv2) by extension 'ignore_ament_install'
[1.828s] Level 1:colcon.colcon_core.package_identification:_identify(src/ros2_rpi_cv2) by extensions ['colcon_pkg']
[1.829s] Level 1:colcon.colcon_core.package_identification:_identify(src/ros2_rpi_cv2) by extension 'colcon_pkg'
[1.829s] Level 1:colcon.colcon_core.package_identification:_identify(src/ros2_rpi_cv2) by extensions ['colcon_meta']
[1.829s] Level 1:colcon.colcon_core.package_identification:_identify(src/ros2_rpi_cv2) by extension 'colcon_meta'
[1.829s] Level 1:colcon.colcon_core.package_identification:_identify(src/ros2_rpi_cv2) by extensions ['ros']
[1.830s] Level 1:colcon.colcon_core.package_identification:_identify(src/ros2_rpi_cv2) by extension 'ros'
[1.844s] DEBUG:colcon.colcon_core.package_identification:Package 'src/ros2_rpi_cv2' with type 'ros.ament_python' and name 'ros2_rpi_cv2'
[1.844s] Level 1:colcon.colcon_core.package_discovery:discover_packages(recursive) using defaults
[1.844s] Level 1:colcon.colcon_core.package_discovery:discover_packages(ignore) discover
[1.844s] Level 1:colcon.colcon_core.package_discovery:discover_packages(ignore) using defaults
[1.845s] Level 1:colcon.colcon_core.package_discovery:discover_packages(path) discover
[1.845s] Level 1:colcon.colcon_core.package_discovery:discover_packages(path) using defaults
[1.959s] Level 1:colcon.colcon_core.package_discovery:discover_packages(prefix_path) check parameters
[1.959s] Level 1:colcon.colcon_core.package_discovery:discover_packages(prefix_path) discover
[1.979s] DEBUG:colcon.colcon_installed_package_information.package_discovery:Found 1 installed packages in /home/jlukas/Desktop/My_Project/ROS2/ros2_rpi_cv2/install
[1.988s] DEBUG:colcon.colcon_installed_package_information.package_discovery:Found 281 installed packages in /opt/ros/humble
[1.991s] Level 1:colcon.colcon_core.package_discovery:discover_packages(prefix_path) using defaults
[2.306s] Level 5:colcon.colcon_core.verb:set package 'ros2_rpi_cv2' build argument 'cmake_args' from command line to 'None'
[2.307s] Level 5:colcon.colcon_core.verb:set package 'ros2_rpi_cv2' build argument 'cmake_target' from command line to 'None'
[2.307s] Level 5:colcon.colcon_core.verb:set package 'ros2_rpi_cv2' build argument 'cmake_target_skip_unavailable' from command line to 'False'
[2.307s] Level 5:colcon.colcon_core.verb:set package 'ros2_rpi_cv2' build argument 'cmake_clean_cache' from command line to 'False'
[2.307s] Level 5:colcon.colcon_core.verb:set package 'ros2_rpi_cv2' build argument 'cmake_clean_first' from command line to 'False'
[2.307s] Level 5:colcon.colcon_core.verb:set package 'ros2_rpi_cv2' build argument 'cmake_force_configure' from command line to 'False'
[2.307s] Level 5:colcon.colcon_core.verb:set package 'ros2_rpi_cv2' build argument 'ament_cmake_args' from command line to 'None'
[2.308s] Level 5:colcon.colcon_core.verb:set package 'ros2_rpi_cv2' build argument 'catkin_cmake_args' from command line to 'None'
[2.308s] Level 5:colcon.colcon_core.verb:set package 'ros2_rpi_cv2' build argument 'catkin_skip_building_tests' from command line to 'False'
[2.308s] DEBUG:colcon.colcon_core.verb:Building package 'ros2_rpi_cv2' with the following arguments: {'ament_cmake_args': None, 'build_base': '/home/jlukas/Desktop/My_Project/ROS2/ros2_rpi_cv2/build/ros2_rpi_cv2', 'catkin_cmake_args': None, 'catkin_skip_building_tests': False, 'cmake_args': None, 'cmake_clean_cache': False, 'cmake_clean_first': False, 'cmake_force_configure': False, 'cmake_target': None, 'cmake_target_skip_unavailable': False, 'install_base': '/home/jlukas/Desktop/My_Project/ROS2/ros2_rpi_cv2/install/ros2_rpi_cv2', 'merge_install': False, 'path': '/home/jlukas/Desktop/My_Project/ROS2/ros2_rpi_cv2/src/ros2_rpi_cv2', 'symlink_install': False, 'test_result_base': None}
[2.310s] INFO:colcon.colcon_core.executor:Executing jobs using 'parallel' executor
[2.319s] DEBUG:colcon.colcon_parallel_executor.executor.parallel:run_until_complete
[2.321s] INFO:colcon.colcon_ros.task.ament_python.build:Building ROS package in '/home/jlukas/Desktop/My_Project/ROS2/ros2_rpi_cv2/src/ros2_rpi_cv2' with build type 'ament_python'
[2.323s] Level 1:colcon.colcon_core.shell:create_environment_hook('ros2_rpi_cv2', 'ament_prefix_path')
[2.353s] INFO:colcon.colcon_core.plugin_system:Skipping extension 'colcon_core.shell.bat': Not used on non-Windows systems
[2.356s] INFO:colcon.colcon_core.shell:Creating environment hook '/home/jlukas/Desktop/My_Project/ROS2/ros2_rpi_cv2/install/ros2_rpi_cv2/share/ros2_rpi_cv2/hook/ament_prefix_path.ps1'
[2.362s] INFO:colcon.colcon_core.shell:Creating environment descriptor '/home/jlukas/Desktop/My_Project/ROS2/ros2_rpi_cv2/install/ros2_rpi_cv2/share/ros2_rpi_cv2/hook/ament_prefix_path.dsv'
[2.365s] INFO:colcon.colcon_core.shell:Creating environment hook '/home/jlukas/Desktop/My_Project/ROS2/ros2_rpi_cv2/install/ros2_rpi_cv2/share/ros2_rpi_cv2/hook/ament_prefix_path.sh'
[2.375s] INFO:colcon.colcon_core.shell:Skip shell extension 'powershell' for command environment: Not usable outside of PowerShell
[2.375s] DEBUG:colcon.colcon_core.shell:Skip shell extension 'dsv' for command environment
[3.221s] INFO:colcon.colcon_core.task.python.build:Building Python package in '/home/jlukas/Desktop/My_Project/ROS2/ros2_rpi_cv2/src/ros2_rpi_cv2'
[3.225s] INFO:colcon.colcon_core.shell:Skip shell extension 'powershell' for command environment: Not usable outside of PowerShell
[3.225s] DEBUG:colcon.colcon_core.shell:Skip shell extension 'dsv' for command environment
[4.366s] DEBUG:colcon.colcon_core.event_handler.log_command:Invoking command in '/home/jlukas/Desktop/My_Project/ROS2/ros2_rpi_cv2/src/ros2_rpi_cv2': PYTHONPATH=/home/jlukas/Desktop/My_Project/ROS2/ros2_rpi_cv2/build/ros2_rpi_cv2/prefix_override:/home/jlukas/Desktop/My_Project/ROS2/ros2_rpi_cv2/install/ros2_rpi_cv2/lib/python3.10/site-packages:${PYTHONPATH} /usr/bin/python3 setup.py egg_info --egg-base ../../build/ros2_rpi_cv2 build --build-base /home/jlukas/Desktop/My_Project/ROS2/ros2_rpi_cv2/build/ros2_rpi_cv2/build install --record /home/jlukas/Desktop/My_Project/ROS2/ros2_rpi_cv2/build/ros2_rpi_cv2/install.log --single-version-externally-managed
[5.298s] DEBUG:colcon.colcon_core.event_handler.log_command:Invoked command in '/home/jlukas/Desktop/My_Project/ROS2/ros2_rpi_cv2/src/ros2_rpi_cv2' returned '0': PYTHONPATH=/home/jlukas/Desktop/My_Project/ROS2/ros2_rpi_cv2/build/ros2_rpi_cv2/prefix_override:/home/jlukas/Desktop/My_Project/ROS2/ros2_rpi_cv2/install/ros2_rpi_cv2/lib/python3.10/site-packages:${PYTHONPATH} /usr/bin/python3 setup.py egg_info --egg-base ../../build/ros2_rpi_cv2 build --build-base /home/jlukas/Desktop/My_Project/ROS2/ros2_rpi_cv2/build/ros2_rpi_cv2/build install --record /home/jlukas/Desktop/My_Project/ROS2/ros2_rpi_cv2/build/ros2_rpi_cv2/install.log --single-version-externally-managed
[5.328s] Level 1:colcon.colcon_core.environment:checking '/home/jlukas/Desktop/My_Project/ROS2/ros2_rpi_cv2/install/ros2_rpi_cv2' for CMake module files
[5.331s] Level 1:colcon.colcon_core.environment:checking '/home/jlukas/Desktop/My_Project/ROS2/ros2_rpi_cv2/install/ros2_rpi_cv2' for CMake config files
[5.335s] Level 1:colcon.colcon_core.environment:checking '/home/jlukas/Desktop/My_Project/ROS2/ros2_rpi_cv2/install/ros2_rpi_cv2/lib'
[5.335s] Level 1:colcon.colcon_core.environment:checking '/home/jlukas/Desktop/My_Project/ROS2/ros2_rpi_cv2/install/ros2_rpi_cv2/bin'
[5.336s] Level 1:colcon.colcon_core.environment:checking '/home/jlukas/Desktop/My_Project/ROS2/ros2_rpi_cv2/install/ros2_rpi_cv2/lib/pkgconfig/ros2_rpi_cv2.pc'
[5.336s] Level 1:colcon.colcon_core.environment:checking '/home/jlukas/Desktop/My_Project/ROS2/ros2_rpi_cv2/install/ros2_rpi_cv2/lib/python3.10/site-packages'
[5.337s] Level 1:colcon.colcon_core.shell:create_environment_hook('ros2_rpi_cv2', 'pythonpath')
[5.340s] INFO:colcon.colcon_core.shell:Creating environment hook '/home/jlukas/Desktop/My_Project/ROS2/ros2_rpi_cv2/install/ros2_rpi_cv2/share/ros2_rpi_cv2/hook/pythonpath.ps1'
[5.343s] INFO:colcon.colcon_core.shell:Creating environment descriptor '/home/jlukas/Desktop/My_Project/ROS2/ros2_rpi_cv2/install/ros2_rpi_cv2/share/ros2_rpi_cv2/hook/pythonpath.dsv'
[5.344s] INFO:colcon.colcon_core.shell:Creating environment hook '/home/jlukas/Desktop/My_Project/ROS2/ros2_rpi_cv2/install/ros2_rpi_cv2/share/ros2_rpi_cv2/hook/pythonpath.sh'
[5.348s] Level 1:colcon.colcon_core.environment:checking '/home/jlukas/Desktop/My_Project/ROS2/ros2_rpi_cv2/install/ros2_rpi_cv2/bin'
[5.348s] Level 1:colcon.colcon_core.environment:create_environment_scripts_only(ros2_rpi_cv2)
[5.352s] INFO:colcon.colcon_core.shell:Creating package script '/home/jlukas/Desktop/My_Project/ROS2/ros2_rpi_cv2/install/ros2_rpi_cv2/share/ros2_rpi_cv2/package.ps1'
[5.355s] INFO:colcon.colcon_core.shell:Creating package descriptor '/home/jlukas/Desktop/My_Project/ROS2/ros2_rpi_cv2/install/ros2_rpi_cv2/share/ros2_rpi_cv2/package.dsv'
[5.358s] INFO:colcon.colcon_core.shell:Creating package script '/home/jlukas/Desktop/My_Project/ROS2/ros2_rpi_cv2/install/ros2_rpi_cv2/share/ros2_rpi_cv2/package.sh'
[5.361s] INFO:colcon.colcon_core.shell:Creating package script '/home/jlukas/Desktop/My_Project/ROS2/ros2_rpi_cv2/install/ros2_rpi_cv2/share/ros2_rpi_cv2/package.bash'
[5.364s] INFO:colcon.colcon_core.shell:Creating package script '/home/jlukas/Desktop/My_Project/ROS2/ros2_rpi_cv2/install/ros2_rpi_cv2/share/ros2_rpi_cv2/package.zsh'
[5.368s] Level 1:colcon.colcon_core.environment:create_file_with_runtime_dependencies(/home/jlukas/Desktop/My_Project/ROS2/ros2_rpi_cv2/install/ros2_rpi_cv2/share/colcon-core/packages/ros2_rpi_cv2)
[5.369s] DEBUG:colcon.colcon_parallel_executor.executor.parallel:closing loop
[5.370s] DEBUG:colcon.colcon_parallel_executor.executor.parallel:loop closed
[5.370s] DEBUG:colcon.colcon_parallel_executor.executor.parallel:run_until_complete finished with '0'
[5.371s] DEBUG:colcon.colcon_core.event_reactor:joining thread
[5.409s] INFO:colcon.colcon_core.plugin_system:Skipping extension 'colcon_notification.desktop_notification.terminal_notifier': Not used on non-Darwin systems
[5.410s] INFO:colcon.colcon_core.plugin_system:Skipping extension 'colcon_notification.desktop_notification.win32': Not used on non-Windows systems
[5.410s] INFO:colcon.colcon_notification.desktop_notification:Sending desktop notification using 'notify2'
[5.606s] DEBUG:colcon.colcon_core.event_reactor:joined thread
[5.612s] INFO:colcon.colcon_core.shell:Creating prefix script '/home/jlukas/Desktop/My_Project/ROS2/ros2_rpi_cv2/install/local_setup.ps1'
[5.616s] INFO:colcon.colcon_core.shell:Creating prefix util module '/home/jlukas/Desktop/My_Project/ROS2/ros2_rpi_cv2/install/_local_setup_util_ps1.py'
[5.627s] INFO:colcon.colcon_core.shell:Creating prefix chain script '/home/jlukas/Desktop/My_Project/ROS2/ros2_rpi_cv2/install/setup.ps1'
[5.635s] INFO:colcon.colcon_core.shell:Creating prefix script '/home/jlukas/Desktop/My_Project/ROS2/ros2_rpi_cv2/install/local_setup.sh'
[5.641s] INFO:colcon.colcon_core.shell:Creating prefix util module '/home/jlukas/Desktop/My_Project/ROS2/ros2_rpi_cv2/install/_local_setup_util_sh.py'
[5.646s] INFO:colcon.colcon_core.shell:Creating prefix chain script '/home/jlukas/Desktop/My_Project/ROS2/ros2_rpi_cv2/install/setup.sh'
[5.655s] INFO:colcon.colcon_core.shell:Creating prefix script '/home/jlukas/Desktop/My_Project/ROS2/ros2_rpi_cv2/install/local_setup.bash'
[5.660s] INFO:colcon.colcon_core.shell:Creating prefix chain script '/home/jlukas/Desktop/My_Project/ROS2/ros2_rpi_cv2/install/setup.bash'
[5.668s] INFO:colcon.colcon_core.shell:Creating prefix script '/home/jlukas/Desktop/My_Project/ROS2/ros2_rpi_cv2/install/local_setup.zsh'
[5.673s] INFO:colcon.colcon_core.shell:Creating prefix chain script '/home/jlukas/Desktop/My_Project/ROS2/ros2_rpi_cv2/install/setup.zsh'
