[0.842s] Invoking command in '/home/jlukas/My_Project/ROS2/ros2_diff_nav2_slam/src/ros2_diff_nav2_slam': PYTHONPATH=/home/jlukas/My_Project/ROS2/ros2_diff_nav2_slam/build/ros2_diff_nav2_slam/prefix_override:/home/jlukas/My_Project/ROS2/ros2_diff_nav2_slam/install/ros2_diff_nav2_slam/lib/python3.10/site-packages:${PYTHONPATH} WSLENV=ELECTRON_RUN_AS_NODE/w: /usr/bin/python3 setup.py egg_info --egg-base ../../build/ros2_diff_nav2_slam build --build-base /home/jlukas/My_Project/ROS2/ros2_diff_nav2_slam/build/ros2_diff_nav2_slam/build install --record /home/jlukas/My_Project/ROS2/ros2_diff_nav2_slam/build/ros2_diff_nav2_slam/install.log --single-version-externally-managed
[1.075s] running egg_info
[1.075s] creating ../../build/ros2_diff_nav2_slam/ros2_diff_nav2_slam.egg-info
[1.075s] writing ../../build/ros2_diff_nav2_slam/ros2_diff_nav2_slam.egg-info/PKG-INFO
[1.076s] writing dependency_links to ../../build/ros2_diff_nav2_slam/ros2_diff_nav2_slam.egg-info/dependency_links.txt
[1.076s] writing entry points to ../../build/ros2_diff_nav2_slam/ros2_diff_nav2_slam.egg-info/entry_points.txt
[1.076s] writing requirements to ../../build/ros2_diff_nav2_slam/ros2_diff_nav2_slam.egg-info/requires.txt
[1.076s] writing top-level names to ../../build/ros2_diff_nav2_slam/ros2_diff_nav2_slam.egg-info/top_level.txt
[1.076s] writing manifest file '../../build/ros2_diff_nav2_slam/ros2_diff_nav2_slam.egg-info/SOURCES.txt'
[1.078s] reading manifest file '../../build/ros2_diff_nav2_slam/ros2_diff_nav2_slam.egg-info/SOURCES.txt'
[1.079s] writing manifest file '../../build/ros2_diff_nav2_slam/ros2_diff_nav2_slam.egg-info/SOURCES.txt'
[1.080s] running build
[1.080s] running build_py
[1.080s] creating /home/jlukas/My_Project/ROS2/ros2_diff_nav2_slam/build/ros2_diff_nav2_slam/build
[1.080s] creating /home/jlukas/My_Project/ROS2/ros2_diff_nav2_slam/build/ros2_diff_nav2_slam/build/lib
[1.081s] creating /home/jlukas/My_Project/ROS2/ros2_diff_nav2_slam/build/ros2_diff_nav2_slam/build/lib/ros2_diff_nav2_slam
[1.081s] copying ros2_diff_nav2_slam/__init__.py -> /home/jlukas/My_Project/ROS2/ros2_diff_nav2_slam/build/ros2_diff_nav2_slam/build/lib/ros2_diff_nav2_slam
[1.081s] running install
[1.081s] /usr/lib/python3/dist-packages/setuptools/command/install.py:34: SetuptoolsDeprecationWarning: setup.py install is deprecated. Use build and pip and other standards-based tools.
[1.081s]   warnings.warn(
[1.081s] running install_lib
[1.082s] creating /home/jlukas/My_Project/ROS2/ros2_diff_nav2_slam/install/ros2_diff_nav2_slam/lib/python3.10/site-packages/ros2_diff_nav2_slam
[1.082s] copying /home/jlukas/My_Project/ROS2/ros2_diff_nav2_slam/build/ros2_diff_nav2_slam/build/lib/ros2_diff_nav2_slam/__init__.py -> /home/jlukas/My_Project/ROS2/ros2_diff_nav2_slam/install/ros2_diff_nav2_slam/lib/python3.10/site-packages/ros2_diff_nav2_slam
[1.083s] byte-compiling /home/jlukas/My_Project/ROS2/ros2_diff_nav2_slam/install/ros2_diff_nav2_slam/lib/python3.10/site-packages/ros2_diff_nav2_slam/__init__.py to __init__.cpython-310.pyc
[1.083s] running install_data
[1.084s] creating /home/jlukas/My_Project/ROS2/ros2_diff_nav2_slam/install/ros2_diff_nav2_slam/share/ament_index
[1.084s] creating /home/jlukas/My_Project/ROS2/ros2_diff_nav2_slam/install/ros2_diff_nav2_slam/share/ament_index/resource_index
[1.084s] creating /home/jlukas/My_Project/ROS2/ros2_diff_nav2_slam/install/ros2_diff_nav2_slam/share/ament_index/resource_index/packages
[1.085s] copying resource/ros2_diff_nav2_slam -> /home/jlukas/My_Project/ROS2/ros2_diff_nav2_slam/install/ros2_diff_nav2_slam/share/ament_index/resource_index/packages
[1.085s] copying package.xml -> /home/jlukas/My_Project/ROS2/ros2_diff_nav2_slam/install/ros2_diff_nav2_slam/share/ros2_diff_nav2_slam
[1.085s] creating /home/jlukas/My_Project/ROS2/ros2_diff_nav2_slam/install/ros2_diff_nav2_slam/share/ros2_diff_nav2_slam/launch
[1.086s] copying launch/joystick.control.launch.py -> /home/jlukas/My_Project/ROS2/ros2_diff_nav2_slam/install/ros2_diff_nav2_slam/share/ros2_diff_nav2_slam/launch
[1.086s] copying launch/launch_sim.launch.py -> /home/jlukas/My_Project/ROS2/ros2_diff_nav2_slam/install/ros2_diff_nav2_slam/share/ros2_diff_nav2_slam/launch
[1.086s] copying launch/rsp.launch.py -> /home/jlukas/My_Project/ROS2/ros2_diff_nav2_slam/install/ros2_diff_nav2_slam/share/ros2_diff_nav2_slam/launch
[1.086s] copying launch/gazebo.sim.launch.py -> /home/jlukas/My_Project/ROS2/ros2_diff_nav2_slam/install/ros2_diff_nav2_slam/share/ros2_diff_nav2_slam/launch
[1.087s] creating /home/jlukas/My_Project/ROS2/ros2_diff_nav2_slam/install/ros2_diff_nav2_slam/share/ros2_diff_nav2_slam/urdf
[1.087s] copying urdf/ros2_control.xacro -> /home/jlukas/My_Project/ROS2/ros2_diff_nav2_slam/install/ros2_diff_nav2_slam/share/ros2_diff_nav2_slam/urdf
[1.087s] copying urdf/gazebo_control_differential_drive.xacro -> /home/jlukas/My_Project/ROS2/ros2_diff_nav2_slam/install/ros2_diff_nav2_slam/share/ros2_diff_nav2_slam/urdf
[1.087s] copying urdf/robot.urdf.xacro -> /home/jlukas/My_Project/ROS2/ros2_diff_nav2_slam/install/ros2_diff_nav2_slam/share/ros2_diff_nav2_slam/urdf
[1.088s] copying urdf/diff.robot.xacro -> /home/jlukas/My_Project/ROS2/ros2_diff_nav2_slam/install/ros2_diff_nav2_slam/share/ros2_diff_nav2_slam/urdf
[1.088s] copying urdf/inertial_macros.xacro -> /home/jlukas/My_Project/ROS2/ros2_diff_nav2_slam/install/ros2_diff_nav2_slam/share/ros2_diff_nav2_slam/urdf
[1.088s] creating /home/jlukas/My_Project/ROS2/ros2_diff_nav2_slam/install/ros2_diff_nav2_slam/share/ros2_diff_nav2_slam/config
[1.088s] copying config/my_controllers.yaml -> /home/jlukas/My_Project/ROS2/ros2_diff_nav2_slam/install/ros2_diff_nav2_slam/share/ros2_diff_nav2_slam/config
[1.088s] running install_egg_info
[1.090s] Copying ../../build/ros2_diff_nav2_slam/ros2_diff_nav2_slam.egg-info to /home/jlukas/My_Project/ROS2/ros2_diff_nav2_slam/install/ros2_diff_nav2_slam/lib/python3.10/site-packages/ros2_diff_nav2_slam-0.0.0-py3.10.egg-info
[1.091s] running install_scripts
[1.113s] writing list of installed files to '/home/jlukas/My_Project/ROS2/ros2_diff_nav2_slam/build/ros2_diff_nav2_slam/install.log'
[1.137s] Invoked command in '/home/jlukas/My_Project/ROS2/ros2_diff_nav2_slam/src/ros2_diff_nav2_slam' returned '0': PYTHONPATH=/home/jlukas/My_Project/ROS2/ros2_diff_nav2_slam/build/ros2_diff_nav2_slam/prefix_override:/home/jlukas/My_Project/ROS2/ros2_diff_nav2_slam/install/ros2_diff_nav2_slam/lib/python3.10/site-packages:${PYTHONPATH} WSLENV=ELECTRON_RUN_AS_NODE/w: /usr/bin/python3 setup.py egg_info --egg-base ../../build/ros2_diff_nav2_slam build --build-base /home/jlukas/My_Project/ROS2/ros2_diff_nav2_slam/build/ros2_diff_nav2_slam/build install --record /home/jlukas/My_Project/ROS2/ros2_diff_nav2_slam/build/ros2_diff_nav2_slam/install.log --single-version-externally-managed
