[0.219s] Invoking command in '/home/jlukas/Desktop/My_Project/ROS2/techdiffbot/build/visualization_marker_tutorials': CMAKE_PREFIX_PATH=${CMAKE_PREFIX_PATH}:/home/jlukas/Desktop/My_Project/ROS2/techdiffbot/install/techdiffbot:/home/jlukas/Desktop/My_Project/ROS2/ros2_rpi_cv2/install/ros2_rpi_cv2:/home/jlukas/Desktop/My_Project/ROS2/rover/install/rover:/opt/ros/humble /usr/bin/cmake --build /home/jlukas/Desktop/My_Project/ROS2/techdiffbot/build/visualization_marker_tutorials -- -j4 -l4
[0.321s] [ 75%] Built target basic_shapes
[0.323s] [100%] Built target points_and_lines
[0.363s] Invoked command in '/home/jlukas/Desktop/My_Project/ROS2/techdiffbot/build/visualization_marker_tutorials' returned '0': CMAKE_PREFIX_PATH=${CMAKE_PREFIX_PATH}:/home/jlukas/Desktop/My_Project/ROS2/techdiffbot/install/techdiffbot:/home/jlukas/Desktop/My_Project/ROS2/ros2_rpi_cv2/install/ros2_rpi_cv2:/home/jlukas/Desktop/My_Project/ROS2/rover/install/rover:/opt/ros/humble /usr/bin/cmake --build /home/jlukas/Desktop/My_Project/ROS2/techdiffbot/build/visualization_marker_tutorials -- -j4 -l4
[0.513s] Invoking command in '/home/jlukas/Desktop/My_Project/ROS2/techdiffbot/build/visualization_marker_tutorials': CMAKE_PREFIX_PATH=${CMAKE_PREFIX_PATH}:/home/jlukas/Desktop/My_Project/ROS2/techdiffbot/install/techdiffbot:/home/jlukas/Desktop/My_Project/ROS2/ros2_rpi_cv2/install/ros2_rpi_cv2:/home/jlukas/Desktop/My_Project/ROS2/rover/install/rover:/opt/ros/humble /usr/bin/cmake --install /home/jlukas/Desktop/My_Project/ROS2/techdiffbot/build/visualization_marker_tutorials
[0.557s] -- Install configuration: ""
[0.559s] -- Execute custom install script
[0.559s] -- Up-to-date symlink: /home/jlukas/Desktop/My_Project/ROS2/techdiffbot/install/visualization_marker_tutorials/lib/visualization_marker_tutorials/basic_shapes
[0.559s] -- Up-to-date symlink: /home/jlukas/Desktop/My_Project/ROS2/techdiffbot/install/visualization_marker_tutorials/lib/visualization_marker_tutorials/points_and_lines
[0.559s] -- Up-to-date symlink: /home/jlukas/Desktop/My_Project/ROS2/techdiffbot/install/visualization_marker_tutorials/share/ament_index/resource_index/package_run_dependencies/visualization_marker_tutorials
[0.560s] -- Up-to-date symlink: /home/jlukas/Desktop/My_Project/ROS2/techdiffbot/install/visualization_marker_tutorials/share/ament_index/resource_index/parent_prefix_path/visualization_marker_tutorials
[0.560s] -- Up-to-date symlink: /home/jlukas/Desktop/My_Project/ROS2/techdiffbot/install/visualization_marker_tutorials/share/visualization_marker_tutorials/environment/ament_prefix_path.sh
[0.560s] -- Up-to-date symlink: /home/jlukas/Desktop/My_Project/ROS2/techdiffbot/install/visualization_marker_tutorials/share/visualization_marker_tutorials/environment/ament_prefix_path.dsv
[0.560s] -- Up-to-date symlink: /home/jlukas/Desktop/My_Project/ROS2/techdiffbot/install/visualization_marker_tutorials/share/visualization_marker_tutorials/environment/path.sh
[0.563s] -- Up-to-date symlink: /home/jlukas/Desktop/My_Project/ROS2/techdiffbot/install/visualization_marker_tutorials/share/visualization_marker_tutorials/environment/path.dsv
[0.563s] -- Up-to-date symlink: /home/jlukas/Desktop/My_Project/ROS2/techdiffbot/install/visualization_marker_tutorials/share/visualization_marker_tutorials/local_setup.bash
[0.564s] -- Up-to-date symlink: /home/jlukas/Desktop/My_Project/ROS2/techdiffbot/install/visualization_marker_tutorials/share/visualization_marker_tutorials/local_setup.sh
[0.564s] -- Up-to-date symlink: /home/jlukas/Desktop/My_Project/ROS2/techdiffbot/install/visualization_marker_tutorials/share/visualization_marker_tutorials/local_setup.zsh
[0.564s] -- Up-to-date symlink: /home/jlukas/Desktop/My_Project/ROS2/techdiffbot/install/visualization_marker_tutorials/share/visualization_marker_tutorials/local_setup.dsv
[0.565s] -- Symlinking: /home/jlukas/Desktop/My_Project/ROS2/techdiffbot/install/visualization_marker_tutorials/share/visualization_marker_tutorials/package.dsv
[0.565s] -- Up-to-date symlink: /home/jlukas/Desktop/My_Project/ROS2/techdiffbot/install/visualization_marker_tutorials/share/ament_index/resource_index/packages/visualization_marker_tutorials
[0.565s] -- Up-to-date symlink: /home/jlukas/Desktop/My_Project/ROS2/techdiffbot/install/visualization_marker_tutorials/share/visualization_marker_tutorials/cmake/ament_cmake_export_dependencies-extras.cmake
[0.565s] -- Up-to-date symlink: /home/jlukas/Desktop/My_Project/ROS2/techdiffbot/install/visualization_marker_tutorials/share/visualization_marker_tutorials/cmake/visualization_marker_tutorialsConfig.cmake
[0.566s] -- Up-to-date symlink: /home/jlukas/Desktop/My_Project/ROS2/techdiffbot/install/visualization_marker_tutorials/share/visualization_marker_tutorials/cmake/visualization_marker_tutorialsConfig-version.cmake
[0.566s] -- Up-to-date symlink: /home/jlukas/Desktop/My_Project/ROS2/techdiffbot/install/visualization_marker_tutorials/share/visualization_marker_tutorials/package.xml
[0.566s] Invoked command in '/home/jlukas/Desktop/My_Project/ROS2/techdiffbot/build/visualization_marker_tutorials' returned '0': CMAKE_PREFIX_PATH=${CMAKE_PREFIX_PATH}:/home/jlukas/Desktop/My_Project/ROS2/techdiffbot/install/techdiffbot:/home/jlukas/Desktop/My_Project/ROS2/ros2_rpi_cv2/install/ros2_rpi_cv2:/home/jlukas/Desktop/My_Project/ROS2/rover/install/rover:/opt/ros/humble /usr/bin/cmake --install /home/jlukas/Desktop/My_Project/ROS2/techdiffbot/build/visualization_marker_tutorials
