[0.571s] Invoking command in '/home/jlukas/My_Project/ROS2/ros2_differential_obstacle_robot/src/rover': PYTHONPATH=/home/jlukas/My_Project/ROS2/ros2_differential_obstacle_robot/build/rover/prefix_override:/home/jlukas/My_Project/ROS2/ros2_differential_obstacle_robot/install/rover/lib/python3.10/site-packages:${PYTHONPATH} /usr/bin/python3 setup.py egg_info --egg-base ../../build/rover build --build-base /home/jlukas/My_Project/ROS2/ros2_differential_obstacle_robot/build/rover/build install --record /home/jlukas/My_Project/ROS2/ros2_differential_obstacle_robot/build/rover/install.log --single-version-externally-managed
[0.708s] running egg_info
[0.709s] writing ../../build/rover/rover.egg-info/PKG-INFO
[0.709s] writing dependency_links to ../../build/rover/rover.egg-info/dependency_links.txt
[0.710s] writing entry points to ../../build/rover/rover.egg-info/entry_points.txt
[0.710s] writing requirements to ../../build/rover/rover.egg-info/requires.txt
[0.710s] writing top-level names to ../../build/rover/rover.egg-info/top_level.txt
[0.711s] reading manifest file '../../build/rover/rover.egg-info/SOURCES.txt'
[0.712s] writing manifest file '../../build/rover/rover.egg-info/SOURCES.txt'
[0.712s] running build
[0.712s] running build_py
[0.713s] running install
[0.713s] /usr/lib/python3/dist-packages/setuptools/command/install.py:34: SetuptoolsDeprecationWarning: setup.py install is deprecated. Use build and pip and other standards-based tools.
[0.713s]   warnings.warn(
[0.713s] running install_lib
[0.714s] running install_data
[0.714s] copying launch/rsp.launch.py -> /home/jlukas/My_Project/ROS2/ros2_differential_obstacle_robot/install/rover/share/rover/launch
[0.714s] creating /home/jlukas/My_Project/ROS2/ros2_differential_obstacle_robot/install/rover/share/rover/urdf
[0.714s] copying urdf/robot.urdf.xacro -> /home/jlukas/My_Project/ROS2/ros2_differential_obstacle_robot/install/rover/share/rover/urdf
[0.714s] copying urdf/inertial_macros.xacro -> /home/jlukas/My_Project/ROS2/ros2_differential_obstacle_robot/install/rover/share/rover/urdf
[0.715s] copying urdf/gazebo_control_differential_drive.xacro -> /home/jlukas/My_Project/ROS2/ros2_differential_obstacle_robot/install/rover/share/rover/urdf
[0.715s] copying urdf/rover.xacro -> /home/jlukas/My_Project/ROS2/ros2_differential_obstacle_robot/install/rover/share/rover/urdf
[0.716s] running install_egg_info
[0.717s] removing '/home/jlukas/My_Project/ROS2/ros2_differential_obstacle_robot/install/rover/lib/python3.10/site-packages/rover-0.0.0-py3.10.egg-info' (and everything under it)
[0.718s] Copying ../../build/rover/rover.egg-info to /home/jlukas/My_Project/ROS2/ros2_differential_obstacle_robot/install/rover/lib/python3.10/site-packages/rover-0.0.0-py3.10.egg-info
[0.719s] running install_scripts
[0.735s] writing list of installed files to '/home/jlukas/My_Project/ROS2/ros2_differential_obstacle_robot/build/rover/install.log'
[0.753s] Invoked command in '/home/jlukas/My_Project/ROS2/ros2_differential_obstacle_robot/src/rover' returned '0': PYTHONPATH=/home/jlukas/My_Project/ROS2/ros2_differential_obstacle_robot/build/rover/prefix_override:/home/jlukas/My_Project/ROS2/ros2_differential_obstacle_robot/install/rover/lib/python3.10/site-packages:${PYTHONPATH} /usr/bin/python3 setup.py egg_info --egg-base ../../build/rover build --build-base /home/jlukas/My_Project/ROS2/ros2_differential_obstacle_robot/build/rover/build install --record /home/jlukas/My_Project/ROS2/ros2_differential_obstacle_robot/build/rover/install.log --single-version-externally-managed
