[1.881s] Invoking command in '/home/jlukas/Desktop/My_Project/ROS2/publisher_subsriber/src/publisher_subsriber': PYTHONPATH=/home/jlukas/Desktop/My_Project/ROS2/publisher_subsriber/build/publisher_subsriber/prefix_override:/home/jlukas/Desktop/My_Project/ROS2/publisher_subsriber/install/publisher_subsriber/lib/python3.10/site-packages:${PYTHONPATH} /usr/bin/python3 setup.py egg_info --egg-base ../../build/publisher_subsriber build --build-base /home/jlukas/Desktop/My_Project/ROS2/publisher_subsriber/build/publisher_subsriber/build install --record /home/jlukas/Desktop/My_Project/ROS2/publisher_subsriber/build/publisher_subsriber/install.log --single-version-externally-managed
[2.573s] running egg_info
[2.575s] writing ../../build/publisher_subsriber/publisher_subsriber.egg-info/PKG-INFO
[2.578s] writing dependency_links to ../../build/publisher_subsriber/publisher_subsriber.egg-info/dependency_links.txt
[2.579s] writing entry points to ../../build/publisher_subsriber/publisher_subsriber.egg-info/entry_points.txt
[2.580s] writing requirements to ../../build/publisher_subsriber/publisher_subsriber.egg-info/requires.txt
[2.580s] writing top-level names to ../../build/publisher_subsriber/publisher_subsriber.egg-info/top_level.txt
[2.585s] reading manifest file '../../build/publisher_subsriber/publisher_subsriber.egg-info/SOURCES.txt'
[2.589s] writing manifest file '../../build/publisher_subsriber/publisher_subsriber.egg-info/SOURCES.txt'
[2.589s] running build
[2.590s] running build_py
[2.591s] running install
[2.593s] /usr/lib/python3/dist-packages/setuptools/command/install.py:34: SetuptoolsDeprecationWarning: setup.py install is deprecated. Use build and pip and other standards-based tools.
[2.593s]   warnings.warn(
[2.594s] running install_lib
[2.598s] running install_data
[2.600s] running install_egg_info
[2.604s] removing '/home/jlukas/Desktop/My_Project/ROS2/publisher_subsriber/install/publisher_subsriber/lib/python3.10/site-packages/publisher_subsriber-0.0.0-py3.10.egg-info' (and everything under it)
[2.607s] Copying ../../build/publisher_subsriber/publisher_subsriber.egg-info to /home/jlukas/Desktop/My_Project/ROS2/publisher_subsriber/install/publisher_subsriber/lib/python3.10/site-packages/publisher_subsriber-0.0.0-py3.10.egg-info
[2.611s] running install_scripts
[2.666s] Installing publishers_node script to /home/jlukas/Desktop/My_Project/ROS2/publisher_subsriber/install/publisher_subsriber/lib/publisher_subsriber
[2.668s] Installing subscribers_node script to /home/jlukas/Desktop/My_Project/ROS2/publisher_subsriber/install/publisher_subsriber/lib/publisher_subsriber
[2.669s] writing list of installed files to '/home/jlukas/Desktop/My_Project/ROS2/publisher_subsriber/build/publisher_subsriber/install.log'
[2.727s] Invoked command in '/home/jlukas/Desktop/My_Project/ROS2/publisher_subsriber/src/publisher_subsriber' returned '0': PYTHONPATH=/home/jlukas/Desktop/My_Project/ROS2/publisher_subsriber/build/publisher_subsriber/prefix_override:/home/jlukas/Desktop/My_Project/ROS2/publisher_subsriber/install/publisher_subsriber/lib/python3.10/site-packages:${PYTHONPATH} /usr/bin/python3 setup.py egg_info --egg-base ../../build/publisher_subsriber build --build-base /home/jlukas/Desktop/My_Project/ROS2/publisher_subsriber/build/publisher_subsriber/build install --record /home/jlukas/Desktop/My_Project/ROS2/publisher_subsriber/build/publisher_subsriber/install.log --single-version-externally-managed
