[0.944s] Invoking command in '/home/jlukas/My_Project/ROS2/rover/src/rover': PYTHONPATH=/home/jlukas/My_Project/ROS2/rover/build/rover/prefix_override:/home/jlukas/My_Project/ROS2/rover/install/rover/lib/python3.10/site-packages:${PYTHONPATH} /usr/bin/python3 setup.py egg_info --egg-base ../../build/rover build --build-base /home/jlukas/My_Project/ROS2/rover/build/rover/build install --record /home/jlukas/My_Project/ROS2/rover/build/rover/install.log --single-version-externally-managed
[1.232s] running egg_info
[1.233s] writing ../../build/rover/rover.egg-info/PKG-INFO
[1.234s] writing dependency_links to ../../build/rover/rover.egg-info/dependency_links.txt
[1.234s] writing entry points to ../../build/rover/rover.egg-info/entry_points.txt
[1.235s] writing requirements to ../../build/rover/rover.egg-info/requires.txt
[1.235s] writing top-level names to ../../build/rover/rover.egg-info/top_level.txt
[1.237s] reading manifest file '../../build/rover/rover.egg-info/SOURCES.txt'
[1.240s] writing manifest file '../../build/rover/rover.egg-info/SOURCES.txt'
[1.240s] running build
[1.240s] running build_py
[1.240s] running install
[1.241s] /usr/lib/python3/dist-packages/setuptools/command/install.py:34: SetuptoolsDeprecationWarning: setup.py install is deprecated. Use build and pip and other standards-based tools.
[1.241s]   warnings.warn(
[1.242s] running install_lib
[1.244s] running install_data
[1.246s] copying urdf/rover.xacro -> /home/jlukas/My_Project/ROS2/rover/install/rover/share/rover/urdf
[1.247s] running install_egg_info
[1.249s] removing '/home/jlukas/My_Project/ROS2/rover/install/rover/lib/python3.10/site-packages/rover-0.0.0-py3.10.egg-info' (and everything under it)
[1.249s] Copying ../../build/rover/rover.egg-info to /home/jlukas/My_Project/ROS2/rover/install/rover/lib/python3.10/site-packages/rover-0.0.0-py3.10.egg-info
[1.251s] running install_scripts
[1.276s] Installing lidar_differential script to /home/jlukas/My_Project/ROS2/rover/install/rover/lib/rover
[1.276s] writing list of installed files to '/home/jlukas/My_Project/ROS2/rover/build/rover/install.log'
[1.312s] Invoked command in '/home/jlukas/My_Project/ROS2/rover/src/rover' returned '0': PYTHONPATH=/home/jlukas/My_Project/ROS2/rover/build/rover/prefix_override:/home/jlukas/My_Project/ROS2/rover/install/rover/lib/python3.10/site-packages:${PYTHONPATH} /usr/bin/python3 setup.py egg_info --egg-base ../../build/rover build --build-base /home/jlukas/My_Project/ROS2/rover/build/rover/build install --record /home/jlukas/My_Project/ROS2/rover/build/rover/install.log --single-version-externally-managed
