[0.478s] Invoking command in '/home/jlukas/My_Project/ROS2/ros2_differential_obstacle_robot/src/rover': PYTHONPATH=/home/jlukas/My_Project/ROS2/ros2_differential_obstacle_robot/build/rover/prefix_override:/home/jlukas/My_Project/ROS2/ros2_differential_obstacle_robot/install/rover/lib/python3.10/site-packages:${PYTHONPATH} /usr/bin/python3 setup.py egg_info --egg-base ../../build/rover build --build-base /home/jlukas/My_Project/ROS2/ros2_differential_obstacle_robot/build/rover/build install --record /home/jlukas/My_Project/ROS2/ros2_differential_obstacle_robot/build/rover/install.log --single-version-externally-managed
[0.640s] running egg_info
[0.640s] writing ../../build/rover/rover.egg-info/PKG-INFO
[0.640s] writing dependency_links to ../../build/rover/rover.egg-info/dependency_links.txt
[0.640s] writing entry points to ../../build/rover/rover.egg-info/entry_points.txt
[0.640s] writing requirements to ../../build/rover/rover.egg-info/requires.txt
[0.640s] writing top-level names to ../../build/rover/rover.egg-info/top_level.txt
[0.641s] reading manifest file '../../build/rover/rover.egg-info/SOURCES.txt'
[0.642s] writing manifest file '../../build/rover/rover.egg-info/SOURCES.txt'
[0.642s] running build
[0.643s] running build_py
[0.643s] /usr/lib/python3/dist-packages/setuptools/command/install.py:34: SetuptoolsDeprecationWarning: setup.py install is deprecated. Use build and pip and other standards-based tools.
[0.643s]   warnings.warn(
[0.643s] running install
[0.643s] running install_lib
[0.645s] running install_data
[0.645s] copying urdf/rover.xacro -> /home/jlukas/My_Project/ROS2/ros2_differential_obstacle_robot/install/rover/share/rover/urdf
[0.645s] running install_egg_info
[0.647s] removing '/home/jlukas/My_Project/ROS2/ros2_differential_obstacle_robot/install/rover/lib/python3.10/site-packages/rover-0.0.0-py3.10.egg-info' (and everything under it)
[0.647s] Copying ../../build/rover/rover.egg-info to /home/jlukas/My_Project/ROS2/ros2_differential_obstacle_robot/install/rover/lib/python3.10/site-packages/rover-0.0.0-py3.10.egg-info
[0.648s] running install_scripts
[0.663s] writing list of installed files to '/home/jlukas/My_Project/ROS2/ros2_differential_obstacle_robot/build/rover/install.log'
[0.682s] Invoked command in '/home/jlukas/My_Project/ROS2/ros2_differential_obstacle_robot/src/rover' returned '0': PYTHONPATH=/home/jlukas/My_Project/ROS2/ros2_differential_obstacle_robot/build/rover/prefix_override:/home/jlukas/My_Project/ROS2/ros2_differential_obstacle_robot/install/rover/lib/python3.10/site-packages:${PYTHONPATH} /usr/bin/python3 setup.py egg_info --egg-base ../../build/rover build --build-base /home/jlukas/My_Project/ROS2/ros2_differential_obstacle_robot/build/rover/build install --record /home/jlukas/My_Project/ROS2/ros2_differential_obstacle_robot/build/rover/install.log --single-version-externally-managed
