[0.018s] Invoking command in '/home/ros2/Desktop/My_Project/ROS2/techdiffbot/build/serial': CMAKE_PREFIX_PATH=${CMAKE_PREFIX_PATH}:/opt/ros/humble /usr/bin/cmake /home/ros2/Desktop/My_Project/ROS2/techdiffbot/src/serial -DAMENT_CMAKE_SYMLINK_INSTALL=1 -DCMAKE_INSTALL_PREFIX=/home/ros2/Desktop/My_Project/ROS2/techdiffbot/install/serial
[0.141s] -- The C compiler identification is GNU 11.4.0
[0.207s] -- The CXX compiler identification is GNU 11.4.0
[0.216s] -- Detecting C compiler ABI info
[0.296s] -- Detecting C compiler ABI info - done
[0.304s] -- Check for working C compiler: /usr/bin/cc - skipped
[0.305s] -- Detecting C compile features
[0.305s] -- Detecting C compile features - done
[0.310s] -- Detecting CXX compiler ABI info
[0.403s] -- Detecting CXX compiler ABI info - done
[0.413s] -- Check for working CXX compiler: /usr/bin/c++ - skipped
[0.413s] -- Detecting CXX compile features
[0.414s] -- Detecting CXX compile features - done
[0.417s] -- Found ament_cmake: 1.3.8 (/opt/ros/humble/share/ament_cmake/cmake)
[0.587s] -- Found Python3: /usr/bin/python3 (found version "3.10.12") found components: Interpreter 
[0.657s] -- Override CMake install command with custom implementation using symlinks instead of copying resources
[0.694s] -- Found ament_cmake_gtest: 1.3.8 (/opt/ros/humble/share/ament_cmake_gtest/cmake)
[0.729s] -- Found Boost: /usr/lib/x86_64-linux-gnu/cmake/Boost-1.74.0/BoostConfig.cmake (found version "1.74.0")  
[0.732s] -- Found gtest sources under '/opt/ros/humble/src/gtest_vendor': C++ tests using 'Google Test' will be built
[0.759s] -- Looking for pthread.h
[0.887s] -- Looking for pthread.h - found
[0.887s] -- Performing Test CMAKE_HAVE_LIBC_PTHREAD
[0.968s] -- Performing Test CMAKE_HAVE_LIBC_PTHREAD - Success
[0.968s] -- Found Threads: TRUE  
[1.041s] -- Configuring done
[1.053s] -- Generating done
[1.055s] -- Build files have been written to: /home/ros2/Desktop/My_Project/ROS2/techdiffbot/build/serial
[1.060s] Invoked command in '/home/ros2/Desktop/My_Project/ROS2/techdiffbot/build/serial' returned '0': CMAKE_PREFIX_PATH=${CMAKE_PREFIX_PATH}:/opt/ros/humble /usr/bin/cmake /home/ros2/Desktop/My_Project/ROS2/techdiffbot/src/serial -DAMENT_CMAKE_SYMLINK_INSTALL=1 -DCMAKE_INSTALL_PREFIX=/home/ros2/Desktop/My_Project/ROS2/techdiffbot/install/serial
[1.063s] Invoking command in '/home/ros2/Desktop/My_Project/ROS2/techdiffbot/build/serial': CMAKE_PREFIX_PATH=${CMAKE_PREFIX_PATH}:/opt/ros/humble /usr/bin/cmake --build /home/ros2/Desktop/My_Project/ROS2/techdiffbot/build/serial -- -j4 -l4
[1.118s] [  7%] [32mBuilding CXX object CMakeFiles/serial.dir/src/impl/unix.cc.o[0m
[1.119s] [ 14%] [32mBuilding CXX object gtest/CMakeFiles/gtest_main.dir/src/gtest_main.cc.o[0m
[1.119s] [ 21%] [32mBuilding CXX object CMakeFiles/serial.dir/src/serial.cc.o[0m
[1.142s] [ 28%] [32mBuilding CXX object gtest/CMakeFiles/gtest.dir/src/gtest-all.cc.o[0m
[1.800s] [ 35%] [32mBuilding CXX object CMakeFiles/serial.dir/src/impl/list_ports/list_ports_linux.cc.o[0m
[2.455s] [ 42%] [32m[1mLinking CXX static library libserial.a[0m
[2.549s] [ 42%] Built target serial
[2.573s] [ 50%] [32mBuilding CXX object CMakeFiles/serial_example.dir/examples/serial_example.cc.o[0m
[2.605s] [ 57%] [32m[1mLinking CXX static library libgtest_main.a[0m
[2.644s] [ 57%] Built target gtest_main
[2.948s] [ 64%] [32m[1mLinking CXX executable serial_example[0m
[3.056s] [ 64%] Built target serial_example
[5.071s] [ 71%] [32m[1mLinking CXX static library libgtest.a[0m
[5.139s] [ 71%] Built target gtest
[5.163s] [ 85%] [32mBuilding CXX object tests/CMakeFiles/serial-test-timer.dir/unit/unix_timer_tests.cc.o[0m
[5.163s] [ 85%] [32mBuilding CXX object tests/CMakeFiles/serial-test.dir/unix_serial_tests.cc.o[0m
[6.255s] [ 92%] [32m[1mLinking CXX executable serial-test-timer[0m
[6.295s] In file included from [01m[K/usr/include/boost/bind.hpp:30[m[K,
[6.295s]                  from [01m[K/home/ros2/Desktop/My_Project/ROS2/techdiffbot/src/serial/tests/unix_serial_tests.cc:23[m[K:
[6.295s] [01m[K/usr/include/boost/bind.hpp:36:1:[m[K [01;36m[Knote: [m[K‘[01m[K#pragma message: The practice of declaring the Bind placeholders (_1, _2, ...) in the global namespace is deprecated. Please use <boost/bind/bind.hpp> + using namespace boost::placeholders, or define BOOST_BIND_GLOBAL_PLACEHOLDERS to retain the current behavior.[m[K’
[6.295s]    36 | [01;36m[KBOOST_PRAGMA_MESSAGE[m[K(
[6.295s]       | [01;36m[K^~~~~~~~~~~~~~~~~~~~[m[K
[6.428s] [ 92%] Built target serial-test-timer
[6.535s] [100%] [32m[1mLinking CXX executable serial-test[0m
[6.710s] [100%] Built target serial-test
[6.724s] Invoked command in '/home/ros2/Desktop/My_Project/ROS2/techdiffbot/build/serial' returned '0': CMAKE_PREFIX_PATH=${CMAKE_PREFIX_PATH}:/opt/ros/humble /usr/bin/cmake --build /home/ros2/Desktop/My_Project/ROS2/techdiffbot/build/serial -- -j4 -l4
[6.778s] Invoking command in '/home/ros2/Desktop/My_Project/ROS2/techdiffbot/build/serial': CMAKE_PREFIX_PATH=${CMAKE_PREFIX_PATH}:/opt/ros/humble /usr/bin/cmake --install /home/ros2/Desktop/My_Project/ROS2/techdiffbot/build/serial
[6.786s] -- Install configuration: ""
[6.786s] -- Execute custom install script
[6.787s] -- Symlinking: /home/ros2/Desktop/My_Project/ROS2/techdiffbot/install/serial/lib/libserial.a
[6.798s] -- Symlinking: /home/ros2/Desktop/My_Project/ROS2/techdiffbot/install/serial/include/serial/serial.h
[6.807s] -- Symlinking: /home/ros2/Desktop/My_Project/ROS2/techdiffbot/install/serial/include/serial/v8stdint.h
[6.817s] -- Symlinking: /home/ros2/Desktop/My_Project/ROS2/techdiffbot/install/serial/share/serial/environment/library_path.sh
[6.828s] -- Symlinking: /home/ros2/Desktop/My_Project/ROS2/techdiffbot/install/serial/share/serial/environment/library_path.dsv
[6.839s] -- Symlinking: /home/ros2/Desktop/My_Project/ROS2/techdiffbot/install/serial/share/ament_index/resource_index/package_run_dependencies/serial
[6.849s] -- Symlinking: /home/ros2/Desktop/My_Project/ROS2/techdiffbot/install/serial/share/ament_index/resource_index/parent_prefix_path/serial
[6.860s] -- Symlinking: /home/ros2/Desktop/My_Project/ROS2/techdiffbot/install/serial/share/serial/environment/ament_prefix_path.sh
[6.870s] -- Symlinking: /home/ros2/Desktop/My_Project/ROS2/techdiffbot/install/serial/share/serial/environment/ament_prefix_path.dsv
[6.880s] -- Symlinking: /home/ros2/Desktop/My_Project/ROS2/techdiffbot/install/serial/share/serial/environment/path.sh
[6.890s] -- Symlinking: /home/ros2/Desktop/My_Project/ROS2/techdiffbot/install/serial/share/serial/environment/path.dsv
[6.901s] -- Symlinking: /home/ros2/Desktop/My_Project/ROS2/techdiffbot/install/serial/share/serial/local_setup.bash
[6.911s] -- Symlinking: /home/ros2/Desktop/My_Project/ROS2/techdiffbot/install/serial/share/serial/local_setup.sh
[6.921s] -- Symlinking: /home/ros2/Desktop/My_Project/ROS2/techdiffbot/install/serial/share/serial/local_setup.zsh
[6.932s] -- Symlinking: /home/ros2/Desktop/My_Project/ROS2/techdiffbot/install/serial/share/serial/local_setup.dsv
[6.943s] -- Symlinking: /home/ros2/Desktop/My_Project/ROS2/techdiffbot/install/serial/share/serial/package.dsv
[6.953s] -- Symlinking: /home/ros2/Desktop/My_Project/ROS2/techdiffbot/install/serial/share/ament_index/resource_index/packages/serial
[6.964s] -- Symlinking: /home/ros2/Desktop/My_Project/ROS2/techdiffbot/install/serial/share/serial/cmake/ament_cmake_export_include_directories-extras.cmake
[6.974s] -- Symlinking: /home/ros2/Desktop/My_Project/ROS2/techdiffbot/install/serial/share/serial/cmake/ament_cmake_export_libraries-extras.cmake
[6.984s] -- Symlinking: /home/ros2/Desktop/My_Project/ROS2/techdiffbot/install/serial/share/serial/cmake/serialConfig.cmake
[6.994s] -- Symlinking: /home/ros2/Desktop/My_Project/ROS2/techdiffbot/install/serial/share/serial/cmake/serialConfig-version.cmake
[7.004s] -- Symlinking: /home/ros2/Desktop/My_Project/ROS2/techdiffbot/install/serial/share/serial/package.xml
[7.016s] Invoked command in '/home/ros2/Desktop/My_Project/ROS2/techdiffbot/build/serial' returned '0': CMAKE_PREFIX_PATH=${CMAKE_PREFIX_PATH}:/opt/ros/humble /usr/bin/cmake --install /home/ros2/Desktop/My_Project/ROS2/techdiffbot/build/serial
