[0.473s] Invoking command in '/home/jlukas/My_Project/ROS2/ros2_nav2_cartographer/src/ros2_nav2_cartographer': PYTHONPATH=/home/jlukas/My_Project/ROS2/ros2_nav2_cartographer/build/ros2_nav2_cartographer/prefix_override:/home/jlukas/My_Project/ROS2/ros2_nav2_cartographer/install/ros2_nav2_cartographer/lib/python3.10/site-packages:${PYTHONPATH} /usr/bin/python3 setup.py egg_info --egg-base ../../build/ros2_nav2_cartographer build --build-base /home/jlukas/My_Project/ROS2/ros2_nav2_cartographer/build/ros2_nav2_cartographer/build install --record /home/jlukas/My_Project/ROS2/ros2_nav2_cartographer/build/ros2_nav2_cartographer/install.log --single-version-externally-managed
[0.635s] running egg_info
[0.635s] creating ../../build/ros2_nav2_cartographer/ros2_nav2_cartographer.egg-info
[0.636s] writing ../../build/ros2_nav2_cartographer/ros2_nav2_cartographer.egg-info/PKG-INFO
[0.636s] writing dependency_links to ../../build/ros2_nav2_cartographer/ros2_nav2_cartographer.egg-info/dependency_links.txt
[0.636s] writing entry points to ../../build/ros2_nav2_cartographer/ros2_nav2_cartographer.egg-info/entry_points.txt
[0.636s] writing requirements to ../../build/ros2_nav2_cartographer/ros2_nav2_cartographer.egg-info/requires.txt
[0.636s] writing top-level names to ../../build/ros2_nav2_cartographer/ros2_nav2_cartographer.egg-info/top_level.txt
[0.636s] writing manifest file '../../build/ros2_nav2_cartographer/ros2_nav2_cartographer.egg-info/SOURCES.txt'
[0.637s] reading manifest file '../../build/ros2_nav2_cartographer/ros2_nav2_cartographer.egg-info/SOURCES.txt'
[0.638s] writing manifest file '../../build/ros2_nav2_cartographer/ros2_nav2_cartographer.egg-info/SOURCES.txt'
[0.638s] running build
[0.638s] running build_py
[0.638s] creating /home/jlukas/My_Project/ROS2/ros2_nav2_cartographer/build/ros2_nav2_cartographer/build
[0.639s] creating /home/jlukas/My_Project/ROS2/ros2_nav2_cartographer/build/ros2_nav2_cartographer/build/lib
[0.639s] creating /home/jlukas/My_Project/ROS2/ros2_nav2_cartographer/build/ros2_nav2_cartographer/build/lib/ros2_nav2_cartographer
[0.639s] copying ros2_nav2_cartographer/__init__.py -> /home/jlukas/My_Project/ROS2/ros2_nav2_cartographer/build/ros2_nav2_cartographer/build/lib/ros2_nav2_cartographer
[0.640s] running install
[0.640s] running install_lib
[0.640s] creating /home/jlukas/My_Project/ROS2/ros2_nav2_cartographer/install/ros2_nav2_cartographer/lib/python3.10/site-packages/ros2_nav2_cartographer
[0.640s] copying /home/jlukas/My_Project/ROS2/ros2_nav2_cartographer/build/ros2_nav2_cartographer/build/lib/ros2_nav2_cartographer/__init__.py -> /home/jlukas/My_Project/ROS2/ros2_nav2_cartographer/install/ros2_nav2_cartographer/lib/python3.10/site-packages/ros2_nav2_cartographer
[0.640s] byte-compiling /home/jlukas/My_Project/ROS2/ros2_nav2_cartographer/install/ros2_nav2_cartographer/lib/python3.10/site-packages/ros2_nav2_cartographer/__init__.py to __init__.cpython-310.pyc
[0.641s] running install_data
[0.641s] creating /home/jlukas/My_Project/ROS2/ros2_nav2_cartographer/install/ros2_nav2_cartographer/share/ament_index
[0.641s] creating /home/jlukas/My_Project/ROS2/ros2_nav2_cartographer/install/ros2_nav2_cartographer/share/ament_index/resource_index
[0.642s] creating /home/jlukas/My_Project/ROS2/ros2_nav2_cartographer/install/ros2_nav2_cartographer/share/ament_index/resource_index/packages
[0.642s] copying resource/ros2_nav2_cartographer -> /home/jlukas/My_Project/ROS2/ros2_nav2_cartographer/install/ros2_nav2_cartographer/share/ament_index/resource_index/packages
[0.642s] copying package.xml -> /home/jlukas/My_Project/ROS2/ros2_nav2_cartographer/install/ros2_nav2_cartographer/share/ros2_nav2_cartographer
[0.642s] creating /home/jlukas/My_Project/ROS2/ros2_nav2_cartographer/install/ros2_nav2_cartographer/share/ros2_nav2_cartographer/launch
[0.642s] copying launch/mapping.launch.py -> /home/jlukas/My_Project/ROS2/ros2_nav2_cartographer/install/ros2_nav2_cartographer/share/ros2_nav2_cartographer/launch
[0.643s] copying launch/navigation.launch.py -> /home/jlukas/My_Project/ROS2/ros2_nav2_cartographer/install/ros2_nav2_cartographer/share/ros2_nav2_cartographer/launch
[0.643s] creating /home/jlukas/My_Project/ROS2/ros2_nav2_cartographer/install/ros2_nav2_cartographer/share/ros2_nav2_cartographer/config
[0.643s] copying config/tb3_world.pgm -> /home/jlukas/My_Project/ROS2/ros2_nav2_cartographer/install/ros2_nav2_cartographer/share/ros2_nav2_cartographer/config
[0.643s] copying config/tb3_world.yaml -> /home/jlukas/My_Project/ROS2/ros2_nav2_cartographer/install/ros2_nav2_cartographer/share/ros2_nav2_cartographer/config
[0.643s] copying config/turtlebot3_lds_2d.lua -> /home/jlukas/My_Project/ROS2/ros2_nav2_cartographer/install/ros2_nav2_cartographer/share/ros2_nav2_cartographer/config
[0.643s] creating /home/jlukas/My_Project/ROS2/ros2_nav2_cartographer/install/ros2_nav2_cartographer/share/ros2_nav2_cartographer/rviz
[0.643s] copying rviz/tb3_navigation2.rviz -> /home/jlukas/My_Project/ROS2/ros2_nav2_cartographer/install/ros2_nav2_cartographer/share/ros2_nav2_cartographer/rviz
[0.643s] creating /home/jlukas/My_Project/ROS2/ros2_nav2_cartographer/install/ros2_nav2_cartographer/share/ros2_nav2_cartographer/param
[0.644s] copying param/tb3_nav_params.yaml -> /home/jlukas/My_Project/ROS2/ros2_nav2_cartographer/install/ros2_nav2_cartographer/share/ros2_nav2_cartographer/param
[0.644s] running install_egg_info
[0.645s] Copying ../../build/ros2_nav2_cartographer/ros2_nav2_cartographer.egg-info to /home/jlukas/My_Project/ROS2/ros2_nav2_cartographer/install/ros2_nav2_cartographer/lib/python3.10/site-packages/ros2_nav2_cartographer-0.0.0-py3.10.egg-info
[0.646s] running install_scripts
[0.662s] writing list of installed files to '/home/jlukas/My_Project/ROS2/ros2_nav2_cartographer/build/ros2_nav2_cartographer/install.log'
[0.680s] Invoked command in '/home/jlukas/My_Project/ROS2/ros2_nav2_cartographer/src/ros2_nav2_cartographer' returned '0': PYTHONPATH=/home/jlukas/My_Project/ROS2/ros2_nav2_cartographer/build/ros2_nav2_cartographer/prefix_override:/home/jlukas/My_Project/ROS2/ros2_nav2_cartographer/install/ros2_nav2_cartographer/lib/python3.10/site-packages:${PYTHONPATH} /usr/bin/python3 setup.py egg_info --egg-base ../../build/ros2_nav2_cartographer build --build-base /home/jlukas/My_Project/ROS2/ros2_nav2_cartographer/build/ros2_nav2_cartographer/build install --record /home/jlukas/My_Project/ROS2/ros2_nav2_cartographer/build/ros2_nav2_cartographer/install.log --single-version-externally-managed
