[0.041s] Invoking command in '/home/jlukas/Desktop/My_Project/arduinobot_ws/build/arduinobot_cpp_examples': CMAKE_PREFIX_PATH=/opt/ros/humble /usr/bin/cmake --build /home/jlukas/Desktop/My_Project/arduinobot_ws/build/arduinobot_cpp_examples -- -j4 -l4
[0.365s] Invoked command in '/home/jlukas/Desktop/My_Project/arduinobot_ws/build/arduinobot_cpp_examples' returned '0': CMAKE_PREFIX_PATH=/opt/ros/humble /usr/bin/cmake --build /home/jlukas/Desktop/My_Project/arduinobot_ws/build/arduinobot_cpp_examples -- -j4 -l4
[0.434s] Invoking command in '/home/jlukas/Desktop/My_Project/arduinobot_ws/build/arduinobot_cpp_examples': CMAKE_PREFIX_PATH=/opt/ros/humble /usr/bin/cmake --install /home/jlukas/Desktop/My_Project/arduinobot_ws/build/arduinobot_cpp_examples
[0.448s] -- Install configuration: ""
[0.448s] -- Up-to-date: /home/jlukas/Desktop/My_Project/arduinobot_ws/install/arduinobot_cpp_examples/share/ament_index/resource_index/package_run_dependencies/arduinobot_cpp_examples
[0.453s] -- Up-to-date: /home/jlukas/Desktop/My_Project/arduinobot_ws/install/arduinobot_cpp_examples/share/ament_index/resource_index/parent_prefix_path/arduinobot_cpp_examples
[0.457s] -- Up-to-date: /home/jlukas/Desktop/My_Project/arduinobot_ws/install/arduinobot_cpp_examples/share/arduinobot_cpp_examples/environment/ament_prefix_path.sh
[0.458s] -- Up-to-date: /home/jlukas/Desktop/My_Project/arduinobot_ws/install/arduinobot_cpp_examples/share/arduinobot_cpp_examples/environment/ament_prefix_path.dsv
[0.458s] -- Up-to-date: /home/jlukas/Desktop/My_Project/arduinobot_ws/install/arduinobot_cpp_examples/share/arduinobot_cpp_examples/environment/path.sh
[0.459s] -- Up-to-date: /home/jlukas/Desktop/My_Project/arduinobot_ws/install/arduinobot_cpp_examples/share/arduinobot_cpp_examples/environment/path.dsv
[0.459s] -- Up-to-date: /home/jlukas/Desktop/My_Project/arduinobot_ws/install/arduinobot_cpp_examples/share/arduinobot_cpp_examples/local_setup.bash
[0.459s] -- Up-to-date: /home/jlukas/Desktop/My_Project/arduinobot_ws/install/arduinobot_cpp_examples/share/arduinobot_cpp_examples/local_setup.sh
[0.462s] -- Up-to-date: /home/jlukas/Desktop/My_Project/arduinobot_ws/install/arduinobot_cpp_examples/share/arduinobot_cpp_examples/local_setup.zsh
[0.462s] -- Up-to-date: /home/jlukas/Desktop/My_Project/arduinobot_ws/install/arduinobot_cpp_examples/share/arduinobot_cpp_examples/local_setup.dsv
[0.462s] -- Installing: /home/jlukas/Desktop/My_Project/arduinobot_ws/install/arduinobot_cpp_examples/share/arduinobot_cpp_examples/package.dsv
[0.467s] -- Up-to-date: /home/jlukas/Desktop/My_Project/arduinobot_ws/install/arduinobot_cpp_examples/share/ament_index/resource_index/packages/arduinobot_cpp_examples
[0.467s] -- Up-to-date: /home/jlukas/Desktop/My_Project/arduinobot_ws/install/arduinobot_cpp_examples/share/arduinobot_cpp_examples/cmake/arduinobot_cpp_examplesConfig.cmake
[0.467s] -- Up-to-date: /home/jlukas/Desktop/My_Project/arduinobot_ws/install/arduinobot_cpp_examples/share/arduinobot_cpp_examples/cmake/arduinobot_cpp_examplesConfig-version.cmake
[0.467s] -- Up-to-date: /home/jlukas/Desktop/My_Project/arduinobot_ws/install/arduinobot_cpp_examples/share/arduinobot_cpp_examples/package.xml
[0.473s] Invoked command in '/home/jlukas/Desktop/My_Project/arduinobot_ws/build/arduinobot_cpp_examples' returned '0': CMAKE_PREFIX_PATH=/opt/ros/humble /usr/bin/cmake --install /home/jlukas/Desktop/My_Project/arduinobot_ws/build/arduinobot_cpp_examples
