[4.749s] Invoking command in '/home/jlukas/Desktop/My_Project/ROS2/ros2_differential_drive_robot/src/ros2_differential_drive_robot': PYTHONPATH=/home/jlukas/Desktop/My_Project/ROS2/ros2_differential_drive_robot/build/ros2_differential_drive_robot/prefix_override:/home/jlukas/Desktop/My_Project/ROS2/ros2_differential_drive_robot/install/ros2_differential_drive_robot/lib/python3.10/site-packages:${PYTHONPATH} /usr/bin/python3 setup.py egg_info --egg-base ../../build/ros2_differential_drive_robot build --build-base /home/jlukas/Desktop/My_Project/ROS2/ros2_differential_drive_robot/build/ros2_differential_drive_robot/build install --record /home/jlukas/Desktop/My_Project/ROS2/ros2_differential_drive_robot/build/ros2_differential_drive_robot/install.log --single-version-externally-managed
[6.325s] running egg_info
[6.327s] writing ../../build/ros2_differential_drive_robot/ros2_differential_drive_robot.egg-info/PKG-INFO
[6.329s] writing dependency_links to ../../build/ros2_differential_drive_robot/ros2_differential_drive_robot.egg-info/dependency_links.txt
[6.333s] writing entry points to ../../build/ros2_differential_drive_robot/ros2_differential_drive_robot.egg-info/entry_points.txt
[6.334s] writing requirements to ../../build/ros2_differential_drive_robot/ros2_differential_drive_robot.egg-info/requires.txt
[6.335s] writing top-level names to ../../build/ros2_differential_drive_robot/ros2_differential_drive_robot.egg-info/top_level.txt
[6.351s] reading manifest file '../../build/ros2_differential_drive_robot/ros2_differential_drive_robot.egg-info/SOURCES.txt'
[6.362s] writing manifest file '../../build/ros2_differential_drive_robot/ros2_differential_drive_robot.egg-info/SOURCES.txt'
[6.363s] running build
[6.364s] running build_py
[6.365s] running install
[6.367s] /usr/lib/python3/dist-packages/setuptools/command/install.py:34: SetuptoolsDeprecationWarning: setup.py install is deprecated. Use build and pip and other standards-based tools.
[6.367s]   warnings.warn(
[6.368s] running install_lib
[6.377s] running install_data
[6.383s] running install_egg_info
[6.394s] removing '/home/jlukas/Desktop/My_Project/ROS2/ros2_differential_drive_robot/install/ros2_differential_drive_robot/lib/python3.10/site-packages/ros2_differential_drive_robot-0.0.0-py3.10.egg-info' (and everything under it)
[6.397s] Copying ../../build/ros2_differential_drive_robot/ros2_differential_drive_robot.egg-info to /home/jlukas/Desktop/My_Project/ROS2/ros2_differential_drive_robot/install/ros2_differential_drive_robot/lib/python3.10/site-packages/ros2_differential_drive_robot-0.0.0-py3.10.egg-info
[6.405s] running install_scripts
[6.511s] Installing lidar_obstacle script to /home/jlukas/Desktop/My_Project/ROS2/ros2_differential_drive_robot/install/ros2_differential_drive_robot/lib/ros2_differential_drive_robot
[6.512s] writing list of installed files to '/home/jlukas/Desktop/My_Project/ROS2/ros2_differential_drive_robot/build/ros2_differential_drive_robot/install.log'
[6.575s] Invoked command in '/home/jlukas/Desktop/My_Project/ROS2/ros2_differential_drive_robot/src/ros2_differential_drive_robot' returned '0': PYTHONPATH=/home/jlukas/Desktop/My_Project/ROS2/ros2_differential_drive_robot/build/ros2_differential_drive_robot/prefix_override:/home/jlukas/Desktop/My_Project/ROS2/ros2_differential_drive_robot/install/ros2_differential_drive_robot/lib/python3.10/site-packages:${PYTHONPATH} /usr/bin/python3 setup.py egg_info --egg-base ../../build/ros2_differential_drive_robot build --build-base /home/jlukas/Desktop/My_Project/ROS2/ros2_differential_drive_robot/build/ros2_differential_drive_robot/build install --record /home/jlukas/Desktop/My_Project/ROS2/ros2_differential_drive_robot/build/ros2_differential_drive_robot/install.log --single-version-externally-managed
