[3.176s] Invoking command in '/home/jlukas/ROS2/techdiffbot/build/serial': CMAKE_PREFIX_PATH=${CMAKE_PREFIX_PATH}:/opt/ros/humble /usr/bin/cmake --build /home/jlukas/ROS2/techdiffbot/build/serial -- -j4 -l4
[34.064s] [ 28%] Built target serial
[34.076s] [ 42%] Built target gtest_main
[34.080s] [35m[1mConsolidate compiler generated dependencies of target serial_example[0m
[34.090s] [ 57%] Built target serial_example
[34.092s] [ 71%] Built target gtest
[34.093s] [ 85%] Built target serial-test
[34.095s] [100%] Built target serial-test-timer
[34.236s] Invoked command in '/home/jlukas/ROS2/techdiffbot/build/serial' returned '0': CMAKE_PREFIX_PATH=${CMAKE_PREFIX_PATH}:/opt/ros/humble /usr/bin/cmake --build /home/jlukas/ROS2/techdiffbot/build/serial -- -j4 -l4
[35.531s] Invoking command in '/home/jlukas/ROS2/techdiffbot/build/serial': CMAKE_PREFIX_PATH=${CMAKE_PREFIX_PATH}:/opt/ros/humble /usr/bin/cmake --install /home/jlukas/ROS2/techdiffbot/build/serial
[36.022s] -- Install configuration: ""
[36.169s] -- Execute custom install script
[36.194s] -- Up-to-date symlink: /home/jlukas/ROS2/techdiffbot/install/serial/lib/libserial.a
[36.243s] -- Up-to-date symlink: /home/jlukas/ROS2/techdiffbot/install/serial/include/serial/serial.h
[36.276s] -- Up-to-date symlink: /home/jlukas/ROS2/techdiffbot/install/serial/include/serial/v8stdint.h
[36.504s] -- Up-to-date symlink: /home/jlukas/ROS2/techdiffbot/install/serial/share/serial/environment/library_path.sh
[36.555s] -- Up-to-date symlink: /home/jlukas/ROS2/techdiffbot/install/serial/share/serial/environment/library_path.dsv
[36.586s] -- Up-to-date symlink: /home/jlukas/ROS2/techdiffbot/install/serial/share/ament_index/resource_index/package_run_dependencies/serial
[36.628s] -- Up-to-date symlink: /home/jlukas/ROS2/techdiffbot/install/serial/share/ament_index/resource_index/parent_prefix_path/serial
[37.149s] -- Up-to-date symlink: /home/jlukas/ROS2/techdiffbot/install/serial/share/serial/environment/ament_prefix_path.sh
[37.202s] -- Up-to-date symlink: /home/jlukas/ROS2/techdiffbot/install/serial/share/serial/environment/ament_prefix_path.dsv
[37.226s] -- Up-to-date symlink: /home/jlukas/ROS2/techdiffbot/install/serial/share/serial/environment/path.sh
[37.256s] -- Up-to-date symlink: /home/jlukas/ROS2/techdiffbot/install/serial/share/serial/environment/path.dsv
[37.374s] -- Up-to-date symlink: /home/jlukas/ROS2/techdiffbot/install/serial/share/serial/local_setup.bash
[37.456s] -- Up-to-date symlink: /home/jlukas/ROS2/techdiffbot/install/serial/share/serial/local_setup.sh
[37.504s] -- Up-to-date symlink: /home/jlukas/ROS2/techdiffbot/install/serial/share/serial/local_setup.zsh
[37.535s] -- Up-to-date symlink: /home/jlukas/ROS2/techdiffbot/install/serial/share/serial/local_setup.dsv
[37.537s] -- Symlinking: /home/jlukas/ROS2/techdiffbot/install/serial/share/serial/package.dsv
[39.418s] -- Up-to-date symlink: /home/jlukas/ROS2/techdiffbot/install/serial/share/ament_index/resource_index/packages/serial
[39.432s] -- Up-to-date symlink: /home/jlukas/ROS2/techdiffbot/install/serial/share/serial/cmake/ament_cmake_export_include_directories-extras.cmake
[39.442s] -- Up-to-date symlink: /home/jlukas/ROS2/techdiffbot/install/serial/share/serial/cmake/ament_cmake_export_libraries-extras.cmake
[39.450s] -- Up-to-date symlink: /home/jlukas/ROS2/techdiffbot/install/serial/share/serial/cmake/serialConfig.cmake
[39.456s] -- Up-to-date symlink: /home/jlukas/ROS2/techdiffbot/install/serial/share/serial/cmake/serialConfig-version.cmake
[39.460s] -- Up-to-date symlink: /home/jlukas/ROS2/techdiffbot/install/serial/share/serial/package.xml
[39.520s] Invoked command in '/home/jlukas/ROS2/techdiffbot/build/serial' returned '0': CMAKE_PREFIX_PATH=${CMAKE_PREFIX_PATH}:/opt/ros/humble /usr/bin/cmake --install /home/jlukas/ROS2/techdiffbot/build/serial
