/home/jlukas/Desktop/My_Project/ROS2/rover/install/rover/lib/python3.10/site-packages/rover/lidar_obstacle_diff.py
/home/jlukas/Desktop/My_Project/ROS2/rover/install/rover/lib/python3.10/site-packages/rover/__init__.py
/home/jlukas/Desktop/My_Project/ROS2/rover/install/rover/lib/python3.10/site-packages/rover/lidar_obstacle_avoidance_region_split.py
/home/jlukas/Desktop/My_Project/ROS2/rover/install/rover/lib/python3.10/site-packages/rover/__pycache__/lidar_obstacle_diff.cpython-310.pyc
/home/jlukas/Desktop/My_Project/ROS2/rover/install/rover/lib/python3.10/site-packages/rover/__pycache__/__init__.cpython-310.pyc
/home/jlukas/Desktop/My_Project/ROS2/rover/install/rover/lib/python3.10/site-packages/rover/__pycache__/lidar_obstacle_avoidance_region_split.cpython-310.pyc
/home/jlukas/Desktop/My_Project/ROS2/rover/install/rover/share/ament_index/resource_index/packages/rover
/home/jlukas/Desktop/My_Project/ROS2/rover/install/rover/share/rover/package.xml
/home/jlukas/Desktop/My_Project/ROS2/rover/install/rover/share/rover/launch/gazebo.sim.launch.py
/home/jlukas/Desktop/My_Project/ROS2/rover/install/rover/share/rover/launch/rsp.launch.py
/home/jlukas/Desktop/My_Project/ROS2/rover/install/rover/share/rover/urdf/inertial_macros.xacro
/home/jlukas/Desktop/My_Project/ROS2/rover/install/rover/share/rover/urdf/rover.xacro
/home/jlukas/Desktop/My_Project/ROS2/rover/install/rover/share/rover/urdf/gazebo_control_differential_drive.xacro
/home/jlukas/Desktop/My_Project/ROS2/rover/install/rover/share/rover/urdf/robot.urdf.xacro
/home/jlukas/Desktop/My_Project/ROS2/rover/install/rover/lib/python3.10/site-packages/rover-0.0.0-py3.10.egg-info/dependency_links.txt
/home/jlukas/Desktop/My_Project/ROS2/rover/install/rover/lib/python3.10/site-packages/rover-0.0.0-py3.10.egg-info/entry_points.txt
/home/jlukas/Desktop/My_Project/ROS2/rover/install/rover/lib/python3.10/site-packages/rover-0.0.0-py3.10.egg-info/requires.txt
/home/jlukas/Desktop/My_Project/ROS2/rover/install/rover/lib/python3.10/site-packages/rover-0.0.0-py3.10.egg-info/PKG-INFO
/home/jlukas/Desktop/My_Project/ROS2/rover/install/rover/lib/python3.10/site-packages/rover-0.0.0-py3.10.egg-info/SOURCES.txt
/home/jlukas/Desktop/My_Project/ROS2/rover/install/rover/lib/python3.10/site-packages/rover-0.0.0-py3.10.egg-info/zip-safe
/home/jlukas/Desktop/My_Project/ROS2/rover/install/rover/lib/python3.10/site-packages/rover-0.0.0-py3.10.egg-info/top_level.txt
/home/jlukas/Desktop/My_Project/ROS2/rover/install/rover/lib/rover/lidar_differential
/home/jlukas/Desktop/My_Project/ROS2/rover/install/rover/lib/rover/lidar_obstacle_region_split
