running egg_info
creating ../../build/ros2_rpi_cv2/ros2_rpi_cv2.egg-info
writing ../../build/ros2_rpi_cv2/ros2_rpi_cv2.egg-info/PKG-INFO
writing dependency_links to ../../build/ros2_rpi_cv2/ros2_rpi_cv2.egg-info/dependency_links.txt
writing entry points to ../../build/ros2_rpi_cv2/ros2_rpi_cv2.egg-info/entry_points.txt
writing requirements to ../../build/ros2_rpi_cv2/ros2_rpi_cv2.egg-info/requires.txt
writing top-level names to ../../build/ros2_rpi_cv2/ros2_rpi_cv2.egg-info/top_level.txt
writing manifest file '../../build/ros2_rpi_cv2/ros2_rpi_cv2.egg-info/SOURCES.txt'
package init file 'scripts/__init__.py' not found (or not a regular file)
file scripts/camera.py (for module scripts.camera) not found
reading manifest file '../../build/ros2_rpi_cv2/ros2_rpi_cv2.egg-info/SOURCES.txt'
writing manifest file '../../build/ros2_rpi_cv2/ros2_rpi_cv2.egg-info/SOURCES.txt'
file scripts/camera.py (for module scripts.camera) not found
running build
running build_py
creating /home/jlukas/Desktop/My_Project/ROS2/ros2_rpi_cv2/build/ros2_rpi_cv2/build
creating /home/jlukas/Desktop/My_Project/ROS2/ros2_rpi_cv2/build/ros2_rpi_cv2/build/lib
creating /home/jlukas/Desktop/My_Project/ROS2/ros2_rpi_cv2/build/ros2_rpi_cv2/build/lib/ros2_rpi_cv2
copying ros2_rpi_cv2/__init__.py -> /home/jlukas/Desktop/My_Project/ROS2/ros2_rpi_cv2/build/ros2_rpi_cv2/build/lib/ros2_rpi_cv2
file scripts/camera.py (for module scripts.camera) not found
running install
/usr/lib/python3/dist-packages/setuptools/command/install.py:34: SetuptoolsDeprecationWarning: setup.py install is deprecated. Use build and pip and other standards-based tools.
  warnings.warn(
running install_lib
creating /home/jlukas/Desktop/My_Project/ROS2/ros2_rpi_cv2/install/ros2_rpi_cv2/lib/python3.10/site-packages/ros2_rpi_cv2
copying /home/jlukas/Desktop/My_Project/ROS2/ros2_rpi_cv2/build/ros2_rpi_cv2/build/lib/ros2_rpi_cv2/__init__.py -> /home/jlukas/Desktop/My_Project/ROS2/ros2_rpi_cv2/install/ros2_rpi_cv2/lib/python3.10/site-packages/ros2_rpi_cv2
byte-compiling /home/jlukas/Desktop/My_Project/ROS2/ros2_rpi_cv2/install/ros2_rpi_cv2/lib/python3.10/site-packages/ros2_rpi_cv2/__init__.py to __init__.cpython-310.pyc
running install_data
creating /home/jlukas/Desktop/My_Project/ROS2/ros2_rpi_cv2/install/ros2_rpi_cv2/share/ament_index
creating /home/jlukas/Desktop/My_Project/ROS2/ros2_rpi_cv2/install/ros2_rpi_cv2/share/ament_index/resource_index
creating /home/jlukas/Desktop/My_Project/ROS2/ros2_rpi_cv2/install/ros2_rpi_cv2/share/ament_index/resource_index/packages
copying resource/ros2_rpi_cv2 -> /home/jlukas/Desktop/My_Project/ROS2/ros2_rpi_cv2/install/ros2_rpi_cv2/share/ament_index/resource_index/packages
copying package.xml -> /home/jlukas/Desktop/My_Project/ROS2/ros2_rpi_cv2/install/ros2_rpi_cv2/share/ros2_rpi_cv2
running install_egg_info
Copying ../../build/ros2_rpi_cv2/ros2_rpi_cv2.egg-info to /home/jlukas/Desktop/My_Project/ROS2/ros2_rpi_cv2/install/ros2_rpi_cv2/lib/python3.10/site-packages/ros2_rpi_cv2-0.0.0-py3.10.egg-info
running install_scripts
file scripts/camera.py (for module scripts.camera) not found
writing list of installed files to '/home/jlukas/Desktop/My_Project/ROS2/ros2_rpi_cv2/build/ros2_rpi_cv2/install.log'
