[16.205s] DEBUG:colcon:Command line arguments: ['/usr/bin/colcon', 'build', '--symlink-install']
[16.206s] DEBUG:colcon:Parsed command line arguments: Namespace(log_base=None, log_level=None, verb_name='build', build_base='build', install_base='install', merge_install=False, symlink_install=True, test_result_base=None, continue_on_error=False, executor='parallel', parallel_workers=4, event_handlers=None, ignore_user_meta=False, metas=['./colcon.meta'], base_paths=['.'], packages_ignore=None, packages_ignore_regex=None, paths=None, packages_up_to=None, packages_up_to_regex=None, packages_above=None, packages_above_and_dependencies=None, packages_above_depth=None, packages_select_by_dep=None, packages_skip_by_dep=None, packages_skip_up_to=None, packages_select_build_failed=False, packages_skip_build_finished=False, packages_select_test_failures=False, packages_skip_test_passed=False, packages_select=None, packages_skip=None, packages_select_regex=None, packages_skip_regex=None, packages_start=None, packages_end=None, allow_overriding=[], cmake_args=None, cmake_target=None, cmake_target_skip_unavailable=False, cmake_clean_cache=False, cmake_clean_first=False, cmake_force_configure=False, ament_cmake_args=None, catkin_cmake_args=None, catkin_skip_building_tests=False, verb_parser=<colcon_defaults.argument_parser.defaults.DefaultArgumentsDecorator object at 0xffff9b658610>, verb_extension=<colcon_core.verb.build.BuildVerb object at 0xffff9b65bb80>, main=<bound method BuildVerb.main of <colcon_core.verb.build.BuildVerb object at 0xffff9b65bb80>>)
[17.027s] Level 1:colcon.colcon_core.package_discovery:discover_packages(colcon_meta) check parameters
[17.028s] Level 1:colcon.colcon_core.package_discovery:discover_packages(recursive) check parameters
[17.029s] Level 1:colcon.colcon_core.package_discovery:discover_packages(ignore) check parameters
[17.029s] Level 1:colcon.colcon_core.package_discovery:discover_packages(path) check parameters
[17.030s] Level 1:colcon.colcon_core.package_discovery:discover_packages(colcon_meta) discover
[17.030s] Level 1:colcon.colcon_core.package_discovery:discover_packages(recursive) discover
[17.031s] INFO:colcon.colcon_core.package_discovery:Crawling recursively for packages in '/home/jlukas/ROS2/techdiffbot'
[17.032s] Level 1:colcon.colcon_core.package_identification:_identify(.) by extensions ['ignore', 'ignore_ament_install']
[17.033s] Level 1:colcon.colcon_core.package_identification:_identify(.) by extension 'ignore'
[17.034s] Level 1:colcon.colcon_core.package_identification:_identify(.) by extension 'ignore_ament_install'
[17.035s] Level 1:colcon.colcon_core.package_identification:_identify(.) by extensions ['colcon_pkg']
[17.035s] Level 1:colcon.colcon_core.package_identification:_identify(.) by extension 'colcon_pkg'
[17.036s] Level 1:colcon.colcon_core.package_identification:_identify(.) by extensions ['colcon_meta']
[17.037s] Level 1:colcon.colcon_core.package_identification:_identify(.) by extension 'colcon_meta'
[17.037s] Level 1:colcon.colcon_core.package_identification:_identify(.) by extensions ['ros']
[17.038s] Level 1:colcon.colcon_core.package_identification:_identify(.) by extension 'ros'
[17.302s] Level 1:colcon.colcon_core.package_identification:_identify(.) by extensions ['cmake', 'python']
[17.303s] Level 1:colcon.colcon_core.package_identification:_identify(.) by extension 'cmake'
[17.303s] Level 1:colcon.colcon_core.package_identification:_identify(.) by extension 'python'
[17.304s] Level 1:colcon.colcon_core.package_identification:_identify(.) by extensions ['python_setup_py']
[17.305s] Level 1:colcon.colcon_core.package_identification:_identify(.) by extension 'python_setup_py'
[17.306s] Level 1:colcon.colcon_core.package_identification:_identify(build) by extensions ['ignore', 'ignore_ament_install']
[17.307s] Level 1:colcon.colcon_core.package_identification:_identify(build) by extension 'ignore'
[17.308s] Level 1:colcon.colcon_core.package_identification:_identify(build) ignored
[17.310s] Level 1:colcon.colcon_core.package_identification:_identify(install) by extensions ['ignore', 'ignore_ament_install']
[17.311s] Level 1:colcon.colcon_core.package_identification:_identify(install) by extension 'ignore'
[17.312s] Level 1:colcon.colcon_core.package_identification:_identify(install) ignored
[17.313s] Level 1:colcon.colcon_core.package_identification:_identify(log) by extensions ['ignore', 'ignore_ament_install']
[17.314s] Level 1:colcon.colcon_core.package_identification:_identify(log) by extension 'ignore'
[17.315s] Level 1:colcon.colcon_core.package_identification:_identify(log) ignored
[17.316s] Level 1:colcon.colcon_core.package_identification:_identify(src) by extensions ['ignore', 'ignore_ament_install']
[17.317s] Level 1:colcon.colcon_core.package_identification:_identify(src) by extension 'ignore'
[17.318s] Level 1:colcon.colcon_core.package_identification:_identify(src) by extension 'ignore_ament_install'
[17.319s] Level 1:colcon.colcon_core.package_identification:_identify(src) by extensions ['colcon_pkg']
[17.320s] Level 1:colcon.colcon_core.package_identification:_identify(src) by extension 'colcon_pkg'
[17.320s] Level 1:colcon.colcon_core.package_identification:_identify(src) by extensions ['colcon_meta']
[17.321s] Level 1:colcon.colcon_core.package_identification:_identify(src) by extension 'colcon_meta'
[17.321s] Level 1:colcon.colcon_core.package_identification:_identify(src) by extensions ['ros']
[17.322s] Level 1:colcon.colcon_core.package_identification:_identify(src) by extension 'ros'
[17.323s] Level 1:colcon.colcon_core.package_identification:_identify(src) by extensions ['cmake', 'python']
[17.323s] Level 1:colcon.colcon_core.package_identification:_identify(src) by extension 'cmake'
[17.324s] Level 1:colcon.colcon_core.package_identification:_identify(src) by extension 'python'
[17.325s] Level 1:colcon.colcon_core.package_identification:_identify(src) by extensions ['python_setup_py']
[17.325s] Level 1:colcon.colcon_core.package_identification:_identify(src) by extension 'python_setup_py'
[17.327s] Level 1:colcon.colcon_core.package_identification:_identify(src/diffdrive_arduino) by extensions ['ignore', 'ignore_ament_install']
[17.328s] Level 1:colcon.colcon_core.package_identification:_identify(src/diffdrive_arduino) by extension 'ignore'
[17.329s] Level 1:colcon.colcon_core.package_identification:_identify(src/diffdrive_arduino) by extension 'ignore_ament_install'
[17.330s] Level 1:colcon.colcon_core.package_identification:_identify(src/diffdrive_arduino) by extensions ['colcon_pkg']
[17.330s] Level 1:colcon.colcon_core.package_identification:_identify(src/diffdrive_arduino) by extension 'colcon_pkg'
[17.331s] Level 1:colcon.colcon_core.package_identification:_identify(src/diffdrive_arduino) by extensions ['colcon_meta']
[17.331s] Level 1:colcon.colcon_core.package_identification:_identify(src/diffdrive_arduino) by extension 'colcon_meta'
[17.332s] Level 1:colcon.colcon_core.package_identification:_identify(src/diffdrive_arduino) by extensions ['ros']
[17.333s] Level 1:colcon.colcon_core.package_identification:_identify(src/diffdrive_arduino) by extension 'ros'
[17.372s] DEBUG:colcon.colcon_core.package_identification:Package 'src/diffdrive_arduino' with type 'ros.ament_cmake' and name 'diffdrive_arduino'
[17.374s] Level 1:colcon.colcon_core.package_identification:_identify(src/serial) by extensions ['ignore', 'ignore_ament_install']
[17.376s] Level 1:colcon.colcon_core.package_identification:_identify(src/serial) by extension 'ignore'
[17.376s] Level 1:colcon.colcon_core.package_identification:_identify(src/serial) by extension 'ignore_ament_install'
[17.378s] Level 1:colcon.colcon_core.package_identification:_identify(src/serial) by extensions ['colcon_pkg']
[17.378s] Level 1:colcon.colcon_core.package_identification:_identify(src/serial) by extension 'colcon_pkg'
[17.379s] Level 1:colcon.colcon_core.package_identification:_identify(src/serial) by extensions ['colcon_meta']
[17.380s] Level 1:colcon.colcon_core.package_identification:_identify(src/serial) by extension 'colcon_meta'
[17.381s] Level 1:colcon.colcon_core.package_identification:_identify(src/serial) by extensions ['ros']
[17.381s] Level 1:colcon.colcon_core.package_identification:_identify(src/serial) by extension 'ros'
[17.394s] DEBUG:colcon.colcon_core.package_identification:Package 'src/serial' with type 'ros.ament_cmake' and name 'serial'
[17.396s] Level 1:colcon.colcon_core.package_identification:_identify(src/techdiffbot) by extensions ['ignore', 'ignore_ament_install']
[17.397s] Level 1:colcon.colcon_core.package_identification:_identify(src/techdiffbot) by extension 'ignore'
[17.398s] Level 1:colcon.colcon_core.package_identification:_identify(src/techdiffbot) by extension 'ignore_ament_install'
[17.399s] Level 1:colcon.colcon_core.package_identification:_identify(src/techdiffbot) by extensions ['colcon_pkg']
[17.400s] Level 1:colcon.colcon_core.package_identification:_identify(src/techdiffbot) by extension 'colcon_pkg'
[17.401s] Level 1:colcon.colcon_core.package_identification:_identify(src/techdiffbot) by extensions ['colcon_meta']
[17.401s] Level 1:colcon.colcon_core.package_identification:_identify(src/techdiffbot) by extension 'colcon_meta'
[17.402s] Level 1:colcon.colcon_core.package_identification:_identify(src/techdiffbot) by extensions ['ros']
[17.402s] Level 1:colcon.colcon_core.package_identification:_identify(src/techdiffbot) by extension 'ros'
[17.409s] DEBUG:colcon.colcon_core.package_identification:Package 'src/techdiffbot' with type 'ros.ament_python' and name 'techdiffbot'
[17.410s] Level 1:colcon.colcon_core.package_discovery:discover_packages(recursive) using defaults
[17.410s] Level 1:colcon.colcon_core.package_discovery:discover_packages(ignore) discover
[17.411s] Level 1:colcon.colcon_core.package_discovery:discover_packages(ignore) using defaults
[17.411s] Level 1:colcon.colcon_core.package_discovery:discover_packages(path) discover
[17.411s] Level 1:colcon.colcon_core.package_discovery:discover_packages(path) using defaults
[18.820s] Level 1:colcon.colcon_core.package_discovery:discover_packages(prefix_path) check parameters
[18.821s] Level 1:colcon.colcon_core.package_discovery:discover_packages(prefix_path) discover
[19.332s] DEBUG:colcon.colcon_installed_package_information.package_discovery:Found 3 installed packages in /home/jlukas/ROS2/techdiffbot/install
[19.607s] DEBUG:colcon.colcon_installed_package_information.package_discovery:Found 1 installed packages in /home/jlukas/ldlidar_ros2_ws/install
[19.890s] DEBUG:colcon.colcon_installed_package_information.package_discovery:Found 1 installed packages in /home/jlukas/Desktop/My_Project/ROS2/ros2_rpi_cv2/install
[20.167s] DEBUG:colcon.colcon_installed_package_information.package_discovery:Found 1 installed packages in /home/jlukas/Desktop/My_Project/ROS2/rover/install
[20.460s] DEBUG:colcon.colcon_installed_package_information.package_discovery:Found 3 installed packages in /home/jlukas/Desktop/My_Project/ROS2/techdiffbot/install
[20.770s] DEBUG:colcon.colcon_installed_package_information.package_discovery:Found 323 installed packages in /opt/ros/humble
[20.793s] Level 1:colcon.colcon_core.package_discovery:discover_packages(prefix_path) using defaults
[23.126s] Level 5:colcon.colcon_core.verb:set package 'diffdrive_arduino' build argument 'cmake_args' from command line to 'None'
[23.126s] Level 5:colcon.colcon_core.verb:set package 'diffdrive_arduino' build argument 'cmake_target' from command line to 'None'
[23.127s] Level 5:colcon.colcon_core.verb:set package 'diffdrive_arduino' build argument 'cmake_target_skip_unavailable' from command line to 'False'
[23.127s] Level 5:colcon.colcon_core.verb:set package 'diffdrive_arduino' build argument 'cmake_clean_cache' from command line to 'False'
[23.128s] Level 5:colcon.colcon_core.verb:set package 'diffdrive_arduino' build argument 'cmake_clean_first' from command line to 'False'
[23.128s] Level 5:colcon.colcon_core.verb:set package 'diffdrive_arduino' build argument 'cmake_force_configure' from command line to 'False'
[23.128s] Level 5:colcon.colcon_core.verb:set package 'diffdrive_arduino' build argument 'ament_cmake_args' from command line to 'None'
[23.129s] Level 5:colcon.colcon_core.verb:set package 'diffdrive_arduino' build argument 'catkin_cmake_args' from command line to 'None'
[23.129s] Level 5:colcon.colcon_core.verb:set package 'diffdrive_arduino' build argument 'catkin_skip_building_tests' from command line to 'False'
[23.129s] DEBUG:colcon.colcon_core.verb:Building package 'diffdrive_arduino' with the following arguments: {'ament_cmake_args': None, 'build_base': '/home/jlukas/ROS2/techdiffbot/build/diffdrive_arduino', 'catkin_cmake_args': None, 'catkin_skip_building_tests': False, 'cmake_args': None, 'cmake_clean_cache': False, 'cmake_clean_first': False, 'cmake_force_configure': False, 'cmake_target': None, 'cmake_target_skip_unavailable': False, 'install_base': '/home/jlukas/ROS2/techdiffbot/install/diffdrive_arduino', 'merge_install': False, 'path': '/home/jlukas/ROS2/techdiffbot/src/diffdrive_arduino', 'symlink_install': True, 'test_result_base': None}
[23.321s] Level 5:colcon.colcon_core.verb:set package 'serial' build argument 'cmake_args' from command line to 'None'
[23.322s] Level 5:colcon.colcon_core.verb:set package 'serial' build argument 'cmake_target' from command line to 'None'
[23.322s] Level 5:colcon.colcon_core.verb:set package 'serial' build argument 'cmake_target_skip_unavailable' from command line to 'False'
[23.323s] Level 5:colcon.colcon_core.verb:set package 'serial' build argument 'cmake_clean_cache' from command line to 'False'
[23.323s] Level 5:colcon.colcon_core.verb:set package 'serial' build argument 'cmake_clean_first' from command line to 'False'
[23.323s] Level 5:colcon.colcon_core.verb:set package 'serial' build argument 'cmake_force_configure' from command line to 'False'
[23.324s] Level 5:colcon.colcon_core.verb:set package 'serial' build argument 'ament_cmake_args' from command line to 'None'
[23.324s] Level 5:colcon.colcon_core.verb:set package 'serial' build argument 'catkin_cmake_args' from command line to 'None'
[23.324s] Level 5:colcon.colcon_core.verb:set package 'serial' build argument 'catkin_skip_building_tests' from command line to 'False'
[23.325s] DEBUG:colcon.colcon_core.verb:Building package 'serial' with the following arguments: {'ament_cmake_args': None, 'build_base': '/home/jlukas/ROS2/techdiffbot/build/serial', 'catkin_cmake_args': None, 'catkin_skip_building_tests': False, 'cmake_args': None, 'cmake_clean_cache': False, 'cmake_clean_first': False, 'cmake_force_configure': False, 'cmake_target': None, 'cmake_target_skip_unavailable': False, 'install_base': '/home/jlukas/ROS2/techdiffbot/install/serial', 'merge_install': False, 'path': '/home/jlukas/ROS2/techdiffbot/src/serial', 'symlink_install': True, 'test_result_base': None}
[23.518s] Level 5:colcon.colcon_core.verb:set package 'techdiffbot' build argument 'cmake_args' from command line to 'None'
[23.518s] Level 5:colcon.colcon_core.verb:set package 'techdiffbot' build argument 'cmake_target' from command line to 'None'
[23.519s] Level 5:colcon.colcon_core.verb:set package 'techdiffbot' build argument 'cmake_target_skip_unavailable' from command line to 'False'
[23.519s] Level 5:colcon.colcon_core.verb:set package 'techdiffbot' build argument 'cmake_clean_cache' from command line to 'False'
[23.520s] Level 5:colcon.colcon_core.verb:set package 'techdiffbot' build argument 'cmake_clean_first' from command line to 'False'
[23.520s] Level 5:colcon.colcon_core.verb:set package 'techdiffbot' build argument 'cmake_force_configure' from command line to 'False'
[23.520s] Level 5:colcon.colcon_core.verb:set package 'techdiffbot' build argument 'ament_cmake_args' from command line to 'None'
[23.521s] Level 5:colcon.colcon_core.verb:set package 'techdiffbot' build argument 'catkin_cmake_args' from command line to 'None'
[23.521s] Level 5:colcon.colcon_core.verb:set package 'techdiffbot' build argument 'catkin_skip_building_tests' from command line to 'False'
[23.521s] DEBUG:colcon.colcon_core.verb:Building package 'techdiffbot' with the following arguments: {'ament_cmake_args': None, 'build_base': '/home/jlukas/ROS2/techdiffbot/build/techdiffbot', 'catkin_cmake_args': None, 'catkin_skip_building_tests': False, 'cmake_args': None, 'cmake_clean_cache': False, 'cmake_clean_first': False, 'cmake_force_configure': False, 'cmake_target': None, 'cmake_target_skip_unavailable': False, 'install_base': '/home/jlukas/ROS2/techdiffbot/install/techdiffbot', 'merge_install': False, 'path': '/home/jlukas/ROS2/techdiffbot/src/techdiffbot', 'symlink_install': True, 'test_result_base': None}
[23.712s] INFO:colcon.colcon_core.executor:Executing jobs using 'parallel' executor
[23.912s] DEBUG:colcon.colcon_parallel_executor.executor.parallel:run_until_complete
[23.915s] INFO:colcon.colcon_ros.task.ament_cmake.build:Building ROS package in '/home/jlukas/ROS2/techdiffbot/src/diffdrive_arduino' with build type 'ament_cmake'
[23.917s] INFO:colcon.colcon_cmake.task.cmake.build:Building CMake package in '/home/jlukas/ROS2/techdiffbot/src/diffdrive_arduino'
[24.169s] INFO:colcon.colcon_core.plugin_system:Skipping extension 'colcon_core.shell.bat': Not used on non-Windows systems
[24.171s] INFO:colcon.colcon_core.shell:Skip shell extension 'powershell' for command environment: Not usable outside of PowerShell
[24.172s] DEBUG:colcon.colcon_core.shell:Skip shell extension 'dsv' for command environment
[26.099s] INFO:colcon.colcon_ros.task.ament_cmake.build:Building ROS package in '/home/jlukas/ROS2/techdiffbot/src/serial' with build type 'ament_cmake'
[26.101s] INFO:colcon.colcon_cmake.task.cmake.build:Building CMake package in '/home/jlukas/ROS2/techdiffbot/src/serial'
[26.323s] INFO:colcon.colcon_core.shell:Skip shell extension 'powershell' for command environment: Not usable outside of PowerShell
[26.324s] DEBUG:colcon.colcon_core.shell:Skip shell extension 'dsv' for command environment
[27.921s] INFO:colcon.colcon_ros.task.ament_python.build:Building ROS package in '/home/jlukas/ROS2/techdiffbot/src/techdiffbot' with build type 'ament_python'
[27.923s] Level 1:colcon.colcon_core.shell:create_environment_hook('techdiffbot', 'ament_prefix_path')
[28.133s] INFO:colcon.colcon_core.shell:Creating environment hook '/home/jlukas/ROS2/techdiffbot/install/techdiffbot/share/techdiffbot/hook/ament_prefix_path.ps1'
[28.142s] INFO:colcon.colcon_core.shell:Creating environment descriptor '/home/jlukas/ROS2/techdiffbot/install/techdiffbot/share/techdiffbot/hook/ament_prefix_path.dsv'
[28.152s] INFO:colcon.colcon_core.shell:Creating environment hook '/home/jlukas/ROS2/techdiffbot/install/techdiffbot/share/techdiffbot/hook/ament_prefix_path.sh'
[28.369s] INFO:colcon.colcon_core.shell:Skip shell extension 'powershell' for command environment: Not usable outside of PowerShell
[28.370s] DEBUG:colcon.colcon_core.shell:Skip shell extension 'dsv' for command environment
[29.916s] DEBUG:colcon.colcon_core.event_handler.log_command:Invoking command in '/home/jlukas/ROS2/techdiffbot/build/diffdrive_arduino': CMAKE_PREFIX_PATH=${CMAKE_PREFIX_PATH}:/home/jlukas/ROS2/techdiffbot/install/techdiffbot:/home/jlukas/Desktop/My_Project/ROS2/ros2_rpi_cv2/install/ros2_rpi_cv2:/home/jlukas/Desktop/My_Project/ROS2/rover/install/rover:/home/jlukas/Desktop/My_Project/ROS2/techdiffbot/install/techdiffbot:/opt/ros/humble /usr/bin/cmake --build /home/jlukas/ROS2/techdiffbot/build/diffdrive_arduino -- -j4 -l4
[30.050s] DEBUG:colcon.colcon_core.event_handler.log_command:Invoking command in '/home/jlukas/ROS2/techdiffbot/build/serial': CMAKE_PREFIX_PATH=${CMAKE_PREFIX_PATH}:/home/jlukas/ROS2/techdiffbot/install/techdiffbot:/home/jlukas/Desktop/My_Project/ROS2/ros2_rpi_cv2/install/ros2_rpi_cv2:/home/jlukas/Desktop/My_Project/ROS2/rover/install/rover:/home/jlukas/Desktop/My_Project/ROS2/techdiffbot/install/techdiffbot:/opt/ros/humble /usr/bin/cmake --build /home/jlukas/ROS2/techdiffbot/build/serial -- -j4 -l4
[36.476s] INFO:colcon.colcon_core.task.python.build:Building Python package in '/home/jlukas/ROS2/techdiffbot/src/techdiffbot'
[36.732s] INFO:colcon.colcon_core.shell:Skip shell extension 'powershell' for command environment: Not usable outside of PowerShell
[36.733s] DEBUG:colcon.colcon_core.shell:Skip shell extension 'dsv' for command environment
[38.486s] DEBUG:colcon.colcon_core.event_handler.log_command:Invoked command in '/home/jlukas/ROS2/techdiffbot/build/diffdrive_arduino' returned '0': CMAKE_PREFIX_PATH=${CMAKE_PREFIX_PATH}:/home/jlukas/ROS2/techdiffbot/install/techdiffbot:/home/jlukas/Desktop/My_Project/ROS2/ros2_rpi_cv2/install/ros2_rpi_cv2:/home/jlukas/Desktop/My_Project/ROS2/rover/install/rover:/home/jlukas/Desktop/My_Project/ROS2/techdiffbot/install/techdiffbot:/opt/ros/humble /usr/bin/cmake --build /home/jlukas/ROS2/techdiffbot/build/diffdrive_arduino -- -j4 -l4
[38.502s] DEBUG:colcon.colcon_core.event_handler.log_command:Invoked command in '/home/jlukas/ROS2/techdiffbot/build/serial' returned '0': CMAKE_PREFIX_PATH=${CMAKE_PREFIX_PATH}:/home/jlukas/ROS2/techdiffbot/install/techdiffbot:/home/jlukas/Desktop/My_Project/ROS2/ros2_rpi_cv2/install/ros2_rpi_cv2:/home/jlukas/Desktop/My_Project/ROS2/rover/install/rover:/home/jlukas/Desktop/My_Project/ROS2/techdiffbot/install/techdiffbot:/opt/ros/humble /usr/bin/cmake --build /home/jlukas/ROS2/techdiffbot/build/serial -- -j4 -l4
[38.954s] DEBUG:colcon.colcon_core.event_handler.log_command:Invoking command in '/home/jlukas/ROS2/techdiffbot/build/diffdrive_arduino': CMAKE_PREFIX_PATH=${CMAKE_PREFIX_PATH}:/home/jlukas/ROS2/techdiffbot/install/techdiffbot:/home/jlukas/Desktop/My_Project/ROS2/ros2_rpi_cv2/install/ros2_rpi_cv2:/home/jlukas/Desktop/My_Project/ROS2/rover/install/rover:/home/jlukas/Desktop/My_Project/ROS2/techdiffbot/install/techdiffbot:/opt/ros/humble /usr/bin/cmake --install /home/jlukas/ROS2/techdiffbot/build/diffdrive_arduino
[39.068s] DEBUG:colcon.colcon_core.event_handler.log_command:Invoking command in '/home/jlukas/ROS2/techdiffbot/build/serial': CMAKE_PREFIX_PATH=${CMAKE_PREFIX_PATH}:/home/jlukas/ROS2/techdiffbot/install/techdiffbot:/home/jlukas/Desktop/My_Project/ROS2/ros2_rpi_cv2/install/ros2_rpi_cv2:/home/jlukas/Desktop/My_Project/ROS2/rover/install/rover:/home/jlukas/Desktop/My_Project/ROS2/techdiffbot/install/techdiffbot:/opt/ros/humble /usr/bin/cmake --install /home/jlukas/ROS2/techdiffbot/build/serial
[39.424s] Level 1:colcon.colcon_core.environment:create_environment_scripts_only(serial)
[39.428s] DEBUG:colcon.colcon_core.event_handler.log_command:Invoked command in '/home/jlukas/ROS2/techdiffbot/build/serial' returned '0': CMAKE_PREFIX_PATH=${CMAKE_PREFIX_PATH}:/home/jlukas/ROS2/techdiffbot/install/techdiffbot:/home/jlukas/Desktop/My_Project/ROS2/ros2_rpi_cv2/install/ros2_rpi_cv2:/home/jlukas/Desktop/My_Project/ROS2/rover/install/rover:/home/jlukas/Desktop/My_Project/ROS2/techdiffbot/install/techdiffbot:/opt/ros/humble /usr/bin/cmake --install /home/jlukas/ROS2/techdiffbot/build/serial
[39.837s] Level 1:colcon.colcon_core.environment:checking '/home/jlukas/ROS2/techdiffbot/install/serial' for CMake module files
[39.846s] Level 1:colcon.colcon_core.environment:checking '/home/jlukas/ROS2/techdiffbot/install/serial' for CMake config files
[39.854s] Level 1:colcon.colcon_core.shell:create_environment_hook('serial', 'cmake_prefix_path')
[40.095s] INFO:colcon.colcon_core.shell:Creating environment hook '/home/jlukas/ROS2/techdiffbot/install/serial/share/serial/hook/cmake_prefix_path.ps1'
[40.106s] INFO:colcon.colcon_core.shell:Creating environment descriptor '/home/jlukas/ROS2/techdiffbot/install/serial/share/serial/hook/cmake_prefix_path.dsv'
[40.113s] INFO:colcon.colcon_core.shell:Creating environment hook '/home/jlukas/ROS2/techdiffbot/install/serial/share/serial/hook/cmake_prefix_path.sh'
[40.124s] Level 1:colcon.colcon_core.environment:checking '/home/jlukas/ROS2/techdiffbot/install/serial/lib'
[40.127s] Level 1:colcon.colcon_core.environment:checking '/home/jlukas/ROS2/techdiffbot/install/serial/bin'
[40.128s] Level 1:colcon.colcon_core.environment:checking '/home/jlukas/ROS2/techdiffbot/install/serial/lib/pkgconfig/serial.pc'
[40.132s] Level 1:colcon.colcon_core.environment:checking '/home/jlukas/ROS2/techdiffbot/install/serial/lib/python3.10/site-packages'
[40.135s] Level 1:colcon.colcon_core.environment:checking '/home/jlukas/ROS2/techdiffbot/install/serial/bin'
[40.379s] INFO:colcon.colcon_core.shell:Creating package script '/home/jlukas/ROS2/techdiffbot/install/serial/share/serial/package.ps1'
[40.390s] INFO:colcon.colcon_core.shell:Creating package descriptor '/home/jlukas/ROS2/techdiffbot/install/serial/share/serial/package.dsv'
[40.400s] INFO:colcon.colcon_core.shell:Creating package script '/home/jlukas/ROS2/techdiffbot/install/serial/share/serial/package.sh'
[40.410s] INFO:colcon.colcon_core.shell:Creating package script '/home/jlukas/ROS2/techdiffbot/install/serial/share/serial/package.bash'
[40.425s] INFO:colcon.colcon_core.shell:Creating package script '/home/jlukas/ROS2/techdiffbot/install/serial/share/serial/package.zsh'
[40.438s] Level 1:colcon.colcon_core.environment:create_file_with_runtime_dependencies(/home/jlukas/ROS2/techdiffbot/install/serial/share/colcon-core/packages/serial)
[40.462s] Level 1:colcon.colcon_core.environment:create_environment_scripts_only(diffdrive_arduino)
[40.466s] DEBUG:colcon.colcon_core.event_handler.log_command:Invoked command in '/home/jlukas/ROS2/techdiffbot/build/diffdrive_arduino' returned '0': CMAKE_PREFIX_PATH=${CMAKE_PREFIX_PATH}:/home/jlukas/ROS2/techdiffbot/install/techdiffbot:/home/jlukas/Desktop/My_Project/ROS2/ros2_rpi_cv2/install/ros2_rpi_cv2:/home/jlukas/Desktop/My_Project/ROS2/rover/install/rover:/home/jlukas/Desktop/My_Project/ROS2/techdiffbot/install/techdiffbot:/opt/ros/humble /usr/bin/cmake --install /home/jlukas/ROS2/techdiffbot/build/diffdrive_arduino
[40.762s] Level 1:colcon.colcon_core.environment:checking '/home/jlukas/ROS2/techdiffbot/install/diffdrive_arduino' for CMake module files
[40.772s] Level 1:colcon.colcon_core.environment:checking '/home/jlukas/ROS2/techdiffbot/install/diffdrive_arduino' for CMake config files
[40.783s] Level 1:colcon.colcon_core.shell:create_environment_hook('diffdrive_arduino', 'cmake_prefix_path')
[41.050s] INFO:colcon.colcon_core.shell:Creating environment hook '/home/jlukas/ROS2/techdiffbot/install/diffdrive_arduino/share/diffdrive_arduino/hook/cmake_prefix_path.ps1'
[41.055s] INFO:colcon.colcon_core.shell:Creating environment descriptor '/home/jlukas/ROS2/techdiffbot/install/diffdrive_arduino/share/diffdrive_arduino/hook/cmake_prefix_path.dsv'
[41.060s] INFO:colcon.colcon_core.shell:Creating environment hook '/home/jlukas/ROS2/techdiffbot/install/diffdrive_arduino/share/diffdrive_arduino/hook/cmake_prefix_path.sh'
[41.067s] Level 1:colcon.colcon_core.environment:checking '/home/jlukas/ROS2/techdiffbot/install/diffdrive_arduino/lib'
[41.069s] Level 1:colcon.colcon_core.shell:create_environment_hook('diffdrive_arduino', 'ld_library_path_lib')
[41.312s] INFO:colcon.colcon_core.shell:Creating environment hook '/home/jlukas/ROS2/techdiffbot/install/diffdrive_arduino/share/diffdrive_arduino/hook/ld_library_path_lib.ps1'
[41.317s] INFO:colcon.colcon_core.shell:Creating environment descriptor '/home/jlukas/ROS2/techdiffbot/install/diffdrive_arduino/share/diffdrive_arduino/hook/ld_library_path_lib.dsv'
[41.322s] INFO:colcon.colcon_core.shell:Creating environment hook '/home/jlukas/ROS2/techdiffbot/install/diffdrive_arduino/share/diffdrive_arduino/hook/ld_library_path_lib.sh'
[41.327s] Level 1:colcon.colcon_core.environment:checking '/home/jlukas/ROS2/techdiffbot/install/diffdrive_arduino/bin'
[41.328s] Level 1:colcon.colcon_core.environment:checking '/home/jlukas/ROS2/techdiffbot/install/diffdrive_arduino/lib/pkgconfig/diffdrive_arduino.pc'
[41.332s] Level 1:colcon.colcon_core.environment:checking '/home/jlukas/ROS2/techdiffbot/install/diffdrive_arduino/lib/python3.10/site-packages'
[41.335s] Level 1:colcon.colcon_core.environment:checking '/home/jlukas/ROS2/techdiffbot/install/diffdrive_arduino/bin'
[41.580s] INFO:colcon.colcon_core.shell:Creating package script '/home/jlukas/ROS2/techdiffbot/install/diffdrive_arduino/share/diffdrive_arduino/package.ps1'
[41.586s] INFO:colcon.colcon_core.shell:Creating package descriptor '/home/jlukas/ROS2/techdiffbot/install/diffdrive_arduino/share/diffdrive_arduino/package.dsv'
[41.593s] INFO:colcon.colcon_core.shell:Creating package script '/home/jlukas/ROS2/techdiffbot/install/diffdrive_arduino/share/diffdrive_arduino/package.sh'
[41.598s] INFO:colcon.colcon_core.shell:Creating package script '/home/jlukas/ROS2/techdiffbot/install/diffdrive_arduino/share/diffdrive_arduino/package.bash'
[41.603s] INFO:colcon.colcon_core.shell:Creating package script '/home/jlukas/ROS2/techdiffbot/install/diffdrive_arduino/share/diffdrive_arduino/package.zsh'
[41.607s] Level 1:colcon.colcon_core.environment:create_file_with_runtime_dependencies(/home/jlukas/ROS2/techdiffbot/install/diffdrive_arduino/share/colcon-core/packages/diffdrive_arduino)
[41.918s] Level 1:colcon.colcon_core.environment:create_environment_scripts_only(serial)
[42.186s] Level 1:colcon.colcon_core.environment:checking '/home/jlukas/ROS2/techdiffbot/install/serial' for CMake module files
[42.194s] Level 1:colcon.colcon_core.environment:checking '/home/jlukas/ROS2/techdiffbot/install/serial' for CMake config files
[42.202s] Level 1:colcon.colcon_core.shell:create_environment_hook('serial', 'cmake_prefix_path')
[42.449s] INFO:colcon.colcon_core.shell:Creating environment hook '/home/jlukas/ROS2/techdiffbot/install/serial/share/serial/hook/cmake_prefix_path.ps1'
[42.454s] INFO:colcon.colcon_core.shell:Creating environment descriptor '/home/jlukas/ROS2/techdiffbot/install/serial/share/serial/hook/cmake_prefix_path.dsv'
[42.459s] INFO:colcon.colcon_core.shell:Creating environment hook '/home/jlukas/ROS2/techdiffbot/install/serial/share/serial/hook/cmake_prefix_path.sh'
[42.466s] Level 1:colcon.colcon_core.environment:checking '/home/jlukas/ROS2/techdiffbot/install/serial/lib'
[42.467s] Level 1:colcon.colcon_core.environment:checking '/home/jlukas/ROS2/techdiffbot/install/serial/bin'
[42.468s] Level 1:colcon.colcon_core.environment:checking '/home/jlukas/ROS2/techdiffbot/install/serial/lib/pkgconfig/serial.pc'
[42.471s] Level 1:colcon.colcon_core.environment:checking '/home/jlukas/ROS2/techdiffbot/install/serial/lib/python3.10/site-packages'
[42.474s] Level 1:colcon.colcon_core.environment:checking '/home/jlukas/ROS2/techdiffbot/install/serial/bin'
[42.733s] INFO:colcon.colcon_core.shell:Creating package script '/home/jlukas/ROS2/techdiffbot/install/serial/share/serial/package.ps1'
[42.739s] INFO:colcon.colcon_core.shell:Creating package descriptor '/home/jlukas/ROS2/techdiffbot/install/serial/share/serial/package.dsv'
[42.745s] INFO:colcon.colcon_core.shell:Creating package script '/home/jlukas/ROS2/techdiffbot/install/serial/share/serial/package.sh'
[42.750s] INFO:colcon.colcon_core.shell:Creating package script '/home/jlukas/ROS2/techdiffbot/install/serial/share/serial/package.bash'
[42.756s] INFO:colcon.colcon_core.shell:Creating package script '/home/jlukas/ROS2/techdiffbot/install/serial/share/serial/package.zsh'
[42.761s] Level 1:colcon.colcon_core.environment:create_file_with_runtime_dependencies(/home/jlukas/ROS2/techdiffbot/install/serial/share/colcon-core/packages/serial)
[43.008s] Level 1:colcon.colcon_core.environment:create_environment_scripts_only(diffdrive_arduino)
[43.232s] Level 1:colcon.colcon_core.environment:checking '/home/jlukas/ROS2/techdiffbot/install/diffdrive_arduino' for CMake module files
[43.241s] Level 1:colcon.colcon_core.environment:checking '/home/jlukas/ROS2/techdiffbot/install/diffdrive_arduino' for CMake config files
[43.250s] Level 1:colcon.colcon_core.shell:create_environment_hook('diffdrive_arduino', 'cmake_prefix_path')
[43.498s] INFO:colcon.colcon_core.shell:Creating environment hook '/home/jlukas/ROS2/techdiffbot/install/diffdrive_arduino/share/diffdrive_arduino/hook/cmake_prefix_path.ps1'
[43.502s] INFO:colcon.colcon_core.shell:Creating environment descriptor '/home/jlukas/ROS2/techdiffbot/install/diffdrive_arduino/share/diffdrive_arduino/hook/cmake_prefix_path.dsv'
[43.509s] INFO:colcon.colcon_core.shell:Creating environment hook '/home/jlukas/ROS2/techdiffbot/install/diffdrive_arduino/share/diffdrive_arduino/hook/cmake_prefix_path.sh'
[43.516s] Level 1:colcon.colcon_core.environment:checking '/home/jlukas/ROS2/techdiffbot/install/diffdrive_arduino/lib'
[43.517s] Level 1:colcon.colcon_core.shell:create_environment_hook('diffdrive_arduino', 'ld_library_path_lib')
[43.757s] INFO:colcon.colcon_core.shell:Creating environment hook '/home/jlukas/ROS2/techdiffbot/install/diffdrive_arduino/share/diffdrive_arduino/hook/ld_library_path_lib.ps1'
[43.762s] INFO:colcon.colcon_core.shell:Creating environment descriptor '/home/jlukas/ROS2/techdiffbot/install/diffdrive_arduino/share/diffdrive_arduino/hook/ld_library_path_lib.dsv'
[43.766s] INFO:colcon.colcon_core.shell:Creating environment hook '/home/jlukas/ROS2/techdiffbot/install/diffdrive_arduino/share/diffdrive_arduino/hook/ld_library_path_lib.sh'
[43.771s] Level 1:colcon.colcon_core.environment:checking '/home/jlukas/ROS2/techdiffbot/install/diffdrive_arduino/bin'
[43.773s] Level 1:colcon.colcon_core.environment:checking '/home/jlukas/ROS2/techdiffbot/install/diffdrive_arduino/lib/pkgconfig/diffdrive_arduino.pc'
[43.776s] Level 1:colcon.colcon_core.environment:checking '/home/jlukas/ROS2/techdiffbot/install/diffdrive_arduino/lib/python3.10/site-packages'
[43.779s] Level 1:colcon.colcon_core.environment:checking '/home/jlukas/ROS2/techdiffbot/install/diffdrive_arduino/bin'
[44.025s] INFO:colcon.colcon_core.shell:Creating package script '/home/jlukas/ROS2/techdiffbot/install/diffdrive_arduino/share/diffdrive_arduino/package.ps1'
[44.035s] INFO:colcon.colcon_core.shell:Creating package descriptor '/home/jlukas/ROS2/techdiffbot/install/diffdrive_arduino/share/diffdrive_arduino/package.dsv'
[44.041s] INFO:colcon.colcon_core.shell:Creating package script '/home/jlukas/ROS2/techdiffbot/install/diffdrive_arduino/share/diffdrive_arduino/package.sh'
[44.048s] INFO:colcon.colcon_core.shell:Creating package script '/home/jlukas/ROS2/techdiffbot/install/diffdrive_arduino/share/diffdrive_arduino/package.bash'
[44.053s] INFO:colcon.colcon_core.shell:Creating package script '/home/jlukas/ROS2/techdiffbot/install/diffdrive_arduino/share/diffdrive_arduino/package.zsh'
[44.058s] Level 1:colcon.colcon_core.environment:create_file_with_runtime_dependencies(/home/jlukas/ROS2/techdiffbot/install/diffdrive_arduino/share/colcon-core/packages/diffdrive_arduino)
[46.266s] DEBUG:colcon.colcon_core.event_handler.log_command:Invoking command in '/home/jlukas/ROS2/techdiffbot/build/techdiffbot': PYTHONPATH=/home/jlukas/ROS2/techdiffbot/build/techdiffbot/prefix_override:/home/jlukas/ROS2/techdiffbot/install/techdiffbot/lib/python3.10/site-packages:${PYTHONPATH} /usr/bin/python3 setup.py develop --editable --build-directory /home/jlukas/ROS2/techdiffbot/build/techdiffbot/build --no-deps install_data
[53.492s] Level 1:colcon.colcon_core.shell:create_environment_hook('techdiffbot', 'pythonpath_develop')
[53.497s] DEBUG:colcon.colcon_core.event_handler.log_command:Invoked command in '/home/jlukas/ROS2/techdiffbot/build/techdiffbot' returned '0': PYTHONPATH=/home/jlukas/ROS2/techdiffbot/build/techdiffbot/prefix_override:/home/jlukas/ROS2/techdiffbot/install/techdiffbot/lib/python3.10/site-packages:${PYTHONPATH} /usr/bin/python3 setup.py develop --editable --build-directory /home/jlukas/ROS2/techdiffbot/build/techdiffbot/build --no-deps install_data
[53.702s] INFO:colcon.colcon_core.shell:Creating environment hook '/home/jlukas/ROS2/techdiffbot/build/techdiffbot/share/techdiffbot/hook/pythonpath_develop.ps1'
[53.707s] INFO:colcon.colcon_core.shell:Creating environment descriptor '/home/jlukas/ROS2/techdiffbot/build/techdiffbot/share/techdiffbot/hook/pythonpath_develop.dsv'
[53.711s] INFO:colcon.colcon_core.shell:Creating environment hook '/home/jlukas/ROS2/techdiffbot/build/techdiffbot/share/techdiffbot/hook/pythonpath_develop.sh'
[53.916s] Level 1:colcon.colcon_core.environment:checking '/home/jlukas/ROS2/techdiffbot/install/techdiffbot' for CMake module files
[53.923s] Level 1:colcon.colcon_core.environment:checking '/home/jlukas/ROS2/techdiffbot/install/techdiffbot' for CMake config files
[53.932s] Level 1:colcon.colcon_core.environment:checking '/home/jlukas/ROS2/techdiffbot/install/techdiffbot/lib'
[53.933s] Level 1:colcon.colcon_core.environment:checking '/home/jlukas/ROS2/techdiffbot/install/techdiffbot/bin'
[53.934s] Level 1:colcon.colcon_core.environment:checking '/home/jlukas/ROS2/techdiffbot/install/techdiffbot/lib/pkgconfig/techdiffbot.pc'
[53.937s] Level 1:colcon.colcon_core.environment:checking '/home/jlukas/ROS2/techdiffbot/install/techdiffbot/lib/python3.10/site-packages'
[53.938s] Level 1:colcon.colcon_core.shell:create_environment_hook('techdiffbot', 'pythonpath')
[54.131s] INFO:colcon.colcon_core.shell:Creating environment hook '/home/jlukas/ROS2/techdiffbot/install/techdiffbot/share/techdiffbot/hook/pythonpath.ps1'
[54.136s] INFO:colcon.colcon_core.shell:Creating environment descriptor '/home/jlukas/ROS2/techdiffbot/install/techdiffbot/share/techdiffbot/hook/pythonpath.dsv'
[54.140s] INFO:colcon.colcon_core.shell:Creating environment hook '/home/jlukas/ROS2/techdiffbot/install/techdiffbot/share/techdiffbot/hook/pythonpath.sh'
[54.146s] Level 1:colcon.colcon_core.environment:checking '/home/jlukas/ROS2/techdiffbot/install/techdiffbot/bin'
[54.148s] Level 1:colcon.colcon_core.environment:create_environment_scripts_only(techdiffbot)
[54.346s] INFO:colcon.colcon_core.shell:Creating package script '/home/jlukas/ROS2/techdiffbot/install/techdiffbot/share/techdiffbot/package.ps1'
[54.353s] INFO:colcon.colcon_core.shell:Creating package descriptor '/home/jlukas/ROS2/techdiffbot/install/techdiffbot/share/techdiffbot/package.dsv'
[54.359s] INFO:colcon.colcon_core.shell:Creating package script '/home/jlukas/ROS2/techdiffbot/install/techdiffbot/share/techdiffbot/package.sh'
[54.364s] INFO:colcon.colcon_core.shell:Creating package script '/home/jlukas/ROS2/techdiffbot/install/techdiffbot/share/techdiffbot/package.bash'
[54.369s] INFO:colcon.colcon_core.shell:Creating package script '/home/jlukas/ROS2/techdiffbot/install/techdiffbot/share/techdiffbot/package.zsh'
[54.373s] Level 1:colcon.colcon_core.environment:create_file_with_runtime_dependencies(/home/jlukas/ROS2/techdiffbot/install/techdiffbot/share/colcon-core/packages/techdiffbot)
[54.376s] DEBUG:colcon.colcon_parallel_executor.executor.parallel:closing loop
[54.379s] DEBUG:colcon.colcon_parallel_executor.executor.parallel:loop closed
[54.381s] DEBUG:colcon.colcon_parallel_executor.executor.parallel:run_until_complete finished with '0'
[54.382s] DEBUG:colcon.colcon_core.event_reactor:joining thread
[54.763s] INFO:colcon.colcon_core.plugin_system:Skipping extension 'colcon_notification.desktop_notification.notify_send': Could not find 'notify-send'
[54.764s] INFO:colcon.colcon_core.plugin_system:Skipping extension 'colcon_notification.desktop_notification.terminal_notifier': Not used on non-Darwin systems
[54.765s] INFO:colcon.colcon_core.plugin_system:Skipping extension 'colcon_notification.desktop_notification.win32': Not used on non-Windows systems
[54.766s] INFO:colcon.colcon_notification.desktop_notification:Sending desktop notification using 'notify2'
[54.817s] DEBUG:colcon.colcon_notification.desktop_notification.notify2:Failed to initialize notify2: org.freedesktop.DBus.Error.ServiceUnknown: The name org.freedesktop.Notifications was not provided by any .service files
[54.818s] DEBUG:colcon.colcon_core.event_reactor:joined thread
[55.023s] INFO:colcon.colcon_core.shell:Creating prefix script '/home/jlukas/ROS2/techdiffbot/install/local_setup.ps1'
[55.034s] INFO:colcon.colcon_core.shell:Creating prefix util module '/home/jlukas/ROS2/techdiffbot/install/_local_setup_util_ps1.py'
[55.055s] INFO:colcon.colcon_core.shell:Creating prefix chain script '/home/jlukas/ROS2/techdiffbot/install/setup.ps1'
[55.271s] INFO:colcon.colcon_core.shell:Creating prefix script '/home/jlukas/ROS2/techdiffbot/install/local_setup.sh'
[55.282s] INFO:colcon.colcon_core.shell:Creating prefix util module '/home/jlukas/ROS2/techdiffbot/install/_local_setup_util_sh.py'
[55.288s] INFO:colcon.colcon_core.shell:Creating prefix chain script '/home/jlukas/ROS2/techdiffbot/install/setup.sh'
[55.499s] INFO:colcon.colcon_core.shell:Creating prefix script '/home/jlukas/ROS2/techdiffbot/install/local_setup.bash'
[55.509s] INFO:colcon.colcon_core.shell:Creating prefix chain script '/home/jlukas/ROS2/techdiffbot/install/setup.bash'
[55.720s] INFO:colcon.colcon_core.shell:Creating prefix script '/home/jlukas/ROS2/techdiffbot/install/local_setup.zsh'
[55.733s] INFO:colcon.colcon_core.shell:Creating prefix chain script '/home/jlukas/ROS2/techdiffbot/install/setup.zsh'
