[35m[1mConsolidate compiler generated dependencies of target cube[0m
[35m[1mConsolidate compiler generated dependencies of target basic_controls[0m
[35m[1mConsolidate compiler generated dependencies of target simple_marker[0m
[35m[1mConsolidate compiler generated dependencies of target selection[0m
[ 14%] Built target cube
[ 28%] Built target simple_marker
[ 42%] Built target basic_controls
[ 57%] Built target selection
[35m[1mConsolidate compiler generated dependencies of target pong_library[0m
[35m[1mConsolidate compiler generated dependencies of target menu[0m
[35m[1mConsolidate compiler generated dependencies of target pong[0m
[ 71%] Built target menu
[ 85%] Built target pong_library
[100%] Built target pong
-- Install configuration: ""
-- Installing: /home/jlukas/Desktop/My_Project/ROS2/techdiffbot/install/interactive_marker_tutorials/lib/interactive_marker_tutorials/pong
-- Set runtime path of "/home/jlukas/Desktop/My_Project/ROS2/techdiffbot/install/interactive_marker_tutorials/lib/interactive_marker_tutorials/pong" to ""
-- Installing: /home/jlukas/Desktop/My_Project/ROS2/techdiffbot/install/interactive_marker_tutorials/bin/basic_controls.py
-- Installing: /home/jlukas/Desktop/My_Project/ROS2/techdiffbot/install/interactive_marker_tutorials/bin/cube.py
-- Installing: /home/jlukas/Desktop/My_Project/ROS2/techdiffbot/install/interactive_marker_tutorials/bin/menu.py
-- Installing: /home/jlukas/Desktop/My_Project/ROS2/techdiffbot/install/interactive_marker_tutorials/bin/simple_marker.py
-- Installing: /home/jlukas/Desktop/My_Project/ROS2/techdiffbot/install/interactive_marker_tutorials/lib/libpong_library.so
-- Set runtime path of "/home/jlukas/Desktop/My_Project/ROS2/techdiffbot/install/interactive_marker_tutorials/lib/libpong_library.so" to ""
-- Installing: /home/jlukas/Desktop/My_Project/ROS2/techdiffbot/install/interactive_marker_tutorials/lib/interactive_marker_tutorials/basic_controls
-- Set runtime path of "/home/jlukas/Desktop/My_Project/ROS2/techdiffbot/install/interactive_marker_tutorials/lib/interactive_marker_tutorials/basic_controls" to ""
-- Installing: /home/jlukas/Desktop/My_Project/ROS2/techdiffbot/install/interactive_marker_tutorials/lib/interactive_marker_tutorials/cube
-- Set runtime path of "/home/jlukas/Desktop/My_Project/ROS2/techdiffbot/install/interactive_marker_tutorials/lib/interactive_marker_tutorials/cube" to ""
-- Installing: /home/jlukas/Desktop/My_Project/ROS2/techdiffbot/install/interactive_marker_tutorials/lib/interactive_marker_tutorials/selection
-- Set runtime path of "/home/jlukas/Desktop/My_Project/ROS2/techdiffbot/install/interactive_marker_tutorials/lib/interactive_marker_tutorials/selection" to ""
-- Installing: /home/jlukas/Desktop/My_Project/ROS2/techdiffbot/install/interactive_marker_tutorials/lib/interactive_marker_tutorials/simple_marker
-- Set runtime path of "/home/jlukas/Desktop/My_Project/ROS2/techdiffbot/install/interactive_marker_tutorials/lib/interactive_marker_tutorials/simple_marker" to ""
-- Installing: /home/jlukas/Desktop/My_Project/ROS2/techdiffbot/install/interactive_marker_tutorials/lib/interactive_marker_tutorials/menu
-- Set runtime path of "/home/jlukas/Desktop/My_Project/ROS2/techdiffbot/install/interactive_marker_tutorials/lib/interactive_marker_tutorials/menu" to ""
-- Installing: /home/jlukas/Desktop/My_Project/ROS2/techdiffbot/install/interactive_marker_tutorials/share/ament_index/resource_index/package_run_dependencies/interactive_marker_tutorials
-- Installing: /home/jlukas/Desktop/My_Project/ROS2/techdiffbot/install/interactive_marker_tutorials/share/ament_index/resource_index/parent_prefix_path/interactive_marker_tutorials
-- Installing: /home/jlukas/Desktop/My_Project/ROS2/techdiffbot/install/interactive_marker_tutorials/share/interactive_marker_tutorials/environment/ament_prefix_path.sh
-- Installing: /home/jlukas/Desktop/My_Project/ROS2/techdiffbot/install/interactive_marker_tutorials/share/interactive_marker_tutorials/environment/ament_prefix_path.dsv
-- Installing: /home/jlukas/Desktop/My_Project/ROS2/techdiffbot/install/interactive_marker_tutorials/share/interactive_marker_tutorials/environment/path.sh
-- Installing: /home/jlukas/Desktop/My_Project/ROS2/techdiffbot/install/interactive_marker_tutorials/share/interactive_marker_tutorials/environment/path.dsv
-- Installing: /home/jlukas/Desktop/My_Project/ROS2/techdiffbot/install/interactive_marker_tutorials/share/interactive_marker_tutorials/local_setup.bash
-- Installing: /home/jlukas/Desktop/My_Project/ROS2/techdiffbot/install/interactive_marker_tutorials/share/interactive_marker_tutorials/local_setup.sh
-- Installing: /home/jlukas/Desktop/My_Project/ROS2/techdiffbot/install/interactive_marker_tutorials/share/interactive_marker_tutorials/local_setup.zsh
-- Installing: /home/jlukas/Desktop/My_Project/ROS2/techdiffbot/install/interactive_marker_tutorials/share/interactive_marker_tutorials/local_setup.dsv
-- Installing: /home/jlukas/Desktop/My_Project/ROS2/techdiffbot/install/interactive_marker_tutorials/share/interactive_marker_tutorials/package.dsv
-- Installing: /home/jlukas/Desktop/My_Project/ROS2/techdiffbot/install/interactive_marker_tutorials/share/ament_index/resource_index/packages/interactive_marker_tutorials
-- Installing: /home/jlukas/Desktop/My_Project/ROS2/techdiffbot/install/interactive_marker_tutorials/share/ament_index/resource_index/rclcpp_components/interactive_marker_tutorials
-- Installing: /home/jlukas/Desktop/My_Project/ROS2/techdiffbot/install/interactive_marker_tutorials/share/interactive_marker_tutorials/cmake/ament_cmake_export_dependencies-extras.cmake
-- Installing: /home/jlukas/Desktop/My_Project/ROS2/techdiffbot/install/interactive_marker_tutorials/share/interactive_marker_tutorials/cmake/interactive_marker_tutorialsConfig.cmake
-- Installing: /home/jlukas/Desktop/My_Project/ROS2/techdiffbot/install/interactive_marker_tutorials/share/interactive_marker_tutorials/cmake/interactive_marker_tutorialsConfig-version.cmake
-- Installing: /home/jlukas/Desktop/My_Project/ROS2/techdiffbot/install/interactive_marker_tutorials/share/interactive_marker_tutorials/package.xml
