[0.027s] Invoking command in '/home/jlukas/Desktop/My_Project/ROS2/arduinobot_ws/build/arduinobot_cpp_examples': CMAKE_PREFIX_PATH=/home/jlukas/Desktop/My_Project/ROS2/rpi_pc_talk/install/rpi_pc_talk:/opt/ros/humble /usr/bin/cmake /home/jlukas/Desktop/My_Project/ROS2/arduinobot_ws/src/arduinobot_cpp_examples -DCMAKE_INSTALL_PREFIX=/home/jlukas/Desktop/My_Project/ROS2/arduinobot_ws/install/arduinobot_cpp_examples
[0.157s] -- The C compiler identification is GNU 11.4.0
[0.253s] -- The CXX compiler identification is GNU 11.4.0
[0.262s] -- Detecting C compiler ABI info
[0.369s] -- Detecting C compiler ABI info - done
[0.376s] -- Check for working C compiler: /usr/bin/cc - skipped
[0.377s] -- Detecting C compile features
[0.378s] -- Detecting C compile features - done
[0.381s] -- Detecting CXX compiler ABI info
[0.506s] -- Detecting CXX compiler ABI info - done
[0.575s] -- Check for working CXX compiler: /usr/bin/c++ - skipped
[0.576s] -- Detecting CXX compile features
[0.576s] -- Detecting CXX compile features - done
[0.590s] -- Found ament_cmake: 1.3.5 (/opt/ros/humble/share/ament_cmake/cmake)
[0.820s] -- Found Python3: /usr/bin/python3.10 (found version "3.10.12") found components: Interpreter 
[0.928s] -- Found ament_lint_auto: 0.12.7 (/opt/ros/humble/share/ament_lint_auto/cmake)
[1.049s] -- Added test 'lint_cmake' to check CMake code style
[1.051s] -- Added test 'xmllint' to check XML markup files
[1.052s] -- Configuring done
[1.056s] -- Generating done
[1.057s] -- Build files have been written to: /home/jlukas/Desktop/My_Project/ROS2/arduinobot_ws/build/arduinobot_cpp_examples
[1.063s] Invoked command in '/home/jlukas/Desktop/My_Project/ROS2/arduinobot_ws/build/arduinobot_cpp_examples' returned '0': CMAKE_PREFIX_PATH=/home/jlukas/Desktop/My_Project/ROS2/rpi_pc_talk/install/rpi_pc_talk:/opt/ros/humble /usr/bin/cmake /home/jlukas/Desktop/My_Project/ROS2/arduinobot_ws/src/arduinobot_cpp_examples -DCMAKE_INSTALL_PREFIX=/home/jlukas/Desktop/My_Project/ROS2/arduinobot_ws/install/arduinobot_cpp_examples
[1.064s] Invoking command in '/home/jlukas/Desktop/My_Project/ROS2/arduinobot_ws/build/arduinobot_cpp_examples': CMAKE_PREFIX_PATH=/home/jlukas/Desktop/My_Project/ROS2/rpi_pc_talk/install/rpi_pc_talk:/opt/ros/humble /usr/bin/cmake --build /home/jlukas/Desktop/My_Project/ROS2/arduinobot_ws/build/arduinobot_cpp_examples -- -j4 -l4
[1.115s] Invoked command in '/home/jlukas/Desktop/My_Project/ROS2/arduinobot_ws/build/arduinobot_cpp_examples' returned '0': CMAKE_PREFIX_PATH=/home/jlukas/Desktop/My_Project/ROS2/rpi_pc_talk/install/rpi_pc_talk:/opt/ros/humble /usr/bin/cmake --build /home/jlukas/Desktop/My_Project/ROS2/arduinobot_ws/build/arduinobot_cpp_examples -- -j4 -l4
[1.171s] Invoking command in '/home/jlukas/Desktop/My_Project/ROS2/arduinobot_ws/build/arduinobot_cpp_examples': CMAKE_PREFIX_PATH=/home/jlukas/Desktop/My_Project/ROS2/rpi_pc_talk/install/rpi_pc_talk:/opt/ros/humble /usr/bin/cmake --install /home/jlukas/Desktop/My_Project/ROS2/arduinobot_ws/build/arduinobot_cpp_examples
[1.181s] -- Install configuration: ""
[1.182s] -- Installing: /home/jlukas/Desktop/My_Project/ROS2/arduinobot_ws/install/arduinobot_cpp_examples/share/ament_index/resource_index/package_run_dependencies/arduinobot_cpp_examples
[1.182s] -- Installing: /home/jlukas/Desktop/My_Project/ROS2/arduinobot_ws/install/arduinobot_cpp_examples/share/ament_index/resource_index/parent_prefix_path/arduinobot_cpp_examples
[1.182s] -- Installing: /home/jlukas/Desktop/My_Project/ROS2/arduinobot_ws/install/arduinobot_cpp_examples/share/arduinobot_cpp_examples/environment/ament_prefix_path.sh
[1.182s] -- Installing: /home/jlukas/Desktop/My_Project/ROS2/arduinobot_ws/install/arduinobot_cpp_examples/share/arduinobot_cpp_examples/environment/ament_prefix_path.dsv
[1.182s] -- Installing: /home/jlukas/Desktop/My_Project/ROS2/arduinobot_ws/install/arduinobot_cpp_examples/share/arduinobot_cpp_examples/environment/path.sh
[1.183s] -- Installing: /home/jlukas/Desktop/My_Project/ROS2/arduinobot_ws/install/arduinobot_cpp_examples/share/arduinobot_cpp_examples/environment/path.dsv
[1.183s] -- Installing: /home/jlukas/Desktop/My_Project/ROS2/arduinobot_ws/install/arduinobot_cpp_examples/share/arduinobot_cpp_examples/local_setup.bash
[1.183s] -- Installing: /home/jlukas/Desktop/My_Project/ROS2/arduinobot_ws/install/arduinobot_cpp_examples/share/arduinobot_cpp_examples/local_setup.sh
[1.183s] -- Installing: /home/jlukas/Desktop/My_Project/ROS2/arduinobot_ws/install/arduinobot_cpp_examples/share/arduinobot_cpp_examples/local_setup.zsh
[1.183s] -- Installing: /home/jlukas/Desktop/My_Project/ROS2/arduinobot_ws/install/arduinobot_cpp_examples/share/arduinobot_cpp_examples/local_setup.dsv
[1.183s] -- Installing: /home/jlukas/Desktop/My_Project/ROS2/arduinobot_ws/install/arduinobot_cpp_examples/share/arduinobot_cpp_examples/package.dsv
[1.183s] -- Installing: /home/jlukas/Desktop/My_Project/ROS2/arduinobot_ws/install/arduinobot_cpp_examples/share/ament_index/resource_index/packages/arduinobot_cpp_examples
[1.184s] -- Installing: /home/jlukas/Desktop/My_Project/ROS2/arduinobot_ws/install/arduinobot_cpp_examples/share/arduinobot_cpp_examples/cmake/arduinobot_cpp_examplesConfig.cmake
[1.184s] -- Installing: /home/jlukas/Desktop/My_Project/ROS2/arduinobot_ws/install/arduinobot_cpp_examples/share/arduinobot_cpp_examples/cmake/arduinobot_cpp_examplesConfig-version.cmake
[1.184s] -- Installing: /home/jlukas/Desktop/My_Project/ROS2/arduinobot_ws/install/arduinobot_cpp_examples/share/arduinobot_cpp_examples/package.xml
[1.188s] Invoked command in '/home/jlukas/Desktop/My_Project/ROS2/arduinobot_ws/build/arduinobot_cpp_examples' returned '0': CMAKE_PREFIX_PATH=/home/jlukas/Desktop/My_Project/ROS2/rpi_pc_talk/install/rpi_pc_talk:/opt/ros/humble /usr/bin/cmake --install /home/jlukas/Desktop/My_Project/ROS2/arduinobot_ws/build/arduinobot_cpp_examples
