running egg_info
writing ../../build/rover/rover.egg-info/PKG-INFO
writing dependency_links to ../../build/rover/rover.egg-info/dependency_links.txt
writing entry points to ../../build/rover/rover.egg-info/entry_points.txt
writing requirements to ../../build/rover/rover.egg-info/requires.txt
writing top-level names to ../../build/rover/rover.egg-info/top_level.txt
reading manifest file '../../build/rover/rover.egg-info/SOURCES.txt'
writing manifest file '../../build/rover/rover.egg-info/SOURCES.txt'
running build
running build_py
copying rover/lidar_obstacle_diff.py -> /home/jlukas/My_Project/ROS2/ros2_differential_obstacle_robot/build/rover/build/lib/rover
running install
/usr/lib/python3/dist-packages/setuptools/command/install.py:34: SetuptoolsDeprecationWarning: setup.py install is deprecated. Use build and pip and other standards-based tools.
  warnings.warn(
running install_lib
copying /home/jlukas/My_Project/ROS2/ros2_differential_obstacle_robot/build/rover/build/lib/rover/lidar_obstacle_diff.py -> /home/jlukas/My_Project/ROS2/ros2_differential_obstacle_robot/install/rover/lib/python3.10/site-packages/rover
byte-compiling /home/jlukas/My_Project/ROS2/ros2_differential_obstacle_robot/install/rover/lib/python3.10/site-packages/rover/lidar_obstacle_diff.py to lidar_obstacle_diff.cpython-310.pyc
running install_data
running install_egg_info
removing '/home/jlukas/My_Project/ROS2/ros2_differential_obstacle_robot/install/rover/lib/python3.10/site-packages/rover-0.0.0-py3.10.egg-info' (and everything under it)
Copying ../../build/rover/rover.egg-info to /home/jlukas/My_Project/ROS2/ros2_differential_obstacle_robot/install/rover/lib/python3.10/site-packages/rover-0.0.0-py3.10.egg-info
running install_scripts
Installing lidar_differential script to /home/jlukas/My_Project/ROS2/ros2_differential_obstacle_robot/install/rover/lib/rover
writing list of installed files to '/home/jlukas/My_Project/ROS2/ros2_differential_obstacle_robot/build/rover/install.log'
