[2.084s] DEBUG:colcon:Command line arguments: ['/usr/bin/colcon', 'list', '-p', '--base-paths', '/home/jlukas/My_Project/ROS2/ros2_rpi_motor']
[2.084s] DEBUG:colcon:Parsed command line arguments: Namespace(log_base=None, log_level=None, verb_name='list', build_base='build', ignore_user_meta=False, metas=['./colcon.meta'], base_paths=['/home/jlukas/My_Project/ROS2/ros2_rpi_motor'], packages_ignore=None, packages_ignore_regex=None, paths=None, packages_up_to=None, packages_up_to_regex=None, packages_above=None, packages_above_and_dependencies=None, packages_above_depth=None, packages_select_by_dep=None, packages_skip_by_dep=None, packages_skip_up_to=None, packages_select_build_failed=False, packages_skip_build_finished=False, packages_select_test_failures=False, packages_skip_test_passed=False, packages_select=None, packages_skip=None, packages_select_regex=None, packages_skip_regex=None, packages_start=None, packages_end=None, allow_overriding=[], topological_order=False, names_only=False, paths_only=True, topological_graph=False, topological_graph_dot=False, topological_graph_density=False, topological_graph_legend=False, topological_graph_dot_cluster=False, topological_graph_dot_include_skipped=False, verb_parser=<colcon_defaults.argument_parser.defaults.DefaultArgumentsDecorator object at 0x7fd8aefa9a80>, verb_extension=<colcon_package_information.verb.list.ListVerb object at 0x7fd8aefa8580>, main=<bound method ListVerb.main of <colcon_package_information.verb.list.ListVerb object at 0x7fd8aefa8580>>)
[2.183s] Level 1:colcon.colcon_core.package_discovery:discover_packages(colcon_meta) check parameters
[2.183s] Level 1:colcon.colcon_core.package_discovery:discover_packages(recursive) check parameters
[2.184s] Level 1:colcon.colcon_core.package_discovery:discover_packages(ignore) check parameters
[2.184s] Level 1:colcon.colcon_core.package_discovery:discover_packages(path) check parameters
[2.184s] Level 1:colcon.colcon_core.package_discovery:discover_packages(recursive) discover
[2.184s] INFO:colcon.colcon_core.package_discovery:Crawling recursively for packages in '/home/jlukas/My_Project/ROS2/ros2_rpi_motor'
[2.184s] Level 1:colcon.colcon_core.package_identification:_identify(/home/jlukas/My_Project/ROS2/ros2_rpi_motor) by extensions ['ignore', 'ignore_ament_install']
[2.184s] Level 1:colcon.colcon_core.package_identification:_identify(/home/jlukas/My_Project/ROS2/ros2_rpi_motor) by extension 'ignore'
[2.185s] Level 1:colcon.colcon_core.package_identification:_identify(/home/jlukas/My_Project/ROS2/ros2_rpi_motor) by extension 'ignore_ament_install'
[2.185s] Level 1:colcon.colcon_core.package_identification:_identify(/home/jlukas/My_Project/ROS2/ros2_rpi_motor) by extensions ['colcon_pkg']
[2.185s] Level 1:colcon.colcon_core.package_identification:_identify(/home/jlukas/My_Project/ROS2/ros2_rpi_motor) by extension 'colcon_pkg'
[2.185s] Level 1:colcon.colcon_core.package_identification:_identify(/home/jlukas/My_Project/ROS2/ros2_rpi_motor) by extensions ['colcon_meta']
[2.185s] Level 1:colcon.colcon_core.package_identification:_identify(/home/jlukas/My_Project/ROS2/ros2_rpi_motor) by extension 'colcon_meta'
[2.185s] Level 1:colcon.colcon_core.package_identification:_identify(/home/jlukas/My_Project/ROS2/ros2_rpi_motor) by extensions ['ros']
[2.185s] Level 1:colcon.colcon_core.package_identification:_identify(/home/jlukas/My_Project/ROS2/ros2_rpi_motor) by extension 'ros'
[2.212s] Level 1:colcon.colcon_core.package_identification:_identify(/home/jlukas/My_Project/ROS2/ros2_rpi_motor) by extensions ['cmake', 'python']
[2.212s] Level 1:colcon.colcon_core.package_identification:_identify(/home/jlukas/My_Project/ROS2/ros2_rpi_motor) by extension 'cmake'
[2.212s] Level 1:colcon.colcon_core.package_identification:_identify(/home/jlukas/My_Project/ROS2/ros2_rpi_motor) by extension 'python'
[2.212s] Level 1:colcon.colcon_core.package_identification:_identify(/home/jlukas/My_Project/ROS2/ros2_rpi_motor) by extensions ['python_setup_py']
[2.212s] Level 1:colcon.colcon_core.package_identification:_identify(/home/jlukas/My_Project/ROS2/ros2_rpi_motor) by extension 'python_setup_py'
[2.213s] Level 1:colcon.colcon_core.package_identification:_identify(/home/jlukas/My_Project/ROS2/ros2_rpi_motor/build) by extensions ['ignore', 'ignore_ament_install']
[2.213s] Level 1:colcon.colcon_core.package_identification:_identify(/home/jlukas/My_Project/ROS2/ros2_rpi_motor/build) by extension 'ignore'
[2.213s] Level 1:colcon.colcon_core.package_identification:_identify(/home/jlukas/My_Project/ROS2/ros2_rpi_motor/build) ignored
[2.213s] Level 1:colcon.colcon_core.package_identification:_identify(/home/jlukas/My_Project/ROS2/ros2_rpi_motor/install) by extensions ['ignore', 'ignore_ament_install']
[2.213s] Level 1:colcon.colcon_core.package_identification:_identify(/home/jlukas/My_Project/ROS2/ros2_rpi_motor/install) by extension 'ignore'
[2.213s] Level 1:colcon.colcon_core.package_identification:_identify(/home/jlukas/My_Project/ROS2/ros2_rpi_motor/install) ignored
[2.213s] Level 1:colcon.colcon_core.package_identification:_identify(/home/jlukas/My_Project/ROS2/ros2_rpi_motor/log) by extensions ['ignore', 'ignore_ament_install']
[2.214s] Level 1:colcon.colcon_core.package_identification:_identify(/home/jlukas/My_Project/ROS2/ros2_rpi_motor/log) by extension 'ignore'
[2.214s] Level 1:colcon.colcon_core.package_identification:_identify(/home/jlukas/My_Project/ROS2/ros2_rpi_motor/log) ignored
[2.214s] Level 1:colcon.colcon_core.package_identification:_identify(/home/jlukas/My_Project/ROS2/ros2_rpi_motor/src) by extensions ['ignore', 'ignore_ament_install']
[2.214s] Level 1:colcon.colcon_core.package_identification:_identify(/home/jlukas/My_Project/ROS2/ros2_rpi_motor/src) by extension 'ignore'
[2.214s] Level 1:colcon.colcon_core.package_identification:_identify(/home/jlukas/My_Project/ROS2/ros2_rpi_motor/src) by extension 'ignore_ament_install'
[2.214s] Level 1:colcon.colcon_core.package_identification:_identify(/home/jlukas/My_Project/ROS2/ros2_rpi_motor/src) by extensions ['colcon_pkg']
[2.214s] Level 1:colcon.colcon_core.package_identification:_identify(/home/jlukas/My_Project/ROS2/ros2_rpi_motor/src) by extension 'colcon_pkg'
[2.215s] Level 1:colcon.colcon_core.package_identification:_identify(/home/jlukas/My_Project/ROS2/ros2_rpi_motor/src) by extensions ['colcon_meta']
[2.215s] Level 1:colcon.colcon_core.package_identification:_identify(/home/jlukas/My_Project/ROS2/ros2_rpi_motor/src) by extension 'colcon_meta'
[2.215s] Level 1:colcon.colcon_core.package_identification:_identify(/home/jlukas/My_Project/ROS2/ros2_rpi_motor/src) by extensions ['ros']
[2.215s] Level 1:colcon.colcon_core.package_identification:_identify(/home/jlukas/My_Project/ROS2/ros2_rpi_motor/src) by extension 'ros'
[2.215s] Level 1:colcon.colcon_core.package_identification:_identify(/home/jlukas/My_Project/ROS2/ros2_rpi_motor/src) by extensions ['cmake', 'python']
[2.215s] Level 1:colcon.colcon_core.package_identification:_identify(/home/jlukas/My_Project/ROS2/ros2_rpi_motor/src) by extension 'cmake'
[2.215s] Level 1:colcon.colcon_core.package_identification:_identify(/home/jlukas/My_Project/ROS2/ros2_rpi_motor/src) by extension 'python'
[2.215s] Level 1:colcon.colcon_core.package_identification:_identify(/home/jlukas/My_Project/ROS2/ros2_rpi_motor/src) by extensions ['python_setup_py']
[2.215s] Level 1:colcon.colcon_core.package_identification:_identify(/home/jlukas/My_Project/ROS2/ros2_rpi_motor/src) by extension 'python_setup_py'
[2.215s] Level 1:colcon.colcon_core.package_identification:_identify(/home/jlukas/My_Project/ROS2/ros2_rpi_motor/src/ros2_rpi_motor) by extensions ['ignore', 'ignore_ament_install']
[2.216s] Level 1:colcon.colcon_core.package_identification:_identify(/home/jlukas/My_Project/ROS2/ros2_rpi_motor/src/ros2_rpi_motor) by extension 'ignore'
[2.216s] Level 1:colcon.colcon_core.package_identification:_identify(/home/jlukas/My_Project/ROS2/ros2_rpi_motor/src/ros2_rpi_motor) by extension 'ignore_ament_install'
[2.216s] Level 1:colcon.colcon_core.package_identification:_identify(/home/jlukas/My_Project/ROS2/ros2_rpi_motor/src/ros2_rpi_motor) by extensions ['colcon_pkg']
[2.216s] Level 1:colcon.colcon_core.package_identification:_identify(/home/jlukas/My_Project/ROS2/ros2_rpi_motor/src/ros2_rpi_motor) by extension 'colcon_pkg'
[2.216s] Level 1:colcon.colcon_core.package_identification:_identify(/home/jlukas/My_Project/ROS2/ros2_rpi_motor/src/ros2_rpi_motor) by extensions ['colcon_meta']
[2.216s] Level 1:colcon.colcon_core.package_identification:_identify(/home/jlukas/My_Project/ROS2/ros2_rpi_motor/src/ros2_rpi_motor) by extension 'colcon_meta'
[2.216s] Level 1:colcon.colcon_core.package_identification:_identify(/home/jlukas/My_Project/ROS2/ros2_rpi_motor/src/ros2_rpi_motor) by extensions ['ros']
[2.216s] Level 1:colcon.colcon_core.package_identification:_identify(/home/jlukas/My_Project/ROS2/ros2_rpi_motor/src/ros2_rpi_motor) by extension 'ros'
[2.220s] DEBUG:colcon.colcon_core.package_identification:Package '/home/jlukas/My_Project/ROS2/ros2_rpi_motor/src/ros2_rpi_motor' with type 'ros.ament_python' and name 'ros2_rpi_motor'
[2.220s] Level 1:colcon.colcon_core.package_discovery:discover_packages(recursive) using defaults
