[12.739s] DEBUG:colcon:Command line arguments: ['/usr/bin/colcon', 'build']
[12.740s] DEBUG:colcon:Parsed command line arguments: Namespace(log_base=None, log_level=None, verb_name='build', build_base='build', install_base='install', merge_install=False, symlink_install=False, test_result_base=None, continue_on_error=False, executor='parallel', parallel_workers=4, event_handlers=None, ignore_user_meta=False, metas=['./colcon.meta'], base_paths=['.'], packages_ignore=None, packages_ignore_regex=None, paths=None, packages_up_to=None, packages_up_to_regex=None, packages_above=None, packages_above_and_dependencies=None, packages_above_depth=None, packages_select_by_dep=None, packages_skip_by_dep=None, packages_skip_up_to=None, packages_select_build_failed=False, packages_skip_build_finished=False, packages_select_test_failures=False, packages_skip_test_passed=False, packages_select=None, packages_skip=None, packages_select_regex=None, packages_skip_regex=None, packages_start=None, packages_end=None, allow_overriding=[], cmake_args=None, cmake_target=None, cmake_target_skip_unavailable=False, cmake_clean_cache=False, cmake_clean_first=False, cmake_force_configure=False, ament_cmake_args=None, catkin_cmake_args=None, catkin_skip_building_tests=False, verb_parser=<colcon_defaults.argument_parser.defaults.DefaultArgumentsDecorator object at 0xffff92e9c190>, verb_extension=<colcon_core.verb.build.BuildVerb object at 0xffff92e9cee0>, main=<bound method BuildVerb.main of <colcon_core.verb.build.BuildVerb object at 0xffff92e9cee0>>)
[13.423s] Level 1:colcon.colcon_core.package_discovery:discover_packages(colcon_meta) check parameters
[13.424s] Level 1:colcon.colcon_core.package_discovery:discover_packages(recursive) check parameters
[13.424s] Level 1:colcon.colcon_core.package_discovery:discover_packages(ignore) check parameters
[13.424s] Level 1:colcon.colcon_core.package_discovery:discover_packages(path) check parameters
[13.425s] Level 1:colcon.colcon_core.package_discovery:discover_packages(colcon_meta) discover
[13.425s] Level 1:colcon.colcon_core.package_discovery:discover_packages(recursive) discover
[13.426s] INFO:colcon.colcon_core.package_discovery:Crawling recursively for packages in '/home/jlukas/My_Project/ROS2/ros2_rpi_cv2'
[13.427s] Level 1:colcon.colcon_core.package_identification:_identify(.) by extensions ['ignore', 'ignore_ament_install']
[13.428s] Level 1:colcon.colcon_core.package_identification:_identify(.) by extension 'ignore'
[13.428s] Level 1:colcon.colcon_core.package_identification:_identify(.) by extension 'ignore_ament_install'
[13.429s] Level 1:colcon.colcon_core.package_identification:_identify(.) by extensions ['colcon_pkg']
[13.429s] Level 1:colcon.colcon_core.package_identification:_identify(.) by extension 'colcon_pkg'
[13.430s] Level 1:colcon.colcon_core.package_identification:_identify(.) by extensions ['colcon_meta']
[13.430s] Level 1:colcon.colcon_core.package_identification:_identify(.) by extension 'colcon_meta'
[13.431s] Level 1:colcon.colcon_core.package_identification:_identify(.) by extensions ['ros']
[13.431s] Level 1:colcon.colcon_core.package_identification:_identify(.) by extension 'ros'
[13.594s] Level 1:colcon.colcon_core.package_identification:_identify(.) by extensions ['cmake', 'python']
[13.595s] Level 1:colcon.colcon_core.package_identification:_identify(.) by extension 'cmake'
[13.595s] Level 1:colcon.colcon_core.package_identification:_identify(.) by extension 'python'
[13.596s] Level 1:colcon.colcon_core.package_identification:_identify(.) by extensions ['python_setup_py']
[13.596s] Level 1:colcon.colcon_core.package_identification:_identify(.) by extension 'python_setup_py'
[13.597s] Level 1:colcon.colcon_core.package_identification:_identify(build) by extensions ['ignore', 'ignore_ament_install']
[13.598s] Level 1:colcon.colcon_core.package_identification:_identify(build) by extension 'ignore'
[13.599s] Level 1:colcon.colcon_core.package_identification:_identify(build) ignored
[13.600s] Level 1:colcon.colcon_core.package_identification:_identify(install) by extensions ['ignore', 'ignore_ament_install']
[13.601s] Level 1:colcon.colcon_core.package_identification:_identify(install) by extension 'ignore'
[13.602s] Level 1:colcon.colcon_core.package_identification:_identify(install) ignored
[13.604s] Level 1:colcon.colcon_core.package_identification:_identify(log) by extensions ['ignore', 'ignore_ament_install']
[13.605s] Level 1:colcon.colcon_core.package_identification:_identify(log) by extension 'ignore'
[13.606s] Level 1:colcon.colcon_core.package_identification:_identify(log) ignored
[13.607s] Level 1:colcon.colcon_core.package_identification:_identify(src) by extensions ['ignore', 'ignore_ament_install']
[13.608s] Level 1:colcon.colcon_core.package_identification:_identify(src) by extension 'ignore'
[13.608s] Level 1:colcon.colcon_core.package_identification:_identify(src) by extension 'ignore_ament_install'
[13.609s] Level 1:colcon.colcon_core.package_identification:_identify(src) by extensions ['colcon_pkg']
[13.609s] Level 1:colcon.colcon_core.package_identification:_identify(src) by extension 'colcon_pkg'
[13.610s] Level 1:colcon.colcon_core.package_identification:_identify(src) by extensions ['colcon_meta']
[13.610s] Level 1:colcon.colcon_core.package_identification:_identify(src) by extension 'colcon_meta'
[13.611s] Level 1:colcon.colcon_core.package_identification:_identify(src) by extensions ['ros']
[13.611s] Level 1:colcon.colcon_core.package_identification:_identify(src) by extension 'ros'
[13.612s] Level 1:colcon.colcon_core.package_identification:_identify(src) by extensions ['cmake', 'python']
[13.613s] Level 1:colcon.colcon_core.package_identification:_identify(src) by extension 'cmake'
[13.613s] Level 1:colcon.colcon_core.package_identification:_identify(src) by extension 'python'
[13.614s] Level 1:colcon.colcon_core.package_identification:_identify(src) by extensions ['python_setup_py']
[13.614s] Level 1:colcon.colcon_core.package_identification:_identify(src) by extension 'python_setup_py'
[13.615s] Level 1:colcon.colcon_core.package_identification:_identify(src/ros2_rpi_cv2) by extensions ['ignore', 'ignore_ament_install']
[13.616s] Level 1:colcon.colcon_core.package_identification:_identify(src/ros2_rpi_cv2) by extension 'ignore'
[13.617s] Level 1:colcon.colcon_core.package_identification:_identify(src/ros2_rpi_cv2) by extension 'ignore_ament_install'
[13.617s] Level 1:colcon.colcon_core.package_identification:_identify(src/ros2_rpi_cv2) by extensions ['colcon_pkg']
[13.618s] Level 1:colcon.colcon_core.package_identification:_identify(src/ros2_rpi_cv2) by extension 'colcon_pkg'
[13.618s] Level 1:colcon.colcon_core.package_identification:_identify(src/ros2_rpi_cv2) by extensions ['colcon_meta']
[13.619s] Level 1:colcon.colcon_core.package_identification:_identify(src/ros2_rpi_cv2) by extension 'colcon_meta'
[13.619s] Level 1:colcon.colcon_core.package_identification:_identify(src/ros2_rpi_cv2) by extensions ['ros']
[13.620s] Level 1:colcon.colcon_core.package_identification:_identify(src/ros2_rpi_cv2) by extension 'ros'
[13.663s] DEBUG:colcon.colcon_core.package_identification:Package 'src/ros2_rpi_cv2' with type 'ros.ament_python' and name 'ros2_rpi_cv2'
[13.663s] Level 1:colcon.colcon_core.package_discovery:discover_packages(recursive) using defaults
[13.664s] Level 1:colcon.colcon_core.package_discovery:discover_packages(ignore) discover
[13.664s] Level 1:colcon.colcon_core.package_discovery:discover_packages(ignore) using defaults
[13.664s] Level 1:colcon.colcon_core.package_discovery:discover_packages(path) discover
[13.665s] Level 1:colcon.colcon_core.package_discovery:discover_packages(path) using defaults
[14.742s] Level 1:colcon.colcon_core.package_discovery:discover_packages(prefix_path) check parameters
[14.742s] Level 1:colcon.colcon_core.package_discovery:discover_packages(prefix_path) discover
[15.076s] DEBUG:colcon.colcon_installed_package_information.package_discovery:Found 1 installed packages in /home/jlukas/My_Project/ROS2/ros2_rpi_cv2/install
[15.247s] DEBUG:colcon.colcon_installed_package_information.package_discovery:Found 185 installed packages in /opt/ros/humble
[15.260s] Level 1:colcon.colcon_core.package_discovery:discover_packages(prefix_path) using defaults
[16.281s] Level 5:colcon.colcon_core.verb:set package 'ros2_rpi_cv2' build argument 'cmake_args' from command line to 'None'
[16.282s] Level 5:colcon.colcon_core.verb:set package 'ros2_rpi_cv2' build argument 'cmake_target' from command line to 'None'
[16.282s] Level 5:colcon.colcon_core.verb:set package 'ros2_rpi_cv2' build argument 'cmake_target_skip_unavailable' from command line to 'False'
[16.283s] Level 5:colcon.colcon_core.verb:set package 'ros2_rpi_cv2' build argument 'cmake_clean_cache' from command line to 'False'
[16.283s] Level 5:colcon.colcon_core.verb:set package 'ros2_rpi_cv2' build argument 'cmake_clean_first' from command line to 'False'
[16.283s] Level 5:colcon.colcon_core.verb:set package 'ros2_rpi_cv2' build argument 'cmake_force_configure' from command line to 'False'
[16.283s] Level 5:colcon.colcon_core.verb:set package 'ros2_rpi_cv2' build argument 'ament_cmake_args' from command line to 'None'
[16.284s] Level 5:colcon.colcon_core.verb:set package 'ros2_rpi_cv2' build argument 'catkin_cmake_args' from command line to 'None'
[16.284s] Level 5:colcon.colcon_core.verb:set package 'ros2_rpi_cv2' build argument 'catkin_skip_building_tests' from command line to 'False'
[16.284s] DEBUG:colcon.colcon_core.verb:Building package 'ros2_rpi_cv2' with the following arguments: {'ament_cmake_args': None, 'build_base': '/home/jlukas/My_Project/ROS2/ros2_rpi_cv2/build/ros2_rpi_cv2', 'catkin_cmake_args': None, 'catkin_skip_building_tests': False, 'cmake_args': None, 'cmake_clean_cache': False, 'cmake_clean_first': False, 'cmake_force_configure': False, 'cmake_target': None, 'cmake_target_skip_unavailable': False, 'install_base': '/home/jlukas/My_Project/ROS2/ros2_rpi_cv2/install/ros2_rpi_cv2', 'merge_install': False, 'path': '/home/jlukas/My_Project/ROS2/ros2_rpi_cv2/src/ros2_rpi_cv2', 'symlink_install': False, 'test_result_base': None}
[16.435s] INFO:colcon.colcon_core.executor:Executing jobs using 'parallel' executor
[16.592s] DEBUG:colcon.colcon_parallel_executor.executor.parallel:run_until_complete
[16.593s] INFO:colcon.colcon_ros.task.ament_python.build:Building ROS package in '/home/jlukas/My_Project/ROS2/ros2_rpi_cv2/src/ros2_rpi_cv2' with build type 'ament_python'
[16.595s] Level 1:colcon.colcon_core.shell:create_environment_hook('ros2_rpi_cv2', 'ament_prefix_path')
[16.798s] INFO:colcon.colcon_core.plugin_system:Skipping extension 'colcon_core.shell.bat': Not used on non-Windows systems
[16.800s] INFO:colcon.colcon_core.shell:Creating environment hook '/home/jlukas/My_Project/ROS2/ros2_rpi_cv2/install/ros2_rpi_cv2/share/ros2_rpi_cv2/hook/ament_prefix_path.ps1'
[16.811s] INFO:colcon.colcon_core.shell:Creating environment descriptor '/home/jlukas/My_Project/ROS2/ros2_rpi_cv2/install/ros2_rpi_cv2/share/ros2_rpi_cv2/hook/ament_prefix_path.dsv'
[16.823s] INFO:colcon.colcon_core.shell:Creating environment hook '/home/jlukas/My_Project/ROS2/ros2_rpi_cv2/install/ros2_rpi_cv2/share/ros2_rpi_cv2/hook/ament_prefix_path.sh'
[16.989s] INFO:colcon.colcon_core.shell:Skip shell extension 'powershell' for command environment: Not usable outside of PowerShell
[16.990s] DEBUG:colcon.colcon_core.shell:Skip shell extension 'dsv' for command environment
[20.361s] INFO:colcon.colcon_core.task.python.build:Building Python package in '/home/jlukas/My_Project/ROS2/ros2_rpi_cv2/src/ros2_rpi_cv2'
[20.517s] INFO:colcon.colcon_core.shell:Skip shell extension 'powershell' for command environment: Not usable outside of PowerShell
[20.518s] DEBUG:colcon.colcon_core.shell:Skip shell extension 'dsv' for command environment
[25.904s] DEBUG:colcon.colcon_core.event_handler.log_command:Invoking command in '/home/jlukas/My_Project/ROS2/ros2_rpi_cv2/src/ros2_rpi_cv2': PYTHONPATH=/home/jlukas/My_Project/ROS2/ros2_rpi_cv2/build/ros2_rpi_cv2/prefix_override:/home/jlukas/My_Project/ROS2/ros2_rpi_cv2/install/ros2_rpi_cv2/lib/python3.10/site-packages:${PYTHONPATH} /usr/bin/python3 setup.py egg_info --egg-base ../../build/ros2_rpi_cv2 build --build-base /home/jlukas/My_Project/ROS2/ros2_rpi_cv2/build/ros2_rpi_cv2/build install --record /home/jlukas/My_Project/ROS2/ros2_rpi_cv2/build/ros2_rpi_cv2/install.log --single-version-externally-managed
[29.168s] DEBUG:colcon.colcon_core.event_handler.log_command:Invoked command in '/home/jlukas/My_Project/ROS2/ros2_rpi_cv2/src/ros2_rpi_cv2' returned '0': PYTHONPATH=/home/jlukas/My_Project/ROS2/ros2_rpi_cv2/build/ros2_rpi_cv2/prefix_override:/home/jlukas/My_Project/ROS2/ros2_rpi_cv2/install/ros2_rpi_cv2/lib/python3.10/site-packages:${PYTHONPATH} /usr/bin/python3 setup.py egg_info --egg-base ../../build/ros2_rpi_cv2 build --build-base /home/jlukas/My_Project/ROS2/ros2_rpi_cv2/build/ros2_rpi_cv2/build install --record /home/jlukas/My_Project/ROS2/ros2_rpi_cv2/build/ros2_rpi_cv2/install.log --single-version-externally-managed
[29.380s] Level 1:colcon.colcon_core.environment:checking '/home/jlukas/My_Project/ROS2/ros2_rpi_cv2/install/ros2_rpi_cv2' for CMake module files
[29.388s] Level 1:colcon.colcon_core.environment:checking '/home/jlukas/My_Project/ROS2/ros2_rpi_cv2/install/ros2_rpi_cv2' for CMake config files
[29.401s] Level 1:colcon.colcon_core.environment:checking '/home/jlukas/My_Project/ROS2/ros2_rpi_cv2/install/ros2_rpi_cv2/lib'
[29.403s] Level 1:colcon.colcon_core.environment:checking '/home/jlukas/My_Project/ROS2/ros2_rpi_cv2/install/ros2_rpi_cv2/bin'
[29.404s] Level 1:colcon.colcon_core.environment:checking '/home/jlukas/My_Project/ROS2/ros2_rpi_cv2/install/ros2_rpi_cv2/lib/pkgconfig/ros2_rpi_cv2.pc'
[29.407s] Level 1:colcon.colcon_core.environment:checking '/home/jlukas/My_Project/ROS2/ros2_rpi_cv2/install/ros2_rpi_cv2/lib/python3.10/site-packages'
[29.408s] Level 1:colcon.colcon_core.shell:create_environment_hook('ros2_rpi_cv2', 'pythonpath')
[29.565s] INFO:colcon.colcon_core.shell:Creating environment hook '/home/jlukas/My_Project/ROS2/ros2_rpi_cv2/install/ros2_rpi_cv2/share/ros2_rpi_cv2/hook/pythonpath.ps1'
[29.569s] INFO:colcon.colcon_core.shell:Creating environment descriptor '/home/jlukas/My_Project/ROS2/ros2_rpi_cv2/install/ros2_rpi_cv2/share/ros2_rpi_cv2/hook/pythonpath.dsv'
[29.573s] INFO:colcon.colcon_core.shell:Creating environment hook '/home/jlukas/My_Project/ROS2/ros2_rpi_cv2/install/ros2_rpi_cv2/share/ros2_rpi_cv2/hook/pythonpath.sh'
[29.580s] Level 1:colcon.colcon_core.environment:checking '/home/jlukas/My_Project/ROS2/ros2_rpi_cv2/install/ros2_rpi_cv2/bin'
[29.581s] Level 1:colcon.colcon_core.environment:create_environment_scripts_only(ros2_rpi_cv2)
[29.739s] INFO:colcon.colcon_core.shell:Creating package script '/home/jlukas/My_Project/ROS2/ros2_rpi_cv2/install/ros2_rpi_cv2/share/ros2_rpi_cv2/package.ps1'
[29.750s] INFO:colcon.colcon_core.shell:Creating package descriptor '/home/jlukas/My_Project/ROS2/ros2_rpi_cv2/install/ros2_rpi_cv2/share/ros2_rpi_cv2/package.dsv'
[29.759s] INFO:colcon.colcon_core.shell:Creating package script '/home/jlukas/My_Project/ROS2/ros2_rpi_cv2/install/ros2_rpi_cv2/share/ros2_rpi_cv2/package.sh'
[29.771s] INFO:colcon.colcon_core.shell:Creating package script '/home/jlukas/My_Project/ROS2/ros2_rpi_cv2/install/ros2_rpi_cv2/share/ros2_rpi_cv2/package.bash'
[29.784s] INFO:colcon.colcon_core.shell:Creating package script '/home/jlukas/My_Project/ROS2/ros2_rpi_cv2/install/ros2_rpi_cv2/share/ros2_rpi_cv2/package.zsh'
[29.797s] Level 1:colcon.colcon_core.environment:create_file_with_runtime_dependencies(/home/jlukas/My_Project/ROS2/ros2_rpi_cv2/install/ros2_rpi_cv2/share/colcon-core/packages/ros2_rpi_cv2)
[29.801s] DEBUG:colcon.colcon_parallel_executor.executor.parallel:closing loop
[29.805s] DEBUG:colcon.colcon_parallel_executor.executor.parallel:loop closed
[29.806s] DEBUG:colcon.colcon_parallel_executor.executor.parallel:run_until_complete finished with '0'
[29.807s] DEBUG:colcon.colcon_core.event_reactor:joining thread
[30.076s] INFO:colcon.colcon_core.plugin_system:Skipping extension 'colcon_notification.desktop_notification.notify_send': Could not find 'notify-send'
[30.077s] INFO:colcon.colcon_core.plugin_system:Skipping extension 'colcon_notification.desktop_notification.terminal_notifier': Not used on non-Darwin systems
[30.078s] INFO:colcon.colcon_core.plugin_system:Skipping extension 'colcon_notification.desktop_notification.win32': Not used on non-Windows systems
[30.079s] INFO:colcon.colcon_notification.desktop_notification:Sending desktop notification using 'notify2'
[30.105s] DEBUG:colcon.colcon_notification.desktop_notification.notify2:Failed to initialize notify2: org.freedesktop.DBus.Error.ServiceUnknown: The name org.freedesktop.Notifications was not provided by any .service files
[30.106s] DEBUG:colcon.colcon_core.event_reactor:joined thread
[30.264s] INFO:colcon.colcon_core.shell:Creating prefix script '/home/jlukas/My_Project/ROS2/ros2_rpi_cv2/install/local_setup.ps1'
[30.274s] INFO:colcon.colcon_core.shell:Creating prefix util module '/home/jlukas/My_Project/ROS2/ros2_rpi_cv2/install/_local_setup_util_ps1.py'
[30.295s] INFO:colcon.colcon_core.shell:Creating prefix chain script '/home/jlukas/My_Project/ROS2/ros2_rpi_cv2/install/setup.ps1'
[30.459s] INFO:colcon.colcon_core.shell:Creating prefix script '/home/jlukas/My_Project/ROS2/ros2_rpi_cv2/install/local_setup.sh'
[30.469s] INFO:colcon.colcon_core.shell:Creating prefix util module '/home/jlukas/My_Project/ROS2/ros2_rpi_cv2/install/_local_setup_util_sh.py'
[30.475s] INFO:colcon.colcon_core.shell:Creating prefix chain script '/home/jlukas/My_Project/ROS2/ros2_rpi_cv2/install/setup.sh'
[30.640s] INFO:colcon.colcon_core.shell:Creating prefix script '/home/jlukas/My_Project/ROS2/ros2_rpi_cv2/install/local_setup.bash'
[30.647s] INFO:colcon.colcon_core.shell:Creating prefix chain script '/home/jlukas/My_Project/ROS2/ros2_rpi_cv2/install/setup.bash'
[30.812s] INFO:colcon.colcon_core.shell:Creating prefix script '/home/jlukas/My_Project/ROS2/ros2_rpi_cv2/install/local_setup.zsh'
[30.820s] INFO:colcon.colcon_core.shell:Creating prefix chain script '/home/jlukas/My_Project/ROS2/ros2_rpi_cv2/install/setup.zsh'
