[1.916s] Invoking command in '/home/jlukas/Desktop/My_Project/ROS2/rover/src/rover': PYTHONPATH=/home/jlukas/Desktop/My_Project/ROS2/rover/build/rover/prefix_override:/home/jlukas/Desktop/My_Project/ROS2/rover/install/rover/lib/python3.10/site-packages:${PYTHONPATH} /usr/bin/python3 setup.py egg_info --egg-base ../../build/rover build --build-base /home/jlukas/Desktop/My_Project/ROS2/rover/build/rover/build install --record /home/jlukas/Desktop/My_Project/ROS2/rover/build/rover/install.log --single-version-externally-managed
[2.511s] running egg_info
[2.513s] writing ../../build/rover/rover.egg-info/PKG-INFO
[2.514s] writing dependency_links to ../../build/rover/rover.egg-info/dependency_links.txt
[2.516s] writing entry points to ../../build/rover/rover.egg-info/entry_points.txt
[2.519s] writing requirements to ../../build/rover/rover.egg-info/requires.txt
[2.519s] writing top-level names to ../../build/rover/rover.egg-info/top_level.txt
[2.523s] reading manifest file '../../build/rover/rover.egg-info/SOURCES.txt'
[2.526s] writing manifest file '../../build/rover/rover.egg-info/SOURCES.txt'
[2.527s] running build
[2.529s] running build_py
[2.530s] running install
[2.530s] /usr/lib/python3/dist-packages/setuptools/command/install.py:34: SetuptoolsDeprecationWarning: setup.py install is deprecated. Use build and pip and other standards-based tools.
[2.530s]   warnings.warn(
[2.531s] running install_lib
[2.533s] running install_data
[2.535s] copying launch/joystick.control.launch.py -> /home/jlukas/Desktop/My_Project/ROS2/rover/install/rover/share/rover/launch
[2.536s] running install_egg_info
[2.540s] removing '/home/jlukas/Desktop/My_Project/ROS2/rover/install/rover/lib/python3.10/site-packages/rover-0.0.0-py3.10.egg-info' (and everything under it)
[2.541s] Copying ../../build/rover/rover.egg-info to /home/jlukas/Desktop/My_Project/ROS2/rover/install/rover/lib/python3.10/site-packages/rover-0.0.0-py3.10.egg-info
[2.544s] running install_scripts
[2.584s] Installing lidar_differential script to /home/jlukas/Desktop/My_Project/ROS2/rover/install/rover/lib/rover
[2.585s] Installing lidar_obstacle_region_split script to /home/jlukas/Desktop/My_Project/ROS2/rover/install/rover/lib/rover
[2.587s] writing list of installed files to '/home/jlukas/Desktop/My_Project/ROS2/rover/build/rover/install.log'
[2.618s] Invoked command in '/home/jlukas/Desktop/My_Project/ROS2/rover/src/rover' returned '0': PYTHONPATH=/home/jlukas/Desktop/My_Project/ROS2/rover/build/rover/prefix_override:/home/jlukas/Desktop/My_Project/ROS2/rover/install/rover/lib/python3.10/site-packages:${PYTHONPATH} /usr/bin/python3 setup.py egg_info --egg-base ../../build/rover build --build-base /home/jlukas/Desktop/My_Project/ROS2/rover/build/rover/build install --record /home/jlukas/Desktop/My_Project/ROS2/rover/build/rover/install.log --single-version-externally-managed
