[8.162s] Invoking command in '/home/jlukas/My_Project/ROS2/ros2_rpi_motor/src/ros2_rpi_motor': PYTHONPATH=/home/jlukas/My_Project/ROS2/ros2_rpi_motor/build/ros2_rpi_motor/prefix_override:/home/jlukas/My_Project/ROS2/ros2_rpi_motor/install/ros2_rpi_motor/lib/python3.10/site-packages:${PYTHONPATH} /usr/bin/python3 setup.py egg_info --egg-base ../../build/ros2_rpi_motor build --build-base /home/jlukas/My_Project/ROS2/ros2_rpi_motor/build/ros2_rpi_motor/build install --record /home/jlukas/My_Project/ROS2/ros2_rpi_motor/build/ros2_rpi_motor/install.log --single-version-externally-managed
[10.786s] running egg_info
[10.792s] creating ../../build/ros2_rpi_motor/ros2_rpi_motor.egg-info
[10.793s] writing ../../build/ros2_rpi_motor/ros2_rpi_motor.egg-info/PKG-INFO
[10.796s] writing dependency_links to ../../build/ros2_rpi_motor/ros2_rpi_motor.egg-info/dependency_links.txt
[10.797s] writing entry points to ../../build/ros2_rpi_motor/ros2_rpi_motor.egg-info/entry_points.txt
[10.799s] writing requirements to ../../build/ros2_rpi_motor/ros2_rpi_motor.egg-info/requires.txt
[10.800s] writing top-level names to ../../build/ros2_rpi_motor/ros2_rpi_motor.egg-info/top_level.txt
[10.802s] writing manifest file '../../build/ros2_rpi_motor/ros2_rpi_motor.egg-info/SOURCES.txt'
[10.818s] reading manifest file '../../build/ros2_rpi_motor/ros2_rpi_motor.egg-info/SOURCES.txt'
[10.828s] writing manifest file '../../build/ros2_rpi_motor/ros2_rpi_motor.egg-info/SOURCES.txt'
[10.829s] running build
[10.831s] running build_py
[10.833s] creating /home/jlukas/My_Project/ROS2/ros2_rpi_motor/build/ros2_rpi_motor/build
[10.834s] creating /home/jlukas/My_Project/ROS2/ros2_rpi_motor/build/ros2_rpi_motor/build/lib
[10.835s] creating /home/jlukas/My_Project/ROS2/ros2_rpi_motor/build/ros2_rpi_motor/build/lib/ros2_rpi_motor
[10.836s] copying ros2_rpi_motor/subscriber.py -> /home/jlukas/My_Project/ROS2/ros2_rpi_motor/build/ros2_rpi_motor/build/lib/ros2_rpi_motor
[10.838s] copying ros2_rpi_motor/motor.py -> /home/jlukas/My_Project/ROS2/ros2_rpi_motor/build/ros2_rpi_motor/build/lib/ros2_rpi_motor
[10.839s] copying ros2_rpi_motor/__init__.py -> /home/jlukas/My_Project/ROS2/ros2_rpi_motor/build/ros2_rpi_motor/build/lib/ros2_rpi_motor
[10.840s] running install
[10.842s] /usr/lib/python3/dist-packages/setuptools/command/install.py:34: SetuptoolsDeprecationWarning: setup.py install is deprecated. Use build and pip and other standards-based tools.
[10.843s]   warnings.warn(
[10.845s] running install_lib
[10.852s] creating /home/jlukas/My_Project/ROS2/ros2_rpi_motor/install/ros2_rpi_motor/lib/python3.10/site-packages/ros2_rpi_motor
[10.853s] copying /home/jlukas/My_Project/ROS2/ros2_rpi_motor/build/ros2_rpi_motor/build/lib/ros2_rpi_motor/subscriber.py -> /home/jlukas/My_Project/ROS2/ros2_rpi_motor/install/ros2_rpi_motor/lib/python3.10/site-packages/ros2_rpi_motor
[10.855s] copying /home/jlukas/My_Project/ROS2/ros2_rpi_motor/build/ros2_rpi_motor/build/lib/ros2_rpi_motor/motor.py -> /home/jlukas/My_Project/ROS2/ros2_rpi_motor/install/ros2_rpi_motor/lib/python3.10/site-packages/ros2_rpi_motor
[10.857s] copying /home/jlukas/My_Project/ROS2/ros2_rpi_motor/build/ros2_rpi_motor/build/lib/ros2_rpi_motor/__init__.py -> /home/jlukas/My_Project/ROS2/ros2_rpi_motor/install/ros2_rpi_motor/lib/python3.10/site-packages/ros2_rpi_motor
[10.862s] byte-compiling /home/jlukas/My_Project/ROS2/ros2_rpi_motor/install/ros2_rpi_motor/lib/python3.10/site-packages/ros2_rpi_motor/subscriber.py to subscriber.cpython-310.pyc
[10.867s] byte-compiling /home/jlukas/My_Project/ROS2/ros2_rpi_motor/install/ros2_rpi_motor/lib/python3.10/site-packages/ros2_rpi_motor/motor.py to motor.cpython-310.pyc
[10.871s] byte-compiling /home/jlukas/My_Project/ROS2/ros2_rpi_motor/install/ros2_rpi_motor/lib/python3.10/site-packages/ros2_rpi_motor/__init__.py to __init__.cpython-310.pyc
[10.874s] running install_data
[10.879s] creating /home/jlukas/My_Project/ROS2/ros2_rpi_motor/install/ros2_rpi_motor/share/ament_index
[10.880s] creating /home/jlukas/My_Project/ROS2/ros2_rpi_motor/install/ros2_rpi_motor/share/ament_index/resource_index
[10.882s] creating /home/jlukas/My_Project/ROS2/ros2_rpi_motor/install/ros2_rpi_motor/share/ament_index/resource_index/packages
[10.884s] copying resource/ros2_rpi_motor -> /home/jlukas/My_Project/ROS2/ros2_rpi_motor/install/ros2_rpi_motor/share/ament_index/resource_index/packages
[10.885s] copying package.xml -> /home/jlukas/My_Project/ROS2/ros2_rpi_motor/install/ros2_rpi_motor/share/ros2_rpi_motor
[10.886s] running install_egg_info
[10.902s] Copying ../../build/ros2_rpi_motor/ros2_rpi_motor.egg-info to /home/jlukas/My_Project/ROS2/ros2_rpi_motor/install/ros2_rpi_motor/lib/python3.10/site-packages/ros2_rpi_motor-0.0.0-py3.10.egg-info
[10.916s] running install_scripts
[11.116s] Installing subscriber_node script to /home/jlukas/My_Project/ROS2/ros2_rpi_motor/install/ros2_rpi_motor/lib/ros2_rpi_motor
[11.121s] writing list of installed files to '/home/jlukas/My_Project/ROS2/ros2_rpi_motor/build/ros2_rpi_motor/install.log'
[11.382s] Invoked command in '/home/jlukas/My_Project/ROS2/ros2_rpi_motor/src/ros2_rpi_motor' returned '0': PYTHONPATH=/home/jlukas/My_Project/ROS2/ros2_rpi_motor/build/ros2_rpi_motor/prefix_override:/home/jlukas/My_Project/ROS2/ros2_rpi_motor/install/ros2_rpi_motor/lib/python3.10/site-packages:${PYTHONPATH} /usr/bin/python3 setup.py egg_info --egg-base ../../build/ros2_rpi_motor build --build-base /home/jlukas/My_Project/ROS2/ros2_rpi_motor/build/ros2_rpi_motor/build install --record /home/jlukas/My_Project/ROS2/ros2_rpi_motor/build/ros2_rpi_motor/install.log --single-version-externally-managed
