[0.961s] Invoking command in '/home/jlukas/My_Project/ROS2/ros2_rpi_lidar/src/ros2_rpi_lidar': PYTHONPATH=/home/jlukas/My_Project/ROS2/ros2_rpi_lidar/build/ros2_rpi_lidar/prefix_override:/home/jlukas/My_Project/ROS2/ros2_rpi_lidar/install/ros2_rpi_lidar/lib/python3.10/site-packages:${PYTHONPATH} /usr/bin/python3 setup.py egg_info --egg-base ../../build/ros2_rpi_lidar build --build-base /home/jlukas/My_Project/ROS2/ros2_rpi_lidar/build/ros2_rpi_lidar/build install --record /home/jlukas/My_Project/ROS2/ros2_rpi_lidar/build/ros2_rpi_lidar/install.log --single-version-externally-managed
[1.201s] running egg_info
[1.202s] writing ../../build/ros2_rpi_lidar/ros2_rpi_lidar.egg-info/PKG-INFO
[1.203s] writing dependency_links to ../../build/ros2_rpi_lidar/ros2_rpi_lidar.egg-info/dependency_links.txt
[1.203s] writing entry points to ../../build/ros2_rpi_lidar/ros2_rpi_lidar.egg-info/entry_points.txt
[1.203s] writing requirements to ../../build/ros2_rpi_lidar/ros2_rpi_lidar.egg-info/requires.txt
[1.204s] writing top-level names to ../../build/ros2_rpi_lidar/ros2_rpi_lidar.egg-info/top_level.txt
[1.206s] reading manifest file '../../build/ros2_rpi_lidar/ros2_rpi_lidar.egg-info/SOURCES.txt'
[1.207s] writing manifest file '../../build/ros2_rpi_lidar/ros2_rpi_lidar.egg-info/SOURCES.txt'
[1.208s] running build
[1.208s] running build_py
[1.208s] copying ros2_rpi_lidar/distance.py -> /home/jlukas/My_Project/ROS2/ros2_rpi_lidar/build/ros2_rpi_lidar/build/lib/ros2_rpi_lidar
[1.209s] running install
[1.210s] /usr/lib/python3/dist-packages/setuptools/command/install.py:34: SetuptoolsDeprecationWarning: setup.py install is deprecated. Use build and pip and other standards-based tools.
[1.210s]   warnings.warn(
[1.210s] running install_lib
[1.211s] copying /home/jlukas/My_Project/ROS2/ros2_rpi_lidar/build/ros2_rpi_lidar/build/lib/ros2_rpi_lidar/distance.py -> /home/jlukas/My_Project/ROS2/ros2_rpi_lidar/install/ros2_rpi_lidar/lib/python3.10/site-packages/ros2_rpi_lidar
[1.213s] byte-compiling /home/jlukas/My_Project/ROS2/ros2_rpi_lidar/install/ros2_rpi_lidar/lib/python3.10/site-packages/ros2_rpi_lidar/distance.py to distance.cpython-310.pyc
[1.214s] running install_data
[1.214s] running install_egg_info
[1.216s] removing '/home/jlukas/My_Project/ROS2/ros2_rpi_lidar/install/ros2_rpi_lidar/lib/python3.10/site-packages/ros2_rpi_lidar-0.0.0-py3.10.egg-info' (and everything under it)
[1.220s] Copying ../../build/ros2_rpi_lidar/ros2_rpi_lidar.egg-info to /home/jlukas/My_Project/ROS2/ros2_rpi_lidar/install/ros2_rpi_lidar/lib/python3.10/site-packages/ros2_rpi_lidar-0.0.0-py3.10.egg-info
[1.226s] running install_scripts
[1.254s] Installing lidar_publisher script to /home/jlukas/My_Project/ROS2/ros2_rpi_lidar/install/ros2_rpi_lidar/lib/ros2_rpi_lidar
[1.254s] Installing lidar_subscriber script to /home/jlukas/My_Project/ROS2/ros2_rpi_lidar/install/ros2_rpi_lidar/lib/ros2_rpi_lidar
[1.255s] writing list of installed files to '/home/jlukas/My_Project/ROS2/ros2_rpi_lidar/build/ros2_rpi_lidar/install.log'
[1.291s] Invoked command in '/home/jlukas/My_Project/ROS2/ros2_rpi_lidar/src/ros2_rpi_lidar' returned '0': PYTHONPATH=/home/jlukas/My_Project/ROS2/ros2_rpi_lidar/build/ros2_rpi_lidar/prefix_override:/home/jlukas/My_Project/ROS2/ros2_rpi_lidar/install/ros2_rpi_lidar/lib/python3.10/site-packages:${PYTHONPATH} /usr/bin/python3 setup.py egg_info --egg-base ../../build/ros2_rpi_lidar build --build-base /home/jlukas/My_Project/ROS2/ros2_rpi_lidar/build/ros2_rpi_lidar/build install --record /home/jlukas/My_Project/ROS2/ros2_rpi_lidar/build/ros2_rpi_lidar/install.log --single-version-externally-managed
