running develop
running egg_info
creating techdiffbot.egg-info
writing techdiffbot.egg-info/PKG-INFO
writing dependency_links to techdiffbot.egg-info/dependency_links.txt
writing entry points to techdiffbot.egg-info/entry_points.txt
writing requirements to techdiffbot.egg-info/requires.txt
writing top-level names to techdiffbot.egg-info/top_level.txt
writing manifest file 'techdiffbot.egg-info/SOURCES.txt'
reading manifest file 'techdiffbot.egg-info/SOURCES.txt'
writing manifest file 'techdiffbot.egg-info/SOURCES.txt'
running build_ext
Creating /home/jlukas/My_Project/ROS2/techdiffbot/install/techdiffbot/lib/python3.10/site-packages/techdiffbot.egg-link (link to .)

Installed /home/jlukas/My_Project/ROS2/techdiffbot/build/techdiffbot
running install_data
creating /home/jlukas/My_Project/ROS2/techdiffbot/install/techdiffbot/share/ament_index
creating /home/jlukas/My_Project/ROS2/techdiffbot/install/techdiffbot/share/ament_index/resource_index
creating /home/jlukas/My_Project/ROS2/techdiffbot/install/techdiffbot/share/ament_index/resource_index/packages
copying resource/techdiffbot -> /home/jlukas/My_Project/ROS2/techdiffbot/install/techdiffbot/share/ament_index/resource_index/packages
copying package.xml -> /home/jlukas/My_Project/ROS2/techdiffbot/install/techdiffbot/share/techdiffbot
creating /home/jlukas/My_Project/ROS2/techdiffbot/install/techdiffbot/share/techdiffbot/launch
copying launch/joystick.steam.launch.py -> /home/jlukas/My_Project/ROS2/techdiffbot/install/techdiffbot/share/techdiffbot/launch
copying launch/rsp.launch.py -> /home/jlukas/My_Project/ROS2/techdiffbot/install/techdiffbot/share/techdiffbot/launch
copying launch/gazebo.sim.launch.py -> /home/jlukas/My_Project/ROS2/techdiffbot/install/techdiffbot/share/techdiffbot/launch
copying launch/joystick.control.launch.py -> /home/jlukas/My_Project/ROS2/techdiffbot/install/techdiffbot/share/techdiffbot/launch
creating /home/jlukas/My_Project/ROS2/techdiffbot/install/techdiffbot/share/techdiffbot/urdf
copying urdf/diff.robot.urdf.xacro -> /home/jlukas/My_Project/ROS2/techdiffbot/install/techdiffbot/share/techdiffbot/urdf
copying urdf/core.robot.xacro -> /home/jlukas/My_Project/ROS2/techdiffbot/install/techdiffbot/share/techdiffbot/urdf
copying urdf/gazebo_control_differential_drive.xacro -> /home/jlukas/My_Project/ROS2/techdiffbot/install/techdiffbot/share/techdiffbot/urdf
copying urdf/inertial_macros.xacro -> /home/jlukas/My_Project/ROS2/techdiffbot/install/techdiffbot/share/techdiffbot/urdf
copying urdf/ros2_control.xacro -> /home/jlukas/My_Project/ROS2/techdiffbot/install/techdiffbot/share/techdiffbot/urdf
creating /home/jlukas/My_Project/ROS2/techdiffbot/install/techdiffbot/share/techdiffbot/config
copying config/joystick.yaml -> /home/jlukas/My_Project/ROS2/techdiffbot/install/techdiffbot/share/techdiffbot/config
copying config/gazebo_params.yaml -> /home/jlukas/My_Project/ROS2/techdiffbot/install/techdiffbot/share/techdiffbot/config
copying config/my_controllers.yaml -> /home/jlukas/My_Project/ROS2/techdiffbot/install/techdiffbot/share/techdiffbot/config
