[1.120s] DEBUG:colcon:Command line arguments: ['/usr/bin/colcon', 'build']
[1.120s] DEBUG:colcon:Parsed command line arguments: Namespace(log_base=None, log_level=None, verb_name='build', build_base='build', install_base='install', merge_install=False, symlink_install=False, test_result_base=None, continue_on_error=False, executor='parallel', parallel_workers=8, event_handlers=None, ignore_user_meta=False, metas=['./colcon.meta'], base_paths=['.'], packages_ignore=None, packages_ignore_regex=None, paths=None, packages_up_to=None, packages_up_to_regex=None, packages_above=None, packages_above_and_dependencies=None, packages_above_depth=None, packages_select_by_dep=None, packages_skip_by_dep=None, packages_skip_up_to=None, packages_select_build_failed=False, packages_skip_build_finished=False, packages_select_test_failures=False, packages_skip_test_passed=False, packages_select=None, packages_skip=None, packages_select_regex=None, packages_skip_regex=None, packages_start=None, packages_end=None, allow_overriding=[], cmake_args=None, cmake_target=None, cmake_target_skip_unavailable=False, cmake_clean_cache=False, cmake_clean_first=False, cmake_force_configure=False, ament_cmake_args=None, catkin_cmake_args=None, catkin_skip_building_tests=False, verb_parser=<colcon_defaults.argument_parser.defaults.DefaultArgumentsDecorator object at 0x7f8551112110>, verb_extension=<colcon_core.verb.build.BuildVerb object at 0x7f8551110970>, main=<bound method BuildVerb.main of <colcon_core.verb.build.BuildVerb object at 0x7f8551110970>>)
[1.165s] Level 1:colcon.colcon_core.package_discovery:discover_packages(colcon_meta) check parameters
[1.165s] Level 1:colcon.colcon_core.package_discovery:discover_packages(recursive) check parameters
[1.165s] Level 1:colcon.colcon_core.package_discovery:discover_packages(ignore) check parameters
[1.165s] Level 1:colcon.colcon_core.package_discovery:discover_packages(path) check parameters
[1.165s] Level 1:colcon.colcon_core.package_discovery:discover_packages(colcon_meta) discover
[1.165s] Level 1:colcon.colcon_core.package_discovery:discover_packages(recursive) discover
[1.165s] INFO:colcon.colcon_core.package_discovery:Crawling recursively for packages in '/home/jlukas/My_Project/ROS2/ros2_rpi_lidar'
[1.165s] Level 1:colcon.colcon_core.package_identification:_identify(.) by extensions ['ignore', 'ignore_ament_install']
[1.165s] Level 1:colcon.colcon_core.package_identification:_identify(.) by extension 'ignore'
[1.166s] Level 1:colcon.colcon_core.package_identification:_identify(.) by extension 'ignore_ament_install'
[1.166s] Level 1:colcon.colcon_core.package_identification:_identify(.) by extensions ['colcon_pkg']
[1.166s] Level 1:colcon.colcon_core.package_identification:_identify(.) by extension 'colcon_pkg'
[1.166s] Level 1:colcon.colcon_core.package_identification:_identify(.) by extensions ['colcon_meta']
[1.166s] Level 1:colcon.colcon_core.package_identification:_identify(.) by extension 'colcon_meta'
[1.166s] Level 1:colcon.colcon_core.package_identification:_identify(.) by extensions ['ros']
[1.166s] Level 1:colcon.colcon_core.package_identification:_identify(.) by extension 'ros'
[1.176s] Level 1:colcon.colcon_core.package_identification:_identify(.) by extensions ['cmake', 'python']
[1.176s] Level 1:colcon.colcon_core.package_identification:_identify(.) by extension 'cmake'
[1.176s] Level 1:colcon.colcon_core.package_identification:_identify(.) by extension 'python'
[1.176s] Level 1:colcon.colcon_core.package_identification:_identify(.) by extensions ['python_setup_py']
[1.176s] Level 1:colcon.colcon_core.package_identification:_identify(.) by extension 'python_setup_py'
[1.176s] Level 1:colcon.colcon_core.package_identification:_identify(build) by extensions ['ignore', 'ignore_ament_install']
[1.177s] Level 1:colcon.colcon_core.package_identification:_identify(build) by extension 'ignore'
[1.177s] Level 1:colcon.colcon_core.package_identification:_identify(build) ignored
[1.177s] Level 1:colcon.colcon_core.package_identification:_identify(install) by extensions ['ignore', 'ignore_ament_install']
[1.177s] Level 1:colcon.colcon_core.package_identification:_identify(install) by extension 'ignore'
[1.177s] Level 1:colcon.colcon_core.package_identification:_identify(install) ignored
[1.177s] Level 1:colcon.colcon_core.package_identification:_identify(log) by extensions ['ignore', 'ignore_ament_install']
[1.177s] Level 1:colcon.colcon_core.package_identification:_identify(log) by extension 'ignore'
[1.177s] Level 1:colcon.colcon_core.package_identification:_identify(log) ignored
[1.177s] Level 1:colcon.colcon_core.package_identification:_identify(src) by extensions ['ignore', 'ignore_ament_install']
[1.177s] Level 1:colcon.colcon_core.package_identification:_identify(src) by extension 'ignore'
[1.177s] Level 1:colcon.colcon_core.package_identification:_identify(src) by extension 'ignore_ament_install'
[1.178s] Level 1:colcon.colcon_core.package_identification:_identify(src) by extensions ['colcon_pkg']
[1.178s] Level 1:colcon.colcon_core.package_identification:_identify(src) by extension 'colcon_pkg'
[1.178s] Level 1:colcon.colcon_core.package_identification:_identify(src) by extensions ['colcon_meta']
[1.178s] Level 1:colcon.colcon_core.package_identification:_identify(src) by extension 'colcon_meta'
[1.178s] Level 1:colcon.colcon_core.package_identification:_identify(src) by extensions ['ros']
[1.178s] Level 1:colcon.colcon_core.package_identification:_identify(src) by extension 'ros'
[1.178s] Level 1:colcon.colcon_core.package_identification:_identify(src) by extensions ['cmake', 'python']
[1.178s] Level 1:colcon.colcon_core.package_identification:_identify(src) by extension 'cmake'
[1.178s] Level 1:colcon.colcon_core.package_identification:_identify(src) by extension 'python'
[1.178s] Level 1:colcon.colcon_core.package_identification:_identify(src) by extensions ['python_setup_py']
[1.178s] Level 1:colcon.colcon_core.package_identification:_identify(src) by extension 'python_setup_py'
[1.178s] Level 1:colcon.colcon_core.package_identification:_identify(src/ros2_rpi_lidar) by extensions ['ignore', 'ignore_ament_install']
[1.178s] Level 1:colcon.colcon_core.package_identification:_identify(src/ros2_rpi_lidar) by extension 'ignore'
[1.178s] Level 1:colcon.colcon_core.package_identification:_identify(src/ros2_rpi_lidar) by extension 'ignore_ament_install'
[1.178s] Level 1:colcon.colcon_core.package_identification:_identify(src/ros2_rpi_lidar) by extensions ['colcon_pkg']
[1.178s] Level 1:colcon.colcon_core.package_identification:_identify(src/ros2_rpi_lidar) by extension 'colcon_pkg'
[1.178s] Level 1:colcon.colcon_core.package_identification:_identify(src/ros2_rpi_lidar) by extensions ['colcon_meta']
[1.178s] Level 1:colcon.colcon_core.package_identification:_identify(src/ros2_rpi_lidar) by extension 'colcon_meta'
[1.178s] Level 1:colcon.colcon_core.package_identification:_identify(src/ros2_rpi_lidar) by extensions ['ros']
[1.178s] Level 1:colcon.colcon_core.package_identification:_identify(src/ros2_rpi_lidar) by extension 'ros'
[1.181s] DEBUG:colcon.colcon_core.package_identification:Package 'src/ros2_rpi_lidar' with type 'ros.ament_python' and name 'ros2_rpi_lidar'
[1.181s] Level 1:colcon.colcon_core.package_discovery:discover_packages(recursive) using defaults
[1.181s] Level 1:colcon.colcon_core.package_discovery:discover_packages(ignore) discover
[1.181s] Level 1:colcon.colcon_core.package_discovery:discover_packages(ignore) using defaults
[1.181s] Level 1:colcon.colcon_core.package_discovery:discover_packages(path) discover
[1.181s] Level 1:colcon.colcon_core.package_discovery:discover_packages(path) using defaults
[1.261s] Level 1:colcon.colcon_core.package_discovery:discover_packages(prefix_path) check parameters
[1.261s] Level 1:colcon.colcon_core.package_discovery:discover_packages(prefix_path) discover
[1.286s] DEBUG:colcon.colcon_installed_package_information.package_discovery:Found 1 installed packages in /home/jlukas/My_Project/ROS2/ros2_rpi_lidar/install
[1.299s] DEBUG:colcon.colcon_installed_package_information.package_discovery:Found 280 installed packages in /opt/ros/humble
[1.300s] Level 1:colcon.colcon_core.package_discovery:discover_packages(prefix_path) using defaults
[1.388s] Level 5:colcon.colcon_core.verb:set package 'ros2_rpi_lidar' build argument 'cmake_args' from command line to 'None'
[1.388s] Level 5:colcon.colcon_core.verb:set package 'ros2_rpi_lidar' build argument 'cmake_target' from command line to 'None'
[1.388s] Level 5:colcon.colcon_core.verb:set package 'ros2_rpi_lidar' build argument 'cmake_target_skip_unavailable' from command line to 'False'
[1.388s] Level 5:colcon.colcon_core.verb:set package 'ros2_rpi_lidar' build argument 'cmake_clean_cache' from command line to 'False'
[1.388s] Level 5:colcon.colcon_core.verb:set package 'ros2_rpi_lidar' build argument 'cmake_clean_first' from command line to 'False'
[1.388s] Level 5:colcon.colcon_core.verb:set package 'ros2_rpi_lidar' build argument 'cmake_force_configure' from command line to 'False'
[1.388s] Level 5:colcon.colcon_core.verb:set package 'ros2_rpi_lidar' build argument 'ament_cmake_args' from command line to 'None'
[1.388s] Level 5:colcon.colcon_core.verb:set package 'ros2_rpi_lidar' build argument 'catkin_cmake_args' from command line to 'None'
[1.388s] Level 5:colcon.colcon_core.verb:set package 'ros2_rpi_lidar' build argument 'catkin_skip_building_tests' from command line to 'False'
[1.388s] DEBUG:colcon.colcon_core.verb:Building package 'ros2_rpi_lidar' with the following arguments: {'ament_cmake_args': None, 'build_base': '/home/jlukas/My_Project/ROS2/ros2_rpi_lidar/build/ros2_rpi_lidar', 'catkin_cmake_args': None, 'catkin_skip_building_tests': False, 'cmake_args': None, 'cmake_clean_cache': False, 'cmake_clean_first': False, 'cmake_force_configure': False, 'cmake_target': None, 'cmake_target_skip_unavailable': False, 'install_base': '/home/jlukas/My_Project/ROS2/ros2_rpi_lidar/install/ros2_rpi_lidar', 'merge_install': False, 'path': '/home/jlukas/My_Project/ROS2/ros2_rpi_lidar/src/ros2_rpi_lidar', 'symlink_install': False, 'test_result_base': None}
[1.402s] INFO:colcon.colcon_core.executor:Executing jobs using 'parallel' executor
[1.415s] DEBUG:colcon.colcon_parallel_executor.executor.parallel:run_until_complete
[1.415s] INFO:colcon.colcon_ros.task.ament_python.build:Building ROS package in '/home/jlukas/My_Project/ROS2/ros2_rpi_lidar/src/ros2_rpi_lidar' with build type 'ament_python'
[1.415s] Level 1:colcon.colcon_core.shell:create_environment_hook('ros2_rpi_lidar', 'ament_prefix_path')
[1.430s] INFO:colcon.colcon_core.plugin_system:Skipping extension 'colcon_core.shell.bat': Not used on non-Windows systems
[1.431s] INFO:colcon.colcon_core.shell:Creating environment hook '/home/jlukas/My_Project/ROS2/ros2_rpi_lidar/install/ros2_rpi_lidar/share/ros2_rpi_lidar/hook/ament_prefix_path.ps1'
[1.431s] INFO:colcon.colcon_core.shell:Creating environment descriptor '/home/jlukas/My_Project/ROS2/ros2_rpi_lidar/install/ros2_rpi_lidar/share/ros2_rpi_lidar/hook/ament_prefix_path.dsv'
[1.432s] INFO:colcon.colcon_core.shell:Creating environment hook '/home/jlukas/My_Project/ROS2/ros2_rpi_lidar/install/ros2_rpi_lidar/share/ros2_rpi_lidar/hook/ament_prefix_path.sh'
[1.445s] INFO:colcon.colcon_core.shell:Skip shell extension 'powershell' for command environment: Not usable outside of PowerShell
[1.445s] DEBUG:colcon.colcon_core.shell:Skip shell extension 'dsv' for command environment
[1.749s] INFO:colcon.colcon_core.task.python.build:Building Python package in '/home/jlukas/My_Project/ROS2/ros2_rpi_lidar/src/ros2_rpi_lidar'
[1.766s] INFO:colcon.colcon_core.shell:Skip shell extension 'powershell' for command environment: Not usable outside of PowerShell
[1.766s] DEBUG:colcon.colcon_core.shell:Skip shell extension 'dsv' for command environment
[2.136s] DEBUG:colcon.colcon_core.event_handler.log_command:Invoking command in '/home/jlukas/My_Project/ROS2/ros2_rpi_lidar/src/ros2_rpi_lidar': PYTHONPATH=/home/jlukas/My_Project/ROS2/ros2_rpi_lidar/build/ros2_rpi_lidar/prefix_override:/home/jlukas/My_Project/ROS2/ros2_rpi_lidar/install/ros2_rpi_lidar/lib/python3.10/site-packages:${PYTHONPATH} /usr/bin/python3 setup.py egg_info --egg-base ../../build/ros2_rpi_lidar build --build-base /home/jlukas/My_Project/ROS2/ros2_rpi_lidar/build/ros2_rpi_lidar/build install --record /home/jlukas/My_Project/ROS2/ros2_rpi_lidar/build/ros2_rpi_lidar/install.log --single-version-externally-managed
[2.408s] DEBUG:colcon.colcon_core.event_handler.log_command:Invoked command in '/home/jlukas/My_Project/ROS2/ros2_rpi_lidar/src/ros2_rpi_lidar' returned '0': PYTHONPATH=/home/jlukas/My_Project/ROS2/ros2_rpi_lidar/build/ros2_rpi_lidar/prefix_override:/home/jlukas/My_Project/ROS2/ros2_rpi_lidar/install/ros2_rpi_lidar/lib/python3.10/site-packages:${PYTHONPATH} /usr/bin/python3 setup.py egg_info --egg-base ../../build/ros2_rpi_lidar build --build-base /home/jlukas/My_Project/ROS2/ros2_rpi_lidar/build/ros2_rpi_lidar/build install --record /home/jlukas/My_Project/ROS2/ros2_rpi_lidar/build/ros2_rpi_lidar/install.log --single-version-externally-managed
[2.423s] Level 1:colcon.colcon_core.environment:checking '/home/jlukas/My_Project/ROS2/ros2_rpi_lidar/install/ros2_rpi_lidar' for CMake module files
[2.423s] Level 1:colcon.colcon_core.environment:checking '/home/jlukas/My_Project/ROS2/ros2_rpi_lidar/install/ros2_rpi_lidar' for CMake config files
[2.424s] Level 1:colcon.colcon_core.environment:checking '/home/jlukas/My_Project/ROS2/ros2_rpi_lidar/install/ros2_rpi_lidar/lib'
[2.424s] Level 1:colcon.colcon_core.environment:checking '/home/jlukas/My_Project/ROS2/ros2_rpi_lidar/install/ros2_rpi_lidar/bin'
[2.424s] Level 1:colcon.colcon_core.environment:checking '/home/jlukas/My_Project/ROS2/ros2_rpi_lidar/install/ros2_rpi_lidar/lib/pkgconfig/ros2_rpi_lidar.pc'
[2.424s] Level 1:colcon.colcon_core.environment:checking '/home/jlukas/My_Project/ROS2/ros2_rpi_lidar/install/ros2_rpi_lidar/lib/python3.10/site-packages'
[2.424s] Level 1:colcon.colcon_core.shell:create_environment_hook('ros2_rpi_lidar', 'pythonpath')
[2.438s] INFO:colcon.colcon_core.shell:Creating environment hook '/home/jlukas/My_Project/ROS2/ros2_rpi_lidar/install/ros2_rpi_lidar/share/ros2_rpi_lidar/hook/pythonpath.ps1'
[2.438s] INFO:colcon.colcon_core.shell:Creating environment descriptor '/home/jlukas/My_Project/ROS2/ros2_rpi_lidar/install/ros2_rpi_lidar/share/ros2_rpi_lidar/hook/pythonpath.dsv'
[2.439s] INFO:colcon.colcon_core.shell:Creating environment hook '/home/jlukas/My_Project/ROS2/ros2_rpi_lidar/install/ros2_rpi_lidar/share/ros2_rpi_lidar/hook/pythonpath.sh'
[2.439s] Level 1:colcon.colcon_core.environment:checking '/home/jlukas/My_Project/ROS2/ros2_rpi_lidar/install/ros2_rpi_lidar/bin'
[2.439s] Level 1:colcon.colcon_core.environment:create_environment_scripts_only(ros2_rpi_lidar)
[2.451s] INFO:colcon.colcon_core.shell:Creating package script '/home/jlukas/My_Project/ROS2/ros2_rpi_lidar/install/ros2_rpi_lidar/share/ros2_rpi_lidar/package.ps1'
[2.452s] INFO:colcon.colcon_core.shell:Creating package descriptor '/home/jlukas/My_Project/ROS2/ros2_rpi_lidar/install/ros2_rpi_lidar/share/ros2_rpi_lidar/package.dsv'
[2.453s] INFO:colcon.colcon_core.shell:Creating package script '/home/jlukas/My_Project/ROS2/ros2_rpi_lidar/install/ros2_rpi_lidar/share/ros2_rpi_lidar/package.sh'
[2.453s] INFO:colcon.colcon_core.shell:Creating package script '/home/jlukas/My_Project/ROS2/ros2_rpi_lidar/install/ros2_rpi_lidar/share/ros2_rpi_lidar/package.bash'
[2.454s] INFO:colcon.colcon_core.shell:Creating package script '/home/jlukas/My_Project/ROS2/ros2_rpi_lidar/install/ros2_rpi_lidar/share/ros2_rpi_lidar/package.zsh'
[2.454s] Level 1:colcon.colcon_core.environment:create_file_with_runtime_dependencies(/home/jlukas/My_Project/ROS2/ros2_rpi_lidar/install/ros2_rpi_lidar/share/colcon-core/packages/ros2_rpi_lidar)
[2.455s] DEBUG:colcon.colcon_parallel_executor.executor.parallel:closing loop
[2.455s] DEBUG:colcon.colcon_parallel_executor.executor.parallel:loop closed
[2.455s] DEBUG:colcon.colcon_parallel_executor.executor.parallel:run_until_complete finished with '0'
[2.455s] DEBUG:colcon.colcon_core.event_reactor:joining thread
[2.602s] INFO:colcon.colcon_core.plugin_system:Skipping extension 'colcon_notification.desktop_notification.notify_send': Could not find 'notify-send'
[2.603s] INFO:colcon.colcon_core.plugin_system:Skipping extension 'colcon_notification.desktop_notification.terminal_notifier': Not used on non-Darwin systems
[2.603s] INFO:colcon.colcon_core.plugin_system:Skipping extension 'colcon_notification.desktop_notification.win32': Not used on non-Windows systems
[2.603s] INFO:colcon.colcon_notification.desktop_notification:Sending desktop notification using 'notify2'
[2.603s] DEBUG:colcon.colcon_notification.desktop_notification.notify2:Failed to initialize notify2: org.freedesktop.DBus.Error.FileNotFound: Failed to connect to socket /run/user/1000/bus: No such file or directory
[2.603s] DEBUG:colcon.colcon_core.event_reactor:joined thread
[2.617s] INFO:colcon.colcon_core.shell:Creating prefix script '/home/jlukas/My_Project/ROS2/ros2_rpi_lidar/install/local_setup.ps1'
[2.618s] INFO:colcon.colcon_core.shell:Creating prefix util module '/home/jlukas/My_Project/ROS2/ros2_rpi_lidar/install/_local_setup_util_ps1.py'
[2.619s] INFO:colcon.colcon_core.shell:Creating prefix chain script '/home/jlukas/My_Project/ROS2/ros2_rpi_lidar/install/setup.ps1'
[2.634s] INFO:colcon.colcon_core.shell:Creating prefix script '/home/jlukas/My_Project/ROS2/ros2_rpi_lidar/install/local_setup.sh'
[2.634s] INFO:colcon.colcon_core.shell:Creating prefix util module '/home/jlukas/My_Project/ROS2/ros2_rpi_lidar/install/_local_setup_util_sh.py'
[2.635s] INFO:colcon.colcon_core.shell:Creating prefix chain script '/home/jlukas/My_Project/ROS2/ros2_rpi_lidar/install/setup.sh'
[2.649s] INFO:colcon.colcon_core.shell:Creating prefix script '/home/jlukas/My_Project/ROS2/ros2_rpi_lidar/install/local_setup.bash'
[2.649s] INFO:colcon.colcon_core.shell:Creating prefix chain script '/home/jlukas/My_Project/ROS2/ros2_rpi_lidar/install/setup.bash'
[2.662s] INFO:colcon.colcon_core.shell:Creating prefix script '/home/jlukas/My_Project/ROS2/ros2_rpi_lidar/install/local_setup.zsh'
[2.663s] INFO:colcon.colcon_core.shell:Creating prefix chain script '/home/jlukas/My_Project/ROS2/ros2_rpi_lidar/install/setup.zsh'
