[0.043s] Invoking command in '/home/jlukas/Desktop/My_Project/arduinobot_ws/build/arduinobot_cpp_examples': CMAKE_PREFIX_PATH=${CMAKE_PREFIX_PATH}:/home/jlukas/Desktop/My_Project/arduinobot_ws/install/arduinobot_py_examples:/opt/ros/humble /usr/bin/cmake --build /home/jlukas/Desktop/My_Project/arduinobot_ws/build/arduinobot_cpp_examples -- -j4 -l4
[0.413s] Invoked command in '/home/jlukas/Desktop/My_Project/arduinobot_ws/build/arduinobot_cpp_examples' returned '0': CMAKE_PREFIX_PATH=${CMAKE_PREFIX_PATH}:/home/jlukas/Desktop/My_Project/arduinobot_ws/install/arduinobot_py_examples:/opt/ros/humble /usr/bin/cmake --build /home/jlukas/Desktop/My_Project/arduinobot_ws/build/arduinobot_cpp_examples -- -j4 -l4
[0.491s] Invoking command in '/home/jlukas/Desktop/My_Project/arduinobot_ws/build/arduinobot_cpp_examples': CMAKE_PREFIX_PATH=${CMAKE_PREFIX_PATH}:/home/jlukas/Desktop/My_Project/arduinobot_ws/install/arduinobot_py_examples:/opt/ros/humble /usr/bin/cmake --install /home/jlukas/Desktop/My_Project/arduinobot_ws/build/arduinobot_cpp_examples
[0.505s] -- Install configuration: ""
[0.506s] -- Up-to-date: /home/jlukas/Desktop/My_Project/arduinobot_ws/install/arduinobot_cpp_examples/share/ament_index/resource_index/package_run_dependencies/arduinobot_cpp_examples
[0.506s] -- Up-to-date: /home/jlukas/Desktop/My_Project/arduinobot_ws/install/arduinobot_cpp_examples/share/ament_index/resource_index/parent_prefix_path/arduinobot_cpp_examples
[0.507s] -- Up-to-date: /home/jlukas/Desktop/My_Project/arduinobot_ws/install/arduinobot_cpp_examples/share/arduinobot_cpp_examples/environment/ament_prefix_path.sh
[0.507s] -- Up-to-date: /home/jlukas/Desktop/My_Project/arduinobot_ws/install/arduinobot_cpp_examples/share/arduinobot_cpp_examples/environment/ament_prefix_path.dsv
[0.507s] -- Up-to-date: /home/jlukas/Desktop/My_Project/arduinobot_ws/install/arduinobot_cpp_examples/share/arduinobot_cpp_examples/environment/path.sh
[0.507s] -- Up-to-date: /home/jlukas/Desktop/My_Project/arduinobot_ws/install/arduinobot_cpp_examples/share/arduinobot_cpp_examples/environment/path.dsv
[0.507s] -- Up-to-date: /home/jlukas/Desktop/My_Project/arduinobot_ws/install/arduinobot_cpp_examples/share/arduinobot_cpp_examples/local_setup.bash
[0.507s] -- Up-to-date: /home/jlukas/Desktop/My_Project/arduinobot_ws/install/arduinobot_cpp_examples/share/arduinobot_cpp_examples/local_setup.sh
[0.507s] -- Up-to-date: /home/jlukas/Desktop/My_Project/arduinobot_ws/install/arduinobot_cpp_examples/share/arduinobot_cpp_examples/local_setup.zsh
[0.507s] -- Up-to-date: /home/jlukas/Desktop/My_Project/arduinobot_ws/install/arduinobot_cpp_examples/share/arduinobot_cpp_examples/local_setup.dsv
[0.507s] -- Installing: /home/jlukas/Desktop/My_Project/arduinobot_ws/install/arduinobot_cpp_examples/share/arduinobot_cpp_examples/package.dsv
[0.507s] -- Up-to-date: /home/jlukas/Desktop/My_Project/arduinobot_ws/install/arduinobot_cpp_examples/share/ament_index/resource_index/packages/arduinobot_cpp_examples
[0.508s] -- Up-to-date: /home/jlukas/Desktop/My_Project/arduinobot_ws/install/arduinobot_cpp_examples/share/arduinobot_cpp_examples/cmake/arduinobot_cpp_examplesConfig.cmake
[0.508s] -- Up-to-date: /home/jlukas/Desktop/My_Project/arduinobot_ws/install/arduinobot_cpp_examples/share/arduinobot_cpp_examples/cmake/arduinobot_cpp_examplesConfig-version.cmake
[0.508s] -- Up-to-date: /home/jlukas/Desktop/My_Project/arduinobot_ws/install/arduinobot_cpp_examples/share/arduinobot_cpp_examples/package.xml
[0.519s] Invoked command in '/home/jlukas/Desktop/My_Project/arduinobot_ws/build/arduinobot_cpp_examples' returned '0': CMAKE_PREFIX_PATH=${CMAKE_PREFIX_PATH}:/home/jlukas/Desktop/My_Project/arduinobot_ws/install/arduinobot_py_examples:/opt/ros/humble /usr/bin/cmake --install /home/jlukas/Desktop/My_Project/arduinobot_ws/build/arduinobot_cpp_examples
