[0.087s] Invoking command in '/home/jlukas/Desktop/My_Project/ROS2/ros2_serial_motor_demo/build/serial_motor_demo_msgs': CMAKE_PREFIX_PATH=${CMAKE_PREFIX_PATH}:/home/jlukas/Desktop/My_Project/ROS2/techdiffbot/install/techdiffbot:/home/jlukas/Desktop/My_Project/ROS2/ros2_rpi_cv2/install/ros2_rpi_cv2:/home/jlukas/Desktop/My_Project/ROS2/rover/install/rover:/opt/ros/humble /usr/bin/cmake /home/jlukas/Desktop/My_Project/ROS2/ros2_serial_motor_demo/src/serial_motor_demo/serial_motor_demo_msgs -DAMENT_CMAKE_SYMLINK_INSTALL=1 -DCMAKE_INSTALL_PREFIX=/home/jlukas/Desktop/My_Project/ROS2/ros2_serial_motor_demo/install/serial_motor_demo_msgs
[1.333s] -- The C compiler identification is GNU 11.4.0
[2.251s] -- The CXX compiler identification is GNU 11.4.0
[2.521s] -- Detecting C compiler ABI info
[2.999s] -- Detecting C compiler ABI info - done
[3.028s] -- Check for working C compiler: /usr/bin/cc - skipped
[3.031s] -- Detecting C compile features
[3.034s] -- Detecting C compile features - done
[3.052s] -- Detecting CXX compiler ABI info
[3.512s] -- Detecting CXX compiler ABI info - done
[3.542s] -- Check for working CXX compiler: /usr/bin/c++ - skipped
[3.543s] -- Detecting CXX compile features
[3.545s] -- Detecting CXX compile features - done
[3.630s] -- Found ament_cmake: 1.3.8 (/opt/ros/humble/share/ament_cmake/cmake)
[4.482s] -- Found Python3: /usr/bin/python3 (found version "3.10.12") found components: Interpreter 
[4.838s] -- Override CMake install command with custom implementation using symlinks instead of copying resources
[5.698s] -- Found ament_lint_auto: 0.12.10 (/opt/ros/humble/share/ament_lint_auto/cmake)
[6.592s] -- Found rosidl_default_generators: 1.2.0 (/opt/ros/humble/share/rosidl_default_generators/cmake)
[6.677s] -- Using all available rosidl_typesupport_c: rosidl_typesupport_fastrtps_c;rosidl_typesupport_introspection_c
[6.869s] -- Found rosidl_adapter: 3.1.5 (/opt/ros/humble/share/rosidl_adapter/cmake)
[7.638s] -- Using all available rosidl_typesupport_cpp: rosidl_typesupport_fastrtps_cpp;rosidl_typesupport_introspection_cpp
[9.196s] -- Found ament_cmake_ros: 0.10.0 (/opt/ros/humble/share/ament_cmake_ros/cmake)
[10.247s] -- Using all available rosidl_typesupport_c: rosidl_typesupport_fastrtps_c;rosidl_typesupport_introspection_c
[11.396s] -- Using all available rosidl_typesupport_cpp: rosidl_typesupport_fastrtps_cpp;rosidl_typesupport_introspection_cpp
[11.510s] -- Found PythonInterp: /usr/bin/python3 (found suitable version "3.10.12", minimum required is "3.6") 
[11.567s] -- Found python_cmake_module: 0.10.0 (/opt/ros/humble/share/python_cmake_module/cmake)
[11.709s] -- Found PythonLibs: /usr/lib/aarch64-linux-gnu/libpython3.10.so (found suitable version "3.10.12", minimum required is "3.5") 
[11.709s] -- Using PYTHON_EXECUTABLE: /usr/bin/python3
[11.710s] -- Using PYTHON_INCLUDE_DIRS: /usr/include/python3.10
[11.710s] -- Using PYTHON_LIBRARIES: /usr/lib/aarch64-linux-gnu/libpython3.10.so
[11.803s] -- Found PythonExtra: .so  
[12.034s] -- Added test 'copyright' to check source files copyright and LICENSE
[12.064s] -- Added test 'lint_cmake' to check CMake code style
[12.084s] -- Added test 'xmllint' to check XML markup files
[12.153s] -- Configuring done
[12.370s] -- Generating done
[12.387s] -- Build files have been written to: /home/jlukas/Desktop/My_Project/ROS2/ros2_serial_motor_demo/build/serial_motor_demo_msgs
[12.409s] Invoked command in '/home/jlukas/Desktop/My_Project/ROS2/ros2_serial_motor_demo/build/serial_motor_demo_msgs' returned '0': CMAKE_PREFIX_PATH=${CMAKE_PREFIX_PATH}:/home/jlukas/Desktop/My_Project/ROS2/techdiffbot/install/techdiffbot:/home/jlukas/Desktop/My_Project/ROS2/ros2_rpi_cv2/install/ros2_rpi_cv2:/home/jlukas/Desktop/My_Project/ROS2/rover/install/rover:/opt/ros/humble /usr/bin/cmake /home/jlukas/Desktop/My_Project/ROS2/ros2_serial_motor_demo/src/serial_motor_demo/serial_motor_demo_msgs -DAMENT_CMAKE_SYMLINK_INSTALL=1 -DCMAKE_INSTALL_PREFIX=/home/jlukas/Desktop/My_Project/ROS2/ros2_serial_motor_demo/install/serial_motor_demo_msgs
[12.420s] Invoking command in '/home/jlukas/Desktop/My_Project/ROS2/ros2_serial_motor_demo/build/serial_motor_demo_msgs': CMAKE_PREFIX_PATH=${CMAKE_PREFIX_PATH}:/home/jlukas/Desktop/My_Project/ROS2/techdiffbot/install/techdiffbot:/home/jlukas/Desktop/My_Project/ROS2/ros2_rpi_cv2/install/ros2_rpi_cv2:/home/jlukas/Desktop/My_Project/ROS2/rover/install/rover:/opt/ros/humble /usr/bin/cmake --build /home/jlukas/Desktop/My_Project/ROS2/ros2_serial_motor_demo/build/serial_motor_demo_msgs -- -j4 -l4
[12.649s] [  2%] [34m[1mGenerating C code for ROS interfaces[0m
[12.718s] [  4%] [34m[1mGenerating C++ code for ROS interfaces[0m
[12.786s] [  4%] Built target ament_cmake_python_symlink_serial_motor_demo_msgs
[14.385s] running egg_info
[14.389s] creating serial_motor_demo_msgs.egg-info
[14.391s] writing serial_motor_demo_msgs.egg-info/PKG-INFO
[14.392s] writing dependency_links to serial_motor_demo_msgs.egg-info/dependency_links.txt
[14.394s] writing top-level names to serial_motor_demo_msgs.egg-info/top_level.txt
[14.396s] writing manifest file 'serial_motor_demo_msgs.egg-info/SOURCES.txt'
[14.415s] reading manifest file 'serial_motor_demo_msgs.egg-info/SOURCES.txt'
[14.422s] writing manifest file 'serial_motor_demo_msgs.egg-info/SOURCES.txt'
[14.634s] [  4%] Built target ament_cmake_python_build_serial_motor_demo_msgs_egg
[14.823s] [  4%] Built target serial_motor_demo_msgs__cpp
[14.886s] [  6%] [34m[1mGenerating C++ type support for eProsima Fast-RTPS[0m
[14.891s] [  8%] [34m[1mGenerating C++ introspection for ROS interfaces[0m
[14.941s] [ 10%] [34m[1mGenerating C++ type support dispatch for ROS interfaces[0m
[15.047s] [ 12%] [32mBuilding C object CMakeFiles/serial_motor_demo_msgs__rosidl_generator_c.dir/rosidl_generator_c/serial_motor_demo_msgs/msg/detail/motor_command__functions.c.o[0m
[15.505s] [ 14%] [32mBuilding C object CMakeFiles/serial_motor_demo_msgs__rosidl_generator_c.dir/rosidl_generator_c/serial_motor_demo_msgs/msg/detail/motor_vels__functions.c.o[0m
[15.834s] [ 17%] [32mBuilding C object CMakeFiles/serial_motor_demo_msgs__rosidl_generator_c.dir/rosidl_generator_c/serial_motor_demo_msgs/msg/detail/encoder_vals__functions.c.o[0m
[16.125s] [ 19%] [32m[1mLinking C shared library libserial_motor_demo_msgs__rosidl_generator_c.so[0m
[16.381s] [ 19%] Built target serial_motor_demo_msgs__rosidl_generator_c
[16.475s] [ 21%] [34m[1mGenerating C introspection for ROS interfaces[0m
[16.691s] [ 23%] [32mBuilding CXX object CMakeFiles/serial_motor_demo_msgs__rosidl_typesupport_cpp.dir/rosidl_typesupport_cpp/serial_motor_demo_msgs/msg/motor_command__type_support.cpp.o[0m
[16.887s] [ 25%] [32mBuilding CXX object CMakeFiles/serial_motor_demo_msgs__rosidl_typesupport_introspection_cpp.dir/rosidl_typesupport_introspection_cpp/serial_motor_demo_msgs/msg/detail/motor_command__type_support.cpp.o[0m
[17.052s] [ 27%] [32mBuilding CXX object CMakeFiles/serial_motor_demo_msgs__rosidl_typesupport_fastrtps_cpp.dir/rosidl_typesupport_fastrtps_cpp/serial_motor_demo_msgs/msg/detail/dds_fastrtps/motor_command__type_support.cpp.o[0m
[18.682s] [ 29%] [32mBuilding CXX object CMakeFiles/serial_motor_demo_msgs__rosidl_typesupport_cpp.dir/rosidl_typesupport_cpp/serial_motor_demo_msgs/msg/motor_vels__type_support.cpp.o[0m
[18.750s] [ 31%] [32mBuilding C object CMakeFiles/serial_motor_demo_msgs__rosidl_typesupport_introspection_c.dir/rosidl_typesupport_introspection_c/serial_motor_demo_msgs/msg/detail/motor_command__type_support.c.o[0m
[19.005s] [ 34%] [32mBuilding C object CMakeFiles/serial_motor_demo_msgs__rosidl_typesupport_introspection_c.dir/rosidl_typesupport_introspection_c/serial_motor_demo_msgs/msg/detail/motor_vels__type_support.c.o[0m
[19.272s] [ 36%] [32mBuilding C object CMakeFiles/serial_motor_demo_msgs__rosidl_typesupport_introspection_c.dir/rosidl_typesupport_introspection_c/serial_motor_demo_msgs/msg/detail/encoder_vals__type_support.c.o[0m
[19.353s] [ 38%] [32mBuilding CXX object CMakeFiles/serial_motor_demo_msgs__rosidl_typesupport_introspection_cpp.dir/rosidl_typesupport_introspection_cpp/serial_motor_demo_msgs/msg/detail/motor_vels__type_support.cpp.o[0m
[19.513s] [ 40%] [32m[1mLinking C shared library libserial_motor_demo_msgs__rosidl_typesupport_introspection_c.so[0m
[19.716s] [ 40%] Built target serial_motor_demo_msgs__rosidl_typesupport_introspection_c
[19.722s] [ 42%] [32mBuilding CXX object CMakeFiles/serial_motor_demo_msgs__rosidl_typesupport_fastrtps_cpp.dir/rosidl_typesupport_fastrtps_cpp/serial_motor_demo_msgs/msg/detail/dds_fastrtps/motor_vels__type_support.cpp.o[0m
[19.774s] [ 44%] [32mBuilding CXX object CMakeFiles/serial_motor_demo_msgs__rosidl_typesupport_introspection_cpp.dir/rosidl_typesupport_introspection_cpp/serial_motor_demo_msgs/msg/detail/encoder_vals__type_support.cpp.o[0m
[20.391s] [ 46%] [32mBuilding CXX object CMakeFiles/serial_motor_demo_msgs__rosidl_typesupport_cpp.dir/rosidl_typesupport_cpp/serial_motor_demo_msgs/msg/encoder_vals__type_support.cpp.o[0m
[21.760s] [ 48%] [32mBuilding CXX object CMakeFiles/serial_motor_demo_msgs__rosidl_typesupport_fastrtps_cpp.dir/rosidl_typesupport_fastrtps_cpp/serial_motor_demo_msgs/msg/detail/dds_fastrtps/encoder_vals__type_support.cpp.o[0m
[22.205s] [ 51%] [32m[1mLinking CXX shared library libserial_motor_demo_msgs__rosidl_typesupport_introspection_cpp.so[0m
[22.238s] [ 53%] [32m[1mLinking CXX shared library libserial_motor_demo_msgs__rosidl_typesupport_cpp.so[0m
[22.311s] [ 55%] [34m[1mGenerating C type support dispatch for ROS interfaces[0m
[22.451s] [ 55%] Built target serial_motor_demo_msgs__rosidl_typesupport_introspection_cpp
[22.494s] [ 55%] Built target serial_motor_demo_msgs__rosidl_typesupport_cpp
[22.522s] [ 57%] [34m[1mGenerating C type support for eProsima Fast-RTPS[0m
[23.946s] [ 59%] [32mBuilding CXX object CMakeFiles/serial_motor_demo_msgs__rosidl_typesupport_c.dir/rosidl_typesupport_c/serial_motor_demo_msgs/msg/motor_command__type_support.cpp.o[0m
[23.948s] [ 61%] [32mBuilding CXX object CMakeFiles/serial_motor_demo_msgs__rosidl_typesupport_c.dir/rosidl_typesupport_c/serial_motor_demo_msgs/msg/motor_vels__type_support.cpp.o[0m
[24.152s] [ 63%] [32mBuilding CXX object CMakeFiles/serial_motor_demo_msgs__rosidl_typesupport_c.dir/rosidl_typesupport_c/serial_motor_demo_msgs/msg/encoder_vals__type_support.cpp.o[0m
[24.181s] [ 65%] [32m[1mLinking CXX shared library libserial_motor_demo_msgs__rosidl_typesupport_fastrtps_cpp.so[0m
[24.373s] [ 68%] [32m[1mLinking CXX shared library libserial_motor_demo_msgs__rosidl_typesupport_c.so[0m
[24.534s] [ 70%] [32mBuilding CXX object CMakeFiles/serial_motor_demo_msgs__rosidl_typesupport_fastrtps_c.dir/rosidl_typesupport_fastrtps_c/serial_motor_demo_msgs/msg/detail/motor_command__type_support_c.cpp.o[0m
[24.537s] [ 72%] [32mBuilding CXX object CMakeFiles/serial_motor_demo_msgs__rosidl_typesupport_fastrtps_c.dir/rosidl_typesupport_fastrtps_c/serial_motor_demo_msgs/msg/detail/motor_vels__type_support_c.cpp.o[0m
[24.619s] [ 72%] Built target serial_motor_demo_msgs__rosidl_typesupport_c
[24.634s] [ 72%] Built target serial_motor_demo_msgs__rosidl_typesupport_fastrtps_cpp
[24.673s] [ 74%] [32mBuilding CXX object CMakeFiles/serial_motor_demo_msgs__rosidl_typesupport_fastrtps_c.dir/rosidl_typesupport_fastrtps_c/serial_motor_demo_msgs/msg/detail/encoder_vals__type_support_c.cpp.o[0m
[26.594s] [ 76%] [32m[1mLinking CXX shared library libserial_motor_demo_msgs__rosidl_typesupport_fastrtps_c.so[0m
[26.976s] [ 76%] Built target serial_motor_demo_msgs__rosidl_typesupport_fastrtps_c
[27.100s] [ 76%] Built target serial_motor_demo_msgs
[27.224s] [ 78%] [34m[1mGenerating Python code for ROS interfaces[0m
[29.545s] [ 78%] Built target serial_motor_demo_msgs__py
[29.671s] [ 80%] [32mBuilding C object CMakeFiles/serial_motor_demo_msgs__rosidl_generator_py.dir/rosidl_generator_py/serial_motor_demo_msgs/msg/_motor_command_s.c.o[0m
[29.673s] [ 82%] [32mBuilding C object CMakeFiles/serial_motor_demo_msgs__rosidl_generator_py.dir/rosidl_generator_py/serial_motor_demo_msgs/msg/_motor_vels_s.c.o[0m
[29.677s] [ 85%] [32mBuilding C object CMakeFiles/serial_motor_demo_msgs__rosidl_generator_py.dir/rosidl_generator_py/serial_motor_demo_msgs/msg/_encoder_vals_s.c.o[0m
[30.405s] [ 87%] [32m[1mLinking C shared library rosidl_generator_py/serial_motor_demo_msgs/libserial_motor_demo_msgs__rosidl_generator_py.so[0m
[30.631s] [ 87%] Built target serial_motor_demo_msgs__rosidl_generator_py
[30.759s] [ 89%] [32mBuilding C object CMakeFiles/serial_motor_demo_msgs__rosidl_typesupport_fastrtps_c__pyext.dir/rosidl_generator_py/serial_motor_demo_msgs/_serial_motor_demo_msgs_s.ep.rosidl_typesupport_fastrtps_c.c.o[0m
[30.763s] [ 91%] [32mBuilding C object CMakeFiles/serial_motor_demo_msgs__rosidl_typesupport_introspection_c__pyext.dir/rosidl_generator_py/serial_motor_demo_msgs/_serial_motor_demo_msgs_s.ep.rosidl_typesupport_introspection_c.c.o[0m
[30.767s] [ 93%] [32mBuilding C object CMakeFiles/serial_motor_demo_msgs__rosidl_typesupport_c__pyext.dir/rosidl_generator_py/serial_motor_demo_msgs/_serial_motor_demo_msgs_s.ep.rosidl_typesupport_c.c.o[0m
[31.316s] [ 95%] [32m[1mLinking C shared library rosidl_generator_py/serial_motor_demo_msgs/serial_motor_demo_msgs_s__rosidl_typesupport_c.cpython-310-aarch64-linux-gnu.so[0m
[31.331s] [ 97%] [32m[1mLinking C shared library rosidl_generator_py/serial_motor_demo_msgs/serial_motor_demo_msgs_s__rosidl_typesupport_introspection_c.cpython-310-aarch64-linux-gnu.so[0m
[31.373s] [100%] [32m[1mLinking C shared library rosidl_generator_py/serial_motor_demo_msgs/serial_motor_demo_msgs_s__rosidl_typesupport_fastrtps_c.cpython-310-aarch64-linux-gnu.so[0m
[31.521s] [100%] Built target serial_motor_demo_msgs__rosidl_typesupport_c__pyext
[31.544s] [100%] Built target serial_motor_demo_msgs__rosidl_typesupport_introspection_c__pyext
[31.586s] [100%] Built target serial_motor_demo_msgs__rosidl_typesupport_fastrtps_c__pyext
[31.647s] Invoked command in '/home/jlukas/Desktop/My_Project/ROS2/ros2_serial_motor_demo/build/serial_motor_demo_msgs' returned '0': CMAKE_PREFIX_PATH=${CMAKE_PREFIX_PATH}:/home/jlukas/Desktop/My_Project/ROS2/techdiffbot/install/techdiffbot:/home/jlukas/Desktop/My_Project/ROS2/ros2_rpi_cv2/install/ros2_rpi_cv2:/home/jlukas/Desktop/My_Project/ROS2/rover/install/rover:/opt/ros/humble /usr/bin/cmake --build /home/jlukas/Desktop/My_Project/ROS2/ros2_serial_motor_demo/build/serial_motor_demo_msgs -- -j4 -l4
[32.579s] Invoking command in '/home/jlukas/Desktop/My_Project/ROS2/ros2_serial_motor_demo/build/serial_motor_demo_msgs': CMAKE_PREFIX_PATH=${CMAKE_PREFIX_PATH}:/home/jlukas/Desktop/My_Project/ROS2/techdiffbot/install/techdiffbot:/home/jlukas/Desktop/My_Project/ROS2/ros2_rpi_cv2/install/ros2_rpi_cv2:/home/jlukas/Desktop/My_Project/ROS2/rover/install/rover:/opt/ros/humble /usr/bin/cmake --install /home/jlukas/Desktop/My_Project/ROS2/ros2_serial_motor_demo/build/serial_motor_demo_msgs
[32.619s] -- Install configuration: ""
[32.622s] -- Execute custom install script
[32.624s] -- Symlinking: /home/jlukas/Desktop/My_Project/ROS2/ros2_serial_motor_demo/install/serial_motor_demo_msgs/share/ament_index/resource_index/rosidl_interfaces/serial_motor_demo_msgs
[32.673s] -- Symlinking: /home/jlukas/Desktop/My_Project/ROS2/ros2_serial_motor_demo/install/serial_motor_demo_msgs/include/serial_motor_demo_msgs/serial_motor_demo_msgs/msg/detail/encoder_vals__functions.h
[32.720s] -- Symlinking: /home/jlukas/Desktop/My_Project/ROS2/ros2_serial_motor_demo/install/serial_motor_demo_msgs/include/serial_motor_demo_msgs/serial_motor_demo_msgs/msg/detail/encoder_vals__struct.h
[32.764s] -- Symlinking: /home/jlukas/Desktop/My_Project/ROS2/ros2_serial_motor_demo/install/serial_motor_demo_msgs/include/serial_motor_demo_msgs/serial_motor_demo_msgs/msg/detail/encoder_vals__type_support.h
[32.809s] -- Symlinking: /home/jlukas/Desktop/My_Project/ROS2/ros2_serial_motor_demo/install/serial_motor_demo_msgs/include/serial_motor_demo_msgs/serial_motor_demo_msgs/msg/detail/motor_command__functions.h
[32.858s] -- Symlinking: /home/jlukas/Desktop/My_Project/ROS2/ros2_serial_motor_demo/install/serial_motor_demo_msgs/include/serial_motor_demo_msgs/serial_motor_demo_msgs/msg/detail/motor_command__struct.h
[32.902s] -- Symlinking: /home/jlukas/Desktop/My_Project/ROS2/ros2_serial_motor_demo/install/serial_motor_demo_msgs/include/serial_motor_demo_msgs/serial_motor_demo_msgs/msg/detail/motor_command__type_support.h
[32.947s] -- Symlinking: /home/jlukas/Desktop/My_Project/ROS2/ros2_serial_motor_demo/install/serial_motor_demo_msgs/include/serial_motor_demo_msgs/serial_motor_demo_msgs/msg/detail/motor_vels__functions.h
[33.012s] -- Symlinking: /home/jlukas/Desktop/My_Project/ROS2/ros2_serial_motor_demo/install/serial_motor_demo_msgs/include/serial_motor_demo_msgs/serial_motor_demo_msgs/msg/detail/motor_vels__struct.h
[33.062s] -- Symlinking: /home/jlukas/Desktop/My_Project/ROS2/ros2_serial_motor_demo/install/serial_motor_demo_msgs/include/serial_motor_demo_msgs/serial_motor_demo_msgs/msg/detail/motor_vels__type_support.h
[33.107s] -- Symlinking: /home/jlukas/Desktop/My_Project/ROS2/ros2_serial_motor_demo/install/serial_motor_demo_msgs/include/serial_motor_demo_msgs/serial_motor_demo_msgs/msg/encoder_vals.h
[33.152s] -- Symlinking: /home/jlukas/Desktop/My_Project/ROS2/ros2_serial_motor_demo/install/serial_motor_demo_msgs/include/serial_motor_demo_msgs/serial_motor_demo_msgs/msg/motor_command.h
[33.197s] -- Symlinking: /home/jlukas/Desktop/My_Project/ROS2/ros2_serial_motor_demo/install/serial_motor_demo_msgs/include/serial_motor_demo_msgs/serial_motor_demo_msgs/msg/motor_vels.h
[33.242s] -- Symlinking: /home/jlukas/Desktop/My_Project/ROS2/ros2_serial_motor_demo/install/serial_motor_demo_msgs/include/serial_motor_demo_msgs/serial_motor_demo_msgs/msg/rosidl_generator_c__visibility_control.h
[33.291s] -- Symlinking: /home/jlukas/Desktop/My_Project/ROS2/ros2_serial_motor_demo/install/serial_motor_demo_msgs/share/serial_motor_demo_msgs/environment/library_path.sh
[33.337s] -- Symlinking: /home/jlukas/Desktop/My_Project/ROS2/ros2_serial_motor_demo/install/serial_motor_demo_msgs/share/serial_motor_demo_msgs/environment/library_path.dsv
[33.440s] -- Symlinking: /home/jlukas/Desktop/My_Project/ROS2/ros2_serial_motor_demo/install/serial_motor_demo_msgs/include/serial_motor_demo_msgs/serial_motor_demo_msgs/msg/detail/encoder_vals__rosidl_typesupport_fastrtps_c.h
[33.488s] -- Symlinking: /home/jlukas/Desktop/My_Project/ROS2/ros2_serial_motor_demo/install/serial_motor_demo_msgs/include/serial_motor_demo_msgs/serial_motor_demo_msgs/msg/detail/motor_command__rosidl_typesupport_fastrtps_c.h
[33.533s] -- Symlinking: /home/jlukas/Desktop/My_Project/ROS2/ros2_serial_motor_demo/install/serial_motor_demo_msgs/include/serial_motor_demo_msgs/serial_motor_demo_msgs/msg/detail/motor_vels__rosidl_typesupport_fastrtps_c.h
[33.579s] -- Symlinking: /home/jlukas/Desktop/My_Project/ROS2/ros2_serial_motor_demo/install/serial_motor_demo_msgs/include/serial_motor_demo_msgs/serial_motor_demo_msgs/msg/rosidl_typesupport_fastrtps_c__visibility_control.h
[33.626s] -- Symlinking: /home/jlukas/Desktop/My_Project/ROS2/ros2_serial_motor_demo/install/serial_motor_demo_msgs/include/serial_motor_demo_msgs/serial_motor_demo_msgs/msg/detail/encoder_vals__rosidl_typesupport_introspection_c.h
[33.674s] -- Symlinking: /home/jlukas/Desktop/My_Project/ROS2/ros2_serial_motor_demo/install/serial_motor_demo_msgs/include/serial_motor_demo_msgs/serial_motor_demo_msgs/msg/detail/motor_command__rosidl_typesupport_introspection_c.h
[33.719s] -- Symlinking: /home/jlukas/Desktop/My_Project/ROS2/ros2_serial_motor_demo/install/serial_motor_demo_msgs/include/serial_motor_demo_msgs/serial_motor_demo_msgs/msg/detail/motor_vels__rosidl_typesupport_introspection_c.h
[33.764s] -- Symlinking: /home/jlukas/Desktop/My_Project/ROS2/ros2_serial_motor_demo/install/serial_motor_demo_msgs/include/serial_motor_demo_msgs/serial_motor_demo_msgs/msg/rosidl_typesupport_introspection_c__visibility_control.h
[33.811s] -- Symlinking: /home/jlukas/Desktop/My_Project/ROS2/ros2_serial_motor_demo/install/serial_motor_demo_msgs/include/serial_motor_demo_msgs/serial_motor_demo_msgs/msg/detail/encoder_vals__builder.hpp
[33.858s] -- Symlinking: /home/jlukas/Desktop/My_Project/ROS2/ros2_serial_motor_demo/install/serial_motor_demo_msgs/include/serial_motor_demo_msgs/serial_motor_demo_msgs/msg/detail/encoder_vals__struct.hpp
[33.903s] -- Symlinking: /home/jlukas/Desktop/My_Project/ROS2/ros2_serial_motor_demo/install/serial_motor_demo_msgs/include/serial_motor_demo_msgs/serial_motor_demo_msgs/msg/detail/encoder_vals__traits.hpp
[33.948s] -- Symlinking: /home/jlukas/Desktop/My_Project/ROS2/ros2_serial_motor_demo/install/serial_motor_demo_msgs/include/serial_motor_demo_msgs/serial_motor_demo_msgs/msg/detail/motor_command__builder.hpp
[33.992s] -- Symlinking: /home/jlukas/Desktop/My_Project/ROS2/ros2_serial_motor_demo/install/serial_motor_demo_msgs/include/serial_motor_demo_msgs/serial_motor_demo_msgs/msg/detail/motor_command__struct.hpp
[34.038s] -- Symlinking: /home/jlukas/Desktop/My_Project/ROS2/ros2_serial_motor_demo/install/serial_motor_demo_msgs/include/serial_motor_demo_msgs/serial_motor_demo_msgs/msg/detail/motor_command__traits.hpp
[34.084s] -- Symlinking: /home/jlukas/Desktop/My_Project/ROS2/ros2_serial_motor_demo/install/serial_motor_demo_msgs/include/serial_motor_demo_msgs/serial_motor_demo_msgs/msg/detail/motor_vels__builder.hpp
[34.131s] -- Symlinking: /home/jlukas/Desktop/My_Project/ROS2/ros2_serial_motor_demo/install/serial_motor_demo_msgs/include/serial_motor_demo_msgs/serial_motor_demo_msgs/msg/detail/motor_vels__struct.hpp
[34.178s] -- Symlinking: /home/jlukas/Desktop/My_Project/ROS2/ros2_serial_motor_demo/install/serial_motor_demo_msgs/include/serial_motor_demo_msgs/serial_motor_demo_msgs/msg/detail/motor_vels__traits.hpp
[34.222s] -- Symlinking: /home/jlukas/Desktop/My_Project/ROS2/ros2_serial_motor_demo/install/serial_motor_demo_msgs/include/serial_motor_demo_msgs/serial_motor_demo_msgs/msg/encoder_vals.hpp
[34.266s] -- Symlinking: /home/jlukas/Desktop/My_Project/ROS2/ros2_serial_motor_demo/install/serial_motor_demo_msgs/include/serial_motor_demo_msgs/serial_motor_demo_msgs/msg/motor_command.hpp
[34.312s] -- Symlinking: /home/jlukas/Desktop/My_Project/ROS2/ros2_serial_motor_demo/install/serial_motor_demo_msgs/include/serial_motor_demo_msgs/serial_motor_demo_msgs/msg/motor_vels.hpp
[34.363s] -- Symlinking: /home/jlukas/Desktop/My_Project/ROS2/ros2_serial_motor_demo/install/serial_motor_demo_msgs/include/serial_motor_demo_msgs/serial_motor_demo_msgs/msg/detail/encoder_vals__rosidl_typesupport_fastrtps_cpp.hpp
[34.409s] -- Symlinking: /home/jlukas/Desktop/My_Project/ROS2/ros2_serial_motor_demo/install/serial_motor_demo_msgs/include/serial_motor_demo_msgs/serial_motor_demo_msgs/msg/detail/motor_command__rosidl_typesupport_fastrtps_cpp.hpp
[34.456s] -- Symlinking: /home/jlukas/Desktop/My_Project/ROS2/ros2_serial_motor_demo/install/serial_motor_demo_msgs/include/serial_motor_demo_msgs/serial_motor_demo_msgs/msg/detail/motor_vels__rosidl_typesupport_fastrtps_cpp.hpp
[34.502s] -- Symlinking: /home/jlukas/Desktop/My_Project/ROS2/ros2_serial_motor_demo/install/serial_motor_demo_msgs/include/serial_motor_demo_msgs/serial_motor_demo_msgs/msg/rosidl_typesupport_fastrtps_cpp__visibility_control.h
[34.550s] -- Symlinking: /home/jlukas/Desktop/My_Project/ROS2/ros2_serial_motor_demo/install/serial_motor_demo_msgs/include/serial_motor_demo_msgs/serial_motor_demo_msgs/msg/detail/encoder_vals__rosidl_typesupport_introspection_cpp.hpp
[34.596s] -- Symlinking: /home/jlukas/Desktop/My_Project/ROS2/ros2_serial_motor_demo/install/serial_motor_demo_msgs/include/serial_motor_demo_msgs/serial_motor_demo_msgs/msg/detail/motor_command__rosidl_typesupport_introspection_cpp.hpp
[34.641s] -- Symlinking: /home/jlukas/Desktop/My_Project/ROS2/ros2_serial_motor_demo/install/serial_motor_demo_msgs/include/serial_motor_demo_msgs/serial_motor_demo_msgs/msg/detail/motor_vels__rosidl_typesupport_introspection_cpp.hpp
[34.686s] -- Symlinking: /home/jlukas/Desktop/My_Project/ROS2/ros2_serial_motor_demo/install/serial_motor_demo_msgs/share/serial_motor_demo_msgs/environment/pythonpath.sh
[34.733s] -- Symlinking: /home/jlukas/Desktop/My_Project/ROS2/ros2_serial_motor_demo/install/serial_motor_demo_msgs/share/serial_motor_demo_msgs/environment/pythonpath.dsv
[34.782s] -- Symlinking: /home/jlukas/Desktop/My_Project/ROS2/ros2_serial_motor_demo/install/serial_motor_demo_msgs/local/lib/python3.10/dist-packages/serial_motor_demo_msgs-0.0.0-py3.10.egg-info/PKG-INFO
[34.828s] -- Symlinking: /home/jlukas/Desktop/My_Project/ROS2/ros2_serial_motor_demo/install/serial_motor_demo_msgs/local/lib/python3.10/dist-packages/serial_motor_demo_msgs-0.0.0-py3.10.egg-info/SOURCES.txt
[34.875s] -- Symlinking: /home/jlukas/Desktop/My_Project/ROS2/ros2_serial_motor_demo/install/serial_motor_demo_msgs/local/lib/python3.10/dist-packages/serial_motor_demo_msgs-0.0.0-py3.10.egg-info/dependency_links.txt
[34.923s] -- Symlinking: /home/jlukas/Desktop/My_Project/ROS2/ros2_serial_motor_demo/install/serial_motor_demo_msgs/local/lib/python3.10/dist-packages/serial_motor_demo_msgs-0.0.0-py3.10.egg-info/top_level.txt
[34.976s] -- Symlinking: /home/jlukas/Desktop/My_Project/ROS2/ros2_serial_motor_demo/install/serial_motor_demo_msgs/local/lib/python3.10/dist-packages/serial_motor_demo_msgs/__init__.py
[35.024s] -- Symlinking: /home/jlukas/Desktop/My_Project/ROS2/ros2_serial_motor_demo/install/serial_motor_demo_msgs/local/lib/python3.10/dist-packages/serial_motor_demo_msgs/_serial_motor_demo_msgs_s.ep.rosidl_typesupport_c.c
[35.069s] -- Symlinking: /home/jlukas/Desktop/My_Project/ROS2/ros2_serial_motor_demo/install/serial_motor_demo_msgs/local/lib/python3.10/dist-packages/serial_motor_demo_msgs/_serial_motor_demo_msgs_s.ep.rosidl_typesupport_fastrtps_c.c
[35.115s] -- Symlinking: /home/jlukas/Desktop/My_Project/ROS2/ros2_serial_motor_demo/install/serial_motor_demo_msgs/local/lib/python3.10/dist-packages/serial_motor_demo_msgs/_serial_motor_demo_msgs_s.ep.rosidl_typesupport_introspection_c.c
[35.161s] -- Symlinking: /home/jlukas/Desktop/My_Project/ROS2/ros2_serial_motor_demo/install/serial_motor_demo_msgs/local/lib/python3.10/dist-packages/serial_motor_demo_msgs/libserial_motor_demo_msgs__rosidl_generator_py.so
[35.207s] -- Symlinking: /home/jlukas/Desktop/My_Project/ROS2/ros2_serial_motor_demo/install/serial_motor_demo_msgs/local/lib/python3.10/dist-packages/serial_motor_demo_msgs/msg/__init__.py
[35.253s] -- Symlinking: /home/jlukas/Desktop/My_Project/ROS2/ros2_serial_motor_demo/install/serial_motor_demo_msgs/local/lib/python3.10/dist-packages/serial_motor_demo_msgs/msg/_encoder_vals.py
[35.298s] -- Symlinking: /home/jlukas/Desktop/My_Project/ROS2/ros2_serial_motor_demo/install/serial_motor_demo_msgs/local/lib/python3.10/dist-packages/serial_motor_demo_msgs/msg/_encoder_vals_s.c
[35.342s] -- Symlinking: /home/jlukas/Desktop/My_Project/ROS2/ros2_serial_motor_demo/install/serial_motor_demo_msgs/local/lib/python3.10/dist-packages/serial_motor_demo_msgs/msg/_motor_command.py
[35.388s] -- Symlinking: /home/jlukas/Desktop/My_Project/ROS2/ros2_serial_motor_demo/install/serial_motor_demo_msgs/local/lib/python3.10/dist-packages/serial_motor_demo_msgs/msg/_motor_command_s.c
[35.435s] -- Symlinking: /home/jlukas/Desktop/My_Project/ROS2/ros2_serial_motor_demo/install/serial_motor_demo_msgs/local/lib/python3.10/dist-packages/serial_motor_demo_msgs/msg/_motor_vels.py
[35.482s] -- Symlinking: /home/jlukas/Desktop/My_Project/ROS2/ros2_serial_motor_demo/install/serial_motor_demo_msgs/local/lib/python3.10/dist-packages/serial_motor_demo_msgs/msg/_motor_vels_s.c
[35.528s] -- Symlinking: /home/jlukas/Desktop/My_Project/ROS2/ros2_serial_motor_demo/install/serial_motor_demo_msgs/local/lib/python3.10/dist-packages/serial_motor_demo_msgs/serial_motor_demo_msgs_s__rosidl_typesupport_c.cpython-310-aarch64-linux-gnu.so
[35.572s] -- Symlinking: /home/jlukas/Desktop/My_Project/ROS2/ros2_serial_motor_demo/install/serial_motor_demo_msgs/local/lib/python3.10/dist-packages/serial_motor_demo_msgs/serial_motor_demo_msgs_s__rosidl_typesupport_fastrtps_c.cpython-310-aarch64-linux-gnu.so
[35.617s] -- Symlinking: /home/jlukas/Desktop/My_Project/ROS2/ros2_serial_motor_demo/install/serial_motor_demo_msgs/local/lib/python3.10/dist-packages/serial_motor_demo_msgs/serial_motor_demo_msgs_s__rosidl_typesupport_introspection_c.cpython-310-aarch64-linux-gnu.so
[35.664s] -- Up-to-date symlink: /home/jlukas/Desktop/My_Project/ROS2/ros2_serial_motor_demo/install/serial_motor_demo_msgs/local/lib/python3.10/dist-packages/serial_motor_demo_msgs/serial_motor_demo_msgs_s__rosidl_typesupport_fastrtps_c.cpython-310-aarch64-linux-gnu.so
[35.667s] -- Up-to-date symlink: /home/jlukas/Desktop/My_Project/ROS2/ros2_serial_motor_demo/install/serial_motor_demo_msgs/local/lib/python3.10/dist-packages/serial_motor_demo_msgs/serial_motor_demo_msgs_s__rosidl_typesupport_introspection_c.cpython-310-aarch64-linux-gnu.so
[35.669s] -- Up-to-date symlink: /home/jlukas/Desktop/My_Project/ROS2/ros2_serial_motor_demo/install/serial_motor_demo_msgs/local/lib/python3.10/dist-packages/serial_motor_demo_msgs/serial_motor_demo_msgs_s__rosidl_typesupport_c.cpython-310-aarch64-linux-gnu.so
[35.670s] -- Symlinking: /home/jlukas/Desktop/My_Project/ROS2/ros2_serial_motor_demo/install/serial_motor_demo_msgs/share/serial_motor_demo_msgs/msg/MotorCommand.idl
[35.718s] -- Symlinking: /home/jlukas/Desktop/My_Project/ROS2/ros2_serial_motor_demo/install/serial_motor_demo_msgs/share/serial_motor_demo_msgs/msg/MotorVels.idl
[35.763s] -- Symlinking: /home/jlukas/Desktop/My_Project/ROS2/ros2_serial_motor_demo/install/serial_motor_demo_msgs/share/serial_motor_demo_msgs/msg/EncoderVals.idl
[35.807s] -- Symlinking: /home/jlukas/Desktop/My_Project/ROS2/ros2_serial_motor_demo/install/serial_motor_demo_msgs/share/serial_motor_demo_msgs/msg/MotorCommand.msg
[35.851s] -- Symlinking: /home/jlukas/Desktop/My_Project/ROS2/ros2_serial_motor_demo/install/serial_motor_demo_msgs/share/serial_motor_demo_msgs/msg/MotorVels.msg
[35.899s] -- Symlinking: /home/jlukas/Desktop/My_Project/ROS2/ros2_serial_motor_demo/install/serial_motor_demo_msgs/share/serial_motor_demo_msgs/msg/EncoderVals.msg
[35.946s] -- Symlinking: /home/jlukas/Desktop/My_Project/ROS2/ros2_serial_motor_demo/install/serial_motor_demo_msgs/share/ament_index/resource_index/package_run_dependencies/serial_motor_demo_msgs
[35.991s] -- Symlinking: /home/jlukas/Desktop/My_Project/ROS2/ros2_serial_motor_demo/install/serial_motor_demo_msgs/share/ament_index/resource_index/parent_prefix_path/serial_motor_demo_msgs
[36.039s] -- Symlinking: /home/jlukas/Desktop/My_Project/ROS2/ros2_serial_motor_demo/install/serial_motor_demo_msgs/share/serial_motor_demo_msgs/environment/ament_prefix_path.sh
[36.084s] -- Symlinking: /home/jlukas/Desktop/My_Project/ROS2/ros2_serial_motor_demo/install/serial_motor_demo_msgs/share/serial_motor_demo_msgs/environment/ament_prefix_path.dsv
[36.129s] -- Symlinking: /home/jlukas/Desktop/My_Project/ROS2/ros2_serial_motor_demo/install/serial_motor_demo_msgs/share/serial_motor_demo_msgs/environment/path.sh
[36.174s] -- Symlinking: /home/jlukas/Desktop/My_Project/ROS2/ros2_serial_motor_demo/install/serial_motor_demo_msgs/share/serial_motor_demo_msgs/environment/path.dsv
[36.220s] -- Symlinking: /home/jlukas/Desktop/My_Project/ROS2/ros2_serial_motor_demo/install/serial_motor_demo_msgs/share/serial_motor_demo_msgs/local_setup.bash
[36.265s] -- Symlinking: /home/jlukas/Desktop/My_Project/ROS2/ros2_serial_motor_demo/install/serial_motor_demo_msgs/share/serial_motor_demo_msgs/local_setup.sh
[36.310s] -- Symlinking: /home/jlukas/Desktop/My_Project/ROS2/ros2_serial_motor_demo/install/serial_motor_demo_msgs/share/serial_motor_demo_msgs/local_setup.zsh
[36.356s] -- Symlinking: /home/jlukas/Desktop/My_Project/ROS2/ros2_serial_motor_demo/install/serial_motor_demo_msgs/share/serial_motor_demo_msgs/local_setup.dsv
[36.399s] -- Symlinking: /home/jlukas/Desktop/My_Project/ROS2/ros2_serial_motor_demo/install/serial_motor_demo_msgs/share/serial_motor_demo_msgs/package.dsv
[36.446s] -- Symlinking: /home/jlukas/Desktop/My_Project/ROS2/ros2_serial_motor_demo/install/serial_motor_demo_msgs/share/ament_index/resource_index/packages/serial_motor_demo_msgs
[36.493s] -- Symlinking: /home/jlukas/Desktop/My_Project/ROS2/ros2_serial_motor_demo/install/serial_motor_demo_msgs/share/serial_motor_demo_msgs/cmake/rosidl_cmake-extras.cmake
[36.540s] -- Symlinking: /home/jlukas/Desktop/My_Project/ROS2/ros2_serial_motor_demo/install/serial_motor_demo_msgs/share/serial_motor_demo_msgs/cmake/ament_cmake_export_include_directories-extras.cmake
[36.587s] -- Symlinking: /home/jlukas/Desktop/My_Project/ROS2/ros2_serial_motor_demo/install/serial_motor_demo_msgs/share/serial_motor_demo_msgs/cmake/ament_cmake_export_libraries-extras.cmake
[36.634s] -- Symlinking: /home/jlukas/Desktop/My_Project/ROS2/ros2_serial_motor_demo/install/serial_motor_demo_msgs/share/serial_motor_demo_msgs/cmake/ament_cmake_export_targets-extras.cmake
[36.679s] -- Symlinking: /home/jlukas/Desktop/My_Project/ROS2/ros2_serial_motor_demo/install/serial_motor_demo_msgs/share/serial_motor_demo_msgs/cmake/rosidl_cmake_export_typesupport_targets-extras.cmake
[36.726s] -- Symlinking: /home/jlukas/Desktop/My_Project/ROS2/ros2_serial_motor_demo/install/serial_motor_demo_msgs/share/serial_motor_demo_msgs/cmake/ament_cmake_export_dependencies-extras.cmake
[36.772s] -- Symlinking: /home/jlukas/Desktop/My_Project/ROS2/ros2_serial_motor_demo/install/serial_motor_demo_msgs/share/serial_motor_demo_msgs/cmake/rosidl_cmake_export_typesupport_libraries-extras.cmake
[36.816s] -- Symlinking: /home/jlukas/Desktop/My_Project/ROS2/ros2_serial_motor_demo/install/serial_motor_demo_msgs/share/serial_motor_demo_msgs/cmake/serial_motor_demo_msgsConfig.cmake
[36.863s] -- Symlinking: /home/jlukas/Desktop/My_Project/ROS2/ros2_serial_motor_demo/install/serial_motor_demo_msgs/share/serial_motor_demo_msgs/cmake/serial_motor_demo_msgsConfig-version.cmake
[36.909s] -- Symlinking: /home/jlukas/Desktop/My_Project/ROS2/ros2_serial_motor_demo/install/serial_motor_demo_msgs/share/serial_motor_demo_msgs/package.xml
[36.956s] -- Installing: /home/jlukas/Desktop/My_Project/ROS2/ros2_serial_motor_demo/install/serial_motor_demo_msgs/lib/libserial_motor_demo_msgs__rosidl_generator_c.so
[36.959s] -- Set runtime path of "/home/jlukas/Desktop/My_Project/ROS2/ros2_serial_motor_demo/install/serial_motor_demo_msgs/lib/libserial_motor_demo_msgs__rosidl_generator_c.so" to ""
[36.959s] -- Installing: /home/jlukas/Desktop/My_Project/ROS2/ros2_serial_motor_demo/install/serial_motor_demo_msgs/lib/libserial_motor_demo_msgs__rosidl_typesupport_fastrtps_c.so
[36.963s] -- Set runtime path of "/home/jlukas/Desktop/My_Project/ROS2/ros2_serial_motor_demo/install/serial_motor_demo_msgs/lib/libserial_motor_demo_msgs__rosidl_typesupport_fastrtps_c.so" to ""
[36.963s] -- Installing: /home/jlukas/Desktop/My_Project/ROS2/ros2_serial_motor_demo/install/serial_motor_demo_msgs/lib/libserial_motor_demo_msgs__rosidl_typesupport_introspection_c.so
[36.966s] -- Set runtime path of "/home/jlukas/Desktop/My_Project/ROS2/ros2_serial_motor_demo/install/serial_motor_demo_msgs/lib/libserial_motor_demo_msgs__rosidl_typesupport_introspection_c.so" to ""
[36.967s] -- Installing: /home/jlukas/Desktop/My_Project/ROS2/ros2_serial_motor_demo/install/serial_motor_demo_msgs/lib/libserial_motor_demo_msgs__rosidl_typesupport_c.so
[36.970s] -- Set runtime path of "/home/jlukas/Desktop/My_Project/ROS2/ros2_serial_motor_demo/install/serial_motor_demo_msgs/lib/libserial_motor_demo_msgs__rosidl_typesupport_c.so" to ""
[36.970s] -- Installing: /home/jlukas/Desktop/My_Project/ROS2/ros2_serial_motor_demo/install/serial_motor_demo_msgs/lib/libserial_motor_demo_msgs__rosidl_typesupport_fastrtps_cpp.so
[36.974s] -- Set runtime path of "/home/jlukas/Desktop/My_Project/ROS2/ros2_serial_motor_demo/install/serial_motor_demo_msgs/lib/libserial_motor_demo_msgs__rosidl_typesupport_fastrtps_cpp.so" to ""
[36.974s] -- Installing: /home/jlukas/Desktop/My_Project/ROS2/ros2_serial_motor_demo/install/serial_motor_demo_msgs/lib/libserial_motor_demo_msgs__rosidl_typesupport_introspection_cpp.so
[36.977s] -- Set runtime path of "/home/jlukas/Desktop/My_Project/ROS2/ros2_serial_motor_demo/install/serial_motor_demo_msgs/lib/libserial_motor_demo_msgs__rosidl_typesupport_introspection_cpp.so" to ""
[36.978s] -- Installing: /home/jlukas/Desktop/My_Project/ROS2/ros2_serial_motor_demo/install/serial_motor_demo_msgs/lib/libserial_motor_demo_msgs__rosidl_typesupport_cpp.so
[36.981s] -- Set runtime path of "/home/jlukas/Desktop/My_Project/ROS2/ros2_serial_motor_demo/install/serial_motor_demo_msgs/lib/libserial_motor_demo_msgs__rosidl_typesupport_cpp.so" to ""
[37.172s] Listing '/home/jlukas/Desktop/My_Project/ROS2/ros2_serial_motor_demo/install/serial_motor_demo_msgs/local/lib/python3.10/dist-packages/serial_motor_demo_msgs'...
[37.173s] Compiling '/home/jlukas/Desktop/My_Project/ROS2/ros2_serial_motor_demo/install/serial_motor_demo_msgs/local/lib/python3.10/dist-packages/serial_motor_demo_msgs/__init__.py'...
[37.174s] Listing '/home/jlukas/Desktop/My_Project/ROS2/ros2_serial_motor_demo/install/serial_motor_demo_msgs/local/lib/python3.10/dist-packages/serial_motor_demo_msgs/msg'...
[37.175s] Compiling '/home/jlukas/Desktop/My_Project/ROS2/ros2_serial_motor_demo/install/serial_motor_demo_msgs/local/lib/python3.10/dist-packages/serial_motor_demo_msgs/msg/__init__.py'...
[37.176s] Compiling '/home/jlukas/Desktop/My_Project/ROS2/ros2_serial_motor_demo/install/serial_motor_demo_msgs/local/lib/python3.10/dist-packages/serial_motor_demo_msgs/msg/_encoder_vals.py'...
[37.177s] Compiling '/home/jlukas/Desktop/My_Project/ROS2/ros2_serial_motor_demo/install/serial_motor_demo_msgs/local/lib/python3.10/dist-packages/serial_motor_demo_msgs/msg/_motor_command.py'...
[37.177s] Compiling '/home/jlukas/Desktop/My_Project/ROS2/ros2_serial_motor_demo/install/serial_motor_demo_msgs/local/lib/python3.10/dist-packages/serial_motor_demo_msgs/msg/_motor_vels.py'...
[37.196s] -- Installing: /home/jlukas/Desktop/My_Project/ROS2/ros2_serial_motor_demo/install/serial_motor_demo_msgs/lib/libserial_motor_demo_msgs__rosidl_generator_py.so
[37.199s] -- Set runtime path of "/home/jlukas/Desktop/My_Project/ROS2/ros2_serial_motor_demo/install/serial_motor_demo_msgs/lib/libserial_motor_demo_msgs__rosidl_generator_py.so" to ""
[37.200s] -- Installing: /home/jlukas/Desktop/My_Project/ROS2/ros2_serial_motor_demo/install/serial_motor_demo_msgs/share/serial_motor_demo_msgs/cmake/export_serial_motor_demo_msgs__rosidl_generator_cExport.cmake
[37.202s] -- Installing: /home/jlukas/Desktop/My_Project/ROS2/ros2_serial_motor_demo/install/serial_motor_demo_msgs/share/serial_motor_demo_msgs/cmake/export_serial_motor_demo_msgs__rosidl_generator_cExport-noconfig.cmake
[37.204s] -- Installing: /home/jlukas/Desktop/My_Project/ROS2/ros2_serial_motor_demo/install/serial_motor_demo_msgs/share/serial_motor_demo_msgs/cmake/export_serial_motor_demo_msgs__rosidl_typesupport_fastrtps_cExport.cmake
[37.206s] -- Installing: /home/jlukas/Desktop/My_Project/ROS2/ros2_serial_motor_demo/install/serial_motor_demo_msgs/share/serial_motor_demo_msgs/cmake/export_serial_motor_demo_msgs__rosidl_typesupport_fastrtps_cExport-noconfig.cmake
[37.208s] -- Installing: /home/jlukas/Desktop/My_Project/ROS2/ros2_serial_motor_demo/install/serial_motor_demo_msgs/share/serial_motor_demo_msgs/cmake/serial_motor_demo_msgs__rosidl_typesupport_introspection_cExport.cmake
[37.210s] -- Installing: /home/jlukas/Desktop/My_Project/ROS2/ros2_serial_motor_demo/install/serial_motor_demo_msgs/share/serial_motor_demo_msgs/cmake/serial_motor_demo_msgs__rosidl_typesupport_introspection_cExport-noconfig.cmake
[37.212s] -- Installing: /home/jlukas/Desktop/My_Project/ROS2/ros2_serial_motor_demo/install/serial_motor_demo_msgs/share/serial_motor_demo_msgs/cmake/serial_motor_demo_msgs__rosidl_typesupport_cExport.cmake
[37.214s] -- Installing: /home/jlukas/Desktop/My_Project/ROS2/ros2_serial_motor_demo/install/serial_motor_demo_msgs/share/serial_motor_demo_msgs/cmake/serial_motor_demo_msgs__rosidl_typesupport_cExport-noconfig.cmake
[37.216s] -- Installing: /home/jlukas/Desktop/My_Project/ROS2/ros2_serial_motor_demo/install/serial_motor_demo_msgs/share/serial_motor_demo_msgs/cmake/export_serial_motor_demo_msgs__rosidl_generator_cppExport.cmake
[37.218s] -- Installing: /home/jlukas/Desktop/My_Project/ROS2/ros2_serial_motor_demo/install/serial_motor_demo_msgs/share/serial_motor_demo_msgs/cmake/export_serial_motor_demo_msgs__rosidl_typesupport_fastrtps_cppExport.cmake
[37.220s] -- Installing: /home/jlukas/Desktop/My_Project/ROS2/ros2_serial_motor_demo/install/serial_motor_demo_msgs/share/serial_motor_demo_msgs/cmake/export_serial_motor_demo_msgs__rosidl_typesupport_fastrtps_cppExport-noconfig.cmake
[37.222s] -- Installing: /home/jlukas/Desktop/My_Project/ROS2/ros2_serial_motor_demo/install/serial_motor_demo_msgs/share/serial_motor_demo_msgs/cmake/serial_motor_demo_msgs__rosidl_typesupport_introspection_cppExport.cmake
[37.224s] -- Installing: /home/jlukas/Desktop/My_Project/ROS2/ros2_serial_motor_demo/install/serial_motor_demo_msgs/share/serial_motor_demo_msgs/cmake/serial_motor_demo_msgs__rosidl_typesupport_introspection_cppExport-noconfig.cmake
[37.226s] -- Installing: /home/jlukas/Desktop/My_Project/ROS2/ros2_serial_motor_demo/install/serial_motor_demo_msgs/share/serial_motor_demo_msgs/cmake/serial_motor_demo_msgs__rosidl_typesupport_cppExport.cmake
[37.228s] -- Installing: /home/jlukas/Desktop/My_Project/ROS2/ros2_serial_motor_demo/install/serial_motor_demo_msgs/share/serial_motor_demo_msgs/cmake/serial_motor_demo_msgs__rosidl_typesupport_cppExport-noconfig.cmake
[37.230s] -- Installing: /home/jlukas/Desktop/My_Project/ROS2/ros2_serial_motor_demo/install/serial_motor_demo_msgs/share/serial_motor_demo_msgs/cmake/export_serial_motor_demo_msgs__rosidl_generator_pyExport.cmake
[37.232s] -- Installing: /home/jlukas/Desktop/My_Project/ROS2/ros2_serial_motor_demo/install/serial_motor_demo_msgs/share/serial_motor_demo_msgs/cmake/export_serial_motor_demo_msgs__rosidl_generator_pyExport-noconfig.cmake
[37.241s] Invoked command in '/home/jlukas/Desktop/My_Project/ROS2/ros2_serial_motor_demo/build/serial_motor_demo_msgs' returned '0': CMAKE_PREFIX_PATH=${CMAKE_PREFIX_PATH}:/home/jlukas/Desktop/My_Project/ROS2/techdiffbot/install/techdiffbot:/home/jlukas/Desktop/My_Project/ROS2/ros2_rpi_cv2/install/ros2_rpi_cv2:/home/jlukas/Desktop/My_Project/ROS2/rover/install/rover:/opt/ros/humble /usr/bin/cmake --install /home/jlukas/Desktop/My_Project/ROS2/ros2_serial_motor_demo/build/serial_motor_demo_msgs
