[0.758s] Invoking command in '/home/jlukas/My_Project/ROS2/ros2_rpi_lidar/src/ros2_rpi_lidar': PYTHONPATH=/home/jlukas/My_Project/ROS2/ros2_rpi_lidar/build/ros2_rpi_lidar/prefix_override:/home/jlukas/My_Project/ROS2/ros2_rpi_lidar/install/ros2_rpi_lidar/lib/python3.10/site-packages:${PYTHONPATH} /usr/bin/python3 setup.py egg_info --egg-base ../../build/ros2_rpi_lidar build --build-base /home/jlukas/My_Project/ROS2/ros2_rpi_lidar/build/ros2_rpi_lidar/build install --record /home/jlukas/My_Project/ROS2/ros2_rpi_lidar/build/ros2_rpi_lidar/install.log --single-version-externally-managed
[0.995s] running egg_info
[0.995s] writing ../../build/ros2_rpi_lidar/ros2_rpi_lidar.egg-info/PKG-INFO
[0.996s] writing dependency_links to ../../build/ros2_rpi_lidar/ros2_rpi_lidar.egg-info/dependency_links.txt
[0.996s] writing entry points to ../../build/ros2_rpi_lidar/ros2_rpi_lidar.egg-info/entry_points.txt
[0.996s] writing requirements to ../../build/ros2_rpi_lidar/ros2_rpi_lidar.egg-info/requires.txt
[0.997s] writing top-level names to ../../build/ros2_rpi_lidar/ros2_rpi_lidar.egg-info/top_level.txt
[0.998s] reading manifest file '../../build/ros2_rpi_lidar/ros2_rpi_lidar.egg-info/SOURCES.txt'
[1.000s] writing manifest file '../../build/ros2_rpi_lidar/ros2_rpi_lidar.egg-info/SOURCES.txt'
[1.000s] running build
[1.000s] running build_py
[1.001s] running install
[1.001s] /usr/lib/python3/dist-packages/setuptools/command/install.py:34: SetuptoolsDeprecationWarning: setup.py install is deprecated. Use build and pip and other standards-based tools.
[1.001s]   warnings.warn(
[1.001s] running install_lib
[1.003s] running install_data
[1.004s] running install_egg_info
[1.006s] removing '/home/jlukas/My_Project/ROS2/ros2_rpi_lidar/install/ros2_rpi_lidar/lib/python3.10/site-packages/ros2_rpi_lidar-0.0.0-py3.10.egg-info' (and everything under it)
[1.006s] Copying ../../build/ros2_rpi_lidar/ros2_rpi_lidar.egg-info to /home/jlukas/My_Project/ROS2/ros2_rpi_lidar/install/ros2_rpi_lidar/lib/python3.10/site-packages/ros2_rpi_lidar-0.0.0-py3.10.egg-info
[1.007s] running install_scripts
[1.031s] Installing lidar_publisher script to /home/jlukas/My_Project/ROS2/ros2_rpi_lidar/install/ros2_rpi_lidar/lib/ros2_rpi_lidar
[1.031s] Installing lidar_publisher_rate script to /home/jlukas/My_Project/ROS2/ros2_rpi_lidar/install/ros2_rpi_lidar/lib/ros2_rpi_lidar
[1.031s] Installing lidar_subscriber script to /home/jlukas/My_Project/ROS2/ros2_rpi_lidar/install/ros2_rpi_lidar/lib/ros2_rpi_lidar
[1.032s] writing list of installed files to '/home/jlukas/My_Project/ROS2/ros2_rpi_lidar/build/ros2_rpi_lidar/install.log'
[1.061s] Invoked command in '/home/jlukas/My_Project/ROS2/ros2_rpi_lidar/src/ros2_rpi_lidar' returned '0': PYTHONPATH=/home/jlukas/My_Project/ROS2/ros2_rpi_lidar/build/ros2_rpi_lidar/prefix_override:/home/jlukas/My_Project/ROS2/ros2_rpi_lidar/install/ros2_rpi_lidar/lib/python3.10/site-packages:${PYTHONPATH} /usr/bin/python3 setup.py egg_info --egg-base ../../build/ros2_rpi_lidar build --build-base /home/jlukas/My_Project/ROS2/ros2_rpi_lidar/build/ros2_rpi_lidar/build install --record /home/jlukas/My_Project/ROS2/ros2_rpi_lidar/build/ros2_rpi_lidar/install.log --single-version-externally-managed
