[1.638s] Invoking command in '/home/jlukas/Desktop/My_Project/ROS2/techdiffbot/src/techdiffbot': PYTHONPATH=/home/jlukas/Desktop/My_Project/ROS2/techdiffbot/build/techdiffbot/prefix_override:/home/jlukas/Desktop/My_Project/ROS2/techdiffbot/install/techdiffbot/lib/python3.10/site-packages:${PYTHONPATH} /usr/bin/python3 setup.py egg_info --egg-base ../../build/techdiffbot build --build-base /home/jlukas/Desktop/My_Project/ROS2/techdiffbot/build/techdiffbot/build install --record /home/jlukas/Desktop/My_Project/ROS2/techdiffbot/build/techdiffbot/install.log --single-version-externally-managed
[1.974s] running egg_info
[1.974s] writing ../../build/techdiffbot/techdiffbot.egg-info/PKG-INFO
[1.975s] writing dependency_links to ../../build/techdiffbot/techdiffbot.egg-info/dependency_links.txt
[1.976s] writing entry points to ../../build/techdiffbot/techdiffbot.egg-info/entry_points.txt
[1.977s] writing requirements to ../../build/techdiffbot/techdiffbot.egg-info/requires.txt
[1.977s] writing top-level names to ../../build/techdiffbot/techdiffbot.egg-info/top_level.txt
[1.979s] reading manifest file '../../build/techdiffbot/techdiffbot.egg-info/SOURCES.txt'
[1.980s] writing manifest file '../../build/techdiffbot/techdiffbot.egg-info/SOURCES.txt'
[1.980s] running build
[1.981s] running build_py
[1.981s] running install
[1.981s] running install_lib
[1.982s] running install_data
[1.987s] running install_egg_info
[1.989s] removing '/home/jlukas/Desktop/My_Project/ROS2/techdiffbot/install/techdiffbot/lib/python3.10/site-packages/techdiffbot-0.0.0-py3.10.egg-info' (and everything under it)
[1.990s] Copying ../../build/techdiffbot/techdiffbot.egg-info to /home/jlukas/Desktop/My_Project/ROS2/techdiffbot/install/techdiffbot/lib/python3.10/site-packages/techdiffbot-0.0.0-py3.10.egg-info
[1.990s] running install_scripts
[2.014s] writing list of installed files to '/home/jlukas/Desktop/My_Project/ROS2/techdiffbot/build/techdiffbot/install.log'
[2.048s] Invoked command in '/home/jlukas/Desktop/My_Project/ROS2/techdiffbot/src/techdiffbot' returned '0': PYTHONPATH=/home/jlukas/Desktop/My_Project/ROS2/techdiffbot/build/techdiffbot/prefix_override:/home/jlukas/Desktop/My_Project/ROS2/techdiffbot/install/techdiffbot/lib/python3.10/site-packages:${PYTHONPATH} /usr/bin/python3 setup.py egg_info --egg-base ../../build/techdiffbot build --build-base /home/jlukas/Desktop/My_Project/ROS2/techdiffbot/build/techdiffbot/build install --record /home/jlukas/Desktop/My_Project/ROS2/techdiffbot/build/techdiffbot/install.log --single-version-externally-managed
