[0.703s] Invoking command in '/home/jlukas/My_Project/ROS2/ros2_rpi_vision/src/ros2_rpi_vision': PYTHONPATH=/home/jlukas/My_Project/ROS2/ros2_rpi_vision/build/ros2_rpi_vision/prefix_override:/home/jlukas/My_Project/ROS2/ros2_rpi_vision/install/ros2_rpi_vision/lib/python3.10/site-packages:${PYTHONPATH} /usr/bin/python3 setup.py egg_info --egg-base ../../build/ros2_rpi_vision build --build-base /home/jlukas/My_Project/ROS2/ros2_rpi_vision/build/ros2_rpi_vision/build install --record /home/jlukas/My_Project/ROS2/ros2_rpi_vision/build/ros2_rpi_vision/install.log --single-version-externally-managed
[0.916s] running egg_info
[0.917s] writing ../../build/ros2_rpi_vision/ros2_rpi_vision.egg-info/PKG-INFO
[0.917s] writing dependency_links to ../../build/ros2_rpi_vision/ros2_rpi_vision.egg-info/dependency_links.txt
[0.917s] writing entry points to ../../build/ros2_rpi_vision/ros2_rpi_vision.egg-info/entry_points.txt
[0.918s] writing requirements to ../../build/ros2_rpi_vision/ros2_rpi_vision.egg-info/requires.txt
[0.918s] writing top-level names to ../../build/ros2_rpi_vision/ros2_rpi_vision.egg-info/top_level.txt
[0.920s] reading manifest file '../../build/ros2_rpi_vision/ros2_rpi_vision.egg-info/SOURCES.txt'
[0.921s] writing manifest file '../../build/ros2_rpi_vision/ros2_rpi_vision.egg-info/SOURCES.txt'
[0.921s] running build
[0.921s] running build_py
[0.921s] running install
[0.922s] /usr/lib/python3/dist-packages/setuptools/command/install.py:34: SetuptoolsDeprecationWarning: setup.py install is deprecated. Use build and pip and other standards-based tools.
[0.922s]   warnings.warn(
[0.922s] running install_lib
[0.923s] running install_data
[0.924s] copying urdf/robot_core.xacro -> /home/jlukas/My_Project/ROS2/ros2_rpi_vision/install/ros2_rpi_vision/share/ros2_rpi_vision/urdf
[0.924s] running install_egg_info
[0.925s] removing '/home/jlukas/My_Project/ROS2/ros2_rpi_vision/install/ros2_rpi_vision/lib/python3.10/site-packages/ros2_rpi_vision-0.0.0-py3.10.egg-info' (and everything under it)
[0.926s] Copying ../../build/ros2_rpi_vision/ros2_rpi_vision.egg-info to /home/jlukas/My_Project/ROS2/ros2_rpi_vision/install/ros2_rpi_vision/lib/python3.10/site-packages/ros2_rpi_vision-0.0.0-py3.10.egg-info
[0.927s] running install_scripts
[0.950s] writing list of installed files to '/home/jlukas/My_Project/ROS2/ros2_rpi_vision/build/ros2_rpi_vision/install.log'
[0.975s] Invoked command in '/home/jlukas/My_Project/ROS2/ros2_rpi_vision/src/ros2_rpi_vision' returned '0': PYTHONPATH=/home/jlukas/My_Project/ROS2/ros2_rpi_vision/build/ros2_rpi_vision/prefix_override:/home/jlukas/My_Project/ROS2/ros2_rpi_vision/install/ros2_rpi_vision/lib/python3.10/site-packages:${PYTHONPATH} /usr/bin/python3 setup.py egg_info --egg-base ../../build/ros2_rpi_vision build --build-base /home/jlukas/My_Project/ROS2/ros2_rpi_vision/build/ros2_rpi_vision/build install --record /home/jlukas/My_Project/ROS2/ros2_rpi_vision/build/ros2_rpi_vision/install.log --single-version-externally-managed
