[1.594s] Invoking command in '/home/jlukas/Desktop/My_Project/ROS2/techdiffbot/build/rviz_plugin_tutorials': CMAKE_PREFIX_PATH=${CMAKE_PREFIX_PATH}:/home/jlukas/Desktop/My_Project/ROS2/techdiffbot/install/techdiffbot:/home/jlukas/Desktop/My_Project/ROS2/ros2_rpi_cv2/install/ros2_rpi_cv2:/home/jlukas/Desktop/My_Project/ROS2/rover/install/rover:/opt/ros/humble /usr/bin/cmake --build /home/jlukas/Desktop/My_Project/ROS2/techdiffbot/build/rviz_plugin_tutorials -- -j4 -l4
[2.353s] [ 12%] [34m[1mAutomatic MOC for target rviz_plugin_tutorials[0m
[2.606s] [ 12%] Built target rviz_plugin_tutorials_autogen
[2.935s] [100%] Built target rviz_plugin_tutorials
[3.041s] Invoked command in '/home/jlukas/Desktop/My_Project/ROS2/techdiffbot/build/rviz_plugin_tutorials' returned '0': CMAKE_PREFIX_PATH=${CMAKE_PREFIX_PATH}:/home/jlukas/Desktop/My_Project/ROS2/techdiffbot/install/techdiffbot:/home/jlukas/Desktop/My_Project/ROS2/ros2_rpi_cv2/install/ros2_rpi_cv2:/home/jlukas/Desktop/My_Project/ROS2/rover/install/rover:/opt/ros/humble /usr/bin/cmake --build /home/jlukas/Desktop/My_Project/ROS2/techdiffbot/build/rviz_plugin_tutorials -- -j4 -l4
[3.494s] Invoking command in '/home/jlukas/Desktop/My_Project/ROS2/techdiffbot/build/rviz_plugin_tutorials': CMAKE_PREFIX_PATH=${CMAKE_PREFIX_PATH}:/home/jlukas/Desktop/My_Project/ROS2/techdiffbot/install/techdiffbot:/home/jlukas/Desktop/My_Project/ROS2/ros2_rpi_cv2/install/ros2_rpi_cv2:/home/jlukas/Desktop/My_Project/ROS2/rover/install/rover:/opt/ros/humble /usr/bin/cmake --install /home/jlukas/Desktop/My_Project/ROS2/techdiffbot/build/rviz_plugin_tutorials
[3.536s] -- Install configuration: ""
[3.538s] -- Up-to-date: /home/jlukas/Desktop/My_Project/ROS2/techdiffbot/install/rviz_plugin_tutorials/share/rviz_plugin_tutorials/plugin_description.xml
[3.542s] -- Up-to-date: /home/jlukas/Desktop/My_Project/ROS2/techdiffbot/install/rviz_plugin_tutorials/lib/rviz_plugin_tutorials/librviz_plugin_tutorials.so
[3.544s] -- Up-to-date: /home/jlukas/Desktop/My_Project/ROS2/techdiffbot/install/rviz_plugin_tutorials/share/rviz_plugin_tutorials/media
[3.546s] -- Up-to-date: /home/jlukas/Desktop/My_Project/ROS2/techdiffbot/install/rviz_plugin_tutorials/share/rviz_plugin_tutorials/media/flag.dae
[3.548s] -- Up-to-date: /home/jlukas/Desktop/My_Project/ROS2/techdiffbot/install/rviz_plugin_tutorials/share/rviz_plugin_tutorials/icons
[3.548s] -- Up-to-date: /home/jlukas/Desktop/My_Project/ROS2/techdiffbot/install/rviz_plugin_tutorials/share/rviz_plugin_tutorials/icons/classes
[3.550s] -- Up-to-date: /home/jlukas/Desktop/My_Project/ROS2/techdiffbot/install/rviz_plugin_tutorials/share/rviz_plugin_tutorials/icons/classes/Imu.png
[3.551s] -- Up-to-date: /home/jlukas/Desktop/My_Project/ROS2/techdiffbot/install/rviz_plugin_tutorials/share/rviz_plugin_tutorials/icons/classes/Teleop.png
[3.553s] -- Up-to-date: /home/jlukas/Desktop/My_Project/ROS2/techdiffbot/install/rviz_plugin_tutorials/share/rviz_plugin_tutorials/icons/classes/PlantFlag.png
[3.554s] -- Up-to-date: /home/jlukas/Desktop/My_Project/ROS2/techdiffbot/install/rviz_plugin_tutorials/lib/rviz_plugin_tutorials/send_test_msgs.py
[3.555s] -- Up-to-date: /home/jlukas/Desktop/My_Project/ROS2/techdiffbot/install/rviz_plugin_tutorials/share/ament_index/resource_index/package_run_dependencies/rviz_plugin_tutorials
[3.556s] -- Up-to-date: /home/jlukas/Desktop/My_Project/ROS2/techdiffbot/install/rviz_plugin_tutorials/share/ament_index/resource_index/parent_prefix_path/rviz_plugin_tutorials
[3.556s] -- Up-to-date: /home/jlukas/Desktop/My_Project/ROS2/techdiffbot/install/rviz_plugin_tutorials/share/rviz_plugin_tutorials/environment/ament_prefix_path.sh
[3.557s] -- Up-to-date: /home/jlukas/Desktop/My_Project/ROS2/techdiffbot/install/rviz_plugin_tutorials/share/rviz_plugin_tutorials/environment/ament_prefix_path.dsv
[3.557s] -- Up-to-date: /home/jlukas/Desktop/My_Project/ROS2/techdiffbot/install/rviz_plugin_tutorials/share/rviz_plugin_tutorials/environment/path.sh
[3.558s] -- Up-to-date: /home/jlukas/Desktop/My_Project/ROS2/techdiffbot/install/rviz_plugin_tutorials/share/rviz_plugin_tutorials/environment/path.dsv
[3.559s] -- Up-to-date: /home/jlukas/Desktop/My_Project/ROS2/techdiffbot/install/rviz_plugin_tutorials/share/rviz_plugin_tutorials/local_setup.bash
[3.560s] -- Up-to-date: /home/jlukas/Desktop/My_Project/ROS2/techdiffbot/install/rviz_plugin_tutorials/share/rviz_plugin_tutorials/local_setup.sh
[3.561s] -- Up-to-date: /home/jlukas/Desktop/My_Project/ROS2/techdiffbot/install/rviz_plugin_tutorials/share/rviz_plugin_tutorials/local_setup.zsh
[3.562s] -- Up-to-date: /home/jlukas/Desktop/My_Project/ROS2/techdiffbot/install/rviz_plugin_tutorials/share/rviz_plugin_tutorials/local_setup.dsv
[3.562s] -- Installing: /home/jlukas/Desktop/My_Project/ROS2/techdiffbot/install/rviz_plugin_tutorials/share/rviz_plugin_tutorials/package.dsv
[3.563s] -- Up-to-date: /home/jlukas/Desktop/My_Project/ROS2/techdiffbot/install/rviz_plugin_tutorials/share/ament_index/resource_index/packages/rviz_plugin_tutorials
[3.565s] -- Up-to-date: /home/jlukas/Desktop/My_Project/ROS2/techdiffbot/install/rviz_plugin_tutorials/share/ament_index/resource_index/rviz_common__pluginlib__plugin/rviz_plugin_tutorials
[3.566s] -- Up-to-date: /home/jlukas/Desktop/My_Project/ROS2/techdiffbot/install/rviz_plugin_tutorials/share/rviz_plugin_tutorials/media
[3.567s] -- Up-to-date: /home/jlukas/Desktop/My_Project/ROS2/techdiffbot/install/rviz_plugin_tutorials/share/rviz_plugin_tutorials/media/flag.dae
[3.567s] -- Up-to-date: /home/jlukas/Desktop/My_Project/ROS2/techdiffbot/install/rviz_plugin_tutorials/share/ament_index/resource_index/rviz_ogre_media_exports/rviz_plugin_tutorials
[3.568s] -- Up-to-date: /home/jlukas/Desktop/My_Project/ROS2/techdiffbot/install/rviz_plugin_tutorials/share/rviz_plugin_tutorials/cmake/ament_cmake_export_dependencies-extras.cmake
[3.583s] -- Up-to-date: /home/jlukas/Desktop/My_Project/ROS2/techdiffbot/install/rviz_plugin_tutorials/share/rviz_plugin_tutorials/cmake/rviz_plugin_tutorialsConfig.cmake
[3.584s] -- Up-to-date: /home/jlukas/Desktop/My_Project/ROS2/techdiffbot/install/rviz_plugin_tutorials/share/rviz_plugin_tutorials/cmake/rviz_plugin_tutorialsConfig-version.cmake
[3.585s] -- Up-to-date: /home/jlukas/Desktop/My_Project/ROS2/techdiffbot/install/rviz_plugin_tutorials/share/rviz_plugin_tutorials/package.xml
[3.598s] Invoked command in '/home/jlukas/Desktop/My_Project/ROS2/techdiffbot/build/rviz_plugin_tutorials' returned '0': CMAKE_PREFIX_PATH=${CMAKE_PREFIX_PATH}:/home/jlukas/Desktop/My_Project/ROS2/techdiffbot/install/techdiffbot:/home/jlukas/Desktop/My_Project/ROS2/ros2_rpi_cv2/install/ros2_rpi_cv2:/home/jlukas/Desktop/My_Project/ROS2/rover/install/rover:/opt/ros/humble /usr/bin/cmake --install /home/jlukas/Desktop/My_Project/ROS2/techdiffbot/build/rviz_plugin_tutorials
