[7.981s] DEBUG:colcon:Command line arguments: ['/usr/bin/colcon', 'build']
[7.982s] DEBUG:colcon:Parsed command line arguments: Namespace(log_base=None, log_level=None, verb_name='build', build_base='build', install_base='install', merge_install=False, symlink_install=False, test_result_base=None, continue_on_error=False, executor='parallel', parallel_workers=6, event_handlers=None, ignore_user_meta=False, metas=['./colcon.meta'], base_paths=['.'], packages_ignore=None, packages_ignore_regex=None, paths=None, packages_up_to=None, packages_up_to_regex=None, packages_above=None, packages_above_and_dependencies=None, packages_above_depth=None, packages_select_by_dep=None, packages_skip_by_dep=None, packages_skip_up_to=None, packages_select_build_failed=False, packages_skip_build_finished=False, packages_select_test_failures=False, packages_skip_test_passed=False, packages_select=None, packages_skip=None, packages_select_regex=None, packages_skip_regex=None, packages_start=None, packages_end=None, allow_overriding=[], cmake_args=None, cmake_target=None, cmake_target_skip_unavailable=False, cmake_clean_cache=False, cmake_clean_first=False, cmake_force_configure=False, ament_cmake_args=None, catkin_cmake_args=None, catkin_skip_building_tests=False, verb_parser=<colcon_defaults.argument_parser.defaults.DefaultArgumentsDecorator object at 0x7f8d73e05e40>, verb_extension=<colcon_core.verb.build.BuildVerb object at 0x7f8d73e07640>, main=<bound method BuildVerb.main of <colcon_core.verb.build.BuildVerb object at 0x7f8d73e07640>>)
[8.329s] Level 1:colcon.colcon_core.package_discovery:discover_packages(colcon_meta) check parameters
[8.330s] Level 1:colcon.colcon_core.package_discovery:discover_packages(recursive) check parameters
[8.330s] Level 1:colcon.colcon_core.package_discovery:discover_packages(ignore) check parameters
[8.331s] Level 1:colcon.colcon_core.package_discovery:discover_packages(path) check parameters
[8.331s] Level 1:colcon.colcon_core.package_discovery:discover_packages(colcon_meta) discover
[8.332s] Level 1:colcon.colcon_core.package_discovery:discover_packages(recursive) discover
[8.332s] INFO:colcon.colcon_core.package_discovery:Crawling recursively for packages in '/home/jlukas/Desktop/My_Project/ROS2/ros2_differential_drive_robot'
[8.333s] Level 1:colcon.colcon_core.package_identification:_identify(.) by extensions ['ignore', 'ignore_ament_install']
[8.333s] Level 1:colcon.colcon_core.package_identification:_identify(.) by extension 'ignore'
[8.334s] Level 1:colcon.colcon_core.package_identification:_identify(.) by extension 'ignore_ament_install'
[8.335s] Level 1:colcon.colcon_core.package_identification:_identify(.) by extensions ['colcon_pkg']
[8.335s] Level 1:colcon.colcon_core.package_identification:_identify(.) by extension 'colcon_pkg'
[8.335s] Level 1:colcon.colcon_core.package_identification:_identify(.) by extensions ['colcon_meta']
[8.335s] Level 1:colcon.colcon_core.package_identification:_identify(.) by extension 'colcon_meta'
[8.336s] Level 1:colcon.colcon_core.package_identification:_identify(.) by extensions ['ros']
[8.336s] Level 1:colcon.colcon_core.package_identification:_identify(.) by extension 'ros'
[8.433s] Level 1:colcon.colcon_core.package_identification:_identify(.) by extensions ['cmake', 'python']
[8.433s] Level 1:colcon.colcon_core.package_identification:_identify(.) by extension 'cmake'
[8.434s] Level 1:colcon.colcon_core.package_identification:_identify(.) by extension 'python'
[8.434s] Level 1:colcon.colcon_core.package_identification:_identify(.) by extensions ['python_setup_py']
[8.434s] Level 1:colcon.colcon_core.package_identification:_identify(.) by extension 'python_setup_py'
[8.435s] Level 1:colcon.colcon_core.package_identification:_identify(build) by extensions ['ignore', 'ignore_ament_install']
[8.436s] Level 1:colcon.colcon_core.package_identification:_identify(build) by extension 'ignore'
[8.436s] Level 1:colcon.colcon_core.package_identification:_identify(build) ignored
[8.437s] Level 1:colcon.colcon_core.package_identification:_identify(install) by extensions ['ignore', 'ignore_ament_install']
[8.438s] Level 1:colcon.colcon_core.package_identification:_identify(install) by extension 'ignore'
[8.438s] Level 1:colcon.colcon_core.package_identification:_identify(install) ignored
[8.440s] Level 1:colcon.colcon_core.package_identification:_identify(log) by extensions ['ignore', 'ignore_ament_install']
[8.440s] Level 1:colcon.colcon_core.package_identification:_identify(log) by extension 'ignore'
[8.441s] Level 1:colcon.colcon_core.package_identification:_identify(log) ignored
[8.442s] Level 1:colcon.colcon_core.package_identification:_identify(src) by extensions ['ignore', 'ignore_ament_install']
[8.442s] Level 1:colcon.colcon_core.package_identification:_identify(src) by extension 'ignore'
[8.443s] Level 1:colcon.colcon_core.package_identification:_identify(src) by extension 'ignore_ament_install'
[8.443s] Level 1:colcon.colcon_core.package_identification:_identify(src) by extensions ['colcon_pkg']
[8.443s] Level 1:colcon.colcon_core.package_identification:_identify(src) by extension 'colcon_pkg'
[8.444s] Level 1:colcon.colcon_core.package_identification:_identify(src) by extensions ['colcon_meta']
[8.444s] Level 1:colcon.colcon_core.package_identification:_identify(src) by extension 'colcon_meta'
[8.445s] Level 1:colcon.colcon_core.package_identification:_identify(src) by extensions ['ros']
[8.445s] Level 1:colcon.colcon_core.package_identification:_identify(src) by extension 'ros'
[8.446s] Level 1:colcon.colcon_core.package_identification:_identify(src) by extensions ['cmake', 'python']
[8.446s] Level 1:colcon.colcon_core.package_identification:_identify(src) by extension 'cmake'
[8.446s] Level 1:colcon.colcon_core.package_identification:_identify(src) by extension 'python'
[8.447s] Level 1:colcon.colcon_core.package_identification:_identify(src) by extensions ['python_setup_py']
[8.447s] Level 1:colcon.colcon_core.package_identification:_identify(src) by extension 'python_setup_py'
[8.448s] Level 1:colcon.colcon_core.package_identification:_identify(src/ros2_differential_drive_robot) by extensions ['ignore', 'ignore_ament_install']
[8.449s] Level 1:colcon.colcon_core.package_identification:_identify(src/ros2_differential_drive_robot) by extension 'ignore'
[8.449s] Level 1:colcon.colcon_core.package_identification:_identify(src/ros2_differential_drive_robot) by extension 'ignore_ament_install'
[8.450s] Level 1:colcon.colcon_core.package_identification:_identify(src/ros2_differential_drive_robot) by extensions ['colcon_pkg']
[8.450s] Level 1:colcon.colcon_core.package_identification:_identify(src/ros2_differential_drive_robot) by extension 'colcon_pkg'
[8.451s] Level 1:colcon.colcon_core.package_identification:_identify(src/ros2_differential_drive_robot) by extensions ['colcon_meta']
[8.451s] Level 1:colcon.colcon_core.package_identification:_identify(src/ros2_differential_drive_robot) by extension 'colcon_meta'
[8.452s] Level 1:colcon.colcon_core.package_identification:_identify(src/ros2_differential_drive_robot) by extensions ['ros']
[8.452s] Level 1:colcon.colcon_core.package_identification:_identify(src/ros2_differential_drive_robot) by extension 'ros'
[8.467s] DEBUG:colcon.colcon_core.package_identification:Package 'src/ros2_differential_drive_robot' with type 'ros.ament_python' and name 'ros2_differential_drive_robot'
[8.467s] Level 1:colcon.colcon_core.package_discovery:discover_packages(recursive) using defaults
[8.467s] Level 1:colcon.colcon_core.package_discovery:discover_packages(ignore) discover
[8.468s] Level 1:colcon.colcon_core.package_discovery:discover_packages(ignore) using defaults
[8.468s] Level 1:colcon.colcon_core.package_discovery:discover_packages(path) discover
[8.468s] Level 1:colcon.colcon_core.package_discovery:discover_packages(path) using defaults
[9.173s] Level 1:colcon.colcon_core.package_discovery:discover_packages(prefix_path) check parameters
[9.174s] Level 1:colcon.colcon_core.package_discovery:discover_packages(prefix_path) discover
[9.391s] DEBUG:colcon.colcon_installed_package_information.package_discovery:Found 1 installed packages in /home/jlukas/Desktop/My_Project/ROS2/ros2_differential_drive_robot/install
[9.498s] DEBUG:colcon.colcon_installed_package_information.package_discovery:Found 281 installed packages in /opt/ros/humble
[9.502s] Level 1:colcon.colcon_core.package_discovery:discover_packages(prefix_path) using defaults
[10.091s] Level 5:colcon.colcon_core.verb:set package 'ros2_differential_drive_robot' build argument 'cmake_args' from command line to 'None'
[10.091s] Level 5:colcon.colcon_core.verb:set package 'ros2_differential_drive_robot' build argument 'cmake_target' from command line to 'None'
[10.091s] Level 5:colcon.colcon_core.verb:set package 'ros2_differential_drive_robot' build argument 'cmake_target_skip_unavailable' from command line to 'False'
[10.092s] Level 5:colcon.colcon_core.verb:set package 'ros2_differential_drive_robot' build argument 'cmake_clean_cache' from command line to 'False'
[10.092s] Level 5:colcon.colcon_core.verb:set package 'ros2_differential_drive_robot' build argument 'cmake_clean_first' from command line to 'False'
[10.092s] Level 5:colcon.colcon_core.verb:set package 'ros2_differential_drive_robot' build argument 'cmake_force_configure' from command line to 'False'
[10.093s] Level 5:colcon.colcon_core.verb:set package 'ros2_differential_drive_robot' build argument 'ament_cmake_args' from command line to 'None'
[10.093s] Level 5:colcon.colcon_core.verb:set package 'ros2_differential_drive_robot' build argument 'catkin_cmake_args' from command line to 'None'
[10.093s] Level 5:colcon.colcon_core.verb:set package 'ros2_differential_drive_robot' build argument 'catkin_skip_building_tests' from command line to 'False'
[10.093s] DEBUG:colcon.colcon_core.verb:Building package 'ros2_differential_drive_robot' with the following arguments: {'ament_cmake_args': None, 'build_base': '/home/jlukas/Desktop/My_Project/ROS2/ros2_differential_drive_robot/build/ros2_differential_drive_robot', 'catkin_cmake_args': None, 'catkin_skip_building_tests': False, 'cmake_args': None, 'cmake_clean_cache': False, 'cmake_clean_first': False, 'cmake_force_configure': False, 'cmake_target': None, 'cmake_target_skip_unavailable': False, 'install_base': '/home/jlukas/Desktop/My_Project/ROS2/ros2_differential_drive_robot/install/ros2_differential_drive_robot', 'merge_install': False, 'path': '/home/jlukas/Desktop/My_Project/ROS2/ros2_differential_drive_robot/src/ros2_differential_drive_robot', 'symlink_install': False, 'test_result_base': None}
[10.203s] INFO:colcon.colcon_core.executor:Executing jobs using 'parallel' executor
[10.317s] DEBUG:colcon.colcon_parallel_executor.executor.parallel:run_until_complete
[10.319s] INFO:colcon.colcon_ros.task.ament_python.build:Building ROS package in '/home/jlukas/Desktop/My_Project/ROS2/ros2_differential_drive_robot/src/ros2_differential_drive_robot' with build type 'ament_python'
[10.321s] Level 1:colcon.colcon_core.shell:create_environment_hook('ros2_differential_drive_robot', 'ament_prefix_path')
[10.449s] INFO:colcon.colcon_core.plugin_system:Skipping extension 'colcon_core.shell.bat': Not used on non-Windows systems
[10.450s] INFO:colcon.colcon_core.shell:Creating environment hook '/home/jlukas/Desktop/My_Project/ROS2/ros2_differential_drive_robot/install/ros2_differential_drive_robot/share/ros2_differential_drive_robot/hook/ament_prefix_path.ps1'
[10.455s] INFO:colcon.colcon_core.shell:Creating environment descriptor '/home/jlukas/Desktop/My_Project/ROS2/ros2_differential_drive_robot/install/ros2_differential_drive_robot/share/ros2_differential_drive_robot/hook/ament_prefix_path.dsv'
[10.462s] INFO:colcon.colcon_core.shell:Creating environment hook '/home/jlukas/Desktop/My_Project/ROS2/ros2_differential_drive_robot/install/ros2_differential_drive_robot/share/ros2_differential_drive_robot/hook/ament_prefix_path.sh'
[10.579s] INFO:colcon.colcon_core.shell:Skip shell extension 'powershell' for command environment: Not usable outside of PowerShell
[10.580s] DEBUG:colcon.colcon_core.shell:Skip shell extension 'dsv' for command environment
[12.701s] INFO:colcon.colcon_core.task.python.build:Building Python package in '/home/jlukas/Desktop/My_Project/ROS2/ros2_differential_drive_robot/src/ros2_differential_drive_robot'
[12.813s] INFO:colcon.colcon_core.shell:Skip shell extension 'powershell' for command environment: Not usable outside of PowerShell
[12.813s] DEBUG:colcon.colcon_core.shell:Skip shell extension 'dsv' for command environment
[15.420s] DEBUG:colcon.colcon_core.event_handler.log_command:Invoking command in '/home/jlukas/Desktop/My_Project/ROS2/ros2_differential_drive_robot/src/ros2_differential_drive_robot': PYTHONPATH=/home/jlukas/Desktop/My_Project/ROS2/ros2_differential_drive_robot/build/ros2_differential_drive_robot/prefix_override:/home/jlukas/Desktop/My_Project/ROS2/ros2_differential_drive_robot/install/ros2_differential_drive_robot/lib/python3.10/site-packages:${PYTHONPATH} /usr/bin/python3 setup.py egg_info --egg-base ../../build/ros2_differential_drive_robot build --build-base /home/jlukas/Desktop/My_Project/ROS2/ros2_differential_drive_robot/build/ros2_differential_drive_robot/build install --record /home/jlukas/Desktop/My_Project/ROS2/ros2_differential_drive_robot/build/ros2_differential_drive_robot/install.log --single-version-externally-managed
[17.298s] DEBUG:colcon.colcon_core.event_handler.log_command:Invoked command in '/home/jlukas/Desktop/My_Project/ROS2/ros2_differential_drive_robot/src/ros2_differential_drive_robot' returned '0': PYTHONPATH=/home/jlukas/Desktop/My_Project/ROS2/ros2_differential_drive_robot/build/ros2_differential_drive_robot/prefix_override:/home/jlukas/Desktop/My_Project/ROS2/ros2_differential_drive_robot/install/ros2_differential_drive_robot/lib/python3.10/site-packages:${PYTHONPATH} /usr/bin/python3 setup.py egg_info --egg-base ../../build/ros2_differential_drive_robot build --build-base /home/jlukas/Desktop/My_Project/ROS2/ros2_differential_drive_robot/build/ros2_differential_drive_robot/build install --record /home/jlukas/Desktop/My_Project/ROS2/ros2_differential_drive_robot/build/ros2_differential_drive_robot/install.log --single-version-externally-managed
[17.437s] Level 1:colcon.colcon_core.environment:checking '/home/jlukas/Desktop/My_Project/ROS2/ros2_differential_drive_robot/install/ros2_differential_drive_robot' for CMake module files
[17.441s] Level 1:colcon.colcon_core.environment:checking '/home/jlukas/Desktop/My_Project/ROS2/ros2_differential_drive_robot/install/ros2_differential_drive_robot' for CMake config files
[17.449s] Level 1:colcon.colcon_core.environment:checking '/home/jlukas/Desktop/My_Project/ROS2/ros2_differential_drive_robot/install/ros2_differential_drive_robot/lib'
[17.450s] Level 1:colcon.colcon_core.environment:checking '/home/jlukas/Desktop/My_Project/ROS2/ros2_differential_drive_robot/install/ros2_differential_drive_robot/bin'
[17.451s] Level 1:colcon.colcon_core.environment:checking '/home/jlukas/Desktop/My_Project/ROS2/ros2_differential_drive_robot/install/ros2_differential_drive_robot/lib/pkgconfig/ros2_differential_drive_robot.pc'
[17.452s] Level 1:colcon.colcon_core.environment:checking '/home/jlukas/Desktop/My_Project/ROS2/ros2_differential_drive_robot/install/ros2_differential_drive_robot/lib/python3.10/site-packages'
[17.452s] Level 1:colcon.colcon_core.shell:create_environment_hook('ros2_differential_drive_robot', 'pythonpath')
[17.572s] INFO:colcon.colcon_core.shell:Creating environment hook '/home/jlukas/Desktop/My_Project/ROS2/ros2_differential_drive_robot/install/ros2_differential_drive_robot/share/ros2_differential_drive_robot/hook/pythonpath.ps1'
[17.575s] INFO:colcon.colcon_core.shell:Creating environment descriptor '/home/jlukas/Desktop/My_Project/ROS2/ros2_differential_drive_robot/install/ros2_differential_drive_robot/share/ros2_differential_drive_robot/hook/pythonpath.dsv'
[17.577s] INFO:colcon.colcon_core.shell:Creating environment hook '/home/jlukas/Desktop/My_Project/ROS2/ros2_differential_drive_robot/install/ros2_differential_drive_robot/share/ros2_differential_drive_robot/hook/pythonpath.sh'
[17.581s] Level 1:colcon.colcon_core.environment:checking '/home/jlukas/Desktop/My_Project/ROS2/ros2_differential_drive_robot/install/ros2_differential_drive_robot/bin'
[17.582s] Level 1:colcon.colcon_core.environment:create_environment_scripts_only(ros2_differential_drive_robot)
[17.703s] INFO:colcon.colcon_core.shell:Creating package script '/home/jlukas/Desktop/My_Project/ROS2/ros2_differential_drive_robot/install/ros2_differential_drive_robot/share/ros2_differential_drive_robot/package.ps1'
[17.709s] INFO:colcon.colcon_core.shell:Creating package descriptor '/home/jlukas/Desktop/My_Project/ROS2/ros2_differential_drive_robot/install/ros2_differential_drive_robot/share/ros2_differential_drive_robot/package.dsv'
[17.715s] INFO:colcon.colcon_core.shell:Creating package script '/home/jlukas/Desktop/My_Project/ROS2/ros2_differential_drive_robot/install/ros2_differential_drive_robot/share/ros2_differential_drive_robot/package.sh'
[17.722s] INFO:colcon.colcon_core.shell:Creating package script '/home/jlukas/Desktop/My_Project/ROS2/ros2_differential_drive_robot/install/ros2_differential_drive_robot/share/ros2_differential_drive_robot/package.bash'
[17.730s] INFO:colcon.colcon_core.shell:Creating package script '/home/jlukas/Desktop/My_Project/ROS2/ros2_differential_drive_robot/install/ros2_differential_drive_robot/share/ros2_differential_drive_robot/package.zsh'
[17.736s] Level 1:colcon.colcon_core.environment:create_file_with_runtime_dependencies(/home/jlukas/Desktop/My_Project/ROS2/ros2_differential_drive_robot/install/ros2_differential_drive_robot/share/colcon-core/packages/ros2_differential_drive_robot)
[17.740s] DEBUG:colcon.colcon_parallel_executor.executor.parallel:closing loop
[17.745s] DEBUG:colcon.colcon_parallel_executor.executor.parallel:loop closed
[17.750s] DEBUG:colcon.colcon_parallel_executor.executor.parallel:run_until_complete finished with '0'
[17.750s] DEBUG:colcon.colcon_core.event_reactor:joining thread
[17.937s] INFO:colcon.colcon_core.plugin_system:Skipping extension 'colcon_notification.desktop_notification.terminal_notifier': Not used on non-Darwin systems
[17.938s] INFO:colcon.colcon_core.plugin_system:Skipping extension 'colcon_notification.desktop_notification.win32': Not used on non-Windows systems
[17.938s] INFO:colcon.colcon_notification.desktop_notification:Sending desktop notification using 'notify2'
[18.187s] DEBUG:colcon.colcon_core.event_reactor:joined thread
[18.306s] INFO:colcon.colcon_core.shell:Creating prefix script '/home/jlukas/Desktop/My_Project/ROS2/ros2_differential_drive_robot/install/local_setup.ps1'
[18.313s] INFO:colcon.colcon_core.shell:Creating prefix util module '/home/jlukas/Desktop/My_Project/ROS2/ros2_differential_drive_robot/install/_local_setup_util_ps1.py'
[18.319s] INFO:colcon.colcon_core.shell:Creating prefix chain script '/home/jlukas/Desktop/My_Project/ROS2/ros2_differential_drive_robot/install/setup.ps1'
[18.460s] INFO:colcon.colcon_core.shell:Creating prefix script '/home/jlukas/Desktop/My_Project/ROS2/ros2_differential_drive_robot/install/local_setup.sh'
[18.466s] INFO:colcon.colcon_core.shell:Creating prefix util module '/home/jlukas/Desktop/My_Project/ROS2/ros2_differential_drive_robot/install/_local_setup_util_sh.py'
[18.469s] INFO:colcon.colcon_core.shell:Creating prefix chain script '/home/jlukas/Desktop/My_Project/ROS2/ros2_differential_drive_robot/install/setup.sh'
[18.590s] INFO:colcon.colcon_core.shell:Creating prefix script '/home/jlukas/Desktop/My_Project/ROS2/ros2_differential_drive_robot/install/local_setup.bash'
[18.594s] INFO:colcon.colcon_core.shell:Creating prefix chain script '/home/jlukas/Desktop/My_Project/ROS2/ros2_differential_drive_robot/install/setup.bash'
[18.703s] INFO:colcon.colcon_core.shell:Creating prefix script '/home/jlukas/Desktop/My_Project/ROS2/ros2_differential_drive_robot/install/local_setup.zsh'
[18.709s] INFO:colcon.colcon_core.shell:Creating prefix chain script '/home/jlukas/Desktop/My_Project/ROS2/ros2_differential_drive_robot/install/setup.zsh'
