[0.782s] Invoking command in '/home/jlukas/Desktop/My_Project/arduinobot_ws/src/arduinobot_py_examples': PYTHONPATH=/home/jlukas/Desktop/My_Project/arduinobot_ws/build/arduinobot_py_examples/prefix_override:/home/jlukas/Desktop/My_Project/arduinobot_ws/install/arduinobot_py_examples/lib/python3.10/site-packages:${PYTHONPATH} /usr/bin/python3 setup.py egg_info --egg-base ../../build/arduinobot_py_examples build --build-base /home/jlukas/Desktop/My_Project/arduinobot_ws/build/arduinobot_py_examples/build install --record /home/jlukas/Desktop/My_Project/arduinobot_ws/build/arduinobot_py_examples/install.log --single-version-externally-managed
[1.093s] running egg_info
[1.094s] creating ../../build/arduinobot_py_examples/arduinobot_py_examples.egg-info
[1.094s] writing ../../build/arduinobot_py_examples/arduinobot_py_examples.egg-info/PKG-INFO
[1.095s] writing dependency_links to ../../build/arduinobot_py_examples/arduinobot_py_examples.egg-info/dependency_links.txt
[1.095s] writing entry points to ../../build/arduinobot_py_examples/arduinobot_py_examples.egg-info/entry_points.txt
[1.095s] writing requirements to ../../build/arduinobot_py_examples/arduinobot_py_examples.egg-info/requires.txt
[1.095s] writing top-level names to ../../build/arduinobot_py_examples/arduinobot_py_examples.egg-info/top_level.txt
[1.107s] writing manifest file '../../build/arduinobot_py_examples/arduinobot_py_examples.egg-info/SOURCES.txt'
[1.107s] reading manifest file '../../build/arduinobot_py_examples/arduinobot_py_examples.egg-info/SOURCES.txt'
[1.107s] /usr/lib/python3/dist-packages/setuptools/command/install.py:34: SetuptoolsDeprecationWarning: setup.py install is deprecated. Use build and pip and other standards-based tools.
[1.107s]   warnings.warn(
[1.113s] writing manifest file '../../build/arduinobot_py_examples/arduinobot_py_examples.egg-info/SOURCES.txt'
[1.113s] running build
[1.113s] running build_py
[1.113s] creating /home/jlukas/Desktop/My_Project/arduinobot_ws/build/arduinobot_py_examples/build
[1.114s] creating /home/jlukas/Desktop/My_Project/arduinobot_ws/build/arduinobot_py_examples/build/lib
[1.116s] creating /home/jlukas/Desktop/My_Project/arduinobot_ws/build/arduinobot_py_examples/build/lib/arduinobot_py_examples
[1.116s] copying arduinobot_py_examples/__init__.py -> /home/jlukas/Desktop/My_Project/arduinobot_ws/build/arduinobot_py_examples/build/lib/arduinobot_py_examples
[1.116s] running install
[1.117s] running install_lib
[1.117s] creating /home/jlukas/Desktop/My_Project/arduinobot_ws/install/arduinobot_py_examples/lib/python3.10/site-packages/arduinobot_py_examples
[1.117s] copying /home/jlukas/Desktop/My_Project/arduinobot_ws/build/arduinobot_py_examples/build/lib/arduinobot_py_examples/__init__.py -> /home/jlukas/Desktop/My_Project/arduinobot_ws/install/arduinobot_py_examples/lib/python3.10/site-packages/arduinobot_py_examples
[1.118s] byte-compiling /home/jlukas/Desktop/My_Project/arduinobot_ws/install/arduinobot_py_examples/lib/python3.10/site-packages/arduinobot_py_examples/__init__.py to __init__.cpython-310.pyc
[1.118s] running install_data
[1.118s] creating /home/jlukas/Desktop/My_Project/arduinobot_ws/install/arduinobot_py_examples/share/ament_index
[1.119s] creating /home/jlukas/Desktop/My_Project/arduinobot_ws/install/arduinobot_py_examples/share/ament_index/resource_index
[1.120s] creating /home/jlukas/Desktop/My_Project/arduinobot_ws/install/arduinobot_py_examples/share/ament_index/resource_index/packages
[1.120s] copying resource/arduinobot_py_examples -> /home/jlukas/Desktop/My_Project/arduinobot_ws/install/arduinobot_py_examples/share/ament_index/resource_index/packages
[1.120s] copying package.xml -> /home/jlukas/Desktop/My_Project/arduinobot_ws/install/arduinobot_py_examples/share/arduinobot_py_examples
[1.120s] running install_egg_info
[1.125s] Copying ../../build/arduinobot_py_examples/arduinobot_py_examples.egg-info to /home/jlukas/Desktop/My_Project/arduinobot_ws/install/arduinobot_py_examples/lib/python3.10/site-packages/arduinobot_py_examples-0.0.0-py3.10.egg-info
[1.125s] running install_scripts
[1.130s] writing list of installed files to '/home/jlukas/Desktop/My_Project/arduinobot_ws/build/arduinobot_py_examples/install.log'
[1.162s] Invoked command in '/home/jlukas/Desktop/My_Project/arduinobot_ws/src/arduinobot_py_examples' returned '0': PYTHONPATH=/home/jlukas/Desktop/My_Project/arduinobot_ws/build/arduinobot_py_examples/prefix_override:/home/jlukas/Desktop/My_Project/arduinobot_ws/install/arduinobot_py_examples/lib/python3.10/site-packages:${PYTHONPATH} /usr/bin/python3 setup.py egg_info --egg-base ../../build/arduinobot_py_examples build --build-base /home/jlukas/Desktop/My_Project/arduinobot_ws/build/arduinobot_py_examples/build install --record /home/jlukas/Desktop/My_Project/arduinobot_ws/build/arduinobot_py_examples/install.log --single-version-externally-managed
