[24.347s] DEBUG:colcon:Command line arguments: ['/usr/bin/colcon', 'build', '--symlink-install']
[24.348s] DEBUG:colcon:Parsed command line arguments: Namespace(log_base=None, log_level=None, verb_name='build', build_base='build', install_base='install', merge_install=False, symlink_install=True, test_result_base=None, continue_on_error=False, executor='parallel', parallel_workers=4, event_handlers=None, ignore_user_meta=False, metas=['./colcon.meta'], base_paths=['.'], packages_ignore=None, packages_ignore_regex=None, paths=None, packages_up_to=None, packages_up_to_regex=None, packages_above=None, packages_above_and_dependencies=None, packages_above_depth=None, packages_select_by_dep=None, packages_skip_by_dep=None, packages_skip_up_to=None, packages_select_build_failed=False, packages_skip_build_finished=False, packages_select_test_failures=False, packages_skip_test_passed=False, packages_select=None, packages_skip=None, packages_select_regex=None, packages_skip_regex=None, packages_start=None, packages_end=None, allow_overriding=[], cmake_args=None, cmake_target=None, cmake_target_skip_unavailable=False, cmake_clean_cache=False, cmake_clean_first=False, cmake_force_configure=False, ament_cmake_args=None, catkin_cmake_args=None, catkin_skip_building_tests=False, verb_parser=<colcon_defaults.argument_parser.defaults.DefaultArgumentsDecorator object at 0xffff9311dea0>, verb_extension=<colcon_core.verb.build.BuildVerb object at 0xffff9311c1c0>, main=<bound method BuildVerb.main of <colcon_core.verb.build.BuildVerb object at 0xffff9311c1c0>>)
[25.312s] Level 1:colcon.colcon_core.package_discovery:discover_packages(colcon_meta) check parameters
[25.313s] Level 1:colcon.colcon_core.package_discovery:discover_packages(recursive) check parameters
[25.315s] Level 1:colcon.colcon_core.package_discovery:discover_packages(ignore) check parameters
[25.316s] Level 1:colcon.colcon_core.package_discovery:discover_packages(path) check parameters
[25.316s] Level 1:colcon.colcon_core.package_discovery:discover_packages(colcon_meta) discover
[25.318s] Level 1:colcon.colcon_core.package_discovery:discover_packages(recursive) discover
[25.319s] INFO:colcon.colcon_core.package_discovery:Crawling recursively for packages in '/home/jlukas/ROS2/techdiffbot'
[25.320s] Level 1:colcon.colcon_core.package_identification:_identify(.) by extensions ['ignore', 'ignore_ament_install']
[25.322s] Level 1:colcon.colcon_core.package_identification:_identify(.) by extension 'ignore'
[25.323s] Level 1:colcon.colcon_core.package_identification:_identify(.) by extension 'ignore_ament_install'
[25.324s] Level 1:colcon.colcon_core.package_identification:_identify(.) by extensions ['colcon_pkg']
[25.325s] Level 1:colcon.colcon_core.package_identification:_identify(.) by extension 'colcon_pkg'
[25.326s] Level 1:colcon.colcon_core.package_identification:_identify(.) by extensions ['colcon_meta']
[25.327s] Level 1:colcon.colcon_core.package_identification:_identify(.) by extension 'colcon_meta'
[25.328s] Level 1:colcon.colcon_core.package_identification:_identify(.) by extensions ['ros']
[25.328s] Level 1:colcon.colcon_core.package_identification:_identify(.) by extension 'ros'
[25.601s] Level 1:colcon.colcon_core.package_identification:_identify(.) by extensions ['cmake', 'python']
[25.601s] Level 1:colcon.colcon_core.package_identification:_identify(.) by extension 'cmake'
[25.602s] Level 1:colcon.colcon_core.package_identification:_identify(.) by extension 'python'
[25.603s] Level 1:colcon.colcon_core.package_identification:_identify(.) by extensions ['python_setup_py']
[25.603s] Level 1:colcon.colcon_core.package_identification:_identify(.) by extension 'python_setup_py'
[25.605s] Level 1:colcon.colcon_core.package_identification:_identify(build) by extensions ['ignore', 'ignore_ament_install']
[25.606s] Level 1:colcon.colcon_core.package_identification:_identify(build) by extension 'ignore'
[25.607s] Level 1:colcon.colcon_core.package_identification:_identify(build) ignored
[25.609s] Level 1:colcon.colcon_core.package_identification:_identify(install) by extensions ['ignore', 'ignore_ament_install']
[25.610s] Level 1:colcon.colcon_core.package_identification:_identify(install) by extension 'ignore'
[25.611s] Level 1:colcon.colcon_core.package_identification:_identify(install) ignored
[25.613s] Level 1:colcon.colcon_core.package_identification:_identify(log) by extensions ['ignore', 'ignore_ament_install']
[25.615s] Level 1:colcon.colcon_core.package_identification:_identify(log) by extension 'ignore'
[25.615s] Level 1:colcon.colcon_core.package_identification:_identify(log) ignored
[25.617s] Level 1:colcon.colcon_core.package_identification:_identify(src) by extensions ['ignore', 'ignore_ament_install']
[25.619s] Level 1:colcon.colcon_core.package_identification:_identify(src) by extension 'ignore'
[25.620s] Level 1:colcon.colcon_core.package_identification:_identify(src) by extension 'ignore_ament_install'
[25.621s] Level 1:colcon.colcon_core.package_identification:_identify(src) by extensions ['colcon_pkg']
[25.622s] Level 1:colcon.colcon_core.package_identification:_identify(src) by extension 'colcon_pkg'
[25.623s] Level 1:colcon.colcon_core.package_identification:_identify(src) by extensions ['colcon_meta']
[25.623s] Level 1:colcon.colcon_core.package_identification:_identify(src) by extension 'colcon_meta'
[25.624s] Level 1:colcon.colcon_core.package_identification:_identify(src) by extensions ['ros']
[25.625s] Level 1:colcon.colcon_core.package_identification:_identify(src) by extension 'ros'
[25.626s] Level 1:colcon.colcon_core.package_identification:_identify(src) by extensions ['cmake', 'python']
[25.627s] Level 1:colcon.colcon_core.package_identification:_identify(src) by extension 'cmake'
[25.628s] Level 1:colcon.colcon_core.package_identification:_identify(src) by extension 'python'
[25.629s] Level 1:colcon.colcon_core.package_identification:_identify(src) by extensions ['python_setup_py']
[25.630s] Level 1:colcon.colcon_core.package_identification:_identify(src) by extension 'python_setup_py'
[25.632s] Level 1:colcon.colcon_core.package_identification:_identify(src/diffdrive_arduino) by extensions ['ignore', 'ignore_ament_install']
[25.634s] Level 1:colcon.colcon_core.package_identification:_identify(src/diffdrive_arduino) by extension 'ignore'
[25.635s] Level 1:colcon.colcon_core.package_identification:_identify(src/diffdrive_arduino) by extension 'ignore_ament_install'
[25.636s] Level 1:colcon.colcon_core.package_identification:_identify(src/diffdrive_arduino) by extensions ['colcon_pkg']
[25.637s] Level 1:colcon.colcon_core.package_identification:_identify(src/diffdrive_arduino) by extension 'colcon_pkg'
[25.638s] Level 1:colcon.colcon_core.package_identification:_identify(src/diffdrive_arduino) by extensions ['colcon_meta']
[25.638s] Level 1:colcon.colcon_core.package_identification:_identify(src/diffdrive_arduino) by extension 'colcon_meta'
[25.639s] Level 1:colcon.colcon_core.package_identification:_identify(src/diffdrive_arduino) by extensions ['ros']
[25.640s] Level 1:colcon.colcon_core.package_identification:_identify(src/diffdrive_arduino) by extension 'ros'
[25.749s] DEBUG:colcon.colcon_core.package_identification:Package 'src/diffdrive_arduino' with type 'ros.ament_cmake' and name 'diffdrive_arduino'
[25.752s] Level 1:colcon.colcon_core.package_identification:_identify(src/serial) by extensions ['ignore', 'ignore_ament_install']
[25.753s] Level 1:colcon.colcon_core.package_identification:_identify(src/serial) by extension 'ignore'
[25.754s] Level 1:colcon.colcon_core.package_identification:_identify(src/serial) by extension 'ignore_ament_install'
[25.756s] Level 1:colcon.colcon_core.package_identification:_identify(src/serial) by extensions ['colcon_pkg']
[25.757s] Level 1:colcon.colcon_core.package_identification:_identify(src/serial) by extension 'colcon_pkg'
[25.758s] Level 1:colcon.colcon_core.package_identification:_identify(src/serial) by extensions ['colcon_meta']
[25.759s] Level 1:colcon.colcon_core.package_identification:_identify(src/serial) by extension 'colcon_meta'
[25.760s] Level 1:colcon.colcon_core.package_identification:_identify(src/serial) by extensions ['ros']
[25.761s] Level 1:colcon.colcon_core.package_identification:_identify(src/serial) by extension 'ros'
[25.930s] DEBUG:colcon.colcon_core.package_identification:Package 'src/serial' with type 'ros.ament_cmake' and name 'serial'
[25.932s] Level 1:colcon.colcon_core.package_identification:_identify(src/techdiffbot) by extensions ['ignore', 'ignore_ament_install']
[25.934s] Level 1:colcon.colcon_core.package_identification:_identify(src/techdiffbot) by extension 'ignore'
[25.935s] Level 1:colcon.colcon_core.package_identification:_identify(src/techdiffbot) by extension 'ignore_ament_install'
[25.937s] Level 1:colcon.colcon_core.package_identification:_identify(src/techdiffbot) by extensions ['colcon_pkg']
[25.937s] Level 1:colcon.colcon_core.package_identification:_identify(src/techdiffbot) by extension 'colcon_pkg'
[25.938s] Level 1:colcon.colcon_core.package_identification:_identify(src/techdiffbot) by extensions ['colcon_meta']
[25.939s] Level 1:colcon.colcon_core.package_identification:_identify(src/techdiffbot) by extension 'colcon_meta'
[25.940s] Level 1:colcon.colcon_core.package_identification:_identify(src/techdiffbot) by extensions ['ros']
[25.940s] Level 1:colcon.colcon_core.package_identification:_identify(src/techdiffbot) by extension 'ros'
[25.948s] DEBUG:colcon.colcon_core.package_identification:Package 'src/techdiffbot' with type 'ros.ament_python' and name 'techdiffbot'
[25.948s] Level 1:colcon.colcon_core.package_discovery:discover_packages(recursive) using defaults
[25.949s] Level 1:colcon.colcon_core.package_discovery:discover_packages(ignore) discover
[25.950s] Level 1:colcon.colcon_core.package_discovery:discover_packages(ignore) using defaults
[25.950s] Level 1:colcon.colcon_core.package_discovery:discover_packages(path) discover
[25.951s] Level 1:colcon.colcon_core.package_discovery:discover_packages(path) using defaults
[27.691s] Level 1:colcon.colcon_core.package_discovery:discover_packages(prefix_path) check parameters
[27.693s] Level 1:colcon.colcon_core.package_discovery:discover_packages(prefix_path) discover
[28.318s] DEBUG:colcon.colcon_installed_package_information.package_discovery:Found 1 installed packages in /home/jlukas/ldlidar_ros2_ws/install
[28.594s] DEBUG:colcon.colcon_installed_package_information.package_discovery:Found 323 installed packages in /opt/ros/humble
[28.621s] Level 1:colcon.colcon_core.package_discovery:discover_packages(prefix_path) using defaults
[30.893s] Level 5:colcon.colcon_core.verb:set package 'diffdrive_arduino' build argument 'cmake_args' from command line to 'None'
[30.893s] Level 5:colcon.colcon_core.verb:set package 'diffdrive_arduino' build argument 'cmake_target' from command line to 'None'
[30.894s] Level 5:colcon.colcon_core.verb:set package 'diffdrive_arduino' build argument 'cmake_target_skip_unavailable' from command line to 'False'
[30.895s] Level 5:colcon.colcon_core.verb:set package 'diffdrive_arduino' build argument 'cmake_clean_cache' from command line to 'False'
[30.895s] Level 5:colcon.colcon_core.verb:set package 'diffdrive_arduino' build argument 'cmake_clean_first' from command line to 'False'
[30.895s] Level 5:colcon.colcon_core.verb:set package 'diffdrive_arduino' build argument 'cmake_force_configure' from command line to 'False'
[30.896s] Level 5:colcon.colcon_core.verb:set package 'diffdrive_arduino' build argument 'ament_cmake_args' from command line to 'None'
[30.896s] Level 5:colcon.colcon_core.verb:set package 'diffdrive_arduino' build argument 'catkin_cmake_args' from command line to 'None'
[30.897s] Level 5:colcon.colcon_core.verb:set package 'diffdrive_arduino' build argument 'catkin_skip_building_tests' from command line to 'False'
[30.897s] DEBUG:colcon.colcon_core.verb:Building package 'diffdrive_arduino' with the following arguments: {'ament_cmake_args': None, 'build_base': '/home/jlukas/ROS2/techdiffbot/build/diffdrive_arduino', 'catkin_cmake_args': None, 'catkin_skip_building_tests': False, 'cmake_args': None, 'cmake_clean_cache': False, 'cmake_clean_first': False, 'cmake_force_configure': False, 'cmake_target': None, 'cmake_target_skip_unavailable': False, 'install_base': '/home/jlukas/ROS2/techdiffbot/install/diffdrive_arduino', 'merge_install': False, 'path': '/home/jlukas/ROS2/techdiffbot/src/diffdrive_arduino', 'symlink_install': True, 'test_result_base': None}
[31.142s] Level 5:colcon.colcon_core.verb:set package 'serial' build argument 'cmake_args' from command line to 'None'
[31.143s] Level 5:colcon.colcon_core.verb:set package 'serial' build argument 'cmake_target' from command line to 'None'
[31.144s] Level 5:colcon.colcon_core.verb:set package 'serial' build argument 'cmake_target_skip_unavailable' from command line to 'False'
[31.144s] Level 5:colcon.colcon_core.verb:set package 'serial' build argument 'cmake_clean_cache' from command line to 'False'
[31.145s] Level 5:colcon.colcon_core.verb:set package 'serial' build argument 'cmake_clean_first' from command line to 'False'
[31.145s] Level 5:colcon.colcon_core.verb:set package 'serial' build argument 'cmake_force_configure' from command line to 'False'
[31.146s] Level 5:colcon.colcon_core.verb:set package 'serial' build argument 'ament_cmake_args' from command line to 'None'
[31.146s] Level 5:colcon.colcon_core.verb:set package 'serial' build argument 'catkin_cmake_args' from command line to 'None'
[31.146s] Level 5:colcon.colcon_core.verb:set package 'serial' build argument 'catkin_skip_building_tests' from command line to 'False'
[31.147s] DEBUG:colcon.colcon_core.verb:Building package 'serial' with the following arguments: {'ament_cmake_args': None, 'build_base': '/home/jlukas/ROS2/techdiffbot/build/serial', 'catkin_cmake_args': None, 'catkin_skip_building_tests': False, 'cmake_args': None, 'cmake_clean_cache': False, 'cmake_clean_first': False, 'cmake_force_configure': False, 'cmake_target': None, 'cmake_target_skip_unavailable': False, 'install_base': '/home/jlukas/ROS2/techdiffbot/install/serial', 'merge_install': False, 'path': '/home/jlukas/ROS2/techdiffbot/src/serial', 'symlink_install': True, 'test_result_base': None}
[31.387s] Level 5:colcon.colcon_core.verb:set package 'techdiffbot' build argument 'cmake_args' from command line to 'None'
[31.388s] Level 5:colcon.colcon_core.verb:set package 'techdiffbot' build argument 'cmake_target' from command line to 'None'
[31.389s] Level 5:colcon.colcon_core.verb:set package 'techdiffbot' build argument 'cmake_target_skip_unavailable' from command line to 'False'
[31.389s] Level 5:colcon.colcon_core.verb:set package 'techdiffbot' build argument 'cmake_clean_cache' from command line to 'False'
[31.390s] Level 5:colcon.colcon_core.verb:set package 'techdiffbot' build argument 'cmake_clean_first' from command line to 'False'
[31.390s] Level 5:colcon.colcon_core.verb:set package 'techdiffbot' build argument 'cmake_force_configure' from command line to 'False'
[31.391s] Level 5:colcon.colcon_core.verb:set package 'techdiffbot' build argument 'ament_cmake_args' from command line to 'None'
[31.391s] Level 5:colcon.colcon_core.verb:set package 'techdiffbot' build argument 'catkin_cmake_args' from command line to 'None'
[31.392s] Level 5:colcon.colcon_core.verb:set package 'techdiffbot' build argument 'catkin_skip_building_tests' from command line to 'False'
[31.392s] DEBUG:colcon.colcon_core.verb:Building package 'techdiffbot' with the following arguments: {'ament_cmake_args': None, 'build_base': '/home/jlukas/ROS2/techdiffbot/build/techdiffbot', 'catkin_cmake_args': None, 'catkin_skip_building_tests': False, 'cmake_args': None, 'cmake_clean_cache': False, 'cmake_clean_first': False, 'cmake_force_configure': False, 'cmake_target': None, 'cmake_target_skip_unavailable': False, 'install_base': '/home/jlukas/ROS2/techdiffbot/install/techdiffbot', 'merge_install': False, 'path': '/home/jlukas/ROS2/techdiffbot/src/techdiffbot', 'symlink_install': True, 'test_result_base': None}
[31.645s] INFO:colcon.colcon_core.executor:Executing jobs using 'parallel' executor
[31.898s] DEBUG:colcon.colcon_parallel_executor.executor.parallel:run_until_complete
[31.902s] INFO:colcon.colcon_ros.task.ament_cmake.build:Building ROS package in '/home/jlukas/ROS2/techdiffbot/src/diffdrive_arduino' with build type 'ament_cmake'
[31.904s] INFO:colcon.colcon_cmake.task.cmake.build:Building CMake package in '/home/jlukas/ROS2/techdiffbot/src/diffdrive_arduino'
[32.218s] INFO:colcon.colcon_core.plugin_system:Skipping extension 'colcon_core.shell.bat': Not used on non-Windows systems
[32.220s] INFO:colcon.colcon_core.shell:Skip shell extension 'powershell' for command environment: Not usable outside of PowerShell
[32.221s] DEBUG:colcon.colcon_core.shell:Skip shell extension 'dsv' for command environment
[33.102s] INFO:colcon.colcon_ros.task.ament_cmake.build:Building ROS package in '/home/jlukas/ROS2/techdiffbot/src/serial' with build type 'ament_cmake'
[33.103s] INFO:colcon.colcon_cmake.task.cmake.build:Building CMake package in '/home/jlukas/ROS2/techdiffbot/src/serial'
[33.495s] INFO:colcon.colcon_core.shell:Skip shell extension 'powershell' for command environment: Not usable outside of PowerShell
[33.496s] DEBUG:colcon.colcon_core.shell:Skip shell extension 'dsv' for command environment
[34.405s] INFO:colcon.colcon_ros.task.ament_python.build:Building ROS package in '/home/jlukas/ROS2/techdiffbot/src/techdiffbot' with build type 'ament_python'
[34.412s] Level 1:colcon.colcon_core.shell:create_environment_hook('techdiffbot', 'ament_prefix_path')
[34.670s] INFO:colcon.colcon_core.shell:Creating environment hook '/home/jlukas/ROS2/techdiffbot/install/techdiffbot/share/techdiffbot/hook/ament_prefix_path.ps1'
[34.680s] INFO:colcon.colcon_core.shell:Creating environment descriptor '/home/jlukas/ROS2/techdiffbot/install/techdiffbot/share/techdiffbot/hook/ament_prefix_path.dsv'
[34.692s] INFO:colcon.colcon_core.shell:Creating environment hook '/home/jlukas/ROS2/techdiffbot/install/techdiffbot/share/techdiffbot/hook/ament_prefix_path.sh'
[34.960s] INFO:colcon.colcon_core.shell:Skip shell extension 'powershell' for command environment: Not usable outside of PowerShell
[34.961s] DEBUG:colcon.colcon_core.shell:Skip shell extension 'dsv' for command environment
[35.844s] DEBUG:colcon.colcon_core.event_handler.log_command:Invoking command in '/home/jlukas/ROS2/techdiffbot/build/diffdrive_arduino': CMAKE_PREFIX_PATH=${CMAKE_PREFIX_PATH}:/opt/ros/humble /usr/bin/cmake --build /home/jlukas/ROS2/techdiffbot/build/diffdrive_arduino -- -j4 -l4
[35.955s] DEBUG:colcon.colcon_core.event_handler.log_command:Invoking command in '/home/jlukas/ROS2/techdiffbot/build/serial': CMAKE_PREFIX_PATH=${CMAKE_PREFIX_PATH}:/opt/ros/humble /usr/bin/cmake --build /home/jlukas/ROS2/techdiffbot/build/serial -- -j4 -l4
[56.869s] INFO:colcon.colcon_core.task.python.build:Building Python package in '/home/jlukas/ROS2/techdiffbot/src/techdiffbot'
[79.480s] INFO:colcon.colcon_core.shell:Skip shell extension 'powershell' for command environment: Not usable outside of PowerShell
[79.484s] DEBUG:colcon.colcon_core.shell:Skip shell extension 'dsv' for command environment
[82.327s] DEBUG:colcon.colcon_core.event_handler.log_command:Invoked command in '/home/jlukas/ROS2/techdiffbot/build/serial' returned '0': CMAKE_PREFIX_PATH=${CMAKE_PREFIX_PATH}:/opt/ros/humble /usr/bin/cmake --build /home/jlukas/ROS2/techdiffbot/build/serial -- -j4 -l4
[85.269s] DEBUG:colcon.colcon_core.event_handler.log_command:Invoking command in '/home/jlukas/ROS2/techdiffbot/build/serial': CMAKE_PREFIX_PATH=${CMAKE_PREFIX_PATH}:/opt/ros/humble /usr/bin/cmake --install /home/jlukas/ROS2/techdiffbot/build/serial
[85.860s] Level 1:colcon.colcon_core.environment:create_environment_scripts_only(serial)
[85.883s] DEBUG:colcon.colcon_core.event_handler.log_command:Invoked command in '/home/jlukas/ROS2/techdiffbot/build/serial' returned '0': CMAKE_PREFIX_PATH=${CMAKE_PREFIX_PATH}:/opt/ros/humble /usr/bin/cmake --install /home/jlukas/ROS2/techdiffbot/build/serial
[86.718s] Level 1:colcon.colcon_core.environment:checking '/home/jlukas/ROS2/techdiffbot/install/serial' for CMake module files
[86.730s] Level 1:colcon.colcon_core.environment:checking '/home/jlukas/ROS2/techdiffbot/install/serial' for CMake config files
[86.744s] Level 1:colcon.colcon_core.shell:create_environment_hook('serial', 'cmake_prefix_path')
[87.057s] INFO:colcon.colcon_core.shell:Creating environment hook '/home/jlukas/ROS2/techdiffbot/install/serial/share/serial/hook/cmake_prefix_path.ps1'
[87.083s] INFO:colcon.colcon_core.shell:Creating environment descriptor '/home/jlukas/ROS2/techdiffbot/install/serial/share/serial/hook/cmake_prefix_path.dsv'
[87.099s] INFO:colcon.colcon_core.shell:Creating environment hook '/home/jlukas/ROS2/techdiffbot/install/serial/share/serial/hook/cmake_prefix_path.sh'
[87.116s] Level 1:colcon.colcon_core.environment:checking '/home/jlukas/ROS2/techdiffbot/install/serial/lib'
[87.118s] Level 1:colcon.colcon_core.environment:checking '/home/jlukas/ROS2/techdiffbot/install/serial/bin'
[87.120s] Level 1:colcon.colcon_core.environment:checking '/home/jlukas/ROS2/techdiffbot/install/serial/lib/pkgconfig/serial.pc'
[87.130s] Level 1:colcon.colcon_core.environment:checking '/home/jlukas/ROS2/techdiffbot/install/serial/lib/python3.10/site-packages'
[87.134s] Level 1:colcon.colcon_core.environment:checking '/home/jlukas/ROS2/techdiffbot/install/serial/bin'
[87.397s] INFO:colcon.colcon_core.shell:Creating package script '/home/jlukas/ROS2/techdiffbot/install/serial/share/serial/package.ps1'
[87.415s] INFO:colcon.colcon_core.shell:Creating package descriptor '/home/jlukas/ROS2/techdiffbot/install/serial/share/serial/package.dsv'
[87.434s] INFO:colcon.colcon_core.shell:Creating package script '/home/jlukas/ROS2/techdiffbot/install/serial/share/serial/package.sh'
[87.449s] INFO:colcon.colcon_core.shell:Creating package script '/home/jlukas/ROS2/techdiffbot/install/serial/share/serial/package.bash'
[87.472s] INFO:colcon.colcon_core.shell:Creating package script '/home/jlukas/ROS2/techdiffbot/install/serial/share/serial/package.zsh'
[87.494s] Level 1:colcon.colcon_core.environment:create_file_with_runtime_dependencies(/home/jlukas/ROS2/techdiffbot/install/serial/share/colcon-core/packages/serial)
[87.544s] DEBUG:colcon.colcon_core.event_handler.log_command:Invoked command in '/home/jlukas/ROS2/techdiffbot/build/diffdrive_arduino' returned '0': CMAKE_PREFIX_PATH=${CMAKE_PREFIX_PATH}:/opt/ros/humble /usr/bin/cmake --build /home/jlukas/ROS2/techdiffbot/build/diffdrive_arduino -- -j4 -l4
[87.941s] DEBUG:colcon.colcon_core.event_handler.log_command:Invoking command in '/home/jlukas/ROS2/techdiffbot/build/diffdrive_arduino': CMAKE_PREFIX_PATH=${CMAKE_PREFIX_PATH}:/opt/ros/humble /usr/bin/cmake --install /home/jlukas/ROS2/techdiffbot/build/diffdrive_arduino
[88.328s] Level 1:colcon.colcon_core.environment:create_environment_scripts_only(serial)
[88.636s] Level 1:colcon.colcon_core.environment:checking '/home/jlukas/ROS2/techdiffbot/install/serial' for CMake module files
[88.654s] Level 1:colcon.colcon_core.environment:checking '/home/jlukas/ROS2/techdiffbot/install/serial' for CMake config files
[88.667s] Level 1:colcon.colcon_core.shell:create_environment_hook('serial', 'cmake_prefix_path')
[88.913s] INFO:colcon.colcon_core.shell:Creating environment hook '/home/jlukas/ROS2/techdiffbot/install/serial/share/serial/hook/cmake_prefix_path.ps1'
[88.922s] INFO:colcon.colcon_core.shell:Creating environment descriptor '/home/jlukas/ROS2/techdiffbot/install/serial/share/serial/hook/cmake_prefix_path.dsv'
[88.927s] INFO:colcon.colcon_core.shell:Creating environment hook '/home/jlukas/ROS2/techdiffbot/install/serial/share/serial/hook/cmake_prefix_path.sh'
[88.933s] Level 1:colcon.colcon_core.environment:checking '/home/jlukas/ROS2/techdiffbot/install/serial/lib'
[88.935s] Level 1:colcon.colcon_core.environment:checking '/home/jlukas/ROS2/techdiffbot/install/serial/bin'
[88.936s] Level 1:colcon.colcon_core.environment:checking '/home/jlukas/ROS2/techdiffbot/install/serial/lib/pkgconfig/serial.pc'
[89.007s] Level 1:colcon.colcon_core.environment:checking '/home/jlukas/ROS2/techdiffbot/install/serial/lib/python3.10/site-packages'
[89.014s] Level 1:colcon.colcon_core.environment:checking '/home/jlukas/ROS2/techdiffbot/install/serial/bin'
[89.306s] INFO:colcon.colcon_core.shell:Creating package script '/home/jlukas/ROS2/techdiffbot/install/serial/share/serial/package.ps1'
[89.313s] INFO:colcon.colcon_core.shell:Creating package descriptor '/home/jlukas/ROS2/techdiffbot/install/serial/share/serial/package.dsv'
[89.320s] INFO:colcon.colcon_core.shell:Creating package script '/home/jlukas/ROS2/techdiffbot/install/serial/share/serial/package.sh'
[89.328s] INFO:colcon.colcon_core.shell:Creating package script '/home/jlukas/ROS2/techdiffbot/install/serial/share/serial/package.bash'
[89.341s] INFO:colcon.colcon_core.shell:Creating package script '/home/jlukas/ROS2/techdiffbot/install/serial/share/serial/package.zsh'
[89.347s] Level 1:colcon.colcon_core.environment:create_file_with_runtime_dependencies(/home/jlukas/ROS2/techdiffbot/install/serial/share/colcon-core/packages/serial)
[89.425s] Level 1:colcon.colcon_core.environment:create_environment_scripts_only(diffdrive_arduino)
[89.444s] DEBUG:colcon.colcon_core.event_handler.log_command:Invoked command in '/home/jlukas/ROS2/techdiffbot/build/diffdrive_arduino' returned '0': CMAKE_PREFIX_PATH=${CMAKE_PREFIX_PATH}:/opt/ros/humble /usr/bin/cmake --install /home/jlukas/ROS2/techdiffbot/build/diffdrive_arduino
[89.683s] Level 1:colcon.colcon_core.environment:checking '/home/jlukas/ROS2/techdiffbot/install/diffdrive_arduino' for CMake module files
[89.699s] Level 1:colcon.colcon_core.environment:checking '/home/jlukas/ROS2/techdiffbot/install/diffdrive_arduino' for CMake config files
[89.730s] Level 1:colcon.colcon_core.shell:create_environment_hook('diffdrive_arduino', 'cmake_prefix_path')
[89.969s] INFO:colcon.colcon_core.shell:Creating environment hook '/home/jlukas/ROS2/techdiffbot/install/diffdrive_arduino/share/diffdrive_arduino/hook/cmake_prefix_path.ps1'
[89.979s] INFO:colcon.colcon_core.shell:Creating environment descriptor '/home/jlukas/ROS2/techdiffbot/install/diffdrive_arduino/share/diffdrive_arduino/hook/cmake_prefix_path.dsv'
[89.995s] INFO:colcon.colcon_core.shell:Creating environment hook '/home/jlukas/ROS2/techdiffbot/install/diffdrive_arduino/share/diffdrive_arduino/hook/cmake_prefix_path.sh'
[90.004s] Level 1:colcon.colcon_core.environment:checking '/home/jlukas/ROS2/techdiffbot/install/diffdrive_arduino/lib'
[90.006s] Level 1:colcon.colcon_core.shell:create_environment_hook('diffdrive_arduino', 'ld_library_path_lib')
[90.278s] INFO:colcon.colcon_core.shell:Creating environment hook '/home/jlukas/ROS2/techdiffbot/install/diffdrive_arduino/share/diffdrive_arduino/hook/ld_library_path_lib.ps1'
[90.287s] INFO:colcon.colcon_core.shell:Creating environment descriptor '/home/jlukas/ROS2/techdiffbot/install/diffdrive_arduino/share/diffdrive_arduino/hook/ld_library_path_lib.dsv'
[90.292s] INFO:colcon.colcon_core.shell:Creating environment hook '/home/jlukas/ROS2/techdiffbot/install/diffdrive_arduino/share/diffdrive_arduino/hook/ld_library_path_lib.sh'
[90.297s] Level 1:colcon.colcon_core.environment:checking '/home/jlukas/ROS2/techdiffbot/install/diffdrive_arduino/bin'
[90.480s] Level 1:colcon.colcon_core.environment:checking '/home/jlukas/ROS2/techdiffbot/install/diffdrive_arduino/lib/pkgconfig/diffdrive_arduino.pc'
[90.492s] Level 1:colcon.colcon_core.environment:checking '/home/jlukas/ROS2/techdiffbot/install/diffdrive_arduino/lib/python3.10/site-packages'
[90.497s] Level 1:colcon.colcon_core.environment:checking '/home/jlukas/ROS2/techdiffbot/install/diffdrive_arduino/bin'
[91.026s] INFO:colcon.colcon_core.shell:Creating package script '/home/jlukas/ROS2/techdiffbot/install/diffdrive_arduino/share/diffdrive_arduino/package.ps1'
[91.032s] INFO:colcon.colcon_core.shell:Creating package descriptor '/home/jlukas/ROS2/techdiffbot/install/diffdrive_arduino/share/diffdrive_arduino/package.dsv'
[91.039s] INFO:colcon.colcon_core.shell:Creating package script '/home/jlukas/ROS2/techdiffbot/install/diffdrive_arduino/share/diffdrive_arduino/package.sh'
[91.044s] INFO:colcon.colcon_core.shell:Creating package script '/home/jlukas/ROS2/techdiffbot/install/diffdrive_arduino/share/diffdrive_arduino/package.bash'
[91.048s] INFO:colcon.colcon_core.shell:Creating package script '/home/jlukas/ROS2/techdiffbot/install/diffdrive_arduino/share/diffdrive_arduino/package.zsh'
[91.053s] Level 1:colcon.colcon_core.environment:create_file_with_runtime_dependencies(/home/jlukas/ROS2/techdiffbot/install/diffdrive_arduino/share/colcon-core/packages/diffdrive_arduino)
[91.728s] Level 1:colcon.colcon_core.environment:create_environment_scripts_only(diffdrive_arduino)
[92.015s] Level 1:colcon.colcon_core.environment:checking '/home/jlukas/ROS2/techdiffbot/install/diffdrive_arduino' for CMake module files
[92.026s] Level 1:colcon.colcon_core.environment:checking '/home/jlukas/ROS2/techdiffbot/install/diffdrive_arduino' for CMake config files
[92.035s] Level 1:colcon.colcon_core.shell:create_environment_hook('diffdrive_arduino', 'cmake_prefix_path')
[92.339s] INFO:colcon.colcon_core.shell:Creating environment hook '/home/jlukas/ROS2/techdiffbot/install/diffdrive_arduino/share/diffdrive_arduino/hook/cmake_prefix_path.ps1'
[92.348s] INFO:colcon.colcon_core.shell:Creating environment descriptor '/home/jlukas/ROS2/techdiffbot/install/diffdrive_arduino/share/diffdrive_arduino/hook/cmake_prefix_path.dsv'
[92.357s] INFO:colcon.colcon_core.shell:Creating environment hook '/home/jlukas/ROS2/techdiffbot/install/diffdrive_arduino/share/diffdrive_arduino/hook/cmake_prefix_path.sh'
[92.368s] Level 1:colcon.colcon_core.environment:checking '/home/jlukas/ROS2/techdiffbot/install/diffdrive_arduino/lib'
[92.370s] Level 1:colcon.colcon_core.shell:create_environment_hook('diffdrive_arduino', 'ld_library_path_lib')
[92.629s] INFO:colcon.colcon_core.shell:Creating environment hook '/home/jlukas/ROS2/techdiffbot/install/diffdrive_arduino/share/diffdrive_arduino/hook/ld_library_path_lib.ps1'
[92.634s] INFO:colcon.colcon_core.shell:Creating environment descriptor '/home/jlukas/ROS2/techdiffbot/install/diffdrive_arduino/share/diffdrive_arduino/hook/ld_library_path_lib.dsv'
[92.639s] INFO:colcon.colcon_core.shell:Creating environment hook '/home/jlukas/ROS2/techdiffbot/install/diffdrive_arduino/share/diffdrive_arduino/hook/ld_library_path_lib.sh'
[92.644s] Level 1:colcon.colcon_core.environment:checking '/home/jlukas/ROS2/techdiffbot/install/diffdrive_arduino/bin'
[92.646s] Level 1:colcon.colcon_core.environment:checking '/home/jlukas/ROS2/techdiffbot/install/diffdrive_arduino/lib/pkgconfig/diffdrive_arduino.pc'
[92.649s] Level 1:colcon.colcon_core.environment:checking '/home/jlukas/ROS2/techdiffbot/install/diffdrive_arduino/lib/python3.10/site-packages'
[92.653s] Level 1:colcon.colcon_core.environment:checking '/home/jlukas/ROS2/techdiffbot/install/diffdrive_arduino/bin'
[92.914s] INFO:colcon.colcon_core.shell:Creating package script '/home/jlukas/ROS2/techdiffbot/install/diffdrive_arduino/share/diffdrive_arduino/package.ps1'
[92.923s] INFO:colcon.colcon_core.shell:Creating package descriptor '/home/jlukas/ROS2/techdiffbot/install/diffdrive_arduino/share/diffdrive_arduino/package.dsv'
[92.934s] INFO:colcon.colcon_core.shell:Creating package script '/home/jlukas/ROS2/techdiffbot/install/diffdrive_arduino/share/diffdrive_arduino/package.sh'
[92.941s] INFO:colcon.colcon_core.shell:Creating package script '/home/jlukas/ROS2/techdiffbot/install/diffdrive_arduino/share/diffdrive_arduino/package.bash'
[92.948s] INFO:colcon.colcon_core.shell:Creating package script '/home/jlukas/ROS2/techdiffbot/install/diffdrive_arduino/share/diffdrive_arduino/package.zsh'
[92.954s] Level 1:colcon.colcon_core.environment:create_file_with_runtime_dependencies(/home/jlukas/ROS2/techdiffbot/install/diffdrive_arduino/share/colcon-core/packages/diffdrive_arduino)
[99.049s] DEBUG:colcon.colcon_core.event_handler.log_command:Invoking command in '/home/jlukas/ROS2/techdiffbot/build/techdiffbot': PYTHONPATH=/home/jlukas/ROS2/techdiffbot/build/techdiffbot/prefix_override:/home/jlukas/ROS2/techdiffbot/install/techdiffbot/lib/python3.10/site-packages:${PYTHONPATH} /usr/bin/python3 setup.py develop --editable --build-directory /home/jlukas/ROS2/techdiffbot/build/techdiffbot/build --no-deps install_data
[113.455s] Level 1:colcon.colcon_core.shell:create_environment_hook('techdiffbot', 'pythonpath_develop')
[113.481s] DEBUG:colcon.colcon_core.event_handler.log_command:Invoked command in '/home/jlukas/ROS2/techdiffbot/build/techdiffbot' returned '0': PYTHONPATH=/home/jlukas/ROS2/techdiffbot/build/techdiffbot/prefix_override:/home/jlukas/ROS2/techdiffbot/install/techdiffbot/lib/python3.10/site-packages:${PYTHONPATH} /usr/bin/python3 setup.py develop --editable --build-directory /home/jlukas/ROS2/techdiffbot/build/techdiffbot/build --no-deps install_data
[114.349s] INFO:colcon.colcon_core.shell:Creating environment hook '/home/jlukas/ROS2/techdiffbot/build/techdiffbot/share/techdiffbot/hook/pythonpath_develop.ps1'
[114.393s] INFO:colcon.colcon_core.shell:Creating environment descriptor '/home/jlukas/ROS2/techdiffbot/build/techdiffbot/share/techdiffbot/hook/pythonpath_develop.dsv'
[114.445s] INFO:colcon.colcon_core.shell:Creating environment hook '/home/jlukas/ROS2/techdiffbot/build/techdiffbot/share/techdiffbot/hook/pythonpath_develop.sh'
[114.741s] Level 1:colcon.colcon_core.environment:checking '/home/jlukas/ROS2/techdiffbot/install/techdiffbot' for CMake module files
[114.751s] Level 1:colcon.colcon_core.environment:checking '/home/jlukas/ROS2/techdiffbot/install/techdiffbot' for CMake config files
[114.807s] Level 1:colcon.colcon_core.environment:checking '/home/jlukas/ROS2/techdiffbot/install/techdiffbot/lib'
[114.809s] Level 1:colcon.colcon_core.environment:checking '/home/jlukas/ROS2/techdiffbot/install/techdiffbot/bin'
[114.812s] Level 1:colcon.colcon_core.environment:checking '/home/jlukas/ROS2/techdiffbot/install/techdiffbot/lib/pkgconfig/techdiffbot.pc'
[114.853s] Level 1:colcon.colcon_core.environment:checking '/home/jlukas/ROS2/techdiffbot/install/techdiffbot/lib/python3.10/site-packages'
[114.856s] Level 1:colcon.colcon_core.shell:create_environment_hook('techdiffbot', 'pythonpath')
[115.133s] INFO:colcon.colcon_core.shell:Creating environment hook '/home/jlukas/ROS2/techdiffbot/install/techdiffbot/share/techdiffbot/hook/pythonpath.ps1'
[115.146s] INFO:colcon.colcon_core.shell:Creating environment descriptor '/home/jlukas/ROS2/techdiffbot/install/techdiffbot/share/techdiffbot/hook/pythonpath.dsv'
[115.159s] INFO:colcon.colcon_core.shell:Creating environment hook '/home/jlukas/ROS2/techdiffbot/install/techdiffbot/share/techdiffbot/hook/pythonpath.sh'
[115.167s] Level 1:colcon.colcon_core.environment:checking '/home/jlukas/ROS2/techdiffbot/install/techdiffbot/bin'
[115.168s] Level 1:colcon.colcon_core.environment:create_environment_scripts_only(techdiffbot)
[115.424s] INFO:colcon.colcon_core.shell:Creating package script '/home/jlukas/ROS2/techdiffbot/install/techdiffbot/share/techdiffbot/package.ps1'
[115.436s] INFO:colcon.colcon_core.shell:Creating package descriptor '/home/jlukas/ROS2/techdiffbot/install/techdiffbot/share/techdiffbot/package.dsv'
[115.447s] INFO:colcon.colcon_core.shell:Creating package script '/home/jlukas/ROS2/techdiffbot/install/techdiffbot/share/techdiffbot/package.sh'
[115.460s] INFO:colcon.colcon_core.shell:Creating package script '/home/jlukas/ROS2/techdiffbot/install/techdiffbot/share/techdiffbot/package.bash'
[115.476s] INFO:colcon.colcon_core.shell:Creating package script '/home/jlukas/ROS2/techdiffbot/install/techdiffbot/share/techdiffbot/package.zsh'
[115.496s] Level 1:colcon.colcon_core.environment:create_file_with_runtime_dependencies(/home/jlukas/ROS2/techdiffbot/install/techdiffbot/share/colcon-core/packages/techdiffbot)
[115.521s] DEBUG:colcon.colcon_parallel_executor.executor.parallel:closing loop
[115.531s] DEBUG:colcon.colcon_parallel_executor.executor.parallel:loop closed
[115.543s] DEBUG:colcon.colcon_parallel_executor.executor.parallel:run_until_complete finished with '0'
[115.553s] DEBUG:colcon.colcon_core.event_reactor:joining thread
[117.481s] INFO:colcon.colcon_core.plugin_system:Skipping extension 'colcon_notification.desktop_notification.notify_send': Could not find 'notify-send'
[117.483s] INFO:colcon.colcon_core.plugin_system:Skipping extension 'colcon_notification.desktop_notification.terminal_notifier': Not used on non-Darwin systems
[117.485s] INFO:colcon.colcon_core.plugin_system:Skipping extension 'colcon_notification.desktop_notification.win32': Not used on non-Windows systems
[117.486s] INFO:colcon.colcon_notification.desktop_notification:Sending desktop notification using 'notify2'
[119.187s] DEBUG:colcon.colcon_notification.desktop_notification.notify2:Failed to initialize notify2: org.freedesktop.DBus.Error.ServiceUnknown: The name org.freedesktop.Notifications was not provided by any .service files
[119.191s] DEBUG:colcon.colcon_core.event_reactor:joined thread
[119.950s] INFO:colcon.colcon_core.shell:Creating prefix script '/home/jlukas/ROS2/techdiffbot/install/local_setup.ps1'
[120.052s] INFO:colcon.colcon_core.shell:Creating prefix util module '/home/jlukas/ROS2/techdiffbot/install/_local_setup_util_ps1.py'
[120.083s] INFO:colcon.colcon_core.shell:Creating prefix chain script '/home/jlukas/ROS2/techdiffbot/install/setup.ps1'
[120.421s] INFO:colcon.colcon_core.shell:Creating prefix script '/home/jlukas/ROS2/techdiffbot/install/local_setup.sh'
[120.431s] INFO:colcon.colcon_core.shell:Creating prefix util module '/home/jlukas/ROS2/techdiffbot/install/_local_setup_util_sh.py'
[120.438s] INFO:colcon.colcon_core.shell:Creating prefix chain script '/home/jlukas/ROS2/techdiffbot/install/setup.sh'
[120.751s] INFO:colcon.colcon_core.shell:Creating prefix script '/home/jlukas/ROS2/techdiffbot/install/local_setup.bash'
[120.770s] INFO:colcon.colcon_core.shell:Creating prefix chain script '/home/jlukas/ROS2/techdiffbot/install/setup.bash'
[121.139s] INFO:colcon.colcon_core.shell:Creating prefix script '/home/jlukas/ROS2/techdiffbot/install/local_setup.zsh'
[121.153s] INFO:colcon.colcon_core.shell:Creating prefix chain script '/home/jlukas/ROS2/techdiffbot/install/setup.zsh'
