[0.909s] Invoking command in '/home/jlukas/Desktop/My_Project/ROS2/rover/src/rover': PYTHONPATH=/home/jlukas/Desktop/My_Project/ROS2/rover/build/rover/prefix_override:/home/jlukas/Desktop/My_Project/ROS2/rover/install/rover/lib/python3.10/site-packages:${PYTHONPATH} /usr/bin/python3 setup.py egg_info --egg-base ../../build/rover build --build-base /home/jlukas/Desktop/My_Project/ROS2/rover/build/rover/build install --record /home/jlukas/Desktop/My_Project/ROS2/rover/build/rover/install.log --single-version-externally-managed
[1.171s] running egg_info
[1.172s] writing ../../build/rover/rover.egg-info/PKG-INFO
[1.174s] writing dependency_links to ../../build/rover/rover.egg-info/dependency_links.txt
[1.175s] writing entry points to ../../build/rover/rover.egg-info/entry_points.txt
[1.176s] writing requirements to ../../build/rover/rover.egg-info/requires.txt
[1.177s] writing top-level names to ../../build/rover/rover.egg-info/top_level.txt
[1.180s] reading manifest file '../../build/rover/rover.egg-info/SOURCES.txt'
[1.181s] writing manifest file '../../build/rover/rover.egg-info/SOURCES.txt'
[1.182s] running build
[1.182s] running build_py
[1.183s] running install
[1.184s] /usr/lib/python3/dist-packages/setuptools/command/install.py:34: SetuptoolsDeprecationWarning: setup.py install is deprecated. Use build and pip and other standards-based tools.
[1.184s]   warnings.warn(
[1.185s] running install_lib
[1.186s] running install_data
[1.187s] copying launch/joystick.control.launch.py -> /home/jlukas/Desktop/My_Project/ROS2/rover/install/rover/share/rover/launch
[1.188s] running install_egg_info
[1.190s] removing '/home/jlukas/Desktop/My_Project/ROS2/rover/install/rover/lib/python3.10/site-packages/rover-0.0.0-py3.10.egg-info' (and everything under it)
[1.193s] Copying ../../build/rover/rover.egg-info to /home/jlukas/Desktop/My_Project/ROS2/rover/install/rover/lib/python3.10/site-packages/rover-0.0.0-py3.10.egg-info
[1.197s] running install_scripts
[1.221s] Installing lidar_differential script to /home/jlukas/Desktop/My_Project/ROS2/rover/install/rover/lib/rover
[1.222s] Installing lidar_obstacle_region_split script to /home/jlukas/Desktop/My_Project/ROS2/rover/install/rover/lib/rover
[1.223s] writing list of installed files to '/home/jlukas/Desktop/My_Project/ROS2/rover/build/rover/install.log'
[1.253s] Invoked command in '/home/jlukas/Desktop/My_Project/ROS2/rover/src/rover' returned '0': PYTHONPATH=/home/jlukas/Desktop/My_Project/ROS2/rover/build/rover/prefix_override:/home/jlukas/Desktop/My_Project/ROS2/rover/install/rover/lib/python3.10/site-packages:${PYTHONPATH} /usr/bin/python3 setup.py egg_info --egg-base ../../build/rover build --build-base /home/jlukas/Desktop/My_Project/ROS2/rover/build/rover/build install --record /home/jlukas/Desktop/My_Project/ROS2/rover/build/rover/install.log --single-version-externally-managed
