[0.516s] Invoking command in '/home/jlukas/Desktop/My_Project/ROS2/techdiffbot/build/diffdrive_arduino': CMAKE_PREFIX_PATH=${CMAKE_PREFIX_PATH}:/home/jlukas/Desktop/My_Project/ROS2/techdiffbot/install/techdiffbot:/home/jlukas/Desktop/My_Project/ROS2/ros2_rpi_cv2/install/ros2_rpi_cv2:/home/jlukas/Desktop/My_Project/ROS2/rover/install/rover:/opt/ros/humble /usr/bin/cmake --build /home/jlukas/Desktop/My_Project/ROS2/techdiffbot/build/diffdrive_arduino -- -j4 -l4
[0.598s] [100%] Built target diffdrive_arduino
[0.981s] Invoked command in '/home/jlukas/Desktop/My_Project/ROS2/techdiffbot/build/diffdrive_arduino' returned '0': CMAKE_PREFIX_PATH=${CMAKE_PREFIX_PATH}:/home/jlukas/Desktop/My_Project/ROS2/techdiffbot/install/techdiffbot:/home/jlukas/Desktop/My_Project/ROS2/ros2_rpi_cv2/install/ros2_rpi_cv2:/home/jlukas/Desktop/My_Project/ROS2/rover/install/rover:/opt/ros/humble /usr/bin/cmake --build /home/jlukas/Desktop/My_Project/ROS2/techdiffbot/build/diffdrive_arduino -- -j4 -l4
[1.441s] Invoking command in '/home/jlukas/Desktop/My_Project/ROS2/techdiffbot/build/diffdrive_arduino': CMAKE_PREFIX_PATH=${CMAKE_PREFIX_PATH}:/home/jlukas/Desktop/My_Project/ROS2/techdiffbot/install/techdiffbot:/home/jlukas/Desktop/My_Project/ROS2/ros2_rpi_cv2/install/ros2_rpi_cv2:/home/jlukas/Desktop/My_Project/ROS2/rover/install/rover:/opt/ros/humble /usr/bin/cmake --install /home/jlukas/Desktop/My_Project/ROS2/techdiffbot/build/diffdrive_arduino
[1.458s] -- Install configuration: ""
[1.459s] -- Execute custom install script
[1.460s] -- Up-to-date symlink: /home/jlukas/Desktop/My_Project/ROS2/techdiffbot/install/diffdrive_arduino/share/diffdrive_arduino//diffdrive_arduino.xml
[1.461s] -- Up-to-date symlink: /home/jlukas/Desktop/My_Project/ROS2/techdiffbot/install/diffdrive_arduino/include/diffdrive_arduino/diffdrive_arduino/arduino_comms.hpp
[1.461s] -- Up-to-date symlink: /home/jlukas/Desktop/My_Project/ROS2/techdiffbot/install/diffdrive_arduino/include/diffdrive_arduino/diffdrive_arduino/diffbot_system.hpp
[1.463s] -- Up-to-date symlink: /home/jlukas/Desktop/My_Project/ROS2/techdiffbot/install/diffdrive_arduino/include/diffdrive_arduino/diffdrive_arduino/visibility_control.h
[1.467s] -- Up-to-date symlink: /home/jlukas/Desktop/My_Project/ROS2/techdiffbot/install/diffdrive_arduino/include/diffdrive_arduino/diffdrive_arduino/wheel.hpp
[1.468s] -- Up-to-date symlink: /home/jlukas/Desktop/My_Project/ROS2/techdiffbot/install/diffdrive_arduino/share/diffdrive_arduino/launch/view_robot.launch.py
[1.469s] -- Up-to-date symlink: /home/jlukas/Desktop/My_Project/ROS2/techdiffbot/install/diffdrive_arduino/share/diffdrive_arduino/ros2_control/diffbot.ros2_control.xacro
[1.469s] -- Up-to-date symlink: /home/jlukas/Desktop/My_Project/ROS2/techdiffbot/install/diffdrive_arduino/share/diffdrive_arduino/urdf/diffbot.materials.xacro
[1.470s] -- Up-to-date symlink: /home/jlukas/Desktop/My_Project/ROS2/techdiffbot/install/diffdrive_arduino/share/diffdrive_arduino/urdf/diffbot.urdf.xacro
[1.470s] -- Up-to-date symlink: /home/jlukas/Desktop/My_Project/ROS2/techdiffbot/install/diffdrive_arduino/share/diffdrive_arduino/urdf/diffbot_description.urdf.xacro
[1.471s] -- Up-to-date symlink: /home/jlukas/Desktop/My_Project/ROS2/techdiffbot/install/diffdrive_arduino/share/diffdrive_arduino/rviz/diffbot.rviz
[1.472s] -- Up-to-date symlink: /home/jlukas/Desktop/My_Project/ROS2/techdiffbot/install/diffdrive_arduino/share/diffdrive_arduino/rviz/diffbot_view.rviz
[1.472s] -- Up-to-date symlink: /home/jlukas/Desktop/My_Project/ROS2/techdiffbot/install/diffdrive_arduino/share/diffdrive_arduino/launch/diffbot.launch.py
[1.473s] -- Up-to-date symlink: /home/jlukas/Desktop/My_Project/ROS2/techdiffbot/install/diffdrive_arduino/share/diffdrive_arduino/config/diffbot_controllers.yaml
[1.473s] -- Up-to-date symlink: /home/jlukas/Desktop/My_Project/ROS2/techdiffbot/install/diffdrive_arduino/share/diffdrive_arduino/environment/library_path.sh
[1.474s] -- Up-to-date symlink: /home/jlukas/Desktop/My_Project/ROS2/techdiffbot/install/diffdrive_arduino/share/diffdrive_arduino/environment/library_path.dsv
[1.475s] -- Up-to-date symlink: /home/jlukas/Desktop/My_Project/ROS2/techdiffbot/install/diffdrive_arduino/share/ament_index/resource_index/package_run_dependencies/diffdrive_arduino
[1.475s] -- Up-to-date symlink: /home/jlukas/Desktop/My_Project/ROS2/techdiffbot/install/diffdrive_arduino/share/ament_index/resource_index/parent_prefix_path/diffdrive_arduino
[1.476s] -- Up-to-date symlink: /home/jlukas/Desktop/My_Project/ROS2/techdiffbot/install/diffdrive_arduino/share/diffdrive_arduino/environment/ament_prefix_path.sh
[1.476s] -- Up-to-date symlink: /home/jlukas/Desktop/My_Project/ROS2/techdiffbot/install/diffdrive_arduino/share/diffdrive_arduino/environment/ament_prefix_path.dsv
[1.477s] -- Up-to-date symlink: /home/jlukas/Desktop/My_Project/ROS2/techdiffbot/install/diffdrive_arduino/share/diffdrive_arduino/environment/path.sh
[1.478s] -- Up-to-date symlink: /home/jlukas/Desktop/My_Project/ROS2/techdiffbot/install/diffdrive_arduino/share/diffdrive_arduino/environment/path.dsv
[1.479s] -- Up-to-date symlink: /home/jlukas/Desktop/My_Project/ROS2/techdiffbot/install/diffdrive_arduino/share/diffdrive_arduino/local_setup.bash
[1.479s] -- Up-to-date symlink: /home/jlukas/Desktop/My_Project/ROS2/techdiffbot/install/diffdrive_arduino/share/diffdrive_arduino/local_setup.sh
[1.481s] -- Up-to-date symlink: /home/jlukas/Desktop/My_Project/ROS2/techdiffbot/install/diffdrive_arduino/share/diffdrive_arduino/local_setup.zsh
[1.482s] -- Up-to-date symlink: /home/jlukas/Desktop/My_Project/ROS2/techdiffbot/install/diffdrive_arduino/share/diffdrive_arduino/local_setup.dsv
[1.482s] -- Symlinking: /home/jlukas/Desktop/My_Project/ROS2/techdiffbot/install/diffdrive_arduino/share/diffdrive_arduino/package.dsv
[1.487s] -- Up-to-date symlink: /home/jlukas/Desktop/My_Project/ROS2/techdiffbot/install/diffdrive_arduino/share/ament_index/resource_index/packages/diffdrive_arduino
[1.489s] -- Up-to-date symlink: /home/jlukas/Desktop/My_Project/ROS2/techdiffbot/install/diffdrive_arduino/share/ament_index/resource_index/hardware_interface__pluginlib__plugin/diffdrive_arduino
[1.489s] -- Up-to-date symlink: /home/jlukas/Desktop/My_Project/ROS2/techdiffbot/install/diffdrive_arduino/share/diffdrive_arduino/cmake/ament_cmake_export_targets-extras.cmake
[1.489s] -- Up-to-date symlink: /home/jlukas/Desktop/My_Project/ROS2/techdiffbot/install/diffdrive_arduino/share/diffdrive_arduino/cmake/ament_cmake_export_dependencies-extras.cmake
[1.489s] -- Up-to-date symlink: /home/jlukas/Desktop/My_Project/ROS2/techdiffbot/install/diffdrive_arduino/share/diffdrive_arduino/cmake/diffdrive_arduinoConfig.cmake
[1.489s] -- Up-to-date symlink: /home/jlukas/Desktop/My_Project/ROS2/techdiffbot/install/diffdrive_arduino/share/diffdrive_arduino/cmake/diffdrive_arduinoConfig-version.cmake
[1.489s] -- Up-to-date symlink: /home/jlukas/Desktop/My_Project/ROS2/techdiffbot/install/diffdrive_arduino/share/diffdrive_arduino/package.xml
[1.490s] -- Up-to-date: /home/jlukas/Desktop/My_Project/ROS2/techdiffbot/install/diffdrive_arduino/lib/libdiffdrive_arduino.so
[1.491s] -- Up-to-date: /home/jlukas/Desktop/My_Project/ROS2/techdiffbot/install/diffdrive_arduino/share/diffdrive_arduino/cmake/export_diffdrive_arduinoExport.cmake
[1.492s] -- Up-to-date: /home/jlukas/Desktop/My_Project/ROS2/techdiffbot/install/diffdrive_arduino/share/diffdrive_arduino/cmake/export_diffdrive_arduinoExport-noconfig.cmake
[1.493s] Invoked command in '/home/jlukas/Desktop/My_Project/ROS2/techdiffbot/build/diffdrive_arduino' returned '0': CMAKE_PREFIX_PATH=${CMAKE_PREFIX_PATH}:/home/jlukas/Desktop/My_Project/ROS2/techdiffbot/install/techdiffbot:/home/jlukas/Desktop/My_Project/ROS2/ros2_rpi_cv2/install/ros2_rpi_cv2:/home/jlukas/Desktop/My_Project/ROS2/rover/install/rover:/opt/ros/humble /usr/bin/cmake --install /home/jlukas/Desktop/My_Project/ROS2/techdiffbot/build/diffdrive_arduino
