[5.991s] Invoking command in '/home/jlukas/ROS2/techdiffbot/build/diffdrive_arduino': CMAKE_PREFIX_PATH=${CMAKE_PREFIX_PATH}:/home/jlukas/ROS2/techdiffbot/install/techdiffbot:/home/jlukas/Desktop/My_Project/ROS2/ros2_rpi_cv2/install/ros2_rpi_cv2:/home/jlukas/Desktop/My_Project/ROS2/rover/install/rover:/home/jlukas/Desktop/My_Project/ROS2/techdiffbot/install/techdiffbot:/opt/ros/humble /usr/bin/cmake --build /home/jlukas/ROS2/techdiffbot/build/diffdrive_arduino -- -j4 -l4
[10.968s] [100%] Built target diffdrive_arduino
[15.780s] Invoked command in '/home/jlukas/ROS2/techdiffbot/build/diffdrive_arduino' returned '0': CMAKE_PREFIX_PATH=${CMAKE_PREFIX_PATH}:/home/jlukas/ROS2/techdiffbot/install/techdiffbot:/home/jlukas/Desktop/My_Project/ROS2/ros2_rpi_cv2/install/ros2_rpi_cv2:/home/jlukas/Desktop/My_Project/ROS2/rover/install/rover:/home/jlukas/Desktop/My_Project/ROS2/techdiffbot/install/techdiffbot:/opt/ros/humble /usr/bin/cmake --build /home/jlukas/ROS2/techdiffbot/build/diffdrive_arduino -- -j4 -l4
[16.256s] Invoking command in '/home/jlukas/ROS2/techdiffbot/build/diffdrive_arduino': CMAKE_PREFIX_PATH=${CMAKE_PREFIX_PATH}:/home/jlukas/ROS2/techdiffbot/install/techdiffbot:/home/jlukas/Desktop/My_Project/ROS2/ros2_rpi_cv2/install/ros2_rpi_cv2:/home/jlukas/Desktop/My_Project/ROS2/rover/install/rover:/home/jlukas/Desktop/My_Project/ROS2/techdiffbot/install/techdiffbot:/opt/ros/humble /usr/bin/cmake --install /home/jlukas/ROS2/techdiffbot/build/diffdrive_arduino
[16.370s] -- Install configuration: ""
[16.388s] -- Execute custom install script
[16.395s] -- Up-to-date symlink: /home/jlukas/ROS2/techdiffbot/install/diffdrive_arduino/share/diffdrive_arduino//diffdrive_arduino.xml
[16.422s] -- Up-to-date symlink: /home/jlukas/ROS2/techdiffbot/install/diffdrive_arduino/include/diffdrive_arduino/diffdrive_arduino/arduino_comms.hpp
[16.431s] -- Up-to-date symlink: /home/jlukas/ROS2/techdiffbot/install/diffdrive_arduino/include/diffdrive_arduino/diffdrive_arduino/diffbot_system.hpp
[16.442s] -- Up-to-date symlink: /home/jlukas/ROS2/techdiffbot/install/diffdrive_arduino/include/diffdrive_arduino/diffdrive_arduino/visibility_control.h
[16.455s] -- Up-to-date symlink: /home/jlukas/ROS2/techdiffbot/install/diffdrive_arduino/include/diffdrive_arduino/diffdrive_arduino/wheel.hpp
[16.466s] -- Up-to-date symlink: /home/jlukas/ROS2/techdiffbot/install/diffdrive_arduino/share/diffdrive_arduino/launch/view_robot.launch.py
[16.473s] -- Up-to-date symlink: /home/jlukas/ROS2/techdiffbot/install/diffdrive_arduino/share/diffdrive_arduino/ros2_control/diffbot.ros2_control.xacro
[16.486s] -- Up-to-date symlink: /home/jlukas/ROS2/techdiffbot/install/diffdrive_arduino/share/diffdrive_arduino/urdf/diffbot.materials.xacro
[16.493s] -- Up-to-date symlink: /home/jlukas/ROS2/techdiffbot/install/diffdrive_arduino/share/diffdrive_arduino/urdf/diffbot.urdf.xacro
[16.495s] -- Up-to-date symlink: /home/jlukas/ROS2/techdiffbot/install/diffdrive_arduino/share/diffdrive_arduino/urdf/diffbot_description.urdf.xacro
[16.509s] -- Up-to-date symlink: /home/jlukas/ROS2/techdiffbot/install/diffdrive_arduino/share/diffdrive_arduino/rviz/diffbot.rviz
[16.515s] -- Up-to-date symlink: /home/jlukas/ROS2/techdiffbot/install/diffdrive_arduino/share/diffdrive_arduino/rviz/diffbot_view.rviz
[16.528s] -- Up-to-date symlink: /home/jlukas/ROS2/techdiffbot/install/diffdrive_arduino/share/diffdrive_arduino/launch/diffbot.launch.py
[16.536s] -- Up-to-date symlink: /home/jlukas/ROS2/techdiffbot/install/diffdrive_arduino/share/diffdrive_arduino/config/diffbot_controllers.yaml
[16.543s] -- Up-to-date symlink: /home/jlukas/ROS2/techdiffbot/install/diffdrive_arduino/share/diffdrive_arduino/environment/library_path.sh
[16.546s] -- Up-to-date symlink: /home/jlukas/ROS2/techdiffbot/install/diffdrive_arduino/share/diffdrive_arduino/environment/library_path.dsv
[16.552s] -- Up-to-date symlink: /home/jlukas/ROS2/techdiffbot/install/diffdrive_arduino/share/ament_index/resource_index/package_run_dependencies/diffdrive_arduino
[16.557s] -- Up-to-date symlink: /home/jlukas/ROS2/techdiffbot/install/diffdrive_arduino/share/ament_index/resource_index/parent_prefix_path/diffdrive_arduino
[16.562s] -- Up-to-date symlink: /home/jlukas/ROS2/techdiffbot/install/diffdrive_arduino/share/diffdrive_arduino/environment/ament_prefix_path.sh
[16.567s] -- Up-to-date symlink: /home/jlukas/ROS2/techdiffbot/install/diffdrive_arduino/share/diffdrive_arduino/environment/ament_prefix_path.dsv
[16.572s] -- Up-to-date symlink: /home/jlukas/ROS2/techdiffbot/install/diffdrive_arduino/share/diffdrive_arduino/environment/path.sh
[16.577s] -- Up-to-date symlink: /home/jlukas/ROS2/techdiffbot/install/diffdrive_arduino/share/diffdrive_arduino/environment/path.dsv
[16.582s] -- Up-to-date symlink: /home/jlukas/ROS2/techdiffbot/install/diffdrive_arduino/share/diffdrive_arduino/local_setup.bash
[16.586s] -- Up-to-date symlink: /home/jlukas/ROS2/techdiffbot/install/diffdrive_arduino/share/diffdrive_arduino/local_setup.sh
[16.592s] -- Up-to-date symlink: /home/jlukas/ROS2/techdiffbot/install/diffdrive_arduino/share/diffdrive_arduino/local_setup.zsh
[16.597s] -- Up-to-date symlink: /home/jlukas/ROS2/techdiffbot/install/diffdrive_arduino/share/diffdrive_arduino/local_setup.dsv
[16.600s] -- Symlinking: /home/jlukas/ROS2/techdiffbot/install/diffdrive_arduino/share/diffdrive_arduino/package.dsv
[16.722s] -- Up-to-date symlink: /home/jlukas/ROS2/techdiffbot/install/diffdrive_arduino/share/ament_index/resource_index/packages/diffdrive_arduino
[16.726s] -- Up-to-date symlink: /home/jlukas/ROS2/techdiffbot/install/diffdrive_arduino/share/ament_index/resource_index/hardware_interface__pluginlib__plugin/diffdrive_arduino
[16.731s] -- Up-to-date symlink: /home/jlukas/ROS2/techdiffbot/install/diffdrive_arduino/share/diffdrive_arduino/cmake/ament_cmake_export_targets-extras.cmake
[16.738s] -- Up-to-date symlink: /home/jlukas/ROS2/techdiffbot/install/diffdrive_arduino/share/diffdrive_arduino/cmake/ament_cmake_export_dependencies-extras.cmake
[16.742s] -- Up-to-date symlink: /home/jlukas/ROS2/techdiffbot/install/diffdrive_arduino/share/diffdrive_arduino/cmake/diffdrive_arduinoConfig.cmake
[16.754s] -- Up-to-date symlink: /home/jlukas/ROS2/techdiffbot/install/diffdrive_arduino/share/diffdrive_arduino/cmake/diffdrive_arduinoConfig-version.cmake
[16.759s] -- Up-to-date symlink: /home/jlukas/ROS2/techdiffbot/install/diffdrive_arduino/share/diffdrive_arduino/package.xml
[16.771s] -- Up-to-date: /home/jlukas/ROS2/techdiffbot/install/diffdrive_arduino/lib/libdiffdrive_arduino.so
[16.785s] -- Up-to-date: /home/jlukas/ROS2/techdiffbot/install/diffdrive_arduino/share/diffdrive_arduino/cmake/export_diffdrive_arduinoExport.cmake
[16.787s] -- Up-to-date: /home/jlukas/ROS2/techdiffbot/install/diffdrive_arduino/share/diffdrive_arduino/cmake/export_diffdrive_arduinoExport-noconfig.cmake
[17.757s] Invoked command in '/home/jlukas/ROS2/techdiffbot/build/diffdrive_arduino' returned '0': CMAKE_PREFIX_PATH=${CMAKE_PREFIX_PATH}:/home/jlukas/ROS2/techdiffbot/install/techdiffbot:/home/jlukas/Desktop/My_Project/ROS2/ros2_rpi_cv2/install/ros2_rpi_cv2:/home/jlukas/Desktop/My_Project/ROS2/rover/install/rover:/home/jlukas/Desktop/My_Project/ROS2/techdiffbot/install/techdiffbot:/opt/ros/humble /usr/bin/cmake --install /home/jlukas/ROS2/techdiffbot/build/diffdrive_arduino
