[12.338s] DEBUG:colcon:Command line arguments: ['/usr/bin/colcon', 'build']
[12.339s] DEBUG:colcon:Parsed command line arguments: Namespace(log_base=None, log_level=None, verb_name='build', build_base='build', install_base='install', merge_install=False, symlink_install=False, test_result_base=None, continue_on_error=False, executor='parallel', parallel_workers=4, event_handlers=None, ignore_user_meta=False, metas=['./colcon.meta'], base_paths=['.'], packages_ignore=None, packages_ignore_regex=None, paths=None, packages_up_to=None, packages_up_to_regex=None, packages_above=None, packages_above_and_dependencies=None, packages_above_depth=None, packages_select_by_dep=None, packages_skip_by_dep=None, packages_skip_up_to=None, packages_select_build_failed=False, packages_skip_build_finished=False, packages_select_test_failures=False, packages_skip_test_passed=False, packages_select=None, packages_skip=None, packages_select_regex=None, packages_skip_regex=None, packages_start=None, packages_end=None, allow_overriding=[], cmake_args=None, cmake_target=None, cmake_target_skip_unavailable=False, cmake_clean_cache=False, cmake_clean_first=False, cmake_force_configure=False, ament_cmake_args=None, catkin_cmake_args=None, catkin_skip_building_tests=False, verb_parser=<colcon_defaults.argument_parser.defaults.DefaultArgumentsDecorator object at 0xffffbc058940>, verb_extension=<colcon_core.verb.build.BuildVerb object at 0xffffbc0584f0>, main=<bound method BuildVerb.main of <colcon_core.verb.build.BuildVerb object at 0xffffbc0584f0>>)
[12.906s] Level 1:colcon.colcon_core.package_discovery:discover_packages(colcon_meta) check parameters
[12.907s] Level 1:colcon.colcon_core.package_discovery:discover_packages(recursive) check parameters
[12.907s] Level 1:colcon.colcon_core.package_discovery:discover_packages(ignore) check parameters
[12.907s] Level 1:colcon.colcon_core.package_discovery:discover_packages(path) check parameters
[12.908s] Level 1:colcon.colcon_core.package_discovery:discover_packages(colcon_meta) discover
[12.908s] Level 1:colcon.colcon_core.package_discovery:discover_packages(recursive) discover
[12.909s] INFO:colcon.colcon_core.package_discovery:Crawling recursively for packages in '/home/jlukas/My_Project/ROS2/ros2_rpi_motor'
[12.910s] Level 1:colcon.colcon_core.package_identification:_identify(.) by extensions ['ignore', 'ignore_ament_install']
[12.911s] Level 1:colcon.colcon_core.package_identification:_identify(.) by extension 'ignore'
[12.911s] Level 1:colcon.colcon_core.package_identification:_identify(.) by extension 'ignore_ament_install'
[12.912s] Level 1:colcon.colcon_core.package_identification:_identify(.) by extensions ['colcon_pkg']
[12.912s] Level 1:colcon.colcon_core.package_identification:_identify(.) by extension 'colcon_pkg'
[12.913s] Level 1:colcon.colcon_core.package_identification:_identify(.) by extensions ['colcon_meta']
[12.913s] Level 1:colcon.colcon_core.package_identification:_identify(.) by extension 'colcon_meta'
[12.914s] Level 1:colcon.colcon_core.package_identification:_identify(.) by extensions ['ros']
[12.914s] Level 1:colcon.colcon_core.package_identification:_identify(.) by extension 'ros'
[13.102s] Level 1:colcon.colcon_core.package_identification:_identify(.) by extensions ['cmake', 'python']
[13.103s] Level 1:colcon.colcon_core.package_identification:_identify(.) by extension 'cmake'
[13.103s] Level 1:colcon.colcon_core.package_identification:_identify(.) by extension 'python'
[13.104s] Level 1:colcon.colcon_core.package_identification:_identify(.) by extensions ['python_setup_py']
[13.104s] Level 1:colcon.colcon_core.package_identification:_identify(.) by extension 'python_setup_py'
[13.105s] Level 1:colcon.colcon_core.package_identification:_identify(build) by extensions ['ignore', 'ignore_ament_install']
[13.106s] Level 1:colcon.colcon_core.package_identification:_identify(build) by extension 'ignore'
[13.107s] Level 1:colcon.colcon_core.package_identification:_identify(build) ignored
[13.108s] Level 1:colcon.colcon_core.package_identification:_identify(install) by extensions ['ignore', 'ignore_ament_install']
[13.109s] Level 1:colcon.colcon_core.package_identification:_identify(install) by extension 'ignore'
[13.110s] Level 1:colcon.colcon_core.package_identification:_identify(install) ignored
[13.112s] Level 1:colcon.colcon_core.package_identification:_identify(log) by extensions ['ignore', 'ignore_ament_install']
[13.112s] Level 1:colcon.colcon_core.package_identification:_identify(log) by extension 'ignore'
[13.113s] Level 1:colcon.colcon_core.package_identification:_identify(log) ignored
[13.114s] Level 1:colcon.colcon_core.package_identification:_identify(src) by extensions ['ignore', 'ignore_ament_install']
[13.115s] Level 1:colcon.colcon_core.package_identification:_identify(src) by extension 'ignore'
[13.115s] Level 1:colcon.colcon_core.package_identification:_identify(src) by extension 'ignore_ament_install'
[13.116s] Level 1:colcon.colcon_core.package_identification:_identify(src) by extensions ['colcon_pkg']
[13.116s] Level 1:colcon.colcon_core.package_identification:_identify(src) by extension 'colcon_pkg'
[13.117s] Level 1:colcon.colcon_core.package_identification:_identify(src) by extensions ['colcon_meta']
[13.117s] Level 1:colcon.colcon_core.package_identification:_identify(src) by extension 'colcon_meta'
[13.118s] Level 1:colcon.colcon_core.package_identification:_identify(src) by extensions ['ros']
[13.118s] Level 1:colcon.colcon_core.package_identification:_identify(src) by extension 'ros'
[13.119s] Level 1:colcon.colcon_core.package_identification:_identify(src) by extensions ['cmake', 'python']
[13.119s] Level 1:colcon.colcon_core.package_identification:_identify(src) by extension 'cmake'
[13.120s] Level 1:colcon.colcon_core.package_identification:_identify(src) by extension 'python'
[13.120s] Level 1:colcon.colcon_core.package_identification:_identify(src) by extensions ['python_setup_py']
[13.121s] Level 1:colcon.colcon_core.package_identification:_identify(src) by extension 'python_setup_py'
[13.122s] Level 1:colcon.colcon_core.package_identification:_identify(src/ros2_rpi_motor) by extensions ['ignore', 'ignore_ament_install']
[13.123s] Level 1:colcon.colcon_core.package_identification:_identify(src/ros2_rpi_motor) by extension 'ignore'
[13.123s] Level 1:colcon.colcon_core.package_identification:_identify(src/ros2_rpi_motor) by extension 'ignore_ament_install'
[13.124s] Level 1:colcon.colcon_core.package_identification:_identify(src/ros2_rpi_motor) by extensions ['colcon_pkg']
[13.124s] Level 1:colcon.colcon_core.package_identification:_identify(src/ros2_rpi_motor) by extension 'colcon_pkg'
[13.125s] Level 1:colcon.colcon_core.package_identification:_identify(src/ros2_rpi_motor) by extensions ['colcon_meta']
[13.125s] Level 1:colcon.colcon_core.package_identification:_identify(src/ros2_rpi_motor) by extension 'colcon_meta'
[13.126s] Level 1:colcon.colcon_core.package_identification:_identify(src/ros2_rpi_motor) by extensions ['ros']
[13.126s] Level 1:colcon.colcon_core.package_identification:_identify(src/ros2_rpi_motor) by extension 'ros'
[13.158s] DEBUG:colcon.colcon_core.package_identification:Package 'src/ros2_rpi_motor' with type 'ros.ament_python' and name 'ros2_rpi_motor'
[13.159s] Level 1:colcon.colcon_core.package_discovery:discover_packages(recursive) using defaults
[13.159s] Level 1:colcon.colcon_core.package_discovery:discover_packages(ignore) discover
[13.160s] Level 1:colcon.colcon_core.package_discovery:discover_packages(ignore) using defaults
[13.160s] Level 1:colcon.colcon_core.package_discovery:discover_packages(path) discover
[13.160s] Level 1:colcon.colcon_core.package_discovery:discover_packages(path) using defaults
[14.275s] Level 1:colcon.colcon_core.package_discovery:discover_packages(prefix_path) check parameters
[14.275s] Level 1:colcon.colcon_core.package_discovery:discover_packages(prefix_path) discover
[14.635s] DEBUG:colcon.colcon_installed_package_information.package_discovery:Found 1 installed packages in /home/jlukas/My_Project/ROS2/ros2_rpi_motor/install
[14.809s] DEBUG:colcon.colcon_installed_package_information.package_discovery:Found 1 installed packages in /home/jlukas/My_Project/ROS2/ros2_rpi_cv2/install
[14.996s] DEBUG:colcon.colcon_installed_package_information.package_discovery:Found 281 installed packages in /opt/ros/humble
[15.014s] Level 1:colcon.colcon_core.package_discovery:discover_packages(prefix_path) using defaults
[16.069s] Level 5:colcon.colcon_core.verb:set package 'ros2_rpi_motor' build argument 'cmake_args' from command line to 'None'
[16.069s] Level 5:colcon.colcon_core.verb:set package 'ros2_rpi_motor' build argument 'cmake_target' from command line to 'None'
[16.070s] Level 5:colcon.colcon_core.verb:set package 'ros2_rpi_motor' build argument 'cmake_target_skip_unavailable' from command line to 'False'
[16.070s] Level 5:colcon.colcon_core.verb:set package 'ros2_rpi_motor' build argument 'cmake_clean_cache' from command line to 'False'
[16.070s] Level 5:colcon.colcon_core.verb:set package 'ros2_rpi_motor' build argument 'cmake_clean_first' from command line to 'False'
[16.070s] Level 5:colcon.colcon_core.verb:set package 'ros2_rpi_motor' build argument 'cmake_force_configure' from command line to 'False'
[16.071s] Level 5:colcon.colcon_core.verb:set package 'ros2_rpi_motor' build argument 'ament_cmake_args' from command line to 'None'
[16.071s] Level 5:colcon.colcon_core.verb:set package 'ros2_rpi_motor' build argument 'catkin_cmake_args' from command line to 'None'
[16.071s] Level 5:colcon.colcon_core.verb:set package 'ros2_rpi_motor' build argument 'catkin_skip_building_tests' from command line to 'False'
[16.072s] DEBUG:colcon.colcon_core.verb:Building package 'ros2_rpi_motor' with the following arguments: {'ament_cmake_args': None, 'build_base': '/home/jlukas/My_Project/ROS2/ros2_rpi_motor/build/ros2_rpi_motor', 'catkin_cmake_args': None, 'catkin_skip_building_tests': False, 'cmake_args': None, 'cmake_clean_cache': False, 'cmake_clean_first': False, 'cmake_force_configure': False, 'cmake_target': None, 'cmake_target_skip_unavailable': False, 'install_base': '/home/jlukas/My_Project/ROS2/ros2_rpi_motor/install/ros2_rpi_motor', 'merge_install': False, 'path': '/home/jlukas/My_Project/ROS2/ros2_rpi_motor/src/ros2_rpi_motor', 'symlink_install': False, 'test_result_base': None}
[16.236s] INFO:colcon.colcon_core.executor:Executing jobs using 'parallel' executor
[16.407s] DEBUG:colcon.colcon_parallel_executor.executor.parallel:run_until_complete
[16.409s] INFO:colcon.colcon_ros.task.ament_python.build:Building ROS package in '/home/jlukas/My_Project/ROS2/ros2_rpi_motor/src/ros2_rpi_motor' with build type 'ament_python'
[16.411s] Level 1:colcon.colcon_core.shell:create_environment_hook('ros2_rpi_motor', 'ament_prefix_path')
[16.624s] INFO:colcon.colcon_core.plugin_system:Skipping extension 'colcon_core.shell.bat': Not used on non-Windows systems
[16.626s] INFO:colcon.colcon_core.shell:Creating environment hook '/home/jlukas/My_Project/ROS2/ros2_rpi_motor/install/ros2_rpi_motor/share/ros2_rpi_motor/hook/ament_prefix_path.ps1'
[16.632s] INFO:colcon.colcon_core.shell:Creating environment descriptor '/home/jlukas/My_Project/ROS2/ros2_rpi_motor/install/ros2_rpi_motor/share/ros2_rpi_motor/hook/ament_prefix_path.dsv'
[16.637s] INFO:colcon.colcon_core.shell:Creating environment hook '/home/jlukas/My_Project/ROS2/ros2_rpi_motor/install/ros2_rpi_motor/share/ros2_rpi_motor/hook/ament_prefix_path.sh'
[16.817s] INFO:colcon.colcon_core.shell:Skip shell extension 'powershell' for command environment: Not usable outside of PowerShell
[16.818s] DEBUG:colcon.colcon_core.shell:Skip shell extension 'dsv' for command environment
[20.656s] INFO:colcon.colcon_core.task.python.build:Building Python package in '/home/jlukas/My_Project/ROS2/ros2_rpi_motor/src/ros2_rpi_motor'
[20.857s] INFO:colcon.colcon_core.shell:Skip shell extension 'powershell' for command environment: Not usable outside of PowerShell
[20.858s] DEBUG:colcon.colcon_core.shell:Skip shell extension 'dsv' for command environment
[26.402s] DEBUG:colcon.colcon_core.event_handler.log_command:Invoking command in '/home/jlukas/My_Project/ROS2/ros2_rpi_motor/src/ros2_rpi_motor': PYTHONPATH=/home/jlukas/My_Project/ROS2/ros2_rpi_motor/build/ros2_rpi_motor/prefix_override:/home/jlukas/My_Project/ROS2/ros2_rpi_motor/install/ros2_rpi_motor/lib/python3.10/site-packages:${PYTHONPATH} /usr/bin/python3 setup.py egg_info --egg-base ../../build/ros2_rpi_motor build --build-base /home/jlukas/My_Project/ROS2/ros2_rpi_motor/build/ros2_rpi_motor/build install --record /home/jlukas/My_Project/ROS2/ros2_rpi_motor/build/ros2_rpi_motor/install.log --single-version-externally-managed
[30.016s] DEBUG:colcon.colcon_core.event_handler.log_command:Invoked command in '/home/jlukas/My_Project/ROS2/ros2_rpi_motor/src/ros2_rpi_motor' returned '0': PYTHONPATH=/home/jlukas/My_Project/ROS2/ros2_rpi_motor/build/ros2_rpi_motor/prefix_override:/home/jlukas/My_Project/ROS2/ros2_rpi_motor/install/ros2_rpi_motor/lib/python3.10/site-packages:${PYTHONPATH} /usr/bin/python3 setup.py egg_info --egg-base ../../build/ros2_rpi_motor build --build-base /home/jlukas/My_Project/ROS2/ros2_rpi_motor/build/ros2_rpi_motor/build install --record /home/jlukas/My_Project/ROS2/ros2_rpi_motor/build/ros2_rpi_motor/install.log --single-version-externally-managed
[30.238s] Level 1:colcon.colcon_core.environment:checking '/home/jlukas/My_Project/ROS2/ros2_rpi_motor/install/ros2_rpi_motor' for CMake module files
[30.245s] Level 1:colcon.colcon_core.environment:checking '/home/jlukas/My_Project/ROS2/ros2_rpi_motor/install/ros2_rpi_motor' for CMake config files
[30.255s] Level 1:colcon.colcon_core.environment:checking '/home/jlukas/My_Project/ROS2/ros2_rpi_motor/install/ros2_rpi_motor/lib'
[30.257s] Level 1:colcon.colcon_core.environment:checking '/home/jlukas/My_Project/ROS2/ros2_rpi_motor/install/ros2_rpi_motor/bin'
[30.258s] Level 1:colcon.colcon_core.environment:checking '/home/jlukas/My_Project/ROS2/ros2_rpi_motor/install/ros2_rpi_motor/lib/pkgconfig/ros2_rpi_motor.pc'
[30.261s] Level 1:colcon.colcon_core.environment:checking '/home/jlukas/My_Project/ROS2/ros2_rpi_motor/install/ros2_rpi_motor/lib/python3.10/site-packages'
[30.261s] Level 1:colcon.colcon_core.shell:create_environment_hook('ros2_rpi_motor', 'pythonpath')
[30.432s] INFO:colcon.colcon_core.shell:Creating environment hook '/home/jlukas/My_Project/ROS2/ros2_rpi_motor/install/ros2_rpi_motor/share/ros2_rpi_motor/hook/pythonpath.ps1'
[30.438s] INFO:colcon.colcon_core.shell:Creating environment descriptor '/home/jlukas/My_Project/ROS2/ros2_rpi_motor/install/ros2_rpi_motor/share/ros2_rpi_motor/hook/pythonpath.dsv'
[30.441s] INFO:colcon.colcon_core.shell:Creating environment hook '/home/jlukas/My_Project/ROS2/ros2_rpi_motor/install/ros2_rpi_motor/share/ros2_rpi_motor/hook/pythonpath.sh'
[30.448s] Level 1:colcon.colcon_core.environment:checking '/home/jlukas/My_Project/ROS2/ros2_rpi_motor/install/ros2_rpi_motor/bin'
[30.449s] Level 1:colcon.colcon_core.environment:create_environment_scripts_only(ros2_rpi_motor)
[30.618s] INFO:colcon.colcon_core.shell:Creating package script '/home/jlukas/My_Project/ROS2/ros2_rpi_motor/install/ros2_rpi_motor/share/ros2_rpi_motor/package.ps1'
[30.630s] INFO:colcon.colcon_core.shell:Creating package descriptor '/home/jlukas/My_Project/ROS2/ros2_rpi_motor/install/ros2_rpi_motor/share/ros2_rpi_motor/package.dsv'
[30.640s] INFO:colcon.colcon_core.shell:Creating package script '/home/jlukas/My_Project/ROS2/ros2_rpi_motor/install/ros2_rpi_motor/share/ros2_rpi_motor/package.sh'
[30.651s] INFO:colcon.colcon_core.shell:Creating package script '/home/jlukas/My_Project/ROS2/ros2_rpi_motor/install/ros2_rpi_motor/share/ros2_rpi_motor/package.bash'
[30.661s] INFO:colcon.colcon_core.shell:Creating package script '/home/jlukas/My_Project/ROS2/ros2_rpi_motor/install/ros2_rpi_motor/share/ros2_rpi_motor/package.zsh'
[30.671s] Level 1:colcon.colcon_core.environment:create_file_with_runtime_dependencies(/home/jlukas/My_Project/ROS2/ros2_rpi_motor/install/ros2_rpi_motor/share/colcon-core/packages/ros2_rpi_motor)
[30.674s] DEBUG:colcon.colcon_parallel_executor.executor.parallel:closing loop
[30.677s] DEBUG:colcon.colcon_parallel_executor.executor.parallel:loop closed
[30.678s] DEBUG:colcon.colcon_parallel_executor.executor.parallel:run_until_complete finished with '0'
[30.679s] DEBUG:colcon.colcon_core.event_reactor:joining thread
[30.934s] INFO:colcon.colcon_core.plugin_system:Skipping extension 'colcon_notification.desktop_notification.notify_send': Could not find 'notify-send'
[30.935s] INFO:colcon.colcon_core.plugin_system:Skipping extension 'colcon_notification.desktop_notification.terminal_notifier': Not used on non-Darwin systems
[30.935s] INFO:colcon.colcon_core.plugin_system:Skipping extension 'colcon_notification.desktop_notification.win32': Not used on non-Windows systems
[30.936s] INFO:colcon.colcon_notification.desktop_notification:Sending desktop notification using 'notify2'
[30.944s] DEBUG:colcon.colcon_notification.desktop_notification.notify2:Failed to initialize notify2: org.freedesktop.DBus.Error.ServiceUnknown: The name org.freedesktop.Notifications was not provided by any .service files
[30.945s] DEBUG:colcon.colcon_core.event_reactor:joined thread
[31.117s] INFO:colcon.colcon_core.shell:Creating prefix script '/home/jlukas/My_Project/ROS2/ros2_rpi_motor/install/local_setup.ps1'
[31.128s] INFO:colcon.colcon_core.shell:Creating prefix util module '/home/jlukas/My_Project/ROS2/ros2_rpi_motor/install/_local_setup_util_ps1.py'
[31.148s] INFO:colcon.colcon_core.shell:Creating prefix chain script '/home/jlukas/My_Project/ROS2/ros2_rpi_motor/install/setup.ps1'
[31.328s] INFO:colcon.colcon_core.shell:Creating prefix script '/home/jlukas/My_Project/ROS2/ros2_rpi_motor/install/local_setup.sh'
[31.338s] INFO:colcon.colcon_core.shell:Creating prefix util module '/home/jlukas/My_Project/ROS2/ros2_rpi_motor/install/_local_setup_util_sh.py'
[31.343s] INFO:colcon.colcon_core.shell:Creating prefix chain script '/home/jlukas/My_Project/ROS2/ros2_rpi_motor/install/setup.sh'
[31.522s] INFO:colcon.colcon_core.shell:Creating prefix script '/home/jlukas/My_Project/ROS2/ros2_rpi_motor/install/local_setup.bash'
[31.531s] INFO:colcon.colcon_core.shell:Creating prefix chain script '/home/jlukas/My_Project/ROS2/ros2_rpi_motor/install/setup.bash'
[31.711s] INFO:colcon.colcon_core.shell:Creating prefix script '/home/jlukas/My_Project/ROS2/ros2_rpi_motor/install/local_setup.zsh'
[31.722s] INFO:colcon.colcon_core.shell:Creating prefix chain script '/home/jlukas/My_Project/ROS2/ros2_rpi_motor/install/setup.zsh'
