running egg_info
creating ../../build/ros2_rpi_vision/ros2_rpi_vision.egg-info
writing ../../build/ros2_rpi_vision/ros2_rpi_vision.egg-info/PKG-INFO
writing dependency_links to ../../build/ros2_rpi_vision/ros2_rpi_vision.egg-info/dependency_links.txt
writing entry points to ../../build/ros2_rpi_vision/ros2_rpi_vision.egg-info/entry_points.txt
writing requirements to ../../build/ros2_rpi_vision/ros2_rpi_vision.egg-info/requires.txt
writing top-level names to ../../build/ros2_rpi_vision/ros2_rpi_vision.egg-info/top_level.txt
writing manifest file '../../build/ros2_rpi_vision/ros2_rpi_vision.egg-info/SOURCES.txt'
reading manifest file '../../build/ros2_rpi_vision/ros2_rpi_vision.egg-info/SOURCES.txt'
writing manifest file '../../build/ros2_rpi_vision/ros2_rpi_vision.egg-info/SOURCES.txt'
running build
running build_py
creating /home/jlukas/My_Project/ROS2/ros2_rpi_vision/build/ros2_rpi_vision/build
creating /home/jlukas/My_Project/ROS2/ros2_rpi_vision/build/ros2_rpi_vision/build/lib
creating /home/jlukas/My_Project/ROS2/ros2_rpi_vision/build/ros2_rpi_vision/build/lib/ros2_rpi_vision
copying ros2_rpi_vision/__init__.py -> /home/jlukas/My_Project/ROS2/ros2_rpi_vision/build/ros2_rpi_vision/build/lib/ros2_rpi_vision
running install
/usr/lib/python3/dist-packages/setuptools/command/install.py:34: SetuptoolsDeprecationWarning: setup.py install is deprecated. Use build and pip and other standards-based tools.
  warnings.warn(
running install_lib
creating /home/jlukas/My_Project/ROS2/ros2_rpi_vision/install/ros2_rpi_vision/lib/python3.10/site-packages/ros2_rpi_vision
copying /home/jlukas/My_Project/ROS2/ros2_rpi_vision/build/ros2_rpi_vision/build/lib/ros2_rpi_vision/__init__.py -> /home/jlukas/My_Project/ROS2/ros2_rpi_vision/install/ros2_rpi_vision/lib/python3.10/site-packages/ros2_rpi_vision
byte-compiling /home/jlukas/My_Project/ROS2/ros2_rpi_vision/install/ros2_rpi_vision/lib/python3.10/site-packages/ros2_rpi_vision/__init__.py to __init__.cpython-310.pyc
running install_data
creating /home/jlukas/My_Project/ROS2/ros2_rpi_vision/install/ros2_rpi_vision/share/ament_index
creating /home/jlukas/My_Project/ROS2/ros2_rpi_vision/install/ros2_rpi_vision/share/ament_index/resource_index
creating /home/jlukas/My_Project/ROS2/ros2_rpi_vision/install/ros2_rpi_vision/share/ament_index/resource_index/packages
copying resource/ros2_rpi_vision -> /home/jlukas/My_Project/ROS2/ros2_rpi_vision/install/ros2_rpi_vision/share/ament_index/resource_index/packages
copying package.xml -> /home/jlukas/My_Project/ROS2/ros2_rpi_vision/install/ros2_rpi_vision/share/ros2_rpi_vision
creating /home/jlukas/My_Project/ROS2/ros2_rpi_vision/install/ros2_rpi_vision/share/ros2_rpi_vision/meshes
copying meshes/right_wheel_1.stl -> /home/jlukas/My_Project/ROS2/ros2_rpi_vision/install/ros2_rpi_vision/share/ros2_rpi_vision/meshes
copying meshes/left_wheel_1.stl -> /home/jlukas/My_Project/ROS2/ros2_rpi_vision/install/ros2_rpi_vision/share/ros2_rpi_vision/meshes
copying meshes/base_link.stl -> /home/jlukas/My_Project/ROS2/ros2_rpi_vision/install/ros2_rpi_vision/share/ros2_rpi_vision/meshes
copying meshes/lidar_1.stl -> /home/jlukas/My_Project/ROS2/ros2_rpi_vision/install/ros2_rpi_vision/share/ros2_rpi_vision/meshes
creating /home/jlukas/My_Project/ROS2/ros2_rpi_vision/install/ros2_rpi_vision/share/ros2_rpi_vision/launch
copying launch/rviz.launch.py -> /home/jlukas/My_Project/ROS2/ros2_rpi_vision/install/ros2_rpi_vision/share/ros2_rpi_vision/launch
creating /home/jlukas/My_Project/ROS2/ros2_rpi_vision/install/ros2_rpi_vision/share/ros2_rpi_vision/urdf
copying urdf/vision_rpi_bot.urdf -> /home/jlukas/My_Project/ROS2/ros2_rpi_vision/install/ros2_rpi_vision/share/ros2_rpi_vision/urdf
running install_egg_info
Copying ../../build/ros2_rpi_vision/ros2_rpi_vision.egg-info to /home/jlukas/My_Project/ROS2/ros2_rpi_vision/install/ros2_rpi_vision/lib/python3.10/site-packages/ros2_rpi_vision-0.0.0-py3.10.egg-info
running install_scripts
writing list of installed files to '/home/jlukas/My_Project/ROS2/ros2_rpi_vision/build/ros2_rpi_vision/install.log'
