[5.034s] Invoking command in '/home/jlukas/Desktop/My_Project/ROS2/ros2_differential_drive_robot/src/ros2_differential_drive_robot': PYTHONPATH=/home/jlukas/Desktop/My_Project/ROS2/ros2_differential_drive_robot/build/ros2_differential_drive_robot/prefix_override:/home/jlukas/Desktop/My_Project/ROS2/ros2_differential_drive_robot/install/ros2_differential_drive_robot/lib/python3.10/site-packages:${PYTHONPATH} /usr/bin/python3 setup.py egg_info --egg-base ../../build/ros2_differential_drive_robot build --build-base /home/jlukas/Desktop/My_Project/ROS2/ros2_differential_drive_robot/build/ros2_differential_drive_robot/build install --record /home/jlukas/Desktop/My_Project/ROS2/ros2_differential_drive_robot/build/ros2_differential_drive_robot/install.log --single-version-externally-managed
[6.604s] running egg_info
[6.607s] writing ../../build/ros2_differential_drive_robot/ros2_differential_drive_robot.egg-info/PKG-INFO
[6.609s] writing dependency_links to ../../build/ros2_differential_drive_robot/ros2_differential_drive_robot.egg-info/dependency_links.txt
[6.612s] writing entry points to ../../build/ros2_differential_drive_robot/ros2_differential_drive_robot.egg-info/entry_points.txt
[6.613s] writing requirements to ../../build/ros2_differential_drive_robot/ros2_differential_drive_robot.egg-info/requires.txt
[6.614s] writing top-level names to ../../build/ros2_differential_drive_robot/ros2_differential_drive_robot.egg-info/top_level.txt
[6.624s] reading manifest file '../../build/ros2_differential_drive_robot/ros2_differential_drive_robot.egg-info/SOURCES.txt'
[6.631s] writing manifest file '../../build/ros2_differential_drive_robot/ros2_differential_drive_robot.egg-info/SOURCES.txt'
[6.632s] running build
[6.632s] running build_py
[6.634s] copying ros2_differential_drive_robot/lidar_obstacle_steer_leftright.py -> /home/jlukas/Desktop/My_Project/ROS2/ros2_differential_drive_robot/build/ros2_differential_drive_robot/build/lib/ros2_differential_drive_robot
[6.637s] running install
[6.639s] /usr/lib/python3/dist-packages/setuptools/command/install.py:34: SetuptoolsDeprecationWarning: setup.py install is deprecated. Use build and pip and other standards-based tools.
[6.640s]   warnings.warn(
[6.641s] running install_lib
[6.642s] copying /home/jlukas/Desktop/My_Project/ROS2/ros2_differential_drive_robot/build/ros2_differential_drive_robot/build/lib/ros2_differential_drive_robot/lidar_obstacle_steer_leftright.py -> /home/jlukas/Desktop/My_Project/ROS2/ros2_differential_drive_robot/install/ros2_differential_drive_robot/lib/python3.10/site-packages/ros2_differential_drive_robot
[6.644s] byte-compiling /home/jlukas/Desktop/My_Project/ROS2/ros2_differential_drive_robot/install/ros2_differential_drive_robot/lib/python3.10/site-packages/ros2_differential_drive_robot/lidar_obstacle_steer_leftright.py to lidar_obstacle_steer_leftright.cpython-310.pyc
[6.647s] running install_data
[6.653s] running install_egg_info
[6.664s] removing '/home/jlukas/Desktop/My_Project/ROS2/ros2_differential_drive_robot/install/ros2_differential_drive_robot/lib/python3.10/site-packages/ros2_differential_drive_robot-0.0.0-py3.10.egg-info' (and everything under it)
[6.665s] Copying ../../build/ros2_differential_drive_robot/ros2_differential_drive_robot.egg-info to /home/jlukas/Desktop/My_Project/ROS2/ros2_differential_drive_robot/install/ros2_differential_drive_robot/lib/python3.10/site-packages/ros2_differential_drive_robot-0.0.0-py3.10.egg-info
[6.678s] running install_scripts
[6.776s] Installing lidar_obstacle script to /home/jlukas/Desktop/My_Project/ROS2/ros2_differential_drive_robot/install/ros2_differential_drive_robot/lib/ros2_differential_drive_robot
[6.779s] Installing lidar_obstacle_steer script to /home/jlukas/Desktop/My_Project/ROS2/ros2_differential_drive_robot/install/ros2_differential_drive_robot/lib/ros2_differential_drive_robot
[6.781s] writing list of installed files to '/home/jlukas/Desktop/My_Project/ROS2/ros2_differential_drive_robot/build/ros2_differential_drive_robot/install.log'
[6.838s] Invoked command in '/home/jlukas/Desktop/My_Project/ROS2/ros2_differential_drive_robot/src/ros2_differential_drive_robot' returned '0': PYTHONPATH=/home/jlukas/Desktop/My_Project/ROS2/ros2_differential_drive_robot/build/ros2_differential_drive_robot/prefix_override:/home/jlukas/Desktop/My_Project/ROS2/ros2_differential_drive_robot/install/ros2_differential_drive_robot/lib/python3.10/site-packages:${PYTHONPATH} /usr/bin/python3 setup.py egg_info --egg-base ../../build/ros2_differential_drive_robot build --build-base /home/jlukas/Desktop/My_Project/ROS2/ros2_differential_drive_robot/build/ros2_differential_drive_robot/build install --record /home/jlukas/Desktop/My_Project/ROS2/ros2_differential_drive_robot/build/ros2_differential_drive_robot/install.log --single-version-externally-managed
