[1.654s] Invoking command in '/home/jlukas/Desktop/My_Project/ROS2/techdiffbot/src/techdiffbot': PYTHONPATH=/home/jlukas/Desktop/My_Project/ROS2/techdiffbot/build/techdiffbot/prefix_override:/home/jlukas/Desktop/My_Project/ROS2/techdiffbot/install/techdiffbot/lib/python3.10/site-packages:${PYTHONPATH} /usr/bin/python3 setup.py egg_info --egg-base ../../build/techdiffbot build --build-base /home/jlukas/Desktop/My_Project/ROS2/techdiffbot/build/techdiffbot/build install --record /home/jlukas/Desktop/My_Project/ROS2/techdiffbot/build/techdiffbot/install.log --single-version-externally-managed
[2.006s] running egg_info
[2.009s] writing ../../build/techdiffbot/techdiffbot.egg-info/PKG-INFO
[2.010s] writing dependency_links to ../../build/techdiffbot/techdiffbot.egg-info/dependency_links.txt
[2.010s] writing entry points to ../../build/techdiffbot/techdiffbot.egg-info/entry_points.txt
[2.010s] writing requirements to ../../build/techdiffbot/techdiffbot.egg-info/requires.txt
[2.010s] writing top-level names to ../../build/techdiffbot/techdiffbot.egg-info/top_level.txt
[2.012s] reading manifest file '../../build/techdiffbot/techdiffbot.egg-info/SOURCES.txt'
[2.014s] writing manifest file '../../build/techdiffbot/techdiffbot.egg-info/SOURCES.txt'
[2.015s] running build
[2.015s] running build_py
[2.015s] running install
[2.016s] running install_lib
[2.018s] running install_data
[2.020s] copying config/mapper_params_online_async.yaml -> /home/jlukas/Desktop/My_Project/ROS2/techdiffbot/install/techdiffbot/share/techdiffbot/config
[2.020s] running install_egg_info
[2.022s] removing '/home/jlukas/Desktop/My_Project/ROS2/techdiffbot/install/techdiffbot/lib/python3.10/site-packages/techdiffbot-0.0.0-py3.10.egg-info' (and everything under it)
[2.023s] Copying ../../build/techdiffbot/techdiffbot.egg-info to /home/jlukas/Desktop/My_Project/ROS2/techdiffbot/install/techdiffbot/lib/python3.10/site-packages/techdiffbot-0.0.0-py3.10.egg-info
[2.024s] running install_scripts
[2.048s] writing list of installed files to '/home/jlukas/Desktop/My_Project/ROS2/techdiffbot/build/techdiffbot/install.log'
[2.088s] Invoked command in '/home/jlukas/Desktop/My_Project/ROS2/techdiffbot/src/techdiffbot' returned '0': PYTHONPATH=/home/jlukas/Desktop/My_Project/ROS2/techdiffbot/build/techdiffbot/prefix_override:/home/jlukas/Desktop/My_Project/ROS2/techdiffbot/install/techdiffbot/lib/python3.10/site-packages:${PYTHONPATH} /usr/bin/python3 setup.py egg_info --egg-base ../../build/techdiffbot build --build-base /home/jlukas/Desktop/My_Project/ROS2/techdiffbot/build/techdiffbot/build install --record /home/jlukas/Desktop/My_Project/ROS2/techdiffbot/build/techdiffbot/install.log --single-version-externally-managed
