[0.748s] DEBUG:colcon:Command line arguments: ['/usr/bin/colcon', 'build', '--symlink-install']
[0.748s] DEBUG:colcon:Parsed command line arguments: Namespace(log_base=None, log_level=None, verb_name='build', build_base='build', install_base='install', merge_install=False, symlink_install=True, test_result_base=None, continue_on_error=False, executor='parallel', parallel_workers=4, event_handlers=None, ignore_user_meta=False, metas=['./colcon.meta'], base_paths=['.'], packages_ignore=None, packages_ignore_regex=None, paths=None, packages_up_to=None, packages_up_to_regex=None, packages_above=None, packages_above_and_dependencies=None, packages_above_depth=None, packages_select_by_dep=None, packages_skip_by_dep=None, packages_skip_up_to=None, packages_select_build_failed=False, packages_skip_build_finished=False, packages_select_test_failures=False, packages_skip_test_passed=False, packages_select=None, packages_skip=None, packages_select_regex=None, packages_skip_regex=None, packages_start=None, packages_end=None, allow_overriding=[], cmake_args=None, cmake_target=None, cmake_target_skip_unavailable=False, cmake_clean_cache=False, cmake_clean_first=False, cmake_force_configure=False, ament_cmake_args=None, catkin_cmake_args=None, catkin_skip_building_tests=False, verb_parser=<colcon_defaults.argument_parser.defaults.DefaultArgumentsDecorator object at 0x7f38b391d3f0>, verb_extension=<colcon_core.verb.build.BuildVerb object at 0x7f38b391c5e0>, main=<bound method BuildVerb.main of <colcon_core.verb.build.BuildVerb object at 0x7f38b391c5e0>>)
[1.367s] Level 1:colcon.colcon_core.package_discovery:discover_packages(colcon_meta) check parameters
[1.367s] Level 1:colcon.colcon_core.package_discovery:discover_packages(recursive) check parameters
[1.367s] Level 1:colcon.colcon_core.package_discovery:discover_packages(ignore) check parameters
[1.367s] Level 1:colcon.colcon_core.package_discovery:discover_packages(path) check parameters
[1.367s] Level 1:colcon.colcon_core.package_discovery:discover_packages(colcon_meta) discover
[1.367s] Level 1:colcon.colcon_core.package_discovery:discover_packages(recursive) discover
[1.367s] INFO:colcon.colcon_core.package_discovery:Crawling recursively for packages in '/home/jlukas/Desktop/My_Project/ROS2/techdiffbot'
[1.367s] Level 1:colcon.colcon_core.package_identification:_identify(.) by extensions ['ignore', 'ignore_ament_install']
[1.367s] Level 1:colcon.colcon_core.package_identification:_identify(.) by extension 'ignore'
[1.367s] Level 1:colcon.colcon_core.package_identification:_identify(.) by extension 'ignore_ament_install'
[1.368s] Level 1:colcon.colcon_core.package_identification:_identify(.) by extensions ['colcon_pkg']
[1.368s] Level 1:colcon.colcon_core.package_identification:_identify(.) by extension 'colcon_pkg'
[1.368s] Level 1:colcon.colcon_core.package_identification:_identify(.) by extensions ['colcon_meta']
[1.368s] Level 1:colcon.colcon_core.package_identification:_identify(.) by extension 'colcon_meta'
[1.368s] Level 1:colcon.colcon_core.package_identification:_identify(.) by extensions ['ros']
[1.368s] Level 1:colcon.colcon_core.package_identification:_identify(.) by extension 'ros'
[1.387s] Level 1:colcon.colcon_core.package_identification:_identify(.) by extensions ['cmake', 'python']
[1.387s] Level 1:colcon.colcon_core.package_identification:_identify(.) by extension 'cmake'
[1.388s] Level 1:colcon.colcon_core.package_identification:_identify(.) by extension 'python'
[1.388s] Level 1:colcon.colcon_core.package_identification:_identify(.) by extensions ['python_setup_py']
[1.388s] Level 1:colcon.colcon_core.package_identification:_identify(.) by extension 'python_setup_py'
[1.388s] Level 1:colcon.colcon_core.package_identification:_identify(build) by extensions ['ignore', 'ignore_ament_install']
[1.388s] Level 1:colcon.colcon_core.package_identification:_identify(build) by extension 'ignore'
[1.388s] Level 1:colcon.colcon_core.package_identification:_identify(build) ignored
[1.388s] Level 1:colcon.colcon_core.package_identification:_identify(install) by extensions ['ignore', 'ignore_ament_install']
[1.388s] Level 1:colcon.colcon_core.package_identification:_identify(install) by extension 'ignore'
[1.388s] Level 1:colcon.colcon_core.package_identification:_identify(install) ignored
[1.388s] Level 1:colcon.colcon_core.package_identification:_identify(log) by extensions ['ignore', 'ignore_ament_install']
[1.388s] Level 1:colcon.colcon_core.package_identification:_identify(log) by extension 'ignore'
[1.388s] Level 1:colcon.colcon_core.package_identification:_identify(log) ignored
[1.389s] Level 1:colcon.colcon_core.package_identification:_identify(map) by extensions ['ignore', 'ignore_ament_install']
[1.390s] Level 1:colcon.colcon_core.package_identification:_identify(map) by extension 'ignore'
[1.390s] Level 1:colcon.colcon_core.package_identification:_identify(map) by extension 'ignore_ament_install'
[1.390s] Level 1:colcon.colcon_core.package_identification:_identify(map) by extensions ['colcon_pkg']
[1.390s] Level 1:colcon.colcon_core.package_identification:_identify(map) by extension 'colcon_pkg'
[1.390s] Level 1:colcon.colcon_core.package_identification:_identify(map) by extensions ['colcon_meta']
[1.390s] Level 1:colcon.colcon_core.package_identification:_identify(map) by extension 'colcon_meta'
[1.390s] Level 1:colcon.colcon_core.package_identification:_identify(map) by extensions ['ros']
[1.390s] Level 1:colcon.colcon_core.package_identification:_identify(map) by extension 'ros'
[1.390s] Level 1:colcon.colcon_core.package_identification:_identify(map) by extensions ['cmake', 'python']
[1.390s] Level 1:colcon.colcon_core.package_identification:_identify(map) by extension 'cmake'
[1.390s] Level 1:colcon.colcon_core.package_identification:_identify(map) by extension 'python'
[1.390s] Level 1:colcon.colcon_core.package_identification:_identify(map) by extensions ['python_setup_py']
[1.390s] Level 1:colcon.colcon_core.package_identification:_identify(map) by extension 'python_setup_py'
[1.390s] Level 1:colcon.colcon_core.package_identification:_identify(src) by extensions ['ignore', 'ignore_ament_install']
[1.390s] Level 1:colcon.colcon_core.package_identification:_identify(src) by extension 'ignore'
[1.390s] Level 1:colcon.colcon_core.package_identification:_identify(src) by extension 'ignore_ament_install'
[1.390s] Level 1:colcon.colcon_core.package_identification:_identify(src) by extensions ['colcon_pkg']
[1.390s] Level 1:colcon.colcon_core.package_identification:_identify(src) by extension 'colcon_pkg'
[1.391s] Level 1:colcon.colcon_core.package_identification:_identify(src) by extensions ['colcon_meta']
[1.391s] Level 1:colcon.colcon_core.package_identification:_identify(src) by extension 'colcon_meta'
[1.391s] Level 1:colcon.colcon_core.package_identification:_identify(src) by extensions ['ros']
[1.391s] Level 1:colcon.colcon_core.package_identification:_identify(src) by extension 'ros'
[1.391s] Level 1:colcon.colcon_core.package_identification:_identify(src) by extensions ['cmake', 'python']
[1.391s] Level 1:colcon.colcon_core.package_identification:_identify(src) by extension 'cmake'
[1.391s] Level 1:colcon.colcon_core.package_identification:_identify(src) by extension 'python'
[1.391s] Level 1:colcon.colcon_core.package_identification:_identify(src) by extensions ['python_setup_py']
[1.391s] Level 1:colcon.colcon_core.package_identification:_identify(src) by extension 'python_setup_py'
[1.391s] Level 1:colcon.colcon_core.package_identification:_identify(src/diffdrive_arduino) by extensions ['ignore', 'ignore_ament_install']
[1.392s] Level 1:colcon.colcon_core.package_identification:_identify(src/diffdrive_arduino) by extension 'ignore'
[1.392s] Level 1:colcon.colcon_core.package_identification:_identify(src/diffdrive_arduino) by extension 'ignore_ament_install'
[1.392s] Level 1:colcon.colcon_core.package_identification:_identify(src/diffdrive_arduino) by extensions ['colcon_pkg']
[1.392s] Level 1:colcon.colcon_core.package_identification:_identify(src/diffdrive_arduino) by extension 'colcon_pkg'
[1.392s] Level 1:colcon.colcon_core.package_identification:_identify(src/diffdrive_arduino) by extensions ['colcon_meta']
[1.392s] Level 1:colcon.colcon_core.package_identification:_identify(src/diffdrive_arduino) by extension 'colcon_meta'
[1.392s] Level 1:colcon.colcon_core.package_identification:_identify(src/diffdrive_arduino) by extensions ['ros']
[1.392s] Level 1:colcon.colcon_core.package_identification:_identify(src/diffdrive_arduino) by extension 'ros'
[1.399s] DEBUG:colcon.colcon_core.package_identification:Package 'src/diffdrive_arduino' with type 'ros.ament_cmake' and name 'diffdrive_arduino'
[1.400s] Level 1:colcon.colcon_core.package_identification:_identify(src/serial) by extensions ['ignore', 'ignore_ament_install']
[1.400s] Level 1:colcon.colcon_core.package_identification:_identify(src/serial) by extension 'ignore'
[1.400s] Level 1:colcon.colcon_core.package_identification:_identify(src/serial) by extension 'ignore_ament_install'
[1.401s] Level 1:colcon.colcon_core.package_identification:_identify(src/serial) by extensions ['colcon_pkg']
[1.401s] Level 1:colcon.colcon_core.package_identification:_identify(src/serial) by extension 'colcon_pkg'
[1.401s] Level 1:colcon.colcon_core.package_identification:_identify(src/serial) by extensions ['colcon_meta']
[1.401s] Level 1:colcon.colcon_core.package_identification:_identify(src/serial) by extension 'colcon_meta'
[1.401s] Level 1:colcon.colcon_core.package_identification:_identify(src/serial) by extensions ['ros']
[1.401s] Level 1:colcon.colcon_core.package_identification:_identify(src/serial) by extension 'ros'
[1.402s] DEBUG:colcon.colcon_core.package_identification:Package 'src/serial' with type 'ros.ament_cmake' and name 'serial'
[1.402s] Level 1:colcon.colcon_core.package_identification:_identify(src/techdiffbot) by extensions ['ignore', 'ignore_ament_install']
[1.402s] Level 1:colcon.colcon_core.package_identification:_identify(src/techdiffbot) by extension 'ignore'
[1.402s] Level 1:colcon.colcon_core.package_identification:_identify(src/techdiffbot) by extension 'ignore_ament_install'
[1.402s] Level 1:colcon.colcon_core.package_identification:_identify(src/techdiffbot) by extensions ['colcon_pkg']
[1.402s] Level 1:colcon.colcon_core.package_identification:_identify(src/techdiffbot) by extension 'colcon_pkg'
[1.402s] Level 1:colcon.colcon_core.package_identification:_identify(src/techdiffbot) by extensions ['colcon_meta']
[1.402s] Level 1:colcon.colcon_core.package_identification:_identify(src/techdiffbot) by extension 'colcon_meta'
[1.402s] Level 1:colcon.colcon_core.package_identification:_identify(src/techdiffbot) by extensions ['ros']
[1.402s] Level 1:colcon.colcon_core.package_identification:_identify(src/techdiffbot) by extension 'ros'
[1.404s] DEBUG:colcon.colcon_core.package_identification:Package 'src/techdiffbot' with type 'ros.ament_python' and name 'techdiffbot'
[1.404s] Level 1:colcon.colcon_core.package_discovery:discover_packages(recursive) using defaults
[1.404s] Level 1:colcon.colcon_core.package_discovery:discover_packages(ignore) discover
[1.404s] Level 1:colcon.colcon_core.package_discovery:discover_packages(ignore) using defaults
[1.404s] Level 1:colcon.colcon_core.package_discovery:discover_packages(path) discover
[1.404s] Level 1:colcon.colcon_core.package_discovery:discover_packages(path) using defaults
[1.479s] Level 1:colcon.colcon_core.package_discovery:discover_packages(prefix_path) check parameters
[1.479s] Level 1:colcon.colcon_core.package_discovery:discover_packages(prefix_path) discover
[1.487s] DEBUG:colcon.colcon_installed_package_information.package_discovery:Found 396 installed packages in /opt/ros/humble
[1.489s] Level 1:colcon.colcon_core.package_discovery:discover_packages(prefix_path) using defaults
[1.557s] Level 5:colcon.colcon_core.verb:set package 'diffdrive_arduino' build argument 'cmake_args' from command line to 'None'
[1.557s] Level 5:colcon.colcon_core.verb:set package 'diffdrive_arduino' build argument 'cmake_target' from command line to 'None'
[1.557s] Level 5:colcon.colcon_core.verb:set package 'diffdrive_arduino' build argument 'cmake_target_skip_unavailable' from command line to 'False'
[1.557s] Level 5:colcon.colcon_core.verb:set package 'diffdrive_arduino' build argument 'cmake_clean_cache' from command line to 'False'
[1.557s] Level 5:colcon.colcon_core.verb:set package 'diffdrive_arduino' build argument 'cmake_clean_first' from command line to 'False'
[1.557s] Level 5:colcon.colcon_core.verb:set package 'diffdrive_arduino' build argument 'cmake_force_configure' from command line to 'False'
[1.557s] Level 5:colcon.colcon_core.verb:set package 'diffdrive_arduino' build argument 'ament_cmake_args' from command line to 'None'
[1.557s] Level 5:colcon.colcon_core.verb:set package 'diffdrive_arduino' build argument 'catkin_cmake_args' from command line to 'None'
[1.557s] Level 5:colcon.colcon_core.verb:set package 'diffdrive_arduino' build argument 'catkin_skip_building_tests' from command line to 'False'
[1.557s] DEBUG:colcon.colcon_core.verb:Building package 'diffdrive_arduino' with the following arguments: {'ament_cmake_args': None, 'build_base': '/home/jlukas/Desktop/My_Project/ROS2/techdiffbot/build/diffdrive_arduino', 'catkin_cmake_args': None, 'catkin_skip_building_tests': False, 'cmake_args': None, 'cmake_clean_cache': False, 'cmake_clean_first': False, 'cmake_force_configure': False, 'cmake_target': None, 'cmake_target_skip_unavailable': False, 'install_base': '/home/jlukas/Desktop/My_Project/ROS2/techdiffbot/install/diffdrive_arduino', 'merge_install': False, 'path': '/home/jlukas/Desktop/My_Project/ROS2/techdiffbot/src/diffdrive_arduino', 'symlink_install': True, 'test_result_base': None}
[1.557s] Level 5:colcon.colcon_core.verb:set package 'serial' build argument 'cmake_args' from command line to 'None'
[1.558s] Level 5:colcon.colcon_core.verb:set package 'serial' build argument 'cmake_target' from command line to 'None'
[1.558s] Level 5:colcon.colcon_core.verb:set package 'serial' build argument 'cmake_target_skip_unavailable' from command line to 'False'
[1.558s] Level 5:colcon.colcon_core.verb:set package 'serial' build argument 'cmake_clean_cache' from command line to 'False'
[1.558s] Level 5:colcon.colcon_core.verb:set package 'serial' build argument 'cmake_clean_first' from command line to 'False'
[1.558s] Level 5:colcon.colcon_core.verb:set package 'serial' build argument 'cmake_force_configure' from command line to 'False'
[1.558s] Level 5:colcon.colcon_core.verb:set package 'serial' build argument 'ament_cmake_args' from command line to 'None'
[1.558s] Level 5:colcon.colcon_core.verb:set package 'serial' build argument 'catkin_cmake_args' from command line to 'None'
[1.558s] Level 5:colcon.colcon_core.verb:set package 'serial' build argument 'catkin_skip_building_tests' from command line to 'False'
[1.558s] DEBUG:colcon.colcon_core.verb:Building package 'serial' with the following arguments: {'ament_cmake_args': None, 'build_base': '/home/jlukas/Desktop/My_Project/ROS2/techdiffbot/build/serial', 'catkin_cmake_args': None, 'catkin_skip_building_tests': False, 'cmake_args': None, 'cmake_clean_cache': False, 'cmake_clean_first': False, 'cmake_force_configure': False, 'cmake_target': None, 'cmake_target_skip_unavailable': False, 'install_base': '/home/jlukas/Desktop/My_Project/ROS2/techdiffbot/install/serial', 'merge_install': False, 'path': '/home/jlukas/Desktop/My_Project/ROS2/techdiffbot/src/serial', 'symlink_install': True, 'test_result_base': None}
[1.558s] Level 5:colcon.colcon_core.verb:set package 'techdiffbot' build argument 'cmake_args' from command line to 'None'
[1.558s] Level 5:colcon.colcon_core.verb:set package 'techdiffbot' build argument 'cmake_target' from command line to 'None'
[1.558s] Level 5:colcon.colcon_core.verb:set package 'techdiffbot' build argument 'cmake_target_skip_unavailable' from command line to 'False'
[1.558s] Level 5:colcon.colcon_core.verb:set package 'techdiffbot' build argument 'cmake_clean_cache' from command line to 'False'
[1.558s] Level 5:colcon.colcon_core.verb:set package 'techdiffbot' build argument 'cmake_clean_first' from command line to 'False'
[1.558s] Level 5:colcon.colcon_core.verb:set package 'techdiffbot' build argument 'cmake_force_configure' from command line to 'False'
[1.558s] Level 5:colcon.colcon_core.verb:set package 'techdiffbot' build argument 'ament_cmake_args' from command line to 'None'
[1.558s] Level 5:colcon.colcon_core.verb:set package 'techdiffbot' build argument 'catkin_cmake_args' from command line to 'None'
[1.558s] Level 5:colcon.colcon_core.verb:set package 'techdiffbot' build argument 'catkin_skip_building_tests' from command line to 'False'
[1.558s] DEBUG:colcon.colcon_core.verb:Building package 'techdiffbot' with the following arguments: {'ament_cmake_args': None, 'build_base': '/home/jlukas/Desktop/My_Project/ROS2/techdiffbot/build/techdiffbot', 'catkin_cmake_args': None, 'catkin_skip_building_tests': False, 'cmake_args': None, 'cmake_clean_cache': False, 'cmake_clean_first': False, 'cmake_force_configure': False, 'cmake_target': None, 'cmake_target_skip_unavailable': False, 'install_base': '/home/jlukas/Desktop/My_Project/ROS2/techdiffbot/install/techdiffbot', 'merge_install': False, 'path': '/home/jlukas/Desktop/My_Project/ROS2/techdiffbot/src/techdiffbot', 'symlink_install': True, 'test_result_base': None}
[1.559s] INFO:colcon.colcon_core.executor:Executing jobs using 'parallel' executor
[1.560s] DEBUG:colcon.colcon_parallel_executor.executor.parallel:run_until_complete
[1.560s] INFO:colcon.colcon_ros.task.ament_cmake.build:Building ROS package in '/home/jlukas/Desktop/My_Project/ROS2/techdiffbot/src/diffdrive_arduino' with build type 'ament_cmake'
[1.560s] INFO:colcon.colcon_cmake.task.cmake.build:Building CMake package in '/home/jlukas/Desktop/My_Project/ROS2/techdiffbot/src/diffdrive_arduino'
[1.582s] INFO:colcon.colcon_core.plugin_system:Skipping extension 'colcon_core.shell.bat': Not used on non-Windows systems
[1.582s] INFO:colcon.colcon_core.shell:Skip shell extension 'powershell' for command environment: Not usable outside of PowerShell
[1.582s] DEBUG:colcon.colcon_core.shell:Skip shell extension 'dsv' for command environment
[1.588s] INFO:colcon.colcon_ros.task.ament_cmake.build:Building ROS package in '/home/jlukas/Desktop/My_Project/ROS2/techdiffbot/src/serial' with build type 'ament_cmake'
[1.588s] INFO:colcon.colcon_cmake.task.cmake.build:Building CMake package in '/home/jlukas/Desktop/My_Project/ROS2/techdiffbot/src/serial'
[1.589s] INFO:colcon.colcon_core.shell:Skip shell extension 'powershell' for command environment: Not usable outside of PowerShell
[1.589s] DEBUG:colcon.colcon_core.shell:Skip shell extension 'dsv' for command environment
[1.605s] INFO:colcon.colcon_ros.task.ament_python.build:Building ROS package in '/home/jlukas/Desktop/My_Project/ROS2/techdiffbot/src/techdiffbot' with build type 'ament_python'
[1.606s] Level 1:colcon.colcon_core.shell:create_environment_hook('techdiffbot', 'ament_prefix_path')
[1.606s] INFO:colcon.colcon_core.shell:Creating environment hook '/home/jlukas/Desktop/My_Project/ROS2/techdiffbot/install/techdiffbot/share/techdiffbot/hook/ament_prefix_path.ps1'
[1.614s] INFO:colcon.colcon_core.shell:Creating environment descriptor '/home/jlukas/Desktop/My_Project/ROS2/techdiffbot/install/techdiffbot/share/techdiffbot/hook/ament_prefix_path.dsv'
[1.620s] INFO:colcon.colcon_core.shell:Creating environment hook '/home/jlukas/Desktop/My_Project/ROS2/techdiffbot/install/techdiffbot/share/techdiffbot/hook/ament_prefix_path.sh'
[1.626s] INFO:colcon.colcon_core.shell:Skip shell extension 'powershell' for command environment: Not usable outside of PowerShell
[1.626s] DEBUG:colcon.colcon_core.shell:Skip shell extension 'dsv' for command environment
[1.641s] DEBUG:colcon.colcon_core.event_handler.log_command:Invoking command in '/home/jlukas/Desktop/My_Project/ROS2/techdiffbot/build/diffdrive_arduino': CMAKE_PREFIX_PATH=/opt/ros/humble /usr/bin/cmake --build /home/jlukas/Desktop/My_Project/ROS2/techdiffbot/build/diffdrive_arduino -- -j4 -l4
[1.661s] DEBUG:colcon.colcon_core.event_handler.log_command:Invoking command in '/home/jlukas/Desktop/My_Project/ROS2/techdiffbot/build/serial': CMAKE_PREFIX_PATH=/opt/ros/humble /usr/bin/cmake --build /home/jlukas/Desktop/My_Project/ROS2/techdiffbot/build/serial -- -j4 -l4
[2.237s] INFO:colcon.colcon_core.task.python.build:Building Python package in '/home/jlukas/Desktop/My_Project/ROS2/techdiffbot/src/techdiffbot'
[2.237s] INFO:colcon.colcon_core.shell:Skip shell extension 'powershell' for command environment: Not usable outside of PowerShell
[2.237s] DEBUG:colcon.colcon_core.shell:Skip shell extension 'dsv' for command environment
[2.242s] DEBUG:colcon.colcon_core.event_handler.log_command:Invoked command in '/home/jlukas/Desktop/My_Project/ROS2/techdiffbot/build/diffdrive_arduino' returned '0': CMAKE_PREFIX_PATH=/opt/ros/humble /usr/bin/cmake --build /home/jlukas/Desktop/My_Project/ROS2/techdiffbot/build/diffdrive_arduino -- -j4 -l4
[2.244s] DEBUG:colcon.colcon_core.event_handler.log_command:Invoked command in '/home/jlukas/Desktop/My_Project/ROS2/techdiffbot/build/serial' returned '0': CMAKE_PREFIX_PATH=/opt/ros/humble /usr/bin/cmake --build /home/jlukas/Desktop/My_Project/ROS2/techdiffbot/build/serial -- -j4 -l4
[2.304s] DEBUG:colcon.colcon_core.event_handler.log_command:Invoking command in '/home/jlukas/Desktop/My_Project/ROS2/techdiffbot/build/diffdrive_arduino': CMAKE_PREFIX_PATH=/opt/ros/humble /usr/bin/cmake --install /home/jlukas/Desktop/My_Project/ROS2/techdiffbot/build/diffdrive_arduino
[2.317s] DEBUG:colcon.colcon_core.event_handler.log_command:Invoking command in '/home/jlukas/Desktop/My_Project/ROS2/techdiffbot/build/serial': CMAKE_PREFIX_PATH=/opt/ros/humble /usr/bin/cmake --install /home/jlukas/Desktop/My_Project/ROS2/techdiffbot/build/serial
[2.391s] Level 1:colcon.colcon_core.environment:create_environment_scripts_only(serial)
[2.393s] DEBUG:colcon.colcon_core.event_handler.log_command:Invoked command in '/home/jlukas/Desktop/My_Project/ROS2/techdiffbot/build/serial' returned '0': CMAKE_PREFIX_PATH=/opt/ros/humble /usr/bin/cmake --install /home/jlukas/Desktop/My_Project/ROS2/techdiffbot/build/serial
[2.426s] Level 1:colcon.colcon_core.environment:checking '/home/jlukas/Desktop/My_Project/ROS2/techdiffbot/install/serial' for CMake module files
[2.427s] Level 1:colcon.colcon_core.environment:checking '/home/jlukas/Desktop/My_Project/ROS2/techdiffbot/install/serial' for CMake config files
[2.431s] Level 1:colcon.colcon_core.shell:create_environment_hook('serial', 'cmake_prefix_path')
[2.432s] INFO:colcon.colcon_core.shell:Creating environment hook '/home/jlukas/Desktop/My_Project/ROS2/techdiffbot/install/serial/share/serial/hook/cmake_prefix_path.ps1'
[2.432s] INFO:colcon.colcon_core.shell:Creating environment descriptor '/home/jlukas/Desktop/My_Project/ROS2/techdiffbot/install/serial/share/serial/hook/cmake_prefix_path.dsv'
[2.441s] INFO:colcon.colcon_core.shell:Creating environment hook '/home/jlukas/Desktop/My_Project/ROS2/techdiffbot/install/serial/share/serial/hook/cmake_prefix_path.sh'
[2.444s] Level 1:colcon.colcon_core.environment:checking '/home/jlukas/Desktop/My_Project/ROS2/techdiffbot/install/serial/lib'
[2.444s] Level 1:colcon.colcon_core.environment:checking '/home/jlukas/Desktop/My_Project/ROS2/techdiffbot/install/serial/bin'
[2.445s] Level 1:colcon.colcon_core.environment:checking '/home/jlukas/Desktop/My_Project/ROS2/techdiffbot/install/serial/lib/pkgconfig/serial.pc'
[2.445s] Level 1:colcon.colcon_core.environment:checking '/home/jlukas/Desktop/My_Project/ROS2/techdiffbot/install/serial/lib/python3.10/site-packages'
[2.445s] Level 1:colcon.colcon_core.environment:checking '/home/jlukas/Desktop/My_Project/ROS2/techdiffbot/install/serial/bin'
[2.445s] INFO:colcon.colcon_core.shell:Creating package script '/home/jlukas/Desktop/My_Project/ROS2/techdiffbot/install/serial/share/serial/package.ps1'
[2.449s] INFO:colcon.colcon_core.shell:Creating package descriptor '/home/jlukas/Desktop/My_Project/ROS2/techdiffbot/install/serial/share/serial/package.dsv'
[2.455s] INFO:colcon.colcon_core.shell:Creating package script '/home/jlukas/Desktop/My_Project/ROS2/techdiffbot/install/serial/share/serial/package.sh'
[2.457s] INFO:colcon.colcon_core.shell:Creating package script '/home/jlukas/Desktop/My_Project/ROS2/techdiffbot/install/serial/share/serial/package.bash'
[2.463s] INFO:colcon.colcon_core.shell:Creating package script '/home/jlukas/Desktop/My_Project/ROS2/techdiffbot/install/serial/share/serial/package.zsh'
[2.469s] Level 1:colcon.colcon_core.environment:create_file_with_runtime_dependencies(/home/jlukas/Desktop/My_Project/ROS2/techdiffbot/install/serial/share/colcon-core/packages/serial)
[2.471s] Level 1:colcon.colcon_core.environment:create_environment_scripts_only(diffdrive_arduino)
[2.472s] Level 1:colcon.colcon_core.environment:checking '/home/jlukas/Desktop/My_Project/ROS2/techdiffbot/install/diffdrive_arduino' for CMake module files
[2.474s] DEBUG:colcon.colcon_core.event_handler.log_command:Invoked command in '/home/jlukas/Desktop/My_Project/ROS2/techdiffbot/build/diffdrive_arduino' returned '0': CMAKE_PREFIX_PATH=/opt/ros/humble /usr/bin/cmake --install /home/jlukas/Desktop/My_Project/ROS2/techdiffbot/build/diffdrive_arduino
[2.475s] Level 1:colcon.colcon_core.environment:checking '/home/jlukas/Desktop/My_Project/ROS2/techdiffbot/install/diffdrive_arduino' for CMake config files
[2.479s] Level 1:colcon.colcon_core.shell:create_environment_hook('diffdrive_arduino', 'cmake_prefix_path')
[2.480s] INFO:colcon.colcon_core.shell:Creating environment hook '/home/jlukas/Desktop/My_Project/ROS2/techdiffbot/install/diffdrive_arduino/share/diffdrive_arduino/hook/cmake_prefix_path.ps1'
[2.481s] INFO:colcon.colcon_core.shell:Creating environment descriptor '/home/jlukas/Desktop/My_Project/ROS2/techdiffbot/install/diffdrive_arduino/share/diffdrive_arduino/hook/cmake_prefix_path.dsv'
[2.483s] INFO:colcon.colcon_core.shell:Creating environment hook '/home/jlukas/Desktop/My_Project/ROS2/techdiffbot/install/diffdrive_arduino/share/diffdrive_arduino/hook/cmake_prefix_path.sh'
[2.485s] Level 1:colcon.colcon_core.environment:checking '/home/jlukas/Desktop/My_Project/ROS2/techdiffbot/install/diffdrive_arduino/lib'
[2.485s] Level 1:colcon.colcon_core.shell:create_environment_hook('diffdrive_arduino', 'ld_library_path_lib')
[2.486s] INFO:colcon.colcon_core.shell:Creating environment hook '/home/jlukas/Desktop/My_Project/ROS2/techdiffbot/install/diffdrive_arduino/share/diffdrive_arduino/hook/ld_library_path_lib.ps1'
[2.486s] INFO:colcon.colcon_core.shell:Creating environment descriptor '/home/jlukas/Desktop/My_Project/ROS2/techdiffbot/install/diffdrive_arduino/share/diffdrive_arduino/hook/ld_library_path_lib.dsv'
[2.487s] INFO:colcon.colcon_core.shell:Creating environment hook '/home/jlukas/Desktop/My_Project/ROS2/techdiffbot/install/diffdrive_arduino/share/diffdrive_arduino/hook/ld_library_path_lib.sh'
[2.488s] Level 1:colcon.colcon_core.environment:checking '/home/jlukas/Desktop/My_Project/ROS2/techdiffbot/install/diffdrive_arduino/bin'
[2.488s] Level 1:colcon.colcon_core.environment:checking '/home/jlukas/Desktop/My_Project/ROS2/techdiffbot/install/diffdrive_arduino/lib/pkgconfig/diffdrive_arduino.pc'
[2.489s] Level 1:colcon.colcon_core.environment:checking '/home/jlukas/Desktop/My_Project/ROS2/techdiffbot/install/diffdrive_arduino/lib/python3.10/site-packages'
[2.490s] Level 1:colcon.colcon_core.environment:checking '/home/jlukas/Desktop/My_Project/ROS2/techdiffbot/install/diffdrive_arduino/bin'
[2.491s] INFO:colcon.colcon_core.shell:Creating package script '/home/jlukas/Desktop/My_Project/ROS2/techdiffbot/install/diffdrive_arduino/share/diffdrive_arduino/package.ps1'
[2.492s] INFO:colcon.colcon_core.shell:Creating package descriptor '/home/jlukas/Desktop/My_Project/ROS2/techdiffbot/install/diffdrive_arduino/share/diffdrive_arduino/package.dsv'
[2.494s] INFO:colcon.colcon_core.shell:Creating package script '/home/jlukas/Desktop/My_Project/ROS2/techdiffbot/install/diffdrive_arduino/share/diffdrive_arduino/package.sh'
[2.495s] INFO:colcon.colcon_core.shell:Creating package script '/home/jlukas/Desktop/My_Project/ROS2/techdiffbot/install/diffdrive_arduino/share/diffdrive_arduino/package.bash'
[2.496s] INFO:colcon.colcon_core.shell:Creating package script '/home/jlukas/Desktop/My_Project/ROS2/techdiffbot/install/diffdrive_arduino/share/diffdrive_arduino/package.zsh'
[2.497s] Level 1:colcon.colcon_core.environment:create_file_with_runtime_dependencies(/home/jlukas/Desktop/My_Project/ROS2/techdiffbot/install/diffdrive_arduino/share/colcon-core/packages/diffdrive_arduino)
[2.537s] Level 1:colcon.colcon_core.environment:create_environment_scripts_only(serial)
[2.538s] Level 1:colcon.colcon_core.environment:checking '/home/jlukas/Desktop/My_Project/ROS2/techdiffbot/install/serial' for CMake module files
[2.539s] Level 1:colcon.colcon_core.environment:checking '/home/jlukas/Desktop/My_Project/ROS2/techdiffbot/install/serial' for CMake config files
[2.540s] Level 1:colcon.colcon_core.shell:create_environment_hook('serial', 'cmake_prefix_path')
[2.540s] INFO:colcon.colcon_core.shell:Creating environment hook '/home/jlukas/Desktop/My_Project/ROS2/techdiffbot/install/serial/share/serial/hook/cmake_prefix_path.ps1'
[2.541s] INFO:colcon.colcon_core.shell:Creating environment descriptor '/home/jlukas/Desktop/My_Project/ROS2/techdiffbot/install/serial/share/serial/hook/cmake_prefix_path.dsv'
[2.545s] INFO:colcon.colcon_core.shell:Creating environment hook '/home/jlukas/Desktop/My_Project/ROS2/techdiffbot/install/serial/share/serial/hook/cmake_prefix_path.sh'
[2.546s] Level 1:colcon.colcon_core.environment:checking '/home/jlukas/Desktop/My_Project/ROS2/techdiffbot/install/serial/lib'
[2.546s] Level 1:colcon.colcon_core.environment:checking '/home/jlukas/Desktop/My_Project/ROS2/techdiffbot/install/serial/bin'
[2.546s] Level 1:colcon.colcon_core.environment:checking '/home/jlukas/Desktop/My_Project/ROS2/techdiffbot/install/serial/lib/pkgconfig/serial.pc'
[2.547s] Level 1:colcon.colcon_core.environment:checking '/home/jlukas/Desktop/My_Project/ROS2/techdiffbot/install/serial/lib/python3.10/site-packages'
[2.548s] Level 1:colcon.colcon_core.environment:checking '/home/jlukas/Desktop/My_Project/ROS2/techdiffbot/install/serial/bin'
[2.548s] INFO:colcon.colcon_core.shell:Creating package script '/home/jlukas/Desktop/My_Project/ROS2/techdiffbot/install/serial/share/serial/package.ps1'
[2.549s] INFO:colcon.colcon_core.shell:Creating package descriptor '/home/jlukas/Desktop/My_Project/ROS2/techdiffbot/install/serial/share/serial/package.dsv'
[2.550s] INFO:colcon.colcon_core.shell:Creating package script '/home/jlukas/Desktop/My_Project/ROS2/techdiffbot/install/serial/share/serial/package.sh'
[2.551s] INFO:colcon.colcon_core.shell:Creating package script '/home/jlukas/Desktop/My_Project/ROS2/techdiffbot/install/serial/share/serial/package.bash'
[2.551s] INFO:colcon.colcon_core.shell:Creating package script '/home/jlukas/Desktop/My_Project/ROS2/techdiffbot/install/serial/share/serial/package.zsh'
[2.552s] Level 1:colcon.colcon_core.environment:create_file_with_runtime_dependencies(/home/jlukas/Desktop/My_Project/ROS2/techdiffbot/install/serial/share/colcon-core/packages/serial)
[2.554s] Level 1:colcon.colcon_core.environment:create_environment_scripts_only(diffdrive_arduino)
[2.555s] Level 1:colcon.colcon_core.environment:checking '/home/jlukas/Desktop/My_Project/ROS2/techdiffbot/install/diffdrive_arduino' for CMake module files
[2.556s] Level 1:colcon.colcon_core.environment:checking '/home/jlukas/Desktop/My_Project/ROS2/techdiffbot/install/diffdrive_arduino' for CMake config files
[2.557s] Level 1:colcon.colcon_core.shell:create_environment_hook('diffdrive_arduino', 'cmake_prefix_path')
[2.557s] INFO:colcon.colcon_core.shell:Creating environment hook '/home/jlukas/Desktop/My_Project/ROS2/techdiffbot/install/diffdrive_arduino/share/diffdrive_arduino/hook/cmake_prefix_path.ps1'
[2.557s] INFO:colcon.colcon_core.shell:Creating environment descriptor '/home/jlukas/Desktop/My_Project/ROS2/techdiffbot/install/diffdrive_arduino/share/diffdrive_arduino/hook/cmake_prefix_path.dsv'
[2.558s] INFO:colcon.colcon_core.shell:Creating environment hook '/home/jlukas/Desktop/My_Project/ROS2/techdiffbot/install/diffdrive_arduino/share/diffdrive_arduino/hook/cmake_prefix_path.sh'
[2.559s] Level 1:colcon.colcon_core.environment:checking '/home/jlukas/Desktop/My_Project/ROS2/techdiffbot/install/diffdrive_arduino/lib'
[2.559s] Level 1:colcon.colcon_core.shell:create_environment_hook('diffdrive_arduino', 'ld_library_path_lib')
[2.560s] INFO:colcon.colcon_core.shell:Creating environment hook '/home/jlukas/Desktop/My_Project/ROS2/techdiffbot/install/diffdrive_arduino/share/diffdrive_arduino/hook/ld_library_path_lib.ps1'
[2.560s] INFO:colcon.colcon_core.shell:Creating environment descriptor '/home/jlukas/Desktop/My_Project/ROS2/techdiffbot/install/diffdrive_arduino/share/diffdrive_arduino/hook/ld_library_path_lib.dsv'
[2.561s] INFO:colcon.colcon_core.shell:Creating environment hook '/home/jlukas/Desktop/My_Project/ROS2/techdiffbot/install/diffdrive_arduino/share/diffdrive_arduino/hook/ld_library_path_lib.sh'
[2.562s] Level 1:colcon.colcon_core.environment:checking '/home/jlukas/Desktop/My_Project/ROS2/techdiffbot/install/diffdrive_arduino/bin'
[2.562s] Level 1:colcon.colcon_core.environment:checking '/home/jlukas/Desktop/My_Project/ROS2/techdiffbot/install/diffdrive_arduino/lib/pkgconfig/diffdrive_arduino.pc'
[2.562s] Level 1:colcon.colcon_core.environment:checking '/home/jlukas/Desktop/My_Project/ROS2/techdiffbot/install/diffdrive_arduino/lib/python3.10/site-packages'
[2.563s] Level 1:colcon.colcon_core.environment:checking '/home/jlukas/Desktop/My_Project/ROS2/techdiffbot/install/diffdrive_arduino/bin'
[2.563s] INFO:colcon.colcon_core.shell:Creating package script '/home/jlukas/Desktop/My_Project/ROS2/techdiffbot/install/diffdrive_arduino/share/diffdrive_arduino/package.ps1'
[2.565s] INFO:colcon.colcon_core.shell:Creating package descriptor '/home/jlukas/Desktop/My_Project/ROS2/techdiffbot/install/diffdrive_arduino/share/diffdrive_arduino/package.dsv'
[2.566s] INFO:colcon.colcon_core.shell:Creating package script '/home/jlukas/Desktop/My_Project/ROS2/techdiffbot/install/diffdrive_arduino/share/diffdrive_arduino/package.sh'
[2.567s] INFO:colcon.colcon_core.shell:Creating package script '/home/jlukas/Desktop/My_Project/ROS2/techdiffbot/install/diffdrive_arduino/share/diffdrive_arduino/package.bash'
[2.568s] INFO:colcon.colcon_core.shell:Creating package script '/home/jlukas/Desktop/My_Project/ROS2/techdiffbot/install/diffdrive_arduino/share/diffdrive_arduino/package.zsh'
[2.569s] Level 1:colcon.colcon_core.environment:create_file_with_runtime_dependencies(/home/jlukas/Desktop/My_Project/ROS2/techdiffbot/install/diffdrive_arduino/share/colcon-core/packages/diffdrive_arduino)
[3.267s] DEBUG:colcon.colcon_core.event_handler.log_command:Invoking command in '/home/jlukas/Desktop/My_Project/ROS2/techdiffbot/build/techdiffbot': PYTHONPATH=/home/jlukas/Desktop/My_Project/ROS2/techdiffbot/build/techdiffbot/prefix_override:/home/jlukas/Desktop/My_Project/ROS2/techdiffbot/install/techdiffbot/lib/python3.10/site-packages:${PYTHONPATH} /usr/bin/python3 -W ignore:setup.py install is deprecated setup.py develop --editable --build-directory /home/jlukas/Desktop/My_Project/ROS2/techdiffbot/build/techdiffbot/build --no-deps symlink_data
[3.929s] Level 1:colcon.colcon_core.shell:create_environment_hook('techdiffbot', 'pythonpath_develop')
[3.929s] INFO:colcon.colcon_core.shell:Creating environment hook '/home/jlukas/Desktop/My_Project/ROS2/techdiffbot/build/techdiffbot/share/techdiffbot/hook/pythonpath_develop.ps1'
[3.930s] DEBUG:colcon.colcon_core.event_handler.log_command:Invoked command in '/home/jlukas/Desktop/My_Project/ROS2/techdiffbot/build/techdiffbot' returned '0': PYTHONPATH=/home/jlukas/Desktop/My_Project/ROS2/techdiffbot/build/techdiffbot/prefix_override:/home/jlukas/Desktop/My_Project/ROS2/techdiffbot/install/techdiffbot/lib/python3.10/site-packages:${PYTHONPATH} /usr/bin/python3 -W ignore:setup.py install is deprecated setup.py develop --editable --build-directory /home/jlukas/Desktop/My_Project/ROS2/techdiffbot/build/techdiffbot/build --no-deps symlink_data
[3.931s] INFO:colcon.colcon_core.shell:Creating environment descriptor '/home/jlukas/Desktop/My_Project/ROS2/techdiffbot/build/techdiffbot/share/techdiffbot/hook/pythonpath_develop.dsv'
[3.933s] INFO:colcon.colcon_core.shell:Creating environment hook '/home/jlukas/Desktop/My_Project/ROS2/techdiffbot/build/techdiffbot/share/techdiffbot/hook/pythonpath_develop.sh'
[3.935s] Level 1:colcon.colcon_core.environment:checking '/home/jlukas/Desktop/My_Project/ROS2/techdiffbot/install/techdiffbot' for CMake module files
[3.935s] Level 1:colcon.colcon_core.environment:checking '/home/jlukas/Desktop/My_Project/ROS2/techdiffbot/install/techdiffbot' for CMake config files
[3.939s] Level 1:colcon.colcon_core.environment:checking '/home/jlukas/Desktop/My_Project/ROS2/techdiffbot/install/techdiffbot/lib'
[3.939s] Level 1:colcon.colcon_core.environment:checking '/home/jlukas/Desktop/My_Project/ROS2/techdiffbot/install/techdiffbot/bin'
[3.939s] Level 1:colcon.colcon_core.environment:checking '/home/jlukas/Desktop/My_Project/ROS2/techdiffbot/install/techdiffbot/lib/pkgconfig/techdiffbot.pc'
[3.940s] Level 1:colcon.colcon_core.environment:checking '/home/jlukas/Desktop/My_Project/ROS2/techdiffbot/install/techdiffbot/lib/python3.10/site-packages'
[3.940s] Level 1:colcon.colcon_core.shell:create_environment_hook('techdiffbot', 'pythonpath')
[3.940s] INFO:colcon.colcon_core.shell:Creating environment hook '/home/jlukas/Desktop/My_Project/ROS2/techdiffbot/install/techdiffbot/share/techdiffbot/hook/pythonpath.ps1'
[3.940s] INFO:colcon.colcon_core.shell:Creating environment descriptor '/home/jlukas/Desktop/My_Project/ROS2/techdiffbot/install/techdiffbot/share/techdiffbot/hook/pythonpath.dsv'
[3.943s] INFO:colcon.colcon_core.shell:Creating environment hook '/home/jlukas/Desktop/My_Project/ROS2/techdiffbot/install/techdiffbot/share/techdiffbot/hook/pythonpath.sh'
[3.944s] Level 1:colcon.colcon_core.environment:checking '/home/jlukas/Desktop/My_Project/ROS2/techdiffbot/install/techdiffbot/bin'
[3.944s] Level 1:colcon.colcon_core.environment:create_environment_scripts_only(techdiffbot)
[3.945s] INFO:colcon.colcon_core.shell:Creating package script '/home/jlukas/Desktop/My_Project/ROS2/techdiffbot/install/techdiffbot/share/techdiffbot/package.ps1'
[3.945s] INFO:colcon.colcon_core.shell:Creating package descriptor '/home/jlukas/Desktop/My_Project/ROS2/techdiffbot/install/techdiffbot/share/techdiffbot/package.dsv'
[3.946s] INFO:colcon.colcon_core.shell:Creating package script '/home/jlukas/Desktop/My_Project/ROS2/techdiffbot/install/techdiffbot/share/techdiffbot/package.sh'
[3.947s] INFO:colcon.colcon_core.shell:Creating package script '/home/jlukas/Desktop/My_Project/ROS2/techdiffbot/install/techdiffbot/share/techdiffbot/package.bash'
[3.948s] INFO:colcon.colcon_core.shell:Creating package script '/home/jlukas/Desktop/My_Project/ROS2/techdiffbot/install/techdiffbot/share/techdiffbot/package.zsh'
[3.949s] Level 1:colcon.colcon_core.environment:create_file_with_runtime_dependencies(/home/jlukas/Desktop/My_Project/ROS2/techdiffbot/install/techdiffbot/share/colcon-core/packages/techdiffbot)
[3.949s] DEBUG:colcon.colcon_parallel_executor.executor.parallel:closing loop
[3.950s] DEBUG:colcon.colcon_parallel_executor.executor.parallel:loop closed
[3.950s] DEBUG:colcon.colcon_parallel_executor.executor.parallel:run_until_complete finished with '0'
[3.950s] DEBUG:colcon.colcon_core.event_reactor:joining thread
[3.961s] INFO:colcon.colcon_core.plugin_system:Skipping extension 'colcon_notification.desktop_notification.terminal_notifier': Not used on non-Darwin systems
[3.961s] INFO:colcon.colcon_core.plugin_system:Skipping extension 'colcon_notification.desktop_notification.win32': Not used on non-Windows systems
[3.961s] INFO:colcon.colcon_notification.desktop_notification:Sending desktop notification using 'notify2'
[3.990s] DEBUG:colcon.colcon_core.event_reactor:joined thread
[3.991s] INFO:colcon.colcon_core.shell:Creating prefix script '/home/jlukas/Desktop/My_Project/ROS2/techdiffbot/install/local_setup.ps1'
[3.993s] INFO:colcon.colcon_core.shell:Creating prefix util module '/home/jlukas/Desktop/My_Project/ROS2/techdiffbot/install/_local_setup_util_ps1.py'
[4.002s] INFO:colcon.colcon_core.shell:Creating prefix chain script '/home/jlukas/Desktop/My_Project/ROS2/techdiffbot/install/setup.ps1'
[4.008s] INFO:colcon.colcon_core.shell:Creating prefix script '/home/jlukas/Desktop/My_Project/ROS2/techdiffbot/install/local_setup.sh'
[4.014s] INFO:colcon.colcon_core.shell:Creating prefix util module '/home/jlukas/Desktop/My_Project/ROS2/techdiffbot/install/_local_setup_util_sh.py'
[4.017s] INFO:colcon.colcon_core.shell:Creating prefix chain script '/home/jlukas/Desktop/My_Project/ROS2/techdiffbot/install/setup.sh'
[4.021s] INFO:colcon.colcon_core.shell:Creating prefix script '/home/jlukas/Desktop/My_Project/ROS2/techdiffbot/install/local_setup.bash'
[4.027s] INFO:colcon.colcon_core.shell:Creating prefix chain script '/home/jlukas/Desktop/My_Project/ROS2/techdiffbot/install/setup.bash'
[4.036s] INFO:colcon.colcon_core.shell:Creating prefix script '/home/jlukas/Desktop/My_Project/ROS2/techdiffbot/install/local_setup.zsh'
[4.042s] INFO:colcon.colcon_core.shell:Creating prefix chain script '/home/jlukas/Desktop/My_Project/ROS2/techdiffbot/install/setup.zsh'
