[8.407s] Invoking command in '/home/jlukas/My_Project/ROS2/ros2_rpi_lidar/src/ros2_rpi_lidar': PYTHONPATH=/home/jlukas/My_Project/ROS2/ros2_rpi_lidar/build/ros2_rpi_lidar/prefix_override:/home/jlukas/My_Project/ROS2/ros2_rpi_lidar/install/ros2_rpi_lidar/lib/python3.10/site-packages:${PYTHONPATH} /usr/bin/python3 setup.py egg_info --egg-base ../../build/ros2_rpi_lidar build --build-base /home/jlukas/My_Project/ROS2/ros2_rpi_lidar/build/ros2_rpi_lidar/build install --record /home/jlukas/My_Project/ROS2/ros2_rpi_lidar/build/ros2_rpi_lidar/install.log --single-version-externally-managed
[11.086s] running egg_info
[11.092s] writing ../../build/ros2_rpi_lidar/ros2_rpi_lidar.egg-info/PKG-INFO
[11.094s] writing dependency_links to ../../build/ros2_rpi_lidar/ros2_rpi_lidar.egg-info/dependency_links.txt
[11.097s] writing entry points to ../../build/ros2_rpi_lidar/ros2_rpi_lidar.egg-info/entry_points.txt
[11.098s] writing requirements to ../../build/ros2_rpi_lidar/ros2_rpi_lidar.egg-info/requires.txt
[11.100s] writing top-level names to ../../build/ros2_rpi_lidar/ros2_rpi_lidar.egg-info/top_level.txt
[11.119s] reading manifest file '../../build/ros2_rpi_lidar/ros2_rpi_lidar.egg-info/SOURCES.txt'
[11.132s] writing manifest file '../../build/ros2_rpi_lidar/ros2_rpi_lidar.egg-info/SOURCES.txt'
[11.134s] running build
[11.135s] running build_py
[11.138s] copying ros2_rpi_lidar/lidar_publisher.py -> /home/jlukas/My_Project/ROS2/ros2_rpi_lidar/build/ros2_rpi_lidar/build/lib/ros2_rpi_lidar
[11.145s] running install
[11.146s] /usr/lib/python3/dist-packages/setuptools/command/install.py:34: SetuptoolsDeprecationWarning: setup.py install is deprecated. Use build and pip and other standards-based tools.
[11.147s]   warnings.warn(
[11.149s] running install_lib
[11.157s] copying /home/jlukas/My_Project/ROS2/ros2_rpi_lidar/build/ros2_rpi_lidar/build/lib/ros2_rpi_lidar/lidar_publisher.py -> /home/jlukas/My_Project/ROS2/ros2_rpi_lidar/install/ros2_rpi_lidar/lib/python3.10/site-packages/ros2_rpi_lidar
[11.166s] byte-compiling /home/jlukas/My_Project/ROS2/ros2_rpi_lidar/install/ros2_rpi_lidar/lib/python3.10/site-packages/ros2_rpi_lidar/lidar_publisher.py to lidar_publisher.cpython-310.pyc
[11.175s] running install_data
[11.180s] running install_egg_info
[11.197s] removing '/home/jlukas/My_Project/ROS2/ros2_rpi_lidar/install/ros2_rpi_lidar/lib/python3.10/site-packages/ros2_rpi_lidar-0.0.0-py3.10.egg-info' (and everything under it)
[11.201s] Copying ../../build/ros2_rpi_lidar/ros2_rpi_lidar.egg-info to /home/jlukas/My_Project/ROS2/ros2_rpi_lidar/install/ros2_rpi_lidar/lib/python3.10/site-packages/ros2_rpi_lidar-0.0.0-py3.10.egg-info
[11.216s] running install_scripts
[11.417s] Installing lidar_publisher script to /home/jlukas/My_Project/ROS2/ros2_rpi_lidar/install/ros2_rpi_lidar/lib/ros2_rpi_lidar
[11.419s] Installing lidar_publisher_rate script to /home/jlukas/My_Project/ROS2/ros2_rpi_lidar/install/ros2_rpi_lidar/lib/ros2_rpi_lidar
[11.421s] Installing lidar_subscriber script to /home/jlukas/My_Project/ROS2/ros2_rpi_lidar/install/ros2_rpi_lidar/lib/ros2_rpi_lidar
[11.426s] writing list of installed files to '/home/jlukas/My_Project/ROS2/ros2_rpi_lidar/build/ros2_rpi_lidar/install.log'
[11.689s] Invoked command in '/home/jlukas/My_Project/ROS2/ros2_rpi_lidar/src/ros2_rpi_lidar' returned '0': PYTHONPATH=/home/jlukas/My_Project/ROS2/ros2_rpi_lidar/build/ros2_rpi_lidar/prefix_override:/home/jlukas/My_Project/ROS2/ros2_rpi_lidar/install/ros2_rpi_lidar/lib/python3.10/site-packages:${PYTHONPATH} /usr/bin/python3 setup.py egg_info --egg-base ../../build/ros2_rpi_lidar build --build-base /home/jlukas/My_Project/ROS2/ros2_rpi_lidar/build/ros2_rpi_lidar/build install --record /home/jlukas/My_Project/ROS2/ros2_rpi_lidar/build/ros2_rpi_lidar/install.log --single-version-externally-managed
