[0.642s] Invoking command in '/home/jlukas/Desktop/My_Project/ROS2/techdiffbot/build/interactive_marker_tutorials': CMAKE_PREFIX_PATH=${CMAKE_PREFIX_PATH}:/home/jlukas/Desktop/My_Project/ROS2/techdiffbot/install/techdiffbot:/home/jlukas/Desktop/My_Project/ROS2/ros2_rpi_cv2/install/ros2_rpi_cv2:/home/jlukas/Desktop/My_Project/ROS2/rover/install/rover:/opt/ros/humble /usr/bin/cmake --build /home/jlukas/Desktop/My_Project/ROS2/techdiffbot/build/interactive_marker_tutorials -- -j4 -l4
[0.793s] [ 35%] Built target selection
[0.793s] [ 35%] Built target simple_marker
[0.794s] [ 42%] Built target basic_controls
[0.798s] [ 57%] Built target cube
[0.912s] [ 71%] Built target pong
[0.941s] [ 85%] Built target menu
[0.943s] [100%] Built target pong_library
[0.969s] Invoked command in '/home/jlukas/Desktop/My_Project/ROS2/techdiffbot/build/interactive_marker_tutorials' returned '0': CMAKE_PREFIX_PATH=${CMAKE_PREFIX_PATH}:/home/jlukas/Desktop/My_Project/ROS2/techdiffbot/install/techdiffbot:/home/jlukas/Desktop/My_Project/ROS2/ros2_rpi_cv2/install/ros2_rpi_cv2:/home/jlukas/Desktop/My_Project/ROS2/rover/install/rover:/opt/ros/humble /usr/bin/cmake --build /home/jlukas/Desktop/My_Project/ROS2/techdiffbot/build/interactive_marker_tutorials -- -j4 -l4
[1.291s] Invoking command in '/home/jlukas/Desktop/My_Project/ROS2/techdiffbot/build/interactive_marker_tutorials': CMAKE_PREFIX_PATH=${CMAKE_PREFIX_PATH}:/home/jlukas/Desktop/My_Project/ROS2/techdiffbot/install/techdiffbot:/home/jlukas/Desktop/My_Project/ROS2/ros2_rpi_cv2/install/ros2_rpi_cv2:/home/jlukas/Desktop/My_Project/ROS2/rover/install/rover:/opt/ros/humble /usr/bin/cmake --install /home/jlukas/Desktop/My_Project/ROS2/techdiffbot/build/interactive_marker_tutorials
[1.309s] -- Install configuration: ""
[1.322s] -- Up-to-date: /home/jlukas/Desktop/My_Project/ROS2/techdiffbot/install/interactive_marker_tutorials/lib/interactive_marker_tutorials/pong
[1.324s] -- Up-to-date: /home/jlukas/Desktop/My_Project/ROS2/techdiffbot/install/interactive_marker_tutorials/bin/basic_controls.py
[1.327s] -- Up-to-date: /home/jlukas/Desktop/My_Project/ROS2/techdiffbot/install/interactive_marker_tutorials/bin/cube.py
[1.334s] -- Up-to-date: /home/jlukas/Desktop/My_Project/ROS2/techdiffbot/install/interactive_marker_tutorials/bin/menu.py
[1.337s] -- Up-to-date: /home/jlukas/Desktop/My_Project/ROS2/techdiffbot/install/interactive_marker_tutorials/bin/simple_marker.py
[1.338s] -- Up-to-date: /home/jlukas/Desktop/My_Project/ROS2/techdiffbot/install/interactive_marker_tutorials/lib/libpong_library.so
[1.341s] -- Up-to-date: /home/jlukas/Desktop/My_Project/ROS2/techdiffbot/install/interactive_marker_tutorials/lib/interactive_marker_tutorials/basic_controls
[1.342s] -- Up-to-date: /home/jlukas/Desktop/My_Project/ROS2/techdiffbot/install/interactive_marker_tutorials/lib/interactive_marker_tutorials/cube
[1.344s] -- Up-to-date: /home/jlukas/Desktop/My_Project/ROS2/techdiffbot/install/interactive_marker_tutorials/lib/interactive_marker_tutorials/selection
[1.346s] -- Up-to-date: /home/jlukas/Desktop/My_Project/ROS2/techdiffbot/install/interactive_marker_tutorials/lib/interactive_marker_tutorials/simple_marker
[1.346s] -- Up-to-date: /home/jlukas/Desktop/My_Project/ROS2/techdiffbot/install/interactive_marker_tutorials/lib/interactive_marker_tutorials/menu
[1.348s] -- Up-to-date: /home/jlukas/Desktop/My_Project/ROS2/techdiffbot/install/interactive_marker_tutorials/share/ament_index/resource_index/package_run_dependencies/interactive_marker_tutorials
[1.351s] -- Up-to-date: /home/jlukas/Desktop/My_Project/ROS2/techdiffbot/install/interactive_marker_tutorials/share/ament_index/resource_index/parent_prefix_path/interactive_marker_tutorials
[1.354s] -- Up-to-date: /home/jlukas/Desktop/My_Project/ROS2/techdiffbot/install/interactive_marker_tutorials/share/interactive_marker_tutorials/environment/ament_prefix_path.sh
[1.357s] -- Up-to-date: /home/jlukas/Desktop/My_Project/ROS2/techdiffbot/install/interactive_marker_tutorials/share/interactive_marker_tutorials/environment/ament_prefix_path.dsv
[1.361s] -- Up-to-date: /home/jlukas/Desktop/My_Project/ROS2/techdiffbot/install/interactive_marker_tutorials/share/interactive_marker_tutorials/environment/path.sh
[1.362s] -- Up-to-date: /home/jlukas/Desktop/My_Project/ROS2/techdiffbot/install/interactive_marker_tutorials/share/interactive_marker_tutorials/environment/path.dsv
[1.364s] -- Up-to-date: /home/jlukas/Desktop/My_Project/ROS2/techdiffbot/install/interactive_marker_tutorials/share/interactive_marker_tutorials/local_setup.bash
[1.367s] -- Up-to-date: /home/jlukas/Desktop/My_Project/ROS2/techdiffbot/install/interactive_marker_tutorials/share/interactive_marker_tutorials/local_setup.sh
[1.375s] -- Up-to-date: /home/jlukas/Desktop/My_Project/ROS2/techdiffbot/install/interactive_marker_tutorials/share/interactive_marker_tutorials/local_setup.zsh
[1.378s] -- Up-to-date: /home/jlukas/Desktop/My_Project/ROS2/techdiffbot/install/interactive_marker_tutorials/share/interactive_marker_tutorials/local_setup.dsv
[1.381s] -- Installing: /home/jlukas/Desktop/My_Project/ROS2/techdiffbot/install/interactive_marker_tutorials/share/interactive_marker_tutorials/package.dsv
[1.385s] -- Up-to-date: /home/jlukas/Desktop/My_Project/ROS2/techdiffbot/install/interactive_marker_tutorials/share/ament_index/resource_index/packages/interactive_marker_tutorials
[1.391s] -- Up-to-date: /home/jlukas/Desktop/My_Project/ROS2/techdiffbot/install/interactive_marker_tutorials/share/ament_index/resource_index/rclcpp_components/interactive_marker_tutorials
[1.393s] -- Up-to-date: /home/jlukas/Desktop/My_Project/ROS2/techdiffbot/install/interactive_marker_tutorials/share/interactive_marker_tutorials/cmake/ament_cmake_export_dependencies-extras.cmake
[1.394s] -- Up-to-date: /home/jlukas/Desktop/My_Project/ROS2/techdiffbot/install/interactive_marker_tutorials/share/interactive_marker_tutorials/cmake/interactive_marker_tutorialsConfig.cmake
[1.395s] -- Up-to-date: /home/jlukas/Desktop/My_Project/ROS2/techdiffbot/install/interactive_marker_tutorials/share/interactive_marker_tutorials/cmake/interactive_marker_tutorialsConfig-version.cmake
[1.397s] -- Up-to-date: /home/jlukas/Desktop/My_Project/ROS2/techdiffbot/install/interactive_marker_tutorials/share/interactive_marker_tutorials/package.xml
[1.746s] Invoked command in '/home/jlukas/Desktop/My_Project/ROS2/techdiffbot/build/interactive_marker_tutorials' returned '0': CMAKE_PREFIX_PATH=${CMAKE_PREFIX_PATH}:/home/jlukas/Desktop/My_Project/ROS2/techdiffbot/install/techdiffbot:/home/jlukas/Desktop/My_Project/ROS2/ros2_rpi_cv2/install/ros2_rpi_cv2:/home/jlukas/Desktop/My_Project/ROS2/rover/install/rover:/opt/ros/humble /usr/bin/cmake --install /home/jlukas/Desktop/My_Project/ROS2/techdiffbot/build/interactive_marker_tutorials
