[11.055s] DEBUG:colcon:Command line arguments: ['/usr/bin/colcon', 'build']
[11.055s] DEBUG:colcon:Parsed command line arguments: Namespace(log_base=None, log_level=None, verb_name='build', build_base='build', install_base='install', merge_install=False, symlink_install=False, test_result_base=None, continue_on_error=False, executor='parallel', parallel_workers=4, event_handlers=None, ignore_user_meta=False, metas=['./colcon.meta'], base_paths=['.'], packages_ignore=None, packages_ignore_regex=None, paths=None, packages_up_to=None, packages_up_to_regex=None, packages_above=None, packages_above_and_dependencies=None, packages_above_depth=None, packages_select_by_dep=None, packages_skip_by_dep=None, packages_skip_up_to=None, packages_select_build_failed=False, packages_skip_build_finished=False, packages_select_test_failures=False, packages_skip_test_passed=False, packages_select=None, packages_skip=None, packages_select_regex=None, packages_skip_regex=None, packages_start=None, packages_end=None, allow_overriding=[], cmake_args=None, cmake_target=None, cmake_target_skip_unavailable=False, cmake_clean_cache=False, cmake_clean_first=False, cmake_force_configure=False, ament_cmake_args=None, catkin_cmake_args=None, catkin_skip_building_tests=False, verb_parser=<colcon_defaults.argument_parser.defaults.DefaultArgumentsDecorator object at 0xffff9f481330>, verb_extension=<colcon_core.verb.build.BuildVerb object at 0xffff9f667d90>, main=<bound method BuildVerb.main of <colcon_core.verb.build.BuildVerb object at 0xffff9f667d90>>)
[11.573s] Level 1:colcon.colcon_core.package_discovery:discover_packages(colcon_meta) check parameters
[11.574s] Level 1:colcon.colcon_core.package_discovery:discover_packages(recursive) check parameters
[11.574s] Level 1:colcon.colcon_core.package_discovery:discover_packages(ignore) check parameters
[11.575s] Level 1:colcon.colcon_core.package_discovery:discover_packages(path) check parameters
[11.575s] Level 1:colcon.colcon_core.package_discovery:discover_packages(colcon_meta) discover
[11.576s] Level 1:colcon.colcon_core.package_discovery:discover_packages(recursive) discover
[11.576s] INFO:colcon.colcon_core.package_discovery:Crawling recursively for packages in '/home/jlukas/My_Project/ROS2/ros2_rpi_lidar'
[11.577s] Level 1:colcon.colcon_core.package_identification:_identify(.) by extensions ['ignore', 'ignore_ament_install']
[11.578s] Level 1:colcon.colcon_core.package_identification:_identify(.) by extension 'ignore'
[11.579s] Level 1:colcon.colcon_core.package_identification:_identify(.) by extension 'ignore_ament_install'
[11.579s] Level 1:colcon.colcon_core.package_identification:_identify(.) by extensions ['colcon_pkg']
[11.580s] Level 1:colcon.colcon_core.package_identification:_identify(.) by extension 'colcon_pkg'
[11.580s] Level 1:colcon.colcon_core.package_identification:_identify(.) by extensions ['colcon_meta']
[11.581s] Level 1:colcon.colcon_core.package_identification:_identify(.) by extension 'colcon_meta'
[11.581s] Level 1:colcon.colcon_core.package_identification:_identify(.) by extensions ['ros']
[11.581s] Level 1:colcon.colcon_core.package_identification:_identify(.) by extension 'ros'
[11.699s] Level 1:colcon.colcon_core.package_identification:_identify(.) by extensions ['cmake', 'python']
[11.699s] Level 1:colcon.colcon_core.package_identification:_identify(.) by extension 'cmake'
[11.700s] Level 1:colcon.colcon_core.package_identification:_identify(.) by extension 'python'
[11.700s] Level 1:colcon.colcon_core.package_identification:_identify(.) by extensions ['python_setup_py']
[11.701s] Level 1:colcon.colcon_core.package_identification:_identify(.) by extension 'python_setup_py'
[11.702s] Level 1:colcon.colcon_core.package_identification:_identify(build) by extensions ['ignore', 'ignore_ament_install']
[11.703s] Level 1:colcon.colcon_core.package_identification:_identify(build) by extension 'ignore'
[11.703s] Level 1:colcon.colcon_core.package_identification:_identify(build) ignored
[11.705s] Level 1:colcon.colcon_core.package_identification:_identify(install) by extensions ['ignore', 'ignore_ament_install']
[11.706s] Level 1:colcon.colcon_core.package_identification:_identify(install) by extension 'ignore'
[11.707s] Level 1:colcon.colcon_core.package_identification:_identify(install) ignored
[11.709s] Level 1:colcon.colcon_core.package_identification:_identify(log) by extensions ['ignore', 'ignore_ament_install']
[11.710s] Level 1:colcon.colcon_core.package_identification:_identify(log) by extension 'ignore'
[11.710s] Level 1:colcon.colcon_core.package_identification:_identify(log) ignored
[11.711s] Level 1:colcon.colcon_core.package_identification:_identify(src) by extensions ['ignore', 'ignore_ament_install']
[11.712s] Level 1:colcon.colcon_core.package_identification:_identify(src) by extension 'ignore'
[11.713s] Level 1:colcon.colcon_core.package_identification:_identify(src) by extension 'ignore_ament_install'
[11.714s] Level 1:colcon.colcon_core.package_identification:_identify(src) by extensions ['colcon_pkg']
[11.714s] Level 1:colcon.colcon_core.package_identification:_identify(src) by extension 'colcon_pkg'
[11.714s] Level 1:colcon.colcon_core.package_identification:_identify(src) by extensions ['colcon_meta']
[11.715s] Level 1:colcon.colcon_core.package_identification:_identify(src) by extension 'colcon_meta'
[11.715s] Level 1:colcon.colcon_core.package_identification:_identify(src) by extensions ['ros']
[11.716s] Level 1:colcon.colcon_core.package_identification:_identify(src) by extension 'ros'
[11.717s] Level 1:colcon.colcon_core.package_identification:_identify(src) by extensions ['cmake', 'python']
[11.717s] Level 1:colcon.colcon_core.package_identification:_identify(src) by extension 'cmake'
[11.717s] Level 1:colcon.colcon_core.package_identification:_identify(src) by extension 'python'
[11.718s] Level 1:colcon.colcon_core.package_identification:_identify(src) by extensions ['python_setup_py']
[11.718s] Level 1:colcon.colcon_core.package_identification:_identify(src) by extension 'python_setup_py'
[11.720s] Level 1:colcon.colcon_core.package_identification:_identify(src/ros2_rpi_lidar) by extensions ['ignore', 'ignore_ament_install']
[11.721s] Level 1:colcon.colcon_core.package_identification:_identify(src/ros2_rpi_lidar) by extension 'ignore'
[11.721s] Level 1:colcon.colcon_core.package_identification:_identify(src/ros2_rpi_lidar) by extension 'ignore_ament_install'
[11.722s] Level 1:colcon.colcon_core.package_identification:_identify(src/ros2_rpi_lidar) by extensions ['colcon_pkg']
[11.722s] Level 1:colcon.colcon_core.package_identification:_identify(src/ros2_rpi_lidar) by extension 'colcon_pkg'
[11.723s] Level 1:colcon.colcon_core.package_identification:_identify(src/ros2_rpi_lidar) by extensions ['colcon_meta']
[11.723s] Level 1:colcon.colcon_core.package_identification:_identify(src/ros2_rpi_lidar) by extension 'colcon_meta'
[11.724s] Level 1:colcon.colcon_core.package_identification:_identify(src/ros2_rpi_lidar) by extensions ['ros']
[11.724s] Level 1:colcon.colcon_core.package_identification:_identify(src/ros2_rpi_lidar) by extension 'ros'
[11.756s] DEBUG:colcon.colcon_core.package_identification:Package 'src/ros2_rpi_lidar' with type 'ros.ament_python' and name 'ros2_rpi_lidar'
[11.756s] Level 1:colcon.colcon_core.package_discovery:discover_packages(recursive) using defaults
[11.757s] Level 1:colcon.colcon_core.package_discovery:discover_packages(ignore) discover
[11.757s] Level 1:colcon.colcon_core.package_discovery:discover_packages(ignore) using defaults
[11.757s] Level 1:colcon.colcon_core.package_discovery:discover_packages(path) discover
[11.758s] Level 1:colcon.colcon_core.package_discovery:discover_packages(path) using defaults
[12.736s] Level 1:colcon.colcon_core.package_discovery:discover_packages(prefix_path) check parameters
[12.736s] Level 1:colcon.colcon_core.package_discovery:discover_packages(prefix_path) discover
[13.062s] DEBUG:colcon.colcon_installed_package_information.package_discovery:Found 1 installed packages in /home/jlukas/My_Project/ROS2/ros2_rpi_lidar/install
[13.234s] DEBUG:colcon.colcon_installed_package_information.package_discovery:Found 184 installed packages in /opt/ros/humble
[13.246s] Level 1:colcon.colcon_core.package_discovery:discover_packages(prefix_path) using defaults
[14.073s] Level 5:colcon.colcon_core.verb:set package 'ros2_rpi_lidar' build argument 'cmake_args' from command line to 'None'
[14.074s] Level 5:colcon.colcon_core.verb:set package 'ros2_rpi_lidar' build argument 'cmake_target' from command line to 'None'
[14.074s] Level 5:colcon.colcon_core.verb:set package 'ros2_rpi_lidar' build argument 'cmake_target_skip_unavailable' from command line to 'False'
[14.075s] Level 5:colcon.colcon_core.verb:set package 'ros2_rpi_lidar' build argument 'cmake_clean_cache' from command line to 'False'
[14.075s] Level 5:colcon.colcon_core.verb:set package 'ros2_rpi_lidar' build argument 'cmake_clean_first' from command line to 'False'
[14.075s] Level 5:colcon.colcon_core.verb:set package 'ros2_rpi_lidar' build argument 'cmake_force_configure' from command line to 'False'
[14.075s] Level 5:colcon.colcon_core.verb:set package 'ros2_rpi_lidar' build argument 'ament_cmake_args' from command line to 'None'
[14.076s] Level 5:colcon.colcon_core.verb:set package 'ros2_rpi_lidar' build argument 'catkin_cmake_args' from command line to 'None'
[14.076s] Level 5:colcon.colcon_core.verb:set package 'ros2_rpi_lidar' build argument 'catkin_skip_building_tests' from command line to 'False'
[14.076s] DEBUG:colcon.colcon_core.verb:Building package 'ros2_rpi_lidar' with the following arguments: {'ament_cmake_args': None, 'build_base': '/home/jlukas/My_Project/ROS2/ros2_rpi_lidar/build/ros2_rpi_lidar', 'catkin_cmake_args': None, 'catkin_skip_building_tests': False, 'cmake_args': None, 'cmake_clean_cache': False, 'cmake_clean_first': False, 'cmake_force_configure': False, 'cmake_target': None, 'cmake_target_skip_unavailable': False, 'install_base': '/home/jlukas/My_Project/ROS2/ros2_rpi_lidar/install/ros2_rpi_lidar', 'merge_install': False, 'path': '/home/jlukas/My_Project/ROS2/ros2_rpi_lidar/src/ros2_rpi_lidar', 'symlink_install': False, 'test_result_base': None}
[14.232s] INFO:colcon.colcon_core.executor:Executing jobs using 'parallel' executor
[14.394s] DEBUG:colcon.colcon_parallel_executor.executor.parallel:run_until_complete
[14.396s] INFO:colcon.colcon_ros.task.ament_python.build:Building ROS package in '/home/jlukas/My_Project/ROS2/ros2_rpi_lidar/src/ros2_rpi_lidar' with build type 'ament_python'
[14.398s] Level 1:colcon.colcon_core.shell:create_environment_hook('ros2_rpi_lidar', 'ament_prefix_path')
[14.577s] INFO:colcon.colcon_core.plugin_system:Skipping extension 'colcon_core.shell.bat': Not used on non-Windows systems
[14.579s] INFO:colcon.colcon_core.shell:Creating environment hook '/home/jlukas/My_Project/ROS2/ros2_rpi_lidar/install/ros2_rpi_lidar/share/ros2_rpi_lidar/hook/ament_prefix_path.ps1'
[14.585s] INFO:colcon.colcon_core.shell:Creating environment descriptor '/home/jlukas/My_Project/ROS2/ros2_rpi_lidar/install/ros2_rpi_lidar/share/ros2_rpi_lidar/hook/ament_prefix_path.dsv'
[14.590s] INFO:colcon.colcon_core.shell:Creating environment hook '/home/jlukas/My_Project/ROS2/ros2_rpi_lidar/install/ros2_rpi_lidar/share/ros2_rpi_lidar/hook/ament_prefix_path.sh'
[14.759s] INFO:colcon.colcon_core.shell:Skip shell extension 'powershell' for command environment: Not usable outside of PowerShell
[14.760s] DEBUG:colcon.colcon_core.shell:Skip shell extension 'dsv' for command environment
[18.147s] INFO:colcon.colcon_core.task.python.build:Building Python package in '/home/jlukas/My_Project/ROS2/ros2_rpi_lidar/src/ros2_rpi_lidar'
[18.310s] INFO:colcon.colcon_core.shell:Skip shell extension 'powershell' for command environment: Not usable outside of PowerShell
[18.311s] DEBUG:colcon.colcon_core.shell:Skip shell extension 'dsv' for command environment
[22.752s] DEBUG:colcon.colcon_core.event_handler.log_command:Invoking command in '/home/jlukas/My_Project/ROS2/ros2_rpi_lidar/src/ros2_rpi_lidar': PYTHONPATH=/home/jlukas/My_Project/ROS2/ros2_rpi_lidar/build/ros2_rpi_lidar/prefix_override:/home/jlukas/My_Project/ROS2/ros2_rpi_lidar/install/ros2_rpi_lidar/lib/python3.10/site-packages:${PYTHONPATH} /usr/bin/python3 setup.py egg_info --egg-base ../../build/ros2_rpi_lidar build --build-base /home/jlukas/My_Project/ROS2/ros2_rpi_lidar/build/ros2_rpi_lidar/build install --record /home/jlukas/My_Project/ROS2/ros2_rpi_lidar/build/ros2_rpi_lidar/install.log --single-version-externally-managed
[26.030s] DEBUG:colcon.colcon_core.event_handler.log_command:Invoked command in '/home/jlukas/My_Project/ROS2/ros2_rpi_lidar/src/ros2_rpi_lidar' returned '0': PYTHONPATH=/home/jlukas/My_Project/ROS2/ros2_rpi_lidar/build/ros2_rpi_lidar/prefix_override:/home/jlukas/My_Project/ROS2/ros2_rpi_lidar/install/ros2_rpi_lidar/lib/python3.10/site-packages:${PYTHONPATH} /usr/bin/python3 setup.py egg_info --egg-base ../../build/ros2_rpi_lidar build --build-base /home/jlukas/My_Project/ROS2/ros2_rpi_lidar/build/ros2_rpi_lidar/build install --record /home/jlukas/My_Project/ROS2/ros2_rpi_lidar/build/ros2_rpi_lidar/install.log --single-version-externally-managed
[26.221s] Level 1:colcon.colcon_core.environment:checking '/home/jlukas/My_Project/ROS2/ros2_rpi_lidar/install/ros2_rpi_lidar' for CMake module files
[26.227s] Level 1:colcon.colcon_core.environment:checking '/home/jlukas/My_Project/ROS2/ros2_rpi_lidar/install/ros2_rpi_lidar' for CMake config files
[26.237s] Level 1:colcon.colcon_core.environment:checking '/home/jlukas/My_Project/ROS2/ros2_rpi_lidar/install/ros2_rpi_lidar/lib'
[26.239s] Level 1:colcon.colcon_core.environment:checking '/home/jlukas/My_Project/ROS2/ros2_rpi_lidar/install/ros2_rpi_lidar/bin'
[26.240s] Level 1:colcon.colcon_core.environment:checking '/home/jlukas/My_Project/ROS2/ros2_rpi_lidar/install/ros2_rpi_lidar/lib/pkgconfig/ros2_rpi_lidar.pc'
[26.242s] Level 1:colcon.colcon_core.environment:checking '/home/jlukas/My_Project/ROS2/ros2_rpi_lidar/install/ros2_rpi_lidar/lib/python3.10/site-packages'
[26.243s] Level 1:colcon.colcon_core.shell:create_environment_hook('ros2_rpi_lidar', 'pythonpath')
[26.406s] INFO:colcon.colcon_core.shell:Creating environment hook '/home/jlukas/My_Project/ROS2/ros2_rpi_lidar/install/ros2_rpi_lidar/share/ros2_rpi_lidar/hook/pythonpath.ps1'
[26.410s] INFO:colcon.colcon_core.shell:Creating environment descriptor '/home/jlukas/My_Project/ROS2/ros2_rpi_lidar/install/ros2_rpi_lidar/share/ros2_rpi_lidar/hook/pythonpath.dsv'
[26.414s] INFO:colcon.colcon_core.shell:Creating environment hook '/home/jlukas/My_Project/ROS2/ros2_rpi_lidar/install/ros2_rpi_lidar/share/ros2_rpi_lidar/hook/pythonpath.sh'
[26.420s] Level 1:colcon.colcon_core.environment:checking '/home/jlukas/My_Project/ROS2/ros2_rpi_lidar/install/ros2_rpi_lidar/bin'
[26.421s] Level 1:colcon.colcon_core.environment:create_environment_scripts_only(ros2_rpi_lidar)
[26.584s] INFO:colcon.colcon_core.shell:Creating package script '/home/jlukas/My_Project/ROS2/ros2_rpi_lidar/install/ros2_rpi_lidar/share/ros2_rpi_lidar/package.ps1'
[26.592s] INFO:colcon.colcon_core.shell:Creating package descriptor '/home/jlukas/My_Project/ROS2/ros2_rpi_lidar/install/ros2_rpi_lidar/share/ros2_rpi_lidar/package.dsv'
[26.599s] INFO:colcon.colcon_core.shell:Creating package script '/home/jlukas/My_Project/ROS2/ros2_rpi_lidar/install/ros2_rpi_lidar/share/ros2_rpi_lidar/package.sh'
[26.607s] INFO:colcon.colcon_core.shell:Creating package script '/home/jlukas/My_Project/ROS2/ros2_rpi_lidar/install/ros2_rpi_lidar/share/ros2_rpi_lidar/package.bash'
[26.616s] INFO:colcon.colcon_core.shell:Creating package script '/home/jlukas/My_Project/ROS2/ros2_rpi_lidar/install/ros2_rpi_lidar/share/ros2_rpi_lidar/package.zsh'
[26.624s] Level 1:colcon.colcon_core.environment:create_file_with_runtime_dependencies(/home/jlukas/My_Project/ROS2/ros2_rpi_lidar/install/ros2_rpi_lidar/share/colcon-core/packages/ros2_rpi_lidar)
[26.626s] DEBUG:colcon.colcon_parallel_executor.executor.parallel:closing loop
[26.629s] DEBUG:colcon.colcon_parallel_executor.executor.parallel:loop closed
[26.630s] DEBUG:colcon.colcon_parallel_executor.executor.parallel:run_until_complete finished with '0'
[26.631s] DEBUG:colcon.colcon_core.event_reactor:joining thread
[26.836s] INFO:colcon.colcon_core.plugin_system:Skipping extension 'colcon_notification.desktop_notification.notify_send': Could not find 'notify-send'
[26.837s] INFO:colcon.colcon_core.plugin_system:Skipping extension 'colcon_notification.desktop_notification.terminal_notifier': Not used on non-Darwin systems
[26.838s] INFO:colcon.colcon_core.plugin_system:Skipping extension 'colcon_notification.desktop_notification.win32': Not used on non-Windows systems
[26.838s] INFO:colcon.colcon_notification.desktop_notification:Sending desktop notification using 'notify2'
[26.845s] DEBUG:colcon.colcon_notification.desktop_notification.notify2:Failed to initialize notify2: org.freedesktop.DBus.Error.ServiceUnknown: The name org.freedesktop.Notifications was not provided by any .service files
[26.846s] DEBUG:colcon.colcon_core.event_reactor:joined thread
[27.007s] INFO:colcon.colcon_core.shell:Creating prefix script '/home/jlukas/My_Project/ROS2/ros2_rpi_lidar/install/local_setup.ps1'
[27.016s] INFO:colcon.colcon_core.shell:Creating prefix util module '/home/jlukas/My_Project/ROS2/ros2_rpi_lidar/install/_local_setup_util_ps1.py'
[27.031s] INFO:colcon.colcon_core.shell:Creating prefix chain script '/home/jlukas/My_Project/ROS2/ros2_rpi_lidar/install/setup.ps1'
[27.196s] INFO:colcon.colcon_core.shell:Creating prefix script '/home/jlukas/My_Project/ROS2/ros2_rpi_lidar/install/local_setup.sh'
[27.203s] INFO:colcon.colcon_core.shell:Creating prefix util module '/home/jlukas/My_Project/ROS2/ros2_rpi_lidar/install/_local_setup_util_sh.py'
[27.208s] INFO:colcon.colcon_core.shell:Creating prefix chain script '/home/jlukas/My_Project/ROS2/ros2_rpi_lidar/install/setup.sh'
[27.373s] INFO:colcon.colcon_core.shell:Creating prefix script '/home/jlukas/My_Project/ROS2/ros2_rpi_lidar/install/local_setup.bash'
[27.378s] INFO:colcon.colcon_core.shell:Creating prefix chain script '/home/jlukas/My_Project/ROS2/ros2_rpi_lidar/install/setup.bash'
[27.546s] INFO:colcon.colcon_core.shell:Creating prefix script '/home/jlukas/My_Project/ROS2/ros2_rpi_lidar/install/local_setup.zsh'
[27.551s] INFO:colcon.colcon_core.shell:Creating prefix chain script '/home/jlukas/My_Project/ROS2/ros2_rpi_lidar/install/setup.zsh'
