[0.515s] Invoking command in '/home/jlukas/My_Project/ROS2/ros2_nav2_cartographer/src/ros2_nav2_cartographer': PYTHONPATH=/home/jlukas/My_Project/ROS2/ros2_nav2_cartographer/build/ros2_nav2_cartographer/prefix_override:/home/jlukas/My_Project/ROS2/ros2_nav2_cartographer/install/ros2_nav2_cartographer/lib/python3.10/site-packages:${PYTHONPATH} /usr/bin/python3 setup.py egg_info --egg-base ../../build/ros2_nav2_cartographer build --build-base /home/jlukas/My_Project/ROS2/ros2_nav2_cartographer/build/ros2_nav2_cartographer/build install --record /home/jlukas/My_Project/ROS2/ros2_nav2_cartographer/build/ros2_nav2_cartographer/install.log --single-version-externally-managed
[0.666s] running egg_info
[0.666s] creating ../../build/ros2_nav2_cartographer/ros2_nav2_cartographer.egg-info
[0.667s] writing ../../build/ros2_nav2_cartographer/ros2_nav2_cartographer.egg-info/PKG-INFO
[0.668s] writing dependency_links to ../../build/ros2_nav2_cartographer/ros2_nav2_cartographer.egg-info/dependency_links.txt
[0.668s] writing entry points to ../../build/ros2_nav2_cartographer/ros2_nav2_cartographer.egg-info/entry_points.txt
[0.669s] writing requirements to ../../build/ros2_nav2_cartographer/ros2_nav2_cartographer.egg-info/requires.txt
[0.669s] writing top-level names to ../../build/ros2_nav2_cartographer/ros2_nav2_cartographer.egg-info/top_level.txt
[0.669s] writing manifest file '../../build/ros2_nav2_cartographer/ros2_nav2_cartographer.egg-info/SOURCES.txt'
[0.671s] reading manifest file '../../build/ros2_nav2_cartographer/ros2_nav2_cartographer.egg-info/SOURCES.txt'
[0.671s] writing manifest file '../../build/ros2_nav2_cartographer/ros2_nav2_cartographer.egg-info/SOURCES.txt'
[0.671s] running build
[0.672s] running build_py
[0.672s] creating /home/jlukas/My_Project/ROS2/ros2_nav2_cartographer/build/ros2_nav2_cartographer/build
[0.672s] creating /home/jlukas/My_Project/ROS2/ros2_nav2_cartographer/build/ros2_nav2_cartographer/build/lib
[0.672s] creating /home/jlukas/My_Project/ROS2/ros2_nav2_cartographer/build/ros2_nav2_cartographer/build/lib/ros2_nav2_cartographer
[0.673s] copying ros2_nav2_cartographer/__init__.py -> /home/jlukas/My_Project/ROS2/ros2_nav2_cartographer/build/ros2_nav2_cartographer/build/lib/ros2_nav2_cartographer
[0.674s] running install
[0.674s] running install_lib
[0.675s] creating /home/jlukas/My_Project/ROS2/ros2_nav2_cartographer/install/ros2_nav2_cartographer/lib/python3.10/site-packages/ros2_nav2_cartographer
[0.676s] copying /home/jlukas/My_Project/ROS2/ros2_nav2_cartographer/build/ros2_nav2_cartographer/build/lib/ros2_nav2_cartographer/__init__.py -> /home/jlukas/My_Project/ROS2/ros2_nav2_cartographer/install/ros2_nav2_cartographer/lib/python3.10/site-packages/ros2_nav2_cartographer
[0.677s] byte-compiling /home/jlukas/My_Project/ROS2/ros2_nav2_cartographer/install/ros2_nav2_cartographer/lib/python3.10/site-packages/ros2_nav2_cartographer/__init__.py to __init__.cpython-310.pyc
[0.678s] running install_data
[0.679s] creating /home/jlukas/My_Project/ROS2/ros2_nav2_cartographer/install/ros2_nav2_cartographer/share/ament_index
[0.679s] creating /home/jlukas/My_Project/ROS2/ros2_nav2_cartographer/install/ros2_nav2_cartographer/share/ament_index/resource_index
[0.679s] creating /home/jlukas/My_Project/ROS2/ros2_nav2_cartographer/install/ros2_nav2_cartographer/share/ament_index/resource_index/packages
[0.679s] copying resource/ros2_nav2_cartographer -> /home/jlukas/My_Project/ROS2/ros2_nav2_cartographer/install/ros2_nav2_cartographer/share/ament_index/resource_index/packages
[0.680s] copying package.xml -> /home/jlukas/My_Project/ROS2/ros2_nav2_cartographer/install/ros2_nav2_cartographer/share/ros2_nav2_cartographer
[0.680s] creating /home/jlukas/My_Project/ROS2/ros2_nav2_cartographer/install/ros2_nav2_cartographer/share/ros2_nav2_cartographer/launch
[0.681s] copying launch/mapping.launch.py -> /home/jlukas/My_Project/ROS2/ros2_nav2_cartographer/install/ros2_nav2_cartographer/share/ros2_nav2_cartographer/launch
[0.681s] creating /home/jlukas/My_Project/ROS2/ros2_nav2_cartographer/install/ros2_nav2_cartographer/share/ros2_nav2_cartographer/config
[0.681s] copying config/turtlebot3_lds_2d.lua -> /home/jlukas/My_Project/ROS2/ros2_nav2_cartographer/install/ros2_nav2_cartographer/share/ros2_nav2_cartographer/config
[0.681s] creating /home/jlukas/My_Project/ROS2/ros2_nav2_cartographer/install/ros2_nav2_cartographer/share/ros2_nav2_cartographer/rviz
[0.681s] creating /home/jlukas/My_Project/ROS2/ros2_nav2_cartographer/install/ros2_nav2_cartographer/share/ros2_nav2_cartographer/param
[0.681s] running install_egg_info
[0.682s] Copying ../../build/ros2_nav2_cartographer/ros2_nav2_cartographer.egg-info to /home/jlukas/My_Project/ROS2/ros2_nav2_cartographer/install/ros2_nav2_cartographer/lib/python3.10/site-packages/ros2_nav2_cartographer-0.0.0-py3.10.egg-info
[0.685s] running install_scripts
[0.700s] writing list of installed files to '/home/jlukas/My_Project/ROS2/ros2_nav2_cartographer/build/ros2_nav2_cartographer/install.log'
[0.722s] Invoked command in '/home/jlukas/My_Project/ROS2/ros2_nav2_cartographer/src/ros2_nav2_cartographer' returned '0': PYTHONPATH=/home/jlukas/My_Project/ROS2/ros2_nav2_cartographer/build/ros2_nav2_cartographer/prefix_override:/home/jlukas/My_Project/ROS2/ros2_nav2_cartographer/install/ros2_nav2_cartographer/lib/python3.10/site-packages:${PYTHONPATH} /usr/bin/python3 setup.py egg_info --egg-base ../../build/ros2_nav2_cartographer build --build-base /home/jlukas/My_Project/ROS2/ros2_nav2_cartographer/build/ros2_nav2_cartographer/build install --record /home/jlukas/My_Project/ROS2/ros2_nav2_cartographer/build/ros2_nav2_cartographer/install.log --single-version-externally-managed
