[1.570s] Invoking command in '/home/jlukas/Desktop/My_Project/ROS2/ros2_rpi_cv2/src/ros2_rpi_cv2': PYTHONPATH=/home/jlukas/Desktop/My_Project/ROS2/ros2_rpi_cv2/build/ros2_rpi_cv2/prefix_override:/home/jlukas/Desktop/My_Project/ROS2/ros2_rpi_cv2/install/ros2_rpi_cv2/lib/python3.10/site-packages:${PYTHONPATH} /usr/bin/python3 setup.py egg_info --egg-base ../../build/ros2_rpi_cv2 build --build-base /home/jlukas/Desktop/My_Project/ROS2/ros2_rpi_cv2/build/ros2_rpi_cv2/build install --record /home/jlukas/Desktop/My_Project/ROS2/ros2_rpi_cv2/build/ros2_rpi_cv2/install.log --single-version-externally-managed
[2.191s] running egg_info
[2.193s] writing ../../build/ros2_rpi_cv2/ros2_rpi_cv2.egg-info/PKG-INFO
[2.194s] writing dependency_links to ../../build/ros2_rpi_cv2/ros2_rpi_cv2.egg-info/dependency_links.txt
[2.196s] writing entry points to ../../build/ros2_rpi_cv2/ros2_rpi_cv2.egg-info/entry_points.txt
[2.197s] writing requirements to ../../build/ros2_rpi_cv2/ros2_rpi_cv2.egg-info/requires.txt
[2.197s] writing top-level names to ../../build/ros2_rpi_cv2/ros2_rpi_cv2.egg-info/top_level.txt
[2.203s] reading manifest file '../../build/ros2_rpi_cv2/ros2_rpi_cv2.egg-info/SOURCES.txt'
[2.207s] writing manifest file '../../build/ros2_rpi_cv2/ros2_rpi_cv2.egg-info/SOURCES.txt'
[2.208s] running build
[2.209s] running build_py
[2.210s] copying ros2_rpi_cv2/camera_publisher.py -> /home/jlukas/Desktop/My_Project/ROS2/ros2_rpi_cv2/build/ros2_rpi_cv2/build/lib/ros2_rpi_cv2
[2.212s] copying ros2_rpi_cv2/camera_subscriber.py -> /home/jlukas/Desktop/My_Project/ROS2/ros2_rpi_cv2/build/ros2_rpi_cv2/build/lib/ros2_rpi_cv2
[2.213s] running install
[2.214s] /usr/lib/python3/dist-packages/setuptools/command/install.py:34: SetuptoolsDeprecationWarning: setup.py install is deprecated. Use build and pip and other standards-based tools.
[2.215s]   warnings.warn(
[2.215s] running install_lib
[2.218s] copying /home/jlukas/Desktop/My_Project/ROS2/ros2_rpi_cv2/build/ros2_rpi_cv2/build/lib/ros2_rpi_cv2/camera_publisher.py -> /home/jlukas/Desktop/My_Project/ROS2/ros2_rpi_cv2/install/ros2_rpi_cv2/lib/python3.10/site-packages/ros2_rpi_cv2
[2.219s] copying /home/jlukas/Desktop/My_Project/ROS2/ros2_rpi_cv2/build/ros2_rpi_cv2/build/lib/ros2_rpi_cv2/camera_subscriber.py -> /home/jlukas/Desktop/My_Project/ROS2/ros2_rpi_cv2/install/ros2_rpi_cv2/lib/python3.10/site-packages/ros2_rpi_cv2
[2.222s] byte-compiling /home/jlukas/Desktop/My_Project/ROS2/ros2_rpi_cv2/install/ros2_rpi_cv2/lib/python3.10/site-packages/ros2_rpi_cv2/camera_publisher.py to camera_publisher.cpython-310.pyc
[2.225s] byte-compiling /home/jlukas/Desktop/My_Project/ROS2/ros2_rpi_cv2/install/ros2_rpi_cv2/lib/python3.10/site-packages/ros2_rpi_cv2/camera_subscriber.py to camera_subscriber.cpython-310.pyc
[2.227s] running install_data
[2.228s] running install_egg_info
[2.233s] removing '/home/jlukas/Desktop/My_Project/ROS2/ros2_rpi_cv2/install/ros2_rpi_cv2/lib/python3.10/site-packages/ros2_rpi_cv2-0.0.0-py3.10.egg-info' (and everything under it)
[2.234s] Copying ../../build/ros2_rpi_cv2/ros2_rpi_cv2.egg-info to /home/jlukas/Desktop/My_Project/ROS2/ros2_rpi_cv2/install/ros2_rpi_cv2/lib/python3.10/site-packages/ros2_rpi_cv2-0.0.0-py3.10.egg-info
[2.238s] running install_scripts
[2.296s] Installing camera_publisher script to /home/jlukas/Desktop/My_Project/ROS2/ros2_rpi_cv2/install/ros2_rpi_cv2/lib/ros2_rpi_cv2
[2.296s] Installing camera_subscriber script to /home/jlukas/Desktop/My_Project/ROS2/ros2_rpi_cv2/install/ros2_rpi_cv2/lib/ros2_rpi_cv2
[2.298s] writing list of installed files to '/home/jlukas/Desktop/My_Project/ROS2/ros2_rpi_cv2/build/ros2_rpi_cv2/install.log'
[2.361s] Invoked command in '/home/jlukas/Desktop/My_Project/ROS2/ros2_rpi_cv2/src/ros2_rpi_cv2' returned '0': PYTHONPATH=/home/jlukas/Desktop/My_Project/ROS2/ros2_rpi_cv2/build/ros2_rpi_cv2/prefix_override:/home/jlukas/Desktop/My_Project/ROS2/ros2_rpi_cv2/install/ros2_rpi_cv2/lib/python3.10/site-packages:${PYTHONPATH} /usr/bin/python3 setup.py egg_info --egg-base ../../build/ros2_rpi_cv2 build --build-base /home/jlukas/Desktop/My_Project/ROS2/ros2_rpi_cv2/build/ros2_rpi_cv2/build install --record /home/jlukas/Desktop/My_Project/ROS2/ros2_rpi_cv2/build/ros2_rpi_cv2/install.log --single-version-externally-managed
