[9.246s] Invoking command in '/home/jlukas/My_Project/ROS2/ros2_rpi_motor/src/ros2_rpi_motor': PYTHONPATH=/home/jlukas/My_Project/ROS2/ros2_rpi_motor/build/ros2_rpi_motor/prefix_override:/home/jlukas/My_Project/ROS2/ros2_rpi_motor/install/ros2_rpi_motor/lib/python3.10/site-packages:${PYTHONPATH} /usr/bin/python3 setup.py egg_info --egg-base ../../build/ros2_rpi_motor build --build-base /home/jlukas/My_Project/ROS2/ros2_rpi_motor/build/ros2_rpi_motor/build install --record /home/jlukas/My_Project/ROS2/ros2_rpi_motor/build/ros2_rpi_motor/install.log --single-version-externally-managed
[12.149s] running egg_info
[12.155s] writing ../../build/ros2_rpi_motor/ros2_rpi_motor.egg-info/PKG-INFO
[12.157s] writing dependency_links to ../../build/ros2_rpi_motor/ros2_rpi_motor.egg-info/dependency_links.txt
[12.160s] writing entry points to ../../build/ros2_rpi_motor/ros2_rpi_motor.egg-info/entry_points.txt
[12.162s] writing requirements to ../../build/ros2_rpi_motor/ros2_rpi_motor.egg-info/requires.txt
[12.163s] writing top-level names to ../../build/ros2_rpi_motor/ros2_rpi_motor.egg-info/top_level.txt
[12.184s] reading manifest file '../../build/ros2_rpi_motor/ros2_rpi_motor.egg-info/SOURCES.txt'
[12.195s] writing manifest file '../../build/ros2_rpi_motor/ros2_rpi_motor.egg-info/SOURCES.txt'
[12.196s] running build
[12.197s] running build_py
[12.202s] copying ros2_rpi_motor/motor_l298n.py -> /home/jlukas/My_Project/ROS2/ros2_rpi_motor/build/ros2_rpi_motor/build/lib/ros2_rpi_motor
[12.206s] running install
[12.207s] /usr/lib/python3/dist-packages/setuptools/command/install.py:34: SetuptoolsDeprecationWarning: setup.py install is deprecated. Use build and pip and other standards-based tools.
[12.208s]   warnings.warn(
[12.210s] running install_lib
[12.220s] copying /home/jlukas/My_Project/ROS2/ros2_rpi_motor/build/ros2_rpi_motor/build/lib/ros2_rpi_motor/motor_l298n.py -> /home/jlukas/My_Project/ROS2/ros2_rpi_motor/install/ros2_rpi_motor/lib/python3.10/site-packages/ros2_rpi_motor
[12.229s] byte-compiling /home/jlukas/My_Project/ROS2/ros2_rpi_motor/install/ros2_rpi_motor/lib/python3.10/site-packages/ros2_rpi_motor/motor_l298n.py to motor_l298n.cpython-310.pyc
[12.236s] running install_data
[12.242s] running install_egg_info
[12.258s] removing '/home/jlukas/My_Project/ROS2/ros2_rpi_motor/install/ros2_rpi_motor/lib/python3.10/site-packages/ros2_rpi_motor-0.0.0-py3.10.egg-info' (and everything under it)
[12.262s] Copying ../../build/ros2_rpi_motor/ros2_rpi_motor.egg-info to /home/jlukas/My_Project/ROS2/ros2_rpi_motor/install/ros2_rpi_motor/lib/python3.10/site-packages/ros2_rpi_motor-0.0.0-py3.10.egg-info
[12.276s] running install_scripts
[12.484s] Installing motor_l298n script to /home/jlukas/My_Project/ROS2/ros2_rpi_motor/install/ros2_rpi_motor/lib/ros2_rpi_motor
[12.486s] Installing motor_subscriber_node script to /home/jlukas/My_Project/ROS2/ros2_rpi_motor/install/ros2_rpi_motor/lib/ros2_rpi_motor
[12.488s] Installing publisher_node script to /home/jlukas/My_Project/ROS2/ros2_rpi_motor/install/ros2_rpi_motor/lib/ros2_rpi_motor
[12.490s] Installing subscriber_node script to /home/jlukas/My_Project/ROS2/ros2_rpi_motor/install/ros2_rpi_motor/lib/ros2_rpi_motor
[12.495s] writing list of installed files to '/home/jlukas/My_Project/ROS2/ros2_rpi_motor/build/ros2_rpi_motor/install.log'
[12.754s] Invoked command in '/home/jlukas/My_Project/ROS2/ros2_rpi_motor/src/ros2_rpi_motor' returned '0': PYTHONPATH=/home/jlukas/My_Project/ROS2/ros2_rpi_motor/build/ros2_rpi_motor/prefix_override:/home/jlukas/My_Project/ROS2/ros2_rpi_motor/install/ros2_rpi_motor/lib/python3.10/site-packages:${PYTHONPATH} /usr/bin/python3 setup.py egg_info --egg-base ../../build/ros2_rpi_motor build --build-base /home/jlukas/My_Project/ROS2/ros2_rpi_motor/build/ros2_rpi_motor/build install --record /home/jlukas/My_Project/ROS2/ros2_rpi_motor/build/ros2_rpi_motor/install.log --single-version-externally-managed
