[0.697s] Invoking command in '/home/jlukas/My_Project/ROS2/ros2_differential_obstacle_robot/src/rover': PYTHONPATH=/home/jlukas/My_Project/ROS2/ros2_differential_obstacle_robot/build/rover/prefix_override:/home/jlukas/My_Project/ROS2/ros2_differential_obstacle_robot/install/rover/lib/python3.10/site-packages:${PYTHONPATH} WSLENV=ELECTRON_RUN_AS_NODE/w: /usr/bin/python3 setup.py egg_info --egg-base ../../build/rover build --build-base /home/jlukas/My_Project/ROS2/ros2_differential_obstacle_robot/build/rover/build install --record /home/jlukas/My_Project/ROS2/ros2_differential_obstacle_robot/build/rover/install.log --single-version-externally-managed
[0.896s] running egg_info
[0.896s] writing ../../build/rover/rover.egg-info/PKG-INFO
[0.897s] writing dependency_links to ../../build/rover/rover.egg-info/dependency_links.txt
[0.897s] writing entry points to ../../build/rover/rover.egg-info/entry_points.txt
[0.898s] writing requirements to ../../build/rover/rover.egg-info/requires.txt
[0.898s] writing top-level names to ../../build/rover/rover.egg-info/top_level.txt
[0.899s] reading manifest file '../../build/rover/rover.egg-info/SOURCES.txt'
[0.900s] writing manifest file '../../build/rover/rover.egg-info/SOURCES.txt'
[0.900s] running build
[0.900s] running build_py
[0.901s] running install
[0.903s] /usr/lib/python3/dist-packages/setuptools/command/install.py:34: SetuptoolsDeprecationWarning: setup.py install is deprecated. Use build and pip and other standards-based tools.
[0.903s]   warnings.warn(
[0.903s] running install_lib
[0.904s] running install_data
[0.905s] copying description/lidar.xacro -> /home/jlukas/My_Project/ROS2/ros2_differential_obstacle_robot/install/rover/share/rover/description
[0.905s] running install_egg_info
[0.906s] removing '/home/jlukas/My_Project/ROS2/ros2_differential_obstacle_robot/install/rover/lib/python3.10/site-packages/rover-0.0.0-py3.10.egg-info' (and everything under it)
[0.907s] Copying ../../build/rover/rover.egg-info to /home/jlukas/My_Project/ROS2/ros2_differential_obstacle_robot/install/rover/lib/python3.10/site-packages/rover-0.0.0-py3.10.egg-info
[0.908s] running install_scripts
[0.925s] writing list of installed files to '/home/jlukas/My_Project/ROS2/ros2_differential_obstacle_robot/build/rover/install.log'
[0.952s] Invoked command in '/home/jlukas/My_Project/ROS2/ros2_differential_obstacle_robot/src/rover' returned '0': PYTHONPATH=/home/jlukas/My_Project/ROS2/ros2_differential_obstacle_robot/build/rover/prefix_override:/home/jlukas/My_Project/ROS2/ros2_differential_obstacle_robot/install/rover/lib/python3.10/site-packages:${PYTHONPATH} WSLENV=ELECTRON_RUN_AS_NODE/w: /usr/bin/python3 setup.py egg_info --egg-base ../../build/rover build --build-base /home/jlukas/My_Project/ROS2/ros2_differential_obstacle_robot/build/rover/build install --record /home/jlukas/My_Project/ROS2/ros2_differential_obstacle_robot/build/rover/install.log --single-version-externally-managed
