[0.797s] Invoking command in '/home/jlukas/My_Project/ROS2/rover/build/rover': PYTHONPATH=/home/jlukas/My_Project/ROS2/rover/build/rover/prefix_override:/home/jlukas/My_Project/ROS2/rover/install/rover/lib/python3.10/site-packages:${PYTHONPATH} /usr/bin/python3 setup.py develop --editable --build-directory /home/jlukas/My_Project/ROS2/rover/build/rover/build --no-deps install_data
[1.103s] running develop
[1.104s] /usr/lib/python3/dist-packages/setuptools/command/easy_install.py:158: EasyInstallDeprecationWarning: easy_install command is deprecated. Use build and pip and other standards-based tools.
[1.104s]   warnings.warn(
[1.105s] /usr/lib/python3/dist-packages/setuptools/command/install.py:34: SetuptoolsDeprecationWarning: setup.py install is deprecated. Use build and pip and other standards-based tools.
[1.105s]   warnings.warn(
[1.251s] running egg_info
[1.251s] writing rover.egg-info/PKG-INFO
[1.251s] writing dependency_links to rover.egg-info/dependency_links.txt
[1.251s] writing entry points to rover.egg-info/entry_points.txt
[1.252s] writing requirements to rover.egg-info/requires.txt
[1.252s] writing top-level names to rover.egg-info/top_level.txt
[1.254s] reading manifest file 'rover.egg-info/SOURCES.txt'
[1.254s] writing manifest file 'rover.egg-info/SOURCES.txt'
[1.256s] running build_ext
[1.256s] Creating /home/jlukas/My_Project/ROS2/rover/install/rover/lib/python3.10/site-packages/rover.egg-link (link to .)
[1.257s] Installing lidar_differential script to /home/jlukas/My_Project/ROS2/rover/install/rover/lib/rover
[1.258s] Installing lidar_obstacle_region_split script to /home/jlukas/My_Project/ROS2/rover/install/rover/lib/rover
[1.258s] 
[1.258s] Installed /home/jlukas/My_Project/ROS2/rover/build/rover
[1.258s] running install_data
[1.289s] Invoked command in '/home/jlukas/My_Project/ROS2/rover/build/rover' returned '0': PYTHONPATH=/home/jlukas/My_Project/ROS2/rover/build/rover/prefix_override:/home/jlukas/My_Project/ROS2/rover/install/rover/lib/python3.10/site-packages:${PYTHONPATH} /usr/bin/python3 setup.py develop --editable --build-directory /home/jlukas/My_Project/ROS2/rover/build/rover/build --no-deps install_data
