[1.031s] Invoking command in '/home/jlukas/My_Project/ROS2/rover/build/rover': PYTHONPATH=/home/jlukas/My_Project/ROS2/rover/build/rover/prefix_override:/home/jlukas/My_Project/ROS2/rover/install/rover/lib/python3.10/site-packages:${PYTHONPATH} /usr/bin/python3 setup.py develop --editable --build-directory /home/jlukas/My_Project/ROS2/rover/build/rover/build --no-deps install_data
[1.283s] running develop
[1.283s] /usr/lib/python3/dist-packages/setuptools/command/easy_install.py:158: EasyInstallDeprecationWarning: easy_install command is deprecated. Use build and pip and other standards-based tools.
[1.283s]   warnings.warn(
[1.284s] /usr/lib/python3/dist-packages/setuptools/command/install.py:34: SetuptoolsDeprecationWarning: setup.py install is deprecated. Use build and pip and other standards-based tools.
[1.284s]   warnings.warn(
[1.436s] running egg_info
[1.436s] writing rover.egg-info/PKG-INFO
[1.436s] writing dependency_links to rover.egg-info/dependency_links.txt
[1.437s] writing entry points to rover.egg-info/entry_points.txt
[1.437s] writing requirements to rover.egg-info/requires.txt
[1.437s] writing top-level names to rover.egg-info/top_level.txt
[1.439s] reading manifest file 'rover.egg-info/SOURCES.txt'
[1.440s] writing manifest file 'rover.egg-info/SOURCES.txt'
[1.442s] running build_ext
[1.443s] Creating /home/jlukas/My_Project/ROS2/rover/install/rover/lib/python3.10/site-packages/rover.egg-link (link to .)
[1.444s] Installing lidar_differential script to /home/jlukas/My_Project/ROS2/rover/install/rover/lib/rover
[1.444s] Installing lidar_obstacle_region_split script to /home/jlukas/My_Project/ROS2/rover/install/rover/lib/rover
[1.444s] 
[1.444s] Installed /home/jlukas/My_Project/ROS2/rover/build/rover
[1.445s] running install_data
[1.477s] Invoked command in '/home/jlukas/My_Project/ROS2/rover/build/rover' returned '0': PYTHONPATH=/home/jlukas/My_Project/ROS2/rover/build/rover/prefix_override:/home/jlukas/My_Project/ROS2/rover/install/rover/lib/python3.10/site-packages:${PYTHONPATH} /usr/bin/python3 setup.py develop --editable --build-directory /home/jlukas/My_Project/ROS2/rover/build/rover/build --no-deps install_data
