[0.706s] Invoking command in '/home/jlukas/Desktop/My_Project/ROS2/techdiffbot/build/interactive_marker_tutorials': CMAKE_PREFIX_PATH=${CMAKE_PREFIX_PATH}:/home/jlukas/Desktop/My_Project/ROS2/techdiffbot/install/techdiffbot:/home/jlukas/Desktop/My_Project/ROS2/ros2_rpi_cv2/install/ros2_rpi_cv2:/home/jlukas/Desktop/My_Project/ROS2/rover/install/rover:/opt/ros/humble /usr/bin/cmake --build /home/jlukas/Desktop/My_Project/ROS2/techdiffbot/build/interactive_marker_tutorials -- -j4 -l4
[0.858s] [ 14%] Built target basic_controls
[0.933s] [ 28%] Built target simple_marker
[0.997s] [ 42%] Built target menu
[1.071s] [ 57%] Built target pong_library
[1.128s] [ 71%] Built target pong
[1.204s] [ 85%] Built target selection
[1.250s] [100%] Built target cube
[1.568s] Invoked command in '/home/jlukas/Desktop/My_Project/ROS2/techdiffbot/build/interactive_marker_tutorials' returned '0': CMAKE_PREFIX_PATH=${CMAKE_PREFIX_PATH}:/home/jlukas/Desktop/My_Project/ROS2/techdiffbot/install/techdiffbot:/home/jlukas/Desktop/My_Project/ROS2/ros2_rpi_cv2/install/ros2_rpi_cv2:/home/jlukas/Desktop/My_Project/ROS2/rover/install/rover:/opt/ros/humble /usr/bin/cmake --build /home/jlukas/Desktop/My_Project/ROS2/techdiffbot/build/interactive_marker_tutorials -- -j4 -l4
[2.266s] Invoking command in '/home/jlukas/Desktop/My_Project/ROS2/techdiffbot/build/interactive_marker_tutorials': CMAKE_PREFIX_PATH=${CMAKE_PREFIX_PATH}:/home/jlukas/Desktop/My_Project/ROS2/techdiffbot/install/techdiffbot:/home/jlukas/Desktop/My_Project/ROS2/ros2_rpi_cv2/install/ros2_rpi_cv2:/home/jlukas/Desktop/My_Project/ROS2/rover/install/rover:/opt/ros/humble /usr/bin/cmake --install /home/jlukas/Desktop/My_Project/ROS2/techdiffbot/build/interactive_marker_tutorials
[2.309s] -- Install configuration: ""
[2.311s] -- Up-to-date: /home/jlukas/Desktop/My_Project/ROS2/techdiffbot/install/interactive_marker_tutorials/lib/interactive_marker_tutorials/pong
[2.317s] -- Up-to-date: /home/jlukas/Desktop/My_Project/ROS2/techdiffbot/install/interactive_marker_tutorials/bin/basic_controls.py
[2.318s] -- Up-to-date: /home/jlukas/Desktop/My_Project/ROS2/techdiffbot/install/interactive_marker_tutorials/bin/cube.py
[2.321s] -- Up-to-date: /home/jlukas/Desktop/My_Project/ROS2/techdiffbot/install/interactive_marker_tutorials/bin/menu.py
[2.329s] -- Up-to-date: /home/jlukas/Desktop/My_Project/ROS2/techdiffbot/install/interactive_marker_tutorials/bin/simple_marker.py
[2.332s] -- Up-to-date: /home/jlukas/Desktop/My_Project/ROS2/techdiffbot/install/interactive_marker_tutorials/lib/libpong_library.so
[2.337s] -- Up-to-date: /home/jlukas/Desktop/My_Project/ROS2/techdiffbot/install/interactive_marker_tutorials/lib/interactive_marker_tutorials/basic_controls
[2.339s] -- Up-to-date: /home/jlukas/Desktop/My_Project/ROS2/techdiffbot/install/interactive_marker_tutorials/lib/interactive_marker_tutorials/cube
[2.344s] -- Up-to-date: /home/jlukas/Desktop/My_Project/ROS2/techdiffbot/install/interactive_marker_tutorials/lib/interactive_marker_tutorials/selection
[2.352s] -- Up-to-date: /home/jlukas/Desktop/My_Project/ROS2/techdiffbot/install/interactive_marker_tutorials/lib/interactive_marker_tutorials/simple_marker
[2.357s] -- Up-to-date: /home/jlukas/Desktop/My_Project/ROS2/techdiffbot/install/interactive_marker_tutorials/lib/interactive_marker_tutorials/menu
[2.360s] -- Up-to-date: /home/jlukas/Desktop/My_Project/ROS2/techdiffbot/install/interactive_marker_tutorials/share/ament_index/resource_index/package_run_dependencies/interactive_marker_tutorials
[2.364s] -- Up-to-date: /home/jlukas/Desktop/My_Project/ROS2/techdiffbot/install/interactive_marker_tutorials/share/ament_index/resource_index/parent_prefix_path/interactive_marker_tutorials
[2.368s] -- Up-to-date: /home/jlukas/Desktop/My_Project/ROS2/techdiffbot/install/interactive_marker_tutorials/share/interactive_marker_tutorials/environment/ament_prefix_path.sh
[2.370s] -- Up-to-date: /home/jlukas/Desktop/My_Project/ROS2/techdiffbot/install/interactive_marker_tutorials/share/interactive_marker_tutorials/environment/ament_prefix_path.dsv
[2.372s] -- Up-to-date: /home/jlukas/Desktop/My_Project/ROS2/techdiffbot/install/interactive_marker_tutorials/share/interactive_marker_tutorials/environment/path.sh
[2.374s] -- Up-to-date: /home/jlukas/Desktop/My_Project/ROS2/techdiffbot/install/interactive_marker_tutorials/share/interactive_marker_tutorials/environment/path.dsv
[2.376s] -- Up-to-date: /home/jlukas/Desktop/My_Project/ROS2/techdiffbot/install/interactive_marker_tutorials/share/interactive_marker_tutorials/local_setup.bash
[2.379s] -- Up-to-date: /home/jlukas/Desktop/My_Project/ROS2/techdiffbot/install/interactive_marker_tutorials/share/interactive_marker_tutorials/local_setup.sh
[2.381s] -- Up-to-date: /home/jlukas/Desktop/My_Project/ROS2/techdiffbot/install/interactive_marker_tutorials/share/interactive_marker_tutorials/local_setup.zsh
[2.383s] -- Up-to-date: /home/jlukas/Desktop/My_Project/ROS2/techdiffbot/install/interactive_marker_tutorials/share/interactive_marker_tutorials/local_setup.dsv
[2.385s] -- Installing: /home/jlukas/Desktop/My_Project/ROS2/techdiffbot/install/interactive_marker_tutorials/share/interactive_marker_tutorials/package.dsv
[2.388s] -- Up-to-date: /home/jlukas/Desktop/My_Project/ROS2/techdiffbot/install/interactive_marker_tutorials/share/ament_index/resource_index/packages/interactive_marker_tutorials
[2.391s] -- Up-to-date: /home/jlukas/Desktop/My_Project/ROS2/techdiffbot/install/interactive_marker_tutorials/share/ament_index/resource_index/rclcpp_components/interactive_marker_tutorials
[2.395s] -- Up-to-date: /home/jlukas/Desktop/My_Project/ROS2/techdiffbot/install/interactive_marker_tutorials/share/interactive_marker_tutorials/cmake/ament_cmake_export_dependencies-extras.cmake
[2.397s] -- Up-to-date: /home/jlukas/Desktop/My_Project/ROS2/techdiffbot/install/interactive_marker_tutorials/share/interactive_marker_tutorials/cmake/interactive_marker_tutorialsConfig.cmake
[2.405s] -- Up-to-date: /home/jlukas/Desktop/My_Project/ROS2/techdiffbot/install/interactive_marker_tutorials/share/interactive_marker_tutorials/cmake/interactive_marker_tutorialsConfig-version.cmake
[2.410s] -- Up-to-date: /home/jlukas/Desktop/My_Project/ROS2/techdiffbot/install/interactive_marker_tutorials/share/interactive_marker_tutorials/package.xml
[2.618s] Invoked command in '/home/jlukas/Desktop/My_Project/ROS2/techdiffbot/build/interactive_marker_tutorials' returned '0': CMAKE_PREFIX_PATH=${CMAKE_PREFIX_PATH}:/home/jlukas/Desktop/My_Project/ROS2/techdiffbot/install/techdiffbot:/home/jlukas/Desktop/My_Project/ROS2/ros2_rpi_cv2/install/ros2_rpi_cv2:/home/jlukas/Desktop/My_Project/ROS2/rover/install/rover:/opt/ros/humble /usr/bin/cmake --install /home/jlukas/Desktop/My_Project/ROS2/techdiffbot/build/interactive_marker_tutorials
