[0.734s] Invoking command in '/home/jlukas/Desktop/My_Project/arduinobot_ws/src/arduinobot_py_examples': PYTHONPATH=/home/jlukas/Desktop/My_Project/arduinobot_ws/build/arduinobot_py_examples/prefix_override:/home/jlukas/Desktop/My_Project/arduinobot_ws/install/arduinobot_py_examples/lib/python3.10/site-packages:${PYTHONPATH} /usr/bin/python3 setup.py egg_info --egg-base ../../build/arduinobot_py_examples build --build-base /home/jlukas/Desktop/My_Project/arduinobot_ws/build/arduinobot_py_examples/build install --record /home/jlukas/Desktop/My_Project/arduinobot_ws/build/arduinobot_py_examples/install.log --single-version-externally-managed
[0.983s] running egg_info
[0.984s] writing ../../build/arduinobot_py_examples/arduinobot_py_examples.egg-info/PKG-INFO
[0.985s] writing dependency_links to ../../build/arduinobot_py_examples/arduinobot_py_examples.egg-info/dependency_links.txt
[0.986s] writing entry points to ../../build/arduinobot_py_examples/arduinobot_py_examples.egg-info/entry_points.txt
[0.986s] writing requirements to ../../build/arduinobot_py_examples/arduinobot_py_examples.egg-info/requires.txt
[0.986s] writing top-level names to ../../build/arduinobot_py_examples/arduinobot_py_examples.egg-info/top_level.txt
[0.989s] reading manifest file '../../build/arduinobot_py_examples/arduinobot_py_examples.egg-info/SOURCES.txt'
[0.990s] writing manifest file '../../build/arduinobot_py_examples/arduinobot_py_examples.egg-info/SOURCES.txt'
[0.990s] running build
[0.990s] running build_py
[0.991s] running install
[0.991s] /usr/lib/python3/dist-packages/setuptools/command/install.py:34: SetuptoolsDeprecationWarning: setup.py install is deprecated. Use build and pip and other standards-based tools.
[0.991s]   warnings.warn(
[0.991s] running install_lib
[0.992s] running install_data
[0.993s] running install_egg_info
[0.995s] removing '/home/jlukas/Desktop/My_Project/arduinobot_ws/install/arduinobot_py_examples/lib/python3.10/site-packages/arduinobot_py_examples-0.0.0-py3.10.egg-info' (and everything under it)
[0.995s] Copying ../../build/arduinobot_py_examples/arduinobot_py_examples.egg-info to /home/jlukas/Desktop/My_Project/arduinobot_ws/install/arduinobot_py_examples/lib/python3.10/site-packages/arduinobot_py_examples-0.0.0-py3.10.egg-info
[0.997s] running install_scripts
[1.022s] writing list of installed files to '/home/jlukas/Desktop/My_Project/arduinobot_ws/build/arduinobot_py_examples/install.log'
[1.054s] Invoked command in '/home/jlukas/Desktop/My_Project/arduinobot_ws/src/arduinobot_py_examples' returned '0': PYTHONPATH=/home/jlukas/Desktop/My_Project/arduinobot_ws/build/arduinobot_py_examples/prefix_override:/home/jlukas/Desktop/My_Project/arduinobot_ws/install/arduinobot_py_examples/lib/python3.10/site-packages:${PYTHONPATH} /usr/bin/python3 setup.py egg_info --egg-base ../../build/arduinobot_py_examples build --build-base /home/jlukas/Desktop/My_Project/arduinobot_ws/build/arduinobot_py_examples/build install --record /home/jlukas/Desktop/My_Project/arduinobot_ws/build/arduinobot_py_examples/install.log --single-version-externally-managed
