[14.600s] DEBUG:colcon:Command line arguments: ['/usr/bin/colcon', 'build']
[14.601s] DEBUG:colcon:Parsed command line arguments: Namespace(log_base=None, log_level=None, verb_name='build', build_base='build', install_base='install', merge_install=False, symlink_install=False, test_result_base=None, continue_on_error=False, executor='parallel', parallel_workers=4, event_handlers=None, ignore_user_meta=False, metas=['./colcon.meta'], base_paths=['.'], packages_ignore=None, packages_ignore_regex=None, paths=None, packages_up_to=None, packages_up_to_regex=None, packages_above=None, packages_above_and_dependencies=None, packages_above_depth=None, packages_select_by_dep=None, packages_skip_by_dep=None, packages_skip_up_to=None, packages_select_build_failed=False, packages_skip_build_finished=False, packages_select_test_failures=False, packages_skip_test_passed=False, packages_select=None, packages_skip=None, packages_select_regex=None, packages_skip_regex=None, packages_start=None, packages_end=None, allow_overriding=[], cmake_args=None, cmake_target=None, cmake_target_skip_unavailable=False, cmake_clean_cache=False, cmake_clean_first=False, cmake_force_configure=False, ament_cmake_args=None, catkin_cmake_args=None, catkin_skip_building_tests=False, verb_parser=<colcon_defaults.argument_parser.defaults.DefaultArgumentsDecorator object at 0xffffaa034250>, verb_extension=<colcon_core.verb.build.BuildVerb object at 0xffffaa057d00>, main=<bound method BuildVerb.main of <colcon_core.verb.build.BuildVerb object at 0xffffaa057d00>>)
[15.428s] Level 1:colcon.colcon_core.package_discovery:discover_packages(colcon_meta) check parameters
[15.430s] Level 1:colcon.colcon_core.package_discovery:discover_packages(recursive) check parameters
[15.430s] Level 1:colcon.colcon_core.package_discovery:discover_packages(ignore) check parameters
[15.431s] Level 1:colcon.colcon_core.package_discovery:discover_packages(path) check parameters
[15.431s] Level 1:colcon.colcon_core.package_discovery:discover_packages(colcon_meta) discover
[15.432s] Level 1:colcon.colcon_core.package_discovery:discover_packages(recursive) discover
[15.432s] INFO:colcon.colcon_core.package_discovery:Crawling recursively for packages in '/home/jlukas/My_Project/ROS2/ros2_diff_nav2_slam'
[15.434s] Level 1:colcon.colcon_core.package_identification:_identify(.) by extensions ['ignore', 'ignore_ament_install']
[15.435s] Level 1:colcon.colcon_core.package_identification:_identify(.) by extension 'ignore'
[15.435s] Level 1:colcon.colcon_core.package_identification:_identify(.) by extension 'ignore_ament_install'
[15.436s] Level 1:colcon.colcon_core.package_identification:_identify(.) by extensions ['colcon_pkg']
[15.437s] Level 1:colcon.colcon_core.package_identification:_identify(.) by extension 'colcon_pkg'
[15.437s] Level 1:colcon.colcon_core.package_identification:_identify(.) by extensions ['colcon_meta']
[15.438s] Level 1:colcon.colcon_core.package_identification:_identify(.) by extension 'colcon_meta'
[15.438s] Level 1:colcon.colcon_core.package_identification:_identify(.) by extensions ['ros']
[15.439s] Level 1:colcon.colcon_core.package_identification:_identify(.) by extension 'ros'
[15.600s] Level 1:colcon.colcon_core.package_identification:_identify(.) by extensions ['cmake', 'python']
[15.601s] Level 1:colcon.colcon_core.package_identification:_identify(.) by extension 'cmake'
[15.602s] Level 1:colcon.colcon_core.package_identification:_identify(.) by extension 'python'
[15.603s] Level 1:colcon.colcon_core.package_identification:_identify(.) by extensions ['python_setup_py']
[15.603s] Level 1:colcon.colcon_core.package_identification:_identify(.) by extension 'python_setup_py'
[15.605s] Level 1:colcon.colcon_core.package_identification:_identify(build) by extensions ['ignore', 'ignore_ament_install']
[15.606s] Level 1:colcon.colcon_core.package_identification:_identify(build) by extension 'ignore'
[15.606s] Level 1:colcon.colcon_core.package_identification:_identify(build) ignored
[15.608s] Level 1:colcon.colcon_core.package_identification:_identify(install) by extensions ['ignore', 'ignore_ament_install']
[15.609s] Level 1:colcon.colcon_core.package_identification:_identify(install) by extension 'ignore'
[15.610s] Level 1:colcon.colcon_core.package_identification:_identify(install) ignored
[15.612s] Level 1:colcon.colcon_core.package_identification:_identify(log) by extensions ['ignore', 'ignore_ament_install']
[15.613s] Level 1:colcon.colcon_core.package_identification:_identify(log) by extension 'ignore'
[15.614s] Level 1:colcon.colcon_core.package_identification:_identify(log) ignored
[15.615s] Level 1:colcon.colcon_core.package_identification:_identify(src) by extensions ['ignore', 'ignore_ament_install']
[15.616s] Level 1:colcon.colcon_core.package_identification:_identify(src) by extension 'ignore'
[15.616s] Level 1:colcon.colcon_core.package_identification:_identify(src) by extension 'ignore_ament_install'
[15.617s] Level 1:colcon.colcon_core.package_identification:_identify(src) by extensions ['colcon_pkg']
[15.618s] Level 1:colcon.colcon_core.package_identification:_identify(src) by extension 'colcon_pkg'
[15.619s] Level 1:colcon.colcon_core.package_identification:_identify(src) by extensions ['colcon_meta']
[15.619s] Level 1:colcon.colcon_core.package_identification:_identify(src) by extension 'colcon_meta'
[15.619s] Level 1:colcon.colcon_core.package_identification:_identify(src) by extensions ['ros']
[15.620s] Level 1:colcon.colcon_core.package_identification:_identify(src) by extension 'ros'
[15.621s] Level 1:colcon.colcon_core.package_identification:_identify(src) by extensions ['cmake', 'python']
[15.622s] Level 1:colcon.colcon_core.package_identification:_identify(src) by extension 'cmake'
[15.622s] Level 1:colcon.colcon_core.package_identification:_identify(src) by extension 'python'
[15.623s] Level 1:colcon.colcon_core.package_identification:_identify(src) by extensions ['python_setup_py']
[15.623s] Level 1:colcon.colcon_core.package_identification:_identify(src) by extension 'python_setup_py'
[15.625s] Level 1:colcon.colcon_core.package_identification:_identify(src/ros2_diff_nav2_slam) by extensions ['ignore', 'ignore_ament_install']
[15.626s] Level 1:colcon.colcon_core.package_identification:_identify(src/ros2_diff_nav2_slam) by extension 'ignore'
[15.627s] Level 1:colcon.colcon_core.package_identification:_identify(src/ros2_diff_nav2_slam) by extension 'ignore_ament_install'
[15.628s] Level 1:colcon.colcon_core.package_identification:_identify(src/ros2_diff_nav2_slam) by extensions ['colcon_pkg']
[15.628s] Level 1:colcon.colcon_core.package_identification:_identify(src/ros2_diff_nav2_slam) by extension 'colcon_pkg'
[15.629s] Level 1:colcon.colcon_core.package_identification:_identify(src/ros2_diff_nav2_slam) by extensions ['colcon_meta']
[15.630s] Level 1:colcon.colcon_core.package_identification:_identify(src/ros2_diff_nav2_slam) by extension 'colcon_meta'
[15.630s] Level 1:colcon.colcon_core.package_identification:_identify(src/ros2_diff_nav2_slam) by extensions ['ros']
[15.631s] Level 1:colcon.colcon_core.package_identification:_identify(src/ros2_diff_nav2_slam) by extension 'ros'
[15.655s] DEBUG:colcon.colcon_core.package_identification:Package 'src/ros2_diff_nav2_slam' with type 'ros.ament_python' and name 'ros2_diff_nav2_slam'
[15.656s] Level 1:colcon.colcon_core.package_discovery:discover_packages(recursive) using defaults
[15.657s] Level 1:colcon.colcon_core.package_discovery:discover_packages(ignore) discover
[15.657s] Level 1:colcon.colcon_core.package_discovery:discover_packages(ignore) using defaults
[15.657s] Level 1:colcon.colcon_core.package_discovery:discover_packages(path) discover
[15.658s] Level 1:colcon.colcon_core.package_discovery:discover_packages(path) using defaults
[16.954s] Level 1:colcon.colcon_core.package_discovery:discover_packages(prefix_path) check parameters
[16.955s] Level 1:colcon.colcon_core.package_discovery:discover_packages(prefix_path) discover
[17.400s] DEBUG:colcon.colcon_installed_package_information.package_discovery:Found 1 installed packages in /home/jlukas/My_Project/ROS2/ros2_diff_nav2_slam/install
[17.612s] DEBUG:colcon.colcon_installed_package_information.package_discovery:Found 1 installed packages in /home/jlukas/ldlidar_ros2_ws/install
[17.824s] DEBUG:colcon.colcon_installed_package_information.package_discovery:Found 1 installed packages in /home/jlukas/My_Project/ROS2/rover/install
[18.037s] DEBUG:colcon.colcon_installed_package_information.package_discovery:Found 1 installed packages in /home/jlukas/My_Project/ROS2/ros2_differential_drive_robot/install
[18.269s] DEBUG:colcon.colcon_installed_package_information.package_discovery:Found 319 installed packages in /opt/ros/humble
[18.291s] Level 1:colcon.colcon_core.package_discovery:discover_packages(prefix_path) using defaults
[19.622s] Level 5:colcon.colcon_core.verb:set package 'ros2_diff_nav2_slam' build argument 'cmake_args' from command line to 'None'
[19.623s] Level 5:colcon.colcon_core.verb:set package 'ros2_diff_nav2_slam' build argument 'cmake_target' from command line to 'None'
[19.623s] Level 5:colcon.colcon_core.verb:set package 'ros2_diff_nav2_slam' build argument 'cmake_target_skip_unavailable' from command line to 'False'
[19.624s] Level 5:colcon.colcon_core.verb:set package 'ros2_diff_nav2_slam' build argument 'cmake_clean_cache' from command line to 'False'
[19.624s] Level 5:colcon.colcon_core.verb:set package 'ros2_diff_nav2_slam' build argument 'cmake_clean_first' from command line to 'False'
[19.625s] Level 5:colcon.colcon_core.verb:set package 'ros2_diff_nav2_slam' build argument 'cmake_force_configure' from command line to 'False'
[19.625s] Level 5:colcon.colcon_core.verb:set package 'ros2_diff_nav2_slam' build argument 'ament_cmake_args' from command line to 'None'
[19.626s] Level 5:colcon.colcon_core.verb:set package 'ros2_diff_nav2_slam' build argument 'catkin_cmake_args' from command line to 'None'
[19.626s] Level 5:colcon.colcon_core.verb:set package 'ros2_diff_nav2_slam' build argument 'catkin_skip_building_tests' from command line to 'False'
[19.626s] DEBUG:colcon.colcon_core.verb:Building package 'ros2_diff_nav2_slam' with the following arguments: {'ament_cmake_args': None, 'build_base': '/home/jlukas/My_Project/ROS2/ros2_diff_nav2_slam/build/ros2_diff_nav2_slam', 'catkin_cmake_args': None, 'catkin_skip_building_tests': False, 'cmake_args': None, 'cmake_clean_cache': False, 'cmake_clean_first': False, 'cmake_force_configure': False, 'cmake_target': None, 'cmake_target_skip_unavailable': False, 'install_base': '/home/jlukas/My_Project/ROS2/ros2_diff_nav2_slam/install/ros2_diff_nav2_slam', 'merge_install': False, 'path': '/home/jlukas/My_Project/ROS2/ros2_diff_nav2_slam/src/ros2_diff_nav2_slam', 'symlink_install': False, 'test_result_base': None}
[19.843s] INFO:colcon.colcon_core.executor:Executing jobs using 'parallel' executor
[20.062s] DEBUG:colcon.colcon_parallel_executor.executor.parallel:run_until_complete
[20.064s] INFO:colcon.colcon_ros.task.ament_python.build:Building ROS package in '/home/jlukas/My_Project/ROS2/ros2_diff_nav2_slam/src/ros2_diff_nav2_slam' with build type 'ament_python'
[20.066s] Level 1:colcon.colcon_core.shell:create_environment_hook('ros2_diff_nav2_slam', 'ament_prefix_path')
[20.312s] INFO:colcon.colcon_core.plugin_system:Skipping extension 'colcon_core.shell.bat': Not used on non-Windows systems
[20.314s] INFO:colcon.colcon_core.shell:Creating environment hook '/home/jlukas/My_Project/ROS2/ros2_diff_nav2_slam/install/ros2_diff_nav2_slam/share/ros2_diff_nav2_slam/hook/ament_prefix_path.ps1'
[20.321s] INFO:colcon.colcon_core.shell:Creating environment descriptor '/home/jlukas/My_Project/ROS2/ros2_diff_nav2_slam/install/ros2_diff_nav2_slam/share/ros2_diff_nav2_slam/hook/ament_prefix_path.dsv'
[20.326s] INFO:colcon.colcon_core.shell:Creating environment hook '/home/jlukas/My_Project/ROS2/ros2_diff_nav2_slam/install/ros2_diff_nav2_slam/share/ros2_diff_nav2_slam/hook/ament_prefix_path.sh'
[20.550s] INFO:colcon.colcon_core.shell:Skip shell extension 'powershell' for command environment: Not usable outside of PowerShell
[20.551s] DEBUG:colcon.colcon_core.shell:Skip shell extension 'dsv' for command environment
[25.572s] INFO:colcon.colcon_core.task.python.build:Building Python package in '/home/jlukas/My_Project/ROS2/ros2_diff_nav2_slam/src/ros2_diff_nav2_slam'
[25.795s] INFO:colcon.colcon_core.shell:Skip shell extension 'powershell' for command environment: Not usable outside of PowerShell
[25.796s] DEBUG:colcon.colcon_core.shell:Skip shell extension 'dsv' for command environment
[33.064s] DEBUG:colcon.colcon_core.event_handler.log_command:Invoking command in '/home/jlukas/My_Project/ROS2/ros2_diff_nav2_slam/src/ros2_diff_nav2_slam': PYTHONPATH=/home/jlukas/My_Project/ROS2/ros2_diff_nav2_slam/build/ros2_diff_nav2_slam/prefix_override:/home/jlukas/My_Project/ROS2/ros2_diff_nav2_slam/install/ros2_diff_nav2_slam/lib/python3.10/site-packages:${PYTHONPATH} /usr/bin/python3 setup.py egg_info --egg-base ../../build/ros2_diff_nav2_slam build --build-base /home/jlukas/My_Project/ROS2/ros2_diff_nav2_slam/build/ros2_diff_nav2_slam/build install --record /home/jlukas/My_Project/ROS2/ros2_diff_nav2_slam/build/ros2_diff_nav2_slam/install.log --single-version-externally-managed
[37.181s] DEBUG:colcon.colcon_core.event_handler.log_command:Invoked command in '/home/jlukas/My_Project/ROS2/ros2_diff_nav2_slam/src/ros2_diff_nav2_slam' returned '0': PYTHONPATH=/home/jlukas/My_Project/ROS2/ros2_diff_nav2_slam/build/ros2_diff_nav2_slam/prefix_override:/home/jlukas/My_Project/ROS2/ros2_diff_nav2_slam/install/ros2_diff_nav2_slam/lib/python3.10/site-packages:${PYTHONPATH} /usr/bin/python3 setup.py egg_info --egg-base ../../build/ros2_diff_nav2_slam build --build-base /home/jlukas/My_Project/ROS2/ros2_diff_nav2_slam/build/ros2_diff_nav2_slam/build install --record /home/jlukas/My_Project/ROS2/ros2_diff_nav2_slam/build/ros2_diff_nav2_slam/install.log --single-version-externally-managed
[37.479s] Level 1:colcon.colcon_core.environment:checking '/home/jlukas/My_Project/ROS2/ros2_diff_nav2_slam/install/ros2_diff_nav2_slam' for CMake module files
[37.489s] Level 1:colcon.colcon_core.environment:checking '/home/jlukas/My_Project/ROS2/ros2_diff_nav2_slam/install/ros2_diff_nav2_slam' for CMake config files
[37.506s] Level 1:colcon.colcon_core.environment:checking '/home/jlukas/My_Project/ROS2/ros2_diff_nav2_slam/install/ros2_diff_nav2_slam/lib'
[37.508s] Level 1:colcon.colcon_core.environment:checking '/home/jlukas/My_Project/ROS2/ros2_diff_nav2_slam/install/ros2_diff_nav2_slam/bin'
[37.510s] Level 1:colcon.colcon_core.environment:checking '/home/jlukas/My_Project/ROS2/ros2_diff_nav2_slam/install/ros2_diff_nav2_slam/lib/pkgconfig/ros2_diff_nav2_slam.pc'
[37.512s] Level 1:colcon.colcon_core.environment:checking '/home/jlukas/My_Project/ROS2/ros2_diff_nav2_slam/install/ros2_diff_nav2_slam/lib/python3.10/site-packages'
[37.513s] Level 1:colcon.colcon_core.shell:create_environment_hook('ros2_diff_nav2_slam', 'pythonpath')
[37.844s] INFO:colcon.colcon_core.shell:Creating environment hook '/home/jlukas/My_Project/ROS2/ros2_diff_nav2_slam/install/ros2_diff_nav2_slam/share/ros2_diff_nav2_slam/hook/pythonpath.ps1'
[37.848s] INFO:colcon.colcon_core.shell:Creating environment descriptor '/home/jlukas/My_Project/ROS2/ros2_diff_nav2_slam/install/ros2_diff_nav2_slam/share/ros2_diff_nav2_slam/hook/pythonpath.dsv'
[37.852s] INFO:colcon.colcon_core.shell:Creating environment hook '/home/jlukas/My_Project/ROS2/ros2_diff_nav2_slam/install/ros2_diff_nav2_slam/share/ros2_diff_nav2_slam/hook/pythonpath.sh'
[37.860s] Level 1:colcon.colcon_core.environment:checking '/home/jlukas/My_Project/ROS2/ros2_diff_nav2_slam/install/ros2_diff_nav2_slam/bin'
[37.861s] Level 1:colcon.colcon_core.environment:create_environment_scripts_only(ros2_diff_nav2_slam)
[38.082s] INFO:colcon.colcon_core.shell:Creating package script '/home/jlukas/My_Project/ROS2/ros2_diff_nav2_slam/install/ros2_diff_nav2_slam/share/ros2_diff_nav2_slam/package.ps1'
[38.095s] INFO:colcon.colcon_core.shell:Creating package descriptor '/home/jlukas/My_Project/ROS2/ros2_diff_nav2_slam/install/ros2_diff_nav2_slam/share/ros2_diff_nav2_slam/package.dsv'
[38.109s] INFO:colcon.colcon_core.shell:Creating package script '/home/jlukas/My_Project/ROS2/ros2_diff_nav2_slam/install/ros2_diff_nav2_slam/share/ros2_diff_nav2_slam/package.sh'
[38.121s] INFO:colcon.colcon_core.shell:Creating package script '/home/jlukas/My_Project/ROS2/ros2_diff_nav2_slam/install/ros2_diff_nav2_slam/share/ros2_diff_nav2_slam/package.bash'
[38.134s] INFO:colcon.colcon_core.shell:Creating package script '/home/jlukas/My_Project/ROS2/ros2_diff_nav2_slam/install/ros2_diff_nav2_slam/share/ros2_diff_nav2_slam/package.zsh'
[38.145s] Level 1:colcon.colcon_core.environment:create_file_with_runtime_dependencies(/home/jlukas/My_Project/ROS2/ros2_diff_nav2_slam/install/ros2_diff_nav2_slam/share/colcon-core/packages/ros2_diff_nav2_slam)
[38.148s] DEBUG:colcon.colcon_parallel_executor.executor.parallel:closing loop
[38.151s] DEBUG:colcon.colcon_parallel_executor.executor.parallel:loop closed
[38.152s] DEBUG:colcon.colcon_parallel_executor.executor.parallel:run_until_complete finished with '0'
[38.153s] DEBUG:colcon.colcon_core.event_reactor:joining thread
[38.505s] INFO:colcon.colcon_core.plugin_system:Skipping extension 'colcon_notification.desktop_notification.notify_send': Could not find 'notify-send'
[38.507s] INFO:colcon.colcon_core.plugin_system:Skipping extension 'colcon_notification.desktop_notification.terminal_notifier': Not used on non-Darwin systems
[38.507s] INFO:colcon.colcon_core.plugin_system:Skipping extension 'colcon_notification.desktop_notification.win32': Not used on non-Windows systems
[38.508s] INFO:colcon.colcon_notification.desktop_notification:Sending desktop notification using 'notify2'
[38.517s] DEBUG:colcon.colcon_notification.desktop_notification.notify2:Failed to initialize notify2: org.freedesktop.DBus.Error.ServiceUnknown: The name org.freedesktop.Notifications was not provided by any .service files
[38.518s] DEBUG:colcon.colcon_core.event_reactor:joined thread
[38.735s] INFO:colcon.colcon_core.shell:Creating prefix script '/home/jlukas/My_Project/ROS2/ros2_diff_nav2_slam/install/local_setup.ps1'
[38.746s] INFO:colcon.colcon_core.shell:Creating prefix util module '/home/jlukas/My_Project/ROS2/ros2_diff_nav2_slam/install/_local_setup_util_ps1.py'
[38.765s] INFO:colcon.colcon_core.shell:Creating prefix chain script '/home/jlukas/My_Project/ROS2/ros2_diff_nav2_slam/install/setup.ps1'
[38.993s] INFO:colcon.colcon_core.shell:Creating prefix script '/home/jlukas/My_Project/ROS2/ros2_diff_nav2_slam/install/local_setup.sh'
[39.003s] INFO:colcon.colcon_core.shell:Creating prefix util module '/home/jlukas/My_Project/ROS2/ros2_diff_nav2_slam/install/_local_setup_util_sh.py'
[39.009s] INFO:colcon.colcon_core.shell:Creating prefix chain script '/home/jlukas/My_Project/ROS2/ros2_diff_nav2_slam/install/setup.sh'
[39.238s] INFO:colcon.colcon_core.shell:Creating prefix script '/home/jlukas/My_Project/ROS2/ros2_diff_nav2_slam/install/local_setup.bash'
[39.248s] INFO:colcon.colcon_core.shell:Creating prefix chain script '/home/jlukas/My_Project/ROS2/ros2_diff_nav2_slam/install/setup.bash'
[39.476s] INFO:colcon.colcon_core.shell:Creating prefix script '/home/jlukas/My_Project/ROS2/ros2_diff_nav2_slam/install/local_setup.zsh'
[39.486s] INFO:colcon.colcon_core.shell:Creating prefix chain script '/home/jlukas/My_Project/ROS2/ros2_diff_nav2_slam/install/setup.zsh'
