[3.904s] Invoking command in '/home/jlukas/ROS2/techdiffbot/build/serial': CMAKE_PREFIX_PATH=${CMAKE_PREFIX_PATH}:/home/jlukas/ROS2/techdiffbot/install/techdiffbot:/home/jlukas/Desktop/My_Project/ROS2/ros2_rpi_cv2/install/ros2_rpi_cv2:/home/jlukas/Desktop/My_Project/ROS2/rover/install/rover:/home/jlukas/Desktop/My_Project/ROS2/techdiffbot/install/techdiffbot:/opt/ros/humble /usr/bin/cmake --build /home/jlukas/ROS2/techdiffbot/build/serial -- -j4 -l4
[8.192s] [ 14%] Built target gtest
[8.206s] [ 42%] Built target serial
[8.216s] [ 57%] Built target gtest_main
[8.590s] [ 71%] Built target serial_example
[8.607s] [ 85%] Built target serial-test-timer
[8.767s] [100%] Built target serial-test
[11.191s] Invoked command in '/home/jlukas/ROS2/techdiffbot/build/serial' returned '0': CMAKE_PREFIX_PATH=${CMAKE_PREFIX_PATH}:/home/jlukas/ROS2/techdiffbot/install/techdiffbot:/home/jlukas/Desktop/My_Project/ROS2/ros2_rpi_cv2/install/ros2_rpi_cv2:/home/jlukas/Desktop/My_Project/ROS2/rover/install/rover:/home/jlukas/Desktop/My_Project/ROS2/techdiffbot/install/techdiffbot:/opt/ros/humble /usr/bin/cmake --build /home/jlukas/ROS2/techdiffbot/build/serial -- -j4 -l4
[11.741s] Invoking command in '/home/jlukas/ROS2/techdiffbot/build/serial': CMAKE_PREFIX_PATH=${CMAKE_PREFIX_PATH}:/home/jlukas/ROS2/techdiffbot/install/techdiffbot:/home/jlukas/Desktop/My_Project/ROS2/ros2_rpi_cv2/install/ros2_rpi_cv2:/home/jlukas/Desktop/My_Project/ROS2/rover/install/rover:/home/jlukas/Desktop/My_Project/ROS2/techdiffbot/install/techdiffbot:/opt/ros/humble /usr/bin/cmake --install /home/jlukas/ROS2/techdiffbot/build/serial
[11.851s] -- Install configuration: ""
[11.859s] -- Execute custom install script
[11.864s] -- Up-to-date symlink: /home/jlukas/ROS2/techdiffbot/install/serial/lib/libserial.a
[11.872s] -- Up-to-date symlink: /home/jlukas/ROS2/techdiffbot/install/serial/include/serial/serial.h
[11.875s] -- Up-to-date symlink: /home/jlukas/ROS2/techdiffbot/install/serial/include/serial/v8stdint.h
[11.891s] -- Up-to-date symlink: /home/jlukas/ROS2/techdiffbot/install/serial/share/serial/environment/library_path.sh
[11.895s] -- Up-to-date symlink: /home/jlukas/ROS2/techdiffbot/install/serial/share/serial/environment/library_path.dsv
[11.905s] -- Up-to-date symlink: /home/jlukas/ROS2/techdiffbot/install/serial/share/ament_index/resource_index/package_run_dependencies/serial
[11.909s] -- Up-to-date symlink: /home/jlukas/ROS2/techdiffbot/install/serial/share/ament_index/resource_index/parent_prefix_path/serial
[11.915s] -- Up-to-date symlink: /home/jlukas/ROS2/techdiffbot/install/serial/share/serial/environment/ament_prefix_path.sh
[11.919s] -- Up-to-date symlink: /home/jlukas/ROS2/techdiffbot/install/serial/share/serial/environment/ament_prefix_path.dsv
[11.924s] -- Up-to-date symlink: /home/jlukas/ROS2/techdiffbot/install/serial/share/serial/environment/path.sh
[11.930s] -- Up-to-date symlink: /home/jlukas/ROS2/techdiffbot/install/serial/share/serial/environment/path.dsv
[11.935s] -- Up-to-date symlink: /home/jlukas/ROS2/techdiffbot/install/serial/share/serial/local_setup.bash
[11.943s] -- Up-to-date symlink: /home/jlukas/ROS2/techdiffbot/install/serial/share/serial/local_setup.sh
[11.956s] -- Up-to-date symlink: /home/jlukas/ROS2/techdiffbot/install/serial/share/serial/local_setup.zsh
[11.963s] -- Up-to-date symlink: /home/jlukas/ROS2/techdiffbot/install/serial/share/serial/local_setup.dsv
[11.964s] -- Symlinking: /home/jlukas/ROS2/techdiffbot/install/serial/share/serial/package.dsv
[12.080s] -- Up-to-date symlink: /home/jlukas/ROS2/techdiffbot/install/serial/share/ament_index/resource_index/packages/serial
[12.085s] -- Up-to-date symlink: /home/jlukas/ROS2/techdiffbot/install/serial/share/serial/cmake/ament_cmake_export_include_directories-extras.cmake
[12.092s] -- Up-to-date symlink: /home/jlukas/ROS2/techdiffbot/install/serial/share/serial/cmake/ament_cmake_export_libraries-extras.cmake
[12.099s] -- Up-to-date symlink: /home/jlukas/ROS2/techdiffbot/install/serial/share/serial/cmake/serialConfig.cmake
[12.105s] -- Up-to-date symlink: /home/jlukas/ROS2/techdiffbot/install/serial/share/serial/cmake/serialConfig-version.cmake
[12.111s] -- Up-to-date symlink: /home/jlukas/ROS2/techdiffbot/install/serial/share/serial/package.xml
[12.140s] Invoked command in '/home/jlukas/ROS2/techdiffbot/build/serial' returned '0': CMAKE_PREFIX_PATH=${CMAKE_PREFIX_PATH}:/home/jlukas/ROS2/techdiffbot/install/techdiffbot:/home/jlukas/Desktop/My_Project/ROS2/ros2_rpi_cv2/install/ros2_rpi_cv2:/home/jlukas/Desktop/My_Project/ROS2/rover/install/rover:/home/jlukas/Desktop/My_Project/ROS2/techdiffbot/install/techdiffbot:/opt/ros/humble /usr/bin/cmake --install /home/jlukas/ROS2/techdiffbot/build/serial
