[0.746s] Invoking command in '/home/jlukas/My_Project/ROS2/techdiffbot/src/techdiffbot': PYTHONPATH=/home/jlukas/My_Project/ROS2/techdiffbot/build/techdiffbot/prefix_override:/home/jlukas/My_Project/ROS2/techdiffbot/install/techdiffbot/lib/python3.10/site-packages:${PYTHONPATH} /usr/bin/python3 setup.py egg_info --egg-base ../../build/techdiffbot build --build-base /home/jlukas/My_Project/ROS2/techdiffbot/build/techdiffbot/build install --record /home/jlukas/My_Project/ROS2/techdiffbot/build/techdiffbot/install.log --single-version-externally-managed
[0.949s] running egg_info
[0.950s] writing ../../build/techdiffbot/techdiffbot.egg-info/PKG-INFO
[0.950s] writing dependency_links to ../../build/techdiffbot/techdiffbot.egg-info/dependency_links.txt
[0.950s] writing entry points to ../../build/techdiffbot/techdiffbot.egg-info/entry_points.txt
[0.950s] writing requirements to ../../build/techdiffbot/techdiffbot.egg-info/requires.txt
[0.950s] writing top-level names to ../../build/techdiffbot/techdiffbot.egg-info/top_level.txt
[0.952s] reading manifest file '../../build/techdiffbot/techdiffbot.egg-info/SOURCES.txt'
[0.953s] writing manifest file '../../build/techdiffbot/techdiffbot.egg-info/SOURCES.txt'
[0.953s] running build
[0.954s] running build_py
[0.954s] running install
[0.954s] /usr/lib/python3/dist-packages/setuptools/command/install.py:34: SetuptoolsDeprecationWarning: setup.py install is deprecated. Use build and pip and other standards-based tools.
[0.954s]   warnings.warn(
[0.954s] running install_lib
[0.955s] running install_data
[0.956s] copying urdf/core.robot.xacro -> /home/jlukas/My_Project/ROS2/techdiffbot/install/techdiffbot/share/techdiffbot/urdf
[0.956s] running install_egg_info
[0.958s] removing '/home/jlukas/My_Project/ROS2/techdiffbot/install/techdiffbot/lib/python3.10/site-packages/techdiffbot-0.0.0-py3.10.egg-info' (and everything under it)
[0.958s] Copying ../../build/techdiffbot/techdiffbot.egg-info to /home/jlukas/My_Project/ROS2/techdiffbot/install/techdiffbot/lib/python3.10/site-packages/techdiffbot-0.0.0-py3.10.egg-info
[0.959s] running install_scripts
[0.978s] writing list of installed files to '/home/jlukas/My_Project/ROS2/techdiffbot/build/techdiffbot/install.log'
[0.999s] Invoked command in '/home/jlukas/My_Project/ROS2/techdiffbot/src/techdiffbot' returned '0': PYTHONPATH=/home/jlukas/My_Project/ROS2/techdiffbot/build/techdiffbot/prefix_override:/home/jlukas/My_Project/ROS2/techdiffbot/install/techdiffbot/lib/python3.10/site-packages:${PYTHONPATH} /usr/bin/python3 setup.py egg_info --egg-base ../../build/techdiffbot build --build-base /home/jlukas/My_Project/ROS2/techdiffbot/build/techdiffbot/build install --record /home/jlukas/My_Project/ROS2/techdiffbot/build/techdiffbot/install.log --single-version-externally-managed
