[1.866s] Invoking command in '/home/jlukas/Desktop/My_Project/ROS2/techdiffbot/build/librviz_tutorial': CMAKE_PREFIX_PATH=${CMAKE_PREFIX_PATH}:/home/jlukas/Desktop/My_Project/ROS2/techdiffbot/install/techdiffbot:/home/jlukas/Desktop/My_Project/ROS2/ros2_rpi_cv2/install/ros2_rpi_cv2:/home/jlukas/Desktop/My_Project/ROS2/rover/install/rover:/opt/ros/humble /usr/bin/cmake --build /home/jlukas/Desktop/My_Project/ROS2/techdiffbot/build/librviz_tutorial -- -j4 -l4
[2.308s] [ 20%] [34m[1mAutomatic MOC for target myviz[0m
[2.527s] [ 20%] Built target myviz_autogen
[2.730s] [100%] Built target myviz
[2.796s] Invoked command in '/home/jlukas/Desktop/My_Project/ROS2/techdiffbot/build/librviz_tutorial' returned '0': CMAKE_PREFIX_PATH=${CMAKE_PREFIX_PATH}:/home/jlukas/Desktop/My_Project/ROS2/techdiffbot/install/techdiffbot:/home/jlukas/Desktop/My_Project/ROS2/ros2_rpi_cv2/install/ros2_rpi_cv2:/home/jlukas/Desktop/My_Project/ROS2/rover/install/rover:/opt/ros/humble /usr/bin/cmake --build /home/jlukas/Desktop/My_Project/ROS2/techdiffbot/build/librviz_tutorial -- -j4 -l4
[3.215s] Invoking command in '/home/jlukas/Desktop/My_Project/ROS2/techdiffbot/build/librviz_tutorial': CMAKE_PREFIX_PATH=${CMAKE_PREFIX_PATH}:/home/jlukas/Desktop/My_Project/ROS2/techdiffbot/install/techdiffbot:/home/jlukas/Desktop/My_Project/ROS2/ros2_rpi_cv2/install/ros2_rpi_cv2:/home/jlukas/Desktop/My_Project/ROS2/rover/install/rover:/opt/ros/humble /usr/bin/cmake --install /home/jlukas/Desktop/My_Project/ROS2/techdiffbot/build/librviz_tutorial
[3.254s] -- Install configuration: ""
[3.257s] -- Up-to-date: /home/jlukas/Desktop/My_Project/ROS2/techdiffbot/install/librviz_tutorial/lib/librviz_tutorial/myviz
[3.260s] -- Up-to-date: /home/jlukas/Desktop/My_Project/ROS2/techdiffbot/install/librviz_tutorial/share/ament_index/resource_index/package_run_dependencies/librviz_tutorial
[3.261s] -- Up-to-date: /home/jlukas/Desktop/My_Project/ROS2/techdiffbot/install/librviz_tutorial/share/ament_index/resource_index/parent_prefix_path/librviz_tutorial
[3.261s] -- Up-to-date: /home/jlukas/Desktop/My_Project/ROS2/techdiffbot/install/librviz_tutorial/share/librviz_tutorial/environment/ament_prefix_path.sh
[3.266s] -- Up-to-date: /home/jlukas/Desktop/My_Project/ROS2/techdiffbot/install/librviz_tutorial/share/librviz_tutorial/environment/ament_prefix_path.dsv
[3.267s] -- Up-to-date: /home/jlukas/Desktop/My_Project/ROS2/techdiffbot/install/librviz_tutorial/share/librviz_tutorial/environment/path.sh
[3.268s] -- Up-to-date: /home/jlukas/Desktop/My_Project/ROS2/techdiffbot/install/librviz_tutorial/share/librviz_tutorial/environment/path.dsv
[3.269s] -- Up-to-date: /home/jlukas/Desktop/My_Project/ROS2/techdiffbot/install/librviz_tutorial/share/librviz_tutorial/local_setup.bash
[3.270s] -- Up-to-date: /home/jlukas/Desktop/My_Project/ROS2/techdiffbot/install/librviz_tutorial/share/librviz_tutorial/local_setup.sh
[3.273s] -- Up-to-date: /home/jlukas/Desktop/My_Project/ROS2/techdiffbot/install/librviz_tutorial/share/librviz_tutorial/local_setup.zsh
[3.276s] -- Up-to-date: /home/jlukas/Desktop/My_Project/ROS2/techdiffbot/install/librviz_tutorial/share/librviz_tutorial/local_setup.dsv
[3.282s] -- Installing: /home/jlukas/Desktop/My_Project/ROS2/techdiffbot/install/librviz_tutorial/share/librviz_tutorial/package.dsv
[3.298s] -- Up-to-date: /home/jlukas/Desktop/My_Project/ROS2/techdiffbot/install/librviz_tutorial/share/ament_index/resource_index/packages/librviz_tutorial
[3.300s] -- Up-to-date: /home/jlukas/Desktop/My_Project/ROS2/techdiffbot/install/librviz_tutorial/share/librviz_tutorial/cmake/ament_cmake_export_dependencies-extras.cmake
[3.301s] -- Up-to-date: /home/jlukas/Desktop/My_Project/ROS2/techdiffbot/install/librviz_tutorial/share/librviz_tutorial/cmake/librviz_tutorialConfig.cmake
[3.303s] -- Up-to-date: /home/jlukas/Desktop/My_Project/ROS2/techdiffbot/install/librviz_tutorial/share/librviz_tutorial/cmake/librviz_tutorialConfig-version.cmake
[3.304s] -- Up-to-date: /home/jlukas/Desktop/My_Project/ROS2/techdiffbot/install/librviz_tutorial/share/librviz_tutorial/package.xml
[3.314s] Invoked command in '/home/jlukas/Desktop/My_Project/ROS2/techdiffbot/build/librviz_tutorial' returned '0': CMAKE_PREFIX_PATH=${CMAKE_PREFIX_PATH}:/home/jlukas/Desktop/My_Project/ROS2/techdiffbot/install/techdiffbot:/home/jlukas/Desktop/My_Project/ROS2/ros2_rpi_cv2/install/ros2_rpi_cv2:/home/jlukas/Desktop/My_Project/ROS2/rover/install/rover:/opt/ros/humble /usr/bin/cmake --install /home/jlukas/Desktop/My_Project/ROS2/techdiffbot/build/librviz_tutorial
