[18.918s] Invoking command in '/home/jlukas/ROS2/techdiffbot/build/techdiffbot': PYTHONPATH=/home/jlukas/ROS2/techdiffbot/build/techdiffbot/prefix_override:/home/jlukas/ROS2/techdiffbot/install/techdiffbot/lib/python3.10/site-packages:${PYTHONPATH} /usr/bin/python3 setup.py develop --editable --build-directory /home/jlukas/ROS2/techdiffbot/build/techdiffbot/build --no-deps install_data
[23.458s] running develop
[26.351s] running egg_info
[26.359s] creating techdiffbot.egg-info
[26.365s] writing techdiffbot.egg-info/PKG-INFO
[26.366s] writing dependency_links to techdiffbot.egg-info/dependency_links.txt
[26.372s] writing entry points to techdiffbot.egg-info/entry_points.txt
[26.373s] writing requirements to techdiffbot.egg-info/requires.txt
[26.374s] writing top-level names to techdiffbot.egg-info/top_level.txt
[26.376s] writing manifest file 'techdiffbot.egg-info/SOURCES.txt'
[26.400s] reading manifest file 'techdiffbot.egg-info/SOURCES.txt'
[26.411s] writing manifest file 'techdiffbot.egg-info/SOURCES.txt'
[26.447s] running build_ext
[26.453s] Creating /home/jlukas/ROS2/techdiffbot/install/techdiffbot/lib/python3.10/site-packages/techdiffbot.egg-link (link to .)
[26.467s] 
[26.470s] Installed /home/jlukas/ROS2/techdiffbot/build/techdiffbot
[26.473s] running install_data
[26.475s] creating /home/jlukas/ROS2/techdiffbot/install/techdiffbot/share/ament_index
[26.477s] creating /home/jlukas/ROS2/techdiffbot/install/techdiffbot/share/ament_index/resource_index
[26.479s] creating /home/jlukas/ROS2/techdiffbot/install/techdiffbot/share/ament_index/resource_index/packages
[26.483s] copying resource/techdiffbot -> /home/jlukas/ROS2/techdiffbot/install/techdiffbot/share/ament_index/resource_index/packages
[26.485s] copying package.xml -> /home/jlukas/ROS2/techdiffbot/install/techdiffbot/share/techdiffbot
[26.487s] creating /home/jlukas/ROS2/techdiffbot/install/techdiffbot/share/techdiffbot/launch
[26.489s] copying launch/joystick.steam.launch.py -> /home/jlukas/ROS2/techdiffbot/install/techdiffbot/share/techdiffbot/launch
[26.491s] copying launch/rsp.launch.py -> /home/jlukas/ROS2/techdiffbot/install/techdiffbot/share/techdiffbot/launch
[26.494s] copying launch/gazebo.sim.launch.py -> /home/jlukas/ROS2/techdiffbot/install/techdiffbot/share/techdiffbot/launch
[26.496s] copying launch/launch_robot.launch.py -> /home/jlukas/ROS2/techdiffbot/install/techdiffbot/share/techdiffbot/launch
[26.498s] copying launch/joystick.control.launch.py -> /home/jlukas/ROS2/techdiffbot/install/techdiffbot/share/techdiffbot/launch
[26.501s] creating /home/jlukas/ROS2/techdiffbot/install/techdiffbot/share/techdiffbot/urdf
[26.503s] copying urdf/ros2_control_real_robot.xacro -> /home/jlukas/ROS2/techdiffbot/install/techdiffbot/share/techdiffbot/urdf
[26.505s] copying urdf/ros2_control_gazebo.xacro -> /home/jlukas/ROS2/techdiffbot/install/techdiffbot/share/techdiffbot/urdf
[26.507s] copying urdf/diff.robot.urdf.xacro -> /home/jlukas/ROS2/techdiffbot/install/techdiffbot/share/techdiffbot/urdf
[26.509s] copying urdf/core.robot.xacro -> /home/jlukas/ROS2/techdiffbot/install/techdiffbot/share/techdiffbot/urdf
[26.511s] copying urdf/gazebo_control_differential_drive.xacro -> /home/jlukas/ROS2/techdiffbot/install/techdiffbot/share/techdiffbot/urdf
[26.512s] copying urdf/inertial_macros.xacro -> /home/jlukas/ROS2/techdiffbot/install/techdiffbot/share/techdiffbot/urdf
[26.516s] creating /home/jlukas/ROS2/techdiffbot/install/techdiffbot/share/techdiffbot/config
[26.518s] copying config/joystick.yaml -> /home/jlukas/ROS2/techdiffbot/install/techdiffbot/share/techdiffbot/config
[26.520s] copying config/gazebo_params.yaml -> /home/jlukas/ROS2/techdiffbot/install/techdiffbot/share/techdiffbot/config
[26.523s] copying config/my_controllers.yaml -> /home/jlukas/ROS2/techdiffbot/install/techdiffbot/share/techdiffbot/config
[26.526s] copying config/real_robot_params.yaml -> /home/jlukas/ROS2/techdiffbot/install/techdiffbot/share/techdiffbot/config
[26.971s] Invoked command in '/home/jlukas/ROS2/techdiffbot/build/techdiffbot' returned '0': PYTHONPATH=/home/jlukas/ROS2/techdiffbot/build/techdiffbot/prefix_override:/home/jlukas/ROS2/techdiffbot/install/techdiffbot/lib/python3.10/site-packages:${PYTHONPATH} /usr/bin/python3 setup.py develop --editable --build-directory /home/jlukas/ROS2/techdiffbot/build/techdiffbot/build --no-deps install_data
