[0.723s] Invoking command in '/home/jlukas/Desktop/My_Project/ROS2/techdiffbot/build/rviz_plugin_tutorials': CMAKE_PREFIX_PATH=${CMAKE_PREFIX_PATH}:/home/jlukas/Desktop/My_Project/ROS2/techdiffbot/install/techdiffbot:/home/jlukas/Desktop/My_Project/ROS2/ros2_rpi_cv2/install/ros2_rpi_cv2:/home/jlukas/Desktop/My_Project/ROS2/rover/install/rover:/opt/ros/humble /usr/bin/cmake /home/jlukas/Desktop/My_Project/ROS2/techdiffbot/src/visualization_tutorials/rviz_plugin_tutorials -DCMAKE_INSTALL_PREFIX=/home/jlukas/Desktop/My_Project/ROS2/techdiffbot/install/rviz_plugin_tutorials
[3.403s] -- Found ament_cmake: 1.3.7 (/opt/ros/humble/share/ament_cmake/cmake)
[5.141s] -- Override CMake install command with custom implementation using symlinks instead of copying resources
[6.233s] -- Found geometry_msgs: 4.2.3 (/opt/ros/humble/share/geometry_msgs/cmake)
[7.506s] -- Found rosidl_generator_c: 3.1.5 (/opt/ros/humble/share/rosidl_generator_c/cmake)
[7.863s] -- Found rosidl_adapter: 3.1.5 (/opt/ros/humble/share/rosidl_adapter/cmake)
[8.410s] -- Found rosidl_generator_cpp: 3.1.5 (/opt/ros/humble/share/rosidl_generator_cpp/cmake)
[8.738s] -- Using all available rosidl_typesupport_c: rosidl_typesupport_fastrtps_c;rosidl_typesupport_introspection_c
[9.595s] -- Using all available rosidl_typesupport_cpp: rosidl_typesupport_fastrtps_cpp;rosidl_typesupport_introspection_cpp
[11.294s] -- Found pluginlib: 5.1.0 (/opt/ros/humble/share/pluginlib/cmake)
[11.826s] -- Found rclcpp: 16.0.8 (/opt/ros/humble/share/rclcpp/cmake)
[11.876s] -- Found rmw_implementation_cmake: 6.1.1 (/opt/ros/humble/share/rmw_implementation_cmake/cmake)
[11.877s] -- Found rmw_fastrtps_cpp: 6.2.6 (/opt/ros/humble/share/rmw_fastrtps_cpp/cmake)
[13.165s] -- Found TinyXML2 via Config file: TinyXML2_DIR-NOTFOUND
[13.551s] -- Found TinyXML2 via Config file: TinyXML2_DIR-NOTFOUND
[13.645s] -- Found TinyXML2 via Config file: TinyXML2_DIR-NOTFOUND
[13.655s] -- Found TinyXML2 via Config file: TinyXML2_DIR-NOTFOUND
[13.666s] -- Using RMW implementation 'rmw_fastrtps_cpp' as default
[16.143s] -- Found rviz_common: 11.2.10 (/opt/ros/humble/share/rviz_common/cmake)
[16.690s] -- Setting OGRE_DIR to: '/opt/ros/humble/share/rviz_ogre_vendor/cmake/../../../opt/rviz_ogre_vendor/lib/OGRE/cmake'
[16.717s] -- Found OGRE
[16.717s] --   static     : OFF
[16.718s] --   components : HLMS;MeshLodGenerator;Overlay;Paging;Property;RTShaderSystem;Terrain;Volume
[16.718s] --   plugins    : Plugin_BSPSceneManager;Plugin_OctreeSceneManager;Plugin_PCZSceneManager;Plugin_ParticleFX;RenderSystem_GL;RenderSystem_GL3Plus;Codec_STBI
[16.718s] --   media      : /opt/ros/humble/opt/rviz_ogre_vendor/share/OGRE/Media
[16.718s] -- OGRE_LIBRARIES: OgreHLMS;OgreMeshLodGenerator;OgreOverlay;OgrePaging;OgreProperty;OgreRTShaderSystem;OgreTerrain;OgreVolume;OgreMain
[16.718s] -- OGRE_LIBRARY_DIRS: /opt/ros/humble/opt/rviz_ogre_vendor/lib
[16.718s] -- OGRE_PLUGINS: Plugin_BSPSceneManager;Plugin_OctreeSceneManager;Plugin_PCZSceneManager;Plugin_ParticleFX;RenderSystem_GL;RenderSystem_GL3Plus;Codec_STBI
[16.718s] -- OGRE_PLUGIN_DIR: /opt/ros/humble/opt/rviz_ogre_vendor/lib/OGRE
[16.718s] -- rviz_ogre_vendor::OgreOverlay for IMPORTED_LOCATION_RELEASE: /opt/ros/humble/opt/rviz_ogre_vendor/lib/libOgreOverlay.so
[16.718s] -- rviz_ogre_vendor::OgreOverlay for IMPORTED_LOCATION_DEBUG: /opt/ros/humble/opt/rviz_ogre_vendor/lib/libOgreOverlay.so
[16.718s] -- rviz_ogre_vendor::OgreMain for IMPORTED_LOCATION_RELEASE: /opt/ros/humble/opt/rviz_ogre_vendor/lib/libOgreMain.so
[16.718s] -- rviz_ogre_vendor::OgreMain for IMPORTED_LOCATION_DEBUG: /opt/ros/humble/opt/rviz_ogre_vendor/lib/libOgreMain.so
[17.239s] -- rviz_ogre_vendor::RenderSystem_GL for IMPORTED_LOCATION_RELEASE: _render_system_gl_static_library_abs-NOTFOUND
[17.239s] -- rviz_ogre_vendor::RenderSystem_GL for IMPORTED_LOCATION_DEBUG: _render_system_gl_static_library_abs-NOTFOUND
[17.809s] -- library: /usr/lib/x86_64-linux-gnu/libcurl.so
[17.982s] -- Ensuring Eigen3 include directory is part of orocos-kdl CMake target
[19.971s] -- Found ament_lint_auto: 0.12.10 (/opt/ros/humble/share/ament_lint_auto/cmake)
[20.295s] -- Deploy OGRE media
[20.297s] -- Added test 'copyright' to check source files copyright and LICENSE
[20.311s] -- Added test 'cppcheck' to perform static code analysis on C / C++ code
[20.311s] -- Configured cppcheck include dirs: 
[20.311s] -- Configured cppcheck exclude dirs and/or files: 
[20.314s] -- Added test 'cpplint' to check C / C++ code against the Google style
[20.314s] -- Configured cpplint exclude dirs and/or files: 
[20.315s] -- Added test 'flake8' to check Python code syntax and style conventions
[20.316s] -- Added test 'lint_cmake' to check CMake code style
[20.318s] -- Added test 'pep257' to check Python code against some of the docstring style conventions in PEP 257
[20.320s] -- Added test 'uncrustify' to check C / C++ code style
[20.320s] -- Configured uncrustify additional arguments: 
[20.321s] -- Added test 'xmllint' to check XML markup files
[20.358s] -- Configuring done
[21.594s] -- Generating done
[21.599s] -- Build files have been written to: /home/jlukas/Desktop/My_Project/ROS2/techdiffbot/build/rviz_plugin_tutorials
[21.613s] Invoked command in '/home/jlukas/Desktop/My_Project/ROS2/techdiffbot/build/rviz_plugin_tutorials' returned '0': CMAKE_PREFIX_PATH=${CMAKE_PREFIX_PATH}:/home/jlukas/Desktop/My_Project/ROS2/techdiffbot/install/techdiffbot:/home/jlukas/Desktop/My_Project/ROS2/ros2_rpi_cv2/install/ros2_rpi_cv2:/home/jlukas/Desktop/My_Project/ROS2/rover/install/rover:/opt/ros/humble /usr/bin/cmake /home/jlukas/Desktop/My_Project/ROS2/techdiffbot/src/visualization_tutorials/rviz_plugin_tutorials -DCMAKE_INSTALL_PREFIX=/home/jlukas/Desktop/My_Project/ROS2/techdiffbot/install/rviz_plugin_tutorials
[21.613s] Invoking command in '/home/jlukas/Desktop/My_Project/ROS2/techdiffbot/build/rviz_plugin_tutorials': CMAKE_PREFIX_PATH=${CMAKE_PREFIX_PATH}:/home/jlukas/Desktop/My_Project/ROS2/techdiffbot/install/techdiffbot:/home/jlukas/Desktop/My_Project/ROS2/ros2_rpi_cv2/install/ros2_rpi_cv2:/home/jlukas/Desktop/My_Project/ROS2/rover/install/rover:/opt/ros/humble /usr/bin/cmake --build /home/jlukas/Desktop/My_Project/ROS2/techdiffbot/build/rviz_plugin_tutorials -- -j4 -l4
[21.756s] [ 12%] [34m[1mAutomatic MOC for target rviz_plugin_tutorials[0m
[32.589s] [ 12%] Built target rviz_plugin_tutorials_autogen
[33.176s] [35m[1mConsolidate compiler generated dependencies of target rviz_plugin_tutorials[0m
[33.573s] [ 25%] [32mBuilding CXX object CMakeFiles/rviz_plugin_tutorials.dir/rviz_plugin_tutorials_autogen/mocs_compilation.cpp.o[0m
[67.984s] [ 37%] [32mBuilding CXX object CMakeFiles/rviz_plugin_tutorials.dir/src/imu_visual.cpp.o[0m
[72.040s] [ 50%] [32mBuilding CXX object CMakeFiles/rviz_plugin_tutorials.dir/src/plant_flag_tool.cpp.o[0m
[81.146s] [ 62%] [32mBuilding CXX object CMakeFiles/rviz_plugin_tutorials.dir/src/teleop_panel.cpp.o[0m
[86.912s] [ 75%] [32mBuilding CXX object CMakeFiles/rviz_plugin_tutorials.dir/src/imu_display.cpp.o[0m
[101.154s] [ 87%] [32mBuilding CXX object CMakeFiles/rviz_plugin_tutorials.dir/src/drive_widget.cpp.o[0m
[102.409s] [100%] [32m[1mLinking CXX shared library librviz_plugin_tutorials.so[0m
[105.017s] [100%] Built target rviz_plugin_tutorials
[105.044s] Invoked command in '/home/jlukas/Desktop/My_Project/ROS2/techdiffbot/build/rviz_plugin_tutorials' returned '0': CMAKE_PREFIX_PATH=${CMAKE_PREFIX_PATH}:/home/jlukas/Desktop/My_Project/ROS2/techdiffbot/install/techdiffbot:/home/jlukas/Desktop/My_Project/ROS2/ros2_rpi_cv2/install/ros2_rpi_cv2:/home/jlukas/Desktop/My_Project/ROS2/rover/install/rover:/opt/ros/humble /usr/bin/cmake --build /home/jlukas/Desktop/My_Project/ROS2/techdiffbot/build/rviz_plugin_tutorials -- -j4 -l4
[105.132s] Invoking command in '/home/jlukas/Desktop/My_Project/ROS2/techdiffbot/build/rviz_plugin_tutorials': CMAKE_PREFIX_PATH=${CMAKE_PREFIX_PATH}:/home/jlukas/Desktop/My_Project/ROS2/techdiffbot/install/techdiffbot:/home/jlukas/Desktop/My_Project/ROS2/ros2_rpi_cv2/install/ros2_rpi_cv2:/home/jlukas/Desktop/My_Project/ROS2/rover/install/rover:/opt/ros/humble /usr/bin/cmake --install /home/jlukas/Desktop/My_Project/ROS2/techdiffbot/build/rviz_plugin_tutorials
[105.141s] -- Install configuration: ""
[105.141s] -- Execute custom install script
[105.142s] -- Up-to-date symlink: /home/jlukas/Desktop/My_Project/ROS2/techdiffbot/install/rviz_plugin_tutorials/share/rviz_plugin_tutorials//plugin_description.xml
[105.143s] -- Up-to-date symlink: /home/jlukas/Desktop/My_Project/ROS2/techdiffbot/install/rviz_plugin_tutorials/lib/rviz_plugin_tutorials/librviz_plugin_tutorials.so
[105.144s] -- Up-to-date symlink: /home/jlukas/Desktop/My_Project/ROS2/techdiffbot/install/rviz_plugin_tutorials/share/rviz_plugin_tutorials/media/flag.dae
[105.144s] -- Up-to-date symlink: /home/jlukas/Desktop/My_Project/ROS2/techdiffbot/install/rviz_plugin_tutorials/share/rviz_plugin_tutorials/icons/classes/Imu.png
[105.144s] -- Up-to-date symlink: /home/jlukas/Desktop/My_Project/ROS2/techdiffbot/install/rviz_plugin_tutorials/share/rviz_plugin_tutorials/icons/classes/PlantFlag.png
[105.145s] -- Up-to-date symlink: /home/jlukas/Desktop/My_Project/ROS2/techdiffbot/install/rviz_plugin_tutorials/share/rviz_plugin_tutorials/icons/classes/Teleop.png
[105.145s] -- Up-to-date symlink: /home/jlukas/Desktop/My_Project/ROS2/techdiffbot/install/rviz_plugin_tutorials/lib/rviz_plugin_tutorials/send_test_msgs.py
[105.146s] -- Up-to-date symlink: /home/jlukas/Desktop/My_Project/ROS2/techdiffbot/install/rviz_plugin_tutorials/share/ament_index/resource_index/package_run_dependencies/rviz_plugin_tutorials
[105.146s] -- Up-to-date symlink: /home/jlukas/Desktop/My_Project/ROS2/techdiffbot/install/rviz_plugin_tutorials/share/ament_index/resource_index/parent_prefix_path/rviz_plugin_tutorials
[105.146s] -- Up-to-date symlink: /home/jlukas/Desktop/My_Project/ROS2/techdiffbot/install/rviz_plugin_tutorials/share/rviz_plugin_tutorials/environment/ament_prefix_path.sh
[105.147s] -- Up-to-date symlink: /home/jlukas/Desktop/My_Project/ROS2/techdiffbot/install/rviz_plugin_tutorials/share/rviz_plugin_tutorials/environment/ament_prefix_path.dsv
[105.147s] -- Up-to-date symlink: /home/jlukas/Desktop/My_Project/ROS2/techdiffbot/install/rviz_plugin_tutorials/share/rviz_plugin_tutorials/environment/path.sh
[105.147s] -- Up-to-date symlink: /home/jlukas/Desktop/My_Project/ROS2/techdiffbot/install/rviz_plugin_tutorials/share/rviz_plugin_tutorials/environment/path.dsv
[105.148s] -- Up-to-date symlink: /home/jlukas/Desktop/My_Project/ROS2/techdiffbot/install/rviz_plugin_tutorials/share/rviz_plugin_tutorials/local_setup.bash
[105.148s] -- Up-to-date symlink: /home/jlukas/Desktop/My_Project/ROS2/techdiffbot/install/rviz_plugin_tutorials/share/rviz_plugin_tutorials/local_setup.sh
[105.149s] -- Up-to-date symlink: /home/jlukas/Desktop/My_Project/ROS2/techdiffbot/install/rviz_plugin_tutorials/share/rviz_plugin_tutorials/local_setup.zsh
[105.149s] -- Up-to-date symlink: /home/jlukas/Desktop/My_Project/ROS2/techdiffbot/install/rviz_plugin_tutorials/share/rviz_plugin_tutorials/local_setup.dsv
[105.149s] -- Symlinking: /home/jlukas/Desktop/My_Project/ROS2/techdiffbot/install/rviz_plugin_tutorials/share/rviz_plugin_tutorials/package.dsv
[105.161s] -- Up-to-date symlink: /home/jlukas/Desktop/My_Project/ROS2/techdiffbot/install/rviz_plugin_tutorials/share/ament_index/resource_index/packages/rviz_plugin_tutorials
[105.162s] -- Up-to-date symlink: /home/jlukas/Desktop/My_Project/ROS2/techdiffbot/install/rviz_plugin_tutorials/share/ament_index/resource_index/rviz_common__pluginlib__plugin/rviz_plugin_tutorials
[105.162s] -- Up-to-date symlink: /home/jlukas/Desktop/My_Project/ROS2/techdiffbot/install/rviz_plugin_tutorials/share/ament_index/resource_index/rviz_ogre_media_exports/rviz_plugin_tutorials
[105.163s] -- Up-to-date symlink: /home/jlukas/Desktop/My_Project/ROS2/techdiffbot/install/rviz_plugin_tutorials/share/rviz_plugin_tutorials/cmake/ament_cmake_export_dependencies-extras.cmake
[105.163s] -- Up-to-date symlink: /home/jlukas/Desktop/My_Project/ROS2/techdiffbot/install/rviz_plugin_tutorials/share/rviz_plugin_tutorials/cmake/rviz_plugin_tutorialsConfig.cmake
[105.163s] -- Up-to-date symlink: /home/jlukas/Desktop/My_Project/ROS2/techdiffbot/install/rviz_plugin_tutorials/share/rviz_plugin_tutorials/cmake/rviz_plugin_tutorialsConfig-version.cmake
[105.163s] -- Up-to-date symlink: /home/jlukas/Desktop/My_Project/ROS2/techdiffbot/install/rviz_plugin_tutorials/share/rviz_plugin_tutorials/package.xml
[105.164s] -- Up-to-date: /home/jlukas/Desktop/My_Project/ROS2/techdiffbot/install/rviz_plugin_tutorials/share/rviz_plugin_tutorials/media
[105.167s] Invoked command in '/home/jlukas/Desktop/My_Project/ROS2/techdiffbot/build/rviz_plugin_tutorials' returned '0': CMAKE_PREFIX_PATH=${CMAKE_PREFIX_PATH}:/home/jlukas/Desktop/My_Project/ROS2/techdiffbot/install/techdiffbot:/home/jlukas/Desktop/My_Project/ROS2/ros2_rpi_cv2/install/ros2_rpi_cv2:/home/jlukas/Desktop/My_Project/ROS2/rover/install/rover:/opt/ros/humble /usr/bin/cmake --install /home/jlukas/Desktop/My_Project/ROS2/techdiffbot/build/rviz_plugin_tutorials
