[0.024s] Invoking command in '/home/jlukas/Desktop/My_Project/arduinobot_ws/build/arduinobot_cpp_examples': CMAKE_PREFIX_PATH=/opt/ros/humble /usr/bin/cmake /home/jlukas/Desktop/My_Project/arduinobot_ws/src/arduinobot_cpp_examples -DCMAKE_INSTALL_PREFIX=/home/jlukas/Desktop/My_Project/arduinobot_ws/install/arduinobot_cpp_examples
[0.118s] -- The C compiler identification is GNU 11.4.0
[0.189s] -- The CXX compiler identification is GNU 11.4.0
[0.198s] -- Detecting C compiler ABI info
[0.323s] -- Detecting C compiler ABI info - done
[0.334s] -- Check for working C compiler: /usr/bin/cc - skipped
[0.336s] -- Detecting C compile features
[0.336s] -- Detecting C compile features - done
[0.343s] -- Detecting CXX compiler ABI info
[0.459s] -- Detecting CXX compiler ABI info - done
[0.468s] -- Check for working CXX compiler: /usr/bin/c++ - skipped
[0.468s] -- Detecting CXX compile features
[0.469s] -- Detecting CXX compile features - done
[0.472s] -- Found ament_cmake: 1.3.5 (/opt/ros/humble/share/ament_cmake/cmake)
[0.689s] -- Found Python3: /usr/bin/python3.10 (found version "3.10.12") found components: Interpreter 
[0.801s] -- Found ament_lint_auto: 0.12.7 (/opt/ros/humble/share/ament_lint_auto/cmake)
[0.902s] -- Added test 'lint_cmake' to check CMake code style
[0.904s] -- Added test 'xmllint' to check XML markup files
[0.919s] -- Configuring done
[0.919s] -- Generating done
[0.919s] -- Build files have been written to: /home/jlukas/Desktop/My_Project/arduinobot_ws/build/arduinobot_cpp_examples
[0.923s] Invoked command in '/home/jlukas/Desktop/My_Project/arduinobot_ws/build/arduinobot_cpp_examples' returned '0': CMAKE_PREFIX_PATH=/opt/ros/humble /usr/bin/cmake /home/jlukas/Desktop/My_Project/arduinobot_ws/src/arduinobot_cpp_examples -DCMAKE_INSTALL_PREFIX=/home/jlukas/Desktop/My_Project/arduinobot_ws/install/arduinobot_cpp_examples
[0.928s] Invoking command in '/home/jlukas/Desktop/My_Project/arduinobot_ws/build/arduinobot_cpp_examples': CMAKE_PREFIX_PATH=/opt/ros/humble /usr/bin/cmake --build /home/jlukas/Desktop/My_Project/arduinobot_ws/build/arduinobot_cpp_examples -- -j4 -l4
[0.994s] Invoked command in '/home/jlukas/Desktop/My_Project/arduinobot_ws/build/arduinobot_cpp_examples' returned '0': CMAKE_PREFIX_PATH=/opt/ros/humble /usr/bin/cmake --build /home/jlukas/Desktop/My_Project/arduinobot_ws/build/arduinobot_cpp_examples -- -j4 -l4
[1.066s] Invoking command in '/home/jlukas/Desktop/My_Project/arduinobot_ws/build/arduinobot_cpp_examples': CMAKE_PREFIX_PATH=/opt/ros/humble /usr/bin/cmake --install /home/jlukas/Desktop/My_Project/arduinobot_ws/build/arduinobot_cpp_examples
[1.080s] -- Install configuration: ""
[1.081s] -- Installing: /home/jlukas/Desktop/My_Project/arduinobot_ws/install/arduinobot_cpp_examples/share/ament_index/resource_index/package_run_dependencies/arduinobot_cpp_examples
[1.081s] -- Installing: /home/jlukas/Desktop/My_Project/arduinobot_ws/install/arduinobot_cpp_examples/share/ament_index/resource_index/parent_prefix_path/arduinobot_cpp_examples
[1.081s] -- Installing: /home/jlukas/Desktop/My_Project/arduinobot_ws/install/arduinobot_cpp_examples/share/arduinobot_cpp_examples/environment/ament_prefix_path.sh
[1.082s] -- Installing: /home/jlukas/Desktop/My_Project/arduinobot_ws/install/arduinobot_cpp_examples/share/arduinobot_cpp_examples/environment/ament_prefix_path.dsv
[1.082s] -- Installing: /home/jlukas/Desktop/My_Project/arduinobot_ws/install/arduinobot_cpp_examples/share/arduinobot_cpp_examples/environment/path.sh
[1.082s] -- Installing: /home/jlukas/Desktop/My_Project/arduinobot_ws/install/arduinobot_cpp_examples/share/arduinobot_cpp_examples/environment/path.dsv
[1.082s] -- Installing: /home/jlukas/Desktop/My_Project/arduinobot_ws/install/arduinobot_cpp_examples/share/arduinobot_cpp_examples/local_setup.bash
[1.082s] -- Installing: /home/jlukas/Desktop/My_Project/arduinobot_ws/install/arduinobot_cpp_examples/share/arduinobot_cpp_examples/local_setup.sh
[1.082s] -- Installing: /home/jlukas/Desktop/My_Project/arduinobot_ws/install/arduinobot_cpp_examples/share/arduinobot_cpp_examples/local_setup.zsh
[1.083s] -- Installing: /home/jlukas/Desktop/My_Project/arduinobot_ws/install/arduinobot_cpp_examples/share/arduinobot_cpp_examples/local_setup.dsv
[1.083s] -- Installing: /home/jlukas/Desktop/My_Project/arduinobot_ws/install/arduinobot_cpp_examples/share/arduinobot_cpp_examples/package.dsv
[1.084s] -- Installing: /home/jlukas/Desktop/My_Project/arduinobot_ws/install/arduinobot_cpp_examples/share/ament_index/resource_index/packages/arduinobot_cpp_examples
[1.084s] -- Installing: /home/jlukas/Desktop/My_Project/arduinobot_ws/install/arduinobot_cpp_examples/share/arduinobot_cpp_examples/cmake/arduinobot_cpp_examplesConfig.cmake
[1.084s] -- Installing: /home/jlukas/Desktop/My_Project/arduinobot_ws/install/arduinobot_cpp_examples/share/arduinobot_cpp_examples/cmake/arduinobot_cpp_examplesConfig-version.cmake
[1.084s] -- Installing: /home/jlukas/Desktop/My_Project/arduinobot_ws/install/arduinobot_cpp_examples/share/arduinobot_cpp_examples/package.xml
[1.089s] Invoked command in '/home/jlukas/Desktop/My_Project/arduinobot_ws/build/arduinobot_cpp_examples' returned '0': CMAKE_PREFIX_PATH=/opt/ros/humble /usr/bin/cmake --install /home/jlukas/Desktop/My_Project/arduinobot_ws/build/arduinobot_cpp_examples
