[0.458s] Invoking command in '/home/jlukas/My_Project/ROS2/ros2_differential_drive_robot/build/ros2_differential_drive_robot': PYTHONPATH=/home/jlukas/My_Project/ROS2/ros2_differential_drive_robot/build/ros2_differential_drive_robot/prefix_override:/home/jlukas/My_Project/ROS2/ros2_differential_drive_robot/install/ros2_differential_drive_robot/lib/python3.10/site-packages:${PYTHONPATH} /usr/bin/python3 setup.py develop --editable --build-directory /home/jlukas/My_Project/ROS2/ros2_differential_drive_robot/build/ros2_differential_drive_robot/build --no-deps install_data
[0.596s] running develop
[0.598s] /usr/lib/python3/dist-packages/setuptools/command/easy_install.py:158: EasyInstallDeprecationWarning: easy_install command is deprecated. Use build and pip and other standards-based tools.
[0.598s]   warnings.warn(
[0.599s] /usr/lib/python3/dist-packages/setuptools/command/install.py:34: SetuptoolsDeprecationWarning: setup.py install is deprecated. Use build and pip and other standards-based tools.
[0.599s]   warnings.warn(
[0.671s] running egg_info
[0.671s] writing ros2_differential_drive_robot.egg-info/PKG-INFO
[0.671s] writing dependency_links to ros2_differential_drive_robot.egg-info/dependency_links.txt
[0.672s] writing entry points to ros2_differential_drive_robot.egg-info/entry_points.txt
[0.672s] writing requirements to ros2_differential_drive_robot.egg-info/requires.txt
[0.672s] writing top-level names to ros2_differential_drive_robot.egg-info/top_level.txt
[0.673s] reading manifest file 'ros2_differential_drive_robot.egg-info/SOURCES.txt'
[0.674s] writing manifest file 'ros2_differential_drive_robot.egg-info/SOURCES.txt'
[0.675s] running build_ext
[0.675s] Creating /home/jlukas/My_Project/ROS2/ros2_differential_drive_robot/install/ros2_differential_drive_robot/lib/python3.10/site-packages/ros2-differential-drive-robot.egg-link (link to .)
[0.675s] Installing lidar_dynamic_obstacle script to /home/jlukas/My_Project/ROS2/ros2_differential_drive_robot/install/ros2_differential_drive_robot/lib/ros2_differential_drive_robot
[0.675s] Installing lidar_obstacle script to /home/jlukas/My_Project/ROS2/ros2_differential_drive_robot/install/ros2_differential_drive_robot/lib/ros2_differential_drive_robot
[0.675s] Installing lidar_obstacle_steer script to /home/jlukas/My_Project/ROS2/ros2_differential_drive_robot/install/ros2_differential_drive_robot/lib/ros2_differential_drive_robot
[0.676s] 
[0.676s] Installed /home/jlukas/My_Project/ROS2/ros2_differential_drive_robot/build/ros2_differential_drive_robot
[0.676s] running install_data
[0.676s] copying description/lidar.xacro -> /home/jlukas/My_Project/ROS2/ros2_differential_drive_robot/install/ros2_differential_drive_robot/share/ros2_differential_drive_robot/description
[0.695s] Invoked command in '/home/jlukas/My_Project/ROS2/ros2_differential_drive_robot/build/ros2_differential_drive_robot' returned '0': PYTHONPATH=/home/jlukas/My_Project/ROS2/ros2_differential_drive_robot/build/ros2_differential_drive_robot/prefix_override:/home/jlukas/My_Project/ROS2/ros2_differential_drive_robot/install/ros2_differential_drive_robot/lib/python3.10/site-packages:${PYTHONPATH} /usr/bin/python3 setup.py develop --editable --build-directory /home/jlukas/My_Project/ROS2/ros2_differential_drive_robot/build/ros2_differential_drive_robot/build --no-deps install_data
